[0.069s] Invoking command in '/home/seok/automotive_software_final/build/simulator': AMENT_PREFIX_PATH=/home/seok/automotive_software_final/install/ad_msgs:${AMENT_PREFIX_PATH} CMAKE_PREFIX_PATH=/home/seok/automotive_software_final/install/ad_msgs:/opt/ros/humble LD_LIBRARY_PATH=/home/seok/automotive_software_final/install/ad_msgs/lib:${LD_LIBRARY_PATH} PYTHONPATH=/home/seok/automotive_software_final/install/ad_msgs/local/lib/python3.10/dist-packages:${PYTHONPATH} /usr/bin/cmake --build /home/seok/automotive_software_final/build/simulator -- -j8 -l8
[0.101s] -- Found ament_cmake: 1.3.10 (/opt/ros/humble/share/ament_cmake/cmake)
[0.266s] -- Found rclcpp: 16.0.10 (/opt/ros/humble/share/rclcpp/cmake)
[0.398s] -- Found rosidl_generator_c: 3.1.5 (/opt/ros/humble/share/rosidl_generator_c/cmake)
[0.404s] -- Found rosidl_adapter: 3.1.5 (/opt/ros/humble/share/rosidl_adapter/cmake)
[0.412s] -- Found rosidl_generator_cpp: 3.1.5 (/opt/ros/humble/share/rosidl_generator_cpp/cmake)
[0.427s] -- Using all available rosidl_typesupport_c: rosidl_typesupport_fastrtps_c;rosidl_typesupport_introspection_c
[0.447s] -- Using all available rosidl_typesupport_cpp: rosidl_typesupport_fastrtps_cpp;rosidl_typesupport_introspection_cpp
[0.511s] -- Found rmw_implementation_cmake: 6.1.2 (/opt/ros/humble/share/rmw_implementation_cmake/cmake)
[0.515s] -- Found rmw_fastrtps_cpp: 6.2.7 (/opt/ros/humble/share/rmw_fastrtps_cpp/cmake)
[2.675s] -- Using RMW implementation 'rmw_fastrtps_cpp' as default
[2.749s] -- Found visualization_msgs: 4.2.4 (/opt/ros/humble/share/visualization_msgs/cmake)
[2.801s] -- Found ad_msgs: 0.0.0 (/home/seok/automotive_software_final/install/ad_msgs/share/ad_msgs/cmake)
[2.844s] -- Found tf2: 0.25.8 (/opt/ros/humble/share/tf2/cmake)
[2.852s] -- Found tf2_ros: 0.25.8 (/opt/ros/humble/share/tf2_ros/cmake)
[3.086s] -- Configuring done
[3.122s] -- Generating done
[3.125s] -- Build files have been written to: /home/seok/automotive_software_final/build/simulator
[3.160s] [35m[1mConsolidate compiler generated dependencies of target display[0m
[3.160s] [35m[1mConsolidate compiler generated dependencies of target vehicle[0m
[3.165s] [35m[1mConsolidate compiler generated dependencies of target lane_detection[0m
[3.205s] [ 14%] [32mBuilding CXX object CMakeFiles/vehicle.dir/src/vehicle/vehicle_simulator_node.cpp.o[0m
[3.207s] [ 28%] [32mBuilding CXX object CMakeFiles/display.dir/src/display/display_node.cpp.o[0m
[3.218s] [ 42%] [32mBuilding CXX object CMakeFiles/lane_detection.dir/home/seok/automotive_software_final/src/bsw/system/interface/interface_lane.cpp.o[0m
[3.227s] [ 57%] [32mBuilding CXX object CMakeFiles/lane_detection.dir/src/lane_detection/lane_detection_node.cpp.o[0m
[5.147s] [01m[K/home/seok/automotive_software_final/src/bsw/system/interface/interface_lane.cpp:[m[K In member function ‘[01m[Kbool SLanes::ImportLaneCsvFile(std::string)[m[K’:
[5.147s] [01m[K/home/seok/automotive_software_final/src/bsw/system/interface/interface_lane.cpp:26:9:[m[K [01;35m[Kwarning: [m[Kunused variable ‘[01m[KnLaneID[m[K’ [[01;35m[K]8;;https://gcc.gnu.org/onlinedocs/gcc/Warning-Options.html#index-Wunused-variable-Wunused-variable]8;;[m[K]
[5.147s]    26 |     int [01;35m[KnLaneID[m[K = 0;
[5.148s]       |         [01;35m[K^~~~~~~[m[K
