[0.230s] DEBUG:colcon:Command line arguments: ['/usr/bin/colcon', 'build']
[0.230s] DEBUG:colcon:Parsed command line arguments: Namespace(log_base=None, log_level=None, verb_name='build', build_base='build', install_base='install', merge_install=False, symlink_install=False, test_result_base=None, continue_on_error=False, executor='parallel', parallel_workers=8, event_handlers=None, ignore_user_meta=False, metas=['./colcon.meta'], base_paths=['.'], packages_ignore=None, packages_ignore_regex=None, paths=None, packages_up_to=None, packages_up_to_regex=None, packages_above=None, packages_above_and_dependencies=None, packages_above_depth=None, packages_select_by_dep=None, packages_skip_by_dep=None, packages_skip_up_to=None, packages_select_build_failed=False, packages_skip_build_finished=False, packages_select_test_failures=False, packages_skip_test_passed=False, packages_select=None, packages_skip=None, packages_select_regex=None, packages_skip_regex=None, packages_start=None, packages_end=None, allow_overriding=[], cmake_args=None, cmake_target=None, cmake_target_skip_unavailable=False, cmake_clean_cache=False, cmake_clean_first=False, cmake_force_configure=False, ament_cmake_args=None, catkin_cmake_args=None, catkin_skip_building_tests=False, verb_parser=<colcon_defaults.argument_parser.defaults.DefaultArgumentsDecorator object at 0x7f313717fcd0>, verb_extension=<colcon_core.verb.build.BuildVerb object at 0x7f31374d7250>, main=<bound method BuildVerb.main of <colcon_core.verb.build.BuildVerb object at 0x7f31374d7250>>)
[0.409s] Level 1:colcon.colcon_core.package_discovery:discover_packages(colcon_meta) check parameters
[0.409s] Level 1:colcon.colcon_core.package_discovery:discover_packages(recursive) check parameters
[0.409s] Level 1:colcon.colcon_core.package_discovery:discover_packages(ignore) check parameters
[0.409s] Level 1:colcon.colcon_core.package_discovery:discover_packages(path) check parameters
[0.409s] Level 1:colcon.colcon_core.package_discovery:discover_packages(colcon_meta) discover
[0.409s] Level 1:colcon.colcon_core.package_discovery:discover_packages(recursive) discover
[0.409s] INFO:colcon.colcon_core.package_discovery:Crawling recursively for packages in '/home/jeongwoo/Automotive_software_final'
[0.409s] Level 1:colcon.colcon_core.package_identification:_identify(.) by extensions ['ignore', 'ignore_ament_install']
[0.409s] Level 1:colcon.colcon_core.package_identification:_identify(.) by extension 'ignore'
[0.410s] Level 1:colcon.colcon_core.package_identification:_identify(.) by extension 'ignore_ament_install'
[0.410s] Level 1:colcon.colcon_core.package_identification:_identify(.) by extensions ['colcon_pkg']
[0.410s] Level 1:colcon.colcon_core.package_identification:_identify(.) by extension 'colcon_pkg'
[0.410s] Level 1:colcon.colcon_core.package_identification:_identify(.) by extensions ['colcon_meta']
[0.410s] Level 1:colcon.colcon_core.package_identification:_identify(.) by extension 'colcon_meta'
[0.410s] Level 1:colcon.colcon_core.package_identification:_identify(.) by extensions ['ros']
[0.410s] Level 1:colcon.colcon_core.package_identification:_identify(.) by extension 'ros'
[0.423s] Level 1:colcon.colcon_core.package_identification:_identify(.) by extensions ['cmake', 'python']
[0.423s] Level 1:colcon.colcon_core.package_identification:_identify(.) by extension 'cmake'
[0.423s] Level 1:colcon.colcon_core.package_identification:_identify(.) by extension 'python'
[0.423s] Level 1:colcon.colcon_core.package_identification:_identify(.) by extensions ['python_setup_py']
[0.423s] Level 1:colcon.colcon_core.package_identification:_identify(.) by extension 'python_setup_py'
[0.424s] Level 1:colcon.colcon_core.package_identification:_identify(build) by extensions ['ignore', 'ignore_ament_install']
[0.424s] Level 1:colcon.colcon_core.package_identification:_identify(build) by extension 'ignore'
[0.424s] Level 1:colcon.colcon_core.package_identification:_identify(build) ignored
[0.424s] Level 1:colcon.colcon_core.package_identification:_identify(install) by extensions ['ignore', 'ignore_ament_install']
[0.424s] Level 1:colcon.colcon_core.package_identification:_identify(install) by extension 'ignore'
[0.424s] Level 1:colcon.colcon_core.package_identification:_identify(install) ignored
[0.424s] Level 1:colcon.colcon_core.package_identification:_identify(log) by extensions ['ignore', 'ignore_ament_install']
[0.425s] Level 1:colcon.colcon_core.package_identification:_identify(log) by extension 'ignore'
[0.425s] Level 1:colcon.colcon_core.package_identification:_identify(log) ignored
[0.425s] Level 1:colcon.colcon_core.package_identification:_identify(resources) by extensions ['ignore', 'ignore_ament_install']
[0.425s] Level 1:colcon.colcon_core.package_identification:_identify(resources) by extension 'ignore'
[0.425s] Level 1:colcon.colcon_core.package_identification:_identify(resources) by extension 'ignore_ament_install'
[0.425s] Level 1:colcon.colcon_core.package_identification:_identify(resources) by extensions ['colcon_pkg']
[0.425s] Level 1:colcon.colcon_core.package_identification:_identify(resources) by extension 'colcon_pkg'
[0.425s] Level 1:colcon.colcon_core.package_identification:_identify(resources) by extensions ['colcon_meta']
[0.425s] Level 1:colcon.colcon_core.package_identification:_identify(resources) by extension 'colcon_meta'
[0.425s] Level 1:colcon.colcon_core.package_identification:_identify(resources) by extensions ['ros']
[0.425s] Level 1:colcon.colcon_core.package_identification:_identify(resources) by extension 'ros'
[0.425s] Level 1:colcon.colcon_core.package_identification:_identify(resources) by extensions ['cmake', 'python']
[0.425s] Level 1:colcon.colcon_core.package_identification:_identify(resources) by extension 'cmake'
[0.426s] Level 1:colcon.colcon_core.package_identification:_identify(resources) by extension 'python'
[0.426s] Level 1:colcon.colcon_core.package_identification:_identify(resources) by extensions ['python_setup_py']
[0.426s] Level 1:colcon.colcon_core.package_identification:_identify(resources) by extension 'python_setup_py'
[0.426s] Level 1:colcon.colcon_core.package_identification:_identify(resources/csv) by extensions ['ignore', 'ignore_ament_install']
[0.426s] Level 1:colcon.colcon_core.package_identification:_identify(resources/csv) by extension 'ignore'
[0.426s] Level 1:colcon.colcon_core.package_identification:_identify(resources/csv) by extension 'ignore_ament_install'
[0.426s] Level 1:colcon.colcon_core.package_identification:_identify(resources/csv) by extensions ['colcon_pkg']
[0.426s] Level 1:colcon.colcon_core.package_identification:_identify(resources/csv) by extension 'colcon_pkg'
[0.426s] Level 1:colcon.colcon_core.package_identification:_identify(resources/csv) by extensions ['colcon_meta']
[0.426s] Level 1:colcon.colcon_core.package_identification:_identify(resources/csv) by extension 'colcon_meta'
[0.426s] Level 1:colcon.colcon_core.package_identification:_identify(resources/csv) by extensions ['ros']
[0.426s] Level 1:colcon.colcon_core.package_identification:_identify(resources/csv) by extension 'ros'
[0.426s] Level 1:colcon.colcon_core.package_identification:_identify(resources/csv) by extensions ['cmake', 'python']
[0.426s] Level 1:colcon.colcon_core.package_identification:_identify(resources/csv) by extension 'cmake'
[0.427s] Level 1:colcon.colcon_core.package_identification:_identify(resources/csv) by extension 'python'
[0.427s] Level 1:colcon.colcon_core.package_identification:_identify(resources/csv) by extensions ['python_setup_py']
[0.427s] Level 1:colcon.colcon_core.package_identification:_identify(resources/csv) by extension 'python_setup_py'
[0.427s] Level 1:colcon.colcon_core.package_identification:_identify(resources/csv/evaluation_lane) by extensions ['ignore', 'ignore_ament_install']
[0.427s] Level 1:colcon.colcon_core.package_identification:_identify(resources/csv/evaluation_lane) by extension 'ignore'
[0.427s] Level 1:colcon.colcon_core.package_identification:_identify(resources/csv/evaluation_lane) by extension 'ignore_ament_install'
[0.427s] Level 1:colcon.colcon_core.package_identification:_identify(resources/csv/evaluation_lane) by extensions ['colcon_pkg']
[0.427s] Level 1:colcon.colcon_core.package_identification:_identify(resources/csv/evaluation_lane) by extension 'colcon_pkg'
[0.427s] Level 1:colcon.colcon_core.package_identification:_identify(resources/csv/evaluation_lane) by extensions ['colcon_meta']
[0.427s] Level 1:colcon.colcon_core.package_identification:_identify(resources/csv/evaluation_lane) by extension 'colcon_meta'
[0.427s] Level 1:colcon.colcon_core.package_identification:_identify(resources/csv/evaluation_lane) by extensions ['ros']
[0.427s] Level 1:colcon.colcon_core.package_identification:_identify(resources/csv/evaluation_lane) by extension 'ros'
[0.427s] Level 1:colcon.colcon_core.package_identification:_identify(resources/csv/evaluation_lane) by extensions ['cmake', 'python']
[0.428s] Level 1:colcon.colcon_core.package_identification:_identify(resources/csv/evaluation_lane) by extension 'cmake'
[0.428s] Level 1:colcon.colcon_core.package_identification:_identify(resources/csv/evaluation_lane) by extension 'python'
[0.428s] Level 1:colcon.colcon_core.package_identification:_identify(resources/csv/evaluation_lane) by extensions ['python_setup_py']
[0.428s] Level 1:colcon.colcon_core.package_identification:_identify(resources/csv/evaluation_lane) by extension 'python_setup_py'
[0.428s] Level 1:colcon.colcon_core.package_identification:_identify(resources/csv/simulation_lane) by extensions ['ignore', 'ignore_ament_install']
[0.428s] Level 1:colcon.colcon_core.package_identification:_identify(resources/csv/simulation_lane) by extension 'ignore'
[0.428s] Level 1:colcon.colcon_core.package_identification:_identify(resources/csv/simulation_lane) by extension 'ignore_ament_install'
[0.428s] Level 1:colcon.colcon_core.package_identification:_identify(resources/csv/simulation_lane) by extensions ['colcon_pkg']
[0.428s] Level 1:colcon.colcon_core.package_identification:_identify(resources/csv/simulation_lane) by extension 'colcon_pkg'
[0.428s] Level 1:colcon.colcon_core.package_identification:_identify(resources/csv/simulation_lane) by extensions ['colcon_meta']
[0.428s] Level 1:colcon.colcon_core.package_identification:_identify(resources/csv/simulation_lane) by extension 'colcon_meta'
[0.429s] Level 1:colcon.colcon_core.package_identification:_identify(resources/csv/simulation_lane) by extensions ['ros']
[0.429s] Level 1:colcon.colcon_core.package_identification:_identify(resources/csv/simulation_lane) by extension 'ros'
[0.429s] Level 1:colcon.colcon_core.package_identification:_identify(resources/csv/simulation_lane) by extensions ['cmake', 'python']
[0.429s] Level 1:colcon.colcon_core.package_identification:_identify(resources/csv/simulation_lane) by extension 'cmake'
[0.429s] Level 1:colcon.colcon_core.package_identification:_identify(resources/csv/simulation_lane) by extension 'python'
[0.429s] Level 1:colcon.colcon_core.package_identification:_identify(resources/csv/simulation_lane) by extensions ['python_setup_py']
[0.429s] Level 1:colcon.colcon_core.package_identification:_identify(resources/csv/simulation_lane) by extension 'python_setup_py'
[0.429s] Level 1:colcon.colcon_core.package_identification:_identify(resources/meshes) by extensions ['ignore', 'ignore_ament_install']
[0.429s] Level 1:colcon.colcon_core.package_identification:_identify(resources/meshes) by extension 'ignore'
[0.429s] Level 1:colcon.colcon_core.package_identification:_identify(resources/meshes) by extension 'ignore_ament_install'
[0.429s] Level 1:colcon.colcon_core.package_identification:_identify(resources/meshes) by extensions ['colcon_pkg']
[0.429s] Level 1:colcon.colcon_core.package_identification:_identify(resources/meshes) by extension 'colcon_pkg'
[0.429s] Level 1:colcon.colcon_core.package_identification:_identify(resources/meshes) by extensions ['colcon_meta']
[0.429s] Level 1:colcon.colcon_core.package_identification:_identify(resources/meshes) by extension 'colcon_meta'
[0.429s] Level 1:colcon.colcon_core.package_identification:_identify(resources/meshes) by extensions ['ros']
[0.430s] Level 1:colcon.colcon_core.package_identification:_identify(resources/meshes) by extension 'ros'
[0.430s] Level 1:colcon.colcon_core.package_identification:_identify(resources/meshes) by extensions ['cmake', 'python']
[0.430s] Level 1:colcon.colcon_core.package_identification:_identify(resources/meshes) by extension 'cmake'
[0.430s] Level 1:colcon.colcon_core.package_identification:_identify(resources/meshes) by extension 'python'
[0.430s] Level 1:colcon.colcon_core.package_identification:_identify(resources/meshes) by extensions ['python_setup_py']
[0.430s] Level 1:colcon.colcon_core.package_identification:_identify(resources/meshes) by extension 'python_setup_py'
[0.430s] Level 1:colcon.colcon_core.package_identification:_identify(resources/rviz) by extensions ['ignore', 'ignore_ament_install']
[0.430s] Level 1:colcon.colcon_core.package_identification:_identify(resources/rviz) by extension 'ignore'
[0.430s] Level 1:colcon.colcon_core.package_identification:_identify(resources/rviz) by extension 'ignore_ament_install'
[0.430s] Level 1:colcon.colcon_core.package_identification:_identify(resources/rviz) by extensions ['colcon_pkg']
[0.430s] Level 1:colcon.colcon_core.package_identification:_identify(resources/rviz) by extension 'colcon_pkg'
[0.430s] Level 1:colcon.colcon_core.package_identification:_identify(resources/rviz) by extensions ['colcon_meta']
[0.430s] Level 1:colcon.colcon_core.package_identification:_identify(resources/rviz) by extension 'colcon_meta'
[0.430s] Level 1:colcon.colcon_core.package_identification:_identify(resources/rviz) by extensions ['ros']
[0.431s] Level 1:colcon.colcon_core.package_identification:_identify(resources/rviz) by extension 'ros'
[0.431s] Level 1:colcon.colcon_core.package_identification:_identify(resources/rviz) by extensions ['cmake', 'python']
[0.431s] Level 1:colcon.colcon_core.package_identification:_identify(resources/rviz) by extension 'cmake'
[0.431s] Level 1:colcon.colcon_core.package_identification:_identify(resources/rviz) by extension 'python'
[0.431s] Level 1:colcon.colcon_core.package_identification:_identify(resources/rviz) by extensions ['python_setup_py']
[0.431s] Level 1:colcon.colcon_core.package_identification:_identify(resources/rviz) by extension 'python_setup_py'
[0.431s] Level 1:colcon.colcon_core.package_identification:_identify(src) by extensions ['ignore', 'ignore_ament_install']
[0.431s] Level 1:colcon.colcon_core.package_identification:_identify(src) by extension 'ignore'
[0.431s] Level 1:colcon.colcon_core.package_identification:_identify(src) by extension 'ignore_ament_install'
[0.431s] Level 1:colcon.colcon_core.package_identification:_identify(src) by extensions ['colcon_pkg']
[0.431s] Level 1:colcon.colcon_core.package_identification:_identify(src) by extension 'colcon_pkg'
[0.431s] Level 1:colcon.colcon_core.package_identification:_identify(src) by extensions ['colcon_meta']
[0.431s] Level 1:colcon.colcon_core.package_identification:_identify(src) by extension 'colcon_meta'
[0.431s] Level 1:colcon.colcon_core.package_identification:_identify(src) by extensions ['ros']
[0.431s] Level 1:colcon.colcon_core.package_identification:_identify(src) by extension 'ros'
[0.432s] Level 1:colcon.colcon_core.package_identification:_identify(src) by extensions ['cmake', 'python']
[0.432s] Level 1:colcon.colcon_core.package_identification:_identify(src) by extension 'cmake'
[0.432s] Level 1:colcon.colcon_core.package_identification:_identify(src) by extension 'python'
[0.432s] Level 1:colcon.colcon_core.package_identification:_identify(src) by extensions ['python_setup_py']
[0.432s] Level 1:colcon.colcon_core.package_identification:_identify(src) by extension 'python_setup_py'
[0.432s] Level 1:colcon.colcon_core.package_identification:_identify(src/app) by extensions ['ignore', 'ignore_ament_install']
[0.432s] Level 1:colcon.colcon_core.package_identification:_identify(src/app) by extension 'ignore'
[0.432s] Level 1:colcon.colcon_core.package_identification:_identify(src/app) by extension 'ignore_ament_install'
[0.432s] Level 1:colcon.colcon_core.package_identification:_identify(src/app) by extensions ['colcon_pkg']
[0.432s] Level 1:colcon.colcon_core.package_identification:_identify(src/app) by extension 'colcon_pkg'
[0.432s] Level 1:colcon.colcon_core.package_identification:_identify(src/app) by extensions ['colcon_meta']
[0.432s] Level 1:colcon.colcon_core.package_identification:_identify(src/app) by extension 'colcon_meta'
[0.432s] Level 1:colcon.colcon_core.package_identification:_identify(src/app) by extensions ['ros']
[0.432s] Level 1:colcon.colcon_core.package_identification:_identify(src/app) by extension 'ros'
[0.432s] Level 1:colcon.colcon_core.package_identification:_identify(src/app) by extensions ['cmake', 'python']
[0.433s] Level 1:colcon.colcon_core.package_identification:_identify(src/app) by extension 'cmake'
[0.433s] Level 1:colcon.colcon_core.package_identification:_identify(src/app) by extension 'python'
[0.433s] Level 1:colcon.colcon_core.package_identification:_identify(src/app) by extensions ['python_setup_py']
[0.433s] Level 1:colcon.colcon_core.package_identification:_identify(src/app) by extension 'python_setup_py'
[0.433s] Level 1:colcon.colcon_core.package_identification:_identify(src/app/autonomous_driving) by extensions ['ignore', 'ignore_ament_install']
[0.433s] Level 1:colcon.colcon_core.package_identification:_identify(src/app/autonomous_driving) by extension 'ignore'
[0.433s] Level 1:colcon.colcon_core.package_identification:_identify(src/app/autonomous_driving) by extension 'ignore_ament_install'
[0.433s] Level 1:colcon.colcon_core.package_identification:_identify(src/app/autonomous_driving) by extensions ['colcon_pkg']
[0.433s] Level 1:colcon.colcon_core.package_identification:_identify(src/app/autonomous_driving) by extension 'colcon_pkg'
[0.433s] Level 1:colcon.colcon_core.package_identification:_identify(src/app/autonomous_driving) by extensions ['colcon_meta']
[0.433s] Level 1:colcon.colcon_core.package_identification:_identify(src/app/autonomous_driving) by extension 'colcon_meta'
[0.434s] Level 1:colcon.colcon_core.package_identification:_identify(src/app/autonomous_driving) by extensions ['ros']
[0.434s] Level 1:colcon.colcon_core.package_identification:_identify(src/app/autonomous_driving) by extension 'ros'
[0.437s] DEBUG:colcon.colcon_core.package_identification:Package 'src/app/autonomous_driving' with type 'ros.ament_cmake' and name 'autonomous_driving'
[0.438s] Level 1:colcon.colcon_core.package_identification:_identify(src/app/evaluation) by extensions ['ignore', 'ignore_ament_install']
[0.438s] Level 1:colcon.colcon_core.package_identification:_identify(src/app/evaluation) by extension 'ignore'
[0.438s] Level 1:colcon.colcon_core.package_identification:_identify(src/app/evaluation) by extension 'ignore_ament_install'
[0.438s] Level 1:colcon.colcon_core.package_identification:_identify(src/app/evaluation) by extensions ['colcon_pkg']
[0.438s] Level 1:colcon.colcon_core.package_identification:_identify(src/app/evaluation) by extension 'colcon_pkg'
[0.438s] Level 1:colcon.colcon_core.package_identification:_identify(src/app/evaluation) by extensions ['colcon_meta']
[0.439s] Level 1:colcon.colcon_core.package_identification:_identify(src/app/evaluation) by extension 'colcon_meta'
[0.439s] Level 1:colcon.colcon_core.package_identification:_identify(src/app/evaluation) by extensions ['ros']
[0.439s] Level 1:colcon.colcon_core.package_identification:_identify(src/app/evaluation) by extension 'ros'
[0.439s] DEBUG:colcon.colcon_core.package_identification:Package 'src/app/evaluation' with type 'ros.ament_cmake' and name 'evaluation'
[0.440s] Level 1:colcon.colcon_core.package_identification:_identify(src/app/mission_manager) by extensions ['ignore', 'ignore_ament_install']
[0.440s] Level 1:colcon.colcon_core.package_identification:_identify(src/app/mission_manager) by extension 'ignore'
[0.440s] Level 1:colcon.colcon_core.package_identification:_identify(src/app/mission_manager) by extension 'ignore_ament_install'
[0.440s] Level 1:colcon.colcon_core.package_identification:_identify(src/app/mission_manager) by extensions ['colcon_pkg']
[0.440s] Level 1:colcon.colcon_core.package_identification:_identify(src/app/mission_manager) by extension 'colcon_pkg'
[0.440s] Level 1:colcon.colcon_core.package_identification:_identify(src/app/mission_manager) by extensions ['colcon_meta']
[0.440s] Level 1:colcon.colcon_core.package_identification:_identify(src/app/mission_manager) by extension 'colcon_meta'
[0.440s] Level 1:colcon.colcon_core.package_identification:_identify(src/app/mission_manager) by extensions ['ros']
[0.440s] Level 1:colcon.colcon_core.package_identification:_identify(src/app/mission_manager) by extension 'ros'
[0.441s] DEBUG:colcon.colcon_core.package_identification:Package 'src/app/mission_manager' with type 'ros.ament_cmake' and name 'mission_manager'
[0.441s] Level 1:colcon.colcon_core.package_identification:_identify(src/app/simulator) by extensions ['ignore', 'ignore_ament_install']
[0.441s] Level 1:colcon.colcon_core.package_identification:_identify(src/app/simulator) by extension 'ignore'
[0.441s] Level 1:colcon.colcon_core.package_identification:_identify(src/app/simulator) by extension 'ignore_ament_install'
[0.442s] Level 1:colcon.colcon_core.package_identification:_identify(src/app/simulator) by extensions ['colcon_pkg']
[0.442s] Level 1:colcon.colcon_core.package_identification:_identify(src/app/simulator) by extension 'colcon_pkg'
[0.442s] Level 1:colcon.colcon_core.package_identification:_identify(src/app/simulator) by extensions ['colcon_meta']
[0.442s] Level 1:colcon.colcon_core.package_identification:_identify(src/app/simulator) by extension 'colcon_meta'
[0.442s] Level 1:colcon.colcon_core.package_identification:_identify(src/app/simulator) by extensions ['ros']
[0.442s] Level 1:colcon.colcon_core.package_identification:_identify(src/app/simulator) by extension 'ros'
[0.442s] DEBUG:colcon.colcon_core.package_identification:Package 'src/app/simulator' with type 'ros.ament_cmake' and name 'simulator'
[0.443s] Level 1:colcon.colcon_core.package_identification:_identify(src/bsw) by extensions ['ignore', 'ignore_ament_install']
[0.443s] Level 1:colcon.colcon_core.package_identification:_identify(src/bsw) by extension 'ignore'
[0.443s] Level 1:colcon.colcon_core.package_identification:_identify(src/bsw) by extension 'ignore_ament_install'
[0.443s] Level 1:colcon.colcon_core.package_identification:_identify(src/bsw) by extensions ['colcon_pkg']
[0.443s] Level 1:colcon.colcon_core.package_identification:_identify(src/bsw) by extension 'colcon_pkg'
[0.443s] Level 1:colcon.colcon_core.package_identification:_identify(src/bsw) by extensions ['colcon_meta']
[0.443s] Level 1:colcon.colcon_core.package_identification:_identify(src/bsw) by extension 'colcon_meta'
[0.443s] Level 1:colcon.colcon_core.package_identification:_identify(src/bsw) by extensions ['ros']
[0.443s] Level 1:colcon.colcon_core.package_identification:_identify(src/bsw) by extension 'ros'
[0.443s] Level 1:colcon.colcon_core.package_identification:_identify(src/bsw) by extensions ['cmake', 'python']
[0.443s] Level 1:colcon.colcon_core.package_identification:_identify(src/bsw) by extension 'cmake'
[0.443s] Level 1:colcon.colcon_core.package_identification:_identify(src/bsw) by extension 'python'
[0.444s] Level 1:colcon.colcon_core.package_identification:_identify(src/bsw) by extensions ['python_setup_py']
[0.444s] Level 1:colcon.colcon_core.package_identification:_identify(src/bsw) by extension 'python_setup_py'
[0.444s] Level 1:colcon.colcon_core.package_identification:_identify(src/bsw/system) by extensions ['ignore', 'ignore_ament_install']
[0.444s] Level 1:colcon.colcon_core.package_identification:_identify(src/bsw/system) by extension 'ignore'
[0.444s] Level 1:colcon.colcon_core.package_identification:_identify(src/bsw/system) by extension 'ignore_ament_install'
[0.444s] Level 1:colcon.colcon_core.package_identification:_identify(src/bsw/system) by extensions ['colcon_pkg']
[0.444s] Level 1:colcon.colcon_core.package_identification:_identify(src/bsw/system) by extension 'colcon_pkg'
[0.444s] Level 1:colcon.colcon_core.package_identification:_identify(src/bsw/system) by extensions ['colcon_meta']
[0.444s] Level 1:colcon.colcon_core.package_identification:_identify(src/bsw/system) by extension 'colcon_meta'
[0.444s] Level 1:colcon.colcon_core.package_identification:_identify(src/bsw/system) by extensions ['ros']
[0.444s] Level 1:colcon.colcon_core.package_identification:_identify(src/bsw/system) by extension 'ros'
[0.444s] Level 1:colcon.colcon_core.package_identification:_identify(src/bsw/system) by extensions ['cmake', 'python']
[0.444s] Level 1:colcon.colcon_core.package_identification:_identify(src/bsw/system) by extension 'cmake'
[0.445s] Level 1:colcon.colcon_core.package_identification:_identify(src/bsw/system) by extension 'python'
[0.445s] Level 1:colcon.colcon_core.package_identification:_identify(src/bsw/system) by extensions ['python_setup_py']
[0.445s] Level 1:colcon.colcon_core.package_identification:_identify(src/bsw/system) by extension 'python_setup_py'
[0.445s] Level 1:colcon.colcon_core.package_identification:_identify(src/bsw/system/bridge) by extensions ['ignore', 'ignore_ament_install']
[0.445s] Level 1:colcon.colcon_core.package_identification:_identify(src/bsw/system/bridge) by extension 'ignore'
[0.445s] Level 1:colcon.colcon_core.package_identification:_identify(src/bsw/system/bridge) by extension 'ignore_ament_install'
[0.445s] Level 1:colcon.colcon_core.package_identification:_identify(src/bsw/system/bridge) by extensions ['colcon_pkg']
[0.445s] Level 1:colcon.colcon_core.package_identification:_identify(src/bsw/system/bridge) by extension 'colcon_pkg'
[0.445s] Level 1:colcon.colcon_core.package_identification:_identify(src/bsw/system/bridge) by extensions ['colcon_meta']
[0.445s] Level 1:colcon.colcon_core.package_identification:_identify(src/bsw/system/bridge) by extension 'colcon_meta'
[0.445s] Level 1:colcon.colcon_core.package_identification:_identify(src/bsw/system/bridge) by extensions ['ros']
[0.445s] Level 1:colcon.colcon_core.package_identification:_identify(src/bsw/system/bridge) by extension 'ros'
[0.445s] Level 1:colcon.colcon_core.package_identification:_identify(src/bsw/system/bridge) by extensions ['cmake', 'python']
[0.446s] Level 1:colcon.colcon_core.package_identification:_identify(src/bsw/system/bridge) by extension 'cmake'
[0.446s] Level 1:colcon.colcon_core.package_identification:_identify(src/bsw/system/bridge) by extension 'python'
[0.446s] Level 1:colcon.colcon_core.package_identification:_identify(src/bsw/system/bridge) by extensions ['python_setup_py']
[0.446s] Level 1:colcon.colcon_core.package_identification:_identify(src/bsw/system/bridge) by extension 'python_setup_py'
[0.446s] Level 1:colcon.colcon_core.package_identification:_identify(src/bsw/system/interface) by extensions ['ignore', 'ignore_ament_install']
[0.446s] Level 1:colcon.colcon_core.package_identification:_identify(src/bsw/system/interface) by extension 'ignore'
[0.446s] Level 1:colcon.colcon_core.package_identification:_identify(src/bsw/system/interface) by extension 'ignore_ament_install'
[0.446s] Level 1:colcon.colcon_core.package_identification:_identify(src/bsw/system/interface) by extensions ['colcon_pkg']
[0.446s] Level 1:colcon.colcon_core.package_identification:_identify(src/bsw/system/interface) by extension 'colcon_pkg'
[0.446s] Level 1:colcon.colcon_core.package_identification:_identify(src/bsw/system/interface) by extensions ['colcon_meta']
[0.446s] Level 1:colcon.colcon_core.package_identification:_identify(src/bsw/system/interface) by extension 'colcon_meta'
[0.446s] Level 1:colcon.colcon_core.package_identification:_identify(src/bsw/system/interface) by extensions ['ros']
[0.446s] Level 1:colcon.colcon_core.package_identification:_identify(src/bsw/system/interface) by extension 'ros'
[0.446s] Level 1:colcon.colcon_core.package_identification:_identify(src/bsw/system/interface) by extensions ['cmake', 'python']
[0.447s] Level 1:colcon.colcon_core.package_identification:_identify(src/bsw/system/interface) by extension 'cmake'
[0.447s] Level 1:colcon.colcon_core.package_identification:_identify(src/bsw/system/interface) by extension 'python'
[0.447s] Level 1:colcon.colcon_core.package_identification:_identify(src/bsw/system/interface) by extensions ['python_setup_py']
[0.447s] Level 1:colcon.colcon_core.package_identification:_identify(src/bsw/system/interface) by extension 'python_setup_py'
[0.447s] Level 1:colcon.colcon_core.package_identification:_identify(src/rte) by extensions ['ignore', 'ignore_ament_install']
[0.447s] Level 1:colcon.colcon_core.package_identification:_identify(src/rte) by extension 'ignore'
[0.447s] Level 1:colcon.colcon_core.package_identification:_identify(src/rte) by extension 'ignore_ament_install'
[0.447s] Level 1:colcon.colcon_core.package_identification:_identify(src/rte) by extensions ['colcon_pkg']
[0.447s] Level 1:colcon.colcon_core.package_identification:_identify(src/rte) by extension 'colcon_pkg'
[0.447s] Level 1:colcon.colcon_core.package_identification:_identify(src/rte) by extensions ['colcon_meta']
[0.447s] Level 1:colcon.colcon_core.package_identification:_identify(src/rte) by extension 'colcon_meta'
[0.447s] Level 1:colcon.colcon_core.package_identification:_identify(src/rte) by extensions ['ros']
[0.447s] Level 1:colcon.colcon_core.package_identification:_identify(src/rte) by extension 'ros'
[0.447s] Level 1:colcon.colcon_core.package_identification:_identify(src/rte) by extensions ['cmake', 'python']
[0.448s] Level 1:colcon.colcon_core.package_identification:_identify(src/rte) by extension 'cmake'
[0.448s] Level 1:colcon.colcon_core.package_identification:_identify(src/rte) by extension 'python'
[0.448s] Level 1:colcon.colcon_core.package_identification:_identify(src/rte) by extensions ['python_setup_py']
[0.448s] Level 1:colcon.colcon_core.package_identification:_identify(src/rte) by extension 'python_setup_py'
[0.448s] Level 1:colcon.colcon_core.package_identification:_identify(src/rte/msg) by extensions ['ignore', 'ignore_ament_install']
[0.448s] Level 1:colcon.colcon_core.package_identification:_identify(src/rte/msg) by extension 'ignore'
[0.448s] Level 1:colcon.colcon_core.package_identification:_identify(src/rte/msg) by extension 'ignore_ament_install'
[0.448s] Level 1:colcon.colcon_core.package_identification:_identify(src/rte/msg) by extensions ['colcon_pkg']
[0.448s] Level 1:colcon.colcon_core.package_identification:_identify(src/rte/msg) by extension 'colcon_pkg'
[0.448s] Level 1:colcon.colcon_core.package_identification:_identify(src/rte/msg) by extensions ['colcon_meta']
[0.448s] Level 1:colcon.colcon_core.package_identification:_identify(src/rte/msg) by extension 'colcon_meta'
[0.448s] Level 1:colcon.colcon_core.package_identification:_identify(src/rte/msg) by extensions ['ros']
[0.449s] Level 1:colcon.colcon_core.package_identification:_identify(src/rte/msg) by extension 'ros'
[0.449s] Level 1:colcon.colcon_core.package_identification:_identify(src/rte/msg) by extensions ['cmake', 'python']
[0.449s] Level 1:colcon.colcon_core.package_identification:_identify(src/rte/msg) by extension 'cmake'
[0.449s] Level 1:colcon.colcon_core.package_identification:_identify(src/rte/msg) by extension 'python'
[0.449s] Level 1:colcon.colcon_core.package_identification:_identify(src/rte/msg) by extensions ['python_setup_py']
[0.449s] Level 1:colcon.colcon_core.package_identification:_identify(src/rte/msg) by extension 'python_setup_py'
[0.449s] Level 1:colcon.colcon_core.package_identification:_identify(src/rte/msg/ad_msgs) by extensions ['ignore', 'ignore_ament_install']
[0.449s] Level 1:colcon.colcon_core.package_identification:_identify(src/rte/msg/ad_msgs) by extension 'ignore'
[0.449s] Level 1:colcon.colcon_core.package_identification:_identify(src/rte/msg/ad_msgs) by extension 'ignore_ament_install'
[0.449s] Level 1:colcon.colcon_core.package_identification:_identify(src/rte/msg/ad_msgs) by extensions ['colcon_pkg']
[0.449s] Level 1:colcon.colcon_core.package_identification:_identify(src/rte/msg/ad_msgs) by extension 'colcon_pkg'
[0.450s] Level 1:colcon.colcon_core.package_identification:_identify(src/rte/msg/ad_msgs) by extensions ['colcon_meta']
[0.450s] Level 1:colcon.colcon_core.package_identification:_identify(src/rte/msg/ad_msgs) by extension 'colcon_meta'
[0.450s] Level 1:colcon.colcon_core.package_identification:_identify(src/rte/msg/ad_msgs) by extensions ['ros']
[0.450s] Level 1:colcon.colcon_core.package_identification:_identify(src/rte/msg/ad_msgs) by extension 'ros'
[0.451s] DEBUG:colcon.colcon_core.package_identification:Package 'src/rte/msg/ad_msgs' with type 'ros.ament_cmake' and name 'ad_msgs'
[0.451s] Level 1:colcon.colcon_core.package_discovery:discover_packages(recursive) using defaults
[0.451s] Level 1:colcon.colcon_core.package_discovery:discover_packages(ignore) discover
[0.451s] Level 1:colcon.colcon_core.package_discovery:discover_packages(ignore) using defaults
[0.451s] Level 1:colcon.colcon_core.package_discovery:discover_packages(path) discover
[0.451s] Level 1:colcon.colcon_core.package_discovery:discover_packages(path) using defaults
[0.488s] Level 1:colcon.colcon_core.package_discovery:discover_packages(prefix_path) check parameters
[0.489s] Level 1:colcon.colcon_core.package_discovery:discover_packages(prefix_path) discover
[0.495s] DEBUG:colcon.colcon_installed_package_information.package_discovery:Found 272 installed packages in /opt/ros/humble
[0.499s] Level 1:colcon.colcon_core.package_discovery:discover_packages(prefix_path) using defaults
[0.630s] Level 5:colcon.colcon_core.verb:set package 'ad_msgs' build argument 'cmake_args' from command line to 'None'
[0.631s] Level 5:colcon.colcon_core.verb:set package 'ad_msgs' build argument 'cmake_target' from command line to 'None'
[0.631s] Level 5:colcon.colcon_core.verb:set package 'ad_msgs' build argument 'cmake_target_skip_unavailable' from command line to 'False'
[0.631s] Level 5:colcon.colcon_core.verb:set package 'ad_msgs' build argument 'cmake_clean_cache' from command line to 'False'
[0.631s] Level 5:colcon.colcon_core.verb:set package 'ad_msgs' build argument 'cmake_clean_first' from command line to 'False'
[0.631s] Level 5:colcon.colcon_core.verb:set package 'ad_msgs' build argument 'cmake_force_configure' from command line to 'False'
[0.631s] Level 5:colcon.colcon_core.verb:set package 'ad_msgs' build argument 'ament_cmake_args' from command line to 'None'
[0.631s] Level 5:colcon.colcon_core.verb:set package 'ad_msgs' build argument 'catkin_cmake_args' from command line to 'None'
[0.631s] Level 5:colcon.colcon_core.verb:set package 'ad_msgs' build argument 'catkin_skip_building_tests' from command line to 'False'
[0.631s] DEBUG:colcon.colcon_core.verb:Building package 'ad_msgs' with the following arguments: {'ament_cmake_args': None, 'build_base': '/home/jeongwoo/Automotive_software_final/build/ad_msgs', 'catkin_cmake_args': None, 'catkin_skip_building_tests': False, 'cmake_args': None, 'cmake_clean_cache': False, 'cmake_clean_first': False, 'cmake_force_configure': False, 'cmake_target': None, 'cmake_target_skip_unavailable': False, 'install_base': '/home/jeongwoo/Automotive_software_final/install/ad_msgs', 'merge_install': False, 'path': '/home/jeongwoo/Automotive_software_final/src/rte/msg/ad_msgs', 'symlink_install': False, 'test_result_base': None}
[0.632s] Level 5:colcon.colcon_core.verb:set package 'autonomous_driving' build argument 'cmake_args' from command line to 'None'
[0.632s] Level 5:colcon.colcon_core.verb:set package 'autonomous_driving' build argument 'cmake_target' from command line to 'None'
[0.632s] Level 5:colcon.colcon_core.verb:set package 'autonomous_driving' build argument 'cmake_target_skip_unavailable' from command line to 'False'
[0.632s] Level 5:colcon.colcon_core.verb:set package 'autonomous_driving' build argument 'cmake_clean_cache' from command line to 'False'
[0.632s] Level 5:colcon.colcon_core.verb:set package 'autonomous_driving' build argument 'cmake_clean_first' from command line to 'False'
[0.632s] Level 5:colcon.colcon_core.verb:set package 'autonomous_driving' build argument 'cmake_force_configure' from command line to 'False'
[0.632s] Level 5:colcon.colcon_core.verb:set package 'autonomous_driving' build argument 'ament_cmake_args' from command line to 'None'
[0.632s] Level 5:colcon.colcon_core.verb:set package 'autonomous_driving' build argument 'catkin_cmake_args' from command line to 'None'
[0.632s] Level 5:colcon.colcon_core.verb:set package 'autonomous_driving' build argument 'catkin_skip_building_tests' from command line to 'False'
[0.632s] DEBUG:colcon.colcon_core.verb:Building package 'autonomous_driving' with the following arguments: {'ament_cmake_args': None, 'build_base': '/home/jeongwoo/Automotive_software_final/build/autonomous_driving', 'catkin_cmake_args': None, 'catkin_skip_building_tests': False, 'cmake_args': None, 'cmake_clean_cache': False, 'cmake_clean_first': False, 'cmake_force_configure': False, 'cmake_target': None, 'cmake_target_skip_unavailable': False, 'install_base': '/home/jeongwoo/Automotive_software_final/install/autonomous_driving', 'merge_install': False, 'path': '/home/jeongwoo/Automotive_software_final/src/app/autonomous_driving', 'symlink_install': False, 'test_result_base': None}
[0.633s] Level 5:colcon.colcon_core.verb:set package 'evaluation' build argument 'cmake_args' from command line to 'None'
[0.633s] Level 5:colcon.colcon_core.verb:set package 'evaluation' build argument 'cmake_target' from command line to 'None'
[0.633s] Level 5:colcon.colcon_core.verb:set package 'evaluation' build argument 'cmake_target_skip_unavailable' from command line to 'False'
[0.633s] Level 5:colcon.colcon_core.verb:set package 'evaluation' build argument 'cmake_clean_cache' from command line to 'False'
[0.633s] Level 5:colcon.colcon_core.verb:set package 'evaluation' build argument 'cmake_clean_first' from command line to 'False'
[0.633s] Level 5:colcon.colcon_core.verb:set package 'evaluation' build argument 'cmake_force_configure' from command line to 'False'
[0.633s] Level 5:colcon.colcon_core.verb:set package 'evaluation' build argument 'ament_cmake_args' from command line to 'None'
[0.634s] Level 5:colcon.colcon_core.verb:set package 'evaluation' build argument 'catkin_cmake_args' from command line to 'None'
[0.634s] Level 5:colcon.colcon_core.verb:set package 'evaluation' build argument 'catkin_skip_building_tests' from command line to 'False'
[0.634s] DEBUG:colcon.colcon_core.verb:Building package 'evaluation' with the following arguments: {'ament_cmake_args': None, 'build_base': '/home/jeongwoo/Automotive_software_final/build/evaluation', 'catkin_cmake_args': None, 'catkin_skip_building_tests': False, 'cmake_args': None, 'cmake_clean_cache': False, 'cmake_clean_first': False, 'cmake_force_configure': False, 'cmake_target': None, 'cmake_target_skip_unavailable': False, 'install_base': '/home/jeongwoo/Automotive_software_final/install/evaluation', 'merge_install': False, 'path': '/home/jeongwoo/Automotive_software_final/src/app/evaluation', 'symlink_install': False, 'test_result_base': None}
[0.634s] Level 5:colcon.colcon_core.verb:set package 'mission_manager' build argument 'cmake_args' from command line to 'None'
[0.635s] Level 5:colcon.colcon_core.verb:set package 'mission_manager' build argument 'cmake_target' from command line to 'None'
[0.635s] Level 5:colcon.colcon_core.verb:set package 'mission_manager' build argument 'cmake_target_skip_unavailable' from command line to 'False'
[0.635s] Level 5:colcon.colcon_core.verb:set package 'mission_manager' build argument 'cmake_clean_cache' from command line to 'False'
[0.635s] Level 5:colcon.colcon_core.verb:set package 'mission_manager' build argument 'cmake_clean_first' from command line to 'False'
[0.635s] Level 5:colcon.colcon_core.verb:set package 'mission_manager' build argument 'cmake_force_configure' from command line to 'False'
[0.635s] Level 5:colcon.colcon_core.verb:set package 'mission_manager' build argument 'ament_cmake_args' from command line to 'None'
[0.635s] Level 5:colcon.colcon_core.verb:set package 'mission_manager' build argument 'catkin_cmake_args' from command line to 'None'
[0.635s] Level 5:colcon.colcon_core.verb:set package 'mission_manager' build argument 'catkin_skip_building_tests' from command line to 'False'
[0.635s] DEBUG:colcon.colcon_core.verb:Building package 'mission_manager' with the following arguments: {'ament_cmake_args': None, 'build_base': '/home/jeongwoo/Automotive_software_final/build/mission_manager', 'catkin_cmake_args': None, 'catkin_skip_building_tests': False, 'cmake_args': None, 'cmake_clean_cache': False, 'cmake_clean_first': False, 'cmake_force_configure': False, 'cmake_target': None, 'cmake_target_skip_unavailable': False, 'install_base': '/home/jeongwoo/Automotive_software_final/install/mission_manager', 'merge_install': False, 'path': '/home/jeongwoo/Automotive_software_final/src/app/mission_manager', 'symlink_install': False, 'test_result_base': None}
[0.637s] Level 5:colcon.colcon_core.verb:set package 'simulator' build argument 'cmake_args' from command line to 'None'
[0.638s] Level 5:colcon.colcon_core.verb:set package 'simulator' build argument 'cmake_target' from command line to 'None'
[0.638s] Level 5:colcon.colcon_core.verb:set package 'simulator' build argument 'cmake_target_skip_unavailable' from command line to 'False'
[0.639s] Level 5:colcon.colcon_core.verb:set package 'simulator' build argument 'cmake_clean_cache' from command line to 'False'
[0.639s] Level 5:colcon.colcon_core.verb:set package 'simulator' build argument 'cmake_clean_first' from command line to 'False'
[0.639s] Level 5:colcon.colcon_core.verb:set package 'simulator' build argument 'cmake_force_configure' from command line to 'False'
[0.639s] Level 5:colcon.colcon_core.verb:set package 'simulator' build argument 'ament_cmake_args' from command line to 'None'
[0.639s] Level 5:colcon.colcon_core.verb:set package 'simulator' build argument 'catkin_cmake_args' from command line to 'None'
[0.639s] Level 5:colcon.colcon_core.verb:set package 'simulator' build argument 'catkin_skip_building_tests' from command line to 'False'
[0.639s] DEBUG:colcon.colcon_core.verb:Building package 'simulator' with the following arguments: {'ament_cmake_args': None, 'build_base': '/home/jeongwoo/Automotive_software_final/build/simulator', 'catkin_cmake_args': None, 'catkin_skip_building_tests': False, 'cmake_args': None, 'cmake_clean_cache': False, 'cmake_clean_first': False, 'cmake_force_configure': False, 'cmake_target': None, 'cmake_target_skip_unavailable': False, 'install_base': '/home/jeongwoo/Automotive_software_final/install/simulator', 'merge_install': False, 'path': '/home/jeongwoo/Automotive_software_final/src/app/simulator', 'symlink_install': False, 'test_result_base': None}
[0.641s] INFO:colcon.colcon_core.executor:Executing jobs using 'parallel' executor
[0.644s] DEBUG:colcon.colcon_parallel_executor.executor.parallel:run_until_complete
[0.645s] INFO:colcon.colcon_ros.task.ament_cmake.build:Building ROS package in '/home/jeongwoo/Automotive_software_final/src/rte/msg/ad_msgs' with build type 'ament_cmake'
[0.645s] INFO:colcon.colcon_cmake.task.cmake.build:Building CMake package in '/home/jeongwoo/Automotive_software_final/src/rte/msg/ad_msgs'
[0.651s] INFO:colcon.colcon_core.plugin_system:Skipping extension 'colcon_core.shell.bat': Not used on non-Windows systems
[0.652s] INFO:colcon.colcon_core.shell:Skip shell extension 'powershell' for command environment: Not usable outside of PowerShell
[0.652s] DEBUG:colcon.colcon_core.shell:Skip shell extension 'dsv' for command environment
[0.681s] DEBUG:colcon.colcon_core.event_handler.log_command:Invoking command in '/home/jeongwoo/Automotive_software_final/build/ad_msgs': CMAKE_PREFIX_PATH=/opt/ros/humble /usr/bin/cmake --build /home/jeongwoo/Automotive_software_final/build/ad_msgs -- -j8 -l8
[1.512s] DEBUG:colcon.colcon_core.event_handler.log_command:Invoked command in '/home/jeongwoo/Automotive_software_final/build/ad_msgs' returned '0': CMAKE_PREFIX_PATH=/opt/ros/humble /usr/bin/cmake --build /home/jeongwoo/Automotive_software_final/build/ad_msgs -- -j8 -l8
[1.911s] DEBUG:colcon.colcon_core.event_handler.log_command:Invoking command in '/home/jeongwoo/Automotive_software_final/build/ad_msgs': CMAKE_PREFIX_PATH=/opt/ros/humble /usr/bin/cmake --install /home/jeongwoo/Automotive_software_final/build/ad_msgs
[2.016s] Level 1:colcon.colcon_core.environment:create_environment_scripts_only(ad_msgs)
[2.022s] DEBUG:colcon.colcon_core.event_handler.log_command:Invoked command in '/home/jeongwoo/Automotive_software_final/build/ad_msgs' returned '0': CMAKE_PREFIX_PATH=/opt/ros/humble /usr/bin/cmake --install /home/jeongwoo/Automotive_software_final/build/ad_msgs
[2.025s] Level 1:colcon.colcon_core.environment:checking '/home/jeongwoo/Automotive_software_final/install/ad_msgs' for CMake module files
[2.025s] Level 1:colcon.colcon_core.environment:checking '/home/jeongwoo/Automotive_software_final/install/ad_msgs' for CMake config files
[2.026s] Level 1:colcon.colcon_core.shell:create_environment_hook('ad_msgs', 'cmake_prefix_path')
[2.027s] INFO:colcon.colcon_core.shell:Creating environment hook '/home/jeongwoo/Automotive_software_final/install/ad_msgs/share/ad_msgs/hook/cmake_prefix_path.ps1'
[2.027s] INFO:colcon.colcon_core.shell:Creating environment descriptor '/home/jeongwoo/Automotive_software_final/install/ad_msgs/share/ad_msgs/hook/cmake_prefix_path.dsv'
[2.028s] INFO:colcon.colcon_core.shell:Creating environment hook '/home/jeongwoo/Automotive_software_final/install/ad_msgs/share/ad_msgs/hook/cmake_prefix_path.sh'
[2.029s] Level 1:colcon.colcon_core.environment:checking '/home/jeongwoo/Automotive_software_final/install/ad_msgs/lib'
[2.029s] Level 1:colcon.colcon_core.shell:create_environment_hook('ad_msgs', 'ld_library_path_lib')
[2.030s] INFO:colcon.colcon_core.shell:Creating environment hook '/home/jeongwoo/Automotive_software_final/install/ad_msgs/share/ad_msgs/hook/ld_library_path_lib.ps1'
[2.030s] INFO:colcon.colcon_core.shell:Creating environment descriptor '/home/jeongwoo/Automotive_software_final/install/ad_msgs/share/ad_msgs/hook/ld_library_path_lib.dsv'
[2.031s] INFO:colcon.colcon_core.shell:Creating environment hook '/home/jeongwoo/Automotive_software_final/install/ad_msgs/share/ad_msgs/hook/ld_library_path_lib.sh'
[2.032s] Level 1:colcon.colcon_core.environment:checking '/home/jeongwoo/Automotive_software_final/install/ad_msgs/bin'
[2.032s] Level 1:colcon.colcon_core.environment:checking '/home/jeongwoo/Automotive_software_final/install/ad_msgs/lib/pkgconfig/ad_msgs.pc'
[2.033s] Level 1:colcon.colcon_core.environment:checking '/home/jeongwoo/Automotive_software_final/install/ad_msgs/lib/python3.10/site-packages'
[2.033s] Level 1:colcon.colcon_core.environment:checking '/home/jeongwoo/Automotive_software_final/install/ad_msgs/bin'
[2.033s] INFO:colcon.colcon_core.shell:Creating package script '/home/jeongwoo/Automotive_software_final/install/ad_msgs/share/ad_msgs/package.ps1'
[2.035s] INFO:colcon.colcon_core.shell:Creating package descriptor '/home/jeongwoo/Automotive_software_final/install/ad_msgs/share/ad_msgs/package.dsv'
[2.035s] INFO:colcon.colcon_core.shell:Creating package script '/home/jeongwoo/Automotive_software_final/install/ad_msgs/share/ad_msgs/package.sh'
[2.037s] INFO:colcon.colcon_core.shell:Creating package script '/home/jeongwoo/Automotive_software_final/install/ad_msgs/share/ad_msgs/package.bash'
[2.040s] INFO:colcon.colcon_core.shell:Creating package script '/home/jeongwoo/Automotive_software_final/install/ad_msgs/share/ad_msgs/package.zsh'
[2.041s] Level 1:colcon.colcon_core.environment:create_file_with_runtime_dependencies(/home/jeongwoo/Automotive_software_final/install/ad_msgs/share/colcon-core/packages/ad_msgs)
[2.519s] Level 1:colcon.colcon_core.environment:create_environment_scripts_only(ad_msgs)
[2.520s] Level 1:colcon.colcon_core.environment:checking '/home/jeongwoo/Automotive_software_final/install/ad_msgs' for CMake module files
[2.521s] Level 1:colcon.colcon_core.environment:checking '/home/jeongwoo/Automotive_software_final/install/ad_msgs' for CMake config files
[2.522s] Level 1:colcon.colcon_core.shell:create_environment_hook('ad_msgs', 'cmake_prefix_path')
[2.523s] INFO:colcon.colcon_core.shell:Creating environment hook '/home/jeongwoo/Automotive_software_final/install/ad_msgs/share/ad_msgs/hook/cmake_prefix_path.ps1'
[2.523s] INFO:colcon.colcon_core.shell:Creating environment descriptor '/home/jeongwoo/Automotive_software_final/install/ad_msgs/share/ad_msgs/hook/cmake_prefix_path.dsv'
[2.524s] INFO:colcon.colcon_core.shell:Creating environment hook '/home/jeongwoo/Automotive_software_final/install/ad_msgs/share/ad_msgs/hook/cmake_prefix_path.sh'
[2.525s] Level 1:colcon.colcon_core.environment:checking '/home/jeongwoo/Automotive_software_final/install/ad_msgs/lib'
[2.525s] Level 1:colcon.colcon_core.shell:create_environment_hook('ad_msgs', 'ld_library_path_lib')
[2.526s] INFO:colcon.colcon_core.shell:Creating environment hook '/home/jeongwoo/Automotive_software_final/install/ad_msgs/share/ad_msgs/hook/ld_library_path_lib.ps1'
[2.526s] INFO:colcon.colcon_core.shell:Creating environment descriptor '/home/jeongwoo/Automotive_software_final/install/ad_msgs/share/ad_msgs/hook/ld_library_path_lib.dsv'
[2.527s] INFO:colcon.colcon_core.shell:Creating environment hook '/home/jeongwoo/Automotive_software_final/install/ad_msgs/share/ad_msgs/hook/ld_library_path_lib.sh'
[2.528s] Level 1:colcon.colcon_core.environment:checking '/home/jeongwoo/Automotive_software_final/install/ad_msgs/bin'
[2.528s] Level 1:colcon.colcon_core.environment:checking '/home/jeongwoo/Automotive_software_final/install/ad_msgs/lib/pkgconfig/ad_msgs.pc'
[2.529s] Level 1:colcon.colcon_core.environment:checking '/home/jeongwoo/Automotive_software_final/install/ad_msgs/lib/python3.10/site-packages'
[2.529s] Level 1:colcon.colcon_core.environment:checking '/home/jeongwoo/Automotive_software_final/install/ad_msgs/bin'
[2.530s] INFO:colcon.colcon_core.shell:Creating package script '/home/jeongwoo/Automotive_software_final/install/ad_msgs/share/ad_msgs/package.ps1'
[2.531s] INFO:colcon.colcon_core.shell:Creating package descriptor '/home/jeongwoo/Automotive_software_final/install/ad_msgs/share/ad_msgs/package.dsv'
[2.533s] INFO:colcon.colcon_core.shell:Creating package script '/home/jeongwoo/Automotive_software_final/install/ad_msgs/share/ad_msgs/package.sh'
[2.535s] INFO:colcon.colcon_core.shell:Creating package script '/home/jeongwoo/Automotive_software_final/install/ad_msgs/share/ad_msgs/package.bash'
[2.537s] INFO:colcon.colcon_core.shell:Creating package script '/home/jeongwoo/Automotive_software_final/install/ad_msgs/share/ad_msgs/package.zsh'
[2.539s] Level 1:colcon.colcon_core.environment:create_file_with_runtime_dependencies(/home/jeongwoo/Automotive_software_final/install/ad_msgs/share/colcon-core/packages/ad_msgs)
[2.541s] INFO:colcon.colcon_ros.task.ament_cmake.build:Building ROS package in '/home/jeongwoo/Automotive_software_final/src/app/autonomous_driving' with build type 'ament_cmake'
[2.542s] INFO:colcon.colcon_cmake.task.cmake.build:Building CMake package in '/home/jeongwoo/Automotive_software_final/src/app/autonomous_driving'
[2.542s] INFO:colcon.colcon_core.shell:Skip shell extension 'powershell' for command environment: Not usable outside of PowerShell
[2.543s] DEBUG:colcon.colcon_core.shell:Skip shell extension 'dsv' for command environment
[2.548s] INFO:colcon.colcon_ros.task.ament_cmake.build:Building ROS package in '/home/jeongwoo/Automotive_software_final/src/app/evaluation' with build type 'ament_cmake'
[2.549s] INFO:colcon.colcon_cmake.task.cmake.build:Building CMake package in '/home/jeongwoo/Automotive_software_final/src/app/evaluation'
[2.550s] INFO:colcon.colcon_core.shell:Skip shell extension 'powershell' for command environment: Not usable outside of PowerShell
[2.551s] DEBUG:colcon.colcon_core.shell:Skip shell extension 'dsv' for command environment
[2.563s] INFO:colcon.colcon_ros.task.ament_cmake.build:Building ROS package in '/home/jeongwoo/Automotive_software_final/src/app/mission_manager' with build type 'ament_cmake'
[2.564s] INFO:colcon.colcon_cmake.task.cmake.build:Building CMake package in '/home/jeongwoo/Automotive_software_final/src/app/mission_manager'
[2.565s] INFO:colcon.colcon_core.shell:Skip shell extension 'powershell' for command environment: Not usable outside of PowerShell
[2.565s] DEBUG:colcon.colcon_core.shell:Skip shell extension 'dsv' for command environment
[2.572s] INFO:colcon.colcon_ros.task.ament_cmake.build:Building ROS package in '/home/jeongwoo/Automotive_software_final/src/app/simulator' with build type 'ament_cmake'
[2.573s] INFO:colcon.colcon_cmake.task.cmake.build:Building CMake package in '/home/jeongwoo/Automotive_software_final/src/app/simulator'
[2.574s] INFO:colcon.colcon_core.shell:Skip shell extension 'powershell' for command environment: Not usable outside of PowerShell
[2.576s] DEBUG:colcon.colcon_core.shell:Skip shell extension 'dsv' for command environment
[2.704s] DEBUG:colcon.colcon_core.event_handler.log_command:Invoking command in '/home/jeongwoo/Automotive_software_final/build/autonomous_driving': AMENT_PREFIX_PATH=/home/jeongwoo/Automotive_software_final/install/ad_msgs:${AMENT_PREFIX_PATH} CMAKE_PREFIX_PATH=/home/jeongwoo/Automotive_software_final/install/ad_msgs:/opt/ros/humble LD_LIBRARY_PATH=/home/jeongwoo/Automotive_software_final/install/ad_msgs/lib:${LD_LIBRARY_PATH} PYTHONPATH=/home/jeongwoo/Automotive_software_final/install/ad_msgs/local/lib/python3.10/dist-packages:${PYTHONPATH} /usr/bin/cmake --build /home/jeongwoo/Automotive_software_final/build/autonomous_driving -- -j8 -l8
[2.716s] DEBUG:colcon.colcon_core.event_handler.log_command:Invoking command in '/home/jeongwoo/Automotive_software_final/build/evaluation': AMENT_PREFIX_PATH=/home/jeongwoo/Automotive_software_final/install/ad_msgs:${AMENT_PREFIX_PATH} CMAKE_PREFIX_PATH=/home/jeongwoo/Automotive_software_final/install/ad_msgs:/opt/ros/humble LD_LIBRARY_PATH=/home/jeongwoo/Automotive_software_final/install/ad_msgs/lib:${LD_LIBRARY_PATH} PYTHONPATH=/home/jeongwoo/Automotive_software_final/install/ad_msgs/local/lib/python3.10/dist-packages:${PYTHONPATH} /usr/bin/cmake --build /home/jeongwoo/Automotive_software_final/build/evaluation -- -j8 -l8
[2.746s] DEBUG:colcon.colcon_core.event_handler.log_command:Invoking command in '/home/jeongwoo/Automotive_software_final/build/mission_manager': AMENT_PREFIX_PATH=/home/jeongwoo/Automotive_software_final/install/ad_msgs:${AMENT_PREFIX_PATH} CMAKE_PREFIX_PATH=/home/jeongwoo/Automotive_software_final/install/ad_msgs:/opt/ros/humble LD_LIBRARY_PATH=/home/jeongwoo/Automotive_software_final/install/ad_msgs/lib:${LD_LIBRARY_PATH} PYTHONPATH=/home/jeongwoo/Automotive_software_final/install/ad_msgs/local/lib/python3.10/dist-packages:${PYTHONPATH} /usr/bin/cmake --build /home/jeongwoo/Automotive_software_final/build/mission_manager -- -j8 -l8
[2.757s] DEBUG:colcon.colcon_core.event_handler.log_command:Invoking command in '/home/jeongwoo/Automotive_software_final/build/simulator': AMENT_PREFIX_PATH=/home/jeongwoo/Automotive_software_final/install/ad_msgs:${AMENT_PREFIX_PATH} CMAKE_PREFIX_PATH=/home/jeongwoo/Automotive_software_final/install/ad_msgs:/opt/ros/humble LD_LIBRARY_PATH=/home/jeongwoo/Automotive_software_final/install/ad_msgs/lib:${LD_LIBRARY_PATH} PYTHONPATH=/home/jeongwoo/Automotive_software_final/install/ad_msgs/local/lib/python3.10/dist-packages:${PYTHONPATH} /usr/bin/cmake --build /home/jeongwoo/Automotive_software_final/build/simulator -- -j8 -l8
[2.885s] DEBUG:colcon.colcon_core.event_handler.log_command:Invoked command in '/home/jeongwoo/Automotive_software_final/build/evaluation' returned '0': AMENT_PREFIX_PATH=/home/jeongwoo/Automotive_software_final/install/ad_msgs:${AMENT_PREFIX_PATH} CMAKE_PREFIX_PATH=/home/jeongwoo/Automotive_software_final/install/ad_msgs:/opt/ros/humble LD_LIBRARY_PATH=/home/jeongwoo/Automotive_software_final/install/ad_msgs/lib:${LD_LIBRARY_PATH} PYTHONPATH=/home/jeongwoo/Automotive_software_final/install/ad_msgs/local/lib/python3.10/dist-packages:${PYTHONPATH} /usr/bin/cmake --build /home/jeongwoo/Automotive_software_final/build/evaluation -- -j8 -l8
[2.930s] DEBUG:colcon.colcon_core.event_handler.log_command:Invoked command in '/home/jeongwoo/Automotive_software_final/build/mission_manager' returned '0': AMENT_PREFIX_PATH=/home/jeongwoo/Automotive_software_final/install/ad_msgs:${AMENT_PREFIX_PATH} CMAKE_PREFIX_PATH=/home/jeongwoo/Automotive_software_final/install/ad_msgs:/opt/ros/humble LD_LIBRARY_PATH=/home/jeongwoo/Automotive_software_final/install/ad_msgs/lib:${LD_LIBRARY_PATH} PYTHONPATH=/home/jeongwoo/Automotive_software_final/install/ad_msgs/local/lib/python3.10/dist-packages:${PYTHONPATH} /usr/bin/cmake --build /home/jeongwoo/Automotive_software_final/build/mission_manager -- -j8 -l8
[2.939s] DEBUG:colcon.colcon_core.event_handler.log_command:Invoked command in '/home/jeongwoo/Automotive_software_final/build/simulator' returned '0': AMENT_PREFIX_PATH=/home/jeongwoo/Automotive_software_final/install/ad_msgs:${AMENT_PREFIX_PATH} CMAKE_PREFIX_PATH=/home/jeongwoo/Automotive_software_final/install/ad_msgs:/opt/ros/humble LD_LIBRARY_PATH=/home/jeongwoo/Automotive_software_final/install/ad_msgs/lib:${LD_LIBRARY_PATH} PYTHONPATH=/home/jeongwoo/Automotive_software_final/install/ad_msgs/local/lib/python3.10/dist-packages:${PYTHONPATH} /usr/bin/cmake --build /home/jeongwoo/Automotive_software_final/build/simulator -- -j8 -l8
[2.952s] DEBUG:colcon.colcon_core.event_handler.log_command:Invoking command in '/home/jeongwoo/Automotive_software_final/build/evaluation': AMENT_PREFIX_PATH=/home/jeongwoo/Automotive_software_final/install/ad_msgs:${AMENT_PREFIX_PATH} CMAKE_PREFIX_PATH=/home/jeongwoo/Automotive_software_final/install/ad_msgs:/opt/ros/humble LD_LIBRARY_PATH=/home/jeongwoo/Automotive_software_final/install/ad_msgs/lib:${LD_LIBRARY_PATH} PYTHONPATH=/home/jeongwoo/Automotive_software_final/install/ad_msgs/local/lib/python3.10/dist-packages:${PYTHONPATH} /usr/bin/cmake --install /home/jeongwoo/Automotive_software_final/build/evaluation
[2.972s] Level 1:colcon.colcon_core.environment:create_environment_scripts_only(evaluation)
[2.974s] Level 1:colcon.colcon_core.environment:checking '/home/jeongwoo/Automotive_software_final/install/evaluation' for CMake module files
[2.980s] DEBUG:colcon.colcon_core.event_handler.log_command:Invoked command in '/home/jeongwoo/Automotive_software_final/build/evaluation' returned '0': AMENT_PREFIX_PATH=/home/jeongwoo/Automotive_software_final/install/ad_msgs:${AMENT_PREFIX_PATH} CMAKE_PREFIX_PATH=/home/jeongwoo/Automotive_software_final/install/ad_msgs:/opt/ros/humble LD_LIBRARY_PATH=/home/jeongwoo/Automotive_software_final/install/ad_msgs/lib:${LD_LIBRARY_PATH} PYTHONPATH=/home/jeongwoo/Automotive_software_final/install/ad_msgs/local/lib/python3.10/dist-packages:${PYTHONPATH} /usr/bin/cmake --install /home/jeongwoo/Automotive_software_final/build/evaluation
[2.981s] Level 1:colcon.colcon_core.environment:checking '/home/jeongwoo/Automotive_software_final/install/evaluation' for CMake config files
[2.981s] Level 1:colcon.colcon_core.shell:create_environment_hook('evaluation', 'cmake_prefix_path')
[2.982s] INFO:colcon.colcon_core.shell:Creating environment hook '/home/jeongwoo/Automotive_software_final/install/evaluation/share/evaluation/hook/cmake_prefix_path.ps1'
[2.983s] INFO:colcon.colcon_core.shell:Creating environment descriptor '/home/jeongwoo/Automotive_software_final/install/evaluation/share/evaluation/hook/cmake_prefix_path.dsv'
[2.984s] INFO:colcon.colcon_core.shell:Creating environment hook '/home/jeongwoo/Automotive_software_final/install/evaluation/share/evaluation/hook/cmake_prefix_path.sh'
[2.987s] Level 1:colcon.colcon_core.environment:checking '/home/jeongwoo/Automotive_software_final/install/evaluation/lib'
[2.987s] Level 1:colcon.colcon_core.environment:checking '/home/jeongwoo/Automotive_software_final/install/evaluation/bin'
[2.988s] Level 1:colcon.colcon_core.environment:checking '/home/jeongwoo/Automotive_software_final/install/evaluation/lib/pkgconfig/evaluation.pc'
[2.989s] Level 1:colcon.colcon_core.environment:checking '/home/jeongwoo/Automotive_software_final/install/evaluation/lib/python3.10/site-packages'
[2.990s] Level 1:colcon.colcon_core.environment:checking '/home/jeongwoo/Automotive_software_final/install/evaluation/bin'
[2.991s] INFO:colcon.colcon_core.shell:Creating package script '/home/jeongwoo/Automotive_software_final/install/evaluation/share/evaluation/package.ps1'
[2.992s] INFO:colcon.colcon_core.shell:Creating package descriptor '/home/jeongwoo/Automotive_software_final/install/evaluation/share/evaluation/package.dsv'
[2.993s] INFO:colcon.colcon_core.shell:Creating package script '/home/jeongwoo/Automotive_software_final/install/evaluation/share/evaluation/package.sh'
[2.994s] INFO:colcon.colcon_core.shell:Creating package script '/home/jeongwoo/Automotive_software_final/install/evaluation/share/evaluation/package.bash'
[2.995s] INFO:colcon.colcon_core.shell:Creating package script '/home/jeongwoo/Automotive_software_final/install/evaluation/share/evaluation/package.zsh'
[2.996s] Level 1:colcon.colcon_core.environment:create_file_with_runtime_dependencies(/home/jeongwoo/Automotive_software_final/install/evaluation/share/colcon-core/packages/evaluation)
[3.007s] DEBUG:colcon.colcon_core.event_handler.log_command:Invoking command in '/home/jeongwoo/Automotive_software_final/build/mission_manager': AMENT_PREFIX_PATH=/home/jeongwoo/Automotive_software_final/install/ad_msgs:${AMENT_PREFIX_PATH} CMAKE_PREFIX_PATH=/home/jeongwoo/Automotive_software_final/install/ad_msgs:/opt/ros/humble LD_LIBRARY_PATH=/home/jeongwoo/Automotive_software_final/install/ad_msgs/lib:${LD_LIBRARY_PATH} PYTHONPATH=/home/jeongwoo/Automotive_software_final/install/ad_msgs/local/lib/python3.10/dist-packages:${PYTHONPATH} /usr/bin/cmake --install /home/jeongwoo/Automotive_software_final/build/mission_manager
[3.017s] DEBUG:colcon.colcon_core.event_handler.log_command:Invoking command in '/home/jeongwoo/Automotive_software_final/build/simulator': AMENT_PREFIX_PATH=/home/jeongwoo/Automotive_software_final/install/ad_msgs:${AMENT_PREFIX_PATH} CMAKE_PREFIX_PATH=/home/jeongwoo/Automotive_software_final/install/ad_msgs:/opt/ros/humble LD_LIBRARY_PATH=/home/jeongwoo/Automotive_software_final/install/ad_msgs/lib:${LD_LIBRARY_PATH} PYTHONPATH=/home/jeongwoo/Automotive_software_final/install/ad_msgs/local/lib/python3.10/dist-packages:${PYTHONPATH} /usr/bin/cmake --install /home/jeongwoo/Automotive_software_final/build/simulator
[3.023s] Level 1:colcon.colcon_core.environment:create_environment_scripts_only(mission_manager)
[3.024s] Level 1:colcon.colcon_core.environment:checking '/home/jeongwoo/Automotive_software_final/install/mission_manager' for CMake module files
[3.031s] Level 1:colcon.colcon_core.environment:checking '/home/jeongwoo/Automotive_software_final/install/mission_manager' for CMake config files
[3.034s] Level 1:colcon.colcon_core.shell:create_environment_hook('mission_manager', 'cmake_prefix_path')
[3.034s] INFO:colcon.colcon_core.shell:Creating environment hook '/home/jeongwoo/Automotive_software_final/install/mission_manager/share/mission_manager/hook/cmake_prefix_path.ps1'
[3.035s] INFO:colcon.colcon_core.shell:Creating environment descriptor '/home/jeongwoo/Automotive_software_final/install/mission_manager/share/mission_manager/hook/cmake_prefix_path.dsv'
[3.037s] INFO:colcon.colcon_core.shell:Creating environment hook '/home/jeongwoo/Automotive_software_final/install/mission_manager/share/mission_manager/hook/cmake_prefix_path.sh'
[3.039s] Level 1:colcon.colcon_core.environment:checking '/home/jeongwoo/Automotive_software_final/install/mission_manager/lib'
[3.041s] Level 1:colcon.colcon_core.environment:checking '/home/jeongwoo/Automotive_software_final/install/mission_manager/bin'
[3.041s] Level 1:colcon.colcon_core.environment:checking '/home/jeongwoo/Automotive_software_final/install/mission_manager/lib/pkgconfig/mission_manager.pc'
[3.042s] Level 1:colcon.colcon_core.environment:checking '/home/jeongwoo/Automotive_software_final/install/mission_manager/lib/python3.10/site-packages'
[3.043s] Level 1:colcon.colcon_core.environment:checking '/home/jeongwoo/Automotive_software_final/install/mission_manager/bin'
[3.044s] INFO:colcon.colcon_core.shell:Creating package script '/home/jeongwoo/Automotive_software_final/install/mission_manager/share/mission_manager/package.ps1'
[3.045s] DEBUG:colcon.colcon_core.event_handler.log_command:Invoked command in '/home/jeongwoo/Automotive_software_final/build/mission_manager' returned '0': AMENT_PREFIX_PATH=/home/jeongwoo/Automotive_software_final/install/ad_msgs:${AMENT_PREFIX_PATH} CMAKE_PREFIX_PATH=/home/jeongwoo/Automotive_software_final/install/ad_msgs:/opt/ros/humble LD_LIBRARY_PATH=/home/jeongwoo/Automotive_software_final/install/ad_msgs/lib:${LD_LIBRARY_PATH} PYTHONPATH=/home/jeongwoo/Automotive_software_final/install/ad_msgs/local/lib/python3.10/dist-packages:${PYTHONPATH} /usr/bin/cmake --install /home/jeongwoo/Automotive_software_final/build/mission_manager
[3.051s] INFO:colcon.colcon_core.shell:Creating package descriptor '/home/jeongwoo/Automotive_software_final/install/mission_manager/share/mission_manager/package.dsv'
[3.056s] INFO:colcon.colcon_core.shell:Creating package script '/home/jeongwoo/Automotive_software_final/install/mission_manager/share/mission_manager/package.sh'
[3.059s] INFO:colcon.colcon_core.shell:Creating package script '/home/jeongwoo/Automotive_software_final/install/mission_manager/share/mission_manager/package.bash'
[3.059s] INFO:colcon.colcon_core.shell:Creating package script '/home/jeongwoo/Automotive_software_final/install/mission_manager/share/mission_manager/package.zsh'
[3.060s] Level 1:colcon.colcon_core.environment:create_file_with_runtime_dependencies(/home/jeongwoo/Automotive_software_final/install/mission_manager/share/colcon-core/packages/mission_manager)
[3.071s] Level 1:colcon.colcon_core.environment:create_environment_scripts_only(simulator)
[3.073s] DEBUG:colcon.colcon_core.event_handler.log_command:Invoked command in '/home/jeongwoo/Automotive_software_final/build/simulator' returned '0': AMENT_PREFIX_PATH=/home/jeongwoo/Automotive_software_final/install/ad_msgs:${AMENT_PREFIX_PATH} CMAKE_PREFIX_PATH=/home/jeongwoo/Automotive_software_final/install/ad_msgs:/opt/ros/humble LD_LIBRARY_PATH=/home/jeongwoo/Automotive_software_final/install/ad_msgs/lib:${LD_LIBRARY_PATH} PYTHONPATH=/home/jeongwoo/Automotive_software_final/install/ad_msgs/local/lib/python3.10/dist-packages:${PYTHONPATH} /usr/bin/cmake --install /home/jeongwoo/Automotive_software_final/build/simulator
[3.075s] Level 1:colcon.colcon_core.environment:checking '/home/jeongwoo/Automotive_software_final/install/simulator' for CMake module files
[3.077s] Level 1:colcon.colcon_core.environment:checking '/home/jeongwoo/Automotive_software_final/install/simulator' for CMake config files
[3.078s] Level 1:colcon.colcon_core.shell:create_environment_hook('simulator', 'cmake_prefix_path')
[3.079s] INFO:colcon.colcon_core.shell:Creating environment hook '/home/jeongwoo/Automotive_software_final/install/simulator/share/simulator/hook/cmake_prefix_path.ps1'
[3.080s] INFO:colcon.colcon_core.shell:Creating environment descriptor '/home/jeongwoo/Automotive_software_final/install/simulator/share/simulator/hook/cmake_prefix_path.dsv'
[3.082s] INFO:colcon.colcon_core.shell:Creating environment hook '/home/jeongwoo/Automotive_software_final/install/simulator/share/simulator/hook/cmake_prefix_path.sh'
[3.085s] Level 1:colcon.colcon_core.environment:checking '/home/jeongwoo/Automotive_software_final/install/simulator/lib'
[3.090s] Level 1:colcon.colcon_core.environment:checking '/home/jeongwoo/Automotive_software_final/install/simulator/bin'
[3.090s] Level 1:colcon.colcon_core.environment:checking '/home/jeongwoo/Automotive_software_final/install/simulator/lib/pkgconfig/simulator.pc'
[3.091s] Level 1:colcon.colcon_core.environment:checking '/home/jeongwoo/Automotive_software_final/install/simulator/lib/python3.10/site-packages'
[3.091s] Level 1:colcon.colcon_core.environment:checking '/home/jeongwoo/Automotive_software_final/install/simulator/bin'
[3.092s] INFO:colcon.colcon_core.shell:Creating package script '/home/jeongwoo/Automotive_software_final/install/simulator/share/simulator/package.ps1'
[3.093s] INFO:colcon.colcon_core.shell:Creating package descriptor '/home/jeongwoo/Automotive_software_final/install/simulator/share/simulator/package.dsv'
[3.095s] INFO:colcon.colcon_core.shell:Creating package script '/home/jeongwoo/Automotive_software_final/install/simulator/share/simulator/package.sh'
[3.096s] INFO:colcon.colcon_core.shell:Creating package script '/home/jeongwoo/Automotive_software_final/install/simulator/share/simulator/package.bash'
[3.097s] INFO:colcon.colcon_core.shell:Creating package script '/home/jeongwoo/Automotive_software_final/install/simulator/share/simulator/package.zsh'
[3.098s] Level 1:colcon.colcon_core.environment:create_file_with_runtime_dependencies(/home/jeongwoo/Automotive_software_final/install/simulator/share/colcon-core/packages/simulator)
[3.104s] Level 1:colcon.colcon_core.environment:create_environment_scripts_only(evaluation)
[3.105s] Level 1:colcon.colcon_core.environment:checking '/home/jeongwoo/Automotive_software_final/install/evaluation' for CMake module files
[3.106s] Level 1:colcon.colcon_core.environment:checking '/home/jeongwoo/Automotive_software_final/install/evaluation' for CMake config files
[3.107s] Level 1:colcon.colcon_core.shell:create_environment_hook('evaluation', 'cmake_prefix_path')
[3.108s] INFO:colcon.colcon_core.shell:Creating environment hook '/home/jeongwoo/Automotive_software_final/install/evaluation/share/evaluation/hook/cmake_prefix_path.ps1'
[3.109s] INFO:colcon.colcon_core.shell:Creating environment descriptor '/home/jeongwoo/Automotive_software_final/install/evaluation/share/evaluation/hook/cmake_prefix_path.dsv'
[3.116s] INFO:colcon.colcon_core.shell:Creating environment hook '/home/jeongwoo/Automotive_software_final/install/evaluation/share/evaluation/hook/cmake_prefix_path.sh'
[3.119s] Level 1:colcon.colcon_core.environment:checking '/home/jeongwoo/Automotive_software_final/install/evaluation/lib'
[3.120s] Level 1:colcon.colcon_core.environment:checking '/home/jeongwoo/Automotive_software_final/install/evaluation/bin'
[3.120s] Level 1:colcon.colcon_core.environment:checking '/home/jeongwoo/Automotive_software_final/install/evaluation/lib/pkgconfig/evaluation.pc'
[3.121s] Level 1:colcon.colcon_core.environment:checking '/home/jeongwoo/Automotive_software_final/install/evaluation/lib/python3.10/site-packages'
[3.122s] Level 1:colcon.colcon_core.environment:checking '/home/jeongwoo/Automotive_software_final/install/evaluation/bin'
[3.123s] INFO:colcon.colcon_core.shell:Creating package script '/home/jeongwoo/Automotive_software_final/install/evaluation/share/evaluation/package.ps1'
[3.124s] INFO:colcon.colcon_core.shell:Creating package descriptor '/home/jeongwoo/Automotive_software_final/install/evaluation/share/evaluation/package.dsv'
[3.126s] INFO:colcon.colcon_core.shell:Creating package script '/home/jeongwoo/Automotive_software_final/install/evaluation/share/evaluation/package.sh'
[3.130s] INFO:colcon.colcon_core.shell:Creating package script '/home/jeongwoo/Automotive_software_final/install/evaluation/share/evaluation/package.bash'
[3.131s] INFO:colcon.colcon_core.shell:Creating package script '/home/jeongwoo/Automotive_software_final/install/evaluation/share/evaluation/package.zsh'
[3.133s] Level 1:colcon.colcon_core.environment:create_file_with_runtime_dependencies(/home/jeongwoo/Automotive_software_final/install/evaluation/share/colcon-core/packages/evaluation)
[3.137s] Level 1:colcon.colcon_core.environment:create_environment_scripts_only(mission_manager)
[3.138s] Level 1:colcon.colcon_core.environment:checking '/home/jeongwoo/Automotive_software_final/install/mission_manager' for CMake module files
[3.139s] Level 1:colcon.colcon_core.environment:checking '/home/jeongwoo/Automotive_software_final/install/mission_manager' for CMake config files
[3.140s] Level 1:colcon.colcon_core.shell:create_environment_hook('mission_manager', 'cmake_prefix_path')
[3.141s] INFO:colcon.colcon_core.shell:Creating environment hook '/home/jeongwoo/Automotive_software_final/install/mission_manager/share/mission_manager/hook/cmake_prefix_path.ps1'
[3.141s] INFO:colcon.colcon_core.shell:Creating environment descriptor '/home/jeongwoo/Automotive_software_final/install/mission_manager/share/mission_manager/hook/cmake_prefix_path.dsv'
[3.143s] INFO:colcon.colcon_core.shell:Creating environment hook '/home/jeongwoo/Automotive_software_final/install/mission_manager/share/mission_manager/hook/cmake_prefix_path.sh'
[3.144s] Level 1:colcon.colcon_core.environment:checking '/home/jeongwoo/Automotive_software_final/install/mission_manager/lib'
[3.144s] Level 1:colcon.colcon_core.environment:checking '/home/jeongwoo/Automotive_software_final/install/mission_manager/bin'
[3.145s] Level 1:colcon.colcon_core.environment:checking '/home/jeongwoo/Automotive_software_final/install/mission_manager/lib/pkgconfig/mission_manager.pc'
[3.145s] Level 1:colcon.colcon_core.environment:checking '/home/jeongwoo/Automotive_software_final/install/mission_manager/lib/python3.10/site-packages'
[3.146s] Level 1:colcon.colcon_core.environment:checking '/home/jeongwoo/Automotive_software_final/install/mission_manager/bin'
[3.147s] INFO:colcon.colcon_core.shell:Creating package script '/home/jeongwoo/Automotive_software_final/install/mission_manager/share/mission_manager/package.ps1'
[3.149s] INFO:colcon.colcon_core.shell:Creating package descriptor '/home/jeongwoo/Automotive_software_final/install/mission_manager/share/mission_manager/package.dsv'
[3.150s] INFO:colcon.colcon_core.shell:Creating package script '/home/jeongwoo/Automotive_software_final/install/mission_manager/share/mission_manager/package.sh'
[3.152s] INFO:colcon.colcon_core.shell:Creating package script '/home/jeongwoo/Automotive_software_final/install/mission_manager/share/mission_manager/package.bash'
[3.154s] INFO:colcon.colcon_core.shell:Creating package script '/home/jeongwoo/Automotive_software_final/install/mission_manager/share/mission_manager/package.zsh'
[3.155s] Level 1:colcon.colcon_core.environment:create_file_with_runtime_dependencies(/home/jeongwoo/Automotive_software_final/install/mission_manager/share/colcon-core/packages/mission_manager)
[3.180s] Level 1:colcon.colcon_core.environment:create_environment_scripts_only(simulator)
[3.181s] Level 1:colcon.colcon_core.environment:checking '/home/jeongwoo/Automotive_software_final/install/simulator' for CMake module files
[3.183s] Level 1:colcon.colcon_core.environment:checking '/home/jeongwoo/Automotive_software_final/install/simulator' for CMake config files
[3.183s] Level 1:colcon.colcon_core.shell:create_environment_hook('simulator', 'cmake_prefix_path')
[3.184s] INFO:colcon.colcon_core.shell:Creating environment hook '/home/jeongwoo/Automotive_software_final/install/simulator/share/simulator/hook/cmake_prefix_path.ps1'
[3.185s] INFO:colcon.colcon_core.shell:Creating environment descriptor '/home/jeongwoo/Automotive_software_final/install/simulator/share/simulator/hook/cmake_prefix_path.dsv'
[3.189s] INFO:colcon.colcon_core.shell:Creating environment hook '/home/jeongwoo/Automotive_software_final/install/simulator/share/simulator/hook/cmake_prefix_path.sh'
[3.190s] Level 1:colcon.colcon_core.environment:checking '/home/jeongwoo/Automotive_software_final/install/simulator/lib'
[3.191s] Level 1:colcon.colcon_core.environment:checking '/home/jeongwoo/Automotive_software_final/install/simulator/bin'
[3.191s] Level 1:colcon.colcon_core.environment:checking '/home/jeongwoo/Automotive_software_final/install/simulator/lib/pkgconfig/simulator.pc'
[3.192s] Level 1:colcon.colcon_core.environment:checking '/home/jeongwoo/Automotive_software_final/install/simulator/lib/python3.10/site-packages'
[3.192s] Level 1:colcon.colcon_core.environment:checking '/home/jeongwoo/Automotive_software_final/install/simulator/bin'
[3.195s] INFO:colcon.colcon_core.shell:Creating package script '/home/jeongwoo/Automotive_software_final/install/simulator/share/simulator/package.ps1'
[3.196s] INFO:colcon.colcon_core.shell:Creating package descriptor '/home/jeongwoo/Automotive_software_final/install/simulator/share/simulator/package.dsv'
[3.197s] INFO:colcon.colcon_core.shell:Creating package script '/home/jeongwoo/Automotive_software_final/install/simulator/share/simulator/package.sh'
[3.199s] INFO:colcon.colcon_core.shell:Creating package script '/home/jeongwoo/Automotive_software_final/install/simulator/share/simulator/package.bash'
[3.200s] INFO:colcon.colcon_core.shell:Creating package script '/home/jeongwoo/Automotive_software_final/install/simulator/share/simulator/package.zsh'
[3.207s] Level 1:colcon.colcon_core.environment:create_file_with_runtime_dependencies(/home/jeongwoo/Automotive_software_final/install/simulator/share/colcon-core/packages/simulator)
[39.609s] DEBUG:colcon.colcon_core.event_handler.log_command:Invoked command in '/home/jeongwoo/Automotive_software_final/build/autonomous_driving' returned '2': AMENT_PREFIX_PATH=/home/jeongwoo/Automotive_software_final/install/ad_msgs:${AMENT_PREFIX_PATH} CMAKE_PREFIX_PATH=/home/jeongwoo/Automotive_software_final/install/ad_msgs:/opt/ros/humble LD_LIBRARY_PATH=/home/jeongwoo/Automotive_software_final/install/ad_msgs/lib:${LD_LIBRARY_PATH} PYTHONPATH=/home/jeongwoo/Automotive_software_final/install/ad_msgs/local/lib/python3.10/dist-packages:${PYTHONPATH} /usr/bin/cmake --build /home/jeongwoo/Automotive_software_final/build/autonomous_driving -- -j8 -l8
[39.661s] Level 1:colcon.colcon_core.environment:create_environment_scripts_only(autonomous_driving)
[39.662s] Level 1:colcon.colcon_core.environment:checking '/home/jeongwoo/Automotive_software_final/install/autonomous_driving' for CMake module files
[39.662s] Level 1:colcon.colcon_core.environment:checking '/home/jeongwoo/Automotive_software_final/install/autonomous_driving' for CMake config files
[39.664s] Level 1:colcon.colcon_core.shell:create_environment_hook('autonomous_driving', 'cmake_prefix_path')
[39.664s] INFO:colcon.colcon_core.shell:Creating environment hook '/home/jeongwoo/Automotive_software_final/install/autonomous_driving/share/autonomous_driving/hook/cmake_prefix_path.ps1'
[39.665s] INFO:colcon.colcon_core.shell:Creating environment descriptor '/home/jeongwoo/Automotive_software_final/install/autonomous_driving/share/autonomous_driving/hook/cmake_prefix_path.dsv'
[39.666s] INFO:colcon.colcon_core.shell:Creating environment hook '/home/jeongwoo/Automotive_software_final/install/autonomous_driving/share/autonomous_driving/hook/cmake_prefix_path.sh'
[39.667s] Level 1:colcon.colcon_core.environment:checking '/home/jeongwoo/Automotive_software_final/install/autonomous_driving/lib'
[39.667s] Level 1:colcon.colcon_core.environment:checking '/home/jeongwoo/Automotive_software_final/install/autonomous_driving/bin'
[39.667s] Level 1:colcon.colcon_core.environment:checking '/home/jeongwoo/Automotive_software_final/install/autonomous_driving/lib/pkgconfig/autonomous_driving.pc'
[39.668s] Level 1:colcon.colcon_core.environment:checking '/home/jeongwoo/Automotive_software_final/install/autonomous_driving/lib/python3.10/site-packages'
[39.668s] Level 1:colcon.colcon_core.environment:checking '/home/jeongwoo/Automotive_software_final/install/autonomous_driving/bin'
[39.669s] INFO:colcon.colcon_core.shell:Creating package script '/home/jeongwoo/Automotive_software_final/install/autonomous_driving/share/autonomous_driving/package.ps1'
[39.670s] INFO:colcon.colcon_core.shell:Creating package descriptor '/home/jeongwoo/Automotive_software_final/install/autonomous_driving/share/autonomous_driving/package.dsv'
[39.671s] INFO:colcon.colcon_core.shell:Creating package script '/home/jeongwoo/Automotive_software_final/install/autonomous_driving/share/autonomous_driving/package.sh'
[39.672s] INFO:colcon.colcon_core.shell:Creating package script '/home/jeongwoo/Automotive_software_final/install/autonomous_driving/share/autonomous_driving/package.bash'
[39.673s] INFO:colcon.colcon_core.shell:Creating package script '/home/jeongwoo/Automotive_software_final/install/autonomous_driving/share/autonomous_driving/package.zsh'
[39.674s] Level 1:colcon.colcon_core.environment:create_file_with_runtime_dependencies(/home/jeongwoo/Automotive_software_final/install/autonomous_driving/share/colcon-core/packages/autonomous_driving)
[39.684s] DEBUG:colcon.colcon_parallel_executor.executor.parallel:closing loop
[39.685s] DEBUG:colcon.colcon_parallel_executor.executor.parallel:loop closed
[39.685s] DEBUG:colcon.colcon_parallel_executor.executor.parallel:run_until_complete finished with '2'
[39.685s] DEBUG:colcon.colcon_core.event_reactor:joining thread
[39.768s] INFO:colcon.colcon_core.plugin_system:Skipping extension 'colcon_notification.desktop_notification.notify_send': Could not find 'notify-send'
[39.769s] INFO:colcon.colcon_core.plugin_system:Skipping extension 'colcon_notification.desktop_notification.terminal_notifier': Not used on non-Darwin systems
[39.769s] INFO:colcon.colcon_core.plugin_system:Skipping extension 'colcon_notification.desktop_notification.win32': Not used on non-Windows systems
[39.769s] INFO:colcon.colcon_notification.desktop_notification:Sending desktop notification using 'notify2'
[39.771s] DEBUG:colcon.colcon_notification.desktop_notification.notify2:Failed to initialize notify2: org.freedesktop.DBus.Error.ServiceUnknown: The name org.freedesktop.Notifications was not provided by any .service files
[39.772s] DEBUG:colcon.colcon_core.event_reactor:joined thread
[39.772s] INFO:colcon.colcon_core.shell:Creating prefix script '/home/jeongwoo/Automotive_software_final/install/local_setup.ps1'
[39.774s] INFO:colcon.colcon_core.shell:Creating prefix util module '/home/jeongwoo/Automotive_software_final/install/_local_setup_util_ps1.py'
[39.776s] INFO:colcon.colcon_core.shell:Creating prefix chain script '/home/jeongwoo/Automotive_software_final/install/setup.ps1'
[39.777s] INFO:colcon.colcon_core.shell:Creating prefix script '/home/jeongwoo/Automotive_software_final/install/local_setup.sh'
[39.779s] INFO:colcon.colcon_core.shell:Creating prefix util module '/home/jeongwoo/Automotive_software_final/install/_local_setup_util_sh.py'
[39.780s] INFO:colcon.colcon_core.shell:Creating prefix chain script '/home/jeongwoo/Automotive_software_final/install/setup.sh'
[39.781s] INFO:colcon.colcon_core.shell:Creating prefix script '/home/jeongwoo/Automotive_software_final/install/local_setup.bash'
[39.782s] INFO:colcon.colcon_core.shell:Creating prefix chain script '/home/jeongwoo/Automotive_software_final/install/setup.bash'
[39.784s] INFO:colcon.colcon_core.shell:Creating prefix script '/home/jeongwoo/Automotive_software_final/install/local_setup.zsh'
[39.786s] INFO:colcon.colcon_core.shell:Creating prefix chain script '/home/jeongwoo/Automotive_software_final/install/setup.zsh'
