[0.221s] DEBUG:colcon:Command line arguments: ['/usr/bin/colcon', 'build']
[0.221s] DEBUG:colcon:Parsed command line arguments: Namespace(log_base=None, log_level=None, verb_name='build', build_base='build', install_base='install', merge_install=False, symlink_install=False, test_result_base=None, continue_on_error=False, executor='parallel', parallel_workers=8, event_handlers=None, ignore_user_meta=False, metas=['./colcon.meta'], base_paths=['.'], packages_ignore=None, packages_ignore_regex=None, paths=None, packages_up_to=None, packages_up_to_regex=None, packages_above=None, packages_above_and_dependencies=None, packages_above_depth=None, packages_select_by_dep=None, packages_skip_by_dep=None, packages_skip_up_to=None, packages_select_build_failed=False, packages_skip_build_finished=False, packages_select_test_failures=False, packages_skip_test_passed=False, packages_select=None, packages_skip=None, packages_select_regex=None, packages_skip_regex=None, packages_start=None, packages_end=None, allow_overriding=[], cmake_args=None, cmake_target=None, cmake_target_skip_unavailable=False, cmake_clean_cache=False, cmake_clean_first=False, cmake_force_configure=False, ament_cmake_args=None, catkin_cmake_args=None, catkin_skip_building_tests=False, verb_parser=<colcon_defaults.argument_parser.defaults.DefaultArgumentsDecorator object at 0x7f26b0d07f40>, verb_extension=<colcon_core.verb.build.BuildVerb object at 0x7f26b0e4cac0>, main=<bound method BuildVerb.main of <colcon_core.verb.build.BuildVerb object at 0x7f26b0e4cac0>>)
[0.399s] Level 1:colcon.colcon_core.package_discovery:discover_packages(colcon_meta) check parameters
[0.399s] Level 1:colcon.colcon_core.package_discovery:discover_packages(recursive) check parameters
[0.399s] Level 1:colcon.colcon_core.package_discovery:discover_packages(ignore) check parameters
[0.400s] Level 1:colcon.colcon_core.package_discovery:discover_packages(path) check parameters
[0.400s] Level 1:colcon.colcon_core.package_discovery:discover_packages(colcon_meta) discover
[0.400s] Level 1:colcon.colcon_core.package_discovery:discover_packages(recursive) discover
[0.400s] INFO:colcon.colcon_core.package_discovery:Crawling recursively for packages in '/home/jeongwoo/Automotive_software_final'
[0.400s] Level 1:colcon.colcon_core.package_identification:_identify(.) by extensions ['ignore', 'ignore_ament_install']
[0.400s] Level 1:colcon.colcon_core.package_identification:_identify(.) by extension 'ignore'
[0.400s] Level 1:colcon.colcon_core.package_identification:_identify(.) by extension 'ignore_ament_install'
[0.400s] Level 1:colcon.colcon_core.package_identification:_identify(.) by extensions ['colcon_pkg']
[0.400s] Level 1:colcon.colcon_core.package_identification:_identify(.) by extension 'colcon_pkg'
[0.400s] Level 1:colcon.colcon_core.package_identification:_identify(.) by extensions ['colcon_meta']
[0.400s] Level 1:colcon.colcon_core.package_identification:_identify(.) by extension 'colcon_meta'
[0.400s] Level 1:colcon.colcon_core.package_identification:_identify(.) by extensions ['ros']
[0.400s] Level 1:colcon.colcon_core.package_identification:_identify(.) by extension 'ros'
[0.415s] Level 1:colcon.colcon_core.package_identification:_identify(.) by extensions ['cmake', 'python']
[0.415s] Level 1:colcon.colcon_core.package_identification:_identify(.) by extension 'cmake'
[0.416s] Level 1:colcon.colcon_core.package_identification:_identify(.) by extension 'python'
[0.416s] Level 1:colcon.colcon_core.package_identification:_identify(.) by extensions ['python_setup_py']
[0.416s] Level 1:colcon.colcon_core.package_identification:_identify(.) by extension 'python_setup_py'
[0.416s] Level 1:colcon.colcon_core.package_identification:_identify(build) by extensions ['ignore', 'ignore_ament_install']
[0.416s] Level 1:colcon.colcon_core.package_identification:_identify(build) by extension 'ignore'
[0.416s] Level 1:colcon.colcon_core.package_identification:_identify(build) ignored
[0.416s] Level 1:colcon.colcon_core.package_identification:_identify(install) by extensions ['ignore', 'ignore_ament_install']
[0.416s] Level 1:colcon.colcon_core.package_identification:_identify(install) by extension 'ignore'
[0.417s] Level 1:colcon.colcon_core.package_identification:_identify(install) ignored
[0.417s] Level 1:colcon.colcon_core.package_identification:_identify(log) by extensions ['ignore', 'ignore_ament_install']
[0.417s] Level 1:colcon.colcon_core.package_identification:_identify(log) by extension 'ignore'
[0.417s] Level 1:colcon.colcon_core.package_identification:_identify(log) ignored
[0.417s] Level 1:colcon.colcon_core.package_identification:_identify(resources) by extensions ['ignore', 'ignore_ament_install']
[0.417s] Level 1:colcon.colcon_core.package_identification:_identify(resources) by extension 'ignore'
[0.417s] Level 1:colcon.colcon_core.package_identification:_identify(resources) by extension 'ignore_ament_install'
[0.417s] Level 1:colcon.colcon_core.package_identification:_identify(resources) by extensions ['colcon_pkg']
[0.417s] Level 1:colcon.colcon_core.package_identification:_identify(resources) by extension 'colcon_pkg'
[0.417s] Level 1:colcon.colcon_core.package_identification:_identify(resources) by extensions ['colcon_meta']
[0.417s] Level 1:colcon.colcon_core.package_identification:_identify(resources) by extension 'colcon_meta'
[0.417s] Level 1:colcon.colcon_core.package_identification:_identify(resources) by extensions ['ros']
[0.417s] Level 1:colcon.colcon_core.package_identification:_identify(resources) by extension 'ros'
[0.418s] Level 1:colcon.colcon_core.package_identification:_identify(resources) by extensions ['cmake', 'python']
[0.418s] Level 1:colcon.colcon_core.package_identification:_identify(resources) by extension 'cmake'
[0.418s] Level 1:colcon.colcon_core.package_identification:_identify(resources) by extension 'python'
[0.418s] Level 1:colcon.colcon_core.package_identification:_identify(resources) by extensions ['python_setup_py']
[0.418s] Level 1:colcon.colcon_core.package_identification:_identify(resources) by extension 'python_setup_py'
[0.418s] Level 1:colcon.colcon_core.package_identification:_identify(resources/csv) by extensions ['ignore', 'ignore_ament_install']
[0.418s] Level 1:colcon.colcon_core.package_identification:_identify(resources/csv) by extension 'ignore'
[0.418s] Level 1:colcon.colcon_core.package_identification:_identify(resources/csv) by extension 'ignore_ament_install'
[0.418s] Level 1:colcon.colcon_core.package_identification:_identify(resources/csv) by extensions ['colcon_pkg']
[0.418s] Level 1:colcon.colcon_core.package_identification:_identify(resources/csv) by extension 'colcon_pkg'
[0.418s] Level 1:colcon.colcon_core.package_identification:_identify(resources/csv) by extensions ['colcon_meta']
[0.418s] Level 1:colcon.colcon_core.package_identification:_identify(resources/csv) by extension 'colcon_meta'
[0.418s] Level 1:colcon.colcon_core.package_identification:_identify(resources/csv) by extensions ['ros']
[0.418s] Level 1:colcon.colcon_core.package_identification:_identify(resources/csv) by extension 'ros'
[0.419s] Level 1:colcon.colcon_core.package_identification:_identify(resources/csv) by extensions ['cmake', 'python']
[0.419s] Level 1:colcon.colcon_core.package_identification:_identify(resources/csv) by extension 'cmake'
[0.419s] Level 1:colcon.colcon_core.package_identification:_identify(resources/csv) by extension 'python'
[0.419s] Level 1:colcon.colcon_core.package_identification:_identify(resources/csv) by extensions ['python_setup_py']
[0.419s] Level 1:colcon.colcon_core.package_identification:_identify(resources/csv) by extension 'python_setup_py'
[0.419s] Level 1:colcon.colcon_core.package_identification:_identify(resources/csv/evaluation_lane) by extensions ['ignore', 'ignore_ament_install']
[0.419s] Level 1:colcon.colcon_core.package_identification:_identify(resources/csv/evaluation_lane) by extension 'ignore'
[0.420s] Level 1:colcon.colcon_core.package_identification:_identify(resources/csv/evaluation_lane) by extension 'ignore_ament_install'
[0.420s] Level 1:colcon.colcon_core.package_identification:_identify(resources/csv/evaluation_lane) by extensions ['colcon_pkg']
[0.420s] Level 1:colcon.colcon_core.package_identification:_identify(resources/csv/evaluation_lane) by extension 'colcon_pkg'
[0.420s] Level 1:colcon.colcon_core.package_identification:_identify(resources/csv/evaluation_lane) by extensions ['colcon_meta']
[0.420s] Level 1:colcon.colcon_core.package_identification:_identify(resources/csv/evaluation_lane) by extension 'colcon_meta'
[0.420s] Level 1:colcon.colcon_core.package_identification:_identify(resources/csv/evaluation_lane) by extensions ['ros']
[0.420s] Level 1:colcon.colcon_core.package_identification:_identify(resources/csv/evaluation_lane) by extension 'ros'
[0.420s] Level 1:colcon.colcon_core.package_identification:_identify(resources/csv/evaluation_lane) by extensions ['cmake', 'python']
[0.420s] Level 1:colcon.colcon_core.package_identification:_identify(resources/csv/evaluation_lane) by extension 'cmake'
[0.420s] Level 1:colcon.colcon_core.package_identification:_identify(resources/csv/evaluation_lane) by extension 'python'
[0.421s] Level 1:colcon.colcon_core.package_identification:_identify(resources/csv/evaluation_lane) by extensions ['python_setup_py']
[0.421s] Level 1:colcon.colcon_core.package_identification:_identify(resources/csv/evaluation_lane) by extension 'python_setup_py'
[0.421s] Level 1:colcon.colcon_core.package_identification:_identify(resources/csv/simulation_lane) by extensions ['ignore', 'ignore_ament_install']
[0.421s] Level 1:colcon.colcon_core.package_identification:_identify(resources/csv/simulation_lane) by extension 'ignore'
[0.421s] Level 1:colcon.colcon_core.package_identification:_identify(resources/csv/simulation_lane) by extension 'ignore_ament_install'
[0.421s] Level 1:colcon.colcon_core.package_identification:_identify(resources/csv/simulation_lane) by extensions ['colcon_pkg']
[0.421s] Level 1:colcon.colcon_core.package_identification:_identify(resources/csv/simulation_lane) by extension 'colcon_pkg'
[0.421s] Level 1:colcon.colcon_core.package_identification:_identify(resources/csv/simulation_lane) by extensions ['colcon_meta']
[0.421s] Level 1:colcon.colcon_core.package_identification:_identify(resources/csv/simulation_lane) by extension 'colcon_meta'
[0.421s] Level 1:colcon.colcon_core.package_identification:_identify(resources/csv/simulation_lane) by extensions ['ros']
[0.421s] Level 1:colcon.colcon_core.package_identification:_identify(resources/csv/simulation_lane) by extension 'ros'
[0.421s] Level 1:colcon.colcon_core.package_identification:_identify(resources/csv/simulation_lane) by extensions ['cmake', 'python']
[0.421s] Level 1:colcon.colcon_core.package_identification:_identify(resources/csv/simulation_lane) by extension 'cmake'
[0.421s] Level 1:colcon.colcon_core.package_identification:_identify(resources/csv/simulation_lane) by extension 'python'
[0.422s] Level 1:colcon.colcon_core.package_identification:_identify(resources/csv/simulation_lane) by extensions ['python_setup_py']
[0.422s] Level 1:colcon.colcon_core.package_identification:_identify(resources/csv/simulation_lane) by extension 'python_setup_py'
[0.422s] Level 1:colcon.colcon_core.package_identification:_identify(resources/meshes) by extensions ['ignore', 'ignore_ament_install']
[0.422s] Level 1:colcon.colcon_core.package_identification:_identify(resources/meshes) by extension 'ignore'
[0.422s] Level 1:colcon.colcon_core.package_identification:_identify(resources/meshes) by extension 'ignore_ament_install'
[0.422s] Level 1:colcon.colcon_core.package_identification:_identify(resources/meshes) by extensions ['colcon_pkg']
[0.422s] Level 1:colcon.colcon_core.package_identification:_identify(resources/meshes) by extension 'colcon_pkg'
[0.422s] Level 1:colcon.colcon_core.package_identification:_identify(resources/meshes) by extensions ['colcon_meta']
[0.422s] Level 1:colcon.colcon_core.package_identification:_identify(resources/meshes) by extension 'colcon_meta'
[0.422s] Level 1:colcon.colcon_core.package_identification:_identify(resources/meshes) by extensions ['ros']
[0.422s] Level 1:colcon.colcon_core.package_identification:_identify(resources/meshes) by extension 'ros'
[0.422s] Level 1:colcon.colcon_core.package_identification:_identify(resources/meshes) by extensions ['cmake', 'python']
[0.423s] Level 1:colcon.colcon_core.package_identification:_identify(resources/meshes) by extension 'cmake'
[0.423s] Level 1:colcon.colcon_core.package_identification:_identify(resources/meshes) by extension 'python'
[0.423s] Level 1:colcon.colcon_core.package_identification:_identify(resources/meshes) by extensions ['python_setup_py']
[0.423s] Level 1:colcon.colcon_core.package_identification:_identify(resources/meshes) by extension 'python_setup_py'
[0.423s] Level 1:colcon.colcon_core.package_identification:_identify(resources/rviz) by extensions ['ignore', 'ignore_ament_install']
[0.423s] Level 1:colcon.colcon_core.package_identification:_identify(resources/rviz) by extension 'ignore'
[0.423s] Level 1:colcon.colcon_core.package_identification:_identify(resources/rviz) by extension 'ignore_ament_install'
[0.423s] Level 1:colcon.colcon_core.package_identification:_identify(resources/rviz) by extensions ['colcon_pkg']
[0.423s] Level 1:colcon.colcon_core.package_identification:_identify(resources/rviz) by extension 'colcon_pkg'
[0.423s] Level 1:colcon.colcon_core.package_identification:_identify(resources/rviz) by extensions ['colcon_meta']
[0.423s] Level 1:colcon.colcon_core.package_identification:_identify(resources/rviz) by extension 'colcon_meta'
[0.423s] Level 1:colcon.colcon_core.package_identification:_identify(resources/rviz) by extensions ['ros']
[0.423s] Level 1:colcon.colcon_core.package_identification:_identify(resources/rviz) by extension 'ros'
[0.423s] Level 1:colcon.colcon_core.package_identification:_identify(resources/rviz) by extensions ['cmake', 'python']
[0.424s] Level 1:colcon.colcon_core.package_identification:_identify(resources/rviz) by extension 'cmake'
[0.424s] Level 1:colcon.colcon_core.package_identification:_identify(resources/rviz) by extension 'python'
[0.424s] Level 1:colcon.colcon_core.package_identification:_identify(resources/rviz) by extensions ['python_setup_py']
[0.424s] Level 1:colcon.colcon_core.package_identification:_identify(resources/rviz) by extension 'python_setup_py'
[0.424s] Level 1:colcon.colcon_core.package_identification:_identify(src) by extensions ['ignore', 'ignore_ament_install']
[0.424s] Level 1:colcon.colcon_core.package_identification:_identify(src) by extension 'ignore'
[0.424s] Level 1:colcon.colcon_core.package_identification:_identify(src) by extension 'ignore_ament_install'
[0.424s] Level 1:colcon.colcon_core.package_identification:_identify(src) by extensions ['colcon_pkg']
[0.424s] Level 1:colcon.colcon_core.package_identification:_identify(src) by extension 'colcon_pkg'
[0.424s] Level 1:colcon.colcon_core.package_identification:_identify(src) by extensions ['colcon_meta']
[0.424s] Level 1:colcon.colcon_core.package_identification:_identify(src) by extension 'colcon_meta'
[0.425s] Level 1:colcon.colcon_core.package_identification:_identify(src) by extensions ['ros']
[0.425s] Level 1:colcon.colcon_core.package_identification:_identify(src) by extension 'ros'
[0.425s] Level 1:colcon.colcon_core.package_identification:_identify(src) by extensions ['cmake', 'python']
[0.425s] Level 1:colcon.colcon_core.package_identification:_identify(src) by extension 'cmake'
[0.425s] Level 1:colcon.colcon_core.package_identification:_identify(src) by extension 'python'
[0.425s] Level 1:colcon.colcon_core.package_identification:_identify(src) by extensions ['python_setup_py']
[0.425s] Level 1:colcon.colcon_core.package_identification:_identify(src) by extension 'python_setup_py'
[0.426s] Level 1:colcon.colcon_core.package_identification:_identify(src/app) by extensions ['ignore', 'ignore_ament_install']
[0.426s] Level 1:colcon.colcon_core.package_identification:_identify(src/app) by extension 'ignore'
[0.426s] Level 1:colcon.colcon_core.package_identification:_identify(src/app) by extension 'ignore_ament_install'
[0.426s] Level 1:colcon.colcon_core.package_identification:_identify(src/app) by extensions ['colcon_pkg']
[0.426s] Level 1:colcon.colcon_core.package_identification:_identify(src/app) by extension 'colcon_pkg'
[0.426s] Level 1:colcon.colcon_core.package_identification:_identify(src/app) by extensions ['colcon_meta']
[0.426s] Level 1:colcon.colcon_core.package_identification:_identify(src/app) by extension 'colcon_meta'
[0.426s] Level 1:colcon.colcon_core.package_identification:_identify(src/app) by extensions ['ros']
[0.427s] Level 1:colcon.colcon_core.package_identification:_identify(src/app) by extension 'ros'
[0.427s] Level 1:colcon.colcon_core.package_identification:_identify(src/app) by extensions ['cmake', 'python']
[0.427s] Level 1:colcon.colcon_core.package_identification:_identify(src/app) by extension 'cmake'
[0.427s] Level 1:colcon.colcon_core.package_identification:_identify(src/app) by extension 'python'
[0.427s] Level 1:colcon.colcon_core.package_identification:_identify(src/app) by extensions ['python_setup_py']
[0.427s] Level 1:colcon.colcon_core.package_identification:_identify(src/app) by extension 'python_setup_py'
[0.427s] Level 1:colcon.colcon_core.package_identification:_identify(src/app/autonomous_driving) by extensions ['ignore', 'ignore_ament_install']
[0.427s] Level 1:colcon.colcon_core.package_identification:_identify(src/app/autonomous_driving) by extension 'ignore'
[0.427s] Level 1:colcon.colcon_core.package_identification:_identify(src/app/autonomous_driving) by extension 'ignore_ament_install'
[0.427s] Level 1:colcon.colcon_core.package_identification:_identify(src/app/autonomous_driving) by extensions ['colcon_pkg']
[0.428s] Level 1:colcon.colcon_core.package_identification:_identify(src/app/autonomous_driving) by extension 'colcon_pkg'
[0.428s] Level 1:colcon.colcon_core.package_identification:_identify(src/app/autonomous_driving) by extensions ['colcon_meta']
[0.428s] Level 1:colcon.colcon_core.package_identification:_identify(src/app/autonomous_driving) by extension 'colcon_meta'
[0.428s] Level 1:colcon.colcon_core.package_identification:_identify(src/app/autonomous_driving) by extensions ['ros']
[0.428s] Level 1:colcon.colcon_core.package_identification:_identify(src/app/autonomous_driving) by extension 'ros'
[0.430s] DEBUG:colcon.colcon_core.package_identification:Package 'src/app/autonomous_driving' with type 'ros.ament_cmake' and name 'autonomous_driving'
[0.430s] Level 1:colcon.colcon_core.package_identification:_identify(src/app/evaluation) by extensions ['ignore', 'ignore_ament_install']
[0.431s] Level 1:colcon.colcon_core.package_identification:_identify(src/app/evaluation) by extension 'ignore'
[0.431s] Level 1:colcon.colcon_core.package_identification:_identify(src/app/evaluation) by extension 'ignore_ament_install'
[0.431s] Level 1:colcon.colcon_core.package_identification:_identify(src/app/evaluation) by extensions ['colcon_pkg']
[0.431s] Level 1:colcon.colcon_core.package_identification:_identify(src/app/evaluation) by extension 'colcon_pkg'
[0.431s] Level 1:colcon.colcon_core.package_identification:_identify(src/app/evaluation) by extensions ['colcon_meta']
[0.431s] Level 1:colcon.colcon_core.package_identification:_identify(src/app/evaluation) by extension 'colcon_meta'
[0.431s] Level 1:colcon.colcon_core.package_identification:_identify(src/app/evaluation) by extensions ['ros']
[0.431s] Level 1:colcon.colcon_core.package_identification:_identify(src/app/evaluation) by extension 'ros'
[0.432s] DEBUG:colcon.colcon_core.package_identification:Package 'src/app/evaluation' with type 'ros.ament_cmake' and name 'evaluation'
[0.432s] Level 1:colcon.colcon_core.package_identification:_identify(src/app/mission_manager) by extensions ['ignore', 'ignore_ament_install']
[0.432s] Level 1:colcon.colcon_core.package_identification:_identify(src/app/mission_manager) by extension 'ignore'
[0.433s] Level 1:colcon.colcon_core.package_identification:_identify(src/app/mission_manager) by extension 'ignore_ament_install'
[0.433s] Level 1:colcon.colcon_core.package_identification:_identify(src/app/mission_manager) by extensions ['colcon_pkg']
[0.433s] Level 1:colcon.colcon_core.package_identification:_identify(src/app/mission_manager) by extension 'colcon_pkg'
[0.433s] Level 1:colcon.colcon_core.package_identification:_identify(src/app/mission_manager) by extensions ['colcon_meta']
[0.433s] Level 1:colcon.colcon_core.package_identification:_identify(src/app/mission_manager) by extension 'colcon_meta'
[0.433s] Level 1:colcon.colcon_core.package_identification:_identify(src/app/mission_manager) by extensions ['ros']
[0.433s] Level 1:colcon.colcon_core.package_identification:_identify(src/app/mission_manager) by extension 'ros'
[0.434s] DEBUG:colcon.colcon_core.package_identification:Package 'src/app/mission_manager' with type 'ros.ament_cmake' and name 'mission_manager'
[0.434s] Level 1:colcon.colcon_core.package_identification:_identify(src/app/simulator) by extensions ['ignore', 'ignore_ament_install']
[0.434s] Level 1:colcon.colcon_core.package_identification:_identify(src/app/simulator) by extension 'ignore'
[0.434s] Level 1:colcon.colcon_core.package_identification:_identify(src/app/simulator) by extension 'ignore_ament_install'
[0.435s] Level 1:colcon.colcon_core.package_identification:_identify(src/app/simulator) by extensions ['colcon_pkg']
[0.435s] Level 1:colcon.colcon_core.package_identification:_identify(src/app/simulator) by extension 'colcon_pkg'
[0.435s] Level 1:colcon.colcon_core.package_identification:_identify(src/app/simulator) by extensions ['colcon_meta']
[0.435s] Level 1:colcon.colcon_core.package_identification:_identify(src/app/simulator) by extension 'colcon_meta'
[0.435s] Level 1:colcon.colcon_core.package_identification:_identify(src/app/simulator) by extensions ['ros']
[0.435s] Level 1:colcon.colcon_core.package_identification:_identify(src/app/simulator) by extension 'ros'
[0.436s] DEBUG:colcon.colcon_core.package_identification:Package 'src/app/simulator' with type 'ros.ament_cmake' and name 'simulator'
[0.436s] Level 1:colcon.colcon_core.package_identification:_identify(src/bsw) by extensions ['ignore', 'ignore_ament_install']
[0.436s] Level 1:colcon.colcon_core.package_identification:_identify(src/bsw) by extension 'ignore'
[0.437s] Level 1:colcon.colcon_core.package_identification:_identify(src/bsw) by extension 'ignore_ament_install'
[0.437s] Level 1:colcon.colcon_core.package_identification:_identify(src/bsw) by extensions ['colcon_pkg']
[0.437s] Level 1:colcon.colcon_core.package_identification:_identify(src/bsw) by extension 'colcon_pkg'
[0.437s] Level 1:colcon.colcon_core.package_identification:_identify(src/bsw) by extensions ['colcon_meta']
[0.437s] Level 1:colcon.colcon_core.package_identification:_identify(src/bsw) by extension 'colcon_meta'
[0.437s] Level 1:colcon.colcon_core.package_identification:_identify(src/bsw) by extensions ['ros']
[0.437s] Level 1:colcon.colcon_core.package_identification:_identify(src/bsw) by extension 'ros'
[0.437s] Level 1:colcon.colcon_core.package_identification:_identify(src/bsw) by extensions ['cmake', 'python']
[0.437s] Level 1:colcon.colcon_core.package_identification:_identify(src/bsw) by extension 'cmake'
[0.437s] Level 1:colcon.colcon_core.package_identification:_identify(src/bsw) by extension 'python'
[0.437s] Level 1:colcon.colcon_core.package_identification:_identify(src/bsw) by extensions ['python_setup_py']
[0.437s] Level 1:colcon.colcon_core.package_identification:_identify(src/bsw) by extension 'python_setup_py'
[0.438s] Level 1:colcon.colcon_core.package_identification:_identify(src/bsw/system) by extensions ['ignore', 'ignore_ament_install']
[0.438s] Level 1:colcon.colcon_core.package_identification:_identify(src/bsw/system) by extension 'ignore'
[0.438s] Level 1:colcon.colcon_core.package_identification:_identify(src/bsw/system) by extension 'ignore_ament_install'
[0.438s] Level 1:colcon.colcon_core.package_identification:_identify(src/bsw/system) by extensions ['colcon_pkg']
[0.438s] Level 1:colcon.colcon_core.package_identification:_identify(src/bsw/system) by extension 'colcon_pkg'
[0.438s] Level 1:colcon.colcon_core.package_identification:_identify(src/bsw/system) by extensions ['colcon_meta']
[0.438s] Level 1:colcon.colcon_core.package_identification:_identify(src/bsw/system) by extension 'colcon_meta'
[0.438s] Level 1:colcon.colcon_core.package_identification:_identify(src/bsw/system) by extensions ['ros']
[0.438s] Level 1:colcon.colcon_core.package_identification:_identify(src/bsw/system) by extension 'ros'
[0.438s] Level 1:colcon.colcon_core.package_identification:_identify(src/bsw/system) by extensions ['cmake', 'python']
[0.439s] Level 1:colcon.colcon_core.package_identification:_identify(src/bsw/system) by extension 'cmake'
[0.439s] Level 1:colcon.colcon_core.package_identification:_identify(src/bsw/system) by extension 'python'
[0.439s] Level 1:colcon.colcon_core.package_identification:_identify(src/bsw/system) by extensions ['python_setup_py']
[0.439s] Level 1:colcon.colcon_core.package_identification:_identify(src/bsw/system) by extension 'python_setup_py'
[0.439s] Level 1:colcon.colcon_core.package_identification:_identify(src/bsw/system/bridge) by extensions ['ignore', 'ignore_ament_install']
[0.439s] Level 1:colcon.colcon_core.package_identification:_identify(src/bsw/system/bridge) by extension 'ignore'
[0.439s] Level 1:colcon.colcon_core.package_identification:_identify(src/bsw/system/bridge) by extension 'ignore_ament_install'
[0.439s] Level 1:colcon.colcon_core.package_identification:_identify(src/bsw/system/bridge) by extensions ['colcon_pkg']
[0.439s] Level 1:colcon.colcon_core.package_identification:_identify(src/bsw/system/bridge) by extension 'colcon_pkg'
[0.440s] Level 1:colcon.colcon_core.package_identification:_identify(src/bsw/system/bridge) by extensions ['colcon_meta']
[0.440s] Level 1:colcon.colcon_core.package_identification:_identify(src/bsw/system/bridge) by extension 'colcon_meta'
[0.440s] Level 1:colcon.colcon_core.package_identification:_identify(src/bsw/system/bridge) by extensions ['ros']
[0.440s] Level 1:colcon.colcon_core.package_identification:_identify(src/bsw/system/bridge) by extension 'ros'
[0.440s] Level 1:colcon.colcon_core.package_identification:_identify(src/bsw/system/bridge) by extensions ['cmake', 'python']
[0.440s] Level 1:colcon.colcon_core.package_identification:_identify(src/bsw/system/bridge) by extension 'cmake'
[0.440s] Level 1:colcon.colcon_core.package_identification:_identify(src/bsw/system/bridge) by extension 'python'
[0.440s] Level 1:colcon.colcon_core.package_identification:_identify(src/bsw/system/bridge) by extensions ['python_setup_py']
[0.440s] Level 1:colcon.colcon_core.package_identification:_identify(src/bsw/system/bridge) by extension 'python_setup_py'
[0.440s] Level 1:colcon.colcon_core.package_identification:_identify(src/bsw/system/interface) by extensions ['ignore', 'ignore_ament_install']
[0.440s] Level 1:colcon.colcon_core.package_identification:_identify(src/bsw/system/interface) by extension 'ignore'
[0.441s] Level 1:colcon.colcon_core.package_identification:_identify(src/bsw/system/interface) by extension 'ignore_ament_install'
[0.441s] Level 1:colcon.colcon_core.package_identification:_identify(src/bsw/system/interface) by extensions ['colcon_pkg']
[0.441s] Level 1:colcon.colcon_core.package_identification:_identify(src/bsw/system/interface) by extension 'colcon_pkg'
[0.441s] Level 1:colcon.colcon_core.package_identification:_identify(src/bsw/system/interface) by extensions ['colcon_meta']
[0.441s] Level 1:colcon.colcon_core.package_identification:_identify(src/bsw/system/interface) by extension 'colcon_meta'
[0.441s] Level 1:colcon.colcon_core.package_identification:_identify(src/bsw/system/interface) by extensions ['ros']
[0.441s] Level 1:colcon.colcon_core.package_identification:_identify(src/bsw/system/interface) by extension 'ros'
[0.441s] Level 1:colcon.colcon_core.package_identification:_identify(src/bsw/system/interface) by extensions ['cmake', 'python']
[0.441s] Level 1:colcon.colcon_core.package_identification:_identify(src/bsw/system/interface) by extension 'cmake'
[0.441s] Level 1:colcon.colcon_core.package_identification:_identify(src/bsw/system/interface) by extension 'python'
[0.441s] Level 1:colcon.colcon_core.package_identification:_identify(src/bsw/system/interface) by extensions ['python_setup_py']
[0.442s] Level 1:colcon.colcon_core.package_identification:_identify(src/bsw/system/interface) by extension 'python_setup_py'
[0.442s] Level 1:colcon.colcon_core.package_identification:_identify(src/rte) by extensions ['ignore', 'ignore_ament_install']
[0.442s] Level 1:colcon.colcon_core.package_identification:_identify(src/rte) by extension 'ignore'
[0.442s] Level 1:colcon.colcon_core.package_identification:_identify(src/rte) by extension 'ignore_ament_install'
[0.443s] Level 1:colcon.colcon_core.package_identification:_identify(src/rte) by extensions ['colcon_pkg']
[0.443s] Level 1:colcon.colcon_core.package_identification:_identify(src/rte) by extension 'colcon_pkg'
[0.443s] Level 1:colcon.colcon_core.package_identification:_identify(src/rte) by extensions ['colcon_meta']
[0.443s] Level 1:colcon.colcon_core.package_identification:_identify(src/rte) by extension 'colcon_meta'
[0.443s] Level 1:colcon.colcon_core.package_identification:_identify(src/rte) by extensions ['ros']
[0.443s] Level 1:colcon.colcon_core.package_identification:_identify(src/rte) by extension 'ros'
[0.444s] Level 1:colcon.colcon_core.package_identification:_identify(src/rte) by extensions ['cmake', 'python']
[0.444s] Level 1:colcon.colcon_core.package_identification:_identify(src/rte) by extension 'cmake'
[0.444s] Level 1:colcon.colcon_core.package_identification:_identify(src/rte) by extension 'python'
[0.444s] Level 1:colcon.colcon_core.package_identification:_identify(src/rte) by extensions ['python_setup_py']
[0.444s] Level 1:colcon.colcon_core.package_identification:_identify(src/rte) by extension 'python_setup_py'
[0.444s] Level 1:colcon.colcon_core.package_identification:_identify(src/rte/msg) by extensions ['ignore', 'ignore_ament_install']
[0.444s] Level 1:colcon.colcon_core.package_identification:_identify(src/rte/msg) by extension 'ignore'
[0.444s] Level 1:colcon.colcon_core.package_identification:_identify(src/rte/msg) by extension 'ignore_ament_install'
[0.445s] Level 1:colcon.colcon_core.package_identification:_identify(src/rte/msg) by extensions ['colcon_pkg']
[0.445s] Level 1:colcon.colcon_core.package_identification:_identify(src/rte/msg) by extension 'colcon_pkg'
[0.445s] Level 1:colcon.colcon_core.package_identification:_identify(src/rte/msg) by extensions ['colcon_meta']
[0.445s] Level 1:colcon.colcon_core.package_identification:_identify(src/rte/msg) by extension 'colcon_meta'
[0.445s] Level 1:colcon.colcon_core.package_identification:_identify(src/rte/msg) by extensions ['ros']
[0.445s] Level 1:colcon.colcon_core.package_identification:_identify(src/rte/msg) by extension 'ros'
[0.445s] Level 1:colcon.colcon_core.package_identification:_identify(src/rte/msg) by extensions ['cmake', 'python']
[0.445s] Level 1:colcon.colcon_core.package_identification:_identify(src/rte/msg) by extension 'cmake'
[0.445s] Level 1:colcon.colcon_core.package_identification:_identify(src/rte/msg) by extension 'python'
[0.445s] Level 1:colcon.colcon_core.package_identification:_identify(src/rte/msg) by extensions ['python_setup_py']
[0.445s] Level 1:colcon.colcon_core.package_identification:_identify(src/rte/msg) by extension 'python_setup_py'
[0.446s] Level 1:colcon.colcon_core.package_identification:_identify(src/rte/msg/ad_msgs) by extensions ['ignore', 'ignore_ament_install']
[0.446s] Level 1:colcon.colcon_core.package_identification:_identify(src/rte/msg/ad_msgs) by extension 'ignore'
[0.446s] Level 1:colcon.colcon_core.package_identification:_identify(src/rte/msg/ad_msgs) by extension 'ignore_ament_install'
[0.446s] Level 1:colcon.colcon_core.package_identification:_identify(src/rte/msg/ad_msgs) by extensions ['colcon_pkg']
[0.446s] Level 1:colcon.colcon_core.package_identification:_identify(src/rte/msg/ad_msgs) by extension 'colcon_pkg'
[0.446s] Level 1:colcon.colcon_core.package_identification:_identify(src/rte/msg/ad_msgs) by extensions ['colcon_meta']
[0.446s] Level 1:colcon.colcon_core.package_identification:_identify(src/rte/msg/ad_msgs) by extension 'colcon_meta'
[0.446s] Level 1:colcon.colcon_core.package_identification:_identify(src/rte/msg/ad_msgs) by extensions ['ros']
[0.446s] Level 1:colcon.colcon_core.package_identification:_identify(src/rte/msg/ad_msgs) by extension 'ros'
[0.447s] DEBUG:colcon.colcon_core.package_identification:Package 'src/rte/msg/ad_msgs' with type 'ros.ament_cmake' and name 'ad_msgs'
[0.447s] Level 1:colcon.colcon_core.package_discovery:discover_packages(recursive) using defaults
[0.447s] Level 1:colcon.colcon_core.package_discovery:discover_packages(ignore) discover
[0.447s] Level 1:colcon.colcon_core.package_discovery:discover_packages(ignore) using defaults
[0.447s] Level 1:colcon.colcon_core.package_discovery:discover_packages(path) discover
[0.448s] Level 1:colcon.colcon_core.package_discovery:discover_packages(path) using defaults
[0.485s] Level 1:colcon.colcon_core.package_discovery:discover_packages(prefix_path) check parameters
[0.485s] Level 1:colcon.colcon_core.package_discovery:discover_packages(prefix_path) discover
[0.489s] DEBUG:colcon.colcon_installed_package_information.package_discovery:Found 5 installed packages in /home/jeongwoo/Automotive_software_final/install
[0.491s] DEBUG:colcon.colcon_installed_package_information.package_discovery:Found 272 installed packages in /opt/ros/humble
[0.494s] Level 1:colcon.colcon_core.package_discovery:discover_packages(prefix_path) using defaults
[0.645s] Level 5:colcon.colcon_core.verb:set package 'ad_msgs' build argument 'cmake_args' from command line to 'None'
[0.645s] Level 5:colcon.colcon_core.verb:set package 'ad_msgs' build argument 'cmake_target' from command line to 'None'
[0.645s] Level 5:colcon.colcon_core.verb:set package 'ad_msgs' build argument 'cmake_target_skip_unavailable' from command line to 'False'
[0.645s] Level 5:colcon.colcon_core.verb:set package 'ad_msgs' build argument 'cmake_clean_cache' from command line to 'False'
[0.645s] Level 5:colcon.colcon_core.verb:set package 'ad_msgs' build argument 'cmake_clean_first' from command line to 'False'
[0.645s] Level 5:colcon.colcon_core.verb:set package 'ad_msgs' build argument 'cmake_force_configure' from command line to 'False'
[0.645s] Level 5:colcon.colcon_core.verb:set package 'ad_msgs' build argument 'ament_cmake_args' from command line to 'None'
[0.645s] Level 5:colcon.colcon_core.verb:set package 'ad_msgs' build argument 'catkin_cmake_args' from command line to 'None'
[0.645s] Level 5:colcon.colcon_core.verb:set package 'ad_msgs' build argument 'catkin_skip_building_tests' from command line to 'False'
[0.645s] DEBUG:colcon.colcon_core.verb:Building package 'ad_msgs' with the following arguments: {'ament_cmake_args': None, 'build_base': '/home/jeongwoo/Automotive_software_final/build/ad_msgs', 'catkin_cmake_args': None, 'catkin_skip_building_tests': False, 'cmake_args': None, 'cmake_clean_cache': False, 'cmake_clean_first': False, 'cmake_force_configure': False, 'cmake_target': None, 'cmake_target_skip_unavailable': False, 'install_base': '/home/jeongwoo/Automotive_software_final/install/ad_msgs', 'merge_install': False, 'path': '/home/jeongwoo/Automotive_software_final/src/rte/msg/ad_msgs', 'symlink_install': False, 'test_result_base': None}
[0.646s] Level 5:colcon.colcon_core.verb:set package 'autonomous_driving' build argument 'cmake_args' from command line to 'None'
[0.646s] Level 5:colcon.colcon_core.verb:set package 'autonomous_driving' build argument 'cmake_target' from command line to 'None'
[0.646s] Level 5:colcon.colcon_core.verb:set package 'autonomous_driving' build argument 'cmake_target_skip_unavailable' from command line to 'False'
[0.646s] Level 5:colcon.colcon_core.verb:set package 'autonomous_driving' build argument 'cmake_clean_cache' from command line to 'False'
[0.646s] Level 5:colcon.colcon_core.verb:set package 'autonomous_driving' build argument 'cmake_clean_first' from command line to 'False'
[0.646s] Level 5:colcon.colcon_core.verb:set package 'autonomous_driving' build argument 'cmake_force_configure' from command line to 'False'
[0.646s] Level 5:colcon.colcon_core.verb:set package 'autonomous_driving' build argument 'ament_cmake_args' from command line to 'None'
[0.646s] Level 5:colcon.colcon_core.verb:set package 'autonomous_driving' build argument 'catkin_cmake_args' from command line to 'None'
[0.646s] Level 5:colcon.colcon_core.verb:set package 'autonomous_driving' build argument 'catkin_skip_building_tests' from command line to 'False'
[0.646s] DEBUG:colcon.colcon_core.verb:Building package 'autonomous_driving' with the following arguments: {'ament_cmake_args': None, 'build_base': '/home/jeongwoo/Automotive_software_final/build/autonomous_driving', 'catkin_cmake_args': None, 'catkin_skip_building_tests': False, 'cmake_args': None, 'cmake_clean_cache': False, 'cmake_clean_first': False, 'cmake_force_configure': False, 'cmake_target': None, 'cmake_target_skip_unavailable': False, 'install_base': '/home/jeongwoo/Automotive_software_final/install/autonomous_driving', 'merge_install': False, 'path': '/home/jeongwoo/Automotive_software_final/src/app/autonomous_driving', 'symlink_install': False, 'test_result_base': None}
[0.647s] Level 5:colcon.colcon_core.verb:set package 'evaluation' build argument 'cmake_args' from command line to 'None'
[0.647s] Level 5:colcon.colcon_core.verb:set package 'evaluation' build argument 'cmake_target' from command line to 'None'
[0.647s] Level 5:colcon.colcon_core.verb:set package 'evaluation' build argument 'cmake_target_skip_unavailable' from command line to 'False'
[0.647s] Level 5:colcon.colcon_core.verb:set package 'evaluation' build argument 'cmake_clean_cache' from command line to 'False'
[0.647s] Level 5:colcon.colcon_core.verb:set package 'evaluation' build argument 'cmake_clean_first' from command line to 'False'
[0.647s] Level 5:colcon.colcon_core.verb:set package 'evaluation' build argument 'cmake_force_configure' from command line to 'False'
[0.647s] Level 5:colcon.colcon_core.verb:set package 'evaluation' build argument 'ament_cmake_args' from command line to 'None'
[0.647s] Level 5:colcon.colcon_core.verb:set package 'evaluation' build argument 'catkin_cmake_args' from command line to 'None'
[0.647s] Level 5:colcon.colcon_core.verb:set package 'evaluation' build argument 'catkin_skip_building_tests' from command line to 'False'
[0.647s] DEBUG:colcon.colcon_core.verb:Building package 'evaluation' with the following arguments: {'ament_cmake_args': None, 'build_base': '/home/jeongwoo/Automotive_software_final/build/evaluation', 'catkin_cmake_args': None, 'catkin_skip_building_tests': False, 'cmake_args': None, 'cmake_clean_cache': False, 'cmake_clean_first': False, 'cmake_force_configure': False, 'cmake_target': None, 'cmake_target_skip_unavailable': False, 'install_base': '/home/jeongwoo/Automotive_software_final/install/evaluation', 'merge_install': False, 'path': '/home/jeongwoo/Automotive_software_final/src/app/evaluation', 'symlink_install': False, 'test_result_base': None}
[0.648s] Level 5:colcon.colcon_core.verb:set package 'mission_manager' build argument 'cmake_args' from command line to 'None'
[0.648s] Level 5:colcon.colcon_core.verb:set package 'mission_manager' build argument 'cmake_target' from command line to 'None'
[0.648s] Level 5:colcon.colcon_core.verb:set package 'mission_manager' build argument 'cmake_target_skip_unavailable' from command line to 'False'
[0.648s] Level 5:colcon.colcon_core.verb:set package 'mission_manager' build argument 'cmake_clean_cache' from command line to 'False'
[0.648s] Level 5:colcon.colcon_core.verb:set package 'mission_manager' build argument 'cmake_clean_first' from command line to 'False'
[0.648s] Level 5:colcon.colcon_core.verb:set package 'mission_manager' build argument 'cmake_force_configure' from command line to 'False'
[0.648s] Level 5:colcon.colcon_core.verb:set package 'mission_manager' build argument 'ament_cmake_args' from command line to 'None'
[0.648s] Level 5:colcon.colcon_core.verb:set package 'mission_manager' build argument 'catkin_cmake_args' from command line to 'None'
[0.648s] Level 5:colcon.colcon_core.verb:set package 'mission_manager' build argument 'catkin_skip_building_tests' from command line to 'False'
[0.648s] DEBUG:colcon.colcon_core.verb:Building package 'mission_manager' with the following arguments: {'ament_cmake_args': None, 'build_base': '/home/jeongwoo/Automotive_software_final/build/mission_manager', 'catkin_cmake_args': None, 'catkin_skip_building_tests': False, 'cmake_args': None, 'cmake_clean_cache': False, 'cmake_clean_first': False, 'cmake_force_configure': False, 'cmake_target': None, 'cmake_target_skip_unavailable': False, 'install_base': '/home/jeongwoo/Automotive_software_final/install/mission_manager', 'merge_install': False, 'path': '/home/jeongwoo/Automotive_software_final/src/app/mission_manager', 'symlink_install': False, 'test_result_base': None}
[0.649s] Level 5:colcon.colcon_core.verb:set package 'simulator' build argument 'cmake_args' from command line to 'None'
[0.649s] Level 5:colcon.colcon_core.verb:set package 'simulator' build argument 'cmake_target' from command line to 'None'
[0.649s] Level 5:colcon.colcon_core.verb:set package 'simulator' build argument 'cmake_target_skip_unavailable' from command line to 'False'
[0.649s] Level 5:colcon.colcon_core.verb:set package 'simulator' build argument 'cmake_clean_cache' from command line to 'False'
[0.649s] Level 5:colcon.colcon_core.verb:set package 'simulator' build argument 'cmake_clean_first' from command line to 'False'
[0.649s] Level 5:colcon.colcon_core.verb:set package 'simulator' build argument 'cmake_force_configure' from command line to 'False'
[0.649s] Level 5:colcon.colcon_core.verb:set package 'simulator' build argument 'ament_cmake_args' from command line to 'None'
[0.649s] Level 5:colcon.colcon_core.verb:set package 'simulator' build argument 'catkin_cmake_args' from command line to 'None'
[0.649s] Level 5:colcon.colcon_core.verb:set package 'simulator' build argument 'catkin_skip_building_tests' from command line to 'False'
[0.649s] DEBUG:colcon.colcon_core.verb:Building package 'simulator' with the following arguments: {'ament_cmake_args': None, 'build_base': '/home/jeongwoo/Automotive_software_final/build/simulator', 'catkin_cmake_args': None, 'catkin_skip_building_tests': False, 'cmake_args': None, 'cmake_clean_cache': False, 'cmake_clean_first': False, 'cmake_force_configure': False, 'cmake_target': None, 'cmake_target_skip_unavailable': False, 'install_base': '/home/jeongwoo/Automotive_software_final/install/simulator', 'merge_install': False, 'path': '/home/jeongwoo/Automotive_software_final/src/app/simulator', 'symlink_install': False, 'test_result_base': None}
[0.650s] INFO:colcon.colcon_core.executor:Executing jobs using 'parallel' executor
[0.651s] DEBUG:colcon.colcon_parallel_executor.executor.parallel:run_until_complete
[0.652s] INFO:colcon.colcon_ros.task.ament_cmake.build:Building ROS package in '/home/jeongwoo/Automotive_software_final/src/rte/msg/ad_msgs' with build type 'ament_cmake'
[0.652s] INFO:colcon.colcon_cmake.task.cmake.build:Building CMake package in '/home/jeongwoo/Automotive_software_final/src/rte/msg/ad_msgs'
[0.656s] INFO:colcon.colcon_core.plugin_system:Skipping extension 'colcon_core.shell.bat': Not used on non-Windows systems
[0.656s] INFO:colcon.colcon_core.shell:Skip shell extension 'powershell' for command environment: Not usable outside of PowerShell
[0.656s] DEBUG:colcon.colcon_core.shell:Skip shell extension 'dsv' for command environment
[0.671s] DEBUG:colcon.colcon_core.event_handler.log_command:Invoking command in '/home/jeongwoo/Automotive_software_final/build/ad_msgs': CMAKE_PREFIX_PATH=${CMAKE_PREFIX_PATH}:/opt/ros/humble /usr/bin/cmake --build /home/jeongwoo/Automotive_software_final/build/ad_msgs -- -j8 -l8
[1.438s] DEBUG:colcon.colcon_core.event_handler.log_command:Invoked command in '/home/jeongwoo/Automotive_software_final/build/ad_msgs' returned '0': CMAKE_PREFIX_PATH=${CMAKE_PREFIX_PATH}:/opt/ros/humble /usr/bin/cmake --build /home/jeongwoo/Automotive_software_final/build/ad_msgs -- -j8 -l8
[1.834s] DEBUG:colcon.colcon_core.event_handler.log_command:Invoking command in '/home/jeongwoo/Automotive_software_final/build/ad_msgs': CMAKE_PREFIX_PATH=${CMAKE_PREFIX_PATH}:/opt/ros/humble /usr/bin/cmake --install /home/jeongwoo/Automotive_software_final/build/ad_msgs
[1.943s] Level 1:colcon.colcon_core.environment:create_environment_scripts_only(ad_msgs)
[1.951s] DEBUG:colcon.colcon_core.event_handler.log_command:Invoked command in '/home/jeongwoo/Automotive_software_final/build/ad_msgs' returned '0': CMAKE_PREFIX_PATH=${CMAKE_PREFIX_PATH}:/opt/ros/humble /usr/bin/cmake --install /home/jeongwoo/Automotive_software_final/build/ad_msgs
[1.954s] Level 1:colcon.colcon_core.environment:checking '/home/jeongwoo/Automotive_software_final/install/ad_msgs' for CMake module files
[1.957s] Level 1:colcon.colcon_core.environment:checking '/home/jeongwoo/Automotive_software_final/install/ad_msgs' for CMake config files
[1.959s] Level 1:colcon.colcon_core.shell:create_environment_hook('ad_msgs', 'cmake_prefix_path')
[1.960s] INFO:colcon.colcon_core.shell:Creating environment hook '/home/jeongwoo/Automotive_software_final/install/ad_msgs/share/ad_msgs/hook/cmake_prefix_path.ps1'
[1.961s] INFO:colcon.colcon_core.shell:Creating environment descriptor '/home/jeongwoo/Automotive_software_final/install/ad_msgs/share/ad_msgs/hook/cmake_prefix_path.dsv'
[1.962s] INFO:colcon.colcon_core.shell:Creating environment hook '/home/jeongwoo/Automotive_software_final/install/ad_msgs/share/ad_msgs/hook/cmake_prefix_path.sh'
[1.965s] Level 1:colcon.colcon_core.environment:checking '/home/jeongwoo/Automotive_software_final/install/ad_msgs/lib'
[1.965s] Level 1:colcon.colcon_core.shell:create_environment_hook('ad_msgs', 'ld_library_path_lib')
[1.966s] INFO:colcon.colcon_core.shell:Creating environment hook '/home/jeongwoo/Automotive_software_final/install/ad_msgs/share/ad_msgs/hook/ld_library_path_lib.ps1'
[1.967s] INFO:colcon.colcon_core.shell:Creating environment descriptor '/home/jeongwoo/Automotive_software_final/install/ad_msgs/share/ad_msgs/hook/ld_library_path_lib.dsv'
[1.968s] INFO:colcon.colcon_core.shell:Creating environment hook '/home/jeongwoo/Automotive_software_final/install/ad_msgs/share/ad_msgs/hook/ld_library_path_lib.sh'
[1.969s] Level 1:colcon.colcon_core.environment:checking '/home/jeongwoo/Automotive_software_final/install/ad_msgs/bin'
[1.969s] Level 1:colcon.colcon_core.environment:checking '/home/jeongwoo/Automotive_software_final/install/ad_msgs/lib/pkgconfig/ad_msgs.pc'
[1.970s] Level 1:colcon.colcon_core.environment:checking '/home/jeongwoo/Automotive_software_final/install/ad_msgs/lib/python3.10/site-packages'
[1.970s] Level 1:colcon.colcon_core.environment:checking '/home/jeongwoo/Automotive_software_final/install/ad_msgs/bin'
[1.971s] INFO:colcon.colcon_core.shell:Creating package script '/home/jeongwoo/Automotive_software_final/install/ad_msgs/share/ad_msgs/package.ps1'
[1.973s] INFO:colcon.colcon_core.shell:Creating package descriptor '/home/jeongwoo/Automotive_software_final/install/ad_msgs/share/ad_msgs/package.dsv'
[1.974s] INFO:colcon.colcon_core.shell:Creating package script '/home/jeongwoo/Automotive_software_final/install/ad_msgs/share/ad_msgs/package.sh'
[1.976s] INFO:colcon.colcon_core.shell:Creating package script '/home/jeongwoo/Automotive_software_final/install/ad_msgs/share/ad_msgs/package.bash'
[1.978s] INFO:colcon.colcon_core.shell:Creating package script '/home/jeongwoo/Automotive_software_final/install/ad_msgs/share/ad_msgs/package.zsh'
[1.979s] Level 1:colcon.colcon_core.environment:create_file_with_runtime_dependencies(/home/jeongwoo/Automotive_software_final/install/ad_msgs/share/colcon-core/packages/ad_msgs)
[2.384s] Level 1:colcon.colcon_core.environment:create_environment_scripts_only(ad_msgs)
[2.384s] Level 1:colcon.colcon_core.environment:checking '/home/jeongwoo/Automotive_software_final/install/ad_msgs' for CMake module files
[2.385s] Level 1:colcon.colcon_core.environment:checking '/home/jeongwoo/Automotive_software_final/install/ad_msgs' for CMake config files
[2.387s] Level 1:colcon.colcon_core.shell:create_environment_hook('ad_msgs', 'cmake_prefix_path')
[2.388s] INFO:colcon.colcon_core.shell:Creating environment hook '/home/jeongwoo/Automotive_software_final/install/ad_msgs/share/ad_msgs/hook/cmake_prefix_path.ps1'
[2.389s] INFO:colcon.colcon_core.shell:Creating environment descriptor '/home/jeongwoo/Automotive_software_final/install/ad_msgs/share/ad_msgs/hook/cmake_prefix_path.dsv'
[2.390s] INFO:colcon.colcon_core.shell:Creating environment hook '/home/jeongwoo/Automotive_software_final/install/ad_msgs/share/ad_msgs/hook/cmake_prefix_path.sh'
[2.391s] Level 1:colcon.colcon_core.environment:checking '/home/jeongwoo/Automotive_software_final/install/ad_msgs/lib'
[2.391s] Level 1:colcon.colcon_core.shell:create_environment_hook('ad_msgs', 'ld_library_path_lib')
[2.392s] INFO:colcon.colcon_core.shell:Creating environment hook '/home/jeongwoo/Automotive_software_final/install/ad_msgs/share/ad_msgs/hook/ld_library_path_lib.ps1'
[2.393s] INFO:colcon.colcon_core.shell:Creating environment descriptor '/home/jeongwoo/Automotive_software_final/install/ad_msgs/share/ad_msgs/hook/ld_library_path_lib.dsv'
[2.394s] INFO:colcon.colcon_core.shell:Creating environment hook '/home/jeongwoo/Automotive_software_final/install/ad_msgs/share/ad_msgs/hook/ld_library_path_lib.sh'
[2.395s] Level 1:colcon.colcon_core.environment:checking '/home/jeongwoo/Automotive_software_final/install/ad_msgs/bin'
[2.395s] Level 1:colcon.colcon_core.environment:checking '/home/jeongwoo/Automotive_software_final/install/ad_msgs/lib/pkgconfig/ad_msgs.pc'
[2.396s] Level 1:colcon.colcon_core.environment:checking '/home/jeongwoo/Automotive_software_final/install/ad_msgs/lib/python3.10/site-packages'
[2.397s] Level 1:colcon.colcon_core.environment:checking '/home/jeongwoo/Automotive_software_final/install/ad_msgs/bin'
[2.398s] INFO:colcon.colcon_core.shell:Creating package script '/home/jeongwoo/Automotive_software_final/install/ad_msgs/share/ad_msgs/package.ps1'
[2.399s] INFO:colcon.colcon_core.shell:Creating package descriptor '/home/jeongwoo/Automotive_software_final/install/ad_msgs/share/ad_msgs/package.dsv'
[2.400s] INFO:colcon.colcon_core.shell:Creating package script '/home/jeongwoo/Automotive_software_final/install/ad_msgs/share/ad_msgs/package.sh'
[2.401s] INFO:colcon.colcon_core.shell:Creating package script '/home/jeongwoo/Automotive_software_final/install/ad_msgs/share/ad_msgs/package.bash'
[2.402s] INFO:colcon.colcon_core.shell:Creating package script '/home/jeongwoo/Automotive_software_final/install/ad_msgs/share/ad_msgs/package.zsh'
[2.403s] Level 1:colcon.colcon_core.environment:create_file_with_runtime_dependencies(/home/jeongwoo/Automotive_software_final/install/ad_msgs/share/colcon-core/packages/ad_msgs)
[2.404s] INFO:colcon.colcon_ros.task.ament_cmake.build:Building ROS package in '/home/jeongwoo/Automotive_software_final/src/app/autonomous_driving' with build type 'ament_cmake'
[2.405s] INFO:colcon.colcon_cmake.task.cmake.build:Building CMake package in '/home/jeongwoo/Automotive_software_final/src/app/autonomous_driving'
[2.406s] INFO:colcon.colcon_core.shell:Skip shell extension 'powershell' for command environment: Not usable outside of PowerShell
[2.406s] DEBUG:colcon.colcon_core.shell:Skip shell extension 'dsv' for command environment
[2.414s] INFO:colcon.colcon_ros.task.ament_cmake.build:Building ROS package in '/home/jeongwoo/Automotive_software_final/src/app/evaluation' with build type 'ament_cmake'
[2.414s] INFO:colcon.colcon_cmake.task.cmake.build:Building CMake package in '/home/jeongwoo/Automotive_software_final/src/app/evaluation'
[2.416s] INFO:colcon.colcon_core.shell:Skip shell extension 'powershell' for command environment: Not usable outside of PowerShell
[2.417s] DEBUG:colcon.colcon_core.shell:Skip shell extension 'dsv' for command environment
[2.425s] INFO:colcon.colcon_ros.task.ament_cmake.build:Building ROS package in '/home/jeongwoo/Automotive_software_final/src/app/mission_manager' with build type 'ament_cmake'
[2.426s] INFO:colcon.colcon_cmake.task.cmake.build:Building CMake package in '/home/jeongwoo/Automotive_software_final/src/app/mission_manager'
[2.427s] INFO:colcon.colcon_core.shell:Skip shell extension 'powershell' for command environment: Not usable outside of PowerShell
[2.427s] DEBUG:colcon.colcon_core.shell:Skip shell extension 'dsv' for command environment
[2.433s] INFO:colcon.colcon_ros.task.ament_cmake.build:Building ROS package in '/home/jeongwoo/Automotive_software_final/src/app/simulator' with build type 'ament_cmake'
[2.434s] INFO:colcon.colcon_cmake.task.cmake.build:Building CMake package in '/home/jeongwoo/Automotive_software_final/src/app/simulator'
[2.434s] INFO:colcon.colcon_core.shell:Skip shell extension 'powershell' for command environment: Not usable outside of PowerShell
[2.434s] DEBUG:colcon.colcon_core.shell:Skip shell extension 'dsv' for command environment
[2.548s] DEBUG:colcon.colcon_core.event_handler.log_command:Invoking command in '/home/jeongwoo/Automotive_software_final/build/evaluation': CMAKE_PREFIX_PATH=/home/jeongwoo/Automotive_software_final/install/ad_msgs:/home/jeongwoo/Automotive_software_final/install/simulator:/home/jeongwoo/Automotive_software_final/install/mission_manager:/home/jeongwoo/Automotive_software_final/install/evaluation:/home/jeongwoo/Automotive_software_final/install/autonomous_driving:/opt/ros/humble /usr/bin/cmake --build /home/jeongwoo/Automotive_software_final/build/evaluation -- -j8 -l8
[2.558s] DEBUG:colcon.colcon_core.event_handler.log_command:Invoking command in '/home/jeongwoo/Automotive_software_final/build/autonomous_driving': CMAKE_PREFIX_PATH=/home/jeongwoo/Automotive_software_final/install/ad_msgs:/home/jeongwoo/Automotive_software_final/install/simulator:/home/jeongwoo/Automotive_software_final/install/mission_manager:/home/jeongwoo/Automotive_software_final/install/evaluation:/home/jeongwoo/Automotive_software_final/install/autonomous_driving:/opt/ros/humble /usr/bin/cmake --build /home/jeongwoo/Automotive_software_final/build/autonomous_driving -- -j8 -l8
[2.573s] DEBUG:colcon.colcon_core.event_handler.log_command:Invoking command in '/home/jeongwoo/Automotive_software_final/build/mission_manager': CMAKE_PREFIX_PATH=/home/jeongwoo/Automotive_software_final/install/ad_msgs:/home/jeongwoo/Automotive_software_final/install/simulator:/home/jeongwoo/Automotive_software_final/install/mission_manager:/home/jeongwoo/Automotive_software_final/install/evaluation:/home/jeongwoo/Automotive_software_final/install/autonomous_driving:/opt/ros/humble /usr/bin/cmake --build /home/jeongwoo/Automotive_software_final/build/mission_manager -- -j8 -l8
[2.590s] DEBUG:colcon.colcon_core.event_handler.log_command:Invoking command in '/home/jeongwoo/Automotive_software_final/build/simulator': CMAKE_PREFIX_PATH=/home/jeongwoo/Automotive_software_final/install/ad_msgs:/home/jeongwoo/Automotive_software_final/install/simulator:/home/jeongwoo/Automotive_software_final/install/mission_manager:/home/jeongwoo/Automotive_software_final/install/evaluation:/home/jeongwoo/Automotive_software_final/install/autonomous_driving:/opt/ros/humble /usr/bin/cmake --build /home/jeongwoo/Automotive_software_final/build/simulator -- -j8 -l8
[2.687s] DEBUG:colcon.colcon_core.event_handler.log_command:Invoked command in '/home/jeongwoo/Automotive_software_final/build/evaluation' returned '0': CMAKE_PREFIX_PATH=/home/jeongwoo/Automotive_software_final/install/ad_msgs:/home/jeongwoo/Automotive_software_final/install/simulator:/home/jeongwoo/Automotive_software_final/install/mission_manager:/home/jeongwoo/Automotive_software_final/install/evaluation:/home/jeongwoo/Automotive_software_final/install/autonomous_driving:/opt/ros/humble /usr/bin/cmake --build /home/jeongwoo/Automotive_software_final/build/evaluation -- -j8 -l8
[2.705s] DEBUG:colcon.colcon_core.event_handler.log_command:Invoked command in '/home/jeongwoo/Automotive_software_final/build/mission_manager' returned '0': CMAKE_PREFIX_PATH=/home/jeongwoo/Automotive_software_final/install/ad_msgs:/home/jeongwoo/Automotive_software_final/install/simulator:/home/jeongwoo/Automotive_software_final/install/mission_manager:/home/jeongwoo/Automotive_software_final/install/evaluation:/home/jeongwoo/Automotive_software_final/install/autonomous_driving:/opt/ros/humble /usr/bin/cmake --build /home/jeongwoo/Automotive_software_final/build/mission_manager -- -j8 -l8
[2.744s] DEBUG:colcon.colcon_core.event_handler.log_command:Invoking command in '/home/jeongwoo/Automotive_software_final/build/evaluation': CMAKE_PREFIX_PATH=/home/jeongwoo/Automotive_software_final/install/ad_msgs:/home/jeongwoo/Automotive_software_final/install/simulator:/home/jeongwoo/Automotive_software_final/install/mission_manager:/home/jeongwoo/Automotive_software_final/install/evaluation:/home/jeongwoo/Automotive_software_final/install/autonomous_driving:/opt/ros/humble /usr/bin/cmake --install /home/jeongwoo/Automotive_software_final/build/evaluation
[2.754s] DEBUG:colcon.colcon_core.event_handler.log_command:Invoked command in '/home/jeongwoo/Automotive_software_final/build/simulator' returned '0': CMAKE_PREFIX_PATH=/home/jeongwoo/Automotive_software_final/install/ad_msgs:/home/jeongwoo/Automotive_software_final/install/simulator:/home/jeongwoo/Automotive_software_final/install/mission_manager:/home/jeongwoo/Automotive_software_final/install/evaluation:/home/jeongwoo/Automotive_software_final/install/autonomous_driving:/opt/ros/humble /usr/bin/cmake --build /home/jeongwoo/Automotive_software_final/build/simulator -- -j8 -l8
[2.767s] Level 1:colcon.colcon_core.environment:create_environment_scripts_only(evaluation)
[2.768s] Level 1:colcon.colcon_core.environment:checking '/home/jeongwoo/Automotive_software_final/install/evaluation' for CMake module files
[2.770s] DEBUG:colcon.colcon_core.event_handler.log_command:Invoking command in '/home/jeongwoo/Automotive_software_final/build/mission_manager': CMAKE_PREFIX_PATH=/home/jeongwoo/Automotive_software_final/install/ad_msgs:/home/jeongwoo/Automotive_software_final/install/simulator:/home/jeongwoo/Automotive_software_final/install/mission_manager:/home/jeongwoo/Automotive_software_final/install/evaluation:/home/jeongwoo/Automotive_software_final/install/autonomous_driving:/opt/ros/humble /usr/bin/cmake --install /home/jeongwoo/Automotive_software_final/build/mission_manager
[2.774s] DEBUG:colcon.colcon_core.event_handler.log_command:Invoked command in '/home/jeongwoo/Automotive_software_final/build/evaluation' returned '0': CMAKE_PREFIX_PATH=/home/jeongwoo/Automotive_software_final/install/ad_msgs:/home/jeongwoo/Automotive_software_final/install/simulator:/home/jeongwoo/Automotive_software_final/install/mission_manager:/home/jeongwoo/Automotive_software_final/install/evaluation:/home/jeongwoo/Automotive_software_final/install/autonomous_driving:/opt/ros/humble /usr/bin/cmake --install /home/jeongwoo/Automotive_software_final/build/evaluation
[2.775s] Level 1:colcon.colcon_core.environment:checking '/home/jeongwoo/Automotive_software_final/install/evaluation' for CMake config files
[2.776s] Level 1:colcon.colcon_core.shell:create_environment_hook('evaluation', 'cmake_prefix_path')
[2.777s] INFO:colcon.colcon_core.shell:Creating environment hook '/home/jeongwoo/Automotive_software_final/install/evaluation/share/evaluation/hook/cmake_prefix_path.ps1'
[2.785s] INFO:colcon.colcon_core.shell:Creating environment descriptor '/home/jeongwoo/Automotive_software_final/install/evaluation/share/evaluation/hook/cmake_prefix_path.dsv'
[2.786s] INFO:colcon.colcon_core.shell:Creating environment hook '/home/jeongwoo/Automotive_software_final/install/evaluation/share/evaluation/hook/cmake_prefix_path.sh'
[2.787s] Level 1:colcon.colcon_core.environment:checking '/home/jeongwoo/Automotive_software_final/install/evaluation/lib'
[2.788s] Level 1:colcon.colcon_core.environment:checking '/home/jeongwoo/Automotive_software_final/install/evaluation/bin'
[2.788s] Level 1:colcon.colcon_core.environment:checking '/home/jeongwoo/Automotive_software_final/install/evaluation/lib/pkgconfig/evaluation.pc'
[2.789s] Level 1:colcon.colcon_core.environment:checking '/home/jeongwoo/Automotive_software_final/install/evaluation/lib/python3.10/site-packages'
[2.790s] Level 1:colcon.colcon_core.environment:checking '/home/jeongwoo/Automotive_software_final/install/evaluation/bin'
[2.791s] INFO:colcon.colcon_core.shell:Creating package script '/home/jeongwoo/Automotive_software_final/install/evaluation/share/evaluation/package.ps1'
[2.792s] INFO:colcon.colcon_core.shell:Creating package descriptor '/home/jeongwoo/Automotive_software_final/install/evaluation/share/evaluation/package.dsv'
[2.794s] INFO:colcon.colcon_core.shell:Creating package script '/home/jeongwoo/Automotive_software_final/install/evaluation/share/evaluation/package.sh'
[2.795s] INFO:colcon.colcon_core.shell:Creating package script '/home/jeongwoo/Automotive_software_final/install/evaluation/share/evaluation/package.bash'
[2.796s] INFO:colcon.colcon_core.shell:Creating package script '/home/jeongwoo/Automotive_software_final/install/evaluation/share/evaluation/package.zsh'
[2.798s] Level 1:colcon.colcon_core.environment:create_file_with_runtime_dependencies(/home/jeongwoo/Automotive_software_final/install/evaluation/share/colcon-core/packages/evaluation)
[2.802s] Level 1:colcon.colcon_core.environment:create_environment_scripts_only(mission_manager)
[2.803s] Level 1:colcon.colcon_core.environment:checking '/home/jeongwoo/Automotive_software_final/install/mission_manager' for CMake module files
[2.805s] DEBUG:colcon.colcon_core.event_handler.log_command:Invoked command in '/home/jeongwoo/Automotive_software_final/build/mission_manager' returned '0': CMAKE_PREFIX_PATH=/home/jeongwoo/Automotive_software_final/install/ad_msgs:/home/jeongwoo/Automotive_software_final/install/simulator:/home/jeongwoo/Automotive_software_final/install/mission_manager:/home/jeongwoo/Automotive_software_final/install/evaluation:/home/jeongwoo/Automotive_software_final/install/autonomous_driving:/opt/ros/humble /usr/bin/cmake --install /home/jeongwoo/Automotive_software_final/build/mission_manager
[2.805s] Level 1:colcon.colcon_core.environment:checking '/home/jeongwoo/Automotive_software_final/install/mission_manager' for CMake config files
[2.807s] Level 1:colcon.colcon_core.shell:create_environment_hook('mission_manager', 'cmake_prefix_path')
[2.808s] INFO:colcon.colcon_core.shell:Creating environment hook '/home/jeongwoo/Automotive_software_final/install/mission_manager/share/mission_manager/hook/cmake_prefix_path.ps1'
[2.809s] INFO:colcon.colcon_core.shell:Creating environment descriptor '/home/jeongwoo/Automotive_software_final/install/mission_manager/share/mission_manager/hook/cmake_prefix_path.dsv'
[2.810s] INFO:colcon.colcon_core.shell:Creating environment hook '/home/jeongwoo/Automotive_software_final/install/mission_manager/share/mission_manager/hook/cmake_prefix_path.sh'
[2.812s] Level 1:colcon.colcon_core.environment:checking '/home/jeongwoo/Automotive_software_final/install/mission_manager/lib'
[2.812s] Level 1:colcon.colcon_core.environment:checking '/home/jeongwoo/Automotive_software_final/install/mission_manager/bin'
[2.812s] Level 1:colcon.colcon_core.environment:checking '/home/jeongwoo/Automotive_software_final/install/mission_manager/lib/pkgconfig/mission_manager.pc'
[2.813s] Level 1:colcon.colcon_core.environment:checking '/home/jeongwoo/Automotive_software_final/install/mission_manager/lib/python3.10/site-packages'
[2.814s] Level 1:colcon.colcon_core.environment:checking '/home/jeongwoo/Automotive_software_final/install/mission_manager/bin'
[2.814s] INFO:colcon.colcon_core.shell:Creating package script '/home/jeongwoo/Automotive_software_final/install/mission_manager/share/mission_manager/package.ps1'
[2.815s] INFO:colcon.colcon_core.shell:Creating package descriptor '/home/jeongwoo/Automotive_software_final/install/mission_manager/share/mission_manager/package.dsv'
[2.816s] INFO:colcon.colcon_core.shell:Creating package script '/home/jeongwoo/Automotive_software_final/install/mission_manager/share/mission_manager/package.sh'
[2.818s] INFO:colcon.colcon_core.shell:Creating package script '/home/jeongwoo/Automotive_software_final/install/mission_manager/share/mission_manager/package.bash'
[2.819s] INFO:colcon.colcon_core.shell:Creating package script '/home/jeongwoo/Automotive_software_final/install/mission_manager/share/mission_manager/package.zsh'
[2.820s] Level 1:colcon.colcon_core.environment:create_file_with_runtime_dependencies(/home/jeongwoo/Automotive_software_final/install/mission_manager/share/colcon-core/packages/mission_manager)
[2.826s] DEBUG:colcon.colcon_core.event_handler.log_command:Invoking command in '/home/jeongwoo/Automotive_software_final/build/simulator': CMAKE_PREFIX_PATH=/home/jeongwoo/Automotive_software_final/install/ad_msgs:/home/jeongwoo/Automotive_software_final/install/simulator:/home/jeongwoo/Automotive_software_final/install/mission_manager:/home/jeongwoo/Automotive_software_final/install/evaluation:/home/jeongwoo/Automotive_software_final/install/autonomous_driving:/opt/ros/humble /usr/bin/cmake --install /home/jeongwoo/Automotive_software_final/build/simulator
[2.849s] Level 1:colcon.colcon_core.environment:create_environment_scripts_only(simulator)
[2.850s] Level 1:colcon.colcon_core.environment:checking '/home/jeongwoo/Automotive_software_final/install/simulator' for CMake module files
[2.854s] DEBUG:colcon.colcon_core.event_handler.log_command:Invoked command in '/home/jeongwoo/Automotive_software_final/build/simulator' returned '0': CMAKE_PREFIX_PATH=/home/jeongwoo/Automotive_software_final/install/ad_msgs:/home/jeongwoo/Automotive_software_final/install/simulator:/home/jeongwoo/Automotive_software_final/install/mission_manager:/home/jeongwoo/Automotive_software_final/install/evaluation:/home/jeongwoo/Automotive_software_final/install/autonomous_driving:/opt/ros/humble /usr/bin/cmake --install /home/jeongwoo/Automotive_software_final/build/simulator
[2.855s] Level 1:colcon.colcon_core.environment:checking '/home/jeongwoo/Automotive_software_final/install/simulator' for CMake config files
[2.855s] Level 1:colcon.colcon_core.shell:create_environment_hook('simulator', 'cmake_prefix_path')
[2.856s] INFO:colcon.colcon_core.shell:Creating environment hook '/home/jeongwoo/Automotive_software_final/install/simulator/share/simulator/hook/cmake_prefix_path.ps1'
[2.857s] INFO:colcon.colcon_core.shell:Creating environment descriptor '/home/jeongwoo/Automotive_software_final/install/simulator/share/simulator/hook/cmake_prefix_path.dsv'
[2.858s] INFO:colcon.colcon_core.shell:Creating environment hook '/home/jeongwoo/Automotive_software_final/install/simulator/share/simulator/hook/cmake_prefix_path.sh'
[2.860s] Level 1:colcon.colcon_core.environment:checking '/home/jeongwoo/Automotive_software_final/install/simulator/lib'
[2.861s] Level 1:colcon.colcon_core.environment:checking '/home/jeongwoo/Automotive_software_final/install/simulator/bin'
[2.861s] Level 1:colcon.colcon_core.environment:checking '/home/jeongwoo/Automotive_software_final/install/simulator/lib/pkgconfig/simulator.pc'
[2.862s] Level 1:colcon.colcon_core.environment:checking '/home/jeongwoo/Automotive_software_final/install/simulator/lib/python3.10/site-packages'
[2.862s] Level 1:colcon.colcon_core.environment:checking '/home/jeongwoo/Automotive_software_final/install/simulator/bin'
[2.863s] INFO:colcon.colcon_core.shell:Creating package script '/home/jeongwoo/Automotive_software_final/install/simulator/share/simulator/package.ps1'
[2.864s] INFO:colcon.colcon_core.shell:Creating package descriptor '/home/jeongwoo/Automotive_software_final/install/simulator/share/simulator/package.dsv'
[2.865s] INFO:colcon.colcon_core.shell:Creating package script '/home/jeongwoo/Automotive_software_final/install/simulator/share/simulator/package.sh'
[2.866s] INFO:colcon.colcon_core.shell:Creating package script '/home/jeongwoo/Automotive_software_final/install/simulator/share/simulator/package.bash'
[2.867s] INFO:colcon.colcon_core.shell:Creating package script '/home/jeongwoo/Automotive_software_final/install/simulator/share/simulator/package.zsh'
[2.868s] Level 1:colcon.colcon_core.environment:create_file_with_runtime_dependencies(/home/jeongwoo/Automotive_software_final/install/simulator/share/colcon-core/packages/simulator)
[2.873s] Level 1:colcon.colcon_core.environment:create_environment_scripts_only(evaluation)
[2.874s] Level 1:colcon.colcon_core.environment:checking '/home/jeongwoo/Automotive_software_final/install/evaluation' for CMake module files
[2.875s] Level 1:colcon.colcon_core.environment:checking '/home/jeongwoo/Automotive_software_final/install/evaluation' for CMake config files
[2.876s] Level 1:colcon.colcon_core.shell:create_environment_hook('evaluation', 'cmake_prefix_path')
[2.876s] INFO:colcon.colcon_core.shell:Creating environment hook '/home/jeongwoo/Automotive_software_final/install/evaluation/share/evaluation/hook/cmake_prefix_path.ps1'
[2.877s] INFO:colcon.colcon_core.shell:Creating environment descriptor '/home/jeongwoo/Automotive_software_final/install/evaluation/share/evaluation/hook/cmake_prefix_path.dsv'
[2.879s] INFO:colcon.colcon_core.shell:Creating environment hook '/home/jeongwoo/Automotive_software_final/install/evaluation/share/evaluation/hook/cmake_prefix_path.sh'
[2.880s] Level 1:colcon.colcon_core.environment:checking '/home/jeongwoo/Automotive_software_final/install/evaluation/lib'
[2.880s] Level 1:colcon.colcon_core.environment:checking '/home/jeongwoo/Automotive_software_final/install/evaluation/bin'
[2.881s] Level 1:colcon.colcon_core.environment:checking '/home/jeongwoo/Automotive_software_final/install/evaluation/lib/pkgconfig/evaluation.pc'
[2.881s] Level 1:colcon.colcon_core.environment:checking '/home/jeongwoo/Automotive_software_final/install/evaluation/lib/python3.10/site-packages'
[2.882s] Level 1:colcon.colcon_core.environment:checking '/home/jeongwoo/Automotive_software_final/install/evaluation/bin'
[2.883s] INFO:colcon.colcon_core.shell:Creating package script '/home/jeongwoo/Automotive_software_final/install/evaluation/share/evaluation/package.ps1'
[2.884s] INFO:colcon.colcon_core.shell:Creating package descriptor '/home/jeongwoo/Automotive_software_final/install/evaluation/share/evaluation/package.dsv'
[2.886s] INFO:colcon.colcon_core.shell:Creating package script '/home/jeongwoo/Automotive_software_final/install/evaluation/share/evaluation/package.sh'
[2.887s] INFO:colcon.colcon_core.shell:Creating package script '/home/jeongwoo/Automotive_software_final/install/evaluation/share/evaluation/package.bash'
[2.888s] INFO:colcon.colcon_core.shell:Creating package script '/home/jeongwoo/Automotive_software_final/install/evaluation/share/evaluation/package.zsh'
[2.889s] Level 1:colcon.colcon_core.environment:create_file_with_runtime_dependencies(/home/jeongwoo/Automotive_software_final/install/evaluation/share/colcon-core/packages/evaluation)
[2.895s] Level 1:colcon.colcon_core.environment:create_environment_scripts_only(mission_manager)
[2.895s] Level 1:colcon.colcon_core.environment:checking '/home/jeongwoo/Automotive_software_final/install/mission_manager' for CMake module files
[2.896s] Level 1:colcon.colcon_core.environment:checking '/home/jeongwoo/Automotive_software_final/install/mission_manager' for CMake config files
[2.897s] Level 1:colcon.colcon_core.shell:create_environment_hook('mission_manager', 'cmake_prefix_path')
[2.897s] INFO:colcon.colcon_core.shell:Creating environment hook '/home/jeongwoo/Automotive_software_final/install/mission_manager/share/mission_manager/hook/cmake_prefix_path.ps1'
[2.898s] INFO:colcon.colcon_core.shell:Creating environment descriptor '/home/jeongwoo/Automotive_software_final/install/mission_manager/share/mission_manager/hook/cmake_prefix_path.dsv'
[2.900s] INFO:colcon.colcon_core.shell:Creating environment hook '/home/jeongwoo/Automotive_software_final/install/mission_manager/share/mission_manager/hook/cmake_prefix_path.sh'
[2.901s] Level 1:colcon.colcon_core.environment:checking '/home/jeongwoo/Automotive_software_final/install/mission_manager/lib'
[2.901s] Level 1:colcon.colcon_core.environment:checking '/home/jeongwoo/Automotive_software_final/install/mission_manager/bin'
[2.902s] Level 1:colcon.colcon_core.environment:checking '/home/jeongwoo/Automotive_software_final/install/mission_manager/lib/pkgconfig/mission_manager.pc'
[2.902s] Level 1:colcon.colcon_core.environment:checking '/home/jeongwoo/Automotive_software_final/install/mission_manager/lib/python3.10/site-packages'
[2.903s] Level 1:colcon.colcon_core.environment:checking '/home/jeongwoo/Automotive_software_final/install/mission_manager/bin'
[2.904s] INFO:colcon.colcon_core.shell:Creating package script '/home/jeongwoo/Automotive_software_final/install/mission_manager/share/mission_manager/package.ps1'
[2.906s] INFO:colcon.colcon_core.shell:Creating package descriptor '/home/jeongwoo/Automotive_software_final/install/mission_manager/share/mission_manager/package.dsv'
[2.907s] INFO:colcon.colcon_core.shell:Creating package script '/home/jeongwoo/Automotive_software_final/install/mission_manager/share/mission_manager/package.sh'
[2.911s] INFO:colcon.colcon_core.shell:Creating package script '/home/jeongwoo/Automotive_software_final/install/mission_manager/share/mission_manager/package.bash'
[2.912s] INFO:colcon.colcon_core.shell:Creating package script '/home/jeongwoo/Automotive_software_final/install/mission_manager/share/mission_manager/package.zsh'
[2.914s] Level 1:colcon.colcon_core.environment:create_file_with_runtime_dependencies(/home/jeongwoo/Automotive_software_final/install/mission_manager/share/colcon-core/packages/mission_manager)
[2.948s] Level 1:colcon.colcon_core.environment:create_environment_scripts_only(simulator)
[2.948s] Level 1:colcon.colcon_core.environment:checking '/home/jeongwoo/Automotive_software_final/install/simulator' for CMake module files
[2.949s] Level 1:colcon.colcon_core.environment:checking '/home/jeongwoo/Automotive_software_final/install/simulator' for CMake config files
[2.949s] Level 1:colcon.colcon_core.shell:create_environment_hook('simulator', 'cmake_prefix_path')
[2.949s] INFO:colcon.colcon_core.shell:Creating environment hook '/home/jeongwoo/Automotive_software_final/install/simulator/share/simulator/hook/cmake_prefix_path.ps1'
[2.950s] INFO:colcon.colcon_core.shell:Creating environment descriptor '/home/jeongwoo/Automotive_software_final/install/simulator/share/simulator/hook/cmake_prefix_path.dsv'
[2.951s] INFO:colcon.colcon_core.shell:Creating environment hook '/home/jeongwoo/Automotive_software_final/install/simulator/share/simulator/hook/cmake_prefix_path.sh'
[2.952s] Level 1:colcon.colcon_core.environment:checking '/home/jeongwoo/Automotive_software_final/install/simulator/lib'
[2.953s] Level 1:colcon.colcon_core.environment:checking '/home/jeongwoo/Automotive_software_final/install/simulator/bin'
[2.954s] Level 1:colcon.colcon_core.environment:checking '/home/jeongwoo/Automotive_software_final/install/simulator/lib/pkgconfig/simulator.pc'
[2.954s] Level 1:colcon.colcon_core.environment:checking '/home/jeongwoo/Automotive_software_final/install/simulator/lib/python3.10/site-packages'
[2.954s] Level 1:colcon.colcon_core.environment:checking '/home/jeongwoo/Automotive_software_final/install/simulator/bin'
[2.955s] INFO:colcon.colcon_core.shell:Creating package script '/home/jeongwoo/Automotive_software_final/install/simulator/share/simulator/package.ps1'
[2.956s] INFO:colcon.colcon_core.shell:Creating package descriptor '/home/jeongwoo/Automotive_software_final/install/simulator/share/simulator/package.dsv'
[2.957s] INFO:colcon.colcon_core.shell:Creating package script '/home/jeongwoo/Automotive_software_final/install/simulator/share/simulator/package.sh'
[2.958s] INFO:colcon.colcon_core.shell:Creating package script '/home/jeongwoo/Automotive_software_final/install/simulator/share/simulator/package.bash'
[2.959s] INFO:colcon.colcon_core.shell:Creating package script '/home/jeongwoo/Automotive_software_final/install/simulator/share/simulator/package.zsh'
[2.961s] Level 1:colcon.colcon_core.environment:create_file_with_runtime_dependencies(/home/jeongwoo/Automotive_software_final/install/simulator/share/colcon-core/packages/simulator)
[48.750s] DEBUG:colcon.colcon_core.event_handler.log_command:Invoked command in '/home/jeongwoo/Automotive_software_final/build/autonomous_driving' returned '2': CMAKE_PREFIX_PATH=/home/jeongwoo/Automotive_software_final/install/ad_msgs:/home/jeongwoo/Automotive_software_final/install/simulator:/home/jeongwoo/Automotive_software_final/install/mission_manager:/home/jeongwoo/Automotive_software_final/install/evaluation:/home/jeongwoo/Automotive_software_final/install/autonomous_driving:/opt/ros/humble /usr/bin/cmake --build /home/jeongwoo/Automotive_software_final/build/autonomous_driving -- -j8 -l8
[48.806s] Level 1:colcon.colcon_core.environment:create_environment_scripts_only(autonomous_driving)
[48.807s] Level 1:colcon.colcon_core.environment:checking '/home/jeongwoo/Automotive_software_final/install/autonomous_driving' for CMake module files
[48.810s] Level 1:colcon.colcon_core.environment:checking '/home/jeongwoo/Automotive_software_final/install/autonomous_driving' for CMake config files
[48.811s] Level 1:colcon.colcon_core.shell:create_environment_hook('autonomous_driving', 'cmake_prefix_path')
[48.812s] INFO:colcon.colcon_core.shell:Creating environment hook '/home/jeongwoo/Automotive_software_final/install/autonomous_driving/share/autonomous_driving/hook/cmake_prefix_path.ps1'
[48.814s] INFO:colcon.colcon_core.shell:Creating environment descriptor '/home/jeongwoo/Automotive_software_final/install/autonomous_driving/share/autonomous_driving/hook/cmake_prefix_path.dsv'
[48.815s] INFO:colcon.colcon_core.shell:Creating environment hook '/home/jeongwoo/Automotive_software_final/install/autonomous_driving/share/autonomous_driving/hook/cmake_prefix_path.sh'
[48.817s] Level 1:colcon.colcon_core.environment:checking '/home/jeongwoo/Automotive_software_final/install/autonomous_driving/lib'
[48.818s] Level 1:colcon.colcon_core.environment:checking '/home/jeongwoo/Automotive_software_final/install/autonomous_driving/bin'
[48.818s] Level 1:colcon.colcon_core.environment:checking '/home/jeongwoo/Automotive_software_final/install/autonomous_driving/lib/pkgconfig/autonomous_driving.pc'
[48.819s] Level 1:colcon.colcon_core.environment:checking '/home/jeongwoo/Automotive_software_final/install/autonomous_driving/lib/python3.10/site-packages'
[48.819s] Level 1:colcon.colcon_core.environment:checking '/home/jeongwoo/Automotive_software_final/install/autonomous_driving/bin'
[48.820s] INFO:colcon.colcon_core.shell:Creating package script '/home/jeongwoo/Automotive_software_final/install/autonomous_driving/share/autonomous_driving/package.ps1'
[48.821s] INFO:colcon.colcon_core.shell:Creating package descriptor '/home/jeongwoo/Automotive_software_final/install/autonomous_driving/share/autonomous_driving/package.dsv'
[48.823s] INFO:colcon.colcon_core.shell:Creating package script '/home/jeongwoo/Automotive_software_final/install/autonomous_driving/share/autonomous_driving/package.sh'
[48.824s] INFO:colcon.colcon_core.shell:Creating package script '/home/jeongwoo/Automotive_software_final/install/autonomous_driving/share/autonomous_driving/package.bash'
[48.825s] INFO:colcon.colcon_core.shell:Creating package script '/home/jeongwoo/Automotive_software_final/install/autonomous_driving/share/autonomous_driving/package.zsh'
[48.827s] Level 1:colcon.colcon_core.environment:create_file_with_runtime_dependencies(/home/jeongwoo/Automotive_software_final/install/autonomous_driving/share/colcon-core/packages/autonomous_driving)
[48.829s] DEBUG:colcon.colcon_parallel_executor.executor.parallel:closing loop
[48.830s] DEBUG:colcon.colcon_parallel_executor.executor.parallel:loop closed
[48.831s] DEBUG:colcon.colcon_parallel_executor.executor.parallel:run_until_complete finished with '2'
[48.832s] DEBUG:colcon.colcon_core.event_reactor:joining thread
[48.917s] INFO:colcon.colcon_core.plugin_system:Skipping extension 'colcon_notification.desktop_notification.notify_send': Could not find 'notify-send'
[48.917s] INFO:colcon.colcon_core.plugin_system:Skipping extension 'colcon_notification.desktop_notification.terminal_notifier': Not used on non-Darwin systems
[48.917s] INFO:colcon.colcon_core.plugin_system:Skipping extension 'colcon_notification.desktop_notification.win32': Not used on non-Windows systems
[48.917s] INFO:colcon.colcon_notification.desktop_notification:Sending desktop notification using 'notify2'
[48.921s] DEBUG:colcon.colcon_notification.desktop_notification.notify2:Failed to initialize notify2: org.freedesktop.DBus.Error.ServiceUnknown: The name org.freedesktop.Notifications was not provided by any .service files
[48.921s] DEBUG:colcon.colcon_core.event_reactor:joined thread
[48.922s] INFO:colcon.colcon_core.shell:Creating prefix script '/home/jeongwoo/Automotive_software_final/install/local_setup.ps1'
[48.924s] INFO:colcon.colcon_core.shell:Creating prefix util module '/home/jeongwoo/Automotive_software_final/install/_local_setup_util_ps1.py'
[48.929s] INFO:colcon.colcon_core.shell:Creating prefix chain script '/home/jeongwoo/Automotive_software_final/install/setup.ps1'
[48.932s] INFO:colcon.colcon_core.shell:Creating prefix script '/home/jeongwoo/Automotive_software_final/install/local_setup.sh'
[48.933s] INFO:colcon.colcon_core.shell:Creating prefix util module '/home/jeongwoo/Automotive_software_final/install/_local_setup_util_sh.py'
[48.935s] INFO:colcon.colcon_core.shell:Creating prefix chain script '/home/jeongwoo/Automotive_software_final/install/setup.sh'
[48.938s] INFO:colcon.colcon_core.shell:Creating prefix script '/home/jeongwoo/Automotive_software_final/install/local_setup.bash'
[48.939s] INFO:colcon.colcon_core.shell:Creating prefix chain script '/home/jeongwoo/Automotive_software_final/install/setup.bash'
[48.942s] INFO:colcon.colcon_core.shell:Creating prefix script '/home/jeongwoo/Automotive_software_final/install/local_setup.zsh'
[48.945s] INFO:colcon.colcon_core.shell:Creating prefix chain script '/home/jeongwoo/Automotive_software_final/install/setup.zsh'
