[0.112s] Invoking command in '/home/seok/automotive_software_final/build/mission_manager': AMENT_PREFIX_PATH=/home/seok/automotive_software_final/install/ad_msgs:${AMENT_PREFIX_PATH} CMAKE_PREFIX_PATH=/home/seok/automotive_software_final/install/ad_msgs:/opt/ros/humble LD_LIBRARY_PATH=/home/seok/automotive_software_final/install/ad_msgs/lib:${LD_LIBRARY_PATH} PYTHONPATH=/home/seok/automotive_software_final/install/ad_msgs/local/lib/python3.10/dist-packages:${PYTHONPATH} /usr/bin/cmake --build /home/seok/automotive_software_final/build/mission_manager -- -j8 -l8
[0.204s] [35m[1mConsolidate compiler generated dependencies of target mission_manager[0m
[0.275s] [100%] Built target mission_manager
[0.287s] Invoked command in '/home/seok/automotive_software_final/build/mission_manager' returned '0': AMENT_PREFIX_PATH=/home/seok/automotive_software_final/install/ad_msgs:${AMENT_PREFIX_PATH} CMAKE_PREFIX_PATH=/home/seok/automotive_software_final/install/ad_msgs:/opt/ros/humble LD_LIBRARY_PATH=/home/seok/automotive_software_final/install/ad_msgs/lib:${LD_LIBRARY_PATH} PYTHONPATH=/home/seok/automotive_software_final/install/ad_msgs/local/lib/python3.10/dist-packages:${PYTHONPATH} /usr/bin/cmake --build /home/seok/automotive_software_final/build/mission_manager -- -j8 -l8
[0.321s] Invoking command in '/home/seok/automotive_software_final/build/mission_manager': AMENT_PREFIX_PATH=/home/seok/automotive_software_final/install/ad_msgs:${AMENT_PREFIX_PATH} CMAKE_PREFIX_PATH=/home/seok/automotive_software_final/install/ad_msgs:/opt/ros/humble LD_LIBRARY_PATH=/home/seok/automotive_software_final/install/ad_msgs/lib:${LD_LIBRARY_PATH} PYTHONPATH=/home/seok/automotive_software_final/install/ad_msgs/local/lib/python3.10/dist-packages:${PYTHONPATH} /usr/bin/cmake --install /home/seok/automotive_software_final/build/mission_manager
[0.330s] -- Install configuration: ""
[0.331s] -- Installing: /home/seok/automotive_software_final/install/mission_manager/lib/mission_manager/mission_manager
[0.349s] -- Set runtime path of "/home/seok/automotive_software_final/install/mission_manager/lib/mission_manager/mission_manager" to ""
[0.349s] -- Installing: /home/seok/automotive_software_final/install/mission_manager/share/mission_manager/launch
[0.350s] -- Installing: /home/seok/automotive_software_final/install/mission_manager/share/mission_manager/launch/mission_manager.launch.xml
[0.351s] -- Installing: /home/seok/automotive_software_final/install/mission_manager/share/ament_index/resource_index/package_run_dependencies/mission_manager
[0.353s] -- Installing: /home/seok/automotive_software_final/install/mission_manager/share/ament_index/resource_index/parent_prefix_path/mission_manager
[0.354s] -- Installing: /home/seok/automotive_software_final/install/mission_manager/share/mission_manager/environment/ament_prefix_path.sh
[0.354s] -- Installing: /home/seok/automotive_software_final/install/mission_manager/share/mission_manager/environment/ament_prefix_path.dsv
[0.355s] -- Installing: /home/seok/automotive_software_final/install/mission_manager/share/mission_manager/environment/path.sh
[0.355s] -- Installing: /home/seok/automotive_software_final/install/mission_manager/share/mission_manager/environment/path.dsv
[0.356s] -- Installing: /home/seok/automotive_software_final/install/mission_manager/share/mission_manager/local_setup.bash
[0.357s] -- Installing: /home/seok/automotive_software_final/install/mission_manager/share/mission_manager/local_setup.sh
[0.357s] -- Installing: /home/seok/automotive_software_final/install/mission_manager/share/mission_manager/local_setup.zsh
[0.359s] -- Installing: /home/seok/automotive_software_final/install/mission_manager/share/mission_manager/local_setup.dsv
[0.361s] -- Installing: /home/seok/automotive_software_final/install/mission_manager/share/mission_manager/package.dsv
[0.363s] -- Installing: /home/seok/automotive_software_final/install/mission_manager/share/ament_index/resource_index/packages/mission_manager
[0.363s] -- Installing: /home/seok/automotive_software_final/install/mission_manager/share/mission_manager/cmake/mission_managerConfig.cmake
[0.364s] -- Installing: /home/seok/automotive_software_final/install/mission_manager/share/mission_manager/cmake/mission_managerConfig-version.cmake
[0.364s] -- Installing: /home/seok/automotive_software_final/install/mission_manager/share/mission_manager/package.xml
[0.369s] Invoked command in '/home/seok/automotive_software_final/build/mission_manager' returned '0': AMENT_PREFIX_PATH=/home/seok/automotive_software_final/install/ad_msgs:${AMENT_PREFIX_PATH} CMAKE_PREFIX_PATH=/home/seok/automotive_software_final/install/ad_msgs:/opt/ros/humble LD_LIBRARY_PATH=/home/seok/automotive_software_final/install/ad_msgs/lib:${LD_LIBRARY_PATH} PYTHONPATH=/home/seok/automotive_software_final/install/ad_msgs/local/lib/python3.10/dist-packages:${PYTHONPATH} /usr/bin/cmake --install /home/seok/automotive_software_final/build/mission_manager
