[0.043s] Invoking command in '/home/seok/automotive_software_final/build/mission_manager': CMAKE_PREFIX_PATH=/home/seok/automotive_software_final/install/ad_msgs:/home/seok/automotive_software_final/install/simulator:/home/seok/automotive_software_final/install/mission_manager:/home/seok/automotive_software_final/install/evaluation:/home/seok/automotive_software_final/install/autonomous_driving:/opt/ros/humble /usr/bin/cmake --build /home/seok/automotive_software_final/build/mission_manager -- -j28 -l28
[0.081s] [100%] Built target mission_manager
[0.089s] Invoked command in '/home/seok/automotive_software_final/build/mission_manager' returned '0': CMAKE_PREFIX_PATH=/home/seok/automotive_software_final/install/ad_msgs:/home/seok/automotive_software_final/install/simulator:/home/seok/automotive_software_final/install/mission_manager:/home/seok/automotive_software_final/install/evaluation:/home/seok/automotive_software_final/install/autonomous_driving:/opt/ros/humble /usr/bin/cmake --build /home/seok/automotive_software_final/build/mission_manager -- -j28 -l28
[0.118s] Invoking command in '/home/seok/automotive_software_final/build/mission_manager': CMAKE_PREFIX_PATH=/home/seok/automotive_software_final/install/ad_msgs:/home/seok/automotive_software_final/install/simulator:/home/seok/automotive_software_final/install/mission_manager:/home/seok/automotive_software_final/install/evaluation:/home/seok/automotive_software_final/install/autonomous_driving:/opt/ros/humble /usr/bin/cmake --install /home/seok/automotive_software_final/build/mission_manager
[0.122s] -- Install configuration: ""
[0.122s] -- Up-to-date: /home/seok/automotive_software_final/install/mission_manager/lib/mission_manager/mission_manager
[0.123s] -- Up-to-date: /home/seok/automotive_software_final/install/mission_manager/share/mission_manager/launch
[0.125s] -- Up-to-date: /home/seok/automotive_software_final/install/mission_manager/share/mission_manager/launch/mission_manager.launch.xml
[0.126s] -- Up-to-date: /home/seok/automotive_software_final/install/mission_manager/share/ament_index/resource_index/package_run_dependencies/mission_manager
[0.126s] -- Up-to-date: /home/seok/automotive_software_final/install/mission_manager/share/ament_index/resource_index/parent_prefix_path/mission_manager
[0.126s] -- Up-to-date: /home/seok/automotive_software_final/install/mission_manager/share/mission_manager/environment/ament_prefix_path.sh
[0.126s] -- Up-to-date: /home/seok/automotive_software_final/install/mission_manager/share/mission_manager/environment/ament_prefix_path.dsv
[0.126s] -- Up-to-date: /home/seok/automotive_software_final/install/mission_manager/share/mission_manager/environment/path.sh
[0.126s] -- Up-to-date: /home/seok/automotive_software_final/install/mission_manager/share/mission_manager/environment/path.dsv
[0.126s] -- Up-to-date: /home/seok/automotive_software_final/install/mission_manager/share/mission_manager/local_setup.bash
[0.126s] -- Up-to-date: /home/seok/automotive_software_final/install/mission_manager/share/mission_manager/local_setup.sh
[0.127s] -- Up-to-date: /home/seok/automotive_software_final/install/mission_manager/share/mission_manager/local_setup.zsh
[0.127s] -- Up-to-date: /home/seok/automotive_software_final/install/mission_manager/share/mission_manager/local_setup.dsv
[0.127s] -- Installing: /home/seok/automotive_software_final/install/mission_manager/share/mission_manager/package.dsv
[0.127s] -- Up-to-date: /home/seok/automotive_software_final/install/mission_manager/share/ament_index/resource_index/packages/mission_manager
[0.127s] -- Up-to-date: /home/seok/automotive_software_final/install/mission_manager/share/mission_manager/cmake/mission_managerConfig.cmake
[0.127s] -- Up-to-date: /home/seok/automotive_software_final/install/mission_manager/share/mission_manager/cmake/mission_managerConfig-version.cmake
[0.127s] -- Up-to-date: /home/seok/automotive_software_final/install/mission_manager/share/mission_manager/package.xml
[0.127s] Invoked command in '/home/seok/automotive_software_final/build/mission_manager' returned '0': CMAKE_PREFIX_PATH=/home/seok/automotive_software_final/install/ad_msgs:/home/seok/automotive_software_final/install/simulator:/home/seok/automotive_software_final/install/mission_manager:/home/seok/automotive_software_final/install/evaluation:/home/seok/automotive_software_final/install/autonomous_driving:/opt/ros/humble /usr/bin/cmake --install /home/seok/automotive_software_final/build/mission_manager
