[0.039s] Invoking command in '/home/seok/automotive_software_final/build/mission_manager': AMENT_PREFIX_PATH=/home/seok/automotive_software_final/install/ad_msgs:${AMENT_PREFIX_PATH} CMAKE_PREFIX_PATH=/home/seok/automotive_software_final/install/ad_msgs:/opt/ros/humble LD_LIBRARY_PATH=/home/seok/automotive_software_final/install/ad_msgs/lib:${LD_LIBRARY_PATH} PYTHONPATH=/home/seok/automotive_software_final/install/ad_msgs/local/lib/python3.10/dist-packages:${PYTHONPATH} /usr/bin/cmake --build /home/seok/automotive_software_final/build/mission_manager -- -j28 -l28
[0.074s] [100%] Built target mission_manager
[0.084s] Invoked command in '/home/seok/automotive_software_final/build/mission_manager' returned '0': AMENT_PREFIX_PATH=/home/seok/automotive_software_final/install/ad_msgs:${AMENT_PREFIX_PATH} CMAKE_PREFIX_PATH=/home/seok/automotive_software_final/install/ad_msgs:/opt/ros/humble LD_LIBRARY_PATH=/home/seok/automotive_software_final/install/ad_msgs/lib:${LD_LIBRARY_PATH} PYTHONPATH=/home/seok/automotive_software_final/install/ad_msgs/local/lib/python3.10/dist-packages:${PYTHONPATH} /usr/bin/cmake --build /home/seok/automotive_software_final/build/mission_manager -- -j28 -l28
[0.109s] Invoking command in '/home/seok/automotive_software_final/build/mission_manager': AMENT_PREFIX_PATH=/home/seok/automotive_software_final/install/ad_msgs:${AMENT_PREFIX_PATH} CMAKE_PREFIX_PATH=/home/seok/automotive_software_final/install/ad_msgs:/opt/ros/humble LD_LIBRARY_PATH=/home/seok/automotive_software_final/install/ad_msgs/lib:${LD_LIBRARY_PATH} PYTHONPATH=/home/seok/automotive_software_final/install/ad_msgs/local/lib/python3.10/dist-packages:${PYTHONPATH} /usr/bin/cmake --install /home/seok/automotive_software_final/build/mission_manager
[0.115s] -- Install configuration: ""
[0.115s] -- Up-to-date: /home/seok/automotive_software_final/install/mission_manager/lib/mission_manager/mission_manager
[0.115s] -- Up-to-date: /home/seok/automotive_software_final/install/mission_manager/share/mission_manager/launch
[0.115s] -- Up-to-date: /home/seok/automotive_software_final/install/mission_manager/share/mission_manager/launch/mission_manager.launch.xml
[0.115s] -- Up-to-date: /home/seok/automotive_software_final/install/mission_manager/share/ament_index/resource_index/package_run_dependencies/mission_manager
[0.115s] -- Up-to-date: /home/seok/automotive_software_final/install/mission_manager/share/ament_index/resource_index/parent_prefix_path/mission_manager
[0.115s] -- Up-to-date: /home/seok/automotive_software_final/install/mission_manager/share/mission_manager/environment/ament_prefix_path.sh
[0.115s] -- Up-to-date: /home/seok/automotive_software_final/install/mission_manager/share/mission_manager/environment/ament_prefix_path.dsv
[0.115s] -- Up-to-date: /home/seok/automotive_software_final/install/mission_manager/share/mission_manager/environment/path.sh
[0.116s] -- Up-to-date: /home/seok/automotive_software_final/install/mission_manager/share/mission_manager/environment/path.dsv
[0.116s] -- Up-to-date: /home/seok/automotive_software_final/install/mission_manager/share/mission_manager/local_setup.bash
[0.116s] -- Up-to-date: /home/seok/automotive_software_final/install/mission_manager/share/mission_manager/local_setup.sh
[0.116s] -- Up-to-date: /home/seok/automotive_software_final/install/mission_manager/share/mission_manager/local_setup.zsh
[0.116s] -- Up-to-date: /home/seok/automotive_software_final/install/mission_manager/share/mission_manager/local_setup.dsv
[0.116s] -- Installing: /home/seok/automotive_software_final/install/mission_manager/share/mission_manager/package.dsv
[0.116s] -- Up-to-date: /home/seok/automotive_software_final/install/mission_manager/share/ament_index/resource_index/packages/mission_manager
[0.116s] -- Up-to-date: /home/seok/automotive_software_final/install/mission_manager/share/mission_manager/cmake/mission_managerConfig.cmake
[0.116s] -- Up-to-date: /home/seok/automotive_software_final/install/mission_manager/share/mission_manager/cmake/mission_managerConfig-version.cmake
[0.116s] -- Up-to-date: /home/seok/automotive_software_final/install/mission_manager/share/mission_manager/package.xml
[0.124s] Invoked command in '/home/seok/automotive_software_final/build/mission_manager' returned '0': AMENT_PREFIX_PATH=/home/seok/automotive_software_final/install/ad_msgs:${AMENT_PREFIX_PATH} CMAKE_PREFIX_PATH=/home/seok/automotive_software_final/install/ad_msgs:/opt/ros/humble LD_LIBRARY_PATH=/home/seok/automotive_software_final/install/ad_msgs/lib:${LD_LIBRARY_PATH} PYTHONPATH=/home/seok/automotive_software_final/install/ad_msgs/local/lib/python3.10/dist-packages:${PYTHONPATH} /usr/bin/cmake --install /home/seok/automotive_software_final/build/mission_manager
