[35m[1mConsolidate compiler generated dependencies of target mission_manager[0m
[ 33%] [32mBuilding CXX object CMakeFiles/mission_manager.dir/src/mission_manager_node.cpp.o[0m
[ 66%] [32m[1mLinking CXX executable mission_manager[0m
[100%] Built target mission_manager
-- Install configuration: ""
-- Installing: /home/seok/automotive_software_final/install/mission_manager/lib/mission_manager/mission_manager
-- Set runtime path of "/home/seok/automotive_software_final/install/mission_manager/lib/mission_manager/mission_manager" to ""
-- Up-to-date: /home/seok/automotive_software_final/install/mission_manager/share/mission_manager/launch
-- Up-to-date: /home/seok/automotive_software_final/install/mission_manager/share/mission_manager/launch/mission_manager.launch.xml
-- Installing: /home/seok/automotive_software_final/install/mission_manager/share/ament_index/resource_index/package_run_dependencies/mission_manager
-- Installing: /home/seok/automotive_software_final/install/mission_manager/share/ament_index/resource_index/parent_prefix_path/mission_manager
-- Installing: /home/seok/automotive_software_final/install/mission_manager/share/mission_manager/environment/ament_prefix_path.sh
-- Installing: /home/seok/automotive_software_final/install/mission_manager/share/mission_manager/environment/ament_prefix_path.dsv
-- Installing: /home/seok/automotive_software_final/install/mission_manager/share/mission_manager/environment/path.sh
-- Installing: /home/seok/automotive_software_final/install/mission_manager/share/mission_manager/environment/path.dsv
-- Installing: /home/seok/automotive_software_final/install/mission_manager/share/mission_manager/local_setup.bash
-- Installing: /home/seok/automotive_software_final/install/mission_manager/share/mission_manager/local_setup.sh
-- Installing: /home/seok/automotive_software_final/install/mission_manager/share/mission_manager/local_setup.zsh
-- Installing: /home/seok/automotive_software_final/install/mission_manager/share/mission_manager/local_setup.dsv
-- Installing: /home/seok/automotive_software_final/install/mission_manager/share/mission_manager/package.dsv
-- Installing: /home/seok/automotive_software_final/install/mission_manager/share/ament_index/resource_index/packages/mission_manager
-- Installing: /home/seok/automotive_software_final/install/mission_manager/share/mission_manager/cmake/mission_managerConfig.cmake
-- Installing: /home/seok/automotive_software_final/install/mission_manager/share/mission_manager/cmake/mission_managerConfig-version.cmake
-- Up-to-date: /home/seok/automotive_software_final/install/mission_manager/share/mission_manager/package.xml
