[0.067s] Invoking command in '/home/seok/automotive_software_final/build/mission_manager': CMAKE_PREFIX_PATH=/home/seok/automotive_software_final/install/ad_msgs:/home/seok/automotive_software_final/install/simulator:/home/seok/automotive_software_final/install/mission_manager:/home/seok/automotive_software_final/install/evaluation:/home/seok/automotive_software_final/install/autonomous_driving:/opt/ros/humble /usr/bin/cmake --build /home/seok/automotive_software_final/build/mission_manager -- -j8 -l8
[0.124s] [35m[1mConsolidate compiler generated dependencies of target mission_manager[0m
[0.175s] [ 33%] [32mBuilding CXX object CMakeFiles/mission_manager.dir/src/mission_manager_node.cpp.o[0m
[114.681s] [ 66%] [32m[1mLinking CXX executable mission_manager[0m
[116.120s] [100%] Built target mission_manager
[116.296s] Invoked command in '/home/seok/automotive_software_final/build/mission_manager' returned '0': CMAKE_PREFIX_PATH=/home/seok/automotive_software_final/install/ad_msgs:/home/seok/automotive_software_final/install/simulator:/home/seok/automotive_software_final/install/mission_manager:/home/seok/automotive_software_final/install/evaluation:/home/seok/automotive_software_final/install/autonomous_driving:/opt/ros/humble /usr/bin/cmake --build /home/seok/automotive_software_final/build/mission_manager -- -j8 -l8
[116.418s] Invoking command in '/home/seok/automotive_software_final/build/mission_manager': CMAKE_PREFIX_PATH=/home/seok/automotive_software_final/install/ad_msgs:/home/seok/automotive_software_final/install/simulator:/home/seok/automotive_software_final/install/mission_manager:/home/seok/automotive_software_final/install/evaluation:/home/seok/automotive_software_final/install/autonomous_driving:/opt/ros/humble /usr/bin/cmake --install /home/seok/automotive_software_final/build/mission_manager
[116.427s] -- Install configuration: ""
[116.429s] -- Installing: /home/seok/automotive_software_final/install/mission_manager/lib/mission_manager/mission_manager
[116.437s] -- Set runtime path of "/home/seok/automotive_software_final/install/mission_manager/lib/mission_manager/mission_manager" to ""
[116.438s] -- Up-to-date: /home/seok/automotive_software_final/install/mission_manager/share/mission_manager/launch
[116.438s] -- Up-to-date: /home/seok/automotive_software_final/install/mission_manager/share/mission_manager/launch/mission_manager.launch.xml
[116.438s] -- Installing: /home/seok/automotive_software_final/install/mission_manager/share/ament_index/resource_index/package_run_dependencies/mission_manager
[116.438s] -- Installing: /home/seok/automotive_software_final/install/mission_manager/share/ament_index/resource_index/parent_prefix_path/mission_manager
[116.442s] -- Installing: /home/seok/automotive_software_final/install/mission_manager/share/mission_manager/environment/ament_prefix_path.sh
[116.443s] -- Installing: /home/seok/automotive_software_final/install/mission_manager/share/mission_manager/environment/ament_prefix_path.dsv
[116.443s] -- Installing: /home/seok/automotive_software_final/install/mission_manager/share/mission_manager/environment/path.sh
[116.444s] -- Installing: /home/seok/automotive_software_final/install/mission_manager/share/mission_manager/environment/path.dsv
[116.445s] -- Installing: /home/seok/automotive_software_final/install/mission_manager/share/mission_manager/local_setup.bash
[116.445s] -- Installing: /home/seok/automotive_software_final/install/mission_manager/share/mission_manager/local_setup.sh
[116.446s] -- Installing: /home/seok/automotive_software_final/install/mission_manager/share/mission_manager/local_setup.zsh
[116.446s] -- Installing: /home/seok/automotive_software_final/install/mission_manager/share/mission_manager/local_setup.dsv
[116.447s] -- Installing: /home/seok/automotive_software_final/install/mission_manager/share/mission_manager/package.dsv
[116.448s] -- Installing: /home/seok/automotive_software_final/install/mission_manager/share/ament_index/resource_index/packages/mission_manager
[116.448s] -- Installing: /home/seok/automotive_software_final/install/mission_manager/share/mission_manager/cmake/mission_managerConfig.cmake
[116.449s] -- Installing: /home/seok/automotive_software_final/install/mission_manager/share/mission_manager/cmake/mission_managerConfig-version.cmake
[116.450s] -- Up-to-date: /home/seok/automotive_software_final/install/mission_manager/share/mission_manager/package.xml
[116.467s] Invoked command in '/home/seok/automotive_software_final/build/mission_manager' returned '0': CMAKE_PREFIX_PATH=/home/seok/automotive_software_final/install/ad_msgs:/home/seok/automotive_software_final/install/simulator:/home/seok/automotive_software_final/install/mission_manager:/home/seok/automotive_software_final/install/evaluation:/home/seok/automotive_software_final/install/autonomous_driving:/opt/ros/humble /usr/bin/cmake --install /home/seok/automotive_software_final/build/mission_manager
