[0.139s] Invoking command in '/home/jeongwoo/Automotive_software_final/build/mission_manager': CMAKE_PREFIX_PATH=/home/jeongwoo/Automotive_software_final/install/ad_msgs:/home/jeongwoo/Automotive_software_final/install/simulator:/home/jeongwoo/Automotive_software_final/install/mission_manager:/home/jeongwoo/Automotive_software_final/install/evaluation:/home/jeongwoo/Automotive_software_final/install/autonomous_driving:/opt/ros/humble /usr/bin/cmake /home/jeongwoo/Automotive_software_final/src/app/mission_manager -DAMENT_CMAKE_SYMLINK_INSTALL=1 -DCMAKE_INSTALL_PREFIX=/home/jeongwoo/Automotive_software_final/install/mission_manager
[0.461s] -- The C compiler identification is GNU 11.4.0
[1.199s] -- The CXX compiler identification is GNU 11.4.0
[1.911s] -- Detecting C compiler ABI info
[2.158s] -- Detecting C compiler ABI info - done
[2.174s] -- Check for working C compiler: /usr/bin/cc - skipped
[2.174s] -- Detecting C compile features
[2.175s] -- Detecting C compile features - done
[2.182s] -- Detecting CXX compiler ABI info
[2.412s] -- Detecting CXX compiler ABI info - done
[2.427s] -- Check for working CXX compiler: /usr/bin/c++ - skipped
[2.428s] -- Detecting CXX compile features
[2.432s] -- Detecting CXX compile features - done
[2.436s] -- Found ament_cmake: 1.3.10 (/opt/ros/humble/share/ament_cmake/cmake)
[2.772s] -- Found Python3: /usr/bin/python3 (found version "3.10.12") found components: Interpreter 
[2.916s] -- Override CMake install command with custom implementation using symlinks instead of copying resources
[2.967s] -- Found rclcpp: 16.0.10 (/opt/ros/humble/share/rclcpp/cmake)
[3.221s] -- Found rosidl_generator_c: 3.1.5 (/opt/ros/humble/share/rosidl_generator_c/cmake)
[3.230s] -- Found rosidl_adapter: 3.1.5 (/opt/ros/humble/share/rosidl_adapter/cmake)
[3.242s] -- Found rosidl_generator_cpp: 3.1.5 (/opt/ros/humble/share/rosidl_generator_cpp/cmake)
[3.261s] -- Using all available rosidl_typesupport_c: rosidl_typesupport_fastrtps_c;rosidl_typesupport_introspection_c
[3.297s] -- Using all available rosidl_typesupport_cpp: rosidl_typesupport_fastrtps_cpp;rosidl_typesupport_introspection_cpp
[3.411s] -- Found rmw_implementation_cmake: 6.1.2 (/opt/ros/humble/share/rmw_implementation_cmake/cmake)
[3.416s] -- Found rmw_fastrtps_cpp: 6.2.7 (/opt/ros/humble/share/rmw_fastrtps_cpp/cmake)
[5.182s] -- Found OpenSSL: /usr/lib/x86_64-linux-gnu/libcrypto.so (found version "3.0.2")  
[6.245s] -- Found FastRTPS: /opt/ros/humble/include  
[8.386s] -- Using RMW implementation 'rmw_fastrtps_cpp' as default
[8.402s] -- Looking for pthread.h
[8.608s] -- Looking for pthread.h - found
[8.608s] -- Performing Test CMAKE_HAVE_LIBC_PTHREAD
[8.841s] -- Performing Test CMAKE_HAVE_LIBC_PTHREAD - Success
[8.844s] -- Found Threads: TRUE  
[8.992s] -- Found ad_msgs: 0.0.0 (/home/jeongwoo/Automotive_software_final/install/ad_msgs/share/ad_msgs/cmake)
[9.255s] -- Found rviz_2d_overlay_msgs: 1.3.0 (/opt/ros/humble/share/rviz_2d_overlay_msgs/cmake)
[9.310s] -- Found tf2: 0.25.8 (/opt/ros/humble/share/tf2/cmake)
[9.339s] -- Found tf2_ros: 0.25.8 (/opt/ros/humble/share/tf2_ros/cmake)
[9.660s] -- Found tf2_geometry_msgs: 0.25.8 (/opt/ros/humble/share/tf2_geometry_msgs/cmake)
[9.756s] -- Found eigen3_cmake_module: 0.1.1 (/opt/ros/humble/share/eigen3_cmake_module/cmake)
[9.761s] -- Found Eigen3: TRUE (found version "3.4.0") 
[9.762s] -- Ensuring Eigen3 include directory is part of orocos-kdl CMake target
[9.792s] -- Found Boost: /usr/lib/x86_64-linux-gnu/cmake/Boost-1.74.0/BoostConfig.cmake (found version "1.74.0") found components: system filesystem 
[10.005s] -- Configuring done
[10.056s] -- Generating done
[10.064s] -- Build files have been written to: /home/jeongwoo/Automotive_software_final/build/mission_manager
[10.111s] Invoked command in '/home/jeongwoo/Automotive_software_final/build/mission_manager' returned '0': CMAKE_PREFIX_PATH=/home/jeongwoo/Automotive_software_final/install/ad_msgs:/home/jeongwoo/Automotive_software_final/install/simulator:/home/jeongwoo/Automotive_software_final/install/mission_manager:/home/jeongwoo/Automotive_software_final/install/evaluation:/home/jeongwoo/Automotive_software_final/install/autonomous_driving:/opt/ros/humble /usr/bin/cmake /home/jeongwoo/Automotive_software_final/src/app/mission_manager -DAMENT_CMAKE_SYMLINK_INSTALL=1 -DCMAKE_INSTALL_PREFIX=/home/jeongwoo/Automotive_software_final/install/mission_manager
[10.112s] Invoking command in '/home/jeongwoo/Automotive_software_final/build/mission_manager': CMAKE_PREFIX_PATH=/home/jeongwoo/Automotive_software_final/install/ad_msgs:/home/jeongwoo/Automotive_software_final/install/simulator:/home/jeongwoo/Automotive_software_final/install/mission_manager:/home/jeongwoo/Automotive_software_final/install/evaluation:/home/jeongwoo/Automotive_software_final/install/autonomous_driving:/opt/ros/humble /usr/bin/cmake --build /home/jeongwoo/Automotive_software_final/build/mission_manager -- -j8 -l8
[10.234s] [ 33%] [32mBuilding CXX object CMakeFiles/mission_manager.dir/src/mission_manager_node.cpp.o[0m
[10.260s] [ 66%] [32mBuilding CXX object CMakeFiles/mission_manager.dir/home/jeongwoo/Automotive_software_final/src/bsw/system/interface/interface_lane.cpp.o[0m
[16.908s] [01m[K/home/jeongwoo/Automotive_software_final/src/bsw/system/interface/interface_lane.cpp:[m[K In member function ‘[01m[Kbool SLanes::ImportLaneCsvFile(std::string)[m[K’:
[16.908s] [01m[K/home/jeongwoo/Automotive_software_final/src/bsw/system/interface/interface_lane.cpp:26:9:[m[K [01;35m[Kwarning: [m[Kunused variable ‘[01m[KnLaneID[m[K’ [[01;35m[K]8;;https://gcc.gnu.org/onlinedocs/gcc/Warning-Options.html#index-Wunused-variable-Wunused-variable]8;;[m[K]
[16.908s]    26 |     int [01;35m[KnLaneID[m[K = 0;
[16.909s]       |         [01;35m[K^~~~~~~[m[K
[54.138s] [100%] [32m[1mLinking CXX executable mission_manager[0m
[57.276s] [100%] Built target mission_manager
[57.340s] Invoked command in '/home/jeongwoo/Automotive_software_final/build/mission_manager' returned '0': CMAKE_PREFIX_PATH=/home/jeongwoo/Automotive_software_final/install/ad_msgs:/home/jeongwoo/Automotive_software_final/install/simulator:/home/jeongwoo/Automotive_software_final/install/mission_manager:/home/jeongwoo/Automotive_software_final/install/evaluation:/home/jeongwoo/Automotive_software_final/install/autonomous_driving:/opt/ros/humble /usr/bin/cmake --build /home/jeongwoo/Automotive_software_final/build/mission_manager -- -j8 -l8
[57.719s] Invoking command in '/home/jeongwoo/Automotive_software_final/build/mission_manager': CMAKE_PREFIX_PATH=/home/jeongwoo/Automotive_software_final/install/ad_msgs:/home/jeongwoo/Automotive_software_final/install/simulator:/home/jeongwoo/Automotive_software_final/install/mission_manager:/home/jeongwoo/Automotive_software_final/install/evaluation:/home/jeongwoo/Automotive_software_final/install/autonomous_driving:/opt/ros/humble /usr/bin/cmake --install /home/jeongwoo/Automotive_software_final/build/mission_manager
[57.740s] -- Install configuration: ""
[57.740s] -- Execute custom install script
[57.741s] -- Symlinking: /home/jeongwoo/Automotive_software_final/install/mission_manager/lib/mission_manager/mission_manager
[57.771s] -- Symlinking: /home/jeongwoo/Automotive_software_final/install/mission_manager/share/mission_manager/launch/mission_manager.launch.xml
[57.791s] -- Symlinking: /home/jeongwoo/Automotive_software_final/install/mission_manager/share/ament_index/resource_index/package_run_dependencies/mission_manager
[57.813s] -- Symlinking: /home/jeongwoo/Automotive_software_final/install/mission_manager/share/ament_index/resource_index/parent_prefix_path/mission_manager
[57.831s] -- Symlinking: /home/jeongwoo/Automotive_software_final/install/mission_manager/share/mission_manager/environment/ament_prefix_path.sh
[57.852s] -- Symlinking: /home/jeongwoo/Automotive_software_final/install/mission_manager/share/mission_manager/environment/ament_prefix_path.dsv
[57.877s] -- Symlinking: /home/jeongwoo/Automotive_software_final/install/mission_manager/share/mission_manager/environment/path.sh
[57.895s] -- Symlinking: /home/jeongwoo/Automotive_software_final/install/mission_manager/share/mission_manager/environment/path.dsv
[57.913s] -- Symlinking: /home/jeongwoo/Automotive_software_final/install/mission_manager/share/mission_manager/local_setup.bash
[57.933s] -- Symlinking: /home/jeongwoo/Automotive_software_final/install/mission_manager/share/mission_manager/local_setup.sh
[57.951s] -- Symlinking: /home/jeongwoo/Automotive_software_final/install/mission_manager/share/mission_manager/local_setup.zsh
[57.977s] -- Symlinking: /home/jeongwoo/Automotive_software_final/install/mission_manager/share/mission_manager/local_setup.dsv
[57.999s] -- Symlinking: /home/jeongwoo/Automotive_software_final/install/mission_manager/share/mission_manager/package.dsv
[58.018s] -- Symlinking: /home/jeongwoo/Automotive_software_final/install/mission_manager/share/ament_index/resource_index/packages/mission_manager
[58.038s] -- Symlinking: /home/jeongwoo/Automotive_software_final/install/mission_manager/share/mission_manager/cmake/mission_managerConfig.cmake
[58.057s] -- Symlinking: /home/jeongwoo/Automotive_software_final/install/mission_manager/share/mission_manager/cmake/mission_managerConfig-version.cmake
[58.080s] -- Symlinking: /home/jeongwoo/Automotive_software_final/install/mission_manager/share/mission_manager/package.xml
[58.114s] Invoked command in '/home/jeongwoo/Automotive_software_final/build/mission_manager' returned '0': CMAKE_PREFIX_PATH=/home/jeongwoo/Automotive_software_final/install/ad_msgs:/home/jeongwoo/Automotive_software_final/install/simulator:/home/jeongwoo/Automotive_software_final/install/mission_manager:/home/jeongwoo/Automotive_software_final/install/evaluation:/home/jeongwoo/Automotive_software_final/install/autonomous_driving:/opt/ros/humble /usr/bin/cmake --install /home/jeongwoo/Automotive_software_final/build/mission_manager
