[0.028s] Invoking command in '/home/jeongwoo/Automotive_software_final/build/ad_msgs': CMAKE_PREFIX_PATH=${CMAKE_PREFIX_PATH}:/opt/ros/humble /usr/bin/cmake --build /home/jeongwoo/Automotive_software_final/build/ad_msgs -- -j8 -l8
[0.157s] [  0%] Built target ad_msgs__cpp
[0.192s] [ 12%] Built target ad_msgs__rosidl_generator_c
[0.204s] [ 12%] Built target ament_cmake_python_copy_ad_msgs
[0.279s] [ 24%] Built target ad_msgs__rosidl_typesupport_cpp
[0.309s] [ 35%] Built target ad_msgs__rosidl_typesupport_fastrtps_cpp
[0.319s] [ 52%] Built target ad_msgs__rosidl_typesupport_introspection_cpp
[0.323s] [ 66%] Built target ad_msgs__rosidl_typesupport_introspection_c
[0.327s] [ 70%] Built target ad_msgs__rosidl_typesupport_c
[0.337s] [ 82%] Built target ad_msgs__rosidl_typesupport_fastrtps_c
[0.383s] [ 82%] Built target ad_msgs
[0.421s] [ 83%] Built target ad_msgs__py
[0.488s] [ 94%] Built target ad_msgs__rosidl_generator_py
[0.579s] [ 96%] Built target ad_msgs__rosidl_typesupport_fastrtps_c__pyext
[0.579s] [ 98%] Built target ad_msgs__rosidl_typesupport_c__pyext
[0.585s] [100%] Built target ad_msgs__rosidl_typesupport_introspection_c__pyext
[1.208s] running egg_info
[1.212s] writing ad_msgs.egg-info/PKG-INFO
[1.213s] writing dependency_links to ad_msgs.egg-info/dependency_links.txt
[1.214s] writing top-level names to ad_msgs.egg-info/top_level.txt
[1.219s] reading manifest file 'ad_msgs.egg-info/SOURCES.txt'
[1.220s] writing manifest file 'ad_msgs.egg-info/SOURCES.txt'
[1.296s] [100%] Built target ament_cmake_python_build_ad_msgs_egg
[1.327s] Invoked command in '/home/jeongwoo/Automotive_software_final/build/ad_msgs' returned '0': CMAKE_PREFIX_PATH=${CMAKE_PREFIX_PATH}:/opt/ros/humble /usr/bin/cmake --build /home/jeongwoo/Automotive_software_final/build/ad_msgs -- -j8 -l8
[2.028s] Invoking command in '/home/jeongwoo/Automotive_software_final/build/ad_msgs': CMAKE_PREFIX_PATH=${CMAKE_PREFIX_PATH}:/opt/ros/humble /usr/bin/cmake --install /home/jeongwoo/Automotive_software_final/build/ad_msgs
[2.045s] -- Install configuration: ""
[2.046s] -- Up-to-date: /home/jeongwoo/Automotive_software_final/install/ad_msgs/share/ament_index/resource_index/rosidl_interfaces/ad_msgs
[2.046s] -- Up-to-date: /home/jeongwoo/Automotive_software_final/install/ad_msgs/include/ad_msgs/ad_msgs
[2.046s] -- Up-to-date: /home/jeongwoo/Automotive_software_final/install/ad_msgs/include/ad_msgs/ad_msgs/msg
[2.047s] -- Up-to-date: /home/jeongwoo/Automotive_software_final/install/ad_msgs/include/ad_msgs/ad_msgs/msg/rosidl_generator_c__visibility_control.h
[2.047s] -- Up-to-date: /home/jeongwoo/Automotive_software_final/install/ad_msgs/include/ad_msgs/ad_msgs/msg/lane_point_data_array.h
[2.049s] -- Up-to-date: /home/jeongwoo/Automotive_software_final/install/ad_msgs/include/ad_msgs/ad_msgs/msg/mission_object.h
[2.049s] -- Up-to-date: /home/jeongwoo/Automotive_software_final/install/ad_msgs/include/ad_msgs/ad_msgs/msg/vehicle_state.h
[2.049s] -- Up-to-date: /home/jeongwoo/Automotive_software_final/install/ad_msgs/include/ad_msgs/ad_msgs/msg/mission.h
[2.050s] -- Up-to-date: /home/jeongwoo/Automotive_software_final/install/ad_msgs/include/ad_msgs/ad_msgs/msg/lane_point_data.h
[2.050s] -- Up-to-date: /home/jeongwoo/Automotive_software_final/install/ad_msgs/include/ad_msgs/ad_msgs/msg/mission_display.h
[2.050s] -- Up-to-date: /home/jeongwoo/Automotive_software_final/install/ad_msgs/include/ad_msgs/ad_msgs/msg/mission_region.h
[2.050s] -- Up-to-date: /home/jeongwoo/Automotive_software_final/install/ad_msgs/include/ad_msgs/ad_msgs/msg/detail
[2.051s] -- Up-to-date: /home/jeongwoo/Automotive_software_final/install/ad_msgs/include/ad_msgs/ad_msgs/msg/detail/mission_display__functions.c
[2.051s] -- Up-to-date: /home/jeongwoo/Automotive_software_final/install/ad_msgs/include/ad_msgs/ad_msgs/msg/detail/mission_region__struct.h
[2.051s] -- Up-to-date: /home/jeongwoo/Automotive_software_final/install/ad_msgs/include/ad_msgs/ad_msgs/msg/detail/mission_display__type_support.h
[2.051s] -- Up-to-date: /home/jeongwoo/Automotive_software_final/install/ad_msgs/include/ad_msgs/ad_msgs/msg/detail/lane_point_data__struct.h
[2.051s] -- Up-to-date: /home/jeongwoo/Automotive_software_final/install/ad_msgs/include/ad_msgs/ad_msgs/msg/detail/mission_region__type_support.h
[2.052s] -- Up-to-date: /home/jeongwoo/Automotive_software_final/install/ad_msgs/include/ad_msgs/ad_msgs/msg/detail/mission_object__functions.h
[2.052s] -- Up-to-date: /home/jeongwoo/Automotive_software_final/install/ad_msgs/include/ad_msgs/ad_msgs/msg/detail/mission_object__struct.h
[2.052s] -- Up-to-date: /home/jeongwoo/Automotive_software_final/install/ad_msgs/include/ad_msgs/ad_msgs/msg/detail/vehicle_command__functions.c
[2.053s] -- Up-to-date: /home/jeongwoo/Automotive_software_final/install/ad_msgs/include/ad_msgs/ad_msgs/msg/detail/polyfit_lane_data_array__functions.h
[2.053s] -- Up-to-date: /home/jeongwoo/Automotive_software_final/install/ad_msgs/include/ad_msgs/ad_msgs/msg/detail/lane_point_data__type_support.h
[2.053s] -- Up-to-date: /home/jeongwoo/Automotive_software_final/install/ad_msgs/include/ad_msgs/ad_msgs/msg/detail/vehicle_state__functions.h
[2.053s] -- Up-to-date: /home/jeongwoo/Automotive_software_final/install/ad_msgs/include/ad_msgs/ad_msgs/msg/detail/mission_display__struct.h
[2.054s] -- Up-to-date: /home/jeongwoo/Automotive_software_final/install/ad_msgs/include/ad_msgs/ad_msgs/msg/detail/mission__struct.h
[2.054s] -- Up-to-date: /home/jeongwoo/Automotive_software_final/install/ad_msgs/include/ad_msgs/ad_msgs/msg/detail/mission_region__functions.c
[2.054s] -- Up-to-date: /home/jeongwoo/Automotive_software_final/install/ad_msgs/include/ad_msgs/ad_msgs/msg/detail/mission_region__functions.h
[2.054s] -- Up-to-date: /home/jeongwoo/Automotive_software_final/install/ad_msgs/include/ad_msgs/ad_msgs/msg/detail/vehicle_state__type_support.h
[2.055s] -- Up-to-date: /home/jeongwoo/Automotive_software_final/install/ad_msgs/include/ad_msgs/ad_msgs/msg/detail/mission__functions.c
[2.055s] -- Up-to-date: /home/jeongwoo/Automotive_software_final/install/ad_msgs/include/ad_msgs/ad_msgs/msg/detail/polyfit_lane_data_array__functions.c
[2.055s] -- Up-to-date: /home/jeongwoo/Automotive_software_final/install/ad_msgs/include/ad_msgs/ad_msgs/msg/detail/vehicle_state__struct.h
[2.055s] -- Up-to-date: /home/jeongwoo/Automotive_software_final/install/ad_msgs/include/ad_msgs/ad_msgs/msg/detail/lane_point_data__functions.h
[2.056s] -- Up-to-date: /home/jeongwoo/Automotive_software_final/install/ad_msgs/include/ad_msgs/ad_msgs/msg/detail/vehicle_command__functions.h
[2.056s] -- Up-to-date: /home/jeongwoo/Automotive_software_final/install/ad_msgs/include/ad_msgs/ad_msgs/msg/detail/mission_object__functions.c
[2.056s] -- Up-to-date: /home/jeongwoo/Automotive_software_final/install/ad_msgs/include/ad_msgs/ad_msgs/msg/detail/lane_point_data_array__type_support.h
[2.056s] -- Up-to-date: /home/jeongwoo/Automotive_software_final/install/ad_msgs/include/ad_msgs/ad_msgs/msg/detail/polyfit_lane_data__functions.h
[2.057s] -- Up-to-date: /home/jeongwoo/Automotive_software_final/install/ad_msgs/include/ad_msgs/ad_msgs/msg/detail/lane_point_data__functions.c
[2.057s] -- Up-to-date: /home/jeongwoo/Automotive_software_final/install/ad_msgs/include/ad_msgs/ad_msgs/msg/detail/vehicle_command__struct.h
[2.064s] -- Up-to-date: /home/jeongwoo/Automotive_software_final/install/ad_msgs/include/ad_msgs/ad_msgs/msg/detail/mission__type_support.h
[2.064s] -- Up-to-date: /home/jeongwoo/Automotive_software_final/install/ad_msgs/include/ad_msgs/ad_msgs/msg/detail/lane_point_data_array__functions.h
[2.065s] -- Up-to-date: /home/jeongwoo/Automotive_software_final/install/ad_msgs/include/ad_msgs/ad_msgs/msg/detail/polyfit_lane_data__type_support.h
[2.065s] -- Up-to-date: /home/jeongwoo/Automotive_software_final/install/ad_msgs/include/ad_msgs/ad_msgs/msg/detail/polyfit_lane_data__functions.c
[2.066s] -- Up-to-date: /home/jeongwoo/Automotive_software_final/install/ad_msgs/include/ad_msgs/ad_msgs/msg/detail/mission_display__functions.h
[2.066s] -- Up-to-date: /home/jeongwoo/Automotive_software_final/install/ad_msgs/include/ad_msgs/ad_msgs/msg/detail/lane_point_data_array__functions.c
[2.066s] -- Up-to-date: /home/jeongwoo/Automotive_software_final/install/ad_msgs/include/ad_msgs/ad_msgs/msg/detail/mission_object__type_support.h
[2.067s] -- Up-to-date: /home/jeongwoo/Automotive_software_final/install/ad_msgs/include/ad_msgs/ad_msgs/msg/detail/polyfit_lane_data_array__type_support.h
[2.067s] -- Up-to-date: /home/jeongwoo/Automotive_software_final/install/ad_msgs/include/ad_msgs/ad_msgs/msg/detail/lane_point_data_array__struct.h
[2.068s] -- Up-to-date: /home/jeongwoo/Automotive_software_final/install/ad_msgs/include/ad_msgs/ad_msgs/msg/detail/polyfit_lane_data_array__struct.h
[2.068s] -- Up-to-date: /home/jeongwoo/Automotive_software_final/install/ad_msgs/include/ad_msgs/ad_msgs/msg/detail/mission__functions.h
[2.068s] -- Up-to-date: /home/jeongwoo/Automotive_software_final/install/ad_msgs/include/ad_msgs/ad_msgs/msg/detail/vehicle_state__functions.c
[2.069s] -- Up-to-date: /home/jeongwoo/Automotive_software_final/install/ad_msgs/include/ad_msgs/ad_msgs/msg/detail/polyfit_lane_data__struct.h
[2.069s] -- Up-to-date: /home/jeongwoo/Automotive_software_final/install/ad_msgs/include/ad_msgs/ad_msgs/msg/detail/vehicle_command__type_support.h
[2.069s] -- Up-to-date: /home/jeongwoo/Automotive_software_final/install/ad_msgs/include/ad_msgs/ad_msgs/msg/polyfit_lane_data.h
[2.070s] -- Up-to-date: /home/jeongwoo/Automotive_software_final/install/ad_msgs/include/ad_msgs/ad_msgs/msg/vehicle_command.h
[2.070s] -- Up-to-date: /home/jeongwoo/Automotive_software_final/install/ad_msgs/include/ad_msgs/ad_msgs/msg/polyfit_lane_data_array.h
[2.070s] -- Up-to-date: /home/jeongwoo/Automotive_software_final/install/ad_msgs/share/ad_msgs/environment/library_path.sh
[2.071s] -- Up-to-date: /home/jeongwoo/Automotive_software_final/install/ad_msgs/share/ad_msgs/environment/library_path.dsv
[2.071s] -- Up-to-date: /home/jeongwoo/Automotive_software_final/install/ad_msgs/lib/libad_msgs__rosidl_generator_c.so
[2.071s] -- Up-to-date: /home/jeongwoo/Automotive_software_final/install/ad_msgs/include/ad_msgs/ad_msgs
[2.072s] -- Up-to-date: /home/jeongwoo/Automotive_software_final/install/ad_msgs/include/ad_msgs/ad_msgs/msg
[2.072s] -- Up-to-date: /home/jeongwoo/Automotive_software_final/install/ad_msgs/include/ad_msgs/ad_msgs/msg/detail
[2.073s] -- Up-to-date: /home/jeongwoo/Automotive_software_final/install/ad_msgs/include/ad_msgs/ad_msgs/msg/detail/polyfit_lane_data__rosidl_typesupport_fastrtps_c.h
[2.074s] -- Up-to-date: /home/jeongwoo/Automotive_software_final/install/ad_msgs/include/ad_msgs/ad_msgs/msg/detail/mission_region__rosidl_typesupport_fastrtps_c.h
[2.075s] -- Up-to-date: /home/jeongwoo/Automotive_software_final/install/ad_msgs/include/ad_msgs/ad_msgs/msg/detail/lane_point_data__rosidl_typesupport_fastrtps_c.h
[2.076s] -- Up-to-date: /home/jeongwoo/Automotive_software_final/install/ad_msgs/include/ad_msgs/ad_msgs/msg/detail/vehicle_command__rosidl_typesupport_fastrtps_c.h
[2.076s] -- Up-to-date: /home/jeongwoo/Automotive_software_final/install/ad_msgs/include/ad_msgs/ad_msgs/msg/detail/mission__rosidl_typesupport_fastrtps_c.h
[2.076s] -- Up-to-date: /home/jeongwoo/Automotive_software_final/install/ad_msgs/include/ad_msgs/ad_msgs/msg/detail/mission_display__rosidl_typesupport_fastrtps_c.h
[2.077s] -- Up-to-date: /home/jeongwoo/Automotive_software_final/install/ad_msgs/include/ad_msgs/ad_msgs/msg/detail/polyfit_lane_data_array__rosidl_typesupport_fastrtps_c.h
[2.077s] -- Up-to-date: /home/jeongwoo/Automotive_software_final/install/ad_msgs/include/ad_msgs/ad_msgs/msg/detail/lane_point_data_array__rosidl_typesupport_fastrtps_c.h
[2.077s] -- Up-to-date: /home/jeongwoo/Automotive_software_final/install/ad_msgs/include/ad_msgs/ad_msgs/msg/detail/mission_object__rosidl_typesupport_fastrtps_c.h
[2.077s] -- Up-to-date: /home/jeongwoo/Automotive_software_final/install/ad_msgs/include/ad_msgs/ad_msgs/msg/detail/vehicle_state__rosidl_typesupport_fastrtps_c.h
[2.078s] -- Up-to-date: /home/jeongwoo/Automotive_software_final/install/ad_msgs/include/ad_msgs/ad_msgs/msg/rosidl_typesupport_fastrtps_c__visibility_control.h
[2.078s] -- Up-to-date: /home/jeongwoo/Automotive_software_final/install/ad_msgs/lib/libad_msgs__rosidl_typesupport_fastrtps_c.so
[2.078s] -- Up-to-date: /home/jeongwoo/Automotive_software_final/install/ad_msgs/include/ad_msgs/ad_msgs
[2.078s] -- Up-to-date: /home/jeongwoo/Automotive_software_final/install/ad_msgs/include/ad_msgs/ad_msgs/msg
[2.081s] -- Up-to-date: /home/jeongwoo/Automotive_software_final/install/ad_msgs/include/ad_msgs/ad_msgs/msg/rosidl_typesupport_introspection_c__visibility_control.h
[2.082s] -- Up-to-date: /home/jeongwoo/Automotive_software_final/install/ad_msgs/include/ad_msgs/ad_msgs/msg/detail
[2.082s] -- Up-to-date: /home/jeongwoo/Automotive_software_final/install/ad_msgs/include/ad_msgs/ad_msgs/msg/detail/mission_region__type_support.c
[2.082s] -- Up-to-date: /home/jeongwoo/Automotive_software_final/install/ad_msgs/include/ad_msgs/ad_msgs/msg/detail/mission_region__rosidl_typesupport_introspection_c.h
[2.082s] -- Up-to-date: /home/jeongwoo/Automotive_software_final/install/ad_msgs/include/ad_msgs/ad_msgs/msg/detail/vehicle_command__rosidl_typesupport_introspection_c.h
[2.083s] -- Up-to-date: /home/jeongwoo/Automotive_software_final/install/ad_msgs/include/ad_msgs/ad_msgs/msg/detail/mission_object__rosidl_typesupport_introspection_c.h
[2.084s] -- Up-to-date: /home/jeongwoo/Automotive_software_final/install/ad_msgs/include/ad_msgs/ad_msgs/msg/detail/mission__rosidl_typesupport_introspection_c.h
[2.084s] -- Up-to-date: /home/jeongwoo/Automotive_software_final/install/ad_msgs/include/ad_msgs/ad_msgs/msg/detail/lane_point_data_array__rosidl_typesupport_introspection_c.h
[2.085s] -- Up-to-date: /home/jeongwoo/Automotive_software_final/install/ad_msgs/include/ad_msgs/ad_msgs/msg/detail/lane_point_data__type_support.c
[2.085s] -- Up-to-date: /home/jeongwoo/Automotive_software_final/install/ad_msgs/include/ad_msgs/ad_msgs/msg/detail/mission__type_support.c
[2.086s] -- Up-to-date: /home/jeongwoo/Automotive_software_final/install/ad_msgs/include/ad_msgs/ad_msgs/msg/detail/vehicle_state__rosidl_typesupport_introspection_c.h
[2.086s] -- Up-to-date: /home/jeongwoo/Automotive_software_final/install/ad_msgs/include/ad_msgs/ad_msgs/msg/detail/polyfit_lane_data_array__rosidl_typesupport_introspection_c.h
[2.087s] -- Up-to-date: /home/jeongwoo/Automotive_software_final/install/ad_msgs/include/ad_msgs/ad_msgs/msg/detail/polyfit_lane_data__type_support.c
[2.087s] -- Up-to-date: /home/jeongwoo/Automotive_software_final/install/ad_msgs/include/ad_msgs/ad_msgs/msg/detail/polyfit_lane_data__rosidl_typesupport_introspection_c.h
[2.087s] -- Up-to-date: /home/jeongwoo/Automotive_software_final/install/ad_msgs/include/ad_msgs/ad_msgs/msg/detail/lane_point_data__rosidl_typesupport_introspection_c.h
[2.087s] -- Up-to-date: /home/jeongwoo/Automotive_software_final/install/ad_msgs/include/ad_msgs/ad_msgs/msg/detail/mission_object__type_support.c
[2.087s] -- Up-to-date: /home/jeongwoo/Automotive_software_final/install/ad_msgs/include/ad_msgs/ad_msgs/msg/detail/mission_display__rosidl_typesupport_introspection_c.h
[2.088s] -- Up-to-date: /home/jeongwoo/Automotive_software_final/install/ad_msgs/include/ad_msgs/ad_msgs/msg/detail/lane_point_data_array__type_support.c
[2.088s] -- Up-to-date: /home/jeongwoo/Automotive_software_final/install/ad_msgs/include/ad_msgs/ad_msgs/msg/detail/mission_display__type_support.c
[2.088s] -- Up-to-date: /home/jeongwoo/Automotive_software_final/install/ad_msgs/include/ad_msgs/ad_msgs/msg/detail/polyfit_lane_data_array__type_support.c
[2.088s] -- Up-to-date: /home/jeongwoo/Automotive_software_final/install/ad_msgs/include/ad_msgs/ad_msgs/msg/detail/vehicle_state__type_support.c
[2.088s] -- Up-to-date: /home/jeongwoo/Automotive_software_final/install/ad_msgs/include/ad_msgs/ad_msgs/msg/detail/vehicle_command__type_support.c
[2.089s] -- Up-to-date: /home/jeongwoo/Automotive_software_final/install/ad_msgs/lib/libad_msgs__rosidl_typesupport_introspection_c.so
[2.089s] -- Up-to-date: /home/jeongwoo/Automotive_software_final/install/ad_msgs/lib/libad_msgs__rosidl_typesupport_c.so
[2.089s] -- Up-to-date: /home/jeongwoo/Automotive_software_final/install/ad_msgs/include/ad_msgs/ad_msgs
[2.089s] -- Up-to-date: /home/jeongwoo/Automotive_software_final/install/ad_msgs/include/ad_msgs/ad_msgs/msg
[2.090s] -- Up-to-date: /home/jeongwoo/Automotive_software_final/install/ad_msgs/include/ad_msgs/ad_msgs/msg/mission_object.hpp
[2.090s] -- Up-to-date: /home/jeongwoo/Automotive_software_final/install/ad_msgs/include/ad_msgs/ad_msgs/msg/lane_point_data.hpp
[2.090s] -- Up-to-date: /home/jeongwoo/Automotive_software_final/install/ad_msgs/include/ad_msgs/ad_msgs/msg/mission_region.hpp
[2.091s] -- Up-to-date: /home/jeongwoo/Automotive_software_final/install/ad_msgs/include/ad_msgs/ad_msgs/msg/mission_display.hpp
[2.091s] -- Up-to-date: /home/jeongwoo/Automotive_software_final/install/ad_msgs/include/ad_msgs/ad_msgs/msg/vehicle_command.hpp
[2.091s] -- Up-to-date: /home/jeongwoo/Automotive_software_final/install/ad_msgs/include/ad_msgs/ad_msgs/msg/polyfit_lane_data_array.hpp
[2.092s] -- Up-to-date: /home/jeongwoo/Automotive_software_final/install/ad_msgs/include/ad_msgs/ad_msgs/msg/vehicle_state.hpp
[2.092s] -- Up-to-date: /home/jeongwoo/Automotive_software_final/install/ad_msgs/include/ad_msgs/ad_msgs/msg/detail
[2.093s] -- Up-to-date: /home/jeongwoo/Automotive_software_final/install/ad_msgs/include/ad_msgs/ad_msgs/msg/detail/vehicle_state__traits.hpp
[2.093s] -- Up-to-date: /home/jeongwoo/Automotive_software_final/install/ad_msgs/include/ad_msgs/ad_msgs/msg/detail/polyfit_lane_data_array__traits.hpp
[2.094s] -- Up-to-date: /home/jeongwoo/Automotive_software_final/install/ad_msgs/include/ad_msgs/ad_msgs/msg/detail/vehicle_state__builder.hpp
[2.094s] -- Up-to-date: /home/jeongwoo/Automotive_software_final/install/ad_msgs/include/ad_msgs/ad_msgs/msg/detail/mission_object__struct.hpp
[2.094s] -- Up-to-date: /home/jeongwoo/Automotive_software_final/install/ad_msgs/include/ad_msgs/ad_msgs/msg/detail/mission__struct.hpp
[2.094s] -- Up-to-date: /home/jeongwoo/Automotive_software_final/install/ad_msgs/include/ad_msgs/ad_msgs/msg/detail/mission_object__builder.hpp
[2.095s] -- Up-to-date: /home/jeongwoo/Automotive_software_final/install/ad_msgs/include/ad_msgs/ad_msgs/msg/detail/lane_point_data__traits.hpp
[2.095s] -- Up-to-date: /home/jeongwoo/Automotive_software_final/install/ad_msgs/include/ad_msgs/ad_msgs/msg/detail/mission_region__builder.hpp
[2.095s] -- Up-to-date: /home/jeongwoo/Automotive_software_final/install/ad_msgs/include/ad_msgs/ad_msgs/msg/detail/mission_region__struct.hpp
[2.095s] -- Up-to-date: /home/jeongwoo/Automotive_software_final/install/ad_msgs/include/ad_msgs/ad_msgs/msg/detail/vehicle_command__builder.hpp
[2.095s] -- Up-to-date: /home/jeongwoo/Automotive_software_final/install/ad_msgs/include/ad_msgs/ad_msgs/msg/detail/lane_point_data_array__traits.hpp
[2.096s] -- Up-to-date: /home/jeongwoo/Automotive_software_final/install/ad_msgs/include/ad_msgs/ad_msgs/msg/detail/mission__builder.hpp
[2.096s] -- Up-to-date: /home/jeongwoo/Automotive_software_final/install/ad_msgs/include/ad_msgs/ad_msgs/msg/detail/vehicle_command__traits.hpp
[2.096s] -- Up-to-date: /home/jeongwoo/Automotive_software_final/install/ad_msgs/include/ad_msgs/ad_msgs/msg/detail/vehicle_command__struct.hpp
[2.096s] -- Up-to-date: /home/jeongwoo/Automotive_software_final/install/ad_msgs/include/ad_msgs/ad_msgs/msg/detail/mission_display__struct.hpp
[2.096s] -- Up-to-date: /home/jeongwoo/Automotive_software_final/install/ad_msgs/include/ad_msgs/ad_msgs/msg/detail/mission_region__traits.hpp
[2.097s] -- Up-to-date: /home/jeongwoo/Automotive_software_final/install/ad_msgs/include/ad_msgs/ad_msgs/msg/detail/lane_point_data_array__struct.hpp
[2.097s] -- Up-to-date: /home/jeongwoo/Automotive_software_final/install/ad_msgs/include/ad_msgs/ad_msgs/msg/detail/polyfit_lane_data__builder.hpp
[2.097s] -- Up-to-date: /home/jeongwoo/Automotive_software_final/install/ad_msgs/include/ad_msgs/ad_msgs/msg/detail/mission_display__traits.hpp
[2.097s] -- Up-to-date: /home/jeongwoo/Automotive_software_final/install/ad_msgs/include/ad_msgs/ad_msgs/msg/detail/polyfit_lane_data_array__builder.hpp
[2.098s] -- Up-to-date: /home/jeongwoo/Automotive_software_final/install/ad_msgs/include/ad_msgs/ad_msgs/msg/detail/polyfit_lane_data_array__struct.hpp
[2.098s] -- Up-to-date: /home/jeongwoo/Automotive_software_final/install/ad_msgs/include/ad_msgs/ad_msgs/msg/detail/vehicle_state__struct.hpp
[2.098s] -- Up-to-date: /home/jeongwoo/Automotive_software_final/install/ad_msgs/include/ad_msgs/ad_msgs/msg/detail/lane_point_data__struct.hpp
[2.098s] -- Up-to-date: /home/jeongwoo/Automotive_software_final/install/ad_msgs/include/ad_msgs/ad_msgs/msg/detail/polyfit_lane_data__traits.hpp
[2.099s] -- Up-to-date: /home/jeongwoo/Automotive_software_final/install/ad_msgs/include/ad_msgs/ad_msgs/msg/detail/polyfit_lane_data__struct.hpp
[2.099s] -- Up-to-date: /home/jeongwoo/Automotive_software_final/install/ad_msgs/include/ad_msgs/ad_msgs/msg/detail/mission_display__builder.hpp
[2.099s] -- Up-to-date: /home/jeongwoo/Automotive_software_final/install/ad_msgs/include/ad_msgs/ad_msgs/msg/detail/mission_object__traits.hpp
[2.099s] -- Up-to-date: /home/jeongwoo/Automotive_software_final/install/ad_msgs/include/ad_msgs/ad_msgs/msg/detail/mission__traits.hpp
[2.099s] -- Up-to-date: /home/jeongwoo/Automotive_software_final/install/ad_msgs/include/ad_msgs/ad_msgs/msg/detail/lane_point_data__builder.hpp
[2.100s] -- Up-to-date: /home/jeongwoo/Automotive_software_final/install/ad_msgs/include/ad_msgs/ad_msgs/msg/detail/lane_point_data_array__builder.hpp
[2.100s] -- Up-to-date: /home/jeongwoo/Automotive_software_final/install/ad_msgs/include/ad_msgs/ad_msgs/msg/mission.hpp
[2.100s] -- Up-to-date: /home/jeongwoo/Automotive_software_final/install/ad_msgs/include/ad_msgs/ad_msgs/msg/lane_point_data_array.hpp
[2.101s] -- Up-to-date: /home/jeongwoo/Automotive_software_final/install/ad_msgs/include/ad_msgs/ad_msgs/msg/polyfit_lane_data.hpp
[2.101s] -- Up-to-date: /home/jeongwoo/Automotive_software_final/install/ad_msgs/include/ad_msgs/ad_msgs
[2.101s] -- Up-to-date: /home/jeongwoo/Automotive_software_final/install/ad_msgs/include/ad_msgs/ad_msgs/msg
[2.101s] -- Up-to-date: /home/jeongwoo/Automotive_software_final/install/ad_msgs/include/ad_msgs/ad_msgs/msg/detail
[2.102s] -- Up-to-date: /home/jeongwoo/Automotive_software_final/install/ad_msgs/include/ad_msgs/ad_msgs/msg/detail/lane_point_data_array__rosidl_typesupport_fastrtps_cpp.hpp
[2.102s] -- Up-to-date: /home/jeongwoo/Automotive_software_final/install/ad_msgs/include/ad_msgs/ad_msgs/msg/detail/mission__rosidl_typesupport_fastrtps_cpp.hpp
[2.102s] -- Up-to-date: /home/jeongwoo/Automotive_software_final/install/ad_msgs/include/ad_msgs/ad_msgs/msg/detail/lane_point_data__rosidl_typesupport_fastrtps_cpp.hpp
[2.102s] -- Up-to-date: /home/jeongwoo/Automotive_software_final/install/ad_msgs/include/ad_msgs/ad_msgs/msg/detail/vehicle_command__rosidl_typesupport_fastrtps_cpp.hpp
[2.103s] -- Up-to-date: /home/jeongwoo/Automotive_software_final/install/ad_msgs/include/ad_msgs/ad_msgs/msg/detail/mission_display__rosidl_typesupport_fastrtps_cpp.hpp
[2.103s] -- Up-to-date: /home/jeongwoo/Automotive_software_final/install/ad_msgs/include/ad_msgs/ad_msgs/msg/detail/polyfit_lane_data__rosidl_typesupport_fastrtps_cpp.hpp
[2.103s] -- Up-to-date: /home/jeongwoo/Automotive_software_final/install/ad_msgs/include/ad_msgs/ad_msgs/msg/detail/mission_region__rosidl_typesupport_fastrtps_cpp.hpp
[2.103s] -- Up-to-date: /home/jeongwoo/Automotive_software_final/install/ad_msgs/include/ad_msgs/ad_msgs/msg/detail/mission_object__rosidl_typesupport_fastrtps_cpp.hpp
[2.104s] -- Up-to-date: /home/jeongwoo/Automotive_software_final/install/ad_msgs/include/ad_msgs/ad_msgs/msg/detail/vehicle_state__rosidl_typesupport_fastrtps_cpp.hpp
[2.104s] -- Up-to-date: /home/jeongwoo/Automotive_software_final/install/ad_msgs/include/ad_msgs/ad_msgs/msg/detail/polyfit_lane_data_array__rosidl_typesupport_fastrtps_cpp.hpp
[2.104s] -- Up-to-date: /home/jeongwoo/Automotive_software_final/install/ad_msgs/include/ad_msgs/ad_msgs/msg/detail/dds_fastrtps
[2.104s] -- Up-to-date: /home/jeongwoo/Automotive_software_final/install/ad_msgs/include/ad_msgs/ad_msgs/msg/rosidl_typesupport_fastrtps_cpp__visibility_control.h
[2.105s] -- Up-to-date: /home/jeongwoo/Automotive_software_final/install/ad_msgs/lib/libad_msgs__rosidl_typesupport_fastrtps_cpp.so
[2.105s] -- Up-to-date: /home/jeongwoo/Automotive_software_final/install/ad_msgs/include/ad_msgs/ad_msgs
[2.105s] -- Up-to-date: /home/jeongwoo/Automotive_software_final/install/ad_msgs/include/ad_msgs/ad_msgs/msg
[2.105s] -- Up-to-date: /home/jeongwoo/Automotive_software_final/install/ad_msgs/include/ad_msgs/ad_msgs/msg/detail
[2.106s] -- Up-to-date: /home/jeongwoo/Automotive_software_final/install/ad_msgs/include/ad_msgs/ad_msgs/msg/detail/mission_display__type_support.cpp
[2.106s] -- Up-to-date: /home/jeongwoo/Automotive_software_final/install/ad_msgs/include/ad_msgs/ad_msgs/msg/detail/lane_point_data__type_support.cpp
[2.106s] -- Up-to-date: /home/jeongwoo/Automotive_software_final/install/ad_msgs/include/ad_msgs/ad_msgs/msg/detail/lane_point_data__rosidl_typesupport_introspection_cpp.hpp
[2.107s] -- Up-to-date: /home/jeongwoo/Automotive_software_final/install/ad_msgs/include/ad_msgs/ad_msgs/msg/detail/vehicle_state__rosidl_typesupport_introspection_cpp.hpp
[2.107s] -- Up-to-date: /home/jeongwoo/Automotive_software_final/install/ad_msgs/include/ad_msgs/ad_msgs/msg/detail/mission_display__rosidl_typesupport_introspection_cpp.hpp
[2.107s] -- Up-to-date: /home/jeongwoo/Automotive_software_final/install/ad_msgs/include/ad_msgs/ad_msgs/msg/detail/polyfit_lane_data__rosidl_typesupport_introspection_cpp.hpp
[2.107s] -- Up-to-date: /home/jeongwoo/Automotive_software_final/install/ad_msgs/include/ad_msgs/ad_msgs/msg/detail/polyfit_lane_data__type_support.cpp
[2.108s] -- Up-to-date: /home/jeongwoo/Automotive_software_final/install/ad_msgs/include/ad_msgs/ad_msgs/msg/detail/lane_point_data_array__rosidl_typesupport_introspection_cpp.hpp
[2.108s] -- Up-to-date: /home/jeongwoo/Automotive_software_final/install/ad_msgs/include/ad_msgs/ad_msgs/msg/detail/lane_point_data_array__type_support.cpp
[2.108s] -- Up-to-date: /home/jeongwoo/Automotive_software_final/install/ad_msgs/include/ad_msgs/ad_msgs/msg/detail/vehicle_state__type_support.cpp
[2.108s] -- Up-to-date: /home/jeongwoo/Automotive_software_final/install/ad_msgs/include/ad_msgs/ad_msgs/msg/detail/mission_region__rosidl_typesupport_introspection_cpp.hpp
[2.109s] -- Up-to-date: /home/jeongwoo/Automotive_software_final/install/ad_msgs/include/ad_msgs/ad_msgs/msg/detail/mission__type_support.cpp
[2.109s] -- Up-to-date: /home/jeongwoo/Automotive_software_final/install/ad_msgs/include/ad_msgs/ad_msgs/msg/detail/vehicle_command__type_support.cpp
[2.109s] -- Up-to-date: /home/jeongwoo/Automotive_software_final/install/ad_msgs/include/ad_msgs/ad_msgs/msg/detail/vehicle_command__rosidl_typesupport_introspection_cpp.hpp
[2.109s] -- Up-to-date: /home/jeongwoo/Automotive_software_final/install/ad_msgs/include/ad_msgs/ad_msgs/msg/detail/polyfit_lane_data_array__rosidl_typesupport_introspection_cpp.hpp
[2.110s] -- Up-to-date: /home/jeongwoo/Automotive_software_final/install/ad_msgs/include/ad_msgs/ad_msgs/msg/detail/mission_object__rosidl_typesupport_introspection_cpp.hpp
[2.110s] -- Up-to-date: /home/jeongwoo/Automotive_software_final/install/ad_msgs/include/ad_msgs/ad_msgs/msg/detail/mission__rosidl_typesupport_introspection_cpp.hpp
[2.110s] -- Up-to-date: /home/jeongwoo/Automotive_software_final/install/ad_msgs/include/ad_msgs/ad_msgs/msg/detail/mission_object__type_support.cpp
[2.110s] -- Up-to-date: /home/jeongwoo/Automotive_software_final/install/ad_msgs/include/ad_msgs/ad_msgs/msg/detail/polyfit_lane_data_array__type_support.cpp
[2.111s] -- Up-to-date: /home/jeongwoo/Automotive_software_final/install/ad_msgs/include/ad_msgs/ad_msgs/msg/detail/mission_region__type_support.cpp
[2.111s] -- Up-to-date: /home/jeongwoo/Automotive_software_final/install/ad_msgs/lib/libad_msgs__rosidl_typesupport_introspection_cpp.so
[2.111s] -- Up-to-date: /home/jeongwoo/Automotive_software_final/install/ad_msgs/lib/libad_msgs__rosidl_typesupport_cpp.so
[2.111s] -- Up-to-date: /home/jeongwoo/Automotive_software_final/install/ad_msgs/share/ad_msgs/environment/pythonpath.sh
[2.112s] -- Up-to-date: /home/jeongwoo/Automotive_software_final/install/ad_msgs/share/ad_msgs/environment/pythonpath.dsv
[2.112s] -- Up-to-date: /home/jeongwoo/Automotive_software_final/install/ad_msgs/local/lib/python3.10/dist-packages/ad_msgs-0.0.0-py3.10.egg-info
[2.112s] -- Installing: /home/jeongwoo/Automotive_software_final/install/ad_msgs/local/lib/python3.10/dist-packages/ad_msgs-0.0.0-py3.10.egg-info/PKG-INFO
[2.112s] -- Installing: /home/jeongwoo/Automotive_software_final/install/ad_msgs/local/lib/python3.10/dist-packages/ad_msgs-0.0.0-py3.10.egg-info/top_level.txt
[2.113s] -- Installing: /home/jeongwoo/Automotive_software_final/install/ad_msgs/local/lib/python3.10/dist-packages/ad_msgs-0.0.0-py3.10.egg-info/dependency_links.txt
[2.113s] -- Installing: /home/jeongwoo/Automotive_software_final/install/ad_msgs/local/lib/python3.10/dist-packages/ad_msgs-0.0.0-py3.10.egg-info/SOURCES.txt
[2.113s] -- Up-to-date: /home/jeongwoo/Automotive_software_final/install/ad_msgs/local/lib/python3.10/dist-packages/ad_msgs
[2.115s] -- Up-to-date: /home/jeongwoo/Automotive_software_final/install/ad_msgs/local/lib/python3.10/dist-packages/ad_msgs/ad_msgs_s__rosidl_typesupport_fastrtps_c.cpython-310-x86_64-linux-gnu.so
[2.115s] -- Up-to-date: /home/jeongwoo/Automotive_software_final/install/ad_msgs/local/lib/python3.10/dist-packages/ad_msgs/_ad_msgs_s.ep.rosidl_typesupport_introspection_c.c
[2.115s] -- Up-to-date: /home/jeongwoo/Automotive_software_final/install/ad_msgs/local/lib/python3.10/dist-packages/ad_msgs/libad_msgs__rosidl_generator_py.so
[2.115s] -- Up-to-date: /home/jeongwoo/Automotive_software_final/install/ad_msgs/local/lib/python3.10/dist-packages/ad_msgs/_ad_msgs_s.ep.rosidl_typesupport_c.c
[2.115s] -- Up-to-date: /home/jeongwoo/Automotive_software_final/install/ad_msgs/local/lib/python3.10/dist-packages/ad_msgs/msg
[2.115s] -- Up-to-date: /home/jeongwoo/Automotive_software_final/install/ad_msgs/local/lib/python3.10/dist-packages/ad_msgs/msg/_vehicle_command.py
[2.116s] -- Up-to-date: /home/jeongwoo/Automotive_software_final/install/ad_msgs/local/lib/python3.10/dist-packages/ad_msgs/msg/_polyfit_lane_data_s.c
[2.116s] -- Up-to-date: /home/jeongwoo/Automotive_software_final/install/ad_msgs/local/lib/python3.10/dist-packages/ad_msgs/msg/_mission_region.py
[2.116s] -- Up-to-date: /home/jeongwoo/Automotive_software_final/install/ad_msgs/local/lib/python3.10/dist-packages/ad_msgs/msg/_lane_point_data_array_s.c
[2.116s] -- Up-to-date: /home/jeongwoo/Automotive_software_final/install/ad_msgs/local/lib/python3.10/dist-packages/ad_msgs/msg/_mission_s.c
[2.116s] -- Up-to-date: /home/jeongwoo/Automotive_software_final/install/ad_msgs/local/lib/python3.10/dist-packages/ad_msgs/msg/_lane_point_data.py
[2.116s] -- Up-to-date: /home/jeongwoo/Automotive_software_final/install/ad_msgs/local/lib/python3.10/dist-packages/ad_msgs/msg/_mission_display.py
[2.117s] -- Up-to-date: /home/jeongwoo/Automotive_software_final/install/ad_msgs/local/lib/python3.10/dist-packages/ad_msgs/msg/_vehicle_command_s.c
[2.117s] -- Up-to-date: /home/jeongwoo/Automotive_software_final/install/ad_msgs/local/lib/python3.10/dist-packages/ad_msgs/msg/_polyfit_lane_data_array.py
[2.117s] -- Up-to-date: /home/jeongwoo/Automotive_software_final/install/ad_msgs/local/lib/python3.10/dist-packages/ad_msgs/msg/_mission_region_s.c
[2.117s] -- Up-to-date: /home/jeongwoo/Automotive_software_final/install/ad_msgs/local/lib/python3.10/dist-packages/ad_msgs/msg/_lane_point_data_array.py
[2.118s] -- Up-to-date: /home/jeongwoo/Automotive_software_final/install/ad_msgs/local/lib/python3.10/dist-packages/ad_msgs/msg/_mission.py
[2.118s] -- Up-to-date: /home/jeongwoo/Automotive_software_final/install/ad_msgs/local/lib/python3.10/dist-packages/ad_msgs/msg/_vehicle_state_s.c
[2.118s] -- Up-to-date: /home/jeongwoo/Automotive_software_final/install/ad_msgs/local/lib/python3.10/dist-packages/ad_msgs/msg/_lane_point_data_s.c
[2.118s] -- Up-to-date: /home/jeongwoo/Automotive_software_final/install/ad_msgs/local/lib/python3.10/dist-packages/ad_msgs/msg/_vehicle_state.py
[2.118s] -- Up-to-date: /home/jeongwoo/Automotive_software_final/install/ad_msgs/local/lib/python3.10/dist-packages/ad_msgs/msg/_mission_object_s.c
[2.119s] -- Up-to-date: /home/jeongwoo/Automotive_software_final/install/ad_msgs/local/lib/python3.10/dist-packages/ad_msgs/msg/_polyfit_lane_data.py
[2.119s] -- Up-to-date: /home/jeongwoo/Automotive_software_final/install/ad_msgs/local/lib/python3.10/dist-packages/ad_msgs/msg/_mission_object.py
[2.119s] -- Up-to-date: /home/jeongwoo/Automotive_software_final/install/ad_msgs/local/lib/python3.10/dist-packages/ad_msgs/msg/_polyfit_lane_data_array_s.c
[2.119s] -- Up-to-date: /home/jeongwoo/Automotive_software_final/install/ad_msgs/local/lib/python3.10/dist-packages/ad_msgs/msg/_mission_display_s.c
[2.120s] -- Up-to-date: /home/jeongwoo/Automotive_software_final/install/ad_msgs/local/lib/python3.10/dist-packages/ad_msgs/msg/__init__.py
[2.120s] -- Up-to-date: /home/jeongwoo/Automotive_software_final/install/ad_msgs/local/lib/python3.10/dist-packages/ad_msgs/ad_msgs_s__rosidl_typesupport_introspection_c.cpython-310-x86_64-linux-gnu.so
[2.121s] -- Up-to-date: /home/jeongwoo/Automotive_software_final/install/ad_msgs/local/lib/python3.10/dist-packages/ad_msgs/ad_msgs_s__rosidl_typesupport_c.cpython-310-x86_64-linux-gnu.so
[2.121s] -- Up-to-date: /home/jeongwoo/Automotive_software_final/install/ad_msgs/local/lib/python3.10/dist-packages/ad_msgs/__init__.py
[2.121s] -- Up-to-date: /home/jeongwoo/Automotive_software_final/install/ad_msgs/local/lib/python3.10/dist-packages/ad_msgs/_ad_msgs_s.ep.rosidl_typesupport_fastrtps_c.c
[2.194s] Listing '/home/jeongwoo/Automotive_software_final/install/ad_msgs/local/lib/python3.10/dist-packages/ad_msgs'...
[2.194s] Listing '/home/jeongwoo/Automotive_software_final/install/ad_msgs/local/lib/python3.10/dist-packages/ad_msgs/msg'...
[2.212s] -- Up-to-date: /home/jeongwoo/Automotive_software_final/install/ad_msgs/local/lib/python3.10/dist-packages/ad_msgs/ad_msgs_s__rosidl_typesupport_fastrtps_c.cpython-310-x86_64-linux-gnu.so
[2.212s] -- Up-to-date: /home/jeongwoo/Automotive_software_final/install/ad_msgs/local/lib/python3.10/dist-packages/ad_msgs/ad_msgs_s__rosidl_typesupport_introspection_c.cpython-310-x86_64-linux-gnu.so
[2.213s] -- Up-to-date: /home/jeongwoo/Automotive_software_final/install/ad_msgs/local/lib/python3.10/dist-packages/ad_msgs/ad_msgs_s__rosidl_typesupport_c.cpython-310-x86_64-linux-gnu.so
[2.213s] -- Up-to-date: /home/jeongwoo/Automotive_software_final/install/ad_msgs/lib/libad_msgs__rosidl_generator_py.so
[2.213s] -- Up-to-date: /home/jeongwoo/Automotive_software_final/install/ad_msgs/share/ad_msgs/msg/VehicleState.idl
[2.214s] -- Up-to-date: /home/jeongwoo/Automotive_software_final/install/ad_msgs/share/ad_msgs/msg/VehicleCommand.idl
[2.215s] -- Up-to-date: /home/jeongwoo/Automotive_software_final/install/ad_msgs/share/ad_msgs/msg/Mission.idl
[2.215s] -- Up-to-date: /home/jeongwoo/Automotive_software_final/install/ad_msgs/share/ad_msgs/msg/MissionObject.idl
[2.216s] -- Up-to-date: /home/jeongwoo/Automotive_software_final/install/ad_msgs/share/ad_msgs/msg/MissionRegion.idl
[2.216s] -- Up-to-date: /home/jeongwoo/Automotive_software_final/install/ad_msgs/share/ad_msgs/msg/MissionDisplay.idl
[2.216s] -- Up-to-date: /home/jeongwoo/Automotive_software_final/install/ad_msgs/share/ad_msgs/msg/PolyfitLaneData.idl
[2.216s] -- Up-to-date: /home/jeongwoo/Automotive_software_final/install/ad_msgs/share/ad_msgs/msg/LanePointData.idl
[2.217s] -- Up-to-date: /home/jeongwoo/Automotive_software_final/install/ad_msgs/share/ad_msgs/msg/LanePointDataArray.idl
[2.217s] -- Up-to-date: /home/jeongwoo/Automotive_software_final/install/ad_msgs/share/ad_msgs/msg/PolyfitLaneDataArray.idl
[2.217s] -- Up-to-date: /home/jeongwoo/Automotive_software_final/install/ad_msgs/share/ad_msgs/msg/VehicleState.msg
[2.218s] -- Up-to-date: /home/jeongwoo/Automotive_software_final/install/ad_msgs/share/ad_msgs/msg/VehicleCommand.msg
[2.218s] -- Up-to-date: /home/jeongwoo/Automotive_software_final/install/ad_msgs/share/ad_msgs/msg/Mission.msg
[2.218s] -- Up-to-date: /home/jeongwoo/Automotive_software_final/install/ad_msgs/share/ad_msgs/msg/MissionObject.msg
[2.219s] -- Up-to-date: /home/jeongwoo/Automotive_software_final/install/ad_msgs/share/ad_msgs/msg/MissionRegion.msg
[2.219s] -- Up-to-date: /home/jeongwoo/Automotive_software_final/install/ad_msgs/share/ad_msgs/msg/MissionDisplay.msg
[2.219s] -- Up-to-date: /home/jeongwoo/Automotive_software_final/install/ad_msgs/share/ad_msgs/msg/PolyfitLaneData.msg
[2.219s] -- Up-to-date: /home/jeongwoo/Automotive_software_final/install/ad_msgs/share/ad_msgs/msg/LanePointData.msg
[2.220s] -- Up-to-date: /home/jeongwoo/Automotive_software_final/install/ad_msgs/share/ad_msgs/msg/LanePointDataArray.msg
[2.220s] -- Up-to-date: /home/jeongwoo/Automotive_software_final/install/ad_msgs/share/ad_msgs/msg/PolyfitLaneDataArray.msg
[2.220s] -- Up-to-date: /home/jeongwoo/Automotive_software_final/install/ad_msgs/share/ament_index/resource_index/package_run_dependencies/ad_msgs
[2.221s] -- Up-to-date: /home/jeongwoo/Automotive_software_final/install/ad_msgs/share/ament_index/resource_index/parent_prefix_path/ad_msgs
[2.223s] -- Up-to-date: /home/jeongwoo/Automotive_software_final/install/ad_msgs/share/ad_msgs/environment/ament_prefix_path.sh
[2.233s] -- Up-to-date: /home/jeongwoo/Automotive_software_final/install/ad_msgs/share/ad_msgs/environment/ament_prefix_path.dsv
[2.233s] -- Up-to-date: /home/jeongwoo/Automotive_software_final/install/ad_msgs/share/ad_msgs/environment/path.sh
[2.234s] -- Up-to-date: /home/jeongwoo/Automotive_software_final/install/ad_msgs/share/ad_msgs/environment/path.dsv
[2.235s] -- Up-to-date: /home/jeongwoo/Automotive_software_final/install/ad_msgs/share/ad_msgs/local_setup.bash
[2.235s] -- Up-to-date: /home/jeongwoo/Automotive_software_final/install/ad_msgs/share/ad_msgs/local_setup.sh
[2.236s] -- Up-to-date: /home/jeongwoo/Automotive_software_final/install/ad_msgs/share/ad_msgs/local_setup.zsh
[2.237s] -- Up-to-date: /home/jeongwoo/Automotive_software_final/install/ad_msgs/share/ad_msgs/local_setup.dsv
[2.238s] -- Installing: /home/jeongwoo/Automotive_software_final/install/ad_msgs/share/ad_msgs/package.dsv
[2.238s] -- Up-to-date: /home/jeongwoo/Automotive_software_final/install/ad_msgs/share/ament_index/resource_index/packages/ad_msgs
[2.238s] -- Up-to-date: /home/jeongwoo/Automotive_software_final/install/ad_msgs/share/ad_msgs/cmake/export_ad_msgs__rosidl_generator_cExport.cmake
[2.239s] -- Up-to-date: /home/jeongwoo/Automotive_software_final/install/ad_msgs/share/ad_msgs/cmake/export_ad_msgs__rosidl_generator_cExport-noconfig.cmake
[2.239s] -- Up-to-date: /home/jeongwoo/Automotive_software_final/install/ad_msgs/share/ad_msgs/cmake/export_ad_msgs__rosidl_typesupport_fastrtps_cExport.cmake
[2.240s] -- Up-to-date: /home/jeongwoo/Automotive_software_final/install/ad_msgs/share/ad_msgs/cmake/export_ad_msgs__rosidl_typesupport_fastrtps_cExport-noconfig.cmake
[2.240s] -- Up-to-date: /home/jeongwoo/Automotive_software_final/install/ad_msgs/share/ad_msgs/cmake/ad_msgs__rosidl_typesupport_introspection_cExport.cmake
[2.242s] -- Up-to-date: /home/jeongwoo/Automotive_software_final/install/ad_msgs/share/ad_msgs/cmake/ad_msgs__rosidl_typesupport_introspection_cExport-noconfig.cmake
[2.246s] -- Up-to-date: /home/jeongwoo/Automotive_software_final/install/ad_msgs/share/ad_msgs/cmake/ad_msgs__rosidl_typesupport_cExport.cmake
[2.247s] -- Up-to-date: /home/jeongwoo/Automotive_software_final/install/ad_msgs/share/ad_msgs/cmake/ad_msgs__rosidl_typesupport_cExport-noconfig.cmake
[2.248s] -- Up-to-date: /home/jeongwoo/Automotive_software_final/install/ad_msgs/share/ad_msgs/cmake/export_ad_msgs__rosidl_generator_cppExport.cmake
[2.249s] -- Up-to-date: /home/jeongwoo/Automotive_software_final/install/ad_msgs/share/ad_msgs/cmake/export_ad_msgs__rosidl_typesupport_fastrtps_cppExport.cmake
[2.249s] -- Up-to-date: /home/jeongwoo/Automotive_software_final/install/ad_msgs/share/ad_msgs/cmake/export_ad_msgs__rosidl_typesupport_fastrtps_cppExport-noconfig.cmake
[2.249s] -- Up-to-date: /home/jeongwoo/Automotive_software_final/install/ad_msgs/share/ad_msgs/cmake/ad_msgs__rosidl_typesupport_introspection_cppExport.cmake
[2.250s] -- Up-to-date: /home/jeongwoo/Automotive_software_final/install/ad_msgs/share/ad_msgs/cmake/ad_msgs__rosidl_typesupport_introspection_cppExport-noconfig.cmake
[2.251s] -- Up-to-date: /home/jeongwoo/Automotive_software_final/install/ad_msgs/share/ad_msgs/cmake/ad_msgs__rosidl_typesupport_cppExport.cmake
[2.251s] -- Up-to-date: /home/jeongwoo/Automotive_software_final/install/ad_msgs/share/ad_msgs/cmake/ad_msgs__rosidl_typesupport_cppExport-noconfig.cmake
[2.251s] -- Up-to-date: /home/jeongwoo/Automotive_software_final/install/ad_msgs/share/ad_msgs/cmake/export_ad_msgs__rosidl_generator_pyExport.cmake
[2.252s] -- Up-to-date: /home/jeongwoo/Automotive_software_final/install/ad_msgs/share/ad_msgs/cmake/export_ad_msgs__rosidl_generator_pyExport-noconfig.cmake
[2.253s] -- Up-to-date: /home/jeongwoo/Automotive_software_final/install/ad_msgs/share/ad_msgs/cmake/rosidl_cmake-extras.cmake
[2.253s] -- Up-to-date: /home/jeongwoo/Automotive_software_final/install/ad_msgs/share/ad_msgs/cmake/ament_cmake_export_dependencies-extras.cmake
[2.253s] -- Up-to-date: /home/jeongwoo/Automotive_software_final/install/ad_msgs/share/ad_msgs/cmake/ament_cmake_export_include_directories-extras.cmake
[2.254s] -- Up-to-date: /home/jeongwoo/Automotive_software_final/install/ad_msgs/share/ad_msgs/cmake/ament_cmake_export_libraries-extras.cmake
[2.255s] -- Up-to-date: /home/jeongwoo/Automotive_software_final/install/ad_msgs/share/ad_msgs/cmake/ament_cmake_export_targets-extras.cmake
[2.256s] -- Up-to-date: /home/jeongwoo/Automotive_software_final/install/ad_msgs/share/ad_msgs/cmake/rosidl_cmake_export_typesupport_targets-extras.cmake
[2.256s] -- Up-to-date: /home/jeongwoo/Automotive_software_final/install/ad_msgs/share/ad_msgs/cmake/rosidl_cmake_export_typesupport_libraries-extras.cmake
[2.256s] -- Up-to-date: /home/jeongwoo/Automotive_software_final/install/ad_msgs/share/ad_msgs/cmake/ad_msgsConfig.cmake
[2.259s] -- Up-to-date: /home/jeongwoo/Automotive_software_final/install/ad_msgs/share/ad_msgs/cmake/ad_msgsConfig-version.cmake
[2.261s] -- Up-to-date: /home/jeongwoo/Automotive_software_final/install/ad_msgs/share/ad_msgs/package.xml
[2.263s] Invoked command in '/home/jeongwoo/Automotive_software_final/build/ad_msgs' returned '0': CMAKE_PREFIX_PATH=${CMAKE_PREFIX_PATH}:/opt/ros/humble /usr/bin/cmake --install /home/jeongwoo/Automotive_software_final/build/ad_msgs
