[0.065s] Invoking command in '/home/seok/automotive_software_final/build/mission_manager': CMAKE_PREFIX_PATH=/home/seok/automotive_software_final/install/ad_msgs:/home/seok/automotive_software_final/install/simulator:/home/seok/automotive_software_final/install/mission_manager:/home/seok/automotive_software_final/install/evaluation:/home/seok/automotive_software_final/install/autonomous_driving:/opt/ros/humble /usr/bin/cmake --build /home/seok/automotive_software_final/build/mission_manager -- -j8 -l8
[0.129s] [35m[1mConsolidate compiler generated dependencies of target mission_manager[0m
[0.189s] [100%] Built target mission_manager
[0.206s] Invoked command in '/home/seok/automotive_software_final/build/mission_manager' returned '0': CMAKE_PREFIX_PATH=/home/seok/automotive_software_final/install/ad_msgs:/home/seok/automotive_software_final/install/simulator:/home/seok/automotive_software_final/install/mission_manager:/home/seok/automotive_software_final/install/evaluation:/home/seok/automotive_software_final/install/autonomous_driving:/opt/ros/humble /usr/bin/cmake --build /home/seok/automotive_software_final/build/mission_manager -- -j8 -l8
[0.238s] Invoking command in '/home/seok/automotive_software_final/build/mission_manager': CMAKE_PREFIX_PATH=/home/seok/automotive_software_final/install/ad_msgs:/home/seok/automotive_software_final/install/simulator:/home/seok/automotive_software_final/install/mission_manager:/home/seok/automotive_software_final/install/evaluation:/home/seok/automotive_software_final/install/autonomous_driving:/opt/ros/humble /usr/bin/cmake --install /home/seok/automotive_software_final/build/mission_manager
[0.247s] -- Install configuration: ""
[0.248s] -- Up-to-date: /home/seok/automotive_software_final/install/mission_manager/lib/mission_manager/mission_manager
[0.248s] -- Up-to-date: /home/seok/automotive_software_final/install/mission_manager/share/mission_manager/launch
[0.249s] -- Up-to-date: /home/seok/automotive_software_final/install/mission_manager/share/mission_manager/launch/mission_manager.launch.xml
[0.249s] -- Up-to-date: /home/seok/automotive_software_final/install/mission_manager/share/ament_index/resource_index/package_run_dependencies/mission_manager
[0.249s] -- Up-to-date: /home/seok/automotive_software_final/install/mission_manager/share/ament_index/resource_index/parent_prefix_path/mission_manager
[0.249s] -- Up-to-date: /home/seok/automotive_software_final/install/mission_manager/share/mission_manager/environment/ament_prefix_path.sh
[0.251s] -- Up-to-date: /home/seok/automotive_software_final/install/mission_manager/share/mission_manager/environment/ament_prefix_path.dsv
[0.252s] -- Up-to-date: /home/seok/automotive_software_final/install/mission_manager/share/mission_manager/environment/path.sh
[0.253s] -- Up-to-date: /home/seok/automotive_software_final/install/mission_manager/share/mission_manager/environment/path.dsv
[0.253s] -- Up-to-date: /home/seok/automotive_software_final/install/mission_manager/share/mission_manager/local_setup.bash
[0.253s] -- Up-to-date: /home/seok/automotive_software_final/install/mission_manager/share/mission_manager/local_setup.sh
[0.253s] -- Up-to-date: /home/seok/automotive_software_final/install/mission_manager/share/mission_manager/local_setup.zsh
[0.253s] -- Up-to-date: /home/seok/automotive_software_final/install/mission_manager/share/mission_manager/local_setup.dsv
[0.254s] -- Installing: /home/seok/automotive_software_final/install/mission_manager/share/mission_manager/package.dsv
[0.254s] -- Up-to-date: /home/seok/automotive_software_final/install/mission_manager/share/ament_index/resource_index/packages/mission_manager
[0.254s] -- Up-to-date: /home/seok/automotive_software_final/install/mission_manager/share/mission_manager/cmake/mission_managerConfig.cmake
[0.254s] -- Up-to-date: /home/seok/automotive_software_final/install/mission_manager/share/mission_manager/cmake/mission_managerConfig-version.cmake
[0.255s] -- Up-to-date: /home/seok/automotive_software_final/install/mission_manager/share/mission_manager/package.xml
[0.269s] Invoked command in '/home/seok/automotive_software_final/build/mission_manager' returned '0': CMAKE_PREFIX_PATH=/home/seok/automotive_software_final/install/ad_msgs:/home/seok/automotive_software_final/install/simulator:/home/seok/automotive_software_final/install/mission_manager:/home/seok/automotive_software_final/install/evaluation:/home/seok/automotive_software_final/install/autonomous_driving:/opt/ros/humble /usr/bin/cmake --install /home/seok/automotive_software_final/build/mission_manager
