[0.178s] DEBUG:colcon:Command line arguments: ['/usr/bin/colcon', 'build']
[0.178s] DEBUG:colcon:Parsed command line arguments: Namespace(log_base=None, log_level=None, verb_name='build', build_base='build', install_base='install', merge_install=False, symlink_install=False, test_result_base=None, continue_on_error=False, executor='parallel', parallel_workers=8, event_handlers=None, ignore_user_meta=False, metas=['./colcon.meta'], base_paths=['.'], packages_ignore=None, packages_ignore_regex=None, paths=None, packages_up_to=None, packages_up_to_regex=None, packages_above=None, packages_above_and_dependencies=None, packages_above_depth=None, packages_select_by_dep=None, packages_skip_by_dep=None, packages_skip_up_to=None, packages_select_build_failed=False, packages_skip_build_finished=False, packages_select_test_failures=False, packages_skip_test_passed=False, packages_select=None, packages_skip=None, packages_select_regex=None, packages_skip_regex=None, packages_start=None, packages_end=None, allow_overriding=[], cmake_args=None, cmake_target=None, cmake_target_skip_unavailable=False, cmake_clean_cache=False, cmake_clean_first=False, cmake_force_configure=False, ament_cmake_args=None, catkin_cmake_args=None, catkin_skip_building_tests=False, verb_parser=<colcon_defaults.argument_parser.defaults.DefaultArgumentsDecorator object at 0x7f4ffa223f40>, verb_extension=<colcon_core.verb.build.BuildVerb object at 0x7f4ffa364ac0>, main=<bound method BuildVerb.main of <colcon_core.verb.build.BuildVerb object at 0x7f4ffa364ac0>>)
[0.372s] Level 1:colcon.colcon_core.package_discovery:discover_packages(colcon_meta) check parameters
[0.372s] Level 1:colcon.colcon_core.package_discovery:discover_packages(recursive) check parameters
[0.372s] Level 1:colcon.colcon_core.package_discovery:discover_packages(ignore) check parameters
[0.372s] Level 1:colcon.colcon_core.package_discovery:discover_packages(path) check parameters
[0.372s] Level 1:colcon.colcon_core.package_discovery:discover_packages(colcon_meta) discover
[0.372s] Level 1:colcon.colcon_core.package_discovery:discover_packages(recursive) discover
[0.372s] INFO:colcon.colcon_core.package_discovery:Crawling recursively for packages in '/home/jeongwoo/Automotive_software_final'
[0.372s] Level 1:colcon.colcon_core.package_identification:_identify(.) by extensions ['ignore', 'ignore_ament_install']
[0.372s] Level 1:colcon.colcon_core.package_identification:_identify(.) by extension 'ignore'
[0.372s] Level 1:colcon.colcon_core.package_identification:_identify(.) by extension 'ignore_ament_install'
[0.372s] Level 1:colcon.colcon_core.package_identification:_identify(.) by extensions ['colcon_pkg']
[0.372s] Level 1:colcon.colcon_core.package_identification:_identify(.) by extension 'colcon_pkg'
[0.373s] Level 1:colcon.colcon_core.package_identification:_identify(.) by extensions ['colcon_meta']
[0.373s] Level 1:colcon.colcon_core.package_identification:_identify(.) by extension 'colcon_meta'
[0.373s] Level 1:colcon.colcon_core.package_identification:_identify(.) by extensions ['ros']
[0.373s] Level 1:colcon.colcon_core.package_identification:_identify(.) by extension 'ros'
[0.387s] Level 1:colcon.colcon_core.package_identification:_identify(.) by extensions ['cmake', 'python']
[0.387s] Level 1:colcon.colcon_core.package_identification:_identify(.) by extension 'cmake'
[0.387s] Level 1:colcon.colcon_core.package_identification:_identify(.) by extension 'python'
[0.387s] Level 1:colcon.colcon_core.package_identification:_identify(.) by extensions ['python_setup_py']
[0.387s] Level 1:colcon.colcon_core.package_identification:_identify(.) by extension 'python_setup_py'
[0.388s] Level 1:colcon.colcon_core.package_identification:_identify(build) by extensions ['ignore', 'ignore_ament_install']
[0.388s] Level 1:colcon.colcon_core.package_identification:_identify(build) by extension 'ignore'
[0.388s] Level 1:colcon.colcon_core.package_identification:_identify(build) ignored
[0.388s] Level 1:colcon.colcon_core.package_identification:_identify(install) by extensions ['ignore', 'ignore_ament_install']
[0.388s] Level 1:colcon.colcon_core.package_identification:_identify(install) by extension 'ignore'
[0.388s] Level 1:colcon.colcon_core.package_identification:_identify(install) ignored
[0.389s] Level 1:colcon.colcon_core.package_identification:_identify(log) by extensions ['ignore', 'ignore_ament_install']
[0.389s] Level 1:colcon.colcon_core.package_identification:_identify(log) by extension 'ignore'
[0.389s] Level 1:colcon.colcon_core.package_identification:_identify(log) ignored
[0.389s] Level 1:colcon.colcon_core.package_identification:_identify(resources) by extensions ['ignore', 'ignore_ament_install']
[0.389s] Level 1:colcon.colcon_core.package_identification:_identify(resources) by extension 'ignore'
[0.389s] Level 1:colcon.colcon_core.package_identification:_identify(resources) by extension 'ignore_ament_install'
[0.389s] Level 1:colcon.colcon_core.package_identification:_identify(resources) by extensions ['colcon_pkg']
[0.389s] Level 1:colcon.colcon_core.package_identification:_identify(resources) by extension 'colcon_pkg'
[0.389s] Level 1:colcon.colcon_core.package_identification:_identify(resources) by extensions ['colcon_meta']
[0.389s] Level 1:colcon.colcon_core.package_identification:_identify(resources) by extension 'colcon_meta'
[0.389s] Level 1:colcon.colcon_core.package_identification:_identify(resources) by extensions ['ros']
[0.389s] Level 1:colcon.colcon_core.package_identification:_identify(resources) by extension 'ros'
[0.390s] Level 1:colcon.colcon_core.package_identification:_identify(resources) by extensions ['cmake', 'python']
[0.390s] Level 1:colcon.colcon_core.package_identification:_identify(resources) by extension 'cmake'
[0.390s] Level 1:colcon.colcon_core.package_identification:_identify(resources) by extension 'python'
[0.390s] Level 1:colcon.colcon_core.package_identification:_identify(resources) by extensions ['python_setup_py']
[0.390s] Level 1:colcon.colcon_core.package_identification:_identify(resources) by extension 'python_setup_py'
[0.390s] Level 1:colcon.colcon_core.package_identification:_identify(resources/csv) by extensions ['ignore', 'ignore_ament_install']
[0.390s] Level 1:colcon.colcon_core.package_identification:_identify(resources/csv) by extension 'ignore'
[0.390s] Level 1:colcon.colcon_core.package_identification:_identify(resources/csv) by extension 'ignore_ament_install'
[0.390s] Level 1:colcon.colcon_core.package_identification:_identify(resources/csv) by extensions ['colcon_pkg']
[0.390s] Level 1:colcon.colcon_core.package_identification:_identify(resources/csv) by extension 'colcon_pkg'
[0.390s] Level 1:colcon.colcon_core.package_identification:_identify(resources/csv) by extensions ['colcon_meta']
[0.390s] Level 1:colcon.colcon_core.package_identification:_identify(resources/csv) by extension 'colcon_meta'
[0.390s] Level 1:colcon.colcon_core.package_identification:_identify(resources/csv) by extensions ['ros']
[0.390s] Level 1:colcon.colcon_core.package_identification:_identify(resources/csv) by extension 'ros'
[0.391s] Level 1:colcon.colcon_core.package_identification:_identify(resources/csv) by extensions ['cmake', 'python']
[0.391s] Level 1:colcon.colcon_core.package_identification:_identify(resources/csv) by extension 'cmake'
[0.391s] Level 1:colcon.colcon_core.package_identification:_identify(resources/csv) by extension 'python'
[0.391s] Level 1:colcon.colcon_core.package_identification:_identify(resources/csv) by extensions ['python_setup_py']
[0.391s] Level 1:colcon.colcon_core.package_identification:_identify(resources/csv) by extension 'python_setup_py'
[0.391s] Level 1:colcon.colcon_core.package_identification:_identify(resources/csv/evaluation_lane) by extensions ['ignore', 'ignore_ament_install']
[0.391s] Level 1:colcon.colcon_core.package_identification:_identify(resources/csv/evaluation_lane) by extension 'ignore'
[0.391s] Level 1:colcon.colcon_core.package_identification:_identify(resources/csv/evaluation_lane) by extension 'ignore_ament_install'
[0.391s] Level 1:colcon.colcon_core.package_identification:_identify(resources/csv/evaluation_lane) by extensions ['colcon_pkg']
[0.391s] Level 1:colcon.colcon_core.package_identification:_identify(resources/csv/evaluation_lane) by extension 'colcon_pkg'
[0.392s] Level 1:colcon.colcon_core.package_identification:_identify(resources/csv/evaluation_lane) by extensions ['colcon_meta']
[0.392s] Level 1:colcon.colcon_core.package_identification:_identify(resources/csv/evaluation_lane) by extension 'colcon_meta'
[0.392s] Level 1:colcon.colcon_core.package_identification:_identify(resources/csv/evaluation_lane) by extensions ['ros']
[0.392s] Level 1:colcon.colcon_core.package_identification:_identify(resources/csv/evaluation_lane) by extension 'ros'
[0.392s] Level 1:colcon.colcon_core.package_identification:_identify(resources/csv/evaluation_lane) by extensions ['cmake', 'python']
[0.392s] Level 1:colcon.colcon_core.package_identification:_identify(resources/csv/evaluation_lane) by extension 'cmake'
[0.392s] Level 1:colcon.colcon_core.package_identification:_identify(resources/csv/evaluation_lane) by extension 'python'
[0.392s] Level 1:colcon.colcon_core.package_identification:_identify(resources/csv/evaluation_lane) by extensions ['python_setup_py']
[0.392s] Level 1:colcon.colcon_core.package_identification:_identify(resources/csv/evaluation_lane) by extension 'python_setup_py'
[0.392s] Level 1:colcon.colcon_core.package_identification:_identify(resources/csv/simulation_lane) by extensions ['ignore', 'ignore_ament_install']
[0.392s] Level 1:colcon.colcon_core.package_identification:_identify(resources/csv/simulation_lane) by extension 'ignore'
[0.392s] Level 1:colcon.colcon_core.package_identification:_identify(resources/csv/simulation_lane) by extension 'ignore_ament_install'
[0.392s] Level 1:colcon.colcon_core.package_identification:_identify(resources/csv/simulation_lane) by extensions ['colcon_pkg']
[0.392s] Level 1:colcon.colcon_core.package_identification:_identify(resources/csv/simulation_lane) by extension 'colcon_pkg'
[0.392s] Level 1:colcon.colcon_core.package_identification:_identify(resources/csv/simulation_lane) by extensions ['colcon_meta']
[0.393s] Level 1:colcon.colcon_core.package_identification:_identify(resources/csv/simulation_lane) by extension 'colcon_meta'
[0.393s] Level 1:colcon.colcon_core.package_identification:_identify(resources/csv/simulation_lane) by extensions ['ros']
[0.393s] Level 1:colcon.colcon_core.package_identification:_identify(resources/csv/simulation_lane) by extension 'ros'
[0.393s] Level 1:colcon.colcon_core.package_identification:_identify(resources/csv/simulation_lane) by extensions ['cmake', 'python']
[0.393s] Level 1:colcon.colcon_core.package_identification:_identify(resources/csv/simulation_lane) by extension 'cmake'
[0.393s] Level 1:colcon.colcon_core.package_identification:_identify(resources/csv/simulation_lane) by extension 'python'
[0.393s] Level 1:colcon.colcon_core.package_identification:_identify(resources/csv/simulation_lane) by extensions ['python_setup_py']
[0.393s] Level 1:colcon.colcon_core.package_identification:_identify(resources/csv/simulation_lane) by extension 'python_setup_py'
[0.393s] Level 1:colcon.colcon_core.package_identification:_identify(resources/meshes) by extensions ['ignore', 'ignore_ament_install']
[0.393s] Level 1:colcon.colcon_core.package_identification:_identify(resources/meshes) by extension 'ignore'
[0.393s] Level 1:colcon.colcon_core.package_identification:_identify(resources/meshes) by extension 'ignore_ament_install'
[0.393s] Level 1:colcon.colcon_core.package_identification:_identify(resources/meshes) by extensions ['colcon_pkg']
[0.394s] Level 1:colcon.colcon_core.package_identification:_identify(resources/meshes) by extension 'colcon_pkg'
[0.394s] Level 1:colcon.colcon_core.package_identification:_identify(resources/meshes) by extensions ['colcon_meta']
[0.394s] Level 1:colcon.colcon_core.package_identification:_identify(resources/meshes) by extension 'colcon_meta'
[0.394s] Level 1:colcon.colcon_core.package_identification:_identify(resources/meshes) by extensions ['ros']
[0.394s] Level 1:colcon.colcon_core.package_identification:_identify(resources/meshes) by extension 'ros'
[0.394s] Level 1:colcon.colcon_core.package_identification:_identify(resources/meshes) by extensions ['cmake', 'python']
[0.394s] Level 1:colcon.colcon_core.package_identification:_identify(resources/meshes) by extension 'cmake'
[0.394s] Level 1:colcon.colcon_core.package_identification:_identify(resources/meshes) by extension 'python'
[0.394s] Level 1:colcon.colcon_core.package_identification:_identify(resources/meshes) by extensions ['python_setup_py']
[0.394s] Level 1:colcon.colcon_core.package_identification:_identify(resources/meshes) by extension 'python_setup_py'
[0.394s] Level 1:colcon.colcon_core.package_identification:_identify(resources/rviz) by extensions ['ignore', 'ignore_ament_install']
[0.395s] Level 1:colcon.colcon_core.package_identification:_identify(resources/rviz) by extension 'ignore'
[0.395s] Level 1:colcon.colcon_core.package_identification:_identify(resources/rviz) by extension 'ignore_ament_install'
[0.396s] Level 1:colcon.colcon_core.package_identification:_identify(resources/rviz) by extensions ['colcon_pkg']
[0.396s] Level 1:colcon.colcon_core.package_identification:_identify(resources/rviz) by extension 'colcon_pkg'
[0.396s] Level 1:colcon.colcon_core.package_identification:_identify(resources/rviz) by extensions ['colcon_meta']
[0.396s] Level 1:colcon.colcon_core.package_identification:_identify(resources/rviz) by extension 'colcon_meta'
[0.396s] Level 1:colcon.colcon_core.package_identification:_identify(resources/rviz) by extensions ['ros']
[0.397s] Level 1:colcon.colcon_core.package_identification:_identify(resources/rviz) by extension 'ros'
[0.397s] Level 1:colcon.colcon_core.package_identification:_identify(resources/rviz) by extensions ['cmake', 'python']
[0.397s] Level 1:colcon.colcon_core.package_identification:_identify(resources/rviz) by extension 'cmake'
[0.397s] Level 1:colcon.colcon_core.package_identification:_identify(resources/rviz) by extension 'python'
[0.397s] Level 1:colcon.colcon_core.package_identification:_identify(resources/rviz) by extensions ['python_setup_py']
[0.397s] Level 1:colcon.colcon_core.package_identification:_identify(resources/rviz) by extension 'python_setup_py'
[0.397s] Level 1:colcon.colcon_core.package_identification:_identify(src) by extensions ['ignore', 'ignore_ament_install']
[0.397s] Level 1:colcon.colcon_core.package_identification:_identify(src) by extension 'ignore'
[0.397s] Level 1:colcon.colcon_core.package_identification:_identify(src) by extension 'ignore_ament_install'
[0.398s] Level 1:colcon.colcon_core.package_identification:_identify(src) by extensions ['colcon_pkg']
[0.398s] Level 1:colcon.colcon_core.package_identification:_identify(src) by extension 'colcon_pkg'
[0.398s] Level 1:colcon.colcon_core.package_identification:_identify(src) by extensions ['colcon_meta']
[0.398s] Level 1:colcon.colcon_core.package_identification:_identify(src) by extension 'colcon_meta'
[0.398s] Level 1:colcon.colcon_core.package_identification:_identify(src) by extensions ['ros']
[0.398s] Level 1:colcon.colcon_core.package_identification:_identify(src) by extension 'ros'
[0.398s] Level 1:colcon.colcon_core.package_identification:_identify(src) by extensions ['cmake', 'python']
[0.398s] Level 1:colcon.colcon_core.package_identification:_identify(src) by extension 'cmake'
[0.398s] Level 1:colcon.colcon_core.package_identification:_identify(src) by extension 'python'
[0.398s] Level 1:colcon.colcon_core.package_identification:_identify(src) by extensions ['python_setup_py']
[0.398s] Level 1:colcon.colcon_core.package_identification:_identify(src) by extension 'python_setup_py'
[0.398s] Level 1:colcon.colcon_core.package_identification:_identify(src/app) by extensions ['ignore', 'ignore_ament_install']
[0.399s] Level 1:colcon.colcon_core.package_identification:_identify(src/app) by extension 'ignore'
[0.399s] Level 1:colcon.colcon_core.package_identification:_identify(src/app) by extension 'ignore_ament_install'
[0.399s] Level 1:colcon.colcon_core.package_identification:_identify(src/app) by extensions ['colcon_pkg']
[0.399s] Level 1:colcon.colcon_core.package_identification:_identify(src/app) by extension 'colcon_pkg'
[0.399s] Level 1:colcon.colcon_core.package_identification:_identify(src/app) by extensions ['colcon_meta']
[0.399s] Level 1:colcon.colcon_core.package_identification:_identify(src/app) by extension 'colcon_meta'
[0.399s] Level 1:colcon.colcon_core.package_identification:_identify(src/app) by extensions ['ros']
[0.399s] Level 1:colcon.colcon_core.package_identification:_identify(src/app) by extension 'ros'
[0.399s] Level 1:colcon.colcon_core.package_identification:_identify(src/app) by extensions ['cmake', 'python']
[0.399s] Level 1:colcon.colcon_core.package_identification:_identify(src/app) by extension 'cmake'
[0.399s] Level 1:colcon.colcon_core.package_identification:_identify(src/app) by extension 'python'
[0.399s] Level 1:colcon.colcon_core.package_identification:_identify(src/app) by extensions ['python_setup_py']
[0.399s] Level 1:colcon.colcon_core.package_identification:_identify(src/app) by extension 'python_setup_py'
[0.399s] Level 1:colcon.colcon_core.package_identification:_identify(src/app/autonomous_driving) by extensions ['ignore', 'ignore_ament_install']
[0.400s] Level 1:colcon.colcon_core.package_identification:_identify(src/app/autonomous_driving) by extension 'ignore'
[0.400s] Level 1:colcon.colcon_core.package_identification:_identify(src/app/autonomous_driving) by extension 'ignore_ament_install'
[0.400s] Level 1:colcon.colcon_core.package_identification:_identify(src/app/autonomous_driving) by extensions ['colcon_pkg']
[0.400s] Level 1:colcon.colcon_core.package_identification:_identify(src/app/autonomous_driving) by extension 'colcon_pkg'
[0.400s] Level 1:colcon.colcon_core.package_identification:_identify(src/app/autonomous_driving) by extensions ['colcon_meta']
[0.400s] Level 1:colcon.colcon_core.package_identification:_identify(src/app/autonomous_driving) by extension 'colcon_meta'
[0.400s] Level 1:colcon.colcon_core.package_identification:_identify(src/app/autonomous_driving) by extensions ['ros']
[0.400s] Level 1:colcon.colcon_core.package_identification:_identify(src/app/autonomous_driving) by extension 'ros'
[0.402s] DEBUG:colcon.colcon_core.package_identification:Package 'src/app/autonomous_driving' with type 'ros.ament_cmake' and name 'autonomous_driving'
[0.402s] Level 1:colcon.colcon_core.package_identification:_identify(src/app/evaluation) by extensions ['ignore', 'ignore_ament_install']
[0.403s] Level 1:colcon.colcon_core.package_identification:_identify(src/app/evaluation) by extension 'ignore'
[0.403s] Level 1:colcon.colcon_core.package_identification:_identify(src/app/evaluation) by extension 'ignore_ament_install'
[0.403s] Level 1:colcon.colcon_core.package_identification:_identify(src/app/evaluation) by extensions ['colcon_pkg']
[0.403s] Level 1:colcon.colcon_core.package_identification:_identify(src/app/evaluation) by extension 'colcon_pkg'
[0.403s] Level 1:colcon.colcon_core.package_identification:_identify(src/app/evaluation) by extensions ['colcon_meta']
[0.403s] Level 1:colcon.colcon_core.package_identification:_identify(src/app/evaluation) by extension 'colcon_meta'
[0.403s] Level 1:colcon.colcon_core.package_identification:_identify(src/app/evaluation) by extensions ['ros']
[0.403s] Level 1:colcon.colcon_core.package_identification:_identify(src/app/evaluation) by extension 'ros'
[0.404s] DEBUG:colcon.colcon_core.package_identification:Package 'src/app/evaluation' with type 'ros.ament_cmake' and name 'evaluation'
[0.404s] Level 1:colcon.colcon_core.package_identification:_identify(src/app/mission_manager) by extensions ['ignore', 'ignore_ament_install']
[0.404s] Level 1:colcon.colcon_core.package_identification:_identify(src/app/mission_manager) by extension 'ignore'
[0.404s] Level 1:colcon.colcon_core.package_identification:_identify(src/app/mission_manager) by extension 'ignore_ament_install'
[0.404s] Level 1:colcon.colcon_core.package_identification:_identify(src/app/mission_manager) by extensions ['colcon_pkg']
[0.404s] Level 1:colcon.colcon_core.package_identification:_identify(src/app/mission_manager) by extension 'colcon_pkg'
[0.405s] Level 1:colcon.colcon_core.package_identification:_identify(src/app/mission_manager) by extensions ['colcon_meta']
[0.405s] Level 1:colcon.colcon_core.package_identification:_identify(src/app/mission_manager) by extension 'colcon_meta'
[0.405s] Level 1:colcon.colcon_core.package_identification:_identify(src/app/mission_manager) by extensions ['ros']
[0.405s] Level 1:colcon.colcon_core.package_identification:_identify(src/app/mission_manager) by extension 'ros'
[0.405s] DEBUG:colcon.colcon_core.package_identification:Package 'src/app/mission_manager' with type 'ros.ament_cmake' and name 'mission_manager'
[0.406s] Level 1:colcon.colcon_core.package_identification:_identify(src/app/simulator) by extensions ['ignore', 'ignore_ament_install']
[0.406s] Level 1:colcon.colcon_core.package_identification:_identify(src/app/simulator) by extension 'ignore'
[0.406s] Level 1:colcon.colcon_core.package_identification:_identify(src/app/simulator) by extension 'ignore_ament_install'
[0.406s] Level 1:colcon.colcon_core.package_identification:_identify(src/app/simulator) by extensions ['colcon_pkg']
[0.406s] Level 1:colcon.colcon_core.package_identification:_identify(src/app/simulator) by extension 'colcon_pkg'
[0.406s] Level 1:colcon.colcon_core.package_identification:_identify(src/app/simulator) by extensions ['colcon_meta']
[0.406s] Level 1:colcon.colcon_core.package_identification:_identify(src/app/simulator) by extension 'colcon_meta'
[0.406s] Level 1:colcon.colcon_core.package_identification:_identify(src/app/simulator) by extensions ['ros']
[0.406s] Level 1:colcon.colcon_core.package_identification:_identify(src/app/simulator) by extension 'ros'
[0.407s] DEBUG:colcon.colcon_core.package_identification:Package 'src/app/simulator' with type 'ros.ament_cmake' and name 'simulator'
[0.407s] Level 1:colcon.colcon_core.package_identification:_identify(src/bsw) by extensions ['ignore', 'ignore_ament_install']
[0.407s] Level 1:colcon.colcon_core.package_identification:_identify(src/bsw) by extension 'ignore'
[0.407s] Level 1:colcon.colcon_core.package_identification:_identify(src/bsw) by extension 'ignore_ament_install'
[0.407s] Level 1:colcon.colcon_core.package_identification:_identify(src/bsw) by extensions ['colcon_pkg']
[0.407s] Level 1:colcon.colcon_core.package_identification:_identify(src/bsw) by extension 'colcon_pkg'
[0.407s] Level 1:colcon.colcon_core.package_identification:_identify(src/bsw) by extensions ['colcon_meta']
[0.407s] Level 1:colcon.colcon_core.package_identification:_identify(src/bsw) by extension 'colcon_meta'
[0.407s] Level 1:colcon.colcon_core.package_identification:_identify(src/bsw) by extensions ['ros']
[0.407s] Level 1:colcon.colcon_core.package_identification:_identify(src/bsw) by extension 'ros'
[0.407s] Level 1:colcon.colcon_core.package_identification:_identify(src/bsw) by extensions ['cmake', 'python']
[0.408s] Level 1:colcon.colcon_core.package_identification:_identify(src/bsw) by extension 'cmake'
[0.408s] Level 1:colcon.colcon_core.package_identification:_identify(src/bsw) by extension 'python'
[0.408s] Level 1:colcon.colcon_core.package_identification:_identify(src/bsw) by extensions ['python_setup_py']
[0.408s] Level 1:colcon.colcon_core.package_identification:_identify(src/bsw) by extension 'python_setup_py'
[0.408s] Level 1:colcon.colcon_core.package_identification:_identify(src/bsw/system) by extensions ['ignore', 'ignore_ament_install']
[0.408s] Level 1:colcon.colcon_core.package_identification:_identify(src/bsw/system) by extension 'ignore'
[0.408s] Level 1:colcon.colcon_core.package_identification:_identify(src/bsw/system) by extension 'ignore_ament_install'
[0.408s] Level 1:colcon.colcon_core.package_identification:_identify(src/bsw/system) by extensions ['colcon_pkg']
[0.408s] Level 1:colcon.colcon_core.package_identification:_identify(src/bsw/system) by extension 'colcon_pkg'
[0.408s] Level 1:colcon.colcon_core.package_identification:_identify(src/bsw/system) by extensions ['colcon_meta']
[0.408s] Level 1:colcon.colcon_core.package_identification:_identify(src/bsw/system) by extension 'colcon_meta'
[0.408s] Level 1:colcon.colcon_core.package_identification:_identify(src/bsw/system) by extensions ['ros']
[0.408s] Level 1:colcon.colcon_core.package_identification:_identify(src/bsw/system) by extension 'ros'
[0.409s] Level 1:colcon.colcon_core.package_identification:_identify(src/bsw/system) by extensions ['cmake', 'python']
[0.409s] Level 1:colcon.colcon_core.package_identification:_identify(src/bsw/system) by extension 'cmake'
[0.409s] Level 1:colcon.colcon_core.package_identification:_identify(src/bsw/system) by extension 'python'
[0.409s] Level 1:colcon.colcon_core.package_identification:_identify(src/bsw/system) by extensions ['python_setup_py']
[0.409s] Level 1:colcon.colcon_core.package_identification:_identify(src/bsw/system) by extension 'python_setup_py'
[0.409s] Level 1:colcon.colcon_core.package_identification:_identify(src/bsw/system/bridge) by extensions ['ignore', 'ignore_ament_install']
[0.409s] Level 1:colcon.colcon_core.package_identification:_identify(src/bsw/system/bridge) by extension 'ignore'
[0.409s] Level 1:colcon.colcon_core.package_identification:_identify(src/bsw/system/bridge) by extension 'ignore_ament_install'
[0.409s] Level 1:colcon.colcon_core.package_identification:_identify(src/bsw/system/bridge) by extensions ['colcon_pkg']
[0.409s] Level 1:colcon.colcon_core.package_identification:_identify(src/bsw/system/bridge) by extension 'colcon_pkg'
[0.409s] Level 1:colcon.colcon_core.package_identification:_identify(src/bsw/system/bridge) by extensions ['colcon_meta']
[0.409s] Level 1:colcon.colcon_core.package_identification:_identify(src/bsw/system/bridge) by extension 'colcon_meta'
[0.410s] Level 1:colcon.colcon_core.package_identification:_identify(src/bsw/system/bridge) by extensions ['ros']
[0.410s] Level 1:colcon.colcon_core.package_identification:_identify(src/bsw/system/bridge) by extension 'ros'
[0.410s] Level 1:colcon.colcon_core.package_identification:_identify(src/bsw/system/bridge) by extensions ['cmake', 'python']
[0.410s] Level 1:colcon.colcon_core.package_identification:_identify(src/bsw/system/bridge) by extension 'cmake'
[0.410s] Level 1:colcon.colcon_core.package_identification:_identify(src/bsw/system/bridge) by extension 'python'
[0.410s] Level 1:colcon.colcon_core.package_identification:_identify(src/bsw/system/bridge) by extensions ['python_setup_py']
[0.410s] Level 1:colcon.colcon_core.package_identification:_identify(src/bsw/system/bridge) by extension 'python_setup_py'
[0.410s] Level 1:colcon.colcon_core.package_identification:_identify(src/bsw/system/interface) by extensions ['ignore', 'ignore_ament_install']
[0.410s] Level 1:colcon.colcon_core.package_identification:_identify(src/bsw/system/interface) by extension 'ignore'
[0.410s] Level 1:colcon.colcon_core.package_identification:_identify(src/bsw/system/interface) by extension 'ignore_ament_install'
[0.410s] Level 1:colcon.colcon_core.package_identification:_identify(src/bsw/system/interface) by extensions ['colcon_pkg']
[0.410s] Level 1:colcon.colcon_core.package_identification:_identify(src/bsw/system/interface) by extension 'colcon_pkg'
[0.411s] Level 1:colcon.colcon_core.package_identification:_identify(src/bsw/system/interface) by extensions ['colcon_meta']
[0.411s] Level 1:colcon.colcon_core.package_identification:_identify(src/bsw/system/interface) by extension 'colcon_meta'
[0.411s] Level 1:colcon.colcon_core.package_identification:_identify(src/bsw/system/interface) by extensions ['ros']
[0.411s] Level 1:colcon.colcon_core.package_identification:_identify(src/bsw/system/interface) by extension 'ros'
[0.411s] Level 1:colcon.colcon_core.package_identification:_identify(src/bsw/system/interface) by extensions ['cmake', 'python']
[0.411s] Level 1:colcon.colcon_core.package_identification:_identify(src/bsw/system/interface) by extension 'cmake'
[0.411s] Level 1:colcon.colcon_core.package_identification:_identify(src/bsw/system/interface) by extension 'python'
[0.412s] Level 1:colcon.colcon_core.package_identification:_identify(src/bsw/system/interface) by extensions ['python_setup_py']
[0.412s] Level 1:colcon.colcon_core.package_identification:_identify(src/bsw/system/interface) by extension 'python_setup_py'
[0.412s] Level 1:colcon.colcon_core.package_identification:_identify(src/rte) by extensions ['ignore', 'ignore_ament_install']
[0.412s] Level 1:colcon.colcon_core.package_identification:_identify(src/rte) by extension 'ignore'
[0.412s] Level 1:colcon.colcon_core.package_identification:_identify(src/rte) by extension 'ignore_ament_install'
[0.413s] Level 1:colcon.colcon_core.package_identification:_identify(src/rte) by extensions ['colcon_pkg']
[0.413s] Level 1:colcon.colcon_core.package_identification:_identify(src/rte) by extension 'colcon_pkg'
[0.413s] Level 1:colcon.colcon_core.package_identification:_identify(src/rte) by extensions ['colcon_meta']
[0.413s] Level 1:colcon.colcon_core.package_identification:_identify(src/rte) by extension 'colcon_meta'
[0.413s] Level 1:colcon.colcon_core.package_identification:_identify(src/rte) by extensions ['ros']
[0.413s] Level 1:colcon.colcon_core.package_identification:_identify(src/rte) by extension 'ros'
[0.414s] Level 1:colcon.colcon_core.package_identification:_identify(src/rte) by extensions ['cmake', 'python']
[0.414s] Level 1:colcon.colcon_core.package_identification:_identify(src/rte) by extension 'cmake'
[0.414s] Level 1:colcon.colcon_core.package_identification:_identify(src/rte) by extension 'python'
[0.414s] Level 1:colcon.colcon_core.package_identification:_identify(src/rte) by extensions ['python_setup_py']
[0.414s] Level 1:colcon.colcon_core.package_identification:_identify(src/rte) by extension 'python_setup_py'
[0.414s] Level 1:colcon.colcon_core.package_identification:_identify(src/rte/msg) by extensions ['ignore', 'ignore_ament_install']
[0.414s] Level 1:colcon.colcon_core.package_identification:_identify(src/rte/msg) by extension 'ignore'
[0.414s] Level 1:colcon.colcon_core.package_identification:_identify(src/rte/msg) by extension 'ignore_ament_install'
[0.414s] Level 1:colcon.colcon_core.package_identification:_identify(src/rte/msg) by extensions ['colcon_pkg']
[0.414s] Level 1:colcon.colcon_core.package_identification:_identify(src/rte/msg) by extension 'colcon_pkg'
[0.415s] Level 1:colcon.colcon_core.package_identification:_identify(src/rte/msg) by extensions ['colcon_meta']
[0.415s] Level 1:colcon.colcon_core.package_identification:_identify(src/rte/msg) by extension 'colcon_meta'
[0.415s] Level 1:colcon.colcon_core.package_identification:_identify(src/rte/msg) by extensions ['ros']
[0.415s] Level 1:colcon.colcon_core.package_identification:_identify(src/rte/msg) by extension 'ros'
[0.415s] Level 1:colcon.colcon_core.package_identification:_identify(src/rte/msg) by extensions ['cmake', 'python']
[0.415s] Level 1:colcon.colcon_core.package_identification:_identify(src/rte/msg) by extension 'cmake'
[0.415s] Level 1:colcon.colcon_core.package_identification:_identify(src/rte/msg) by extension 'python'
[0.415s] Level 1:colcon.colcon_core.package_identification:_identify(src/rte/msg) by extensions ['python_setup_py']
[0.415s] Level 1:colcon.colcon_core.package_identification:_identify(src/rte/msg) by extension 'python_setup_py'
[0.415s] Level 1:colcon.colcon_core.package_identification:_identify(src/rte/msg/ad_msgs) by extensions ['ignore', 'ignore_ament_install']
[0.415s] Level 1:colcon.colcon_core.package_identification:_identify(src/rte/msg/ad_msgs) by extension 'ignore'
[0.415s] Level 1:colcon.colcon_core.package_identification:_identify(src/rte/msg/ad_msgs) by extension 'ignore_ament_install'
[0.416s] Level 1:colcon.colcon_core.package_identification:_identify(src/rte/msg/ad_msgs) by extensions ['colcon_pkg']
[0.416s] Level 1:colcon.colcon_core.package_identification:_identify(src/rte/msg/ad_msgs) by extension 'colcon_pkg'
[0.416s] Level 1:colcon.colcon_core.package_identification:_identify(src/rte/msg/ad_msgs) by extensions ['colcon_meta']
[0.416s] Level 1:colcon.colcon_core.package_identification:_identify(src/rte/msg/ad_msgs) by extension 'colcon_meta'
[0.416s] Level 1:colcon.colcon_core.package_identification:_identify(src/rte/msg/ad_msgs) by extensions ['ros']
[0.416s] Level 1:colcon.colcon_core.package_identification:_identify(src/rte/msg/ad_msgs) by extension 'ros'
[0.417s] DEBUG:colcon.colcon_core.package_identification:Package 'src/rte/msg/ad_msgs' with type 'ros.ament_cmake' and name 'ad_msgs'
[0.417s] Level 1:colcon.colcon_core.package_discovery:discover_packages(recursive) using defaults
[0.417s] Level 1:colcon.colcon_core.package_discovery:discover_packages(ignore) discover
[0.417s] Level 1:colcon.colcon_core.package_discovery:discover_packages(ignore) using defaults
[0.417s] Level 1:colcon.colcon_core.package_discovery:discover_packages(path) discover
[0.417s] Level 1:colcon.colcon_core.package_discovery:discover_packages(path) using defaults
[0.452s] Level 1:colcon.colcon_core.package_discovery:discover_packages(prefix_path) check parameters
[0.453s] Level 1:colcon.colcon_core.package_discovery:discover_packages(prefix_path) discover
[0.456s] DEBUG:colcon.colcon_installed_package_information.package_discovery:Found 5 installed packages in /home/jeongwoo/Automotive_software_final/install
[0.459s] DEBUG:colcon.colcon_installed_package_information.package_discovery:Found 272 installed packages in /opt/ros/humble
[0.463s] Level 1:colcon.colcon_core.package_discovery:discover_packages(prefix_path) using defaults
[0.554s] Level 5:colcon.colcon_core.verb:set package 'ad_msgs' build argument 'cmake_args' from command line to 'None'
[0.554s] Level 5:colcon.colcon_core.verb:set package 'ad_msgs' build argument 'cmake_target' from command line to 'None'
[0.554s] Level 5:colcon.colcon_core.verb:set package 'ad_msgs' build argument 'cmake_target_skip_unavailable' from command line to 'False'
[0.554s] Level 5:colcon.colcon_core.verb:set package 'ad_msgs' build argument 'cmake_clean_cache' from command line to 'False'
[0.554s] Level 5:colcon.colcon_core.verb:set package 'ad_msgs' build argument 'cmake_clean_first' from command line to 'False'
[0.554s] Level 5:colcon.colcon_core.verb:set package 'ad_msgs' build argument 'cmake_force_configure' from command line to 'False'
[0.554s] Level 5:colcon.colcon_core.verb:set package 'ad_msgs' build argument 'ament_cmake_args' from command line to 'None'
[0.554s] Level 5:colcon.colcon_core.verb:set package 'ad_msgs' build argument 'catkin_cmake_args' from command line to 'None'
[0.555s] Level 5:colcon.colcon_core.verb:set package 'ad_msgs' build argument 'catkin_skip_building_tests' from command line to 'False'
[0.555s] DEBUG:colcon.colcon_core.verb:Building package 'ad_msgs' with the following arguments: {'ament_cmake_args': None, 'build_base': '/home/jeongwoo/Automotive_software_final/build/ad_msgs', 'catkin_cmake_args': None, 'catkin_skip_building_tests': False, 'cmake_args': None, 'cmake_clean_cache': False, 'cmake_clean_first': False, 'cmake_force_configure': False, 'cmake_target': None, 'cmake_target_skip_unavailable': False, 'install_base': '/home/jeongwoo/Automotive_software_final/install/ad_msgs', 'merge_install': False, 'path': '/home/jeongwoo/Automotive_software_final/src/rte/msg/ad_msgs', 'symlink_install': False, 'test_result_base': None}
[0.555s] Level 5:colcon.colcon_core.verb:set package 'autonomous_driving' build argument 'cmake_args' from command line to 'None'
[0.555s] Level 5:colcon.colcon_core.verb:set package 'autonomous_driving' build argument 'cmake_target' from command line to 'None'
[0.555s] Level 5:colcon.colcon_core.verb:set package 'autonomous_driving' build argument 'cmake_target_skip_unavailable' from command line to 'False'
[0.556s] Level 5:colcon.colcon_core.verb:set package 'autonomous_driving' build argument 'cmake_clean_cache' from command line to 'False'
[0.556s] Level 5:colcon.colcon_core.verb:set package 'autonomous_driving' build argument 'cmake_clean_first' from command line to 'False'
[0.556s] Level 5:colcon.colcon_core.verb:set package 'autonomous_driving' build argument 'cmake_force_configure' from command line to 'False'
[0.556s] Level 5:colcon.colcon_core.verb:set package 'autonomous_driving' build argument 'ament_cmake_args' from command line to 'None'
[0.556s] Level 5:colcon.colcon_core.verb:set package 'autonomous_driving' build argument 'catkin_cmake_args' from command line to 'None'
[0.556s] Level 5:colcon.colcon_core.verb:set package 'autonomous_driving' build argument 'catkin_skip_building_tests' from command line to 'False'
[0.556s] DEBUG:colcon.colcon_core.verb:Building package 'autonomous_driving' with the following arguments: {'ament_cmake_args': None, 'build_base': '/home/jeongwoo/Automotive_software_final/build/autonomous_driving', 'catkin_cmake_args': None, 'catkin_skip_building_tests': False, 'cmake_args': None, 'cmake_clean_cache': False, 'cmake_clean_first': False, 'cmake_force_configure': False, 'cmake_target': None, 'cmake_target_skip_unavailable': False, 'install_base': '/home/jeongwoo/Automotive_software_final/install/autonomous_driving', 'merge_install': False, 'path': '/home/jeongwoo/Automotive_software_final/src/app/autonomous_driving', 'symlink_install': False, 'test_result_base': None}
[0.556s] Level 5:colcon.colcon_core.verb:set package 'evaluation' build argument 'cmake_args' from command line to 'None'
[0.557s] Level 5:colcon.colcon_core.verb:set package 'evaluation' build argument 'cmake_target' from command line to 'None'
[0.557s] Level 5:colcon.colcon_core.verb:set package 'evaluation' build argument 'cmake_target_skip_unavailable' from command line to 'False'
[0.557s] Level 5:colcon.colcon_core.verb:set package 'evaluation' build argument 'cmake_clean_cache' from command line to 'False'
[0.557s] Level 5:colcon.colcon_core.verb:set package 'evaluation' build argument 'cmake_clean_first' from command line to 'False'
[0.557s] Level 5:colcon.colcon_core.verb:set package 'evaluation' build argument 'cmake_force_configure' from command line to 'False'
[0.557s] Level 5:colcon.colcon_core.verb:set package 'evaluation' build argument 'ament_cmake_args' from command line to 'None'
[0.557s] Level 5:colcon.colcon_core.verb:set package 'evaluation' build argument 'catkin_cmake_args' from command line to 'None'
[0.557s] Level 5:colcon.colcon_core.verb:set package 'evaluation' build argument 'catkin_skip_building_tests' from command line to 'False'
[0.557s] DEBUG:colcon.colcon_core.verb:Building package 'evaluation' with the following arguments: {'ament_cmake_args': None, 'build_base': '/home/jeongwoo/Automotive_software_final/build/evaluation', 'catkin_cmake_args': None, 'catkin_skip_building_tests': False, 'cmake_args': None, 'cmake_clean_cache': False, 'cmake_clean_first': False, 'cmake_force_configure': False, 'cmake_target': None, 'cmake_target_skip_unavailable': False, 'install_base': '/home/jeongwoo/Automotive_software_final/install/evaluation', 'merge_install': False, 'path': '/home/jeongwoo/Automotive_software_final/src/app/evaluation', 'symlink_install': False, 'test_result_base': None}
[0.558s] Level 5:colcon.colcon_core.verb:set package 'mission_manager' build argument 'cmake_args' from command line to 'None'
[0.558s] Level 5:colcon.colcon_core.verb:set package 'mission_manager' build argument 'cmake_target' from command line to 'None'
[0.558s] Level 5:colcon.colcon_core.verb:set package 'mission_manager' build argument 'cmake_target_skip_unavailable' from command line to 'False'
[0.558s] Level 5:colcon.colcon_core.verb:set package 'mission_manager' build argument 'cmake_clean_cache' from command line to 'False'
[0.558s] Level 5:colcon.colcon_core.verb:set package 'mission_manager' build argument 'cmake_clean_first' from command line to 'False'
[0.558s] Level 5:colcon.colcon_core.verb:set package 'mission_manager' build argument 'cmake_force_configure' from command line to 'False'
[0.558s] Level 5:colcon.colcon_core.verb:set package 'mission_manager' build argument 'ament_cmake_args' from command line to 'None'
[0.558s] Level 5:colcon.colcon_core.verb:set package 'mission_manager' build argument 'catkin_cmake_args' from command line to 'None'
[0.558s] Level 5:colcon.colcon_core.verb:set package 'mission_manager' build argument 'catkin_skip_building_tests' from command line to 'False'
[0.558s] DEBUG:colcon.colcon_core.verb:Building package 'mission_manager' with the following arguments: {'ament_cmake_args': None, 'build_base': '/home/jeongwoo/Automotive_software_final/build/mission_manager', 'catkin_cmake_args': None, 'catkin_skip_building_tests': False, 'cmake_args': None, 'cmake_clean_cache': False, 'cmake_clean_first': False, 'cmake_force_configure': False, 'cmake_target': None, 'cmake_target_skip_unavailable': False, 'install_base': '/home/jeongwoo/Automotive_software_final/install/mission_manager', 'merge_install': False, 'path': '/home/jeongwoo/Automotive_software_final/src/app/mission_manager', 'symlink_install': False, 'test_result_base': None}
[0.559s] Level 5:colcon.colcon_core.verb:set package 'simulator' build argument 'cmake_args' from command line to 'None'
[0.559s] Level 5:colcon.colcon_core.verb:set package 'simulator' build argument 'cmake_target' from command line to 'None'
[0.559s] Level 5:colcon.colcon_core.verb:set package 'simulator' build argument 'cmake_target_skip_unavailable' from command line to 'False'
[0.559s] Level 5:colcon.colcon_core.verb:set package 'simulator' build argument 'cmake_clean_cache' from command line to 'False'
[0.559s] Level 5:colcon.colcon_core.verb:set package 'simulator' build argument 'cmake_clean_first' from command line to 'False'
[0.559s] Level 5:colcon.colcon_core.verb:set package 'simulator' build argument 'cmake_force_configure' from command line to 'False'
[0.559s] Level 5:colcon.colcon_core.verb:set package 'simulator' build argument 'ament_cmake_args' from command line to 'None'
[0.559s] Level 5:colcon.colcon_core.verb:set package 'simulator' build argument 'catkin_cmake_args' from command line to 'None'
[0.559s] Level 5:colcon.colcon_core.verb:set package 'simulator' build argument 'catkin_skip_building_tests' from command line to 'False'
[0.559s] DEBUG:colcon.colcon_core.verb:Building package 'simulator' with the following arguments: {'ament_cmake_args': None, 'build_base': '/home/jeongwoo/Automotive_software_final/build/simulator', 'catkin_cmake_args': None, 'catkin_skip_building_tests': False, 'cmake_args': None, 'cmake_clean_cache': False, 'cmake_clean_first': False, 'cmake_force_configure': False, 'cmake_target': None, 'cmake_target_skip_unavailable': False, 'install_base': '/home/jeongwoo/Automotive_software_final/install/simulator', 'merge_install': False, 'path': '/home/jeongwoo/Automotive_software_final/src/app/simulator', 'symlink_install': False, 'test_result_base': None}
[0.560s] INFO:colcon.colcon_core.executor:Executing jobs using 'parallel' executor
[0.562s] DEBUG:colcon.colcon_parallel_executor.executor.parallel:run_until_complete
[0.563s] INFO:colcon.colcon_ros.task.ament_cmake.build:Building ROS package in '/home/jeongwoo/Automotive_software_final/src/rte/msg/ad_msgs' with build type 'ament_cmake'
[0.564s] INFO:colcon.colcon_cmake.task.cmake.build:Building CMake package in '/home/jeongwoo/Automotive_software_final/src/rte/msg/ad_msgs'
[0.570s] INFO:colcon.colcon_core.plugin_system:Skipping extension 'colcon_core.shell.bat': Not used on non-Windows systems
[0.570s] INFO:colcon.colcon_core.shell:Skip shell extension 'powershell' for command environment: Not usable outside of PowerShell
[0.570s] DEBUG:colcon.colcon_core.shell:Skip shell extension 'dsv' for command environment
[0.593s] DEBUG:colcon.colcon_core.event_handler.log_command:Invoking command in '/home/jeongwoo/Automotive_software_final/build/ad_msgs': CMAKE_PREFIX_PATH=${CMAKE_PREFIX_PATH}:/opt/ros/humble /usr/bin/cmake --build /home/jeongwoo/Automotive_software_final/build/ad_msgs -- -j8 -l8
[1.280s] DEBUG:colcon.colcon_core.event_handler.log_command:Invoked command in '/home/jeongwoo/Automotive_software_final/build/ad_msgs' returned '0': CMAKE_PREFIX_PATH=${CMAKE_PREFIX_PATH}:/opt/ros/humble /usr/bin/cmake --build /home/jeongwoo/Automotive_software_final/build/ad_msgs -- -j8 -l8
[1.676s] DEBUG:colcon.colcon_core.event_handler.log_command:Invoking command in '/home/jeongwoo/Automotive_software_final/build/ad_msgs': CMAKE_PREFIX_PATH=${CMAKE_PREFIX_PATH}:/opt/ros/humble /usr/bin/cmake --install /home/jeongwoo/Automotive_software_final/build/ad_msgs
[1.788s] Level 1:colcon.colcon_core.environment:create_environment_scripts_only(ad_msgs)
[1.793s] DEBUG:colcon.colcon_core.event_handler.log_command:Invoked command in '/home/jeongwoo/Automotive_software_final/build/ad_msgs' returned '0': CMAKE_PREFIX_PATH=${CMAKE_PREFIX_PATH}:/opt/ros/humble /usr/bin/cmake --install /home/jeongwoo/Automotive_software_final/build/ad_msgs
[1.798s] Level 1:colcon.colcon_core.environment:checking '/home/jeongwoo/Automotive_software_final/install/ad_msgs' for CMake module files
[1.799s] Level 1:colcon.colcon_core.environment:checking '/home/jeongwoo/Automotive_software_final/install/ad_msgs' for CMake config files
[1.801s] Level 1:colcon.colcon_core.shell:create_environment_hook('ad_msgs', 'cmake_prefix_path')
[1.802s] INFO:colcon.colcon_core.shell:Creating environment hook '/home/jeongwoo/Automotive_software_final/install/ad_msgs/share/ad_msgs/hook/cmake_prefix_path.ps1'
[1.804s] INFO:colcon.colcon_core.shell:Creating environment descriptor '/home/jeongwoo/Automotive_software_final/install/ad_msgs/share/ad_msgs/hook/cmake_prefix_path.dsv'
[1.805s] INFO:colcon.colcon_core.shell:Creating environment hook '/home/jeongwoo/Automotive_software_final/install/ad_msgs/share/ad_msgs/hook/cmake_prefix_path.sh'
[1.807s] Level 1:colcon.colcon_core.environment:checking '/home/jeongwoo/Automotive_software_final/install/ad_msgs/lib'
[1.807s] Level 1:colcon.colcon_core.shell:create_environment_hook('ad_msgs', 'ld_library_path_lib')
[1.807s] INFO:colcon.colcon_core.shell:Creating environment hook '/home/jeongwoo/Automotive_software_final/install/ad_msgs/share/ad_msgs/hook/ld_library_path_lib.ps1'
[1.808s] INFO:colcon.colcon_core.shell:Creating environment descriptor '/home/jeongwoo/Automotive_software_final/install/ad_msgs/share/ad_msgs/hook/ld_library_path_lib.dsv'
[1.809s] INFO:colcon.colcon_core.shell:Creating environment hook '/home/jeongwoo/Automotive_software_final/install/ad_msgs/share/ad_msgs/hook/ld_library_path_lib.sh'
[1.810s] Level 1:colcon.colcon_core.environment:checking '/home/jeongwoo/Automotive_software_final/install/ad_msgs/bin'
[1.810s] Level 1:colcon.colcon_core.environment:checking '/home/jeongwoo/Automotive_software_final/install/ad_msgs/lib/pkgconfig/ad_msgs.pc'
[1.811s] Level 1:colcon.colcon_core.environment:checking '/home/jeongwoo/Automotive_software_final/install/ad_msgs/lib/python3.10/site-packages'
[1.812s] Level 1:colcon.colcon_core.environment:checking '/home/jeongwoo/Automotive_software_final/install/ad_msgs/bin'
[1.813s] INFO:colcon.colcon_core.shell:Creating package script '/home/jeongwoo/Automotive_software_final/install/ad_msgs/share/ad_msgs/package.ps1'
[1.816s] INFO:colcon.colcon_core.shell:Creating package descriptor '/home/jeongwoo/Automotive_software_final/install/ad_msgs/share/ad_msgs/package.dsv'
[1.818s] INFO:colcon.colcon_core.shell:Creating package script '/home/jeongwoo/Automotive_software_final/install/ad_msgs/share/ad_msgs/package.sh'
[1.819s] INFO:colcon.colcon_core.shell:Creating package script '/home/jeongwoo/Automotive_software_final/install/ad_msgs/share/ad_msgs/package.bash'
[1.820s] INFO:colcon.colcon_core.shell:Creating package script '/home/jeongwoo/Automotive_software_final/install/ad_msgs/share/ad_msgs/package.zsh'
[1.822s] Level 1:colcon.colcon_core.environment:create_file_with_runtime_dependencies(/home/jeongwoo/Automotive_software_final/install/ad_msgs/share/colcon-core/packages/ad_msgs)
[2.193s] Level 1:colcon.colcon_core.environment:create_environment_scripts_only(ad_msgs)
[2.193s] Level 1:colcon.colcon_core.environment:checking '/home/jeongwoo/Automotive_software_final/install/ad_msgs' for CMake module files
[2.195s] Level 1:colcon.colcon_core.environment:checking '/home/jeongwoo/Automotive_software_final/install/ad_msgs' for CMake config files
[2.196s] Level 1:colcon.colcon_core.shell:create_environment_hook('ad_msgs', 'cmake_prefix_path')
[2.197s] INFO:colcon.colcon_core.shell:Creating environment hook '/home/jeongwoo/Automotive_software_final/install/ad_msgs/share/ad_msgs/hook/cmake_prefix_path.ps1'
[2.198s] INFO:colcon.colcon_core.shell:Creating environment descriptor '/home/jeongwoo/Automotive_software_final/install/ad_msgs/share/ad_msgs/hook/cmake_prefix_path.dsv'
[2.199s] INFO:colcon.colcon_core.shell:Creating environment hook '/home/jeongwoo/Automotive_software_final/install/ad_msgs/share/ad_msgs/hook/cmake_prefix_path.sh'
[2.200s] Level 1:colcon.colcon_core.environment:checking '/home/jeongwoo/Automotive_software_final/install/ad_msgs/lib'
[2.201s] Level 1:colcon.colcon_core.shell:create_environment_hook('ad_msgs', 'ld_library_path_lib')
[2.201s] INFO:colcon.colcon_core.shell:Creating environment hook '/home/jeongwoo/Automotive_software_final/install/ad_msgs/share/ad_msgs/hook/ld_library_path_lib.ps1'
[2.202s] INFO:colcon.colcon_core.shell:Creating environment descriptor '/home/jeongwoo/Automotive_software_final/install/ad_msgs/share/ad_msgs/hook/ld_library_path_lib.dsv'
[2.203s] INFO:colcon.colcon_core.shell:Creating environment hook '/home/jeongwoo/Automotive_software_final/install/ad_msgs/share/ad_msgs/hook/ld_library_path_lib.sh'
[2.204s] Level 1:colcon.colcon_core.environment:checking '/home/jeongwoo/Automotive_software_final/install/ad_msgs/bin'
[2.204s] Level 1:colcon.colcon_core.environment:checking '/home/jeongwoo/Automotive_software_final/install/ad_msgs/lib/pkgconfig/ad_msgs.pc'
[2.204s] Level 1:colcon.colcon_core.environment:checking '/home/jeongwoo/Automotive_software_final/install/ad_msgs/lib/python3.10/site-packages'
[2.204s] Level 1:colcon.colcon_core.environment:checking '/home/jeongwoo/Automotive_software_final/install/ad_msgs/bin'
[2.205s] INFO:colcon.colcon_core.shell:Creating package script '/home/jeongwoo/Automotive_software_final/install/ad_msgs/share/ad_msgs/package.ps1'
[2.206s] INFO:colcon.colcon_core.shell:Creating package descriptor '/home/jeongwoo/Automotive_software_final/install/ad_msgs/share/ad_msgs/package.dsv'
[2.207s] INFO:colcon.colcon_core.shell:Creating package script '/home/jeongwoo/Automotive_software_final/install/ad_msgs/share/ad_msgs/package.sh'
[2.208s] INFO:colcon.colcon_core.shell:Creating package script '/home/jeongwoo/Automotive_software_final/install/ad_msgs/share/ad_msgs/package.bash'
[2.210s] INFO:colcon.colcon_core.shell:Creating package script '/home/jeongwoo/Automotive_software_final/install/ad_msgs/share/ad_msgs/package.zsh'
[2.211s] Level 1:colcon.colcon_core.environment:create_file_with_runtime_dependencies(/home/jeongwoo/Automotive_software_final/install/ad_msgs/share/colcon-core/packages/ad_msgs)
[2.212s] INFO:colcon.colcon_ros.task.ament_cmake.build:Building ROS package in '/home/jeongwoo/Automotive_software_final/src/app/autonomous_driving' with build type 'ament_cmake'
[2.213s] INFO:colcon.colcon_cmake.task.cmake.build:Building CMake package in '/home/jeongwoo/Automotive_software_final/src/app/autonomous_driving'
[2.214s] INFO:colcon.colcon_core.shell:Skip shell extension 'powershell' for command environment: Not usable outside of PowerShell
[2.214s] DEBUG:colcon.colcon_core.shell:Skip shell extension 'dsv' for command environment
[2.222s] INFO:colcon.colcon_ros.task.ament_cmake.build:Building ROS package in '/home/jeongwoo/Automotive_software_final/src/app/evaluation' with build type 'ament_cmake'
[2.222s] INFO:colcon.colcon_cmake.task.cmake.build:Building CMake package in '/home/jeongwoo/Automotive_software_final/src/app/evaluation'
[2.222s] INFO:colcon.colcon_core.shell:Skip shell extension 'powershell' for command environment: Not usable outside of PowerShell
[2.223s] DEBUG:colcon.colcon_core.shell:Skip shell extension 'dsv' for command environment
[2.228s] INFO:colcon.colcon_ros.task.ament_cmake.build:Building ROS package in '/home/jeongwoo/Automotive_software_final/src/app/mission_manager' with build type 'ament_cmake'
[2.228s] INFO:colcon.colcon_cmake.task.cmake.build:Building CMake package in '/home/jeongwoo/Automotive_software_final/src/app/mission_manager'
[2.229s] INFO:colcon.colcon_core.shell:Skip shell extension 'powershell' for command environment: Not usable outside of PowerShell
[2.229s] DEBUG:colcon.colcon_core.shell:Skip shell extension 'dsv' for command environment
[2.239s] INFO:colcon.colcon_ros.task.ament_cmake.build:Building ROS package in '/home/jeongwoo/Automotive_software_final/src/app/simulator' with build type 'ament_cmake'
[2.240s] INFO:colcon.colcon_cmake.task.cmake.build:Building CMake package in '/home/jeongwoo/Automotive_software_final/src/app/simulator'
[2.240s] INFO:colcon.colcon_core.shell:Skip shell extension 'powershell' for command environment: Not usable outside of PowerShell
[2.241s] DEBUG:colcon.colcon_core.shell:Skip shell extension 'dsv' for command environment
[2.339s] DEBUG:colcon.colcon_core.event_handler.log_command:Invoking command in '/home/jeongwoo/Automotive_software_final/build/autonomous_driving': CMAKE_PREFIX_PATH=/home/jeongwoo/Automotive_software_final/install/ad_msgs:/home/jeongwoo/Automotive_software_final/install/simulator:/home/jeongwoo/Automotive_software_final/install/mission_manager:/home/jeongwoo/Automotive_software_final/install/evaluation:/home/jeongwoo/Automotive_software_final/install/autonomous_driving:/opt/ros/humble /usr/bin/cmake --build /home/jeongwoo/Automotive_software_final/build/autonomous_driving -- -j8 -l8
[2.348s] DEBUG:colcon.colcon_core.event_handler.log_command:Invoking command in '/home/jeongwoo/Automotive_software_final/build/evaluation': CMAKE_PREFIX_PATH=/home/jeongwoo/Automotive_software_final/install/ad_msgs:/home/jeongwoo/Automotive_software_final/install/simulator:/home/jeongwoo/Automotive_software_final/install/mission_manager:/home/jeongwoo/Automotive_software_final/install/evaluation:/home/jeongwoo/Automotive_software_final/install/autonomous_driving:/opt/ros/humble /usr/bin/cmake --build /home/jeongwoo/Automotive_software_final/build/evaluation -- -j8 -l8
[2.386s] DEBUG:colcon.colcon_core.event_handler.log_command:Invoking command in '/home/jeongwoo/Automotive_software_final/build/mission_manager': CMAKE_PREFIX_PATH=/home/jeongwoo/Automotive_software_final/install/ad_msgs:/home/jeongwoo/Automotive_software_final/install/simulator:/home/jeongwoo/Automotive_software_final/install/mission_manager:/home/jeongwoo/Automotive_software_final/install/evaluation:/home/jeongwoo/Automotive_software_final/install/autonomous_driving:/opt/ros/humble /usr/bin/cmake --build /home/jeongwoo/Automotive_software_final/build/mission_manager -- -j8 -l8
[2.395s] DEBUG:colcon.colcon_core.event_handler.log_command:Invoking command in '/home/jeongwoo/Automotive_software_final/build/simulator': CMAKE_PREFIX_PATH=/home/jeongwoo/Automotive_software_final/install/ad_msgs:/home/jeongwoo/Automotive_software_final/install/simulator:/home/jeongwoo/Automotive_software_final/install/mission_manager:/home/jeongwoo/Automotive_software_final/install/evaluation:/home/jeongwoo/Automotive_software_final/install/autonomous_driving:/opt/ros/humble /usr/bin/cmake --build /home/jeongwoo/Automotive_software_final/build/simulator -- -j8 -l8
[2.514s] DEBUG:colcon.colcon_core.event_handler.log_command:Invoked command in '/home/jeongwoo/Automotive_software_final/build/evaluation' returned '0': CMAKE_PREFIX_PATH=/home/jeongwoo/Automotive_software_final/install/ad_msgs:/home/jeongwoo/Automotive_software_final/install/simulator:/home/jeongwoo/Automotive_software_final/install/mission_manager:/home/jeongwoo/Automotive_software_final/install/evaluation:/home/jeongwoo/Automotive_software_final/install/autonomous_driving:/opt/ros/humble /usr/bin/cmake --build /home/jeongwoo/Automotive_software_final/build/evaluation -- -j8 -l8
[2.556s] DEBUG:colcon.colcon_core.event_handler.log_command:Invoked command in '/home/jeongwoo/Automotive_software_final/build/mission_manager' returned '0': CMAKE_PREFIX_PATH=/home/jeongwoo/Automotive_software_final/install/ad_msgs:/home/jeongwoo/Automotive_software_final/install/simulator:/home/jeongwoo/Automotive_software_final/install/mission_manager:/home/jeongwoo/Automotive_software_final/install/evaluation:/home/jeongwoo/Automotive_software_final/install/autonomous_driving:/opt/ros/humble /usr/bin/cmake --build /home/jeongwoo/Automotive_software_final/build/mission_manager -- -j8 -l8
[2.578s] DEBUG:colcon.colcon_core.event_handler.log_command:Invoking command in '/home/jeongwoo/Automotive_software_final/build/evaluation': CMAKE_PREFIX_PATH=/home/jeongwoo/Automotive_software_final/install/ad_msgs:/home/jeongwoo/Automotive_software_final/install/simulator:/home/jeongwoo/Automotive_software_final/install/mission_manager:/home/jeongwoo/Automotive_software_final/install/evaluation:/home/jeongwoo/Automotive_software_final/install/autonomous_driving:/opt/ros/humble /usr/bin/cmake --install /home/jeongwoo/Automotive_software_final/build/evaluation
[2.583s] DEBUG:colcon.colcon_core.event_handler.log_command:Invoked command in '/home/jeongwoo/Automotive_software_final/build/simulator' returned '0': CMAKE_PREFIX_PATH=/home/jeongwoo/Automotive_software_final/install/ad_msgs:/home/jeongwoo/Automotive_software_final/install/simulator:/home/jeongwoo/Automotive_software_final/install/mission_manager:/home/jeongwoo/Automotive_software_final/install/evaluation:/home/jeongwoo/Automotive_software_final/install/autonomous_driving:/opt/ros/humble /usr/bin/cmake --build /home/jeongwoo/Automotive_software_final/build/simulator -- -j8 -l8
[2.598s] Level 1:colcon.colcon_core.environment:create_environment_scripts_only(evaluation)
[2.599s] Level 1:colcon.colcon_core.environment:checking '/home/jeongwoo/Automotive_software_final/install/evaluation' for CMake module files
[2.601s] DEBUG:colcon.colcon_core.event_handler.log_command:Invoked command in '/home/jeongwoo/Automotive_software_final/build/evaluation' returned '0': CMAKE_PREFIX_PATH=/home/jeongwoo/Automotive_software_final/install/ad_msgs:/home/jeongwoo/Automotive_software_final/install/simulator:/home/jeongwoo/Automotive_software_final/install/mission_manager:/home/jeongwoo/Automotive_software_final/install/evaluation:/home/jeongwoo/Automotive_software_final/install/autonomous_driving:/opt/ros/humble /usr/bin/cmake --install /home/jeongwoo/Automotive_software_final/build/evaluation
[2.602s] Level 1:colcon.colcon_core.environment:checking '/home/jeongwoo/Automotive_software_final/install/evaluation' for CMake config files
[2.602s] Level 1:colcon.colcon_core.shell:create_environment_hook('evaluation', 'cmake_prefix_path')
[2.603s] INFO:colcon.colcon_core.shell:Creating environment hook '/home/jeongwoo/Automotive_software_final/install/evaluation/share/evaluation/hook/cmake_prefix_path.ps1'
[2.604s] INFO:colcon.colcon_core.shell:Creating environment descriptor '/home/jeongwoo/Automotive_software_final/install/evaluation/share/evaluation/hook/cmake_prefix_path.dsv'
[2.605s] INFO:colcon.colcon_core.shell:Creating environment hook '/home/jeongwoo/Automotive_software_final/install/evaluation/share/evaluation/hook/cmake_prefix_path.sh'
[2.606s] Level 1:colcon.colcon_core.environment:checking '/home/jeongwoo/Automotive_software_final/install/evaluation/lib'
[2.607s] Level 1:colcon.colcon_core.environment:checking '/home/jeongwoo/Automotive_software_final/install/evaluation/bin'
[2.607s] Level 1:colcon.colcon_core.environment:checking '/home/jeongwoo/Automotive_software_final/install/evaluation/lib/pkgconfig/evaluation.pc'
[2.609s] Level 1:colcon.colcon_core.environment:checking '/home/jeongwoo/Automotive_software_final/install/evaluation/lib/python3.10/site-packages'
[2.610s] Level 1:colcon.colcon_core.environment:checking '/home/jeongwoo/Automotive_software_final/install/evaluation/bin'
[2.611s] INFO:colcon.colcon_core.shell:Creating package script '/home/jeongwoo/Automotive_software_final/install/evaluation/share/evaluation/package.ps1'
[2.616s] INFO:colcon.colcon_core.shell:Creating package descriptor '/home/jeongwoo/Automotive_software_final/install/evaluation/share/evaluation/package.dsv'
[2.617s] INFO:colcon.colcon_core.shell:Creating package script '/home/jeongwoo/Automotive_software_final/install/evaluation/share/evaluation/package.sh'
[2.618s] INFO:colcon.colcon_core.shell:Creating package script '/home/jeongwoo/Automotive_software_final/install/evaluation/share/evaluation/package.bash'
[2.619s] INFO:colcon.colcon_core.shell:Creating package script '/home/jeongwoo/Automotive_software_final/install/evaluation/share/evaluation/package.zsh'
[2.620s] Level 1:colcon.colcon_core.environment:create_file_with_runtime_dependencies(/home/jeongwoo/Automotive_software_final/install/evaluation/share/colcon-core/packages/evaluation)
[2.629s] DEBUG:colcon.colcon_core.event_handler.log_command:Invoking command in '/home/jeongwoo/Automotive_software_final/build/mission_manager': CMAKE_PREFIX_PATH=/home/jeongwoo/Automotive_software_final/install/ad_msgs:/home/jeongwoo/Automotive_software_final/install/simulator:/home/jeongwoo/Automotive_software_final/install/mission_manager:/home/jeongwoo/Automotive_software_final/install/evaluation:/home/jeongwoo/Automotive_software_final/install/autonomous_driving:/opt/ros/humble /usr/bin/cmake --install /home/jeongwoo/Automotive_software_final/build/mission_manager
[2.654s] Level 1:colcon.colcon_core.environment:create_environment_scripts_only(mission_manager)
[2.655s] Level 1:colcon.colcon_core.environment:checking '/home/jeongwoo/Automotive_software_final/install/mission_manager' for CMake module files
[2.660s] Level 1:colcon.colcon_core.environment:checking '/home/jeongwoo/Automotive_software_final/install/mission_manager' for CMake config files
[2.661s] DEBUG:colcon.colcon_core.event_handler.log_command:Invoked command in '/home/jeongwoo/Automotive_software_final/build/mission_manager' returned '0': CMAKE_PREFIX_PATH=/home/jeongwoo/Automotive_software_final/install/ad_msgs:/home/jeongwoo/Automotive_software_final/install/simulator:/home/jeongwoo/Automotive_software_final/install/mission_manager:/home/jeongwoo/Automotive_software_final/install/evaluation:/home/jeongwoo/Automotive_software_final/install/autonomous_driving:/opt/ros/humble /usr/bin/cmake --install /home/jeongwoo/Automotive_software_final/build/mission_manager
[2.662s] Level 1:colcon.colcon_core.shell:create_environment_hook('mission_manager', 'cmake_prefix_path')
[2.662s] INFO:colcon.colcon_core.shell:Creating environment hook '/home/jeongwoo/Automotive_software_final/install/mission_manager/share/mission_manager/hook/cmake_prefix_path.ps1'
[2.664s] INFO:colcon.colcon_core.shell:Creating environment descriptor '/home/jeongwoo/Automotive_software_final/install/mission_manager/share/mission_manager/hook/cmake_prefix_path.dsv'
[2.666s] INFO:colcon.colcon_core.shell:Creating environment hook '/home/jeongwoo/Automotive_software_final/install/mission_manager/share/mission_manager/hook/cmake_prefix_path.sh'
[2.667s] Level 1:colcon.colcon_core.environment:checking '/home/jeongwoo/Automotive_software_final/install/mission_manager/lib'
[2.668s] Level 1:colcon.colcon_core.environment:checking '/home/jeongwoo/Automotive_software_final/install/mission_manager/bin'
[2.668s] Level 1:colcon.colcon_core.environment:checking '/home/jeongwoo/Automotive_software_final/install/mission_manager/lib/pkgconfig/mission_manager.pc'
[2.669s] Level 1:colcon.colcon_core.environment:checking '/home/jeongwoo/Automotive_software_final/install/mission_manager/lib/python3.10/site-packages'
[2.669s] Level 1:colcon.colcon_core.environment:checking '/home/jeongwoo/Automotive_software_final/install/mission_manager/bin'
[2.670s] INFO:colcon.colcon_core.shell:Creating package script '/home/jeongwoo/Automotive_software_final/install/mission_manager/share/mission_manager/package.ps1'
[2.671s] INFO:colcon.colcon_core.shell:Creating package descriptor '/home/jeongwoo/Automotive_software_final/install/mission_manager/share/mission_manager/package.dsv'
[2.672s] INFO:colcon.colcon_core.shell:Creating package script '/home/jeongwoo/Automotive_software_final/install/mission_manager/share/mission_manager/package.sh'
[2.673s] INFO:colcon.colcon_core.shell:Creating package script '/home/jeongwoo/Automotive_software_final/install/mission_manager/share/mission_manager/package.bash'
[2.674s] INFO:colcon.colcon_core.shell:Creating package script '/home/jeongwoo/Automotive_software_final/install/mission_manager/share/mission_manager/package.zsh'
[2.675s] Level 1:colcon.colcon_core.environment:create_file_with_runtime_dependencies(/home/jeongwoo/Automotive_software_final/install/mission_manager/share/colcon-core/packages/mission_manager)
[2.686s] Level 1:colcon.colcon_core.environment:create_environment_scripts_only(evaluation)
[2.687s] Level 1:colcon.colcon_core.environment:checking '/home/jeongwoo/Automotive_software_final/install/evaluation' for CMake module files
[2.689s] DEBUG:colcon.colcon_core.event_handler.log_command:Invoking command in '/home/jeongwoo/Automotive_software_final/build/simulator': CMAKE_PREFIX_PATH=/home/jeongwoo/Automotive_software_final/install/ad_msgs:/home/jeongwoo/Automotive_software_final/install/simulator:/home/jeongwoo/Automotive_software_final/install/mission_manager:/home/jeongwoo/Automotive_software_final/install/evaluation:/home/jeongwoo/Automotive_software_final/install/autonomous_driving:/opt/ros/humble /usr/bin/cmake --install /home/jeongwoo/Automotive_software_final/build/simulator
[2.690s] Level 1:colcon.colcon_core.environment:checking '/home/jeongwoo/Automotive_software_final/install/evaluation' for CMake config files
[2.691s] Level 1:colcon.colcon_core.shell:create_environment_hook('evaluation', 'cmake_prefix_path')
[2.692s] INFO:colcon.colcon_core.shell:Creating environment hook '/home/jeongwoo/Automotive_software_final/install/evaluation/share/evaluation/hook/cmake_prefix_path.ps1'
[2.693s] INFO:colcon.colcon_core.shell:Creating environment descriptor '/home/jeongwoo/Automotive_software_final/install/evaluation/share/evaluation/hook/cmake_prefix_path.dsv'
[2.696s] INFO:colcon.colcon_core.shell:Creating environment hook '/home/jeongwoo/Automotive_software_final/install/evaluation/share/evaluation/hook/cmake_prefix_path.sh'
[2.701s] Level 1:colcon.colcon_core.environment:checking '/home/jeongwoo/Automotive_software_final/install/evaluation/lib'
[2.705s] Level 1:colcon.colcon_core.environment:checking '/home/jeongwoo/Automotive_software_final/install/evaluation/bin'
[2.705s] Level 1:colcon.colcon_core.environment:checking '/home/jeongwoo/Automotive_software_final/install/evaluation/lib/pkgconfig/evaluation.pc'
[2.705s] Level 1:colcon.colcon_core.environment:checking '/home/jeongwoo/Automotive_software_final/install/evaluation/lib/python3.10/site-packages'
[2.707s] Level 1:colcon.colcon_core.environment:checking '/home/jeongwoo/Automotive_software_final/install/evaluation/bin'
[2.714s] INFO:colcon.colcon_core.shell:Creating package script '/home/jeongwoo/Automotive_software_final/install/evaluation/share/evaluation/package.ps1'
[2.717s] INFO:colcon.colcon_core.shell:Creating package descriptor '/home/jeongwoo/Automotive_software_final/install/evaluation/share/evaluation/package.dsv'
[2.718s] INFO:colcon.colcon_core.shell:Creating package script '/home/jeongwoo/Automotive_software_final/install/evaluation/share/evaluation/package.sh'
[2.720s] INFO:colcon.colcon_core.shell:Creating package script '/home/jeongwoo/Automotive_software_final/install/evaluation/share/evaluation/package.bash'
[2.722s] INFO:colcon.colcon_core.shell:Creating package script '/home/jeongwoo/Automotive_software_final/install/evaluation/share/evaluation/package.zsh'
[2.723s] Level 1:colcon.colcon_core.environment:create_file_with_runtime_dependencies(/home/jeongwoo/Automotive_software_final/install/evaluation/share/colcon-core/packages/evaluation)
[2.727s] Level 1:colcon.colcon_core.environment:create_environment_scripts_only(simulator)
[2.728s] Level 1:colcon.colcon_core.environment:checking '/home/jeongwoo/Automotive_software_final/install/simulator' for CMake module files
[2.731s] DEBUG:colcon.colcon_core.event_handler.log_command:Invoked command in '/home/jeongwoo/Automotive_software_final/build/simulator' returned '0': CMAKE_PREFIX_PATH=/home/jeongwoo/Automotive_software_final/install/ad_msgs:/home/jeongwoo/Automotive_software_final/install/simulator:/home/jeongwoo/Automotive_software_final/install/mission_manager:/home/jeongwoo/Automotive_software_final/install/evaluation:/home/jeongwoo/Automotive_software_final/install/autonomous_driving:/opt/ros/humble /usr/bin/cmake --install /home/jeongwoo/Automotive_software_final/build/simulator
[2.732s] Level 1:colcon.colcon_core.environment:checking '/home/jeongwoo/Automotive_software_final/install/simulator' for CMake config files
[2.733s] Level 1:colcon.colcon_core.shell:create_environment_hook('simulator', 'cmake_prefix_path')
[2.733s] INFO:colcon.colcon_core.shell:Creating environment hook '/home/jeongwoo/Automotive_software_final/install/simulator/share/simulator/hook/cmake_prefix_path.ps1'
[2.735s] INFO:colcon.colcon_core.shell:Creating environment descriptor '/home/jeongwoo/Automotive_software_final/install/simulator/share/simulator/hook/cmake_prefix_path.dsv'
[2.736s] INFO:colcon.colcon_core.shell:Creating environment hook '/home/jeongwoo/Automotive_software_final/install/simulator/share/simulator/hook/cmake_prefix_path.sh'
[2.738s] Level 1:colcon.colcon_core.environment:checking '/home/jeongwoo/Automotive_software_final/install/simulator/lib'
[2.738s] Level 1:colcon.colcon_core.environment:checking '/home/jeongwoo/Automotive_software_final/install/simulator/bin'
[2.739s] Level 1:colcon.colcon_core.environment:checking '/home/jeongwoo/Automotive_software_final/install/simulator/lib/pkgconfig/simulator.pc'
[2.739s] Level 1:colcon.colcon_core.environment:checking '/home/jeongwoo/Automotive_software_final/install/simulator/lib/python3.10/site-packages'
[2.740s] Level 1:colcon.colcon_core.environment:checking '/home/jeongwoo/Automotive_software_final/install/simulator/bin'
[2.741s] INFO:colcon.colcon_core.shell:Creating package script '/home/jeongwoo/Automotive_software_final/install/simulator/share/simulator/package.ps1'
[2.742s] INFO:colcon.colcon_core.shell:Creating package descriptor '/home/jeongwoo/Automotive_software_final/install/simulator/share/simulator/package.dsv'
[2.743s] INFO:colcon.colcon_core.shell:Creating package script '/home/jeongwoo/Automotive_software_final/install/simulator/share/simulator/package.sh'
[2.752s] INFO:colcon.colcon_core.shell:Creating package script '/home/jeongwoo/Automotive_software_final/install/simulator/share/simulator/package.bash'
[2.754s] INFO:colcon.colcon_core.shell:Creating package script '/home/jeongwoo/Automotive_software_final/install/simulator/share/simulator/package.zsh'
[2.755s] Level 1:colcon.colcon_core.environment:create_file_with_runtime_dependencies(/home/jeongwoo/Automotive_software_final/install/simulator/share/colcon-core/packages/simulator)
[2.759s] Level 1:colcon.colcon_core.environment:create_environment_scripts_only(mission_manager)
[2.762s] Level 1:colcon.colcon_core.environment:checking '/home/jeongwoo/Automotive_software_final/install/mission_manager' for CMake module files
[2.765s] Level 1:colcon.colcon_core.environment:checking '/home/jeongwoo/Automotive_software_final/install/mission_manager' for CMake config files
[2.767s] Level 1:colcon.colcon_core.shell:create_environment_hook('mission_manager', 'cmake_prefix_path')
[2.769s] INFO:colcon.colcon_core.shell:Creating environment hook '/home/jeongwoo/Automotive_software_final/install/mission_manager/share/mission_manager/hook/cmake_prefix_path.ps1'
[2.770s] INFO:colcon.colcon_core.shell:Creating environment descriptor '/home/jeongwoo/Automotive_software_final/install/mission_manager/share/mission_manager/hook/cmake_prefix_path.dsv'
[2.771s] INFO:colcon.colcon_core.shell:Creating environment hook '/home/jeongwoo/Automotive_software_final/install/mission_manager/share/mission_manager/hook/cmake_prefix_path.sh'
[2.772s] Level 1:colcon.colcon_core.environment:checking '/home/jeongwoo/Automotive_software_final/install/mission_manager/lib'
[2.773s] Level 1:colcon.colcon_core.environment:checking '/home/jeongwoo/Automotive_software_final/install/mission_manager/bin'
[2.773s] Level 1:colcon.colcon_core.environment:checking '/home/jeongwoo/Automotive_software_final/install/mission_manager/lib/pkgconfig/mission_manager.pc'
[2.774s] Level 1:colcon.colcon_core.environment:checking '/home/jeongwoo/Automotive_software_final/install/mission_manager/lib/python3.10/site-packages'
[2.774s] Level 1:colcon.colcon_core.environment:checking '/home/jeongwoo/Automotive_software_final/install/mission_manager/bin'
[2.775s] INFO:colcon.colcon_core.shell:Creating package script '/home/jeongwoo/Automotive_software_final/install/mission_manager/share/mission_manager/package.ps1'
[2.776s] INFO:colcon.colcon_core.shell:Creating package descriptor '/home/jeongwoo/Automotive_software_final/install/mission_manager/share/mission_manager/package.dsv'
[2.778s] INFO:colcon.colcon_core.shell:Creating package script '/home/jeongwoo/Automotive_software_final/install/mission_manager/share/mission_manager/package.sh'
[2.779s] INFO:colcon.colcon_core.shell:Creating package script '/home/jeongwoo/Automotive_software_final/install/mission_manager/share/mission_manager/package.bash'
[2.784s] INFO:colcon.colcon_core.shell:Creating package script '/home/jeongwoo/Automotive_software_final/install/mission_manager/share/mission_manager/package.zsh'
[2.785s] Level 1:colcon.colcon_core.environment:create_file_with_runtime_dependencies(/home/jeongwoo/Automotive_software_final/install/mission_manager/share/colcon-core/packages/mission_manager)
[2.854s] Level 1:colcon.colcon_core.environment:create_environment_scripts_only(simulator)
[2.854s] Level 1:colcon.colcon_core.environment:checking '/home/jeongwoo/Automotive_software_final/install/simulator' for CMake module files
[2.856s] Level 1:colcon.colcon_core.environment:checking '/home/jeongwoo/Automotive_software_final/install/simulator' for CMake config files
[2.856s] Level 1:colcon.colcon_core.shell:create_environment_hook('simulator', 'cmake_prefix_path')
[2.857s] INFO:colcon.colcon_core.shell:Creating environment hook '/home/jeongwoo/Automotive_software_final/install/simulator/share/simulator/hook/cmake_prefix_path.ps1'
[2.858s] INFO:colcon.colcon_core.shell:Creating environment descriptor '/home/jeongwoo/Automotive_software_final/install/simulator/share/simulator/hook/cmake_prefix_path.dsv'
[2.859s] INFO:colcon.colcon_core.shell:Creating environment hook '/home/jeongwoo/Automotive_software_final/install/simulator/share/simulator/hook/cmake_prefix_path.sh'
[2.860s] Level 1:colcon.colcon_core.environment:checking '/home/jeongwoo/Automotive_software_final/install/simulator/lib'
[2.861s] Level 1:colcon.colcon_core.environment:checking '/home/jeongwoo/Automotive_software_final/install/simulator/bin'
[2.861s] Level 1:colcon.colcon_core.environment:checking '/home/jeongwoo/Automotive_software_final/install/simulator/lib/pkgconfig/simulator.pc'
[2.862s] Level 1:colcon.colcon_core.environment:checking '/home/jeongwoo/Automotive_software_final/install/simulator/lib/python3.10/site-packages'
[2.862s] Level 1:colcon.colcon_core.environment:checking '/home/jeongwoo/Automotive_software_final/install/simulator/bin'
[2.864s] INFO:colcon.colcon_core.shell:Creating package script '/home/jeongwoo/Automotive_software_final/install/simulator/share/simulator/package.ps1'
[2.866s] INFO:colcon.colcon_core.shell:Creating package descriptor '/home/jeongwoo/Automotive_software_final/install/simulator/share/simulator/package.dsv'
[2.869s] INFO:colcon.colcon_core.shell:Creating package script '/home/jeongwoo/Automotive_software_final/install/simulator/share/simulator/package.sh'
[2.871s] INFO:colcon.colcon_core.shell:Creating package script '/home/jeongwoo/Automotive_software_final/install/simulator/share/simulator/package.bash'
[2.872s] INFO:colcon.colcon_core.shell:Creating package script '/home/jeongwoo/Automotive_software_final/install/simulator/share/simulator/package.zsh'
[2.874s] Level 1:colcon.colcon_core.environment:create_file_with_runtime_dependencies(/home/jeongwoo/Automotive_software_final/install/simulator/share/colcon-core/packages/simulator)
[68.299s] DEBUG:colcon.colcon_core.event_handler.log_command:Invoked command in '/home/jeongwoo/Automotive_software_final/build/autonomous_driving' returned '0': CMAKE_PREFIX_PATH=/home/jeongwoo/Automotive_software_final/install/ad_msgs:/home/jeongwoo/Automotive_software_final/install/simulator:/home/jeongwoo/Automotive_software_final/install/mission_manager:/home/jeongwoo/Automotive_software_final/install/evaluation:/home/jeongwoo/Automotive_software_final/install/autonomous_driving:/opt/ros/humble /usr/bin/cmake --build /home/jeongwoo/Automotive_software_final/build/autonomous_driving -- -j8 -l8
[68.384s] DEBUG:colcon.colcon_core.event_handler.log_command:Invoking command in '/home/jeongwoo/Automotive_software_final/build/autonomous_driving': CMAKE_PREFIX_PATH=/home/jeongwoo/Automotive_software_final/install/ad_msgs:/home/jeongwoo/Automotive_software_final/install/simulator:/home/jeongwoo/Automotive_software_final/install/mission_manager:/home/jeongwoo/Automotive_software_final/install/evaluation:/home/jeongwoo/Automotive_software_final/install/autonomous_driving:/opt/ros/humble /usr/bin/cmake --install /home/jeongwoo/Automotive_software_final/build/autonomous_driving
[68.436s] Level 1:colcon.colcon_core.environment:create_environment_scripts_only(autonomous_driving)
[68.437s] Level 1:colcon.colcon_core.environment:checking '/home/jeongwoo/Automotive_software_final/install/autonomous_driving' for CMake module files
[68.439s] DEBUG:colcon.colcon_core.event_handler.log_command:Invoked command in '/home/jeongwoo/Automotive_software_final/build/autonomous_driving' returned '0': CMAKE_PREFIX_PATH=/home/jeongwoo/Automotive_software_final/install/ad_msgs:/home/jeongwoo/Automotive_software_final/install/simulator:/home/jeongwoo/Automotive_software_final/install/mission_manager:/home/jeongwoo/Automotive_software_final/install/evaluation:/home/jeongwoo/Automotive_software_final/install/autonomous_driving:/opt/ros/humble /usr/bin/cmake --install /home/jeongwoo/Automotive_software_final/build/autonomous_driving
[68.439s] Level 1:colcon.colcon_core.environment:checking '/home/jeongwoo/Automotive_software_final/install/autonomous_driving' for CMake config files
[68.440s] Level 1:colcon.colcon_core.shell:create_environment_hook('autonomous_driving', 'cmake_prefix_path')
[68.440s] INFO:colcon.colcon_core.shell:Creating environment hook '/home/jeongwoo/Automotive_software_final/install/autonomous_driving/share/autonomous_driving/hook/cmake_prefix_path.ps1'
[68.441s] INFO:colcon.colcon_core.shell:Creating environment descriptor '/home/jeongwoo/Automotive_software_final/install/autonomous_driving/share/autonomous_driving/hook/cmake_prefix_path.dsv'
[68.442s] INFO:colcon.colcon_core.shell:Creating environment hook '/home/jeongwoo/Automotive_software_final/install/autonomous_driving/share/autonomous_driving/hook/cmake_prefix_path.sh'
[68.443s] Level 1:colcon.colcon_core.environment:checking '/home/jeongwoo/Automotive_software_final/install/autonomous_driving/lib'
[68.443s] Level 1:colcon.colcon_core.environment:checking '/home/jeongwoo/Automotive_software_final/install/autonomous_driving/bin'
[68.443s] Level 1:colcon.colcon_core.environment:checking '/home/jeongwoo/Automotive_software_final/install/autonomous_driving/lib/pkgconfig/autonomous_driving.pc'
[68.444s] Level 1:colcon.colcon_core.environment:checking '/home/jeongwoo/Automotive_software_final/install/autonomous_driving/lib/python3.10/site-packages'
[68.444s] Level 1:colcon.colcon_core.environment:checking '/home/jeongwoo/Automotive_software_final/install/autonomous_driving/bin'
[68.445s] INFO:colcon.colcon_core.shell:Creating package script '/home/jeongwoo/Automotive_software_final/install/autonomous_driving/share/autonomous_driving/package.ps1'
[68.446s] INFO:colcon.colcon_core.shell:Creating package descriptor '/home/jeongwoo/Automotive_software_final/install/autonomous_driving/share/autonomous_driving/package.dsv'
[68.447s] INFO:colcon.colcon_core.shell:Creating package script '/home/jeongwoo/Automotive_software_final/install/autonomous_driving/share/autonomous_driving/package.sh'
[68.448s] INFO:colcon.colcon_core.shell:Creating package script '/home/jeongwoo/Automotive_software_final/install/autonomous_driving/share/autonomous_driving/package.bash'
[68.448s] INFO:colcon.colcon_core.shell:Creating package script '/home/jeongwoo/Automotive_software_final/install/autonomous_driving/share/autonomous_driving/package.zsh'
[68.449s] Level 1:colcon.colcon_core.environment:create_file_with_runtime_dependencies(/home/jeongwoo/Automotive_software_final/install/autonomous_driving/share/colcon-core/packages/autonomous_driving)
[68.501s] Level 1:colcon.colcon_core.environment:create_environment_scripts_only(autonomous_driving)
[68.501s] Level 1:colcon.colcon_core.environment:checking '/home/jeongwoo/Automotive_software_final/install/autonomous_driving' for CMake module files
[68.503s] Level 1:colcon.colcon_core.environment:checking '/home/jeongwoo/Automotive_software_final/install/autonomous_driving' for CMake config files
[68.504s] Level 1:colcon.colcon_core.shell:create_environment_hook('autonomous_driving', 'cmake_prefix_path')
[68.504s] INFO:colcon.colcon_core.shell:Creating environment hook '/home/jeongwoo/Automotive_software_final/install/autonomous_driving/share/autonomous_driving/hook/cmake_prefix_path.ps1'
[68.505s] INFO:colcon.colcon_core.shell:Creating environment descriptor '/home/jeongwoo/Automotive_software_final/install/autonomous_driving/share/autonomous_driving/hook/cmake_prefix_path.dsv'
[68.506s] INFO:colcon.colcon_core.shell:Creating environment hook '/home/jeongwoo/Automotive_software_final/install/autonomous_driving/share/autonomous_driving/hook/cmake_prefix_path.sh'
[68.508s] Level 1:colcon.colcon_core.environment:checking '/home/jeongwoo/Automotive_software_final/install/autonomous_driving/lib'
[68.508s] Level 1:colcon.colcon_core.environment:checking '/home/jeongwoo/Automotive_software_final/install/autonomous_driving/bin'
[68.508s] Level 1:colcon.colcon_core.environment:checking '/home/jeongwoo/Automotive_software_final/install/autonomous_driving/lib/pkgconfig/autonomous_driving.pc'
[68.508s] Level 1:colcon.colcon_core.environment:checking '/home/jeongwoo/Automotive_software_final/install/autonomous_driving/lib/python3.10/site-packages'
[68.509s] Level 1:colcon.colcon_core.environment:checking '/home/jeongwoo/Automotive_software_final/install/autonomous_driving/bin'
[68.509s] INFO:colcon.colcon_core.shell:Creating package script '/home/jeongwoo/Automotive_software_final/install/autonomous_driving/share/autonomous_driving/package.ps1'
[68.510s] INFO:colcon.colcon_core.shell:Creating package descriptor '/home/jeongwoo/Automotive_software_final/install/autonomous_driving/share/autonomous_driving/package.dsv'
[68.511s] INFO:colcon.colcon_core.shell:Creating package script '/home/jeongwoo/Automotive_software_final/install/autonomous_driving/share/autonomous_driving/package.sh'
[68.512s] INFO:colcon.colcon_core.shell:Creating package script '/home/jeongwoo/Automotive_software_final/install/autonomous_driving/share/autonomous_driving/package.bash'
[68.513s] INFO:colcon.colcon_core.shell:Creating package script '/home/jeongwoo/Automotive_software_final/install/autonomous_driving/share/autonomous_driving/package.zsh'
[68.514s] Level 1:colcon.colcon_core.environment:create_file_with_runtime_dependencies(/home/jeongwoo/Automotive_software_final/install/autonomous_driving/share/colcon-core/packages/autonomous_driving)
[68.515s] DEBUG:colcon.colcon_parallel_executor.executor.parallel:closing loop
[68.516s] DEBUG:colcon.colcon_parallel_executor.executor.parallel:loop closed
[68.516s] DEBUG:colcon.colcon_parallel_executor.executor.parallel:run_until_complete finished with '0'
[68.516s] DEBUG:colcon.colcon_core.event_reactor:joining thread
[68.599s] INFO:colcon.colcon_core.plugin_system:Skipping extension 'colcon_notification.desktop_notification.notify_send': Could not find 'notify-send'
[68.600s] INFO:colcon.colcon_core.plugin_system:Skipping extension 'colcon_notification.desktop_notification.terminal_notifier': Not used on non-Darwin systems
[68.600s] INFO:colcon.colcon_core.plugin_system:Skipping extension 'colcon_notification.desktop_notification.win32': Not used on non-Windows systems
[68.600s] INFO:colcon.colcon_notification.desktop_notification:Sending desktop notification using 'notify2'
[68.602s] DEBUG:colcon.colcon_notification.desktop_notification.notify2:Failed to initialize notify2: org.freedesktop.DBus.Error.ServiceUnknown: The name org.freedesktop.Notifications was not provided by any .service files
[68.603s] DEBUG:colcon.colcon_core.event_reactor:joined thread
[68.604s] INFO:colcon.colcon_core.shell:Creating prefix script '/home/jeongwoo/Automotive_software_final/install/local_setup.ps1'
[68.606s] INFO:colcon.colcon_core.shell:Creating prefix util module '/home/jeongwoo/Automotive_software_final/install/_local_setup_util_ps1.py'
[68.608s] INFO:colcon.colcon_core.shell:Creating prefix chain script '/home/jeongwoo/Automotive_software_final/install/setup.ps1'
[68.611s] INFO:colcon.colcon_core.shell:Creating prefix script '/home/jeongwoo/Automotive_software_final/install/local_setup.sh'
[68.612s] INFO:colcon.colcon_core.shell:Creating prefix util module '/home/jeongwoo/Automotive_software_final/install/_local_setup_util_sh.py'
[68.613s] INFO:colcon.colcon_core.shell:Creating prefix chain script '/home/jeongwoo/Automotive_software_final/install/setup.sh'
[68.616s] INFO:colcon.colcon_core.shell:Creating prefix script '/home/jeongwoo/Automotive_software_final/install/local_setup.bash'
[68.617s] INFO:colcon.colcon_core.shell:Creating prefix chain script '/home/jeongwoo/Automotive_software_final/install/setup.bash'
[68.620s] INFO:colcon.colcon_core.shell:Creating prefix script '/home/jeongwoo/Automotive_software_final/install/local_setup.zsh'
[68.622s] INFO:colcon.colcon_core.shell:Creating prefix chain script '/home/jeongwoo/Automotive_software_final/install/setup.zsh'
