[0.072s] Invoking command in '/home/seok/automotive_software_final/build/simulator': AMENT_PREFIX_PATH=/home/seok/automotive_software_final/install/ad_msgs:${AMENT_PREFIX_PATH} CMAKE_PREFIX_PATH=/home/seok/automotive_software_final/install/ad_msgs:/home/seok/Automotive_software_final/install/simulator:/home/seok/Automotive_software_final/install/mission_manager:/home/seok/Automotive_software_final/install/evaluation:/home/seok/Automotive_software_final/install/autonomous_driving:/home/seok/Automotive_software_final/install/ad_msgs:/opt/ros/humble LD_LIBRARY_PATH=/home/seok/automotive_software_final/install/ad_msgs/lib:${LD_LIBRARY_PATH} PYTHONPATH=/home/seok/automotive_software_final/install/ad_msgs/local/lib/python3.10/dist-packages:${PYTHONPATH} /usr/bin/cmake --build /home/seok/automotive_software_final/build/simulator -- -j28 -l28
[0.082s] -- Found ament_cmake: 1.3.10 (/opt/ros/humble/share/ament_cmake/cmake)
[0.151s] -- Found rclcpp: 16.0.10 (/opt/ros/humble/share/rclcpp/cmake)
[0.258s] -- Found rosidl_generator_c: 3.1.5 (/opt/ros/humble/share/rosidl_generator_c/cmake)
[0.259s] -- Found rosidl_adapter: 3.1.5 (/opt/ros/humble/share/rosidl_adapter/cmake)
[0.263s] -- Found rosidl_generator_cpp: 3.1.5 (/opt/ros/humble/share/rosidl_generator_cpp/cmake)
[0.268s] -- Using all available rosidl_typesupport_c: rosidl_typesupport_fastrtps_c;rosidl_typesupport_introspection_c
[0.274s] -- Using all available rosidl_typesupport_cpp: rosidl_typesupport_fastrtps_cpp;rosidl_typesupport_introspection_cpp
[0.305s] -- Found rmw_implementation_cmake: 6.1.2 (/opt/ros/humble/share/rmw_implementation_cmake/cmake)
[0.307s] -- Found rmw_fastrtps_cpp: 6.2.7 (/opt/ros/humble/share/rmw_fastrtps_cpp/cmake)
[3.574s] -- Using RMW implementation 'rmw_fastrtps_cpp' as default
[3.601s] -- Found visualization_msgs: 4.2.4 (/opt/ros/humble/share/visualization_msgs/cmake)
[3.628s] -- Found ad_msgs: 0.0.0 (/home/seok/automotive_software_final/install/ad_msgs/share/ad_msgs/cmake)
[3.649s] -- Found tf2: 0.25.8 (/opt/ros/humble/share/tf2/cmake)
[3.651s] -- Found tf2_ros: 0.25.8 (/opt/ros/humble/share/tf2_ros/cmake)
[3.736s] -- Configuring done
[3.748s] -- Generating done
[3.749s] -- Build files have been written to: /home/seok/automotive_software_final/build/simulator
[3.764s] [35m[1mConsolidate compiler generated dependencies of target vehicle[0m
[3.764s] [35m[1mConsolidate compiler generated dependencies of target display[0m
[3.764s] [35m[1mConsolidate compiler generated dependencies of target lane_detection[0m
[3.774s] [ 14%] [32mBuilding CXX object CMakeFiles/display.dir/src/display/display_node.cpp.o[0m
[3.775s] [ 28%] [32mBuilding CXX object CMakeFiles/vehicle.dir/src/vehicle/vehicle_simulator_node.cpp.o[0m
[3.777s] [ 42%] [32mBuilding CXX object CMakeFiles/lane_detection.dir/home/seok/automotive_software_final/src/bsw/system/interface/interface_lane.cpp.o[0m
[3.778s] [ 57%] [32mBuilding CXX object CMakeFiles/lane_detection.dir/src/lane_detection/lane_detection_node.cpp.o[0m
[4.292s] [01m[K/home/seok/automotive_software_final/src/bsw/system/interface/interface_lane.cpp:[m[K In member function ‘[01m[Kbool SLanes::ImportLaneCsvFile(std::string)[m[K’:
[4.292s] [01m[K/home/seok/automotive_software_final/src/bsw/system/interface/interface_lane.cpp:26:9:[m[K [01;35m[Kwarning: [m[Kunused variable ‘[01m[KnLaneID[m[K’ [[01;35m[K]8;;https://gcc.gnu.org/onlinedocs/gcc/Warning-Options.html#index-Wunused-variable-Wunused-variable]8;;[m[K]
[4.292s]    26 |     int [01;35m[KnLaneID[m[K = 0;
[4.293s]       |         [01;35m[K^~~~~~~[m[K
[9.171s] [ 71%] [32m[1mLinking CXX executable lane_detection[0m
[9.528s] [ 71%] Built target lane_detection
[10.431s] [ 85%] [32m[1mLinking CXX executable vehicle[0m
[10.802s] [ 85%] Built target vehicle
[16.622s] [100%] [32m[1mLinking CXX executable display[0m
[17.489s] [100%] Built target display
