[0.061s] Invoking command in '/home/seok/automotive_software_final/build/ad_msgs': CMAKE_PREFIX_PATH=${CMAKE_PREFIX_PATH}:/opt/ros/humble /usr/bin/cmake --build /home/seok/automotive_software_final/build/ad_msgs -- -j8 -l8
[0.367s] [  0%] Built target ad_msgs__cpp
[0.381s] [ 12%] Built target ad_msgs__rosidl_generator_c
[0.406s] [ 23%] Built target ad_msgs__rosidl_typesupport_fastrtps_cpp
[0.413s] [ 36%] Built target ad_msgs__rosidl_typesupport_introspection_cpp
[0.416s] [ 47%] Built target ad_msgs__rosidl_typesupport_cpp
[0.422s] [ 48%] Built target ament_cmake_python_copy_ad_msgs
[0.423s] [ 59%] Built target ad_msgs__rosidl_typesupport_introspection_c
[0.425s] [ 70%] Built target ad_msgs__rosidl_typesupport_c
[0.433s] [ 82%] Built target ad_msgs__rosidl_typesupport_fastrtps_c
[0.454s] [ 82%] Built target ad_msgs
[0.479s] [ 83%] Built target ad_msgs__py
[0.510s] [ 94%] Built target ad_msgs__rosidl_generator_py
[0.530s] [ 96%] Built target ad_msgs__rosidl_typesupport_fastrtps_c__pyext
[0.531s] [ 98%] Built target ad_msgs__rosidl_typesupport_introspection_c__pyext
[0.533s] [100%] Built target ad_msgs__rosidl_typesupport_c__pyext
[0.677s] running egg_info
[0.677s] writing ad_msgs.egg-info/PKG-INFO
[0.678s] writing dependency_links to ad_msgs.egg-info/dependency_links.txt
[0.678s] writing top-level names to ad_msgs.egg-info/top_level.txt
[0.683s] reading manifest file 'ad_msgs.egg-info/SOURCES.txt'
[0.683s] writing manifest file 'ad_msgs.egg-info/SOURCES.txt'
[0.714s] [100%] Built target ament_cmake_python_build_ad_msgs_egg
[0.729s] Invoked command in '/home/seok/automotive_software_final/build/ad_msgs' returned '0': CMAKE_PREFIX_PATH=${CMAKE_PREFIX_PATH}:/opt/ros/humble /usr/bin/cmake --build /home/seok/automotive_software_final/build/ad_msgs -- -j8 -l8
[0.987s] Invoking command in '/home/seok/automotive_software_final/build/ad_msgs': CMAKE_PREFIX_PATH=${CMAKE_PREFIX_PATH}:/opt/ros/humble /usr/bin/cmake --install /home/seok/automotive_software_final/build/ad_msgs
[1.002s] -- Install configuration: ""
[1.004s] -- Up-to-date: /home/seok/automotive_software_final/install/ad_msgs/share/ament_index/resource_index/rosidl_interfaces/ad_msgs
[1.005s] -- Up-to-date: /home/seok/automotive_software_final/install/ad_msgs/include/ad_msgs/ad_msgs
[1.006s] -- Up-to-date: /home/seok/automotive_software_final/install/ad_msgs/include/ad_msgs/ad_msgs/msg
[1.006s] -- Up-to-date: /home/seok/automotive_software_final/install/ad_msgs/include/ad_msgs/ad_msgs/msg/lane_point_data_array.h
[1.006s] -- Up-to-date: /home/seok/automotive_software_final/install/ad_msgs/include/ad_msgs/ad_msgs/msg/polyfit_lane_data_array.h
[1.006s] -- Up-to-date: /home/seok/automotive_software_final/install/ad_msgs/include/ad_msgs/ad_msgs/msg/lane_point_data.h
[1.006s] -- Up-to-date: /home/seok/automotive_software_final/install/ad_msgs/include/ad_msgs/ad_msgs/msg/detail
[1.006s] -- Up-to-date: /home/seok/automotive_software_final/install/ad_msgs/include/ad_msgs/ad_msgs/msg/detail/mission_display__functions.h
[1.007s] -- Up-to-date: /home/seok/automotive_software_final/install/ad_msgs/include/ad_msgs/ad_msgs/msg/detail/polyfit_lane_data__struct.h
[1.007s] -- Up-to-date: /home/seok/automotive_software_final/install/ad_msgs/include/ad_msgs/ad_msgs/msg/detail/vehicle_command__struct.h
[1.007s] -- Up-to-date: /home/seok/automotive_software_final/install/ad_msgs/include/ad_msgs/ad_msgs/msg/detail/mission_display__type_support.h
[1.007s] -- Up-to-date: /home/seok/automotive_software_final/install/ad_msgs/include/ad_msgs/ad_msgs/msg/detail/polyfit_lane_data__type_support.h
[1.008s] -- Up-to-date: /home/seok/automotive_software_final/install/ad_msgs/include/ad_msgs/ad_msgs/msg/detail/lane_point_data__functions.h
[1.008s] -- Up-to-date: /home/seok/automotive_software_final/install/ad_msgs/include/ad_msgs/ad_msgs/msg/detail/polyfit_lane_data_array__functions.h
[1.008s] -- Up-to-date: /home/seok/automotive_software_final/install/ad_msgs/include/ad_msgs/ad_msgs/msg/detail/vehicle_command__type_support.h
[1.008s] -- Up-to-date: /home/seok/automotive_software_final/install/ad_msgs/include/ad_msgs/ad_msgs/msg/detail/mission_region__functions.h
[1.009s] -- Up-to-date: /home/seok/automotive_software_final/install/ad_msgs/include/ad_msgs/ad_msgs/msg/detail/lane_point_data_array__struct.h
[1.009s] -- Up-to-date: /home/seok/automotive_software_final/install/ad_msgs/include/ad_msgs/ad_msgs/msg/detail/mission__struct.h
[1.009s] -- Up-to-date: /home/seok/automotive_software_final/install/ad_msgs/include/ad_msgs/ad_msgs/msg/detail/mission_region__struct.h
[1.009s] -- Up-to-date: /home/seok/automotive_software_final/install/ad_msgs/include/ad_msgs/ad_msgs/msg/detail/polyfit_lane_data__functions.h
[1.009s] -- Up-to-date: /home/seok/automotive_software_final/install/ad_msgs/include/ad_msgs/ad_msgs/msg/detail/vehicle_command__functions.h
[1.010s] -- Up-to-date: /home/seok/automotive_software_final/install/ad_msgs/include/ad_msgs/ad_msgs/msg/detail/mission__functions.h
[1.010s] -- Up-to-date: /home/seok/automotive_software_final/install/ad_msgs/include/ad_msgs/ad_msgs/msg/detail/mission_region__type_support.h
[1.010s] -- Up-to-date: /home/seok/automotive_software_final/install/ad_msgs/include/ad_msgs/ad_msgs/msg/detail/polyfit_lane_data_array__functions.c
[1.010s] -- Up-to-date: /home/seok/automotive_software_final/install/ad_msgs/include/ad_msgs/ad_msgs/msg/detail/vehicle_state__functions.c
[1.011s] -- Up-to-date: /home/seok/automotive_software_final/install/ad_msgs/include/ad_msgs/ad_msgs/msg/detail/mission_object__type_support.h
[1.011s] -- Up-to-date: /home/seok/automotive_software_final/install/ad_msgs/include/ad_msgs/ad_msgs/msg/detail/mission_display__struct.h
[1.011s] -- Up-to-date: /home/seok/automotive_software_final/install/ad_msgs/include/ad_msgs/ad_msgs/msg/detail/lane_point_data__type_support.h
[1.011s] -- Up-to-date: /home/seok/automotive_software_final/install/ad_msgs/include/ad_msgs/ad_msgs/msg/detail/mission__type_support.h
[1.011s] -- Up-to-date: /home/seok/automotive_software_final/install/ad_msgs/include/ad_msgs/ad_msgs/msg/detail/mission_object__functions.h
[1.011s] -- Up-to-date: /home/seok/automotive_software_final/install/ad_msgs/include/ad_msgs/ad_msgs/msg/detail/mission_display__functions.c
[1.011s] -- Up-to-date: /home/seok/automotive_software_final/install/ad_msgs/include/ad_msgs/ad_msgs/msg/detail/mission_object__functions.c
[1.011s] -- Up-to-date: /home/seok/automotive_software_final/install/ad_msgs/include/ad_msgs/ad_msgs/msg/detail/mission__functions.c
[1.011s] -- Up-to-date: /home/seok/automotive_software_final/install/ad_msgs/include/ad_msgs/ad_msgs/msg/detail/lane_point_data__functions.c
[1.012s] -- Up-to-date: /home/seok/automotive_software_final/install/ad_msgs/include/ad_msgs/ad_msgs/msg/detail/polyfit_lane_data_array__type_support.h
[1.012s] -- Up-to-date: /home/seok/automotive_software_final/install/ad_msgs/include/ad_msgs/ad_msgs/msg/detail/lane_point_data_array__functions.c
[1.012s] -- Up-to-date: /home/seok/automotive_software_final/install/ad_msgs/include/ad_msgs/ad_msgs/msg/detail/lane_point_data__struct.h
[1.012s] -- Up-to-date: /home/seok/automotive_software_final/install/ad_msgs/include/ad_msgs/ad_msgs/msg/detail/vehicle_state__type_support.h
[1.012s] -- Up-to-date: /home/seok/automotive_software_final/install/ad_msgs/include/ad_msgs/ad_msgs/msg/detail/vehicle_state__struct.h
[1.012s] -- Up-to-date: /home/seok/automotive_software_final/install/ad_msgs/include/ad_msgs/ad_msgs/msg/detail/mission_region__functions.c
[1.012s] -- Up-to-date: /home/seok/automotive_software_final/install/ad_msgs/include/ad_msgs/ad_msgs/msg/detail/vehicle_command__functions.c
[1.012s] -- Up-to-date: /home/seok/automotive_software_final/install/ad_msgs/include/ad_msgs/ad_msgs/msg/detail/vehicle_state__functions.h
[1.012s] -- Up-to-date: /home/seok/automotive_software_final/install/ad_msgs/include/ad_msgs/ad_msgs/msg/detail/polyfit_lane_data_array__struct.h
[1.012s] -- Up-to-date: /home/seok/automotive_software_final/install/ad_msgs/include/ad_msgs/ad_msgs/msg/detail/polyfit_lane_data__functions.c
[1.012s] -- Up-to-date: /home/seok/automotive_software_final/install/ad_msgs/include/ad_msgs/ad_msgs/msg/detail/lane_point_data_array__functions.h
[1.012s] -- Up-to-date: /home/seok/automotive_software_final/install/ad_msgs/include/ad_msgs/ad_msgs/msg/detail/mission_object__struct.h
[1.012s] -- Up-to-date: /home/seok/automotive_software_final/install/ad_msgs/include/ad_msgs/ad_msgs/msg/detail/lane_point_data_array__type_support.h
[1.013s] -- Up-to-date: /home/seok/automotive_software_final/install/ad_msgs/include/ad_msgs/ad_msgs/msg/polyfit_lane_data.h
[1.013s] -- Up-to-date: /home/seok/automotive_software_final/install/ad_msgs/include/ad_msgs/ad_msgs/msg/mission.h
[1.013s] -- Up-to-date: /home/seok/automotive_software_final/install/ad_msgs/include/ad_msgs/ad_msgs/msg/mission_display.h
[1.013s] -- Up-to-date: /home/seok/automotive_software_final/install/ad_msgs/include/ad_msgs/ad_msgs/msg/mission_region.h
[1.013s] -- Up-to-date: /home/seok/automotive_software_final/install/ad_msgs/include/ad_msgs/ad_msgs/msg/mission_object.h
[1.013s] -- Up-to-date: /home/seok/automotive_software_final/install/ad_msgs/include/ad_msgs/ad_msgs/msg/vehicle_command.h
[1.013s] -- Up-to-date: /home/seok/automotive_software_final/install/ad_msgs/include/ad_msgs/ad_msgs/msg/rosidl_generator_c__visibility_control.h
[1.013s] -- Up-to-date: /home/seok/automotive_software_final/install/ad_msgs/include/ad_msgs/ad_msgs/msg/vehicle_state.h
[1.013s] -- Up-to-date: /home/seok/automotive_software_final/install/ad_msgs/share/ad_msgs/environment/library_path.sh
[1.013s] -- Up-to-date: /home/seok/automotive_software_final/install/ad_msgs/share/ad_msgs/environment/library_path.dsv
[1.013s] -- Up-to-date: /home/seok/automotive_software_final/install/ad_msgs/lib/libad_msgs__rosidl_generator_c.so
[1.014s] -- Up-to-date: /home/seok/automotive_software_final/install/ad_msgs/include/ad_msgs/ad_msgs
[1.014s] -- Up-to-date: /home/seok/automotive_software_final/install/ad_msgs/include/ad_msgs/ad_msgs/msg
[1.015s] -- Up-to-date: /home/seok/automotive_software_final/install/ad_msgs/include/ad_msgs/ad_msgs/msg/detail
[1.015s] -- Up-to-date: /home/seok/automotive_software_final/install/ad_msgs/include/ad_msgs/ad_msgs/msg/detail/mission_object__rosidl_typesupport_fastrtps_c.h
[1.015s] -- Up-to-date: /home/seok/automotive_software_final/install/ad_msgs/include/ad_msgs/ad_msgs/msg/detail/lane_point_data_array__rosidl_typesupport_fastrtps_c.h
[1.015s] -- Up-to-date: /home/seok/automotive_software_final/install/ad_msgs/include/ad_msgs/ad_msgs/msg/detail/polyfit_lane_data__rosidl_typesupport_fastrtps_c.h
[1.015s] -- Up-to-date: /home/seok/automotive_software_final/install/ad_msgs/include/ad_msgs/ad_msgs/msg/detail/mission_region__rosidl_typesupport_fastrtps_c.h
[1.015s] -- Up-to-date: /home/seok/automotive_software_final/install/ad_msgs/include/ad_msgs/ad_msgs/msg/detail/lane_point_data__rosidl_typesupport_fastrtps_c.h
[1.016s] -- Up-to-date: /home/seok/automotive_software_final/install/ad_msgs/include/ad_msgs/ad_msgs/msg/detail/vehicle_command__rosidl_typesupport_fastrtps_c.h
[1.016s] -- Up-to-date: /home/seok/automotive_software_final/install/ad_msgs/include/ad_msgs/ad_msgs/msg/detail/polyfit_lane_data_array__rosidl_typesupport_fastrtps_c.h
[1.016s] -- Up-to-date: /home/seok/automotive_software_final/install/ad_msgs/include/ad_msgs/ad_msgs/msg/detail/mission_display__rosidl_typesupport_fastrtps_c.h
[1.016s] -- Up-to-date: /home/seok/automotive_software_final/install/ad_msgs/include/ad_msgs/ad_msgs/msg/detail/vehicle_state__rosidl_typesupport_fastrtps_c.h
[1.016s] -- Up-to-date: /home/seok/automotive_software_final/install/ad_msgs/include/ad_msgs/ad_msgs/msg/detail/mission__rosidl_typesupport_fastrtps_c.h
[1.017s] -- Up-to-date: /home/seok/automotive_software_final/install/ad_msgs/include/ad_msgs/ad_msgs/msg/rosidl_typesupport_fastrtps_c__visibility_control.h
[1.017s] -- Up-to-date: /home/seok/automotive_software_final/install/ad_msgs/lib/libad_msgs__rosidl_typesupport_fastrtps_c.so
[1.017s] -- Up-to-date: /home/seok/automotive_software_final/install/ad_msgs/include/ad_msgs/ad_msgs
[1.017s] -- Up-to-date: /home/seok/automotive_software_final/install/ad_msgs/include/ad_msgs/ad_msgs/msg
[1.018s] -- Up-to-date: /home/seok/automotive_software_final/install/ad_msgs/include/ad_msgs/ad_msgs/msg/detail
[1.018s] -- Up-to-date: /home/seok/automotive_software_final/install/ad_msgs/include/ad_msgs/ad_msgs/msg/detail/lane_point_data__type_support.c
[1.018s] -- Up-to-date: /home/seok/automotive_software_final/install/ad_msgs/include/ad_msgs/ad_msgs/msg/detail/lane_point_data_array__rosidl_typesupport_introspection_c.h
[1.018s] -- Up-to-date: /home/seok/automotive_software_final/install/ad_msgs/include/ad_msgs/ad_msgs/msg/detail/vehicle_state__type_support.c
[1.018s] -- Up-to-date: /home/seok/automotive_software_final/install/ad_msgs/include/ad_msgs/ad_msgs/msg/detail/vehicle_command__rosidl_typesupport_introspection_c.h
[1.018s] -- Up-to-date: /home/seok/automotive_software_final/install/ad_msgs/include/ad_msgs/ad_msgs/msg/detail/mission__rosidl_typesupport_introspection_c.h
[1.019s] -- Up-to-date: /home/seok/automotive_software_final/install/ad_msgs/include/ad_msgs/ad_msgs/msg/detail/mission_object__type_support.c
[1.019s] -- Up-to-date: /home/seok/automotive_software_final/install/ad_msgs/include/ad_msgs/ad_msgs/msg/detail/vehicle_state__rosidl_typesupport_introspection_c.h
[1.019s] -- Up-to-date: /home/seok/automotive_software_final/install/ad_msgs/include/ad_msgs/ad_msgs/msg/detail/polyfit_lane_data_array__rosidl_typesupport_introspection_c.h
[1.019s] -- Up-to-date: /home/seok/automotive_software_final/install/ad_msgs/include/ad_msgs/ad_msgs/msg/detail/mission_object__rosidl_typesupport_introspection_c.h
[1.019s] -- Up-to-date: /home/seok/automotive_software_final/install/ad_msgs/include/ad_msgs/ad_msgs/msg/detail/lane_point_data_array__type_support.c
[1.020s] -- Up-to-date: /home/seok/automotive_software_final/install/ad_msgs/include/ad_msgs/ad_msgs/msg/detail/mission_display__rosidl_typesupport_introspection_c.h
[1.020s] -- Up-to-date: /home/seok/automotive_software_final/install/ad_msgs/include/ad_msgs/ad_msgs/msg/detail/mission_region__type_support.c
[1.021s] -- Up-to-date: /home/seok/automotive_software_final/install/ad_msgs/include/ad_msgs/ad_msgs/msg/detail/lane_point_data__rosidl_typesupport_introspection_c.h
[1.021s] -- Up-to-date: /home/seok/automotive_software_final/install/ad_msgs/include/ad_msgs/ad_msgs/msg/detail/vehicle_command__type_support.c
[1.021s] -- Up-to-date: /home/seok/automotive_software_final/install/ad_msgs/include/ad_msgs/ad_msgs/msg/detail/mission_display__type_support.c
[1.022s] -- Up-to-date: /home/seok/automotive_software_final/install/ad_msgs/include/ad_msgs/ad_msgs/msg/detail/mission_region__rosidl_typesupport_introspection_c.h
[1.022s] -- Up-to-date: /home/seok/automotive_software_final/install/ad_msgs/include/ad_msgs/ad_msgs/msg/detail/polyfit_lane_data__type_support.c
[1.022s] -- Up-to-date: /home/seok/automotive_software_final/install/ad_msgs/include/ad_msgs/ad_msgs/msg/detail/polyfit_lane_data__rosidl_typesupport_introspection_c.h
[1.022s] -- Up-to-date: /home/seok/automotive_software_final/install/ad_msgs/include/ad_msgs/ad_msgs/msg/detail/polyfit_lane_data_array__type_support.c
[1.022s] -- Up-to-date: /home/seok/automotive_software_final/install/ad_msgs/include/ad_msgs/ad_msgs/msg/detail/mission__type_support.c
[1.022s] -- Up-to-date: /home/seok/automotive_software_final/install/ad_msgs/include/ad_msgs/ad_msgs/msg/rosidl_typesupport_introspection_c__visibility_control.h
[1.023s] -- Up-to-date: /home/seok/automotive_software_final/install/ad_msgs/lib/libad_msgs__rosidl_typesupport_introspection_c.so
[1.023s] -- Up-to-date: /home/seok/automotive_software_final/install/ad_msgs/lib/libad_msgs__rosidl_typesupport_c.so
[1.023s] -- Up-to-date: /home/seok/automotive_software_final/install/ad_msgs/include/ad_msgs/ad_msgs
[1.023s] -- Up-to-date: /home/seok/automotive_software_final/install/ad_msgs/include/ad_msgs/ad_msgs/msg
[1.023s] -- Up-to-date: /home/seok/automotive_software_final/install/ad_msgs/include/ad_msgs/ad_msgs/msg/mission_region.hpp
[1.023s] -- Up-to-date: /home/seok/automotive_software_final/install/ad_msgs/include/ad_msgs/ad_msgs/msg/lane_point_data.hpp
[1.023s] -- Up-to-date: /home/seok/automotive_software_final/install/ad_msgs/include/ad_msgs/ad_msgs/msg/polyfit_lane_data_array.hpp
[1.023s] -- Up-to-date: /home/seok/automotive_software_final/install/ad_msgs/include/ad_msgs/ad_msgs/msg/vehicle_command.hpp
[1.023s] -- Up-to-date: /home/seok/automotive_software_final/install/ad_msgs/include/ad_msgs/ad_msgs/msg/detail
[1.023s] -- Up-to-date: /home/seok/automotive_software_final/install/ad_msgs/include/ad_msgs/ad_msgs/msg/detail/vehicle_state__struct.hpp
[1.023s] -- Up-to-date: /home/seok/automotive_software_final/install/ad_msgs/include/ad_msgs/ad_msgs/msg/detail/mission_region__struct.hpp
[1.023s] -- Up-to-date: /home/seok/automotive_software_final/install/ad_msgs/include/ad_msgs/ad_msgs/msg/detail/mission__struct.hpp
[1.023s] -- Up-to-date: /home/seok/automotive_software_final/install/ad_msgs/include/ad_msgs/ad_msgs/msg/detail/mission_object__traits.hpp
[1.023s] -- Up-to-date: /home/seok/automotive_software_final/install/ad_msgs/include/ad_msgs/ad_msgs/msg/detail/mission__builder.hpp
[1.024s] -- Up-to-date: /home/seok/automotive_software_final/install/ad_msgs/include/ad_msgs/ad_msgs/msg/detail/mission_region__traits.hpp
[1.024s] -- Up-to-date: /home/seok/automotive_software_final/install/ad_msgs/include/ad_msgs/ad_msgs/msg/detail/polyfit_lane_data__traits.hpp
[1.024s] -- Up-to-date: /home/seok/automotive_software_final/install/ad_msgs/include/ad_msgs/ad_msgs/msg/detail/vehicle_command__struct.hpp
[1.024s] -- Up-to-date: /home/seok/automotive_software_final/install/ad_msgs/include/ad_msgs/ad_msgs/msg/detail/lane_point_data__builder.hpp
[1.024s] -- Up-to-date: /home/seok/automotive_software_final/install/ad_msgs/include/ad_msgs/ad_msgs/msg/detail/vehicle_command__traits.hpp
[1.024s] -- Up-to-date: /home/seok/automotive_software_final/install/ad_msgs/include/ad_msgs/ad_msgs/msg/detail/mission_region__builder.hpp
[1.024s] -- Up-to-date: /home/seok/automotive_software_final/install/ad_msgs/include/ad_msgs/ad_msgs/msg/detail/mission_object__struct.hpp
[1.024s] -- Up-to-date: /home/seok/automotive_software_final/install/ad_msgs/include/ad_msgs/ad_msgs/msg/detail/polyfit_lane_data_array__builder.hpp
[1.024s] -- Up-to-date: /home/seok/automotive_software_final/install/ad_msgs/include/ad_msgs/ad_msgs/msg/detail/polyfit_lane_data_array__traits.hpp
[1.024s] -- Up-to-date: /home/seok/automotive_software_final/install/ad_msgs/include/ad_msgs/ad_msgs/msg/detail/mission_display__builder.hpp
[1.024s] -- Up-to-date: /home/seok/automotive_software_final/install/ad_msgs/include/ad_msgs/ad_msgs/msg/detail/mission_display__traits.hpp
[1.024s] -- Up-to-date: /home/seok/automotive_software_final/install/ad_msgs/include/ad_msgs/ad_msgs/msg/detail/lane_point_data__struct.hpp
[1.025s] -- Up-to-date: /home/seok/automotive_software_final/install/ad_msgs/include/ad_msgs/ad_msgs/msg/detail/lane_point_data_array__struct.hpp
[1.025s] -- Up-to-date: /home/seok/automotive_software_final/install/ad_msgs/include/ad_msgs/ad_msgs/msg/detail/vehicle_state__builder.hpp
[1.025s] -- Up-to-date: /home/seok/automotive_software_final/install/ad_msgs/include/ad_msgs/ad_msgs/msg/detail/vehicle_command__builder.hpp
[1.025s] -- Up-to-date: /home/seok/automotive_software_final/install/ad_msgs/include/ad_msgs/ad_msgs/msg/detail/polyfit_lane_data__builder.hpp
[1.025s] -- Up-to-date: /home/seok/automotive_software_final/install/ad_msgs/include/ad_msgs/ad_msgs/msg/detail/vehicle_state__traits.hpp
[1.025s] -- Up-to-date: /home/seok/automotive_software_final/install/ad_msgs/include/ad_msgs/ad_msgs/msg/detail/polyfit_lane_data_array__struct.hpp
[1.025s] -- Up-to-date: /home/seok/automotive_software_final/install/ad_msgs/include/ad_msgs/ad_msgs/msg/detail/mission_display__struct.hpp
[1.025s] -- Up-to-date: /home/seok/automotive_software_final/install/ad_msgs/include/ad_msgs/ad_msgs/msg/detail/lane_point_data__traits.hpp
[1.025s] -- Up-to-date: /home/seok/automotive_software_final/install/ad_msgs/include/ad_msgs/ad_msgs/msg/detail/mission_object__builder.hpp
[1.026s] -- Up-to-date: /home/seok/automotive_software_final/install/ad_msgs/include/ad_msgs/ad_msgs/msg/detail/lane_point_data_array__builder.hpp
[1.026s] -- Up-to-date: /home/seok/automotive_software_final/install/ad_msgs/include/ad_msgs/ad_msgs/msg/detail/lane_point_data_array__traits.hpp
[1.026s] -- Up-to-date: /home/seok/automotive_software_final/install/ad_msgs/include/ad_msgs/ad_msgs/msg/detail/polyfit_lane_data__struct.hpp
[1.026s] -- Up-to-date: /home/seok/automotive_software_final/install/ad_msgs/include/ad_msgs/ad_msgs/msg/detail/mission__traits.hpp
[1.026s] -- Up-to-date: /home/seok/automotive_software_final/install/ad_msgs/include/ad_msgs/ad_msgs/msg/mission_display.hpp
[1.026s] -- Up-to-date: /home/seok/automotive_software_final/install/ad_msgs/include/ad_msgs/ad_msgs/msg/mission_object.hpp
[1.026s] -- Up-to-date: /home/seok/automotive_software_final/install/ad_msgs/include/ad_msgs/ad_msgs/msg/vehicle_state.hpp
[1.026s] -- Up-to-date: /home/seok/automotive_software_final/install/ad_msgs/include/ad_msgs/ad_msgs/msg/lane_point_data_array.hpp
[1.026s] -- Up-to-date: /home/seok/automotive_software_final/install/ad_msgs/include/ad_msgs/ad_msgs/msg/mission.hpp
[1.026s] -- Up-to-date: /home/seok/automotive_software_final/install/ad_msgs/include/ad_msgs/ad_msgs/msg/polyfit_lane_data.hpp
[1.026s] -- Up-to-date: /home/seok/automotive_software_final/install/ad_msgs/include/ad_msgs/ad_msgs
[1.026s] -- Up-to-date: /home/seok/automotive_software_final/install/ad_msgs/include/ad_msgs/ad_msgs/msg
[1.026s] -- Up-to-date: /home/seok/automotive_software_final/install/ad_msgs/include/ad_msgs/ad_msgs/msg/detail
[1.026s] -- Up-to-date: /home/seok/automotive_software_final/install/ad_msgs/include/ad_msgs/ad_msgs/msg/detail/dds_fastrtps
[1.026s] -- Up-to-date: /home/seok/automotive_software_final/install/ad_msgs/include/ad_msgs/ad_msgs/msg/detail/mission_display__rosidl_typesupport_fastrtps_cpp.hpp
[1.026s] -- Up-to-date: /home/seok/automotive_software_final/install/ad_msgs/include/ad_msgs/ad_msgs/msg/detail/lane_point_data_array__rosidl_typesupport_fastrtps_cpp.hpp
[1.026s] -- Up-to-date: /home/seok/automotive_software_final/install/ad_msgs/include/ad_msgs/ad_msgs/msg/detail/mission__rosidl_typesupport_fastrtps_cpp.hpp
[1.026s] -- Up-to-date: /home/seok/automotive_software_final/install/ad_msgs/include/ad_msgs/ad_msgs/msg/detail/polyfit_lane_data__rosidl_typesupport_fastrtps_cpp.hpp
[1.027s] -- Up-to-date: /home/seok/automotive_software_final/install/ad_msgs/include/ad_msgs/ad_msgs/msg/detail/mission_region__rosidl_typesupport_fastrtps_cpp.hpp
[1.027s] -- Up-to-date: /home/seok/automotive_software_final/install/ad_msgs/include/ad_msgs/ad_msgs/msg/detail/mission_object__rosidl_typesupport_fastrtps_cpp.hpp
[1.027s] -- Up-to-date: /home/seok/automotive_software_final/install/ad_msgs/include/ad_msgs/ad_msgs/msg/detail/polyfit_lane_data_array__rosidl_typesupport_fastrtps_cpp.hpp
[1.027s] -- Up-to-date: /home/seok/automotive_software_final/install/ad_msgs/include/ad_msgs/ad_msgs/msg/detail/vehicle_command__rosidl_typesupport_fastrtps_cpp.hpp
[1.027s] -- Up-to-date: /home/seok/automotive_software_final/install/ad_msgs/include/ad_msgs/ad_msgs/msg/detail/vehicle_state__rosidl_typesupport_fastrtps_cpp.hpp
[1.027s] -- Up-to-date: /home/seok/automotive_software_final/install/ad_msgs/include/ad_msgs/ad_msgs/msg/detail/lane_point_data__rosidl_typesupport_fastrtps_cpp.hpp
[1.027s] -- Up-to-date: /home/seok/automotive_software_final/install/ad_msgs/include/ad_msgs/ad_msgs/msg/rosidl_typesupport_fastrtps_cpp__visibility_control.h
[1.027s] -- Up-to-date: /home/seok/automotive_software_final/install/ad_msgs/lib/libad_msgs__rosidl_typesupport_fastrtps_cpp.so
[1.027s] -- Up-to-date: /home/seok/automotive_software_final/install/ad_msgs/include/ad_msgs/ad_msgs
[1.027s] -- Up-to-date: /home/seok/automotive_software_final/install/ad_msgs/include/ad_msgs/ad_msgs/msg
[1.027s] -- Up-to-date: /home/seok/automotive_software_final/install/ad_msgs/include/ad_msgs/ad_msgs/msg/detail
[1.027s] -- Up-to-date: /home/seok/automotive_software_final/install/ad_msgs/include/ad_msgs/ad_msgs/msg/detail/lane_point_data_array__rosidl_typesupport_introspection_cpp.hpp
[1.027s] -- Up-to-date: /home/seok/automotive_software_final/install/ad_msgs/include/ad_msgs/ad_msgs/msg/detail/mission_display__type_support.cpp
[1.027s] -- Up-to-date: /home/seok/automotive_software_final/install/ad_msgs/include/ad_msgs/ad_msgs/msg/detail/polyfit_lane_data__rosidl_typesupport_introspection_cpp.hpp
[1.027s] -- Up-to-date: /home/seok/automotive_software_final/install/ad_msgs/include/ad_msgs/ad_msgs/msg/detail/vehicle_state__rosidl_typesupport_introspection_cpp.hpp
[1.027s] -- Up-to-date: /home/seok/automotive_software_final/install/ad_msgs/include/ad_msgs/ad_msgs/msg/detail/vehicle_command__rosidl_typesupport_introspection_cpp.hpp
[1.027s] -- Up-to-date: /home/seok/automotive_software_final/install/ad_msgs/include/ad_msgs/ad_msgs/msg/detail/polyfit_lane_data_array__rosidl_typesupport_introspection_cpp.hpp
[1.027s] -- Up-to-date: /home/seok/automotive_software_final/install/ad_msgs/include/ad_msgs/ad_msgs/msg/detail/mission_region__type_support.cpp
[1.027s] -- Up-to-date: /home/seok/automotive_software_final/install/ad_msgs/include/ad_msgs/ad_msgs/msg/detail/vehicle_command__type_support.cpp
[1.027s] -- Up-to-date: /home/seok/automotive_software_final/install/ad_msgs/include/ad_msgs/ad_msgs/msg/detail/lane_point_data__rosidl_typesupport_introspection_cpp.hpp
[1.027s] -- Up-to-date: /home/seok/automotive_software_final/install/ad_msgs/include/ad_msgs/ad_msgs/msg/detail/mission__rosidl_typesupport_introspection_cpp.hpp
[1.027s] -- Up-to-date: /home/seok/automotive_software_final/install/ad_msgs/include/ad_msgs/ad_msgs/msg/detail/mission_display__rosidl_typesupport_introspection_cpp.hpp
[1.027s] -- Up-to-date: /home/seok/automotive_software_final/install/ad_msgs/include/ad_msgs/ad_msgs/msg/detail/mission_region__rosidl_typesupport_introspection_cpp.hpp
[1.027s] -- Up-to-date: /home/seok/automotive_software_final/install/ad_msgs/include/ad_msgs/ad_msgs/msg/detail/vehicle_state__type_support.cpp
[1.028s] -- Up-to-date: /home/seok/automotive_software_final/install/ad_msgs/include/ad_msgs/ad_msgs/msg/detail/polyfit_lane_data__type_support.cpp
[1.028s] -- Up-to-date: /home/seok/automotive_software_final/install/ad_msgs/include/ad_msgs/ad_msgs/msg/detail/lane_point_data_array__type_support.cpp
[1.028s] -- Up-to-date: /home/seok/automotive_software_final/install/ad_msgs/include/ad_msgs/ad_msgs/msg/detail/mission__type_support.cpp
[1.028s] -- Up-to-date: /home/seok/automotive_software_final/install/ad_msgs/include/ad_msgs/ad_msgs/msg/detail/polyfit_lane_data_array__type_support.cpp
[1.028s] -- Up-to-date: /home/seok/automotive_software_final/install/ad_msgs/include/ad_msgs/ad_msgs/msg/detail/mission_object__rosidl_typesupport_introspection_cpp.hpp
[1.028s] -- Up-to-date: /home/seok/automotive_software_final/install/ad_msgs/include/ad_msgs/ad_msgs/msg/detail/lane_point_data__type_support.cpp
[1.028s] -- Up-to-date: /home/seok/automotive_software_final/install/ad_msgs/include/ad_msgs/ad_msgs/msg/detail/mission_object__type_support.cpp
[1.028s] -- Up-to-date: /home/seok/automotive_software_final/install/ad_msgs/lib/libad_msgs__rosidl_typesupport_introspection_cpp.so
[1.028s] -- Up-to-date: /home/seok/automotive_software_final/install/ad_msgs/lib/libad_msgs__rosidl_typesupport_cpp.so
[1.028s] -- Up-to-date: /home/seok/automotive_software_final/install/ad_msgs/share/ad_msgs/environment/pythonpath.sh
[1.028s] -- Up-to-date: /home/seok/automotive_software_final/install/ad_msgs/share/ad_msgs/environment/pythonpath.dsv
[1.028s] -- Up-to-date: /home/seok/automotive_software_final/install/ad_msgs/local/lib/python3.10/dist-packages/ad_msgs-0.0.0-py3.10.egg-info
[1.028s] -- Installing: /home/seok/automotive_software_final/install/ad_msgs/local/lib/python3.10/dist-packages/ad_msgs-0.0.0-py3.10.egg-info/top_level.txt
[1.028s] -- Installing: /home/seok/automotive_software_final/install/ad_msgs/local/lib/python3.10/dist-packages/ad_msgs-0.0.0-py3.10.egg-info/PKG-INFO
[1.028s] -- Installing: /home/seok/automotive_software_final/install/ad_msgs/local/lib/python3.10/dist-packages/ad_msgs-0.0.0-py3.10.egg-info/dependency_links.txt
[1.028s] -- Installing: /home/seok/automotive_software_final/install/ad_msgs/local/lib/python3.10/dist-packages/ad_msgs-0.0.0-py3.10.egg-info/SOURCES.txt
[1.028s] -- Up-to-date: /home/seok/automotive_software_final/install/ad_msgs/local/lib/python3.10/dist-packages/ad_msgs
[1.028s] -- Up-to-date: /home/seok/automotive_software_final/install/ad_msgs/local/lib/python3.10/dist-packages/ad_msgs/libad_msgs__rosidl_generator_py.so
[1.028s] -- Up-to-date: /home/seok/automotive_software_final/install/ad_msgs/local/lib/python3.10/dist-packages/ad_msgs/__init__.py
[1.029s] -- Up-to-date: /home/seok/automotive_software_final/install/ad_msgs/local/lib/python3.10/dist-packages/ad_msgs/_ad_msgs_s.ep.rosidl_typesupport_fastrtps_c.c
[1.029s] -- Up-to-date: /home/seok/automotive_software_final/install/ad_msgs/local/lib/python3.10/dist-packages/ad_msgs/_ad_msgs_s.ep.rosidl_typesupport_c.c
[1.029s] -- Up-to-date: /home/seok/automotive_software_final/install/ad_msgs/local/lib/python3.10/dist-packages/ad_msgs/ad_msgs_s__rosidl_typesupport_c.cpython-310-x86_64-linux-gnu.so
[1.029s] -- Up-to-date: /home/seok/automotive_software_final/install/ad_msgs/local/lib/python3.10/dist-packages/ad_msgs/ad_msgs_s__rosidl_typesupport_introspection_c.cpython-310-x86_64-linux-gnu.so
[1.029s] -- Up-to-date: /home/seok/automotive_software_final/install/ad_msgs/local/lib/python3.10/dist-packages/ad_msgs/ad_msgs_s__rosidl_typesupport_fastrtps_c.cpython-310-x86_64-linux-gnu.so
[1.029s] -- Up-to-date: /home/seok/automotive_software_final/install/ad_msgs/local/lib/python3.10/dist-packages/ad_msgs/msg
[1.032s] -- Up-to-date: /home/seok/automotive_software_final/install/ad_msgs/local/lib/python3.10/dist-packages/ad_msgs/msg/__init__.py
[1.032s] -- Up-to-date: /home/seok/automotive_software_final/install/ad_msgs/local/lib/python3.10/dist-packages/ad_msgs/msg/_mission_object_s.c
[1.032s] -- Up-to-date: /home/seok/automotive_software_final/install/ad_msgs/local/lib/python3.10/dist-packages/ad_msgs/msg/_mission_region_s.c
[1.032s] -- Up-to-date: /home/seok/automotive_software_final/install/ad_msgs/local/lib/python3.10/dist-packages/ad_msgs/msg/_vehicle_command.py
[1.032s] -- Up-to-date: /home/seok/automotive_software_final/install/ad_msgs/local/lib/python3.10/dist-packages/ad_msgs/msg/_lane_point_data.py
[1.032s] -- Up-to-date: /home/seok/automotive_software_final/install/ad_msgs/local/lib/python3.10/dist-packages/ad_msgs/msg/_mission_region.py
[1.032s] -- Up-to-date: /home/seok/automotive_software_final/install/ad_msgs/local/lib/python3.10/dist-packages/ad_msgs/msg/_mission.py
[1.032s] -- Up-to-date: /home/seok/automotive_software_final/install/ad_msgs/local/lib/python3.10/dist-packages/ad_msgs/msg/_vehicle_state.py
[1.032s] -- Up-to-date: /home/seok/automotive_software_final/install/ad_msgs/local/lib/python3.10/dist-packages/ad_msgs/msg/_polyfit_lane_data.py
[1.032s] -- Up-to-date: /home/seok/automotive_software_final/install/ad_msgs/local/lib/python3.10/dist-packages/ad_msgs/msg/_polyfit_lane_data_array.py
[1.032s] -- Up-to-date: /home/seok/automotive_software_final/install/ad_msgs/local/lib/python3.10/dist-packages/ad_msgs/msg/_lane_point_data_array_s.c
[1.033s] -- Up-to-date: /home/seok/automotive_software_final/install/ad_msgs/local/lib/python3.10/dist-packages/ad_msgs/msg/_mission_display.py
[1.033s] -- Up-to-date: /home/seok/automotive_software_final/install/ad_msgs/local/lib/python3.10/dist-packages/ad_msgs/msg/_mission_s.c
[1.033s] -- Up-to-date: /home/seok/automotive_software_final/install/ad_msgs/local/lib/python3.10/dist-packages/ad_msgs/msg/_vehicle_command_s.c
[1.033s] -- Up-to-date: /home/seok/automotive_software_final/install/ad_msgs/local/lib/python3.10/dist-packages/ad_msgs/msg/_vehicle_state_s.c
[1.033s] -- Up-to-date: /home/seok/automotive_software_final/install/ad_msgs/local/lib/python3.10/dist-packages/ad_msgs/msg/_polyfit_lane_data_array_s.c
[1.033s] -- Up-to-date: /home/seok/automotive_software_final/install/ad_msgs/local/lib/python3.10/dist-packages/ad_msgs/msg/_polyfit_lane_data_s.c
[1.033s] -- Up-to-date: /home/seok/automotive_software_final/install/ad_msgs/local/lib/python3.10/dist-packages/ad_msgs/msg/_lane_point_data_array.py
[1.033s] -- Up-to-date: /home/seok/automotive_software_final/install/ad_msgs/local/lib/python3.10/dist-packages/ad_msgs/msg/_mission_object.py
[1.033s] -- Up-to-date: /home/seok/automotive_software_final/install/ad_msgs/local/lib/python3.10/dist-packages/ad_msgs/msg/_lane_point_data_s.c
[1.033s] -- Up-to-date: /home/seok/automotive_software_final/install/ad_msgs/local/lib/python3.10/dist-packages/ad_msgs/msg/_mission_display_s.c
[1.033s] -- Up-to-date: /home/seok/automotive_software_final/install/ad_msgs/local/lib/python3.10/dist-packages/ad_msgs/_ad_msgs_s.ep.rosidl_typesupport_introspection_c.c
[1.069s] Listing '/home/seok/automotive_software_final/install/ad_msgs/local/lib/python3.10/dist-packages/ad_msgs'...
[1.069s] Listing '/home/seok/automotive_software_final/install/ad_msgs/local/lib/python3.10/dist-packages/ad_msgs/msg'...
[1.075s] -- Up-to-date: /home/seok/automotive_software_final/install/ad_msgs/local/lib/python3.10/dist-packages/ad_msgs/ad_msgs_s__rosidl_typesupport_fastrtps_c.cpython-310-x86_64-linux-gnu.so
[1.075s] -- Up-to-date: /home/seok/automotive_software_final/install/ad_msgs/local/lib/python3.10/dist-packages/ad_msgs/ad_msgs_s__rosidl_typesupport_introspection_c.cpython-310-x86_64-linux-gnu.so
[1.075s] -- Up-to-date: /home/seok/automotive_software_final/install/ad_msgs/local/lib/python3.10/dist-packages/ad_msgs/ad_msgs_s__rosidl_typesupport_c.cpython-310-x86_64-linux-gnu.so
[1.076s] -- Up-to-date: /home/seok/automotive_software_final/install/ad_msgs/lib/libad_msgs__rosidl_generator_py.so
[1.076s] -- Up-to-date: /home/seok/automotive_software_final/install/ad_msgs/share/ad_msgs/msg/VehicleState.idl
[1.076s] -- Up-to-date: /home/seok/automotive_software_final/install/ad_msgs/share/ad_msgs/msg/VehicleCommand.idl
[1.076s] -- Up-to-date: /home/seok/automotive_software_final/install/ad_msgs/share/ad_msgs/msg/Mission.idl
[1.076s] -- Up-to-date: /home/seok/automotive_software_final/install/ad_msgs/share/ad_msgs/msg/MissionObject.idl
[1.077s] -- Up-to-date: /home/seok/automotive_software_final/install/ad_msgs/share/ad_msgs/msg/MissionRegion.idl
[1.077s] -- Up-to-date: /home/seok/automotive_software_final/install/ad_msgs/share/ad_msgs/msg/MissionDisplay.idl
[1.077s] -- Up-to-date: /home/seok/automotive_software_final/install/ad_msgs/share/ad_msgs/msg/PolyfitLaneData.idl
[1.077s] -- Up-to-date: /home/seok/automotive_software_final/install/ad_msgs/share/ad_msgs/msg/LanePointData.idl
[1.077s] -- Up-to-date: /home/seok/automotive_software_final/install/ad_msgs/share/ad_msgs/msg/LanePointDataArray.idl
[1.077s] -- Up-to-date: /home/seok/automotive_software_final/install/ad_msgs/share/ad_msgs/msg/PolyfitLaneDataArray.idl
[1.078s] -- Up-to-date: /home/seok/automotive_software_final/install/ad_msgs/share/ad_msgs/msg/VehicleState.msg
[1.078s] -- Up-to-date: /home/seok/automotive_software_final/install/ad_msgs/share/ad_msgs/msg/VehicleCommand.msg
[1.078s] -- Up-to-date: /home/seok/automotive_software_final/install/ad_msgs/share/ad_msgs/msg/Mission.msg
[1.078s] -- Up-to-date: /home/seok/automotive_software_final/install/ad_msgs/share/ad_msgs/msg/MissionObject.msg
[1.078s] -- Up-to-date: /home/seok/automotive_software_final/install/ad_msgs/share/ad_msgs/msg/MissionRegion.msg
[1.079s] -- Up-to-date: /home/seok/automotive_software_final/install/ad_msgs/share/ad_msgs/msg/MissionDisplay.msg
[1.079s] -- Up-to-date: /home/seok/automotive_software_final/install/ad_msgs/share/ad_msgs/msg/PolyfitLaneData.msg
[1.079s] -- Up-to-date: /home/seok/automotive_software_final/install/ad_msgs/share/ad_msgs/msg/LanePointData.msg
[1.079s] -- Up-to-date: /home/seok/automotive_software_final/install/ad_msgs/share/ad_msgs/msg/LanePointDataArray.msg
[1.079s] -- Up-to-date: /home/seok/automotive_software_final/install/ad_msgs/share/ad_msgs/msg/PolyfitLaneDataArray.msg
[1.079s] -- Up-to-date: /home/seok/automotive_software_final/install/ad_msgs/share/ament_index/resource_index/package_run_dependencies/ad_msgs
[1.079s] -- Up-to-date: /home/seok/automotive_software_final/install/ad_msgs/share/ament_index/resource_index/parent_prefix_path/ad_msgs
[1.079s] -- Up-to-date: /home/seok/automotive_software_final/install/ad_msgs/share/ad_msgs/environment/ament_prefix_path.sh
[1.079s] -- Up-to-date: /home/seok/automotive_software_final/install/ad_msgs/share/ad_msgs/environment/ament_prefix_path.dsv
[1.079s] -- Up-to-date: /home/seok/automotive_software_final/install/ad_msgs/share/ad_msgs/environment/path.sh
[1.079s] -- Up-to-date: /home/seok/automotive_software_final/install/ad_msgs/share/ad_msgs/environment/path.dsv
[1.079s] -- Up-to-date: /home/seok/automotive_software_final/install/ad_msgs/share/ad_msgs/local_setup.bash
[1.079s] -- Up-to-date: /home/seok/automotive_software_final/install/ad_msgs/share/ad_msgs/local_setup.sh
[1.080s] -- Up-to-date: /home/seok/automotive_software_final/install/ad_msgs/share/ad_msgs/local_setup.zsh
[1.080s] -- Up-to-date: /home/seok/automotive_software_final/install/ad_msgs/share/ad_msgs/local_setup.dsv
[1.080s] -- Installing: /home/seok/automotive_software_final/install/ad_msgs/share/ad_msgs/package.dsv
[1.081s] -- Up-to-date: /home/seok/automotive_software_final/install/ad_msgs/share/ament_index/resource_index/packages/ad_msgs
[1.082s] -- Up-to-date: /home/seok/automotive_software_final/install/ad_msgs/share/ad_msgs/cmake/export_ad_msgs__rosidl_generator_cExport.cmake
[1.082s] -- Up-to-date: /home/seok/automotive_software_final/install/ad_msgs/share/ad_msgs/cmake/export_ad_msgs__rosidl_generator_cExport-noconfig.cmake
[1.082s] -- Up-to-date: /home/seok/automotive_software_final/install/ad_msgs/share/ad_msgs/cmake/export_ad_msgs__rosidl_typesupport_fastrtps_cExport.cmake
[1.082s] -- Up-to-date: /home/seok/automotive_software_final/install/ad_msgs/share/ad_msgs/cmake/export_ad_msgs__rosidl_typesupport_fastrtps_cExport-noconfig.cmake
[1.082s] -- Up-to-date: /home/seok/automotive_software_final/install/ad_msgs/share/ad_msgs/cmake/ad_msgs__rosidl_typesupport_introspection_cExport.cmake
[1.082s] -- Up-to-date: /home/seok/automotive_software_final/install/ad_msgs/share/ad_msgs/cmake/ad_msgs__rosidl_typesupport_introspection_cExport-noconfig.cmake
[1.083s] -- Up-to-date: /home/seok/automotive_software_final/install/ad_msgs/share/ad_msgs/cmake/ad_msgs__rosidl_typesupport_cExport.cmake
[1.083s] -- Up-to-date: /home/seok/automotive_software_final/install/ad_msgs/share/ad_msgs/cmake/ad_msgs__rosidl_typesupport_cExport-noconfig.cmake
[1.084s] -- Up-to-date: /home/seok/automotive_software_final/install/ad_msgs/share/ad_msgs/cmake/export_ad_msgs__rosidl_generator_cppExport.cmake
[1.084s] -- Up-to-date: /home/seok/automotive_software_final/install/ad_msgs/share/ad_msgs/cmake/export_ad_msgs__rosidl_typesupport_fastrtps_cppExport.cmake
[1.084s] -- Up-to-date: /home/seok/automotive_software_final/install/ad_msgs/share/ad_msgs/cmake/export_ad_msgs__rosidl_typesupport_fastrtps_cppExport-noconfig.cmake
[1.085s] -- Up-to-date: /home/seok/automotive_software_final/install/ad_msgs/share/ad_msgs/cmake/ad_msgs__rosidl_typesupport_introspection_cppExport.cmake
[1.085s] -- Up-to-date: /home/seok/automotive_software_final/install/ad_msgs/share/ad_msgs/cmake/ad_msgs__rosidl_typesupport_introspection_cppExport-noconfig.cmake
[1.085s] -- Up-to-date: /home/seok/automotive_software_final/install/ad_msgs/share/ad_msgs/cmake/ad_msgs__rosidl_typesupport_cppExport.cmake
[1.085s] -- Up-to-date: /home/seok/automotive_software_final/install/ad_msgs/share/ad_msgs/cmake/ad_msgs__rosidl_typesupport_cppExport-noconfig.cmake
[1.086s] -- Up-to-date: /home/seok/automotive_software_final/install/ad_msgs/share/ad_msgs/cmake/export_ad_msgs__rosidl_generator_pyExport.cmake
[1.086s] -- Up-to-date: /home/seok/automotive_software_final/install/ad_msgs/share/ad_msgs/cmake/export_ad_msgs__rosidl_generator_pyExport-noconfig.cmake
[1.087s] -- Up-to-date: /home/seok/automotive_software_final/install/ad_msgs/share/ad_msgs/cmake/rosidl_cmake-extras.cmake
[1.087s] -- Up-to-date: /home/seok/automotive_software_final/install/ad_msgs/share/ad_msgs/cmake/ament_cmake_export_dependencies-extras.cmake
[1.087s] -- Up-to-date: /home/seok/automotive_software_final/install/ad_msgs/share/ad_msgs/cmake/ament_cmake_export_include_directories-extras.cmake
[1.087s] -- Up-to-date: /home/seok/automotive_software_final/install/ad_msgs/share/ad_msgs/cmake/ament_cmake_export_libraries-extras.cmake
[1.087s] -- Up-to-date: /home/seok/automotive_software_final/install/ad_msgs/share/ad_msgs/cmake/ament_cmake_export_targets-extras.cmake
[1.087s] -- Up-to-date: /home/seok/automotive_software_final/install/ad_msgs/share/ad_msgs/cmake/rosidl_cmake_export_typesupport_targets-extras.cmake
[1.087s] -- Up-to-date: /home/seok/automotive_software_final/install/ad_msgs/share/ad_msgs/cmake/rosidl_cmake_export_typesupport_libraries-extras.cmake
[1.087s] -- Up-to-date: /home/seok/automotive_software_final/install/ad_msgs/share/ad_msgs/cmake/ad_msgsConfig.cmake
[1.087s] -- Up-to-date: /home/seok/automotive_software_final/install/ad_msgs/share/ad_msgs/cmake/ad_msgsConfig-version.cmake
[1.087s] -- Up-to-date: /home/seok/automotive_software_final/install/ad_msgs/share/ad_msgs/package.xml
[1.094s] Invoked command in '/home/seok/automotive_software_final/build/ad_msgs' returned '0': CMAKE_PREFIX_PATH=${CMAKE_PREFIX_PATH}:/opt/ros/humble /usr/bin/cmake --install /home/seok/automotive_software_final/build/ad_msgs
