[0.099s] Invoking command in '/home/seok/automotive_software_final/build/autonomous_driving': CMAKE_PREFIX_PATH=/home/seok/automotive_software_final/install/ad_msgs:/home/seok/automotive_software_final/install/simulator:/home/seok/automotive_software_final/install/mission_manager:/home/seok/automotive_software_final/install/evaluation:/home/seok/automotive_software_final/install/autonomous_driving:/opt/ros/humble /usr/bin/cmake --build /home/seok/automotive_software_final/build/autonomous_driving -- -j28 -l28
[0.137s] [35m[1mConsolidate compiler generated dependencies of target driving_way_node[0m
[0.139s] [35m[1mConsolidate compiler generated dependencies of target autonomous_driving_node[0m
[0.161s] [ 25%] [32mBuilding CXX object CMakeFiles/driving_way_node.dir/src/driving_way_node.cpp.o[0m
[0.170s] [ 50%] [32mBuilding CXX object CMakeFiles/autonomous_driving_node.dir/src/autonomous_driving_node.cpp.o[0m
[15.224s] [ 75%] [32m[1mLinking CXX executable autonomous_driving_node[0m
[16.054s] [ 75%] Built target autonomous_driving_node
[27.717s] [100%] [32m[1mLinking CXX executable driving_way_node[0m
[28.768s] [100%] Built target driving_way_node
[28.798s] Invoked command in '/home/seok/automotive_software_final/build/autonomous_driving' returned '0': CMAKE_PREFIX_PATH=/home/seok/automotive_software_final/install/ad_msgs:/home/seok/automotive_software_final/install/simulator:/home/seok/automotive_software_final/install/mission_manager:/home/seok/automotive_software_final/install/evaluation:/home/seok/automotive_software_final/install/autonomous_driving:/opt/ros/humble /usr/bin/cmake --build /home/seok/automotive_software_final/build/autonomous_driving -- -j28 -l28
[28.819s] Invoking command in '/home/seok/automotive_software_final/build/autonomous_driving': CMAKE_PREFIX_PATH=/home/seok/automotive_software_final/install/ad_msgs:/home/seok/automotive_software_final/install/simulator:/home/seok/automotive_software_final/install/mission_manager:/home/seok/automotive_software_final/install/evaluation:/home/seok/automotive_software_final/install/autonomous_driving:/opt/ros/humble /usr/bin/cmake --install /home/seok/automotive_software_final/build/autonomous_driving
[28.823s] -- Install configuration: ""
[28.823s] -- Installing: /home/seok/automotive_software_final/install/autonomous_driving/lib/autonomous_driving/autonomous_driving_node
[28.831s] -- Set runtime path of "/home/seok/automotive_software_final/install/autonomous_driving/lib/autonomous_driving/autonomous_driving_node" to ""
[28.831s] -- Installing: /home/seok/automotive_software_final/install/autonomous_driving/lib/autonomous_driving/driving_way_node
[28.840s] -- Set runtime path of "/home/seok/automotive_software_final/install/autonomous_driving/lib/autonomous_driving/driving_way_node" to ""
[28.840s] -- Up-to-date: /home/seok/automotive_software_final/install/autonomous_driving/share/autonomous_driving/launch
[28.840s] -- Up-to-date: /home/seok/automotive_software_final/install/autonomous_driving/share/autonomous_driving/launch/manual_driving.launch.xml
[28.840s] -- Up-to-date: /home/seok/automotive_software_final/install/autonomous_driving/share/autonomous_driving/launch/autonomous_driving.launch.xml
[28.840s] -- Up-to-date: /home/seok/automotive_software_final/install/autonomous_driving/lib/autonomous_driving/simultaneous_inputs.py
[28.841s] -- Up-to-date: /home/seok/automotive_software_final/install/autonomous_driving/share/ament_index/resource_index/package_run_dependencies/autonomous_driving
[28.841s] -- Up-to-date: /home/seok/automotive_software_final/install/autonomous_driving/share/ament_index/resource_index/parent_prefix_path/autonomous_driving
[28.841s] -- Up-to-date: /home/seok/automotive_software_final/install/autonomous_driving/share/autonomous_driving/environment/ament_prefix_path.sh
[28.841s] -- Up-to-date: /home/seok/automotive_software_final/install/autonomous_driving/share/autonomous_driving/environment/ament_prefix_path.dsv
[28.841s] -- Up-to-date: /home/seok/automotive_software_final/install/autonomous_driving/share/autonomous_driving/environment/path.sh
[28.841s] -- Up-to-date: /home/seok/automotive_software_final/install/autonomous_driving/share/autonomous_driving/environment/path.dsv
[28.841s] -- Up-to-date: /home/seok/automotive_software_final/install/autonomous_driving/share/autonomous_driving/local_setup.bash
[28.841s] -- Up-to-date: /home/seok/automotive_software_final/install/autonomous_driving/share/autonomous_driving/local_setup.sh
[28.841s] -- Up-to-date: /home/seok/automotive_software_final/install/autonomous_driving/share/autonomous_driving/local_setup.zsh
[28.841s] -- Up-to-date: /home/seok/automotive_software_final/install/autonomous_driving/share/autonomous_driving/local_setup.dsv
[28.841s] -- Installing: /home/seok/automotive_software_final/install/autonomous_driving/share/autonomous_driving/package.dsv
[28.842s] -- Up-to-date: /home/seok/automotive_software_final/install/autonomous_driving/share/ament_index/resource_index/packages/autonomous_driving
[28.842s] -- Up-to-date: /home/seok/automotive_software_final/install/autonomous_driving/share/autonomous_driving/cmake/autonomous_drivingConfig.cmake
[28.842s] -- Up-to-date: /home/seok/automotive_software_final/install/autonomous_driving/share/autonomous_driving/cmake/autonomous_drivingConfig-version.cmake
[28.842s] -- Up-to-date: /home/seok/automotive_software_final/install/autonomous_driving/share/autonomous_driving/package.xml
[28.844s] Invoked command in '/home/seok/automotive_software_final/build/autonomous_driving' returned '0': CMAKE_PREFIX_PATH=/home/seok/automotive_software_final/install/ad_msgs:/home/seok/automotive_software_final/install/simulator:/home/seok/automotive_software_final/install/mission_manager:/home/seok/automotive_software_final/install/evaluation:/home/seok/automotive_software_final/install/autonomous_driving:/opt/ros/humble /usr/bin/cmake --install /home/seok/automotive_software_final/build/autonomous_driving
