[0.258s] Invoking command in '/home/jeongwoo/Automotive_software_final/build/mission_manager': AMENT_PREFIX_PATH=/home/jeongwoo/Automotive_software_final/install/ad_msgs:${AMENT_PREFIX_PATH} CMAKE_PREFIX_PATH=/home/jeongwoo/Automotive_software_final/install/ad_msgs:/opt/ros/humble LD_LIBRARY_PATH=/home/jeongwoo/Automotive_software_final/install/ad_msgs/lib:${LD_LIBRARY_PATH} PYTHONPATH=/home/jeongwoo/Automotive_software_final/install/ad_msgs/local/lib/python3.10/dist-packages:${PYTHONPATH} /usr/bin/cmake --build /home/jeongwoo/Automotive_software_final/build/mission_manager -- -j8 -l8
[0.508s] [100%] Built target mission_manager
[0.597s] Invoked command in '/home/jeongwoo/Automotive_software_final/build/mission_manager' returned '0': AMENT_PREFIX_PATH=/home/jeongwoo/Automotive_software_final/install/ad_msgs:${AMENT_PREFIX_PATH} CMAKE_PREFIX_PATH=/home/jeongwoo/Automotive_software_final/install/ad_msgs:/opt/ros/humble LD_LIBRARY_PATH=/home/jeongwoo/Automotive_software_final/install/ad_msgs/lib:${LD_LIBRARY_PATH} PYTHONPATH=/home/jeongwoo/Automotive_software_final/install/ad_msgs/local/lib/python3.10/dist-packages:${PYTHONPATH} /usr/bin/cmake --build /home/jeongwoo/Automotive_software_final/build/mission_manager -- -j8 -l8
[0.684s] Invoking command in '/home/jeongwoo/Automotive_software_final/build/mission_manager': AMENT_PREFIX_PATH=/home/jeongwoo/Automotive_software_final/install/ad_msgs:${AMENT_PREFIX_PATH} CMAKE_PREFIX_PATH=/home/jeongwoo/Automotive_software_final/install/ad_msgs:/opt/ros/humble LD_LIBRARY_PATH=/home/jeongwoo/Automotive_software_final/install/ad_msgs/lib:${LD_LIBRARY_PATH} PYTHONPATH=/home/jeongwoo/Automotive_software_final/install/ad_msgs/local/lib/python3.10/dist-packages:${PYTHONPATH} /usr/bin/cmake --install /home/jeongwoo/Automotive_software_final/build/mission_manager
[0.704s] -- Install configuration: ""
[0.706s] -- Up-to-date: /home/jeongwoo/Automotive_software_final/install/mission_manager/lib/mission_manager/mission_manager
[0.711s] -- Up-to-date: /home/jeongwoo/Automotive_software_final/install/mission_manager/share/mission_manager/launch
[0.712s] -- Up-to-date: /home/jeongwoo/Automotive_software_final/install/mission_manager/share/mission_manager/launch/mission_manager.launch.xml
[0.714s] -- Up-to-date: /home/jeongwoo/Automotive_software_final/install/mission_manager/share/ament_index/resource_index/package_run_dependencies/mission_manager
[0.714s] -- Up-to-date: /home/jeongwoo/Automotive_software_final/install/mission_manager/share/ament_index/resource_index/parent_prefix_path/mission_manager
[0.715s] -- Up-to-date: /home/jeongwoo/Automotive_software_final/install/mission_manager/share/mission_manager/environment/ament_prefix_path.sh
[0.715s] -- Up-to-date: /home/jeongwoo/Automotive_software_final/install/mission_manager/share/mission_manager/environment/ament_prefix_path.dsv
[0.715s] -- Up-to-date: /home/jeongwoo/Automotive_software_final/install/mission_manager/share/mission_manager/environment/path.sh
[0.716s] -- Up-to-date: /home/jeongwoo/Automotive_software_final/install/mission_manager/share/mission_manager/environment/path.dsv
[0.716s] -- Up-to-date: /home/jeongwoo/Automotive_software_final/install/mission_manager/share/mission_manager/local_setup.bash
[0.716s] -- Up-to-date: /home/jeongwoo/Automotive_software_final/install/mission_manager/share/mission_manager/local_setup.sh
[0.716s] -- Up-to-date: /home/jeongwoo/Automotive_software_final/install/mission_manager/share/mission_manager/local_setup.zsh
[0.716s] -- Up-to-date: /home/jeongwoo/Automotive_software_final/install/mission_manager/share/mission_manager/local_setup.dsv
[0.717s] -- Installing: /home/jeongwoo/Automotive_software_final/install/mission_manager/share/mission_manager/package.dsv
[0.717s] -- Up-to-date: /home/jeongwoo/Automotive_software_final/install/mission_manager/share/ament_index/resource_index/packages/mission_manager
[0.717s] -- Up-to-date: /home/jeongwoo/Automotive_software_final/install/mission_manager/share/mission_manager/cmake/mission_managerConfig.cmake
[0.718s] -- Up-to-date: /home/jeongwoo/Automotive_software_final/install/mission_manager/share/mission_manager/cmake/mission_managerConfig-version.cmake
[0.729s] -- Up-to-date: /home/jeongwoo/Automotive_software_final/install/mission_manager/share/mission_manager/package.xml
[0.730s] Invoked command in '/home/jeongwoo/Automotive_software_final/build/mission_manager' returned '0': AMENT_PREFIX_PATH=/home/jeongwoo/Automotive_software_final/install/ad_msgs:${AMENT_PREFIX_PATH} CMAKE_PREFIX_PATH=/home/jeongwoo/Automotive_software_final/install/ad_msgs:/opt/ros/humble LD_LIBRARY_PATH=/home/jeongwoo/Automotive_software_final/install/ad_msgs/lib:${LD_LIBRARY_PATH} PYTHONPATH=/home/jeongwoo/Automotive_software_final/install/ad_msgs/local/lib/python3.10/dist-packages:${PYTHONPATH} /usr/bin/cmake --install /home/jeongwoo/Automotive_software_final/build/mission_manager
