[0.110s] Invoking command in '/home/seok/automotive_software_final/build/simulator': AMENT_PREFIX_PATH=/home/seok/automotive_software_final/install/ad_msgs:${AMENT_PREFIX_PATH} CMAKE_PREFIX_PATH=/home/seok/automotive_software_final/install/ad_msgs:/opt/ros/humble LD_LIBRARY_PATH=/home/seok/automotive_software_final/install/ad_msgs/lib:${LD_LIBRARY_PATH} PYTHONPATH=/home/seok/automotive_software_final/install/ad_msgs/local/lib/python3.10/dist-packages:${PYTHONPATH} /usr/bin/cmake --build /home/seok/automotive_software_final/build/simulator -- -j8 -l8
[0.193s] [35m[1mConsolidate compiler generated dependencies of target vehicle[0m
[0.196s] [35m[1mConsolidate compiler generated dependencies of target lane_detection[0m
[0.199s] [35m[1mConsolidate compiler generated dependencies of target display[0m
[0.262s] [ 28%] Built target vehicle
[0.267s] [ 57%] Built target display
[0.267s] [100%] Built target lane_detection
[0.284s] Invoked command in '/home/seok/automotive_software_final/build/simulator' returned '0': AMENT_PREFIX_PATH=/home/seok/automotive_software_final/install/ad_msgs:${AMENT_PREFIX_PATH} CMAKE_PREFIX_PATH=/home/seok/automotive_software_final/install/ad_msgs:/opt/ros/humble LD_LIBRARY_PATH=/home/seok/automotive_software_final/install/ad_msgs/lib:${LD_LIBRARY_PATH} PYTHONPATH=/home/seok/automotive_software_final/install/ad_msgs/local/lib/python3.10/dist-packages:${PYTHONPATH} /usr/bin/cmake --build /home/seok/automotive_software_final/build/simulator -- -j8 -l8
[0.331s] Invoking command in '/home/seok/automotive_software_final/build/simulator': AMENT_PREFIX_PATH=/home/seok/automotive_software_final/install/ad_msgs:${AMENT_PREFIX_PATH} CMAKE_PREFIX_PATH=/home/seok/automotive_software_final/install/ad_msgs:/opt/ros/humble LD_LIBRARY_PATH=/home/seok/automotive_software_final/install/ad_msgs/lib:${LD_LIBRARY_PATH} PYTHONPATH=/home/seok/automotive_software_final/install/ad_msgs/local/lib/python3.10/dist-packages:${PYTHONPATH} /usr/bin/cmake --install /home/seok/automotive_software_final/build/simulator
[0.345s] -- Install configuration: ""
[0.346s] -- Installing: /home/seok/automotive_software_final/install/simulator/lib/simulator/vehicle
[0.379s] -- Set runtime path of "/home/seok/automotive_software_final/install/simulator/lib/simulator/vehicle" to ""
[0.379s] -- Installing: /home/seok/automotive_software_final/install/simulator/lib/simulator/lane_detection
[0.400s] -- Set runtime path of "/home/seok/automotive_software_final/install/simulator/lib/simulator/lane_detection" to ""
[0.400s] -- Installing: /home/seok/automotive_software_final/install/simulator/lib/simulator/display
[0.528s] -- Set runtime path of "/home/seok/automotive_software_final/install/simulator/lib/simulator/display" to ""
[0.528s] -- Installing: /home/seok/automotive_software_final/install/simulator/share/simulator/launch
[0.530s] -- Installing: /home/seok/automotive_software_final/install/simulator/share/simulator/launch/simulation.launch.xml
[0.531s] -- Installing: /home/seok/automotive_software_final/install/simulator/share/ament_index/resource_index/package_run_dependencies/simulator
[0.531s] -- Installing: /home/seok/automotive_software_final/install/simulator/share/ament_index/resource_index/parent_prefix_path/simulator
[0.532s] -- Installing: /home/seok/automotive_software_final/install/simulator/share/simulator/environment/ament_prefix_path.sh
[0.532s] -- Installing: /home/seok/automotive_software_final/install/simulator/share/simulator/environment/ament_prefix_path.dsv
[0.533s] -- Installing: /home/seok/automotive_software_final/install/simulator/share/simulator/environment/path.sh
[0.533s] -- Installing: /home/seok/automotive_software_final/install/simulator/share/simulator/environment/path.dsv
[0.533s] -- Installing: /home/seok/automotive_software_final/install/simulator/share/simulator/local_setup.bash
[0.534s] -- Installing: /home/seok/automotive_software_final/install/simulator/share/simulator/local_setup.sh
[0.535s] -- Installing: /home/seok/automotive_software_final/install/simulator/share/simulator/local_setup.zsh
[0.535s] -- Installing: /home/seok/automotive_software_final/install/simulator/share/simulator/local_setup.dsv
[0.535s] -- Installing: /home/seok/automotive_software_final/install/simulator/share/simulator/package.dsv
[0.536s] -- Installing: /home/seok/automotive_software_final/install/simulator/share/ament_index/resource_index/packages/simulator
[0.537s] -- Installing: /home/seok/automotive_software_final/install/simulator/share/simulator/cmake/simulatorConfig.cmake
[0.537s] -- Installing: /home/seok/automotive_software_final/install/simulator/share/simulator/cmake/simulatorConfig-version.cmake
[0.538s] -- Installing: /home/seok/automotive_software_final/install/simulator/share/simulator/package.xml
[0.541s] Invoked command in '/home/seok/automotive_software_final/build/simulator' returned '0': AMENT_PREFIX_PATH=/home/seok/automotive_software_final/install/ad_msgs:${AMENT_PREFIX_PATH} CMAKE_PREFIX_PATH=/home/seok/automotive_software_final/install/ad_msgs:/opt/ros/humble LD_LIBRARY_PATH=/home/seok/automotive_software_final/install/ad_msgs/lib:${LD_LIBRARY_PATH} PYTHONPATH=/home/seok/automotive_software_final/install/ad_msgs/local/lib/python3.10/dist-packages:${PYTHONPATH} /usr/bin/cmake --install /home/seok/automotive_software_final/build/simulator
