[35m[1mConsolidate compiler generated dependencies of target autonomous_driving[0m
[100%] Built target autonomous_driving
-- Install configuration: ""
-- Installing: /home/seok/automotive_software_final/install/autonomous_driving/lib/autonomous_driving/autonomous_driving
-- Set runtime path of "/home/seok/automotive_software_final/install/autonomous_driving/lib/autonomous_driving/autonomous_driving" to ""
-- Up-to-date: /home/seok/automotive_software_final/install/autonomous_driving/share/autonomous_driving/launch
-- Installing: /home/seok/automotive_software_final/install/autonomous_driving/share/autonomous_driving/launch/autonomous_driving.launch.xml
-- Up-to-date: /home/seok/automotive_software_final/install/autonomous_driving/share/autonomous_driving/launch/manual_driving.launch.xml
-- Up-to-date: /home/seok/automotive_software_final/install/autonomous_driving/lib/autonomous_driving/simultaneous_inputs.py
-- Installing: /home/seok/automotive_software_final/install/autonomous_driving/share/ament_index/resource_index/package_run_dependencies/autonomous_driving
-- Installing: /home/seok/automotive_software_final/install/autonomous_driving/share/ament_index/resource_index/parent_prefix_path/autonomous_driving
-- Installing: /home/seok/automotive_software_final/install/autonomous_driving/share/autonomous_driving/environment/ament_prefix_path.sh
-- Installing: /home/seok/automotive_software_final/install/autonomous_driving/share/autonomous_driving/environment/ament_prefix_path.dsv
-- Installing: /home/seok/automotive_software_final/install/autonomous_driving/share/autonomous_driving/environment/path.sh
-- Installing: /home/seok/automotive_software_final/install/autonomous_driving/share/autonomous_driving/environment/path.dsv
-- Installing: /home/seok/automotive_software_final/install/autonomous_driving/share/autonomous_driving/local_setup.bash
-- Installing: /home/seok/automotive_software_final/install/autonomous_driving/share/autonomous_driving/local_setup.sh
-- Installing: /home/seok/automotive_software_final/install/autonomous_driving/share/autonomous_driving/local_setup.zsh
-- Installing: /home/seok/automotive_software_final/install/autonomous_driving/share/autonomous_driving/local_setup.dsv
-- Installing: /home/seok/automotive_software_final/install/autonomous_driving/share/autonomous_driving/package.dsv
-- Installing: /home/seok/automotive_software_final/install/autonomous_driving/share/ament_index/resource_index/packages/autonomous_driving
-- Installing: /home/seok/automotive_software_final/install/autonomous_driving/share/autonomous_driving/cmake/autonomous_drivingConfig.cmake
-- Installing: /home/seok/automotive_software_final/install/autonomous_driving/share/autonomous_driving/cmake/autonomous_drivingConfig-version.cmake
-- Up-to-date: /home/seok/automotive_software_final/install/autonomous_driving/share/autonomous_driving/package.xml
