[0.065s] Invoking command in '/home/seok/automotive_software_final/build/simulator': CMAKE_PREFIX_PATH=/home/seok/automotive_software_final/install/ad_msgs:/home/seok/automotive_software_final/install/simulator:/home/seok/automotive_software_final/install/mission_manager:/home/seok/automotive_software_final/install/evaluation:/home/seok/automotive_software_final/install/autonomous_driving:/opt/ros/humble /usr/bin/cmake --build /home/seok/automotive_software_final/build/simulator -- -j28 -l28
[0.116s] [ 28%] Built target vehicle
[0.121s] [ 71%] Built target lane_detection
[0.121s] [100%] Built target display
[0.136s] Invoked command in '/home/seok/automotive_software_final/build/simulator' returned '0': CMAKE_PREFIX_PATH=/home/seok/automotive_software_final/install/ad_msgs:/home/seok/automotive_software_final/install/simulator:/home/seok/automotive_software_final/install/mission_manager:/home/seok/automotive_software_final/install/evaluation:/home/seok/automotive_software_final/install/autonomous_driving:/opt/ros/humble /usr/bin/cmake --build /home/seok/automotive_software_final/build/simulator -- -j28 -l28
[0.183s] Invoking command in '/home/seok/automotive_software_final/build/simulator': CMAKE_PREFIX_PATH=/home/seok/automotive_software_final/install/ad_msgs:/home/seok/automotive_software_final/install/simulator:/home/seok/automotive_software_final/install/mission_manager:/home/seok/automotive_software_final/install/evaluation:/home/seok/automotive_software_final/install/autonomous_driving:/opt/ros/humble /usr/bin/cmake --install /home/seok/automotive_software_final/build/simulator
[0.191s] -- Install configuration: ""
[0.191s] -- Up-to-date: /home/seok/automotive_software_final/install/simulator/lib/simulator/vehicle
[0.192s] -- Up-to-date: /home/seok/automotive_software_final/install/simulator/lib/simulator/lane_detection
[0.193s] -- Up-to-date: /home/seok/automotive_software_final/install/simulator/lib/simulator/display
[0.193s] -- Up-to-date: /home/seok/automotive_software_final/install/simulator/share/simulator/launch
[0.193s] -- Up-to-date: /home/seok/automotive_software_final/install/simulator/share/simulator/launch/simulation.launch.xml
[0.193s] -- Up-to-date: /home/seok/automotive_software_final/install/simulator/share/ament_index/resource_index/package_run_dependencies/simulator
[0.194s] -- Up-to-date: /home/seok/automotive_software_final/install/simulator/share/ament_index/resource_index/parent_prefix_path/simulator
[0.194s] -- Up-to-date: /home/seok/automotive_software_final/install/simulator/share/simulator/environment/ament_prefix_path.sh
[0.194s] -- Up-to-date: /home/seok/automotive_software_final/install/simulator/share/simulator/environment/ament_prefix_path.dsv
[0.194s] -- Up-to-date: /home/seok/automotive_software_final/install/simulator/share/simulator/environment/path.sh
[0.194s] -- Up-to-date: /home/seok/automotive_software_final/install/simulator/share/simulator/environment/path.dsv
[0.194s] -- Up-to-date: /home/seok/automotive_software_final/install/simulator/share/simulator/local_setup.bash
[0.195s] -- Up-to-date: /home/seok/automotive_software_final/install/simulator/share/simulator/local_setup.sh
[0.195s] -- Up-to-date: /home/seok/automotive_software_final/install/simulator/share/simulator/local_setup.zsh
[0.195s] -- Up-to-date: /home/seok/automotive_software_final/install/simulator/share/simulator/local_setup.dsv
[0.195s] -- Installing: /home/seok/automotive_software_final/install/simulator/share/simulator/package.dsv
[0.195s] -- Up-to-date: /home/seok/automotive_software_final/install/simulator/share/ament_index/resource_index/packages/simulator
[0.195s] -- Up-to-date: /home/seok/automotive_software_final/install/simulator/share/simulator/cmake/simulatorConfig.cmake
[0.195s] -- Up-to-date: /home/seok/automotive_software_final/install/simulator/share/simulator/cmake/simulatorConfig-version.cmake
[0.195s] -- Up-to-date: /home/seok/automotive_software_final/install/simulator/share/simulator/package.xml
[0.208s] Invoked command in '/home/seok/automotive_software_final/build/simulator' returned '0': CMAKE_PREFIX_PATH=/home/seok/automotive_software_final/install/ad_msgs:/home/seok/automotive_software_final/install/simulator:/home/seok/automotive_software_final/install/mission_manager:/home/seok/automotive_software_final/install/evaluation:/home/seok/automotive_software_final/install/autonomous_driving:/opt/ros/humble /usr/bin/cmake --install /home/seok/automotive_software_final/build/simulator
