[0.212s] Invoking command in '/home/jeongwoo/Automotive_software_final/build/mission_manager': CMAKE_PREFIX_PATH=/home/jeongwoo/Automotive_software_final/install/ad_msgs:/home/jeongwoo/Automotive_software_final/install/simulator:/home/jeongwoo/Automotive_software_final/install/mission_manager:/home/jeongwoo/Automotive_software_final/install/evaluation:/home/jeongwoo/Automotive_software_final/install/autonomous_driving:/opt/ros/humble /usr/bin/cmake --build /home/jeongwoo/Automotive_software_final/build/mission_manager -- -j8 -l8
[0.394s] [100%] Built target mission_manager
[0.436s] Invoked command in '/home/jeongwoo/Automotive_software_final/build/mission_manager' returned '0': CMAKE_PREFIX_PATH=/home/jeongwoo/Automotive_software_final/install/ad_msgs:/home/jeongwoo/Automotive_software_final/install/simulator:/home/jeongwoo/Automotive_software_final/install/mission_manager:/home/jeongwoo/Automotive_software_final/install/evaluation:/home/jeongwoo/Automotive_software_final/install/autonomous_driving:/opt/ros/humble /usr/bin/cmake --build /home/jeongwoo/Automotive_software_final/build/mission_manager -- -j8 -l8
[0.522s] Invoking command in '/home/jeongwoo/Automotive_software_final/build/mission_manager': CMAKE_PREFIX_PATH=/home/jeongwoo/Automotive_software_final/install/ad_msgs:/home/jeongwoo/Automotive_software_final/install/simulator:/home/jeongwoo/Automotive_software_final/install/mission_manager:/home/jeongwoo/Automotive_software_final/install/evaluation:/home/jeongwoo/Automotive_software_final/install/autonomous_driving:/opt/ros/humble /usr/bin/cmake --install /home/jeongwoo/Automotive_software_final/build/mission_manager
[0.562s] -- Install configuration: ""
[0.562s] -- Up-to-date: /home/jeongwoo/Automotive_software_final/install/mission_manager/lib/mission_manager/mission_manager
[0.563s] -- Up-to-date: /home/jeongwoo/Automotive_software_final/install/mission_manager/share/mission_manager/launch
[0.563s] -- Up-to-date: /home/jeongwoo/Automotive_software_final/install/mission_manager/share/mission_manager/launch/mission_manager.launch.xml
[0.564s] -- Up-to-date: /home/jeongwoo/Automotive_software_final/install/mission_manager/share/ament_index/resource_index/package_run_dependencies/mission_manager
[0.566s] -- Up-to-date: /home/jeongwoo/Automotive_software_final/install/mission_manager/share/ament_index/resource_index/parent_prefix_path/mission_manager
[0.566s] -- Up-to-date: /home/jeongwoo/Automotive_software_final/install/mission_manager/share/mission_manager/environment/ament_prefix_path.sh
[0.567s] -- Up-to-date: /home/jeongwoo/Automotive_software_final/install/mission_manager/share/mission_manager/environment/ament_prefix_path.dsv
[0.568s] -- Up-to-date: /home/jeongwoo/Automotive_software_final/install/mission_manager/share/mission_manager/environment/path.sh
[0.569s] -- Up-to-date: /home/jeongwoo/Automotive_software_final/install/mission_manager/share/mission_manager/environment/path.dsv
[0.569s] -- Up-to-date: /home/jeongwoo/Automotive_software_final/install/mission_manager/share/mission_manager/local_setup.bash
[0.572s] -- Up-to-date: /home/jeongwoo/Automotive_software_final/install/mission_manager/share/mission_manager/local_setup.sh
[0.575s] -- Up-to-date: /home/jeongwoo/Automotive_software_final/install/mission_manager/share/mission_manager/local_setup.zsh
[0.577s] -- Up-to-date: /home/jeongwoo/Automotive_software_final/install/mission_manager/share/mission_manager/local_setup.dsv
[0.577s] -- Installing: /home/jeongwoo/Automotive_software_final/install/mission_manager/share/mission_manager/package.dsv
[0.577s] -- Up-to-date: /home/jeongwoo/Automotive_software_final/install/mission_manager/share/ament_index/resource_index/packages/mission_manager
[0.578s] -- Up-to-date: /home/jeongwoo/Automotive_software_final/install/mission_manager/share/mission_manager/cmake/mission_managerConfig.cmake
[0.578s] -- Up-to-date: /home/jeongwoo/Automotive_software_final/install/mission_manager/share/mission_manager/cmake/mission_managerConfig-version.cmake
[0.578s] -- Up-to-date: /home/jeongwoo/Automotive_software_final/install/mission_manager/share/mission_manager/package.xml
[0.604s] Invoked command in '/home/jeongwoo/Automotive_software_final/build/mission_manager' returned '0': CMAKE_PREFIX_PATH=/home/jeongwoo/Automotive_software_final/install/ad_msgs:/home/jeongwoo/Automotive_software_final/install/simulator:/home/jeongwoo/Automotive_software_final/install/mission_manager:/home/jeongwoo/Automotive_software_final/install/evaluation:/home/jeongwoo/Automotive_software_final/install/autonomous_driving:/opt/ros/humble /usr/bin/cmake --install /home/jeongwoo/Automotive_software_final/build/mission_manager
