[0.142s] DEBUG:colcon:Command line arguments: ['/usr/bin/colcon', 'build']
[0.142s] DEBUG:colcon:Parsed command line arguments: Namespace(log_base=None, log_level=None, verb_name='build', build_base='build', install_base='install', merge_install=False, symlink_install=False, test_result_base=None, continue_on_error=False, executor='parallel', parallel_workers=28, event_handlers=None, ignore_user_meta=False, metas=['./colcon.meta'], base_paths=['.'], packages_ignore=None, packages_ignore_regex=None, paths=None, packages_up_to=None, packages_up_to_regex=None, packages_above=None, packages_above_and_dependencies=None, packages_above_depth=None, packages_select_by_dep=None, packages_skip_by_dep=None, packages_skip_up_to=None, packages_select_build_failed=False, packages_skip_build_finished=False, packages_select_test_failures=False, packages_skip_test_passed=False, packages_select=None, packages_skip=None, packages_select_regex=None, packages_skip_regex=None, packages_start=None, packages_end=None, allow_overriding=[], cmake_args=None, cmake_target=None, cmake_target_skip_unavailable=False, cmake_clean_cache=False, cmake_clean_first=False, cmake_force_configure=False, ament_cmake_args=None, catkin_cmake_args=None, catkin_skip_building_tests=False, mixin_files=None, mixin=None, verb_parser=<colcon_mixin.mixin.mixin_argument.MixinArgumentDecorator object at 0x7fe22559e2c0>, verb_extension=<colcon_core.verb.build.BuildVerb object at 0x7fe2257166b0>, main=<bound method BuildVerb.main of <colcon_core.verb.build.BuildVerb object at 0x7fe2257166b0>>, mixin_verb=('build',))
[0.303s] Level 1:colcon.colcon_core.package_discovery:discover_packages(colcon_meta) check parameters
[0.303s] Level 1:colcon.colcon_core.package_discovery:discover_packages(recursive) check parameters
[0.303s] Level 1:colcon.colcon_core.package_discovery:discover_packages(ignore) check parameters
[0.303s] Level 1:colcon.colcon_core.package_discovery:discover_packages(path) check parameters
[0.303s] Level 1:colcon.colcon_core.package_discovery:discover_packages(colcon_meta) discover
[0.303s] Level 1:colcon.colcon_core.package_discovery:discover_packages(recursive) discover
[0.303s] INFO:colcon.colcon_core.package_discovery:Crawling recursively for packages in '/home/seok/automotive_software_final'
[0.303s] Level 1:colcon.colcon_core.package_identification:_identify(.) by extensions ['ignore', 'ignore_ament_install']
[0.303s] Level 1:colcon.colcon_core.package_identification:_identify(.) by extension 'ignore'
[0.303s] Level 1:colcon.colcon_core.package_identification:_identify(.) by extension 'ignore_ament_install'
[0.303s] Level 1:colcon.colcon_core.package_identification:_identify(.) by extensions ['colcon_pkg']
[0.303s] Level 1:colcon.colcon_core.package_identification:_identify(.) by extension 'colcon_pkg'
[0.303s] Level 1:colcon.colcon_core.package_identification:_identify(.) by extensions ['colcon_meta']
[0.303s] Level 1:colcon.colcon_core.package_identification:_identify(.) by extension 'colcon_meta'
[0.303s] Level 1:colcon.colcon_core.package_identification:_identify(.) by extensions ['ros']
[0.303s] Level 1:colcon.colcon_core.package_identification:_identify(.) by extension 'ros'
[0.310s] Level 1:colcon.colcon_core.package_identification:_identify(.) by extensions ['cmake', 'python']
[0.310s] Level 1:colcon.colcon_core.package_identification:_identify(.) by extension 'cmake'
[0.310s] Level 1:colcon.colcon_core.package_identification:_identify(.) by extension 'python'
[0.310s] Level 1:colcon.colcon_core.package_identification:_identify(.) by extensions ['python_setup_py']
[0.310s] Level 1:colcon.colcon_core.package_identification:_identify(.) by extension 'python_setup_py'
[0.310s] Level 1:colcon.colcon_core.package_identification:_identify(build) by extensions ['ignore', 'ignore_ament_install']
[0.310s] Level 1:colcon.colcon_core.package_identification:_identify(build) by extension 'ignore'
[0.310s] Level 1:colcon.colcon_core.package_identification:_identify(build) ignored
[0.310s] Level 1:colcon.colcon_core.package_identification:_identify(install) by extensions ['ignore', 'ignore_ament_install']
[0.310s] Level 1:colcon.colcon_core.package_identification:_identify(install) by extension 'ignore'
[0.310s] Level 1:colcon.colcon_core.package_identification:_identify(install) ignored
[0.310s] Level 1:colcon.colcon_core.package_identification:_identify(log) by extensions ['ignore', 'ignore_ament_install']
[0.310s] Level 1:colcon.colcon_core.package_identification:_identify(log) by extension 'ignore'
[0.310s] Level 1:colcon.colcon_core.package_identification:_identify(log) ignored
[0.310s] Level 1:colcon.colcon_core.package_identification:_identify(resources) by extensions ['ignore', 'ignore_ament_install']
[0.310s] Level 1:colcon.colcon_core.package_identification:_identify(resources) by extension 'ignore'
[0.311s] Level 1:colcon.colcon_core.package_identification:_identify(resources) by extension 'ignore_ament_install'
[0.311s] Level 1:colcon.colcon_core.package_identification:_identify(resources) by extensions ['colcon_pkg']
[0.311s] Level 1:colcon.colcon_core.package_identification:_identify(resources) by extension 'colcon_pkg'
[0.311s] Level 1:colcon.colcon_core.package_identification:_identify(resources) by extensions ['colcon_meta']
[0.311s] Level 1:colcon.colcon_core.package_identification:_identify(resources) by extension 'colcon_meta'
[0.311s] Level 1:colcon.colcon_core.package_identification:_identify(resources) by extensions ['ros']
[0.311s] Level 1:colcon.colcon_core.package_identification:_identify(resources) by extension 'ros'
[0.311s] Level 1:colcon.colcon_core.package_identification:_identify(resources) by extensions ['cmake', 'python']
[0.311s] Level 1:colcon.colcon_core.package_identification:_identify(resources) by extension 'cmake'
[0.311s] Level 1:colcon.colcon_core.package_identification:_identify(resources) by extension 'python'
[0.311s] Level 1:colcon.colcon_core.package_identification:_identify(resources) by extensions ['python_setup_py']
[0.311s] Level 1:colcon.colcon_core.package_identification:_identify(resources) by extension 'python_setup_py'
[0.311s] Level 1:colcon.colcon_core.package_identification:_identify(resources/csv) by extensions ['ignore', 'ignore_ament_install']
[0.311s] Level 1:colcon.colcon_core.package_identification:_identify(resources/csv) by extension 'ignore'
[0.311s] Level 1:colcon.colcon_core.package_identification:_identify(resources/csv) by extension 'ignore_ament_install'
[0.311s] Level 1:colcon.colcon_core.package_identification:_identify(resources/csv) by extensions ['colcon_pkg']
[0.311s] Level 1:colcon.colcon_core.package_identification:_identify(resources/csv) by extension 'colcon_pkg'
[0.311s] Level 1:colcon.colcon_core.package_identification:_identify(resources/csv) by extensions ['colcon_meta']
[0.311s] Level 1:colcon.colcon_core.package_identification:_identify(resources/csv) by extension 'colcon_meta'
[0.311s] Level 1:colcon.colcon_core.package_identification:_identify(resources/csv) by extensions ['ros']
[0.311s] Level 1:colcon.colcon_core.package_identification:_identify(resources/csv) by extension 'ros'
[0.311s] Level 1:colcon.colcon_core.package_identification:_identify(resources/csv) by extensions ['cmake', 'python']
[0.311s] Level 1:colcon.colcon_core.package_identification:_identify(resources/csv) by extension 'cmake'
[0.311s] Level 1:colcon.colcon_core.package_identification:_identify(resources/csv) by extension 'python'
[0.311s] Level 1:colcon.colcon_core.package_identification:_identify(resources/csv) by extensions ['python_setup_py']
[0.311s] Level 1:colcon.colcon_core.package_identification:_identify(resources/csv) by extension 'python_setup_py'
[0.311s] Level 1:colcon.colcon_core.package_identification:_identify(resources/csv/evaluation_lane) by extensions ['ignore', 'ignore_ament_install']
[0.311s] Level 1:colcon.colcon_core.package_identification:_identify(resources/csv/evaluation_lane) by extension 'ignore'
[0.311s] Level 1:colcon.colcon_core.package_identification:_identify(resources/csv/evaluation_lane) by extension 'ignore_ament_install'
[0.311s] Level 1:colcon.colcon_core.package_identification:_identify(resources/csv/evaluation_lane) by extensions ['colcon_pkg']
[0.311s] Level 1:colcon.colcon_core.package_identification:_identify(resources/csv/evaluation_lane) by extension 'colcon_pkg'
[0.311s] Level 1:colcon.colcon_core.package_identification:_identify(resources/csv/evaluation_lane) by extensions ['colcon_meta']
[0.311s] Level 1:colcon.colcon_core.package_identification:_identify(resources/csv/evaluation_lane) by extension 'colcon_meta'
[0.311s] Level 1:colcon.colcon_core.package_identification:_identify(resources/csv/evaluation_lane) by extensions ['ros']
[0.311s] Level 1:colcon.colcon_core.package_identification:_identify(resources/csv/evaluation_lane) by extension 'ros'
[0.311s] Level 1:colcon.colcon_core.package_identification:_identify(resources/csv/evaluation_lane) by extensions ['cmake', 'python']
[0.311s] Level 1:colcon.colcon_core.package_identification:_identify(resources/csv/evaluation_lane) by extension 'cmake'
[0.311s] Level 1:colcon.colcon_core.package_identification:_identify(resources/csv/evaluation_lane) by extension 'python'
[0.311s] Level 1:colcon.colcon_core.package_identification:_identify(resources/csv/evaluation_lane) by extensions ['python_setup_py']
[0.311s] Level 1:colcon.colcon_core.package_identification:_identify(resources/csv/evaluation_lane) by extension 'python_setup_py'
[0.311s] Level 1:colcon.colcon_core.package_identification:_identify(resources/csv/simulation_lane) by extensions ['ignore', 'ignore_ament_install']
[0.311s] Level 1:colcon.colcon_core.package_identification:_identify(resources/csv/simulation_lane) by extension 'ignore'
[0.311s] Level 1:colcon.colcon_core.package_identification:_identify(resources/csv/simulation_lane) by extension 'ignore_ament_install'
[0.311s] Level 1:colcon.colcon_core.package_identification:_identify(resources/csv/simulation_lane) by extensions ['colcon_pkg']
[0.311s] Level 1:colcon.colcon_core.package_identification:_identify(resources/csv/simulation_lane) by extension 'colcon_pkg'
[0.311s] Level 1:colcon.colcon_core.package_identification:_identify(resources/csv/simulation_lane) by extensions ['colcon_meta']
[0.311s] Level 1:colcon.colcon_core.package_identification:_identify(resources/csv/simulation_lane) by extension 'colcon_meta'
[0.311s] Level 1:colcon.colcon_core.package_identification:_identify(resources/csv/simulation_lane) by extensions ['ros']
[0.311s] Level 1:colcon.colcon_core.package_identification:_identify(resources/csv/simulation_lane) by extension 'ros'
[0.312s] Level 1:colcon.colcon_core.package_identification:_identify(resources/csv/simulation_lane) by extensions ['cmake', 'python']
[0.312s] Level 1:colcon.colcon_core.package_identification:_identify(resources/csv/simulation_lane) by extension 'cmake'
[0.312s] Level 1:colcon.colcon_core.package_identification:_identify(resources/csv/simulation_lane) by extension 'python'
[0.312s] Level 1:colcon.colcon_core.package_identification:_identify(resources/csv/simulation_lane) by extensions ['python_setup_py']
[0.312s] Level 1:colcon.colcon_core.package_identification:_identify(resources/csv/simulation_lane) by extension 'python_setup_py'
[0.312s] Level 1:colcon.colcon_core.package_identification:_identify(resources/meshes) by extensions ['ignore', 'ignore_ament_install']
[0.312s] Level 1:colcon.colcon_core.package_identification:_identify(resources/meshes) by extension 'ignore'
[0.312s] Level 1:colcon.colcon_core.package_identification:_identify(resources/meshes) by extension 'ignore_ament_install'
[0.312s] Level 1:colcon.colcon_core.package_identification:_identify(resources/meshes) by extensions ['colcon_pkg']
[0.312s] Level 1:colcon.colcon_core.package_identification:_identify(resources/meshes) by extension 'colcon_pkg'
[0.312s] Level 1:colcon.colcon_core.package_identification:_identify(resources/meshes) by extensions ['colcon_meta']
[0.312s] Level 1:colcon.colcon_core.package_identification:_identify(resources/meshes) by extension 'colcon_meta'
[0.312s] Level 1:colcon.colcon_core.package_identification:_identify(resources/meshes) by extensions ['ros']
[0.312s] Level 1:colcon.colcon_core.package_identification:_identify(resources/meshes) by extension 'ros'
[0.312s] Level 1:colcon.colcon_core.package_identification:_identify(resources/meshes) by extensions ['cmake', 'python']
[0.312s] Level 1:colcon.colcon_core.package_identification:_identify(resources/meshes) by extension 'cmake'
[0.312s] Level 1:colcon.colcon_core.package_identification:_identify(resources/meshes) by extension 'python'
[0.312s] Level 1:colcon.colcon_core.package_identification:_identify(resources/meshes) by extensions ['python_setup_py']
[0.312s] Level 1:colcon.colcon_core.package_identification:_identify(resources/meshes) by extension 'python_setup_py'
[0.312s] Level 1:colcon.colcon_core.package_identification:_identify(resources/rviz) by extensions ['ignore', 'ignore_ament_install']
[0.312s] Level 1:colcon.colcon_core.package_identification:_identify(resources/rviz) by extension 'ignore'
[0.312s] Level 1:colcon.colcon_core.package_identification:_identify(resources/rviz) by extension 'ignore_ament_install'
[0.312s] Level 1:colcon.colcon_core.package_identification:_identify(resources/rviz) by extensions ['colcon_pkg']
[0.312s] Level 1:colcon.colcon_core.package_identification:_identify(resources/rviz) by extension 'colcon_pkg'
[0.312s] Level 1:colcon.colcon_core.package_identification:_identify(resources/rviz) by extensions ['colcon_meta']
[0.312s] Level 1:colcon.colcon_core.package_identification:_identify(resources/rviz) by extension 'colcon_meta'
[0.312s] Level 1:colcon.colcon_core.package_identification:_identify(resources/rviz) by extensions ['ros']
[0.312s] Level 1:colcon.colcon_core.package_identification:_identify(resources/rviz) by extension 'ros'
[0.312s] Level 1:colcon.colcon_core.package_identification:_identify(resources/rviz) by extensions ['cmake', 'python']
[0.312s] Level 1:colcon.colcon_core.package_identification:_identify(resources/rviz) by extension 'cmake'
[0.312s] Level 1:colcon.colcon_core.package_identification:_identify(resources/rviz) by extension 'python'
[0.312s] Level 1:colcon.colcon_core.package_identification:_identify(resources/rviz) by extensions ['python_setup_py']
[0.312s] Level 1:colcon.colcon_core.package_identification:_identify(resources/rviz) by extension 'python_setup_py'
[0.312s] Level 1:colcon.colcon_core.package_identification:_identify(src) by extensions ['ignore', 'ignore_ament_install']
[0.312s] Level 1:colcon.colcon_core.package_identification:_identify(src) by extension 'ignore'
[0.312s] Level 1:colcon.colcon_core.package_identification:_identify(src) by extension 'ignore_ament_install'
[0.312s] Level 1:colcon.colcon_core.package_identification:_identify(src) by extensions ['colcon_pkg']
[0.312s] Level 1:colcon.colcon_core.package_identification:_identify(src) by extension 'colcon_pkg'
[0.312s] Level 1:colcon.colcon_core.package_identification:_identify(src) by extensions ['colcon_meta']
[0.312s] Level 1:colcon.colcon_core.package_identification:_identify(src) by extension 'colcon_meta'
[0.312s] Level 1:colcon.colcon_core.package_identification:_identify(src) by extensions ['ros']
[0.312s] Level 1:colcon.colcon_core.package_identification:_identify(src) by extension 'ros'
[0.312s] Level 1:colcon.colcon_core.package_identification:_identify(src) by extensions ['cmake', 'python']
[0.312s] Level 1:colcon.colcon_core.package_identification:_identify(src) by extension 'cmake'
[0.312s] Level 1:colcon.colcon_core.package_identification:_identify(src) by extension 'python'
[0.312s] Level 1:colcon.colcon_core.package_identification:_identify(src) by extensions ['python_setup_py']
[0.312s] Level 1:colcon.colcon_core.package_identification:_identify(src) by extension 'python_setup_py'
[0.312s] Level 1:colcon.colcon_core.package_identification:_identify(src/app) by extensions ['ignore', 'ignore_ament_install']
[0.312s] Level 1:colcon.colcon_core.package_identification:_identify(src/app) by extension 'ignore'
[0.312s] Level 1:colcon.colcon_core.package_identification:_identify(src/app) by extension 'ignore_ament_install'
[0.312s] Level 1:colcon.colcon_core.package_identification:_identify(src/app) by extensions ['colcon_pkg']
[0.312s] Level 1:colcon.colcon_core.package_identification:_identify(src/app) by extension 'colcon_pkg'
[0.312s] Level 1:colcon.colcon_core.package_identification:_identify(src/app) by extensions ['colcon_meta']
[0.312s] Level 1:colcon.colcon_core.package_identification:_identify(src/app) by extension 'colcon_meta'
[0.312s] Level 1:colcon.colcon_core.package_identification:_identify(src/app) by extensions ['ros']
[0.312s] Level 1:colcon.colcon_core.package_identification:_identify(src/app) by extension 'ros'
[0.312s] Level 1:colcon.colcon_core.package_identification:_identify(src/app) by extensions ['cmake', 'python']
[0.313s] Level 1:colcon.colcon_core.package_identification:_identify(src/app) by extension 'cmake'
[0.313s] Level 1:colcon.colcon_core.package_identification:_identify(src/app) by extension 'python'
[0.313s] Level 1:colcon.colcon_core.package_identification:_identify(src/app) by extensions ['python_setup_py']
[0.313s] Level 1:colcon.colcon_core.package_identification:_identify(src/app) by extension 'python_setup_py'
[0.313s] Level 1:colcon.colcon_core.package_identification:_identify(src/app/autonomous_driving) by extensions ['ignore', 'ignore_ament_install']
[0.313s] Level 1:colcon.colcon_core.package_identification:_identify(src/app/autonomous_driving) by extension 'ignore'
[0.313s] Level 1:colcon.colcon_core.package_identification:_identify(src/app/autonomous_driving) by extension 'ignore_ament_install'
[0.313s] Level 1:colcon.colcon_core.package_identification:_identify(src/app/autonomous_driving) by extensions ['colcon_pkg']
[0.313s] Level 1:colcon.colcon_core.package_identification:_identify(src/app/autonomous_driving) by extension 'colcon_pkg'
[0.313s] Level 1:colcon.colcon_core.package_identification:_identify(src/app/autonomous_driving) by extensions ['colcon_meta']
[0.313s] Level 1:colcon.colcon_core.package_identification:_identify(src/app/autonomous_driving) by extension 'colcon_meta'
[0.313s] Level 1:colcon.colcon_core.package_identification:_identify(src/app/autonomous_driving) by extensions ['ros']
[0.313s] Level 1:colcon.colcon_core.package_identification:_identify(src/app/autonomous_driving) by extension 'ros'
[0.315s] DEBUG:colcon.colcon_core.package_identification:Package 'src/app/autonomous_driving' with type 'ros.ament_cmake' and name 'autonomous_driving'
[0.315s] Level 1:colcon.colcon_core.package_identification:_identify(src/app/evaluation) by extensions ['ignore', 'ignore_ament_install']
[0.315s] Level 1:colcon.colcon_core.package_identification:_identify(src/app/evaluation) by extension 'ignore'
[0.315s] Level 1:colcon.colcon_core.package_identification:_identify(src/app/evaluation) by extension 'ignore_ament_install'
[0.315s] Level 1:colcon.colcon_core.package_identification:_identify(src/app/evaluation) by extensions ['colcon_pkg']
[0.315s] Level 1:colcon.colcon_core.package_identification:_identify(src/app/evaluation) by extension 'colcon_pkg'
[0.315s] Level 1:colcon.colcon_core.package_identification:_identify(src/app/evaluation) by extensions ['colcon_meta']
[0.315s] Level 1:colcon.colcon_core.package_identification:_identify(src/app/evaluation) by extension 'colcon_meta'
[0.315s] Level 1:colcon.colcon_core.package_identification:_identify(src/app/evaluation) by extensions ['ros']
[0.315s] Level 1:colcon.colcon_core.package_identification:_identify(src/app/evaluation) by extension 'ros'
[0.316s] DEBUG:colcon.colcon_core.package_identification:Package 'src/app/evaluation' with type 'ros.ament_cmake' and name 'evaluation'
[0.316s] Level 1:colcon.colcon_core.package_identification:_identify(src/app/mission_manager) by extensions ['ignore', 'ignore_ament_install']
[0.316s] Level 1:colcon.colcon_core.package_identification:_identify(src/app/mission_manager) by extension 'ignore'
[0.316s] Level 1:colcon.colcon_core.package_identification:_identify(src/app/mission_manager) by extension 'ignore_ament_install'
[0.316s] Level 1:colcon.colcon_core.package_identification:_identify(src/app/mission_manager) by extensions ['colcon_pkg']
[0.316s] Level 1:colcon.colcon_core.package_identification:_identify(src/app/mission_manager) by extension 'colcon_pkg'
[0.316s] Level 1:colcon.colcon_core.package_identification:_identify(src/app/mission_manager) by extensions ['colcon_meta']
[0.316s] Level 1:colcon.colcon_core.package_identification:_identify(src/app/mission_manager) by extension 'colcon_meta'
[0.316s] Level 1:colcon.colcon_core.package_identification:_identify(src/app/mission_manager) by extensions ['ros']
[0.316s] Level 1:colcon.colcon_core.package_identification:_identify(src/app/mission_manager) by extension 'ros'
[0.316s] DEBUG:colcon.colcon_core.package_identification:Package 'src/app/mission_manager' with type 'ros.ament_cmake' and name 'mission_manager'
[0.316s] Level 1:colcon.colcon_core.package_identification:_identify(src/app/simulator) by extensions ['ignore', 'ignore_ament_install']
[0.316s] Level 1:colcon.colcon_core.package_identification:_identify(src/app/simulator) by extension 'ignore'
[0.316s] Level 1:colcon.colcon_core.package_identification:_identify(src/app/simulator) by extension 'ignore_ament_install'
[0.316s] Level 1:colcon.colcon_core.package_identification:_identify(src/app/simulator) by extensions ['colcon_pkg']
[0.316s] Level 1:colcon.colcon_core.package_identification:_identify(src/app/simulator) by extension 'colcon_pkg'
[0.316s] Level 1:colcon.colcon_core.package_identification:_identify(src/app/simulator) by extensions ['colcon_meta']
[0.316s] Level 1:colcon.colcon_core.package_identification:_identify(src/app/simulator) by extension 'colcon_meta'
[0.316s] Level 1:colcon.colcon_core.package_identification:_identify(src/app/simulator) by extensions ['ros']
[0.316s] Level 1:colcon.colcon_core.package_identification:_identify(src/app/simulator) by extension 'ros'
[0.317s] DEBUG:colcon.colcon_core.package_identification:Package 'src/app/simulator' with type 'ros.ament_cmake' and name 'simulator'
[0.317s] Level 1:colcon.colcon_core.package_identification:_identify(src/bsw) by extensions ['ignore', 'ignore_ament_install']
[0.317s] Level 1:colcon.colcon_core.package_identification:_identify(src/bsw) by extension 'ignore'
[0.317s] Level 1:colcon.colcon_core.package_identification:_identify(src/bsw) by extension 'ignore_ament_install'
[0.317s] Level 1:colcon.colcon_core.package_identification:_identify(src/bsw) by extensions ['colcon_pkg']
[0.317s] Level 1:colcon.colcon_core.package_identification:_identify(src/bsw) by extension 'colcon_pkg'
[0.317s] Level 1:colcon.colcon_core.package_identification:_identify(src/bsw) by extensions ['colcon_meta']
[0.317s] Level 1:colcon.colcon_core.package_identification:_identify(src/bsw) by extension 'colcon_meta'
[0.317s] Level 1:colcon.colcon_core.package_identification:_identify(src/bsw) by extensions ['ros']
[0.317s] Level 1:colcon.colcon_core.package_identification:_identify(src/bsw) by extension 'ros'
[0.317s] Level 1:colcon.colcon_core.package_identification:_identify(src/bsw) by extensions ['cmake', 'python']
[0.317s] Level 1:colcon.colcon_core.package_identification:_identify(src/bsw) by extension 'cmake'
[0.317s] Level 1:colcon.colcon_core.package_identification:_identify(src/bsw) by extension 'python'
[0.317s] Level 1:colcon.colcon_core.package_identification:_identify(src/bsw) by extensions ['python_setup_py']
[0.317s] Level 1:colcon.colcon_core.package_identification:_identify(src/bsw) by extension 'python_setup_py'
[0.317s] Level 1:colcon.colcon_core.package_identification:_identify(src/bsw/system) by extensions ['ignore', 'ignore_ament_install']
[0.318s] Level 1:colcon.colcon_core.package_identification:_identify(src/bsw/system) by extension 'ignore'
[0.318s] Level 1:colcon.colcon_core.package_identification:_identify(src/bsw/system) by extension 'ignore_ament_install'
[0.318s] Level 1:colcon.colcon_core.package_identification:_identify(src/bsw/system) by extensions ['colcon_pkg']
[0.318s] Level 1:colcon.colcon_core.package_identification:_identify(src/bsw/system) by extension 'colcon_pkg'
[0.318s] Level 1:colcon.colcon_core.package_identification:_identify(src/bsw/system) by extensions ['colcon_meta']
[0.318s] Level 1:colcon.colcon_core.package_identification:_identify(src/bsw/system) by extension 'colcon_meta'
[0.318s] Level 1:colcon.colcon_core.package_identification:_identify(src/bsw/system) by extensions ['ros']
[0.318s] Level 1:colcon.colcon_core.package_identification:_identify(src/bsw/system) by extension 'ros'
[0.318s] Level 1:colcon.colcon_core.package_identification:_identify(src/bsw/system) by extensions ['cmake', 'python']
[0.318s] Level 1:colcon.colcon_core.package_identification:_identify(src/bsw/system) by extension 'cmake'
[0.318s] Level 1:colcon.colcon_core.package_identification:_identify(src/bsw/system) by extension 'python'
[0.318s] Level 1:colcon.colcon_core.package_identification:_identify(src/bsw/system) by extensions ['python_setup_py']
[0.318s] Level 1:colcon.colcon_core.package_identification:_identify(src/bsw/system) by extension 'python_setup_py'
[0.318s] Level 1:colcon.colcon_core.package_identification:_identify(src/bsw/system/bridge) by extensions ['ignore', 'ignore_ament_install']
[0.318s] Level 1:colcon.colcon_core.package_identification:_identify(src/bsw/system/bridge) by extension 'ignore'
[0.318s] Level 1:colcon.colcon_core.package_identification:_identify(src/bsw/system/bridge) by extension 'ignore_ament_install'
[0.318s] Level 1:colcon.colcon_core.package_identification:_identify(src/bsw/system/bridge) by extensions ['colcon_pkg']
[0.318s] Level 1:colcon.colcon_core.package_identification:_identify(src/bsw/system/bridge) by extension 'colcon_pkg'
[0.318s] Level 1:colcon.colcon_core.package_identification:_identify(src/bsw/system/bridge) by extensions ['colcon_meta']
[0.318s] Level 1:colcon.colcon_core.package_identification:_identify(src/bsw/system/bridge) by extension 'colcon_meta'
[0.318s] Level 1:colcon.colcon_core.package_identification:_identify(src/bsw/system/bridge) by extensions ['ros']
[0.318s] Level 1:colcon.colcon_core.package_identification:_identify(src/bsw/system/bridge) by extension 'ros'
[0.318s] Level 1:colcon.colcon_core.package_identification:_identify(src/bsw/system/bridge) by extensions ['cmake', 'python']
[0.318s] Level 1:colcon.colcon_core.package_identification:_identify(src/bsw/system/bridge) by extension 'cmake'
[0.318s] Level 1:colcon.colcon_core.package_identification:_identify(src/bsw/system/bridge) by extension 'python'
[0.318s] Level 1:colcon.colcon_core.package_identification:_identify(src/bsw/system/bridge) by extensions ['python_setup_py']
[0.318s] Level 1:colcon.colcon_core.package_identification:_identify(src/bsw/system/bridge) by extension 'python_setup_py'
[0.318s] Level 1:colcon.colcon_core.package_identification:_identify(src/bsw/system/interface) by extensions ['ignore', 'ignore_ament_install']
[0.318s] Level 1:colcon.colcon_core.package_identification:_identify(src/bsw/system/interface) by extension 'ignore'
[0.318s] Level 1:colcon.colcon_core.package_identification:_identify(src/bsw/system/interface) by extension 'ignore_ament_install'
[0.318s] Level 1:colcon.colcon_core.package_identification:_identify(src/bsw/system/interface) by extensions ['colcon_pkg']
[0.318s] Level 1:colcon.colcon_core.package_identification:_identify(src/bsw/system/interface) by extension 'colcon_pkg'
[0.318s] Level 1:colcon.colcon_core.package_identification:_identify(src/bsw/system/interface) by extensions ['colcon_meta']
[0.318s] Level 1:colcon.colcon_core.package_identification:_identify(src/bsw/system/interface) by extension 'colcon_meta'
[0.318s] Level 1:colcon.colcon_core.package_identification:_identify(src/bsw/system/interface) by extensions ['ros']
[0.318s] Level 1:colcon.colcon_core.package_identification:_identify(src/bsw/system/interface) by extension 'ros'
[0.318s] Level 1:colcon.colcon_core.package_identification:_identify(src/bsw/system/interface) by extensions ['cmake', 'python']
[0.318s] Level 1:colcon.colcon_core.package_identification:_identify(src/bsw/system/interface) by extension 'cmake'
[0.318s] Level 1:colcon.colcon_core.package_identification:_identify(src/bsw/system/interface) by extension 'python'
[0.318s] Level 1:colcon.colcon_core.package_identification:_identify(src/bsw/system/interface) by extensions ['python_setup_py']
[0.318s] Level 1:colcon.colcon_core.package_identification:_identify(src/bsw/system/interface) by extension 'python_setup_py'
[0.318s] Level 1:colcon.colcon_core.package_identification:_identify(src/rte) by extensions ['ignore', 'ignore_ament_install']
[0.318s] Level 1:colcon.colcon_core.package_identification:_identify(src/rte) by extension 'ignore'
[0.318s] Level 1:colcon.colcon_core.package_identification:_identify(src/rte) by extension 'ignore_ament_install'
[0.318s] Level 1:colcon.colcon_core.package_identification:_identify(src/rte) by extensions ['colcon_pkg']
[0.318s] Level 1:colcon.colcon_core.package_identification:_identify(src/rte) by extension 'colcon_pkg'
[0.318s] Level 1:colcon.colcon_core.package_identification:_identify(src/rte) by extensions ['colcon_meta']
[0.318s] Level 1:colcon.colcon_core.package_identification:_identify(src/rte) by extension 'colcon_meta'
[0.318s] Level 1:colcon.colcon_core.package_identification:_identify(src/rte) by extensions ['ros']
[0.318s] Level 1:colcon.colcon_core.package_identification:_identify(src/rte) by extension 'ros'
[0.318s] Level 1:colcon.colcon_core.package_identification:_identify(src/rte) by extensions ['cmake', 'python']
[0.318s] Level 1:colcon.colcon_core.package_identification:_identify(src/rte) by extension 'cmake'
[0.318s] Level 1:colcon.colcon_core.package_identification:_identify(src/rte) by extension 'python'
[0.319s] Level 1:colcon.colcon_core.package_identification:_identify(src/rte) by extensions ['python_setup_py']
[0.319s] Level 1:colcon.colcon_core.package_identification:_identify(src/rte) by extension 'python_setup_py'
[0.319s] Level 1:colcon.colcon_core.package_identification:_identify(src/rte/msg) by extensions ['ignore', 'ignore_ament_install']
[0.319s] Level 1:colcon.colcon_core.package_identification:_identify(src/rte/msg) by extension 'ignore'
[0.319s] Level 1:colcon.colcon_core.package_identification:_identify(src/rte/msg) by extension 'ignore_ament_install'
[0.319s] Level 1:colcon.colcon_core.package_identification:_identify(src/rte/msg) by extensions ['colcon_pkg']
[0.319s] Level 1:colcon.colcon_core.package_identification:_identify(src/rte/msg) by extension 'colcon_pkg'
[0.319s] Level 1:colcon.colcon_core.package_identification:_identify(src/rte/msg) by extensions ['colcon_meta']
[0.319s] Level 1:colcon.colcon_core.package_identification:_identify(src/rte/msg) by extension 'colcon_meta'
[0.319s] Level 1:colcon.colcon_core.package_identification:_identify(src/rte/msg) by extensions ['ros']
[0.319s] Level 1:colcon.colcon_core.package_identification:_identify(src/rte/msg) by extension 'ros'
[0.319s] Level 1:colcon.colcon_core.package_identification:_identify(src/rte/msg) by extensions ['cmake', 'python']
[0.319s] Level 1:colcon.colcon_core.package_identification:_identify(src/rte/msg) by extension 'cmake'
[0.319s] Level 1:colcon.colcon_core.package_identification:_identify(src/rte/msg) by extension 'python'
[0.319s] Level 1:colcon.colcon_core.package_identification:_identify(src/rte/msg) by extensions ['python_setup_py']
[0.319s] Level 1:colcon.colcon_core.package_identification:_identify(src/rte/msg) by extension 'python_setup_py'
[0.319s] Level 1:colcon.colcon_core.package_identification:_identify(src/rte/msg/ad_msgs) by extensions ['ignore', 'ignore_ament_install']
[0.319s] Level 1:colcon.colcon_core.package_identification:_identify(src/rte/msg/ad_msgs) by extension 'ignore'
[0.319s] Level 1:colcon.colcon_core.package_identification:_identify(src/rte/msg/ad_msgs) by extension 'ignore_ament_install'
[0.319s] Level 1:colcon.colcon_core.package_identification:_identify(src/rte/msg/ad_msgs) by extensions ['colcon_pkg']
[0.319s] Level 1:colcon.colcon_core.package_identification:_identify(src/rte/msg/ad_msgs) by extension 'colcon_pkg'
[0.319s] Level 1:colcon.colcon_core.package_identification:_identify(src/rte/msg/ad_msgs) by extensions ['colcon_meta']
[0.319s] Level 1:colcon.colcon_core.package_identification:_identify(src/rte/msg/ad_msgs) by extension 'colcon_meta'
[0.319s] Level 1:colcon.colcon_core.package_identification:_identify(src/rte/msg/ad_msgs) by extensions ['ros']
[0.319s] Level 1:colcon.colcon_core.package_identification:_identify(src/rte/msg/ad_msgs) by extension 'ros'
[0.319s] DEBUG:colcon.colcon_core.package_identification:Package 'src/rte/msg/ad_msgs' with type 'ros.ament_cmake' and name 'ad_msgs'
[0.320s] Level 1:colcon.colcon_core.package_discovery:discover_packages(recursive) using defaults
[0.320s] Level 1:colcon.colcon_core.package_discovery:discover_packages(ignore) discover
[0.320s] Level 1:colcon.colcon_core.package_discovery:discover_packages(ignore) using defaults
[0.320s] Level 1:colcon.colcon_core.package_discovery:discover_packages(path) discover
[0.320s] Level 1:colcon.colcon_core.package_discovery:discover_packages(path) using defaults
[0.342s] Level 1:colcon.colcon_core.package_discovery:discover_packages(prefix_path) check parameters
[0.342s] Level 1:colcon.colcon_core.package_discovery:discover_packages(prefix_path) discover
[0.345s] DEBUG:colcon.colcon_installed_package_information.package_discovery:Found 296 installed packages in /opt/ros/humble
[0.345s] Level 1:colcon.colcon_core.package_discovery:discover_packages(prefix_path) using defaults
[0.391s] Level 5:colcon.colcon_core.verb:set package 'ad_msgs' build argument 'cmake_args' from command line to 'None'
[0.391s] Level 5:colcon.colcon_core.verb:set package 'ad_msgs' build argument 'cmake_target' from command line to 'None'
[0.391s] Level 5:colcon.colcon_core.verb:set package 'ad_msgs' build argument 'cmake_target_skip_unavailable' from command line to 'False'
[0.391s] Level 5:colcon.colcon_core.verb:set package 'ad_msgs' build argument 'cmake_clean_cache' from command line to 'False'
[0.391s] Level 5:colcon.colcon_core.verb:set package 'ad_msgs' build argument 'cmake_clean_first' from command line to 'False'
[0.391s] Level 5:colcon.colcon_core.verb:set package 'ad_msgs' build argument 'cmake_force_configure' from command line to 'False'
[0.391s] Level 5:colcon.colcon_core.verb:set package 'ad_msgs' build argument 'ament_cmake_args' from command line to 'None'
[0.391s] Level 5:colcon.colcon_core.verb:set package 'ad_msgs' build argument 'catkin_cmake_args' from command line to 'None'
[0.391s] Level 5:colcon.colcon_core.verb:set package 'ad_msgs' build argument 'catkin_skip_building_tests' from command line to 'False'
[0.392s] DEBUG:colcon.colcon_core.verb:Building package 'ad_msgs' with the following arguments: {'ament_cmake_args': None, 'build_base': '/home/seok/automotive_software_final/build/ad_msgs', 'catkin_cmake_args': None, 'catkin_skip_building_tests': False, 'cmake_args': None, 'cmake_clean_cache': False, 'cmake_clean_first': False, 'cmake_force_configure': False, 'cmake_target': None, 'cmake_target_skip_unavailable': False, 'install_base': '/home/seok/automotive_software_final/install/ad_msgs', 'merge_install': False, 'path': '/home/seok/automotive_software_final/src/rte/msg/ad_msgs', 'symlink_install': False, 'test_result_base': None}
[0.392s] Level 5:colcon.colcon_core.verb:set package 'autonomous_driving' build argument 'cmake_args' from command line to 'None'
[0.392s] Level 5:colcon.colcon_core.verb:set package 'autonomous_driving' build argument 'cmake_target' from command line to 'None'
[0.392s] Level 5:colcon.colcon_core.verb:set package 'autonomous_driving' build argument 'cmake_target_skip_unavailable' from command line to 'False'
[0.392s] Level 5:colcon.colcon_core.verb:set package 'autonomous_driving' build argument 'cmake_clean_cache' from command line to 'False'
[0.392s] Level 5:colcon.colcon_core.verb:set package 'autonomous_driving' build argument 'cmake_clean_first' from command line to 'False'
[0.392s] Level 5:colcon.colcon_core.verb:set package 'autonomous_driving' build argument 'cmake_force_configure' from command line to 'False'
[0.392s] Level 5:colcon.colcon_core.verb:set package 'autonomous_driving' build argument 'ament_cmake_args' from command line to 'None'
[0.392s] Level 5:colcon.colcon_core.verb:set package 'autonomous_driving' build argument 'catkin_cmake_args' from command line to 'None'
[0.392s] Level 5:colcon.colcon_core.verb:set package 'autonomous_driving' build argument 'catkin_skip_building_tests' from command line to 'False'
[0.392s] DEBUG:colcon.colcon_core.verb:Building package 'autonomous_driving' with the following arguments: {'ament_cmake_args': None, 'build_base': '/home/seok/automotive_software_final/build/autonomous_driving', 'catkin_cmake_args': None, 'catkin_skip_building_tests': False, 'cmake_args': None, 'cmake_clean_cache': False, 'cmake_clean_first': False, 'cmake_force_configure': False, 'cmake_target': None, 'cmake_target_skip_unavailable': False, 'install_base': '/home/seok/automotive_software_final/install/autonomous_driving', 'merge_install': False, 'path': '/home/seok/automotive_software_final/src/app/autonomous_driving', 'symlink_install': False, 'test_result_base': None}
[0.392s] Level 5:colcon.colcon_core.verb:set package 'evaluation' build argument 'cmake_args' from command line to 'None'
[0.392s] Level 5:colcon.colcon_core.verb:set package 'evaluation' build argument 'cmake_target' from command line to 'None'
[0.392s] Level 5:colcon.colcon_core.verb:set package 'evaluation' build argument 'cmake_target_skip_unavailable' from command line to 'False'
[0.392s] Level 5:colcon.colcon_core.verb:set package 'evaluation' build argument 'cmake_clean_cache' from command line to 'False'
[0.392s] Level 5:colcon.colcon_core.verb:set package 'evaluation' build argument 'cmake_clean_first' from command line to 'False'
[0.392s] Level 5:colcon.colcon_core.verb:set package 'evaluation' build argument 'cmake_force_configure' from command line to 'False'
[0.392s] Level 5:colcon.colcon_core.verb:set package 'evaluation' build argument 'ament_cmake_args' from command line to 'None'
[0.392s] Level 5:colcon.colcon_core.verb:set package 'evaluation' build argument 'catkin_cmake_args' from command line to 'None'
[0.392s] Level 5:colcon.colcon_core.verb:set package 'evaluation' build argument 'catkin_skip_building_tests' from command line to 'False'
[0.392s] DEBUG:colcon.colcon_core.verb:Building package 'evaluation' with the following arguments: {'ament_cmake_args': None, 'build_base': '/home/seok/automotive_software_final/build/evaluation', 'catkin_cmake_args': None, 'catkin_skip_building_tests': False, 'cmake_args': None, 'cmake_clean_cache': False, 'cmake_clean_first': False, 'cmake_force_configure': False, 'cmake_target': None, 'cmake_target_skip_unavailable': False, 'install_base': '/home/seok/automotive_software_final/install/evaluation', 'merge_install': False, 'path': '/home/seok/automotive_software_final/src/app/evaluation', 'symlink_install': False, 'test_result_base': None}
[0.393s] Level 5:colcon.colcon_core.verb:set package 'mission_manager' build argument 'cmake_args' from command line to 'None'
[0.393s] Level 5:colcon.colcon_core.verb:set package 'mission_manager' build argument 'cmake_target' from command line to 'None'
[0.393s] Level 5:colcon.colcon_core.verb:set package 'mission_manager' build argument 'cmake_target_skip_unavailable' from command line to 'False'
[0.393s] Level 5:colcon.colcon_core.verb:set package 'mission_manager' build argument 'cmake_clean_cache' from command line to 'False'
[0.393s] Level 5:colcon.colcon_core.verb:set package 'mission_manager' build argument 'cmake_clean_first' from command line to 'False'
[0.393s] Level 5:colcon.colcon_core.verb:set package 'mission_manager' build argument 'cmake_force_configure' from command line to 'False'
[0.393s] Level 5:colcon.colcon_core.verb:set package 'mission_manager' build argument 'ament_cmake_args' from command line to 'None'
[0.393s] Level 5:colcon.colcon_core.verb:set package 'mission_manager' build argument 'catkin_cmake_args' from command line to 'None'
[0.393s] Level 5:colcon.colcon_core.verb:set package 'mission_manager' build argument 'catkin_skip_building_tests' from command line to 'False'
[0.393s] DEBUG:colcon.colcon_core.verb:Building package 'mission_manager' with the following arguments: {'ament_cmake_args': None, 'build_base': '/home/seok/automotive_software_final/build/mission_manager', 'catkin_cmake_args': None, 'catkin_skip_building_tests': False, 'cmake_args': None, 'cmake_clean_cache': False, 'cmake_clean_first': False, 'cmake_force_configure': False, 'cmake_target': None, 'cmake_target_skip_unavailable': False, 'install_base': '/home/seok/automotive_software_final/install/mission_manager', 'merge_install': False, 'path': '/home/seok/automotive_software_final/src/app/mission_manager', 'symlink_install': False, 'test_result_base': None}
[0.393s] Level 5:colcon.colcon_core.verb:set package 'simulator' build argument 'cmake_args' from command line to 'None'
[0.393s] Level 5:colcon.colcon_core.verb:set package 'simulator' build argument 'cmake_target' from command line to 'None'
[0.393s] Level 5:colcon.colcon_core.verb:set package 'simulator' build argument 'cmake_target_skip_unavailable' from command line to 'False'
[0.393s] Level 5:colcon.colcon_core.verb:set package 'simulator' build argument 'cmake_clean_cache' from command line to 'False'
[0.393s] Level 5:colcon.colcon_core.verb:set package 'simulator' build argument 'cmake_clean_first' from command line to 'False'
[0.393s] Level 5:colcon.colcon_core.verb:set package 'simulator' build argument 'cmake_force_configure' from command line to 'False'
[0.393s] Level 5:colcon.colcon_core.verb:set package 'simulator' build argument 'ament_cmake_args' from command line to 'None'
[0.393s] Level 5:colcon.colcon_core.verb:set package 'simulator' build argument 'catkin_cmake_args' from command line to 'None'
[0.393s] Level 5:colcon.colcon_core.verb:set package 'simulator' build argument 'catkin_skip_building_tests' from command line to 'False'
[0.393s] DEBUG:colcon.colcon_core.verb:Building package 'simulator' with the following arguments: {'ament_cmake_args': None, 'build_base': '/home/seok/automotive_software_final/build/simulator', 'catkin_cmake_args': None, 'catkin_skip_building_tests': False, 'cmake_args': None, 'cmake_clean_cache': False, 'cmake_clean_first': False, 'cmake_force_configure': False, 'cmake_target': None, 'cmake_target_skip_unavailable': False, 'install_base': '/home/seok/automotive_software_final/install/simulator', 'merge_install': False, 'path': '/home/seok/automotive_software_final/src/app/simulator', 'symlink_install': False, 'test_result_base': None}
[0.393s] INFO:colcon.colcon_core.executor:Executing jobs using 'parallel' executor
[0.394s] DEBUG:colcon.colcon_parallel_executor.executor.parallel:run_until_complete
[0.394s] INFO:colcon.colcon_ros.task.ament_cmake.build:Building ROS package in '/home/seok/automotive_software_final/src/rte/msg/ad_msgs' with build type 'ament_cmake'
[0.394s] INFO:colcon.colcon_cmake.task.cmake.build:Building CMake package in '/home/seok/automotive_software_final/src/rte/msg/ad_msgs'
[0.397s] INFO:colcon.colcon_core.plugin_system:Skipping extension 'colcon_core.shell.bat': Not used on non-Windows systems
[0.397s] INFO:colcon.colcon_core.shell:Skip shell extension 'powershell' for command environment: Not usable outside of PowerShell
[0.397s] DEBUG:colcon.colcon_core.shell:Skip shell extension 'dsv' for command environment
[0.402s] DEBUG:colcon.colcon_core.event_handler.log_command:Invoking command in '/home/seok/automotive_software_final/build/ad_msgs': CMAKE_PREFIX_PATH=/opt/ros/humble /usr/bin/cmake --build /home/seok/automotive_software_final/build/ad_msgs -- -j28 -l28
[0.598s] DEBUG:colcon.colcon_core.event_handler.log_command:Invoked command in '/home/seok/automotive_software_final/build/ad_msgs' returned '0': CMAKE_PREFIX_PATH=/opt/ros/humble /usr/bin/cmake --build /home/seok/automotive_software_final/build/ad_msgs -- -j28 -l28
[0.709s] DEBUG:colcon.colcon_core.event_handler.log_command:Invoking command in '/home/seok/automotive_software_final/build/ad_msgs': CMAKE_PREFIX_PATH=/opt/ros/humble /usr/bin/cmake --install /home/seok/automotive_software_final/build/ad_msgs
[0.745s] Level 1:colcon.colcon_core.environment:create_environment_scripts_only(ad_msgs)
[0.745s] DEBUG:colcon.colcon_core.event_handler.log_command:Invoked command in '/home/seok/automotive_software_final/build/ad_msgs' returned '0': CMAKE_PREFIX_PATH=/opt/ros/humble /usr/bin/cmake --install /home/seok/automotive_software_final/build/ad_msgs
[0.749s] Level 1:colcon.colcon_core.environment:checking '/home/seok/automotive_software_final/install/ad_msgs' for CMake module files
[0.750s] Level 1:colcon.colcon_core.environment:checking '/home/seok/automotive_software_final/install/ad_msgs' for CMake config files
[0.750s] Level 1:colcon.colcon_core.shell:create_environment_hook('ad_msgs', 'cmake_prefix_path')
[0.750s] INFO:colcon.colcon_core.shell:Creating environment hook '/home/seok/automotive_software_final/install/ad_msgs/share/ad_msgs/hook/cmake_prefix_path.ps1'
[0.751s] INFO:colcon.colcon_core.shell:Creating environment descriptor '/home/seok/automotive_software_final/install/ad_msgs/share/ad_msgs/hook/cmake_prefix_path.dsv'
[0.751s] INFO:colcon.colcon_core.shell:Creating environment hook '/home/seok/automotive_software_final/install/ad_msgs/share/ad_msgs/hook/cmake_prefix_path.sh'
[0.752s] Level 1:colcon.colcon_core.environment:checking '/home/seok/automotive_software_final/install/ad_msgs/lib'
[0.752s] Level 1:colcon.colcon_core.shell:create_environment_hook('ad_msgs', 'ld_library_path_lib')
[0.752s] INFO:colcon.colcon_core.shell:Creating environment hook '/home/seok/automotive_software_final/install/ad_msgs/share/ad_msgs/hook/ld_library_path_lib.ps1'
[0.752s] INFO:colcon.colcon_core.shell:Creating environment descriptor '/home/seok/automotive_software_final/install/ad_msgs/share/ad_msgs/hook/ld_library_path_lib.dsv'
[0.752s] INFO:colcon.colcon_core.shell:Creating environment hook '/home/seok/automotive_software_final/install/ad_msgs/share/ad_msgs/hook/ld_library_path_lib.sh'
[0.753s] Level 1:colcon.colcon_core.environment:checking '/home/seok/automotive_software_final/install/ad_msgs/bin'
[0.753s] Level 1:colcon.colcon_core.environment:checking '/home/seok/automotive_software_final/install/ad_msgs/lib/pkgconfig/ad_msgs.pc'
[0.753s] Level 1:colcon.colcon_core.environment:checking '/home/seok/automotive_software_final/install/ad_msgs/lib/python3.10/site-packages'
[0.753s] Level 1:colcon.colcon_core.environment:checking '/home/seok/automotive_software_final/install/ad_msgs/bin'
[0.753s] INFO:colcon.colcon_core.shell:Creating package script '/home/seok/automotive_software_final/install/ad_msgs/share/ad_msgs/package.ps1'
[0.753s] INFO:colcon.colcon_core.shell:Creating package descriptor '/home/seok/automotive_software_final/install/ad_msgs/share/ad_msgs/package.dsv'
[0.754s] INFO:colcon.colcon_core.shell:Creating package script '/home/seok/automotive_software_final/install/ad_msgs/share/ad_msgs/package.sh'
[0.754s] INFO:colcon.colcon_core.shell:Creating package script '/home/seok/automotive_software_final/install/ad_msgs/share/ad_msgs/package.bash'
[0.755s] INFO:colcon.colcon_core.shell:Creating package script '/home/seok/automotive_software_final/install/ad_msgs/share/ad_msgs/package.zsh'
[0.756s] Level 1:colcon.colcon_core.environment:create_file_with_runtime_dependencies(/home/seok/automotive_software_final/install/ad_msgs/share/colcon-core/packages/ad_msgs)
[0.853s] Level 1:colcon.colcon_core.environment:create_environment_scripts_only(ad_msgs)
[0.853s] Level 1:colcon.colcon_core.environment:checking '/home/seok/automotive_software_final/install/ad_msgs' for CMake module files
[0.853s] Level 1:colcon.colcon_core.environment:checking '/home/seok/automotive_software_final/install/ad_msgs' for CMake config files
[0.854s] Level 1:colcon.colcon_core.shell:create_environment_hook('ad_msgs', 'cmake_prefix_path')
[0.854s] INFO:colcon.colcon_core.shell:Creating environment hook '/home/seok/automotive_software_final/install/ad_msgs/share/ad_msgs/hook/cmake_prefix_path.ps1'
[0.854s] INFO:colcon.colcon_core.shell:Creating environment descriptor '/home/seok/automotive_software_final/install/ad_msgs/share/ad_msgs/hook/cmake_prefix_path.dsv'
[0.855s] INFO:colcon.colcon_core.shell:Creating environment hook '/home/seok/automotive_software_final/install/ad_msgs/share/ad_msgs/hook/cmake_prefix_path.sh'
[0.855s] Level 1:colcon.colcon_core.environment:checking '/home/seok/automotive_software_final/install/ad_msgs/lib'
[0.855s] Level 1:colcon.colcon_core.shell:create_environment_hook('ad_msgs', 'ld_library_path_lib')
[0.855s] INFO:colcon.colcon_core.shell:Creating environment hook '/home/seok/automotive_software_final/install/ad_msgs/share/ad_msgs/hook/ld_library_path_lib.ps1'
[0.855s] INFO:colcon.colcon_core.shell:Creating environment descriptor '/home/seok/automotive_software_final/install/ad_msgs/share/ad_msgs/hook/ld_library_path_lib.dsv'
[0.855s] INFO:colcon.colcon_core.shell:Creating environment hook '/home/seok/automotive_software_final/install/ad_msgs/share/ad_msgs/hook/ld_library_path_lib.sh'
[0.856s] Level 1:colcon.colcon_core.environment:checking '/home/seok/automotive_software_final/install/ad_msgs/bin'
[0.856s] Level 1:colcon.colcon_core.environment:checking '/home/seok/automotive_software_final/install/ad_msgs/lib/pkgconfig/ad_msgs.pc'
[0.856s] Level 1:colcon.colcon_core.environment:checking '/home/seok/automotive_software_final/install/ad_msgs/lib/python3.10/site-packages'
[0.856s] Level 1:colcon.colcon_core.environment:checking '/home/seok/automotive_software_final/install/ad_msgs/bin'
[0.856s] INFO:colcon.colcon_core.shell:Creating package script '/home/seok/automotive_software_final/install/ad_msgs/share/ad_msgs/package.ps1'
[0.857s] INFO:colcon.colcon_core.shell:Creating package descriptor '/home/seok/automotive_software_final/install/ad_msgs/share/ad_msgs/package.dsv'
[0.857s] INFO:colcon.colcon_core.shell:Creating package script '/home/seok/automotive_software_final/install/ad_msgs/share/ad_msgs/package.sh'
[0.857s] INFO:colcon.colcon_core.shell:Creating package script '/home/seok/automotive_software_final/install/ad_msgs/share/ad_msgs/package.bash'
[0.857s] INFO:colcon.colcon_core.shell:Creating package script '/home/seok/automotive_software_final/install/ad_msgs/share/ad_msgs/package.zsh'
[0.857s] Level 1:colcon.colcon_core.environment:create_file_with_runtime_dependencies(/home/seok/automotive_software_final/install/ad_msgs/share/colcon-core/packages/ad_msgs)
[0.858s] INFO:colcon.colcon_ros.task.ament_cmake.build:Building ROS package in '/home/seok/automotive_software_final/src/app/autonomous_driving' with build type 'ament_cmake'
[0.858s] INFO:colcon.colcon_cmake.task.cmake.build:Building CMake package in '/home/seok/automotive_software_final/src/app/autonomous_driving'
[0.858s] INFO:colcon.colcon_core.shell:Skip shell extension 'powershell' for command environment: Not usable outside of PowerShell
[0.858s] DEBUG:colcon.colcon_core.shell:Skip shell extension 'dsv' for command environment
[0.860s] INFO:colcon.colcon_ros.task.ament_cmake.build:Building ROS package in '/home/seok/automotive_software_final/src/app/evaluation' with build type 'ament_cmake'
[0.860s] INFO:colcon.colcon_cmake.task.cmake.build:Building CMake package in '/home/seok/automotive_software_final/src/app/evaluation'
[0.860s] INFO:colcon.colcon_core.shell:Skip shell extension 'powershell' for command environment: Not usable outside of PowerShell
[0.860s] DEBUG:colcon.colcon_core.shell:Skip shell extension 'dsv' for command environment
[0.861s] INFO:colcon.colcon_ros.task.ament_cmake.build:Building ROS package in '/home/seok/automotive_software_final/src/app/mission_manager' with build type 'ament_cmake'
[0.861s] INFO:colcon.colcon_cmake.task.cmake.build:Building CMake package in '/home/seok/automotive_software_final/src/app/mission_manager'
[0.862s] INFO:colcon.colcon_core.shell:Skip shell extension 'powershell' for command environment: Not usable outside of PowerShell
[0.862s] DEBUG:colcon.colcon_core.shell:Skip shell extension 'dsv' for command environment
[0.863s] INFO:colcon.colcon_ros.task.ament_cmake.build:Building ROS package in '/home/seok/automotive_software_final/src/app/simulator' with build type 'ament_cmake'
[0.863s] INFO:colcon.colcon_cmake.task.cmake.build:Building CMake package in '/home/seok/automotive_software_final/src/app/simulator'
[0.863s] INFO:colcon.colcon_core.shell:Skip shell extension 'powershell' for command environment: Not usable outside of PowerShell
[0.863s] DEBUG:colcon.colcon_core.shell:Skip shell extension 'dsv' for command environment
[0.906s] DEBUG:colcon.colcon_core.event_handler.log_command:Invoking command in '/home/seok/automotive_software_final/build/autonomous_driving': AMENT_PREFIX_PATH=/home/seok/automotive_software_final/install/ad_msgs:${AMENT_PREFIX_PATH} CMAKE_PREFIX_PATH=/home/seok/automotive_software_final/install/ad_msgs:/opt/ros/humble LD_LIBRARY_PATH=/home/seok/automotive_software_final/install/ad_msgs/lib:${LD_LIBRARY_PATH} PYTHONPATH=/home/seok/automotive_software_final/install/ad_msgs/local/lib/python3.10/dist-packages:${PYTHONPATH} /usr/bin/cmake --build /home/seok/automotive_software_final/build/autonomous_driving -- -j28 -l28
[0.908s] DEBUG:colcon.colcon_core.event_handler.log_command:Invoking command in '/home/seok/automotive_software_final/build/evaluation': AMENT_PREFIX_PATH=/home/seok/automotive_software_final/install/ad_msgs:${AMENT_PREFIX_PATH} CMAKE_PREFIX_PATH=/home/seok/automotive_software_final/install/ad_msgs:/opt/ros/humble LD_LIBRARY_PATH=/home/seok/automotive_software_final/install/ad_msgs/lib:${LD_LIBRARY_PATH} PYTHONPATH=/home/seok/automotive_software_final/install/ad_msgs/local/lib/python3.10/dist-packages:${PYTHONPATH} /usr/bin/cmake --build /home/seok/automotive_software_final/build/evaluation -- -j28 -l28
[0.917s] DEBUG:colcon.colcon_core.event_handler.log_command:Invoking command in '/home/seok/automotive_software_final/build/simulator': AMENT_PREFIX_PATH=/home/seok/automotive_software_final/install/ad_msgs:${AMENT_PREFIX_PATH} CMAKE_PREFIX_PATH=/home/seok/automotive_software_final/install/ad_msgs:/opt/ros/humble LD_LIBRARY_PATH=/home/seok/automotive_software_final/install/ad_msgs/lib:${LD_LIBRARY_PATH} PYTHONPATH=/home/seok/automotive_software_final/install/ad_msgs/local/lib/python3.10/dist-packages:${PYTHONPATH} /usr/bin/cmake --build /home/seok/automotive_software_final/build/simulator -- -j28 -l28
[0.919s] DEBUG:colcon.colcon_core.event_handler.log_command:Invoking command in '/home/seok/automotive_software_final/build/mission_manager': AMENT_PREFIX_PATH=/home/seok/automotive_software_final/install/ad_msgs:${AMENT_PREFIX_PATH} CMAKE_PREFIX_PATH=/home/seok/automotive_software_final/install/ad_msgs:/opt/ros/humble LD_LIBRARY_PATH=/home/seok/automotive_software_final/install/ad_msgs/lib:${LD_LIBRARY_PATH} PYTHONPATH=/home/seok/automotive_software_final/install/ad_msgs/local/lib/python3.10/dist-packages:${PYTHONPATH} /usr/bin/cmake --build /home/seok/automotive_software_final/build/mission_manager -- -j28 -l28
[0.954s] DEBUG:colcon.colcon_core.event_handler.log_command:Invoked command in '/home/seok/automotive_software_final/build/evaluation' returned '0': AMENT_PREFIX_PATH=/home/seok/automotive_software_final/install/ad_msgs:${AMENT_PREFIX_PATH} CMAKE_PREFIX_PATH=/home/seok/automotive_software_final/install/ad_msgs:/opt/ros/humble LD_LIBRARY_PATH=/home/seok/automotive_software_final/install/ad_msgs/lib:${LD_LIBRARY_PATH} PYTHONPATH=/home/seok/automotive_software_final/install/ad_msgs/local/lib/python3.10/dist-packages:${PYTHONPATH} /usr/bin/cmake --build /home/seok/automotive_software_final/build/evaluation -- -j28 -l28
[0.962s] DEBUG:colcon.colcon_core.event_handler.log_command:Invoked command in '/home/seok/automotive_software_final/build/mission_manager' returned '0': AMENT_PREFIX_PATH=/home/seok/automotive_software_final/install/ad_msgs:${AMENT_PREFIX_PATH} CMAKE_PREFIX_PATH=/home/seok/automotive_software_final/install/ad_msgs:/opt/ros/humble LD_LIBRARY_PATH=/home/seok/automotive_software_final/install/ad_msgs/lib:${LD_LIBRARY_PATH} PYTHONPATH=/home/seok/automotive_software_final/install/ad_msgs/local/lib/python3.10/dist-packages:${PYTHONPATH} /usr/bin/cmake --build /home/seok/automotive_software_final/build/mission_manager -- -j28 -l28
[0.963s] DEBUG:colcon.colcon_core.event_handler.log_command:Invoked command in '/home/seok/automotive_software_final/build/simulator' returned '0': AMENT_PREFIX_PATH=/home/seok/automotive_software_final/install/ad_msgs:${AMENT_PREFIX_PATH} CMAKE_PREFIX_PATH=/home/seok/automotive_software_final/install/ad_msgs:/opt/ros/humble LD_LIBRARY_PATH=/home/seok/automotive_software_final/install/ad_msgs/lib:${LD_LIBRARY_PATH} PYTHONPATH=/home/seok/automotive_software_final/install/ad_msgs/local/lib/python3.10/dist-packages:${PYTHONPATH} /usr/bin/cmake --build /home/seok/automotive_software_final/build/simulator -- -j28 -l28
[0.970s] DEBUG:colcon.colcon_core.event_handler.log_command:Invoking command in '/home/seok/automotive_software_final/build/evaluation': AMENT_PREFIX_PATH=/home/seok/automotive_software_final/install/ad_msgs:${AMENT_PREFIX_PATH} CMAKE_PREFIX_PATH=/home/seok/automotive_software_final/install/ad_msgs:/opt/ros/humble LD_LIBRARY_PATH=/home/seok/automotive_software_final/install/ad_msgs/lib:${LD_LIBRARY_PATH} PYTHONPATH=/home/seok/automotive_software_final/install/ad_msgs/local/lib/python3.10/dist-packages:${PYTHONPATH} /usr/bin/cmake --install /home/seok/automotive_software_final/build/evaluation
[0.978s] DEBUG:colcon.colcon_core.event_handler.log_command:Invoking command in '/home/seok/automotive_software_final/build/mission_manager': AMENT_PREFIX_PATH=/home/seok/automotive_software_final/install/ad_msgs:${AMENT_PREFIX_PATH} CMAKE_PREFIX_PATH=/home/seok/automotive_software_final/install/ad_msgs:/opt/ros/humble LD_LIBRARY_PATH=/home/seok/automotive_software_final/install/ad_msgs/lib:${LD_LIBRARY_PATH} PYTHONPATH=/home/seok/automotive_software_final/install/ad_msgs/local/lib/python3.10/dist-packages:${PYTHONPATH} /usr/bin/cmake --install /home/seok/automotive_software_final/build/mission_manager
[0.978s] Level 1:colcon.colcon_core.environment:create_environment_scripts_only(evaluation)
[0.979s] Level 1:colcon.colcon_core.environment:checking '/home/seok/automotive_software_final/install/evaluation' for CMake module files
[0.979s] DEBUG:colcon.colcon_core.event_handler.log_command:Invoked command in '/home/seok/automotive_software_final/build/evaluation' returned '0': AMENT_PREFIX_PATH=/home/seok/automotive_software_final/install/ad_msgs:${AMENT_PREFIX_PATH} CMAKE_PREFIX_PATH=/home/seok/automotive_software_final/install/ad_msgs:/opt/ros/humble LD_LIBRARY_PATH=/home/seok/automotive_software_final/install/ad_msgs/lib:${LD_LIBRARY_PATH} PYTHONPATH=/home/seok/automotive_software_final/install/ad_msgs/local/lib/python3.10/dist-packages:${PYTHONPATH} /usr/bin/cmake --install /home/seok/automotive_software_final/build/evaluation
[0.979s] Level 1:colcon.colcon_core.environment:checking '/home/seok/automotive_software_final/install/evaluation' for CMake config files
[0.979s] Level 1:colcon.colcon_core.shell:create_environment_hook('evaluation', 'cmake_prefix_path')
[0.980s] INFO:colcon.colcon_core.shell:Creating environment hook '/home/seok/automotive_software_final/install/evaluation/share/evaluation/hook/cmake_prefix_path.ps1'
[0.980s] INFO:colcon.colcon_core.shell:Creating environment descriptor '/home/seok/automotive_software_final/install/evaluation/share/evaluation/hook/cmake_prefix_path.dsv'
[0.980s] INFO:colcon.colcon_core.shell:Creating environment hook '/home/seok/automotive_software_final/install/evaluation/share/evaluation/hook/cmake_prefix_path.sh'
[0.980s] Level 1:colcon.colcon_core.environment:checking '/home/seok/automotive_software_final/install/evaluation/lib'
[0.980s] Level 1:colcon.colcon_core.environment:checking '/home/seok/automotive_software_final/install/evaluation/bin'
[0.980s] Level 1:colcon.colcon_core.environment:checking '/home/seok/automotive_software_final/install/evaluation/lib/pkgconfig/evaluation.pc'
[0.981s] Level 1:colcon.colcon_core.environment:checking '/home/seok/automotive_software_final/install/evaluation/lib/python3.10/site-packages'
[0.981s] Level 1:colcon.colcon_core.environment:checking '/home/seok/automotive_software_final/install/evaluation/bin'
[0.981s] INFO:colcon.colcon_core.shell:Creating package script '/home/seok/automotive_software_final/install/evaluation/share/evaluation/package.ps1'
[0.981s] INFO:colcon.colcon_core.shell:Creating package descriptor '/home/seok/automotive_software_final/install/evaluation/share/evaluation/package.dsv'
[0.981s] INFO:colcon.colcon_core.shell:Creating package script '/home/seok/automotive_software_final/install/evaluation/share/evaluation/package.sh'
[0.982s] INFO:colcon.colcon_core.shell:Creating package script '/home/seok/automotive_software_final/install/evaluation/share/evaluation/package.bash'
[0.982s] INFO:colcon.colcon_core.shell:Creating package script '/home/seok/automotive_software_final/install/evaluation/share/evaluation/package.zsh'
[0.982s] Level 1:colcon.colcon_core.environment:create_file_with_runtime_dependencies(/home/seok/automotive_software_final/install/evaluation/share/colcon-core/packages/evaluation)
[0.986s] Level 1:colcon.colcon_core.environment:create_environment_scripts_only(mission_manager)
[0.986s] Level 1:colcon.colcon_core.environment:checking '/home/seok/automotive_software_final/install/mission_manager' for CMake module files
[0.987s] Level 1:colcon.colcon_core.environment:checking '/home/seok/automotive_software_final/install/mission_manager' for CMake config files
[0.988s] DEBUG:colcon.colcon_core.event_handler.log_command:Invoking command in '/home/seok/automotive_software_final/build/simulator': AMENT_PREFIX_PATH=/home/seok/automotive_software_final/install/ad_msgs:${AMENT_PREFIX_PATH} CMAKE_PREFIX_PATH=/home/seok/automotive_software_final/install/ad_msgs:/opt/ros/humble LD_LIBRARY_PATH=/home/seok/automotive_software_final/install/ad_msgs/lib:${LD_LIBRARY_PATH} PYTHONPATH=/home/seok/automotive_software_final/install/ad_msgs/local/lib/python3.10/dist-packages:${PYTHONPATH} /usr/bin/cmake --install /home/seok/automotive_software_final/build/simulator
[0.988s] DEBUG:colcon.colcon_core.event_handler.log_command:Invoked command in '/home/seok/automotive_software_final/build/mission_manager' returned '0': AMENT_PREFIX_PATH=/home/seok/automotive_software_final/install/ad_msgs:${AMENT_PREFIX_PATH} CMAKE_PREFIX_PATH=/home/seok/automotive_software_final/install/ad_msgs:/opt/ros/humble LD_LIBRARY_PATH=/home/seok/automotive_software_final/install/ad_msgs/lib:${LD_LIBRARY_PATH} PYTHONPATH=/home/seok/automotive_software_final/install/ad_msgs/local/lib/python3.10/dist-packages:${PYTHONPATH} /usr/bin/cmake --install /home/seok/automotive_software_final/build/mission_manager
[0.988s] Level 1:colcon.colcon_core.shell:create_environment_hook('mission_manager', 'cmake_prefix_path')
[0.988s] INFO:colcon.colcon_core.shell:Creating environment hook '/home/seok/automotive_software_final/install/mission_manager/share/mission_manager/hook/cmake_prefix_path.ps1'
[0.991s] INFO:colcon.colcon_core.shell:Creating environment descriptor '/home/seok/automotive_software_final/install/mission_manager/share/mission_manager/hook/cmake_prefix_path.dsv'
[0.991s] INFO:colcon.colcon_core.shell:Creating environment hook '/home/seok/automotive_software_final/install/mission_manager/share/mission_manager/hook/cmake_prefix_path.sh'
[0.991s] Level 1:colcon.colcon_core.environment:checking '/home/seok/automotive_software_final/install/mission_manager/lib'
[0.991s] Level 1:colcon.colcon_core.environment:checking '/home/seok/automotive_software_final/install/mission_manager/bin'
[0.992s] Level 1:colcon.colcon_core.environment:checking '/home/seok/automotive_software_final/install/mission_manager/lib/pkgconfig/mission_manager.pc'
[0.992s] Level 1:colcon.colcon_core.environment:checking '/home/seok/automotive_software_final/install/mission_manager/lib/python3.10/site-packages'
[0.992s] Level 1:colcon.colcon_core.environment:checking '/home/seok/automotive_software_final/install/mission_manager/bin'
[0.992s] INFO:colcon.colcon_core.shell:Creating package script '/home/seok/automotive_software_final/install/mission_manager/share/mission_manager/package.ps1'
[0.993s] INFO:colcon.colcon_core.shell:Creating package descriptor '/home/seok/automotive_software_final/install/mission_manager/share/mission_manager/package.dsv'
[0.993s] INFO:colcon.colcon_core.shell:Creating package script '/home/seok/automotive_software_final/install/mission_manager/share/mission_manager/package.sh'
[0.993s] INFO:colcon.colcon_core.shell:Creating package script '/home/seok/automotive_software_final/install/mission_manager/share/mission_manager/package.bash'
[0.994s] INFO:colcon.colcon_core.shell:Creating package script '/home/seok/automotive_software_final/install/mission_manager/share/mission_manager/package.zsh'
[0.994s] Level 1:colcon.colcon_core.environment:create_file_with_runtime_dependencies(/home/seok/automotive_software_final/install/mission_manager/share/colcon-core/packages/mission_manager)
[0.995s] Level 1:colcon.colcon_core.environment:create_environment_scripts_only(evaluation)
[0.996s] Level 1:colcon.colcon_core.environment:checking '/home/seok/automotive_software_final/install/evaluation' for CMake module files
[0.996s] Level 1:colcon.colcon_core.environment:checking '/home/seok/automotive_software_final/install/evaluation' for CMake config files
[0.996s] Level 1:colcon.colcon_core.shell:create_environment_hook('evaluation', 'cmake_prefix_path')
[0.996s] INFO:colcon.colcon_core.shell:Creating environment hook '/home/seok/automotive_software_final/install/evaluation/share/evaluation/hook/cmake_prefix_path.ps1'
[0.996s] INFO:colcon.colcon_core.shell:Creating environment descriptor '/home/seok/automotive_software_final/install/evaluation/share/evaluation/hook/cmake_prefix_path.dsv'
[0.996s] INFO:colcon.colcon_core.shell:Creating environment hook '/home/seok/automotive_software_final/install/evaluation/share/evaluation/hook/cmake_prefix_path.sh'
[0.997s] Level 1:colcon.colcon_core.environment:checking '/home/seok/automotive_software_final/install/evaluation/lib'
[0.997s] Level 1:colcon.colcon_core.environment:checking '/home/seok/automotive_software_final/install/evaluation/bin'
[0.997s] Level 1:colcon.colcon_core.environment:checking '/home/seok/automotive_software_final/install/evaluation/lib/pkgconfig/evaluation.pc'
[0.997s] Level 1:colcon.colcon_core.environment:checking '/home/seok/automotive_software_final/install/evaluation/lib/python3.10/site-packages'
[0.997s] Level 1:colcon.colcon_core.environment:checking '/home/seok/automotive_software_final/install/evaluation/bin'
[0.997s] INFO:colcon.colcon_core.shell:Creating package script '/home/seok/automotive_software_final/install/evaluation/share/evaluation/package.ps1'
[0.998s] INFO:colcon.colcon_core.shell:Creating package descriptor '/home/seok/automotive_software_final/install/evaluation/share/evaluation/package.dsv'
[0.998s] INFO:colcon.colcon_core.shell:Creating package script '/home/seok/automotive_software_final/install/evaluation/share/evaluation/package.sh'
[0.998s] INFO:colcon.colcon_core.shell:Creating package script '/home/seok/automotive_software_final/install/evaluation/share/evaluation/package.bash'
[0.998s] INFO:colcon.colcon_core.shell:Creating package script '/home/seok/automotive_software_final/install/evaluation/share/evaluation/package.zsh'
[0.998s] Level 1:colcon.colcon_core.environment:create_file_with_runtime_dependencies(/home/seok/automotive_software_final/install/evaluation/share/colcon-core/packages/evaluation)
[0.998s] Level 1:colcon.colcon_core.environment:create_environment_scripts_only(simulator)
[0.999s] Level 1:colcon.colcon_core.environment:checking '/home/seok/automotive_software_final/install/simulator' for CMake module files
[0.999s] Level 1:colcon.colcon_core.environment:checking '/home/seok/automotive_software_final/install/simulator' for CMake config files
[1.000s] Level 1:colcon.colcon_core.shell:create_environment_hook('simulator', 'cmake_prefix_path')
[1.000s] INFO:colcon.colcon_core.shell:Creating environment hook '/home/seok/automotive_software_final/install/simulator/share/simulator/hook/cmake_prefix_path.ps1'
[1.000s] DEBUG:colcon.colcon_core.event_handler.log_command:Invoked command in '/home/seok/automotive_software_final/build/simulator' returned '0': AMENT_PREFIX_PATH=/home/seok/automotive_software_final/install/ad_msgs:${AMENT_PREFIX_PATH} CMAKE_PREFIX_PATH=/home/seok/automotive_software_final/install/ad_msgs:/opt/ros/humble LD_LIBRARY_PATH=/home/seok/automotive_software_final/install/ad_msgs/lib:${LD_LIBRARY_PATH} PYTHONPATH=/home/seok/automotive_software_final/install/ad_msgs/local/lib/python3.10/dist-packages:${PYTHONPATH} /usr/bin/cmake --install /home/seok/automotive_software_final/build/simulator
[1.000s] INFO:colcon.colcon_core.shell:Creating environment descriptor '/home/seok/automotive_software_final/install/simulator/share/simulator/hook/cmake_prefix_path.dsv'
[1.001s] INFO:colcon.colcon_core.shell:Creating environment hook '/home/seok/automotive_software_final/install/simulator/share/simulator/hook/cmake_prefix_path.sh'
[1.001s] Level 1:colcon.colcon_core.environment:checking '/home/seok/automotive_software_final/install/simulator/lib'
[1.001s] Level 1:colcon.colcon_core.environment:checking '/home/seok/automotive_software_final/install/simulator/bin'
[1.001s] Level 1:colcon.colcon_core.environment:checking '/home/seok/automotive_software_final/install/simulator/lib/pkgconfig/simulator.pc'
[1.001s] Level 1:colcon.colcon_core.environment:checking '/home/seok/automotive_software_final/install/simulator/lib/python3.10/site-packages'
[1.001s] Level 1:colcon.colcon_core.environment:checking '/home/seok/automotive_software_final/install/simulator/bin'
[1.001s] INFO:colcon.colcon_core.shell:Creating package script '/home/seok/automotive_software_final/install/simulator/share/simulator/package.ps1'
[1.002s] INFO:colcon.colcon_core.shell:Creating package descriptor '/home/seok/automotive_software_final/install/simulator/share/simulator/package.dsv'
[1.002s] INFO:colcon.colcon_core.shell:Creating package script '/home/seok/automotive_software_final/install/simulator/share/simulator/package.sh'
[1.002s] INFO:colcon.colcon_core.shell:Creating package script '/home/seok/automotive_software_final/install/simulator/share/simulator/package.bash'
[1.002s] INFO:colcon.colcon_core.shell:Creating package script '/home/seok/automotive_software_final/install/simulator/share/simulator/package.zsh'
[1.002s] Level 1:colcon.colcon_core.environment:create_file_with_runtime_dependencies(/home/seok/automotive_software_final/install/simulator/share/colcon-core/packages/simulator)
[1.008s] Level 1:colcon.colcon_core.environment:create_environment_scripts_only(mission_manager)
[1.008s] Level 1:colcon.colcon_core.environment:checking '/home/seok/automotive_software_final/install/mission_manager' for CMake module files
[1.008s] Level 1:colcon.colcon_core.environment:checking '/home/seok/automotive_software_final/install/mission_manager' for CMake config files
[1.008s] Level 1:colcon.colcon_core.shell:create_environment_hook('mission_manager', 'cmake_prefix_path')
[1.008s] INFO:colcon.colcon_core.shell:Creating environment hook '/home/seok/automotive_software_final/install/mission_manager/share/mission_manager/hook/cmake_prefix_path.ps1'
[1.009s] INFO:colcon.colcon_core.shell:Creating environment descriptor '/home/seok/automotive_software_final/install/mission_manager/share/mission_manager/hook/cmake_prefix_path.dsv'
[1.009s] INFO:colcon.colcon_core.shell:Creating environment hook '/home/seok/automotive_software_final/install/mission_manager/share/mission_manager/hook/cmake_prefix_path.sh'
[1.009s] Level 1:colcon.colcon_core.environment:checking '/home/seok/automotive_software_final/install/mission_manager/lib'
[1.009s] Level 1:colcon.colcon_core.environment:checking '/home/seok/automotive_software_final/install/mission_manager/bin'
[1.009s] Level 1:colcon.colcon_core.environment:checking '/home/seok/automotive_software_final/install/mission_manager/lib/pkgconfig/mission_manager.pc'
[1.009s] Level 1:colcon.colcon_core.environment:checking '/home/seok/automotive_software_final/install/mission_manager/lib/python3.10/site-packages'
[1.009s] Level 1:colcon.colcon_core.environment:checking '/home/seok/automotive_software_final/install/mission_manager/bin'
[1.010s] INFO:colcon.colcon_core.shell:Creating package script '/home/seok/automotive_software_final/install/mission_manager/share/mission_manager/package.ps1'
[1.010s] INFO:colcon.colcon_core.shell:Creating package descriptor '/home/seok/automotive_software_final/install/mission_manager/share/mission_manager/package.dsv'
[1.010s] INFO:colcon.colcon_core.shell:Creating package script '/home/seok/automotive_software_final/install/mission_manager/share/mission_manager/package.sh'
[1.010s] INFO:colcon.colcon_core.shell:Creating package script '/home/seok/automotive_software_final/install/mission_manager/share/mission_manager/package.bash'
[1.011s] INFO:colcon.colcon_core.shell:Creating package script '/home/seok/automotive_software_final/install/mission_manager/share/mission_manager/package.zsh'
[1.011s] Level 1:colcon.colcon_core.environment:create_file_with_runtime_dependencies(/home/seok/automotive_software_final/install/mission_manager/share/colcon-core/packages/mission_manager)
[1.019s] Level 1:colcon.colcon_core.environment:create_environment_scripts_only(simulator)
[1.020s] Level 1:colcon.colcon_core.environment:checking '/home/seok/automotive_software_final/install/simulator' for CMake module files
[1.020s] Level 1:colcon.colcon_core.environment:checking '/home/seok/automotive_software_final/install/simulator' for CMake config files
[1.020s] Level 1:colcon.colcon_core.shell:create_environment_hook('simulator', 'cmake_prefix_path')
[1.020s] INFO:colcon.colcon_core.shell:Creating environment hook '/home/seok/automotive_software_final/install/simulator/share/simulator/hook/cmake_prefix_path.ps1'
[1.020s] INFO:colcon.colcon_core.shell:Creating environment descriptor '/home/seok/automotive_software_final/install/simulator/share/simulator/hook/cmake_prefix_path.dsv'
[1.021s] INFO:colcon.colcon_core.shell:Creating environment hook '/home/seok/automotive_software_final/install/simulator/share/simulator/hook/cmake_prefix_path.sh'
[1.021s] Level 1:colcon.colcon_core.environment:checking '/home/seok/automotive_software_final/install/simulator/lib'
[1.021s] Level 1:colcon.colcon_core.environment:checking '/home/seok/automotive_software_final/install/simulator/bin'
[1.021s] Level 1:colcon.colcon_core.environment:checking '/home/seok/automotive_software_final/install/simulator/lib/pkgconfig/simulator.pc'
[1.021s] Level 1:colcon.colcon_core.environment:checking '/home/seok/automotive_software_final/install/simulator/lib/python3.10/site-packages'
[1.021s] Level 1:colcon.colcon_core.environment:checking '/home/seok/automotive_software_final/install/simulator/bin'
[1.021s] INFO:colcon.colcon_core.shell:Creating package script '/home/seok/automotive_software_final/install/simulator/share/simulator/package.ps1'
[1.022s] INFO:colcon.colcon_core.shell:Creating package descriptor '/home/seok/automotive_software_final/install/simulator/share/simulator/package.dsv'
[1.022s] INFO:colcon.colcon_core.shell:Creating package script '/home/seok/automotive_software_final/install/simulator/share/simulator/package.sh'
[1.022s] INFO:colcon.colcon_core.shell:Creating package script '/home/seok/automotive_software_final/install/simulator/share/simulator/package.bash'
[1.022s] INFO:colcon.colcon_core.shell:Creating package script '/home/seok/automotive_software_final/install/simulator/share/simulator/package.zsh'
[1.023s] Level 1:colcon.colcon_core.environment:create_file_with_runtime_dependencies(/home/seok/automotive_software_final/install/simulator/share/colcon-core/packages/simulator)
[5.001s] DEBUG:colcon.colcon_core.event_handler.log_command:Invoked command in '/home/seok/automotive_software_final/build/autonomous_driving' returned '2': AMENT_PREFIX_PATH=/home/seok/automotive_software_final/install/ad_msgs:${AMENT_PREFIX_PATH} CMAKE_PREFIX_PATH=/home/seok/automotive_software_final/install/ad_msgs:/opt/ros/humble LD_LIBRARY_PATH=/home/seok/automotive_software_final/install/ad_msgs/lib:${LD_LIBRARY_PATH} PYTHONPATH=/home/seok/automotive_software_final/install/ad_msgs/local/lib/python3.10/dist-packages:${PYTHONPATH} /usr/bin/cmake --build /home/seok/automotive_software_final/build/autonomous_driving -- -j28 -l28
[5.015s] Level 1:colcon.colcon_core.environment:create_environment_scripts_only(autonomous_driving)
[5.015s] Level 1:colcon.colcon_core.environment:checking '/home/seok/automotive_software_final/install/autonomous_driving' for CMake module files
[5.016s] Level 1:colcon.colcon_core.environment:checking '/home/seok/automotive_software_final/install/autonomous_driving' for CMake config files
[5.016s] Level 1:colcon.colcon_core.shell:create_environment_hook('autonomous_driving', 'cmake_prefix_path')
[5.016s] INFO:colcon.colcon_core.shell:Creating environment hook '/home/seok/automotive_software_final/install/autonomous_driving/share/autonomous_driving/hook/cmake_prefix_path.ps1'
[5.016s] INFO:colcon.colcon_core.shell:Creating environment descriptor '/home/seok/automotive_software_final/install/autonomous_driving/share/autonomous_driving/hook/cmake_prefix_path.dsv'
[5.016s] INFO:colcon.colcon_core.shell:Creating environment hook '/home/seok/automotive_software_final/install/autonomous_driving/share/autonomous_driving/hook/cmake_prefix_path.sh'
[5.016s] Level 1:colcon.colcon_core.environment:checking '/home/seok/automotive_software_final/install/autonomous_driving/lib'
[5.016s] Level 1:colcon.colcon_core.environment:checking '/home/seok/automotive_software_final/install/autonomous_driving/bin'
[5.016s] Level 1:colcon.colcon_core.environment:checking '/home/seok/automotive_software_final/install/autonomous_driving/lib/pkgconfig/autonomous_driving.pc'
[5.017s] Level 1:colcon.colcon_core.environment:checking '/home/seok/automotive_software_final/install/autonomous_driving/lib/python3.10/site-packages'
[5.017s] Level 1:colcon.colcon_core.environment:checking '/home/seok/automotive_software_final/install/autonomous_driving/bin'
[5.017s] INFO:colcon.colcon_core.shell:Creating package script '/home/seok/automotive_software_final/install/autonomous_driving/share/autonomous_driving/package.ps1'
[5.017s] INFO:colcon.colcon_core.shell:Creating package descriptor '/home/seok/automotive_software_final/install/autonomous_driving/share/autonomous_driving/package.dsv'
[5.017s] INFO:colcon.colcon_core.shell:Creating package script '/home/seok/automotive_software_final/install/autonomous_driving/share/autonomous_driving/package.sh'
[5.018s] INFO:colcon.colcon_core.shell:Creating package script '/home/seok/automotive_software_final/install/autonomous_driving/share/autonomous_driving/package.bash'
[5.018s] INFO:colcon.colcon_core.shell:Creating package script '/home/seok/automotive_software_final/install/autonomous_driving/share/autonomous_driving/package.zsh'
[5.018s] Level 1:colcon.colcon_core.environment:create_file_with_runtime_dependencies(/home/seok/automotive_software_final/install/autonomous_driving/share/colcon-core/packages/autonomous_driving)
[5.028s] DEBUG:colcon.colcon_parallel_executor.executor.parallel:closing loop
[5.028s] DEBUG:colcon.colcon_parallel_executor.executor.parallel:loop closed
[5.028s] DEBUG:colcon.colcon_parallel_executor.executor.parallel:run_until_complete finished with '2'
[5.028s] DEBUG:colcon.colcon_core.event_reactor:joining thread
[5.048s] INFO:colcon.colcon_core.plugin_system:Skipping extension 'colcon_notification.desktop_notification.notify_send': Could not find 'notify-send'
[5.048s] INFO:colcon.colcon_core.plugin_system:Skipping extension 'colcon_notification.desktop_notification.terminal_notifier': Not used on non-Darwin systems
[5.048s] INFO:colcon.colcon_core.plugin_system:Skipping extension 'colcon_notification.desktop_notification.win32': Not used on non-Windows systems
[5.048s] INFO:colcon.colcon_notification.desktop_notification:Sending desktop notification using 'notify2'
[5.049s] DEBUG:colcon.colcon_notification.desktop_notification.notify2:Failed to initialize notify2: org.freedesktop.DBus.Error.ServiceUnknown: The name org.freedesktop.Notifications was not provided by any .service files
[5.049s] DEBUG:colcon.colcon_core.event_reactor:joined thread
[5.050s] INFO:colcon.colcon_core.shell:Creating prefix script '/home/seok/automotive_software_final/install/local_setup.ps1'
[5.050s] INFO:colcon.colcon_core.shell:Creating prefix util module '/home/seok/automotive_software_final/install/_local_setup_util_ps1.py'
[5.051s] INFO:colcon.colcon_core.shell:Creating prefix chain script '/home/seok/automotive_software_final/install/setup.ps1'
[5.052s] INFO:colcon.colcon_core.shell:Creating prefix script '/home/seok/automotive_software_final/install/local_setup.sh'
[5.052s] INFO:colcon.colcon_core.shell:Creating prefix util module '/home/seok/automotive_software_final/install/_local_setup_util_sh.py'
[5.052s] INFO:colcon.colcon_core.shell:Creating prefix chain script '/home/seok/automotive_software_final/install/setup.sh'
[5.053s] INFO:colcon.colcon_core.shell:Creating prefix script '/home/seok/automotive_software_final/install/local_setup.bash'
[5.053s] INFO:colcon.colcon_core.shell:Creating prefix chain script '/home/seok/automotive_software_final/install/setup.bash'
[5.054s] INFO:colcon.colcon_core.shell:Creating prefix script '/home/seok/automotive_software_final/install/local_setup.zsh'
[5.054s] INFO:colcon.colcon_core.shell:Creating prefix chain script '/home/seok/automotive_software_final/install/setup.zsh'
