[0.048s] Invoking command in '/home/seok/automotive_software_final/build/autonomous_driving': AMENT_PREFIX_PATH=/home/seok/automotive_software_final/install/ad_msgs:${AMENT_PREFIX_PATH} CMAKE_PREFIX_PATH=/home/seok/automotive_software_final/install/ad_msgs:/opt/ros/humble LD_LIBRARY_PATH=/home/seok/automotive_software_final/install/ad_msgs/lib:${LD_LIBRARY_PATH} PYTHONPATH=/home/seok/automotive_software_final/install/ad_msgs/local/lib/python3.10/dist-packages:${PYTHONPATH} /usr/bin/cmake --build /home/seok/automotive_software_final/build/autonomous_driving -- -j28 -l28
[0.073s] [35m[1mConsolidate compiler generated dependencies of target behavior_planner_node[0m
[0.082s] [ 33%] Built target autonomous_driving_node
[0.083s] [ 66%] Built target driving_way_node
[0.086s] [ 83%] [32mBuilding CXX object CMakeFiles/behavior_planner_node.dir/src/behavior_planner_node.cpp.o[0m
[6.640s] [100%] [32m[1mLinking CXX executable behavior_planner_node[0m
[6.972s] [100%] Built target behavior_planner_node
[6.980s] Invoked command in '/home/seok/automotive_software_final/build/autonomous_driving' returned '0': AMENT_PREFIX_PATH=/home/seok/automotive_software_final/install/ad_msgs:${AMENT_PREFIX_PATH} CMAKE_PREFIX_PATH=/home/seok/automotive_software_final/install/ad_msgs:/opt/ros/humble LD_LIBRARY_PATH=/home/seok/automotive_software_final/install/ad_msgs/lib:${LD_LIBRARY_PATH} PYTHONPATH=/home/seok/automotive_software_final/install/ad_msgs/local/lib/python3.10/dist-packages:${PYTHONPATH} /usr/bin/cmake --build /home/seok/automotive_software_final/build/autonomous_driving -- -j28 -l28
[6.995s] Invoking command in '/home/seok/automotive_software_final/build/autonomous_driving': AMENT_PREFIX_PATH=/home/seok/automotive_software_final/install/ad_msgs:${AMENT_PREFIX_PATH} CMAKE_PREFIX_PATH=/home/seok/automotive_software_final/install/ad_msgs:/opt/ros/humble LD_LIBRARY_PATH=/home/seok/automotive_software_final/install/ad_msgs/lib:${LD_LIBRARY_PATH} PYTHONPATH=/home/seok/automotive_software_final/install/ad_msgs/local/lib/python3.10/dist-packages:${PYTHONPATH} /usr/bin/cmake --install /home/seok/automotive_software_final/build/autonomous_driving
[6.998s] -- Install configuration: ""
[6.998s] -- Up-to-date: /home/seok/automotive_software_final/install/autonomous_driving/lib/autonomous_driving/autonomous_driving_node
[6.998s] -- Up-to-date: /home/seok/automotive_software_final/install/autonomous_driving/lib/autonomous_driving/driving_way_node
[6.999s] -- Installing: /home/seok/automotive_software_final/install/autonomous_driving/lib/autonomous_driving/behavior_planner_node
[7.002s] -- Set runtime path of "/home/seok/automotive_software_final/install/autonomous_driving/lib/autonomous_driving/behavior_planner_node" to ""
[7.002s] -- Up-to-date: /home/seok/automotive_software_final/install/autonomous_driving/share/autonomous_driving/launch
[7.002s] -- Up-to-date: /home/seok/automotive_software_final/install/autonomous_driving/share/autonomous_driving/launch/manual_driving.launch.xml
[7.002s] -- Up-to-date: /home/seok/automotive_software_final/install/autonomous_driving/share/autonomous_driving/launch/autonomous_driving.launch.xml
[7.002s] -- Up-to-date: /home/seok/automotive_software_final/install/autonomous_driving/lib/autonomous_driving/simultaneous_inputs.py
[7.002s] -- Up-to-date: /home/seok/automotive_software_final/install/autonomous_driving/share/ament_index/resource_index/package_run_dependencies/autonomous_driving
[7.002s] -- Up-to-date: /home/seok/automotive_software_final/install/autonomous_driving/share/ament_index/resource_index/parent_prefix_path/autonomous_driving
[7.003s] -- Up-to-date: /home/seok/automotive_software_final/install/autonomous_driving/share/autonomous_driving/environment/ament_prefix_path.sh
[7.003s] -- Up-to-date: /home/seok/automotive_software_final/install/autonomous_driving/share/autonomous_driving/environment/ament_prefix_path.dsv
[7.003s] -- Up-to-date: /home/seok/automotive_software_final/install/autonomous_driving/share/autonomous_driving/environment/path.sh
[7.003s] -- Up-to-date: /home/seok/automotive_software_final/install/autonomous_driving/share/autonomous_driving/environment/path.dsv
[7.003s] -- Up-to-date: /home/seok/automotive_software_final/install/autonomous_driving/share/autonomous_driving/local_setup.bash
[7.003s] -- Up-to-date: /home/seok/automotive_software_final/install/autonomous_driving/share/autonomous_driving/local_setup.sh
[7.003s] -- Up-to-date: /home/seok/automotive_software_final/install/autonomous_driving/share/autonomous_driving/local_setup.zsh
[7.003s] -- Up-to-date: /home/seok/automotive_software_final/install/autonomous_driving/share/autonomous_driving/local_setup.dsv
[7.003s] -- Installing: /home/seok/automotive_software_final/install/autonomous_driving/share/autonomous_driving/package.dsv
[7.003s] -- Up-to-date: /home/seok/automotive_software_final/install/autonomous_driving/share/ament_index/resource_index/packages/autonomous_driving
[7.003s] -- Up-to-date: /home/seok/automotive_software_final/install/autonomous_driving/share/autonomous_driving/cmake/autonomous_drivingConfig.cmake
[7.003s] -- Up-to-date: /home/seok/automotive_software_final/install/autonomous_driving/share/autonomous_driving/cmake/autonomous_drivingConfig-version.cmake
[7.003s] -- Up-to-date: /home/seok/automotive_software_final/install/autonomous_driving/share/autonomous_driving/package.xml
[7.004s] Invoked command in '/home/seok/automotive_software_final/build/autonomous_driving' returned '0': AMENT_PREFIX_PATH=/home/seok/automotive_software_final/install/ad_msgs:${AMENT_PREFIX_PATH} CMAKE_PREFIX_PATH=/home/seok/automotive_software_final/install/ad_msgs:/opt/ros/humble LD_LIBRARY_PATH=/home/seok/automotive_software_final/install/ad_msgs/lib:${LD_LIBRARY_PATH} PYTHONPATH=/home/seok/automotive_software_final/install/ad_msgs/local/lib/python3.10/dist-packages:${PYTHONPATH} /usr/bin/cmake --install /home/seok/automotive_software_final/build/autonomous_driving
