[01m[K/home/seok/automotive_software_final/src/app/autonomous_driving/src/behavior_planner_node.cpp:[m[K In member function ‘[01m[Kvoid BehaviorPlannerNode::updatePlannerState()[m[K’:
[01m[K/home/seok/automotive_software_final/src/app/autonomous_driving/src/behavior_planner_node.cpp:58:48:[m[K [01;31m[Kerror: [m[K‘[01m[Kusing MissionObject = struct ad_msgs::msg::MissionObject_<std::allocator<void> >[m[K’ {aka ‘[01m[Kstruct ad_msgs::msg::MissionObject_<std::allocator<void> >[m[K’} has no member named ‘[01m[Kobjects[m[K’
   58 |     for (const auto &object : i_mission_state_.[01;31m[Kobjects[m[K) {
      |                                                [01;31m[K^~~~~~~[m[K
In file included from [01m[K/usr/include/x86_64-linux-gnu/c++/11/bits/c++allocator.h:33[m[K,
                 from [01m[K/usr/include/c++/11/bits/allocator.h:46[m[K,
                 from [01m[K/usr/include/c++/11/string:41[m[K,
                 from [01m[K/usr/include/c++/11/stdexcept:39[m[K,
                 from [01m[K/usr/include/c++/11/system_error:41[m[K,
                 from [01m[K/usr/include/c++/11/mutex:42[m[K,
                 from [01m[K/home/seok/automotive_software_final/src/app/autonomous_driving/include/behavior_planner_node.hpp:5[m[K,
                 from [01m[K/home/seok/automotive_software_final/src/app/autonomous_driving/src/behavior_planner_node.cpp:1[m[K:
/usr/include/c++/11/ext/new_allocator.h: In instantiation of ‘[01m[Kvoid __gnu_cxx::new_allocator<_Tp>::construct(_Up*, _Args&& ...) [with _Up = BehaviorPlannerNode; _Args = {std::__cxx11::basic_string<char, std::char_traits<char>, std::allocator<char> >&}; _Tp = BehaviorPlannerNode][m[K’:
[01m[K/usr/include/c++/11/bits/alloc_traits.h:516:17:[m[K   required from ‘[01m[Kstatic void std::allocator_traits<std::allocator<_CharT> >::construct(std::allocator_traits<std::allocator<_CharT> >::allocator_type&, _Up*, _Args&& ...) [with _Up = BehaviorPlannerNode; _Args = {std::__cxx11::basic_string<char, std::char_traits<char>, std::allocator<char> >&}; _Tp = BehaviorPlannerNode; std::allocator_traits<std::allocator<_CharT> >::allocator_type = std::allocator<BehaviorPlannerNode>][m[K’
[01m[K/usr/include/c++/11/bits/shared_ptr_base.h:519:39:[m[K   required from ‘[01m[Kstd::_Sp_counted_ptr_inplace<_Tp, _Alloc, _Lp>::_Sp_counted_ptr_inplace(_Alloc, _Args&& ...) [with _Args = {std::__cxx11::basic_string<char, std::char_traits<char>, std::allocator<char> >&}; _Tp = BehaviorPlannerNode; _Alloc = std::allocator<BehaviorPlannerNode>; __gnu_cxx::_Lock_policy _Lp = __gnu_cxx::_S_atomic][m[K’
[01m[K/usr/include/c++/11/bits/shared_ptr_base.h:650:16:[m[K   required from ‘[01m[Kstd::__shared_count<_Lp>::__shared_count(_Tp*&, std::_Sp_alloc_shared_tag<_Alloc>, _Args&& ...) [with _Tp = BehaviorPlannerNode; _Alloc = std::allocator<BehaviorPlannerNode>; _Args = {std::__cxx11::basic_string<char, std::char_traits<char>, std::allocator<char> >&}; __gnu_cxx::_Lock_policy _Lp = __gnu_cxx::_S_atomic][m[K’
[01m[K/usr/include/c++/11/bits/shared_ptr_base.h:1342:14:[m[K   required from ‘[01m[Kstd::__shared_ptr<_Tp, _Lp>::__shared_ptr(std::_Sp_alloc_shared_tag<_Tp>, _Args&& ...) [with _Alloc = std::allocator<BehaviorPlannerNode>; _Args = {std::__cxx11::basic_string<char, std::char_traits<char>, std::allocator<char> >&}; _Tp = BehaviorPlannerNode; __gnu_cxx::_Lock_policy _Lp = __gnu_cxx::_S_atomic][m[K’
[01m[K/usr/include/c++/11/bits/shared_ptr.h:409:59:[m[K   required from ‘[01m[Kstd::shared_ptr<_Tp>::shared_ptr(std::_Sp_alloc_shared_tag<_Tp>, _Args&& ...) [with _Alloc = std::allocator<BehaviorPlannerNode>; _Args = {std::__cxx11::basic_string<char, std::char_traits<char>, std::allocator<char> >&}; _Tp = BehaviorPlannerNode][m[K’
[01m[K/usr/include/c++/11/bits/shared_ptr.h:862:14:[m[K   required from ‘[01m[Kstd::shared_ptr<_Tp> std::allocate_shared(const _Alloc&, _Args&& ...) [with _Tp = BehaviorPlannerNode; _Alloc = std::allocator<BehaviorPlannerNode>; _Args = {std::__cxx11::basic_string<char, std::char_traits<char>, std::allocator<char> >&}][m[K’
[01m[K/usr/include/c++/11/bits/shared_ptr.h:878:39:[m[K   required from ‘[01m[Kstd::shared_ptr<_Tp> std::make_shared(_Args&& ...) [with _Tp = BehaviorPlannerNode; _Args = {std::__cxx11::basic_string<char, std::char_traits<char>, std::allocator<char> >&}][m[K’
[01m[K/home/seok/automotive_software_final/src/app/autonomous_driving/src/behavior_planner_node.cpp:98:55:[m[K   required from here
[01m[K/usr/include/c++/11/ext/new_allocator.h:162:11:[m[K [01;31m[Kerror: [m[Kno matching function for call to ‘[01m[KBehaviorPlannerNode::BehaviorPlannerNode(std::__cxx11::basic_string<char>&)[m[K’
  162 |         { [01;31m[K::new((void *)__p) _Up(std::forward<_Args>(__args)...)[m[K; }
      |           [01;31m[K^~~~~~~~~~~~~~~~~~~~~~~~~~~~~~~~~~~~~~~~~~~~~~~~~~~~~~[m[K
[01m[K/home/seok/automotive_software_final/src/app/autonomous_driving/src/behavior_planner_node.cpp:5:1:[m[K [01;36m[Knote: [m[Kcandidate: ‘[01m[KBehaviorPlannerNode::BehaviorPlannerNode(const string&, const double&, const rclcpp::NodeOptions&)[m[K’
    5 | [01;36m[KBehaviorPlannerNode[m[K::BehaviorPlannerNode(const std::string& node_name, const double& loop_rate,
      | [01;36m[K^~~~~~~~~~~~~~~~~~~[m[K
[01m[K/home/seok/automotive_software_final/src/app/autonomous_driving/src/behavior_planner_node.cpp:5:1:[m[K [01;36m[Knote: [m[K  candidate expects 3 arguments, 1 provided
gmake[2]: *** [CMakeFiles/behavior_planner_node.dir/build.make:76: CMakeFiles/behavior_planner_node.dir/src/behavior_planner_node.cpp.o] Error 1
gmake[1]: *** [CMakeFiles/Makefile2:193: CMakeFiles/behavior_planner_node.dir/all] Error 2
gmake: *** [Makefile:146: all] Error 2
