[0.045s] Invoking command in '/home/seok/automotive_software_final/build/autonomous_driving': CMAKE_PREFIX_PATH=/home/seok/automotive_software_final/install/ad_msgs:/home/seok/automotive_software_final/install/simulator:/home/seok/automotive_software_final/install/mission_manager:/home/seok/automotive_software_final/install/evaluation:/home/seok/automotive_software_final/install/autonomous_driving:/opt/ros/humble /usr/bin/cmake --build /home/seok/automotive_software_final/build/autonomous_driving -- -j28 -l28
[0.073s] [35m[1mConsolidate compiler generated dependencies of target driving_way_node[0m
[0.082s] [ 16%] [32mBuilding CXX object CMakeFiles/behavior_planner_node.dir/src/behavior_planner_node.cpp.o[0m
[0.086s] [ 50%] Built target autonomous_driving_node
[0.091s] [ 83%] Built target driving_way_node
[1.560s] [01m[K/home/seok/automotive_software_final/src/app/autonomous_driving/src/behavior_planner_node.cpp:[m[K In member function ‘[01m[Kvoid BehaviorPlannerNode::updatePlannerState()[m[K’:
[1.560s] [01m[K/home/seok/automotive_software_final/src/app/autonomous_driving/src/behavior_planner_node.cpp:58:48:[m[K [01;31m[Kerror: [m[K‘[01m[Kusing MissionObject = struct ad_msgs::msg::MissionObject_<std::allocator<void> >[m[K’ {aka ‘[01m[Kstruct ad_msgs::msg::MissionObject_<std::allocator<void> >[m[K’} has no member named ‘[01m[Kobjects[m[K’
[1.560s]    58 |     for (const auto &object : i_mission_state_.[01;31m[Kobjects[m[K) {
[1.560s]       |                                                [01;31m[K^~~~~~~[m[K
[2.175s] In file included from [01m[K/usr/include/x86_64-linux-gnu/c++/11/bits/c++allocator.h:33[m[K,
[2.175s]                  from [01m[K/usr/include/c++/11/bits/allocator.h:46[m[K,
[2.175s]                  from [01m[K/usr/include/c++/11/string:41[m[K,
[2.175s]                  from [01m[K/usr/include/c++/11/stdexcept:39[m[K,
[2.175s]                  from [01m[K/usr/include/c++/11/system_error:41[m[K,
[2.175s]                  from [01m[K/usr/include/c++/11/mutex:42[m[K,
[2.175s]                  from [01m[K/home/seok/automotive_software_final/src/app/autonomous_driving/include/behavior_planner_node.hpp:5[m[K,
[2.175s]                  from [01m[K/home/seok/automotive_software_final/src/app/autonomous_driving/src/behavior_planner_node.cpp:1[m[K:
[2.175s] /usr/include/c++/11/ext/new_allocator.h: In instantiation of ‘[01m[Kvoid __gnu_cxx::new_allocator<_Tp>::construct(_Up*, _Args&& ...) [with _Up = BehaviorPlannerNode; _Args = {std::__cxx11::basic_string<char, std::char_traits<char>, std::allocator<char> >&}; _Tp = BehaviorPlannerNode][m[K’:
[2.175s] [01m[K/usr/include/c++/11/bits/alloc_traits.h:516:17:[m[K   required from ‘[01m[Kstatic void std::allocator_traits<std::allocator<_CharT> >::construct(std::allocator_traits<std::allocator<_CharT> >::allocator_type&, _Up*, _Args&& ...) [with _Up = BehaviorPlannerNode; _Args = {std::__cxx11::basic_string<char, std::char_traits<char>, std::allocator<char> >&}; _Tp = BehaviorPlannerNode; std::allocator_traits<std::allocator<_CharT> >::allocator_type = std::allocator<BehaviorPlannerNode>][m[K’
[2.175s] [01m[K/usr/include/c++/11/bits/shared_ptr_base.h:519:39:[m[K   required from ‘[01m[Kstd::_Sp_counted_ptr_inplace<_Tp, _Alloc, _Lp>::_Sp_counted_ptr_inplace(_Alloc, _Args&& ...) [with _Args = {std::__cxx11::basic_string<char, std::char_traits<char>, std::allocator<char> >&}; _Tp = BehaviorPlannerNode; _Alloc = std::allocator<BehaviorPlannerNode>; __gnu_cxx::_Lock_policy _Lp = __gnu_cxx::_S_atomic][m[K’
[2.176s] [01m[K/usr/include/c++/11/bits/shared_ptr_base.h:650:16:[m[K   required from ‘[01m[Kstd::__shared_count<_Lp>::__shared_count(_Tp*&, std::_Sp_alloc_shared_tag<_Alloc>, _Args&& ...) [with _Tp = BehaviorPlannerNode; _Alloc = std::allocator<BehaviorPlannerNode>; _Args = {std::__cxx11::basic_string<char, std::char_traits<char>, std::allocator<char> >&}; __gnu_cxx::_Lock_policy _Lp = __gnu_cxx::_S_atomic][m[K’
[2.176s] [01m[K/usr/include/c++/11/bits/shared_ptr_base.h:1342:14:[m[K   required from ‘[01m[Kstd::__shared_ptr<_Tp, _Lp>::__shared_ptr(std::_Sp_alloc_shared_tag<_Tp>, _Args&& ...) [with _Alloc = std::allocator<BehaviorPlannerNode>; _Args = {std::__cxx11::basic_string<char, std::char_traits<char>, std::allocator<char> >&}; _Tp = BehaviorPlannerNode; __gnu_cxx::_Lock_policy _Lp = __gnu_cxx::_S_atomic][m[K’
[2.176s] [01m[K/usr/include/c++/11/bits/shared_ptr.h:409:59:[m[K   required from ‘[01m[Kstd::shared_ptr<_Tp>::shared_ptr(std::_Sp_alloc_shared_tag<_Tp>, _Args&& ...) [with _Alloc = std::allocator<BehaviorPlannerNode>; _Args = {std::__cxx11::basic_string<char, std::char_traits<char>, std::allocator<char> >&}; _Tp = BehaviorPlannerNode][m[K’
[2.176s] [01m[K/usr/include/c++/11/bits/shared_ptr.h:862:14:[m[K   required from ‘[01m[Kstd::shared_ptr<_Tp> std::allocate_shared(const _Alloc&, _Args&& ...) [with _Tp = BehaviorPlannerNode; _Alloc = std::allocator<BehaviorPlannerNode>; _Args = {std::__cxx11::basic_string<char, std::char_traits<char>, std::allocator<char> >&}][m[K’
[2.176s] [01m[K/usr/include/c++/11/bits/shared_ptr.h:878:39:[m[K   required from ‘[01m[Kstd::shared_ptr<_Tp> std::make_shared(_Args&& ...) [with _Tp = BehaviorPlannerNode; _Args = {std::__cxx11::basic_string<char, std::char_traits<char>, std::allocator<char> >&}][m[K’
[2.176s] [01m[K/home/seok/automotive_software_final/src/app/autonomous_driving/src/behavior_planner_node.cpp:98:55:[m[K   required from here
[2.176s] [01m[K/usr/include/c++/11/ext/new_allocator.h:162:11:[m[K [01;31m[Kerror: [m[Kno matching function for call to ‘[01m[KBehaviorPlannerNode::BehaviorPlannerNode(std::__cxx11::basic_string<char>&)[m[K’
[2.176s]   162 |         { [01;31m[K::new((void *)__p) _Up(std::forward<_Args>(__args)...)[m[K; }
[2.176s]       |           [01;31m[K^~~~~~~~~~~~~~~~~~~~~~~~~~~~~~~~~~~~~~~~~~~~~~~~~~~~~~[m[K
[2.176s] [01m[K/home/seok/automotive_software_final/src/app/autonomous_driving/src/behavior_planner_node.cpp:5:1:[m[K [01;36m[Knote: [m[Kcandidate: ‘[01m[KBehaviorPlannerNode::BehaviorPlannerNode(const string&, const double&, const rclcpp::NodeOptions&)[m[K’
[2.176s]     5 | [01;36m[KBehaviorPlannerNode[m[K::BehaviorPlannerNode(const std::string& node_name, const double& loop_rate,
[2.176s]       | [01;36m[K^~~~~~~~~~~~~~~~~~~[m[K
[2.176s] [01m[K/home/seok/automotive_software_final/src/app/autonomous_driving/src/behavior_planner_node.cpp:5:1:[m[K [01;36m[Knote: [m[K  candidate expects 3 arguments, 1 provided
[3.581s] gmake[2]: *** [CMakeFiles/behavior_planner_node.dir/build.make:76: CMakeFiles/behavior_planner_node.dir/src/behavior_planner_node.cpp.o] Error 1
[3.581s] gmake[1]: *** [CMakeFiles/Makefile2:193: CMakeFiles/behavior_planner_node.dir/all] Error 2
[3.581s] gmake: *** [Makefile:146: all] Error 2
[3.583s] Invoked command in '/home/seok/automotive_software_final/build/autonomous_driving' returned '2': CMAKE_PREFIX_PATH=/home/seok/automotive_software_final/install/ad_msgs:/home/seok/automotive_software_final/install/simulator:/home/seok/automotive_software_final/install/mission_manager:/home/seok/automotive_software_final/install/evaluation:/home/seok/automotive_software_final/install/autonomous_driving:/opt/ros/humble /usr/bin/cmake --build /home/seok/automotive_software_final/build/autonomous_driving -- -j28 -l28
