[0.039s] Invoking command in '/home/seok/automotive_software_final/build/autonomous_driving': CMAKE_PREFIX_PATH=/home/seok/automotive_software_final/install/ad_msgs:/home/seok/automotive_software_final/install/simulator:/home/seok/automotive_software_final/install/mission_manager:/home/seok/automotive_software_final/install/evaluation:/home/seok/automotive_software_final/install/autonomous_driving:/opt/ros/humble /usr/bin/cmake --build /home/seok/automotive_software_final/build/autonomous_driving -- -j28 -l28
[0.079s] [35m[1mConsolidate compiler generated dependencies of target behavior_planner_node[0m
[0.107s] [ 33%] Built target driving_way_node
[0.108s] [ 50%] [32mBuilding CXX object CMakeFiles/behavior_planner_node.dir/src/behavior_planner_node.cpp.o[0m
[0.112s] [ 83%] Built target autonomous_driving_node
[6.429s] [100%] [32m[1mLinking CXX executable behavior_planner_node[0m
[6.822s] [100%] Built target behavior_planner_node
[6.828s] Invoked command in '/home/seok/automotive_software_final/build/autonomous_driving' returned '0': CMAKE_PREFIX_PATH=/home/seok/automotive_software_final/install/ad_msgs:/home/seok/automotive_software_final/install/simulator:/home/seok/automotive_software_final/install/mission_manager:/home/seok/automotive_software_final/install/evaluation:/home/seok/automotive_software_final/install/autonomous_driving:/opt/ros/humble /usr/bin/cmake --build /home/seok/automotive_software_final/build/autonomous_driving -- -j28 -l28
[6.841s] Invoking command in '/home/seok/automotive_software_final/build/autonomous_driving': CMAKE_PREFIX_PATH=/home/seok/automotive_software_final/install/ad_msgs:/home/seok/automotive_software_final/install/simulator:/home/seok/automotive_software_final/install/mission_manager:/home/seok/automotive_software_final/install/evaluation:/home/seok/automotive_software_final/install/autonomous_driving:/opt/ros/humble /usr/bin/cmake --install /home/seok/automotive_software_final/build/autonomous_driving
[6.844s] -- Install configuration: ""
[6.845s] -- Up-to-date: /home/seok/automotive_software_final/install/autonomous_driving/lib/autonomous_driving/autonomous_driving_node
[6.845s] -- Up-to-date: /home/seok/automotive_software_final/install/autonomous_driving/lib/autonomous_driving/driving_way_node
[6.846s] -- Installing: /home/seok/automotive_software_final/install/autonomous_driving/lib/autonomous_driving/behavior_planner_node
[6.849s] -- Set runtime path of "/home/seok/automotive_software_final/install/autonomous_driving/lib/autonomous_driving/behavior_planner_node" to ""
[6.849s] -- Up-to-date: /home/seok/automotive_software_final/install/autonomous_driving/share/autonomous_driving/launch
[6.849s] -- Up-to-date: /home/seok/automotive_software_final/install/autonomous_driving/share/autonomous_driving/launch/manual_driving.launch.xml
[6.849s] -- Up-to-date: /home/seok/automotive_software_final/install/autonomous_driving/share/autonomous_driving/launch/autonomous_driving.launch.xml
[6.849s] -- Up-to-date: /home/seok/automotive_software_final/install/autonomous_driving/lib/autonomous_driving/simultaneous_inputs.py
[6.849s] -- Up-to-date: /home/seok/automotive_software_final/install/autonomous_driving/share/ament_index/resource_index/package_run_dependencies/autonomous_driving
[6.849s] -- Up-to-date: /home/seok/automotive_software_final/install/autonomous_driving/share/ament_index/resource_index/parent_prefix_path/autonomous_driving
[6.849s] -- Up-to-date: /home/seok/automotive_software_final/install/autonomous_driving/share/autonomous_driving/environment/ament_prefix_path.sh
[6.849s] -- Up-to-date: /home/seok/automotive_software_final/install/autonomous_driving/share/autonomous_driving/environment/ament_prefix_path.dsv
[6.849s] -- Up-to-date: /home/seok/automotive_software_final/install/autonomous_driving/share/autonomous_driving/environment/path.sh
[6.849s] -- Up-to-date: /home/seok/automotive_software_final/install/autonomous_driving/share/autonomous_driving/environment/path.dsv
[6.849s] -- Up-to-date: /home/seok/automotive_software_final/install/autonomous_driving/share/autonomous_driving/local_setup.bash
[6.850s] -- Up-to-date: /home/seok/automotive_software_final/install/autonomous_driving/share/autonomous_driving/local_setup.sh
[6.850s] -- Up-to-date: /home/seok/automotive_software_final/install/autonomous_driving/share/autonomous_driving/local_setup.zsh
[6.850s] -- Up-to-date: /home/seok/automotive_software_final/install/autonomous_driving/share/autonomous_driving/local_setup.dsv
[6.850s] -- Installing: /home/seok/automotive_software_final/install/autonomous_driving/share/autonomous_driving/package.dsv
[6.850s] -- Up-to-date: /home/seok/automotive_software_final/install/autonomous_driving/share/ament_index/resource_index/packages/autonomous_driving
[6.850s] -- Up-to-date: /home/seok/automotive_software_final/install/autonomous_driving/share/autonomous_driving/cmake/autonomous_drivingConfig.cmake
[6.850s] -- Up-to-date: /home/seok/automotive_software_final/install/autonomous_driving/share/autonomous_driving/cmake/autonomous_drivingConfig-version.cmake
[6.850s] -- Up-to-date: /home/seok/automotive_software_final/install/autonomous_driving/share/autonomous_driving/package.xml
[6.851s] Invoked command in '/home/seok/automotive_software_final/build/autonomous_driving' returned '0': CMAKE_PREFIX_PATH=/home/seok/automotive_software_final/install/ad_msgs:/home/seok/automotive_software_final/install/simulator:/home/seok/automotive_software_final/install/mission_manager:/home/seok/automotive_software_final/install/evaluation:/home/seok/automotive_software_final/install/autonomous_driving:/opt/ros/humble /usr/bin/cmake --install /home/seok/automotive_software_final/build/autonomous_driving
