[0.336s] DEBUG:colcon:Command line arguments: ['/usr/bin/colcon', 'build']
[0.336s] DEBUG:colcon:Parsed command line arguments: Namespace(log_base=None, log_level=None, verb_name='build', build_base='build', install_base='install', merge_install=False, symlink_install=False, test_result_base=None, continue_on_error=False, executor='parallel', parallel_workers=8, event_handlers=None, ignore_user_meta=False, metas=['./colcon.meta'], base_paths=['.'], packages_ignore=None, packages_ignore_regex=None, paths=None, packages_up_to=None, packages_up_to_regex=None, packages_above=None, packages_above_and_dependencies=None, packages_above_depth=None, packages_select_by_dep=None, packages_skip_by_dep=None, packages_skip_up_to=None, packages_select_build_failed=False, packages_skip_build_finished=False, packages_select_test_failures=False, packages_skip_test_passed=False, packages_select=None, packages_skip=None, packages_select_regex=None, packages_skip_regex=None, packages_start=None, packages_end=None, allow_overriding=[], cmake_args=None, cmake_target=None, cmake_target_skip_unavailable=False, cmake_clean_cache=False, cmake_clean_first=False, cmake_force_configure=False, ament_cmake_args=None, catkin_cmake_args=None, catkin_skip_building_tests=False, verb_parser=<colcon_defaults.argument_parser.defaults.DefaultArgumentsDecorator object at 0x7f6090a8fcd0>, verb_extension=<colcon_core.verb.build.BuildVerb object at 0x7f6090de7250>, main=<bound method BuildVerb.main of <colcon_core.verb.build.BuildVerb object at 0x7f6090de7250>>)
[0.711s] Level 1:colcon.colcon_core.package_discovery:discover_packages(colcon_meta) check parameters
[0.713s] Level 1:colcon.colcon_core.package_discovery:discover_packages(recursive) check parameters
[0.713s] Level 1:colcon.colcon_core.package_discovery:discover_packages(ignore) check parameters
[0.714s] Level 1:colcon.colcon_core.package_discovery:discover_packages(path) check parameters
[0.714s] Level 1:colcon.colcon_core.package_discovery:discover_packages(colcon_meta) discover
[0.714s] Level 1:colcon.colcon_core.package_discovery:discover_packages(recursive) discover
[0.714s] INFO:colcon.colcon_core.package_discovery:Crawling recursively for packages in '/home/jeongwoo/Automotive_software_final'
[0.714s] Level 1:colcon.colcon_core.package_identification:_identify(.) by extensions ['ignore', 'ignore_ament_install']
[0.715s] Level 1:colcon.colcon_core.package_identification:_identify(.) by extension 'ignore'
[0.715s] Level 1:colcon.colcon_core.package_identification:_identify(.) by extension 'ignore_ament_install'
[0.715s] Level 1:colcon.colcon_core.package_identification:_identify(.) by extensions ['colcon_pkg']
[0.716s] Level 1:colcon.colcon_core.package_identification:_identify(.) by extension 'colcon_pkg'
[0.716s] Level 1:colcon.colcon_core.package_identification:_identify(.) by extensions ['colcon_meta']
[0.716s] Level 1:colcon.colcon_core.package_identification:_identify(.) by extension 'colcon_meta'
[0.716s] Level 1:colcon.colcon_core.package_identification:_identify(.) by extensions ['ros']
[0.716s] Level 1:colcon.colcon_core.package_identification:_identify(.) by extension 'ros'
[0.760s] Level 1:colcon.colcon_core.package_identification:_identify(.) by extensions ['cmake', 'python']
[0.760s] Level 1:colcon.colcon_core.package_identification:_identify(.) by extension 'cmake'
[0.761s] Level 1:colcon.colcon_core.package_identification:_identify(.) by extension 'python'
[0.762s] Level 1:colcon.colcon_core.package_identification:_identify(.) by extensions ['python_setup_py']
[0.762s] Level 1:colcon.colcon_core.package_identification:_identify(.) by extension 'python_setup_py'
[0.764s] Level 1:colcon.colcon_core.package_identification:_identify(build) by extensions ['ignore', 'ignore_ament_install']
[0.764s] Level 1:colcon.colcon_core.package_identification:_identify(build) by extension 'ignore'
[0.764s] Level 1:colcon.colcon_core.package_identification:_identify(build) ignored
[0.765s] Level 1:colcon.colcon_core.package_identification:_identify(install) by extensions ['ignore', 'ignore_ament_install']
[0.765s] Level 1:colcon.colcon_core.package_identification:_identify(install) by extension 'ignore'
[0.765s] Level 1:colcon.colcon_core.package_identification:_identify(install) ignored
[0.765s] Level 1:colcon.colcon_core.package_identification:_identify(log) by extensions ['ignore', 'ignore_ament_install']
[0.766s] Level 1:colcon.colcon_core.package_identification:_identify(log) by extension 'ignore'
[0.766s] Level 1:colcon.colcon_core.package_identification:_identify(log) ignored
[0.766s] Level 1:colcon.colcon_core.package_identification:_identify(resources) by extensions ['ignore', 'ignore_ament_install']
[0.766s] Level 1:colcon.colcon_core.package_identification:_identify(resources) by extension 'ignore'
[0.767s] Level 1:colcon.colcon_core.package_identification:_identify(resources) by extension 'ignore_ament_install'
[0.767s] Level 1:colcon.colcon_core.package_identification:_identify(resources) by extensions ['colcon_pkg']
[0.767s] Level 1:colcon.colcon_core.package_identification:_identify(resources) by extension 'colcon_pkg'
[0.767s] Level 1:colcon.colcon_core.package_identification:_identify(resources) by extensions ['colcon_meta']
[0.767s] Level 1:colcon.colcon_core.package_identification:_identify(resources) by extension 'colcon_meta'
[0.767s] Level 1:colcon.colcon_core.package_identification:_identify(resources) by extensions ['ros']
[0.768s] Level 1:colcon.colcon_core.package_identification:_identify(resources) by extension 'ros'
[0.768s] Level 1:colcon.colcon_core.package_identification:_identify(resources) by extensions ['cmake', 'python']
[0.768s] Level 1:colcon.colcon_core.package_identification:_identify(resources) by extension 'cmake'
[0.768s] Level 1:colcon.colcon_core.package_identification:_identify(resources) by extension 'python'
[0.768s] Level 1:colcon.colcon_core.package_identification:_identify(resources) by extensions ['python_setup_py']
[0.768s] Level 1:colcon.colcon_core.package_identification:_identify(resources) by extension 'python_setup_py'
[0.768s] Level 1:colcon.colcon_core.package_identification:_identify(resources/csv) by extensions ['ignore', 'ignore_ament_install']
[0.769s] Level 1:colcon.colcon_core.package_identification:_identify(resources/csv) by extension 'ignore'
[0.769s] Level 1:colcon.colcon_core.package_identification:_identify(resources/csv) by extension 'ignore_ament_install'
[0.770s] Level 1:colcon.colcon_core.package_identification:_identify(resources/csv) by extensions ['colcon_pkg']
[0.770s] Level 1:colcon.colcon_core.package_identification:_identify(resources/csv) by extension 'colcon_pkg'
[0.770s] Level 1:colcon.colcon_core.package_identification:_identify(resources/csv) by extensions ['colcon_meta']
[0.770s] Level 1:colcon.colcon_core.package_identification:_identify(resources/csv) by extension 'colcon_meta'
[0.771s] Level 1:colcon.colcon_core.package_identification:_identify(resources/csv) by extensions ['ros']
[0.771s] Level 1:colcon.colcon_core.package_identification:_identify(resources/csv) by extension 'ros'
[0.771s] Level 1:colcon.colcon_core.package_identification:_identify(resources/csv) by extensions ['cmake', 'python']
[0.771s] Level 1:colcon.colcon_core.package_identification:_identify(resources/csv) by extension 'cmake'
[0.771s] Level 1:colcon.colcon_core.package_identification:_identify(resources/csv) by extension 'python'
[0.772s] Level 1:colcon.colcon_core.package_identification:_identify(resources/csv) by extensions ['python_setup_py']
[0.772s] Level 1:colcon.colcon_core.package_identification:_identify(resources/csv) by extension 'python_setup_py'
[0.772s] Level 1:colcon.colcon_core.package_identification:_identify(resources/csv/evaluation_lane) by extensions ['ignore', 'ignore_ament_install']
[0.772s] Level 1:colcon.colcon_core.package_identification:_identify(resources/csv/evaluation_lane) by extension 'ignore'
[0.773s] Level 1:colcon.colcon_core.package_identification:_identify(resources/csv/evaluation_lane) by extension 'ignore_ament_install'
[0.773s] Level 1:colcon.colcon_core.package_identification:_identify(resources/csv/evaluation_lane) by extensions ['colcon_pkg']
[0.773s] Level 1:colcon.colcon_core.package_identification:_identify(resources/csv/evaluation_lane) by extension 'colcon_pkg'
[0.774s] Level 1:colcon.colcon_core.package_identification:_identify(resources/csv/evaluation_lane) by extensions ['colcon_meta']
[0.775s] Level 1:colcon.colcon_core.package_identification:_identify(resources/csv/evaluation_lane) by extension 'colcon_meta'
[0.775s] Level 1:colcon.colcon_core.package_identification:_identify(resources/csv/evaluation_lane) by extensions ['ros']
[0.775s] Level 1:colcon.colcon_core.package_identification:_identify(resources/csv/evaluation_lane) by extension 'ros'
[0.776s] Level 1:colcon.colcon_core.package_identification:_identify(resources/csv/evaluation_lane) by extensions ['cmake', 'python']
[0.777s] Level 1:colcon.colcon_core.package_identification:_identify(resources/csv/evaluation_lane) by extension 'cmake'
[0.778s] Level 1:colcon.colcon_core.package_identification:_identify(resources/csv/evaluation_lane) by extension 'python'
[0.779s] Level 1:colcon.colcon_core.package_identification:_identify(resources/csv/evaluation_lane) by extensions ['python_setup_py']
[0.780s] Level 1:colcon.colcon_core.package_identification:_identify(resources/csv/evaluation_lane) by extension 'python_setup_py'
[0.781s] Level 1:colcon.colcon_core.package_identification:_identify(resources/csv/simulation_lane) by extensions ['ignore', 'ignore_ament_install']
[0.781s] Level 1:colcon.colcon_core.package_identification:_identify(resources/csv/simulation_lane) by extension 'ignore'
[0.781s] Level 1:colcon.colcon_core.package_identification:_identify(resources/csv/simulation_lane) by extension 'ignore_ament_install'
[0.781s] Level 1:colcon.colcon_core.package_identification:_identify(resources/csv/simulation_lane) by extensions ['colcon_pkg']
[0.782s] Level 1:colcon.colcon_core.package_identification:_identify(resources/csv/simulation_lane) by extension 'colcon_pkg'
[0.782s] Level 1:colcon.colcon_core.package_identification:_identify(resources/csv/simulation_lane) by extensions ['colcon_meta']
[0.782s] Level 1:colcon.colcon_core.package_identification:_identify(resources/csv/simulation_lane) by extension 'colcon_meta'
[0.782s] Level 1:colcon.colcon_core.package_identification:_identify(resources/csv/simulation_lane) by extensions ['ros']
[0.782s] Level 1:colcon.colcon_core.package_identification:_identify(resources/csv/simulation_lane) by extension 'ros'
[0.782s] Level 1:colcon.colcon_core.package_identification:_identify(resources/csv/simulation_lane) by extensions ['cmake', 'python']
[0.782s] Level 1:colcon.colcon_core.package_identification:_identify(resources/csv/simulation_lane) by extension 'cmake'
[0.782s] Level 1:colcon.colcon_core.package_identification:_identify(resources/csv/simulation_lane) by extension 'python'
[0.783s] Level 1:colcon.colcon_core.package_identification:_identify(resources/csv/simulation_lane) by extensions ['python_setup_py']
[0.783s] Level 1:colcon.colcon_core.package_identification:_identify(resources/csv/simulation_lane) by extension 'python_setup_py'
[0.783s] Level 1:colcon.colcon_core.package_identification:_identify(resources/meshes) by extensions ['ignore', 'ignore_ament_install']
[0.783s] Level 1:colcon.colcon_core.package_identification:_identify(resources/meshes) by extension 'ignore'
[0.783s] Level 1:colcon.colcon_core.package_identification:_identify(resources/meshes) by extension 'ignore_ament_install'
[0.784s] Level 1:colcon.colcon_core.package_identification:_identify(resources/meshes) by extensions ['colcon_pkg']
[0.784s] Level 1:colcon.colcon_core.package_identification:_identify(resources/meshes) by extension 'colcon_pkg'
[0.784s] Level 1:colcon.colcon_core.package_identification:_identify(resources/meshes) by extensions ['colcon_meta']
[0.784s] Level 1:colcon.colcon_core.package_identification:_identify(resources/meshes) by extension 'colcon_meta'
[0.784s] Level 1:colcon.colcon_core.package_identification:_identify(resources/meshes) by extensions ['ros']
[0.784s] Level 1:colcon.colcon_core.package_identification:_identify(resources/meshes) by extension 'ros'
[0.784s] Level 1:colcon.colcon_core.package_identification:_identify(resources/meshes) by extensions ['cmake', 'python']
[0.785s] Level 1:colcon.colcon_core.package_identification:_identify(resources/meshes) by extension 'cmake'
[0.785s] Level 1:colcon.colcon_core.package_identification:_identify(resources/meshes) by extension 'python'
[0.785s] Level 1:colcon.colcon_core.package_identification:_identify(resources/meshes) by extensions ['python_setup_py']
[0.785s] Level 1:colcon.colcon_core.package_identification:_identify(resources/meshes) by extension 'python_setup_py'
[0.786s] Level 1:colcon.colcon_core.package_identification:_identify(resources/rviz) by extensions ['ignore', 'ignore_ament_install']
[0.786s] Level 1:colcon.colcon_core.package_identification:_identify(resources/rviz) by extension 'ignore'
[0.786s] Level 1:colcon.colcon_core.package_identification:_identify(resources/rviz) by extension 'ignore_ament_install'
[0.786s] Level 1:colcon.colcon_core.package_identification:_identify(resources/rviz) by extensions ['colcon_pkg']
[0.787s] Level 1:colcon.colcon_core.package_identification:_identify(resources/rviz) by extension 'colcon_pkg'
[0.787s] Level 1:colcon.colcon_core.package_identification:_identify(resources/rviz) by extensions ['colcon_meta']
[0.787s] Level 1:colcon.colcon_core.package_identification:_identify(resources/rviz) by extension 'colcon_meta'
[0.787s] Level 1:colcon.colcon_core.package_identification:_identify(resources/rviz) by extensions ['ros']
[0.787s] Level 1:colcon.colcon_core.package_identification:_identify(resources/rviz) by extension 'ros'
[0.788s] Level 1:colcon.colcon_core.package_identification:_identify(resources/rviz) by extensions ['cmake', 'python']
[0.788s] Level 1:colcon.colcon_core.package_identification:_identify(resources/rviz) by extension 'cmake'
[0.788s] Level 1:colcon.colcon_core.package_identification:_identify(resources/rviz) by extension 'python'
[0.788s] Level 1:colcon.colcon_core.package_identification:_identify(resources/rviz) by extensions ['python_setup_py']
[0.788s] Level 1:colcon.colcon_core.package_identification:_identify(resources/rviz) by extension 'python_setup_py'
[0.789s] Level 1:colcon.colcon_core.package_identification:_identify(src) by extensions ['ignore', 'ignore_ament_install']
[0.789s] Level 1:colcon.colcon_core.package_identification:_identify(src) by extension 'ignore'
[0.789s] Level 1:colcon.colcon_core.package_identification:_identify(src) by extension 'ignore_ament_install'
[0.789s] Level 1:colcon.colcon_core.package_identification:_identify(src) by extensions ['colcon_pkg']
[0.790s] Level 1:colcon.colcon_core.package_identification:_identify(src) by extension 'colcon_pkg'
[0.790s] Level 1:colcon.colcon_core.package_identification:_identify(src) by extensions ['colcon_meta']
[0.790s] Level 1:colcon.colcon_core.package_identification:_identify(src) by extension 'colcon_meta'
[0.790s] Level 1:colcon.colcon_core.package_identification:_identify(src) by extensions ['ros']
[0.792s] Level 1:colcon.colcon_core.package_identification:_identify(src) by extension 'ros'
[0.793s] Level 1:colcon.colcon_core.package_identification:_identify(src) by extensions ['cmake', 'python']
[0.793s] Level 1:colcon.colcon_core.package_identification:_identify(src) by extension 'cmake'
[0.794s] Level 1:colcon.colcon_core.package_identification:_identify(src) by extension 'python'
[0.795s] Level 1:colcon.colcon_core.package_identification:_identify(src) by extensions ['python_setup_py']
[0.795s] Level 1:colcon.colcon_core.package_identification:_identify(src) by extension 'python_setup_py'
[0.795s] Level 1:colcon.colcon_core.package_identification:_identify(src/app) by extensions ['ignore', 'ignore_ament_install']
[0.795s] Level 1:colcon.colcon_core.package_identification:_identify(src/app) by extension 'ignore'
[0.796s] Level 1:colcon.colcon_core.package_identification:_identify(src/app) by extension 'ignore_ament_install'
[0.796s] Level 1:colcon.colcon_core.package_identification:_identify(src/app) by extensions ['colcon_pkg']
[0.796s] Level 1:colcon.colcon_core.package_identification:_identify(src/app) by extension 'colcon_pkg'
[0.796s] Level 1:colcon.colcon_core.package_identification:_identify(src/app) by extensions ['colcon_meta']
[0.796s] Level 1:colcon.colcon_core.package_identification:_identify(src/app) by extension 'colcon_meta'
[0.797s] Level 1:colcon.colcon_core.package_identification:_identify(src/app) by extensions ['ros']
[0.797s] Level 1:colcon.colcon_core.package_identification:_identify(src/app) by extension 'ros'
[0.797s] Level 1:colcon.colcon_core.package_identification:_identify(src/app) by extensions ['cmake', 'python']
[0.797s] Level 1:colcon.colcon_core.package_identification:_identify(src/app) by extension 'cmake'
[0.797s] Level 1:colcon.colcon_core.package_identification:_identify(src/app) by extension 'python'
[0.797s] Level 1:colcon.colcon_core.package_identification:_identify(src/app) by extensions ['python_setup_py']
[0.797s] Level 1:colcon.colcon_core.package_identification:_identify(src/app) by extension 'python_setup_py'
[0.798s] Level 1:colcon.colcon_core.package_identification:_identify(src/app/autonomous_driving) by extensions ['ignore', 'ignore_ament_install']
[0.798s] Level 1:colcon.colcon_core.package_identification:_identify(src/app/autonomous_driving) by extension 'ignore'
[0.798s] Level 1:colcon.colcon_core.package_identification:_identify(src/app/autonomous_driving) by extension 'ignore_ament_install'
[0.798s] Level 1:colcon.colcon_core.package_identification:_identify(src/app/autonomous_driving) by extensions ['colcon_pkg']
[0.798s] Level 1:colcon.colcon_core.package_identification:_identify(src/app/autonomous_driving) by extension 'colcon_pkg'
[0.799s] Level 1:colcon.colcon_core.package_identification:_identify(src/app/autonomous_driving) by extensions ['colcon_meta']
[0.799s] Level 1:colcon.colcon_core.package_identification:_identify(src/app/autonomous_driving) by extension 'colcon_meta'
[0.799s] Level 1:colcon.colcon_core.package_identification:_identify(src/app/autonomous_driving) by extensions ['ros']
[0.799s] Level 1:colcon.colcon_core.package_identification:_identify(src/app/autonomous_driving) by extension 'ros'
[0.805s] DEBUG:colcon.colcon_core.package_identification:Package 'src/app/autonomous_driving' with type 'ros.ament_cmake' and name 'autonomous_driving'
[0.805s] Level 1:colcon.colcon_core.package_identification:_identify(src/app/evaluation) by extensions ['ignore', 'ignore_ament_install']
[0.806s] Level 1:colcon.colcon_core.package_identification:_identify(src/app/evaluation) by extension 'ignore'
[0.806s] Level 1:colcon.colcon_core.package_identification:_identify(src/app/evaluation) by extension 'ignore_ament_install'
[0.806s] Level 1:colcon.colcon_core.package_identification:_identify(src/app/evaluation) by extensions ['colcon_pkg']
[0.806s] Level 1:colcon.colcon_core.package_identification:_identify(src/app/evaluation) by extension 'colcon_pkg'
[0.806s] Level 1:colcon.colcon_core.package_identification:_identify(src/app/evaluation) by extensions ['colcon_meta']
[0.807s] Level 1:colcon.colcon_core.package_identification:_identify(src/app/evaluation) by extension 'colcon_meta'
[0.807s] Level 1:colcon.colcon_core.package_identification:_identify(src/app/evaluation) by extensions ['ros']
[0.807s] Level 1:colcon.colcon_core.package_identification:_identify(src/app/evaluation) by extension 'ros'
[0.813s] DEBUG:colcon.colcon_core.package_identification:Package 'src/app/evaluation' with type 'ros.ament_cmake' and name 'evaluation'
[0.814s] Level 1:colcon.colcon_core.package_identification:_identify(src/app/mission_manager) by extensions ['ignore', 'ignore_ament_install']
[0.814s] Level 1:colcon.colcon_core.package_identification:_identify(src/app/mission_manager) by extension 'ignore'
[0.814s] Level 1:colcon.colcon_core.package_identification:_identify(src/app/mission_manager) by extension 'ignore_ament_install'
[0.815s] Level 1:colcon.colcon_core.package_identification:_identify(src/app/mission_manager) by extensions ['colcon_pkg']
[0.815s] Level 1:colcon.colcon_core.package_identification:_identify(src/app/mission_manager) by extension 'colcon_pkg'
[0.815s] Level 1:colcon.colcon_core.package_identification:_identify(src/app/mission_manager) by extensions ['colcon_meta']
[0.815s] Level 1:colcon.colcon_core.package_identification:_identify(src/app/mission_manager) by extension 'colcon_meta'
[0.816s] Level 1:colcon.colcon_core.package_identification:_identify(src/app/mission_manager) by extensions ['ros']
[0.816s] Level 1:colcon.colcon_core.package_identification:_identify(src/app/mission_manager) by extension 'ros'
[0.818s] DEBUG:colcon.colcon_core.package_identification:Package 'src/app/mission_manager' with type 'ros.ament_cmake' and name 'mission_manager'
[0.819s] Level 1:colcon.colcon_core.package_identification:_identify(src/app/simulator) by extensions ['ignore', 'ignore_ament_install']
[0.819s] Level 1:colcon.colcon_core.package_identification:_identify(src/app/simulator) by extension 'ignore'
[0.819s] Level 1:colcon.colcon_core.package_identification:_identify(src/app/simulator) by extension 'ignore_ament_install'
[0.819s] Level 1:colcon.colcon_core.package_identification:_identify(src/app/simulator) by extensions ['colcon_pkg']
[0.820s] Level 1:colcon.colcon_core.package_identification:_identify(src/app/simulator) by extension 'colcon_pkg'
[0.820s] Level 1:colcon.colcon_core.package_identification:_identify(src/app/simulator) by extensions ['colcon_meta']
[0.820s] Level 1:colcon.colcon_core.package_identification:_identify(src/app/simulator) by extension 'colcon_meta'
[0.820s] Level 1:colcon.colcon_core.package_identification:_identify(src/app/simulator) by extensions ['ros']
[0.820s] Level 1:colcon.colcon_core.package_identification:_identify(src/app/simulator) by extension 'ros'
[0.822s] DEBUG:colcon.colcon_core.package_identification:Package 'src/app/simulator' with type 'ros.ament_cmake' and name 'simulator'
[0.822s] Level 1:colcon.colcon_core.package_identification:_identify(src/bsw) by extensions ['ignore', 'ignore_ament_install']
[0.823s] Level 1:colcon.colcon_core.package_identification:_identify(src/bsw) by extension 'ignore'
[0.823s] Level 1:colcon.colcon_core.package_identification:_identify(src/bsw) by extension 'ignore_ament_install'
[0.823s] Level 1:colcon.colcon_core.package_identification:_identify(src/bsw) by extensions ['colcon_pkg']
[0.823s] Level 1:colcon.colcon_core.package_identification:_identify(src/bsw) by extension 'colcon_pkg'
[0.824s] Level 1:colcon.colcon_core.package_identification:_identify(src/bsw) by extensions ['colcon_meta']
[0.824s] Level 1:colcon.colcon_core.package_identification:_identify(src/bsw) by extension 'colcon_meta'
[0.825s] Level 1:colcon.colcon_core.package_identification:_identify(src/bsw) by extensions ['ros']
[0.825s] Level 1:colcon.colcon_core.package_identification:_identify(src/bsw) by extension 'ros'
[0.825s] Level 1:colcon.colcon_core.package_identification:_identify(src/bsw) by extensions ['cmake', 'python']
[0.827s] Level 1:colcon.colcon_core.package_identification:_identify(src/bsw) by extension 'cmake'
[0.828s] Level 1:colcon.colcon_core.package_identification:_identify(src/bsw) by extension 'python'
[0.828s] Level 1:colcon.colcon_core.package_identification:_identify(src/bsw) by extensions ['python_setup_py']
[0.828s] Level 1:colcon.colcon_core.package_identification:_identify(src/bsw) by extension 'python_setup_py'
[0.829s] Level 1:colcon.colcon_core.package_identification:_identify(src/bsw/system) by extensions ['ignore', 'ignore_ament_install']
[0.829s] Level 1:colcon.colcon_core.package_identification:_identify(src/bsw/system) by extension 'ignore'
[0.829s] Level 1:colcon.colcon_core.package_identification:_identify(src/bsw/system) by extension 'ignore_ament_install'
[0.830s] Level 1:colcon.colcon_core.package_identification:_identify(src/bsw/system) by extensions ['colcon_pkg']
[0.830s] Level 1:colcon.colcon_core.package_identification:_identify(src/bsw/system) by extension 'colcon_pkg'
[0.830s] Level 1:colcon.colcon_core.package_identification:_identify(src/bsw/system) by extensions ['colcon_meta']
[0.830s] Level 1:colcon.colcon_core.package_identification:_identify(src/bsw/system) by extension 'colcon_meta'
[0.830s] Level 1:colcon.colcon_core.package_identification:_identify(src/bsw/system) by extensions ['ros']
[0.831s] Level 1:colcon.colcon_core.package_identification:_identify(src/bsw/system) by extension 'ros'
[0.831s] Level 1:colcon.colcon_core.package_identification:_identify(src/bsw/system) by extensions ['cmake', 'python']
[0.831s] Level 1:colcon.colcon_core.package_identification:_identify(src/bsw/system) by extension 'cmake'
[0.831s] Level 1:colcon.colcon_core.package_identification:_identify(src/bsw/system) by extension 'python'
[0.831s] Level 1:colcon.colcon_core.package_identification:_identify(src/bsw/system) by extensions ['python_setup_py']
[0.831s] Level 1:colcon.colcon_core.package_identification:_identify(src/bsw/system) by extension 'python_setup_py'
[0.832s] Level 1:colcon.colcon_core.package_identification:_identify(src/bsw/system/bridge) by extensions ['ignore', 'ignore_ament_install']
[0.832s] Level 1:colcon.colcon_core.package_identification:_identify(src/bsw/system/bridge) by extension 'ignore'
[0.832s] Level 1:colcon.colcon_core.package_identification:_identify(src/bsw/system/bridge) by extension 'ignore_ament_install'
[0.832s] Level 1:colcon.colcon_core.package_identification:_identify(src/bsw/system/bridge) by extensions ['colcon_pkg']
[0.832s] Level 1:colcon.colcon_core.package_identification:_identify(src/bsw/system/bridge) by extension 'colcon_pkg'
[0.832s] Level 1:colcon.colcon_core.package_identification:_identify(src/bsw/system/bridge) by extensions ['colcon_meta']
[0.833s] Level 1:colcon.colcon_core.package_identification:_identify(src/bsw/system/bridge) by extension 'colcon_meta'
[0.833s] Level 1:colcon.colcon_core.package_identification:_identify(src/bsw/system/bridge) by extensions ['ros']
[0.833s] Level 1:colcon.colcon_core.package_identification:_identify(src/bsw/system/bridge) by extension 'ros'
[0.833s] Level 1:colcon.colcon_core.package_identification:_identify(src/bsw/system/bridge) by extensions ['cmake', 'python']
[0.833s] Level 1:colcon.colcon_core.package_identification:_identify(src/bsw/system/bridge) by extension 'cmake'
[0.833s] Level 1:colcon.colcon_core.package_identification:_identify(src/bsw/system/bridge) by extension 'python'
[0.833s] Level 1:colcon.colcon_core.package_identification:_identify(src/bsw/system/bridge) by extensions ['python_setup_py']
[0.833s] Level 1:colcon.colcon_core.package_identification:_identify(src/bsw/system/bridge) by extension 'python_setup_py'
[0.834s] Level 1:colcon.colcon_core.package_identification:_identify(src/bsw/system/interface) by extensions ['ignore', 'ignore_ament_install']
[0.834s] Level 1:colcon.colcon_core.package_identification:_identify(src/bsw/system/interface) by extension 'ignore'
[0.834s] Level 1:colcon.colcon_core.package_identification:_identify(src/bsw/system/interface) by extension 'ignore_ament_install'
[0.834s] Level 1:colcon.colcon_core.package_identification:_identify(src/bsw/system/interface) by extensions ['colcon_pkg']
[0.834s] Level 1:colcon.colcon_core.package_identification:_identify(src/bsw/system/interface) by extension 'colcon_pkg'
[0.834s] Level 1:colcon.colcon_core.package_identification:_identify(src/bsw/system/interface) by extensions ['colcon_meta']
[0.835s] Level 1:colcon.colcon_core.package_identification:_identify(src/bsw/system/interface) by extension 'colcon_meta'
[0.835s] Level 1:colcon.colcon_core.package_identification:_identify(src/bsw/system/interface) by extensions ['ros']
[0.835s] Level 1:colcon.colcon_core.package_identification:_identify(src/bsw/system/interface) by extension 'ros'
[0.835s] Level 1:colcon.colcon_core.package_identification:_identify(src/bsw/system/interface) by extensions ['cmake', 'python']
[0.835s] Level 1:colcon.colcon_core.package_identification:_identify(src/bsw/system/interface) by extension 'cmake'
[0.835s] Level 1:colcon.colcon_core.package_identification:_identify(src/bsw/system/interface) by extension 'python'
[0.835s] Level 1:colcon.colcon_core.package_identification:_identify(src/bsw/system/interface) by extensions ['python_setup_py']
[0.835s] Level 1:colcon.colcon_core.package_identification:_identify(src/bsw/system/interface) by extension 'python_setup_py'
[0.836s] Level 1:colcon.colcon_core.package_identification:_identify(src/rte) by extensions ['ignore', 'ignore_ament_install']
[0.836s] Level 1:colcon.colcon_core.package_identification:_identify(src/rte) by extension 'ignore'
[0.836s] Level 1:colcon.colcon_core.package_identification:_identify(src/rte) by extension 'ignore_ament_install'
[0.836s] Level 1:colcon.colcon_core.package_identification:_identify(src/rte) by extensions ['colcon_pkg']
[0.836s] Level 1:colcon.colcon_core.package_identification:_identify(src/rte) by extension 'colcon_pkg'
[0.837s] Level 1:colcon.colcon_core.package_identification:_identify(src/rte) by extensions ['colcon_meta']
[0.837s] Level 1:colcon.colcon_core.package_identification:_identify(src/rte) by extension 'colcon_meta'
[0.837s] Level 1:colcon.colcon_core.package_identification:_identify(src/rte) by extensions ['ros']
[0.837s] Level 1:colcon.colcon_core.package_identification:_identify(src/rte) by extension 'ros'
[0.837s] Level 1:colcon.colcon_core.package_identification:_identify(src/rte) by extensions ['cmake', 'python']
[0.838s] Level 1:colcon.colcon_core.package_identification:_identify(src/rte) by extension 'cmake'
[0.838s] Level 1:colcon.colcon_core.package_identification:_identify(src/rte) by extension 'python'
[0.838s] Level 1:colcon.colcon_core.package_identification:_identify(src/rte) by extensions ['python_setup_py']
[0.838s] Level 1:colcon.colcon_core.package_identification:_identify(src/rte) by extension 'python_setup_py'
[0.839s] Level 1:colcon.colcon_core.package_identification:_identify(src/rte/msg) by extensions ['ignore', 'ignore_ament_install']
[0.839s] Level 1:colcon.colcon_core.package_identification:_identify(src/rte/msg) by extension 'ignore'
[0.840s] Level 1:colcon.colcon_core.package_identification:_identify(src/rte/msg) by extension 'ignore_ament_install'
[0.840s] Level 1:colcon.colcon_core.package_identification:_identify(src/rte/msg) by extensions ['colcon_pkg']
[0.840s] Level 1:colcon.colcon_core.package_identification:_identify(src/rte/msg) by extension 'colcon_pkg'
[0.841s] Level 1:colcon.colcon_core.package_identification:_identify(src/rte/msg) by extensions ['colcon_meta']
[0.841s] Level 1:colcon.colcon_core.package_identification:_identify(src/rte/msg) by extension 'colcon_meta'
[0.843s] Level 1:colcon.colcon_core.package_identification:_identify(src/rte/msg) by extensions ['ros']
[0.844s] Level 1:colcon.colcon_core.package_identification:_identify(src/rte/msg) by extension 'ros'
[0.845s] Level 1:colcon.colcon_core.package_identification:_identify(src/rte/msg) by extensions ['cmake', 'python']
[0.845s] Level 1:colcon.colcon_core.package_identification:_identify(src/rte/msg) by extension 'cmake'
[0.846s] Level 1:colcon.colcon_core.package_identification:_identify(src/rte/msg) by extension 'python'
[0.847s] Level 1:colcon.colcon_core.package_identification:_identify(src/rte/msg) by extensions ['python_setup_py']
[0.847s] Level 1:colcon.colcon_core.package_identification:_identify(src/rte/msg) by extension 'python_setup_py'
[0.848s] Level 1:colcon.colcon_core.package_identification:_identify(src/rte/msg/ad_msgs) by extensions ['ignore', 'ignore_ament_install']
[0.849s] Level 1:colcon.colcon_core.package_identification:_identify(src/rte/msg/ad_msgs) by extension 'ignore'
[0.850s] Level 1:colcon.colcon_core.package_identification:_identify(src/rte/msg/ad_msgs) by extension 'ignore_ament_install'
[0.850s] Level 1:colcon.colcon_core.package_identification:_identify(src/rte/msg/ad_msgs) by extensions ['colcon_pkg']
[0.851s] Level 1:colcon.colcon_core.package_identification:_identify(src/rte/msg/ad_msgs) by extension 'colcon_pkg'
[0.851s] Level 1:colcon.colcon_core.package_identification:_identify(src/rte/msg/ad_msgs) by extensions ['colcon_meta']
[0.851s] Level 1:colcon.colcon_core.package_identification:_identify(src/rte/msg/ad_msgs) by extension 'colcon_meta'
[0.851s] Level 1:colcon.colcon_core.package_identification:_identify(src/rte/msg/ad_msgs) by extensions ['ros']
[0.852s] Level 1:colcon.colcon_core.package_identification:_identify(src/rte/msg/ad_msgs) by extension 'ros'
[0.855s] DEBUG:colcon.colcon_core.package_identification:Package 'src/rte/msg/ad_msgs' with type 'ros.ament_cmake' and name 'ad_msgs'
[0.855s] Level 1:colcon.colcon_core.package_discovery:discover_packages(recursive) using defaults
[0.856s] Level 1:colcon.colcon_core.package_discovery:discover_packages(ignore) discover
[0.856s] Level 1:colcon.colcon_core.package_discovery:discover_packages(ignore) using defaults
[0.856s] Level 1:colcon.colcon_core.package_discovery:discover_packages(path) discover
[0.856s] Level 1:colcon.colcon_core.package_discovery:discover_packages(path) using defaults
[0.929s] Level 1:colcon.colcon_core.package_discovery:discover_packages(prefix_path) check parameters
[0.929s] Level 1:colcon.colcon_core.package_discovery:discover_packages(prefix_path) discover
[0.934s] DEBUG:colcon.colcon_installed_package_information.package_discovery:Found 272 installed packages in /opt/ros/humble
[0.938s] Level 1:colcon.colcon_core.package_discovery:discover_packages(prefix_path) using defaults
[1.063s] Level 5:colcon.colcon_core.verb:set package 'ad_msgs' build argument 'cmake_args' from command line to 'None'
[1.063s] Level 5:colcon.colcon_core.verb:set package 'ad_msgs' build argument 'cmake_target' from command line to 'None'
[1.063s] Level 5:colcon.colcon_core.verb:set package 'ad_msgs' build argument 'cmake_target_skip_unavailable' from command line to 'False'
[1.063s] Level 5:colcon.colcon_core.verb:set package 'ad_msgs' build argument 'cmake_clean_cache' from command line to 'False'
[1.063s] Level 5:colcon.colcon_core.verb:set package 'ad_msgs' build argument 'cmake_clean_first' from command line to 'False'
[1.064s] Level 5:colcon.colcon_core.verb:set package 'ad_msgs' build argument 'cmake_force_configure' from command line to 'False'
[1.064s] Level 5:colcon.colcon_core.verb:set package 'ad_msgs' build argument 'ament_cmake_args' from command line to 'None'
[1.064s] Level 5:colcon.colcon_core.verb:set package 'ad_msgs' build argument 'catkin_cmake_args' from command line to 'None'
[1.064s] Level 5:colcon.colcon_core.verb:set package 'ad_msgs' build argument 'catkin_skip_building_tests' from command line to 'False'
[1.064s] DEBUG:colcon.colcon_core.verb:Building package 'ad_msgs' with the following arguments: {'ament_cmake_args': None, 'build_base': '/home/jeongwoo/Automotive_software_final/build/ad_msgs', 'catkin_cmake_args': None, 'catkin_skip_building_tests': False, 'cmake_args': None, 'cmake_clean_cache': False, 'cmake_clean_first': False, 'cmake_force_configure': False, 'cmake_target': None, 'cmake_target_skip_unavailable': False, 'install_base': '/home/jeongwoo/Automotive_software_final/install/ad_msgs', 'merge_install': False, 'path': '/home/jeongwoo/Automotive_software_final/src/rte/msg/ad_msgs', 'symlink_install': False, 'test_result_base': None}
[1.064s] Level 5:colcon.colcon_core.verb:set package 'autonomous_driving' build argument 'cmake_args' from command line to 'None'
[1.065s] Level 5:colcon.colcon_core.verb:set package 'autonomous_driving' build argument 'cmake_target' from command line to 'None'
[1.065s] Level 5:colcon.colcon_core.verb:set package 'autonomous_driving' build argument 'cmake_target_skip_unavailable' from command line to 'False'
[1.065s] Level 5:colcon.colcon_core.verb:set package 'autonomous_driving' build argument 'cmake_clean_cache' from command line to 'False'
[1.065s] Level 5:colcon.colcon_core.verb:set package 'autonomous_driving' build argument 'cmake_clean_first' from command line to 'False'
[1.065s] Level 5:colcon.colcon_core.verb:set package 'autonomous_driving' build argument 'cmake_force_configure' from command line to 'False'
[1.065s] Level 5:colcon.colcon_core.verb:set package 'autonomous_driving' build argument 'ament_cmake_args' from command line to 'None'
[1.065s] Level 5:colcon.colcon_core.verb:set package 'autonomous_driving' build argument 'catkin_cmake_args' from command line to 'None'
[1.065s] Level 5:colcon.colcon_core.verb:set package 'autonomous_driving' build argument 'catkin_skip_building_tests' from command line to 'False'
[1.065s] DEBUG:colcon.colcon_core.verb:Building package 'autonomous_driving' with the following arguments: {'ament_cmake_args': None, 'build_base': '/home/jeongwoo/Automotive_software_final/build/autonomous_driving', 'catkin_cmake_args': None, 'catkin_skip_building_tests': False, 'cmake_args': None, 'cmake_clean_cache': False, 'cmake_clean_first': False, 'cmake_force_configure': False, 'cmake_target': None, 'cmake_target_skip_unavailable': False, 'install_base': '/home/jeongwoo/Automotive_software_final/install/autonomous_driving', 'merge_install': False, 'path': '/home/jeongwoo/Automotive_software_final/src/app/autonomous_driving', 'symlink_install': False, 'test_result_base': None}
[1.066s] Level 5:colcon.colcon_core.verb:set package 'evaluation' build argument 'cmake_args' from command line to 'None'
[1.067s] Level 5:colcon.colcon_core.verb:set package 'evaluation' build argument 'cmake_target' from command line to 'None'
[1.067s] Level 5:colcon.colcon_core.verb:set package 'evaluation' build argument 'cmake_target_skip_unavailable' from command line to 'False'
[1.067s] Level 5:colcon.colcon_core.verb:set package 'evaluation' build argument 'cmake_clean_cache' from command line to 'False'
[1.067s] Level 5:colcon.colcon_core.verb:set package 'evaluation' build argument 'cmake_clean_first' from command line to 'False'
[1.067s] Level 5:colcon.colcon_core.verb:set package 'evaluation' build argument 'cmake_force_configure' from command line to 'False'
[1.067s] Level 5:colcon.colcon_core.verb:set package 'evaluation' build argument 'ament_cmake_args' from command line to 'None'
[1.067s] Level 5:colcon.colcon_core.verb:set package 'evaluation' build argument 'catkin_cmake_args' from command line to 'None'
[1.068s] Level 5:colcon.colcon_core.verb:set package 'evaluation' build argument 'catkin_skip_building_tests' from command line to 'False'
[1.068s] DEBUG:colcon.colcon_core.verb:Building package 'evaluation' with the following arguments: {'ament_cmake_args': None, 'build_base': '/home/jeongwoo/Automotive_software_final/build/evaluation', 'catkin_cmake_args': None, 'catkin_skip_building_tests': False, 'cmake_args': None, 'cmake_clean_cache': False, 'cmake_clean_first': False, 'cmake_force_configure': False, 'cmake_target': None, 'cmake_target_skip_unavailable': False, 'install_base': '/home/jeongwoo/Automotive_software_final/install/evaluation', 'merge_install': False, 'path': '/home/jeongwoo/Automotive_software_final/src/app/evaluation', 'symlink_install': False, 'test_result_base': None}
[1.070s] Level 5:colcon.colcon_core.verb:set package 'mission_manager' build argument 'cmake_args' from command line to 'None'
[1.070s] Level 5:colcon.colcon_core.verb:set package 'mission_manager' build argument 'cmake_target' from command line to 'None'
[1.070s] Level 5:colcon.colcon_core.verb:set package 'mission_manager' build argument 'cmake_target_skip_unavailable' from command line to 'False'
[1.070s] Level 5:colcon.colcon_core.verb:set package 'mission_manager' build argument 'cmake_clean_cache' from command line to 'False'
[1.070s] Level 5:colcon.colcon_core.verb:set package 'mission_manager' build argument 'cmake_clean_first' from command line to 'False'
[1.071s] Level 5:colcon.colcon_core.verb:set package 'mission_manager' build argument 'cmake_force_configure' from command line to 'False'
[1.071s] Level 5:colcon.colcon_core.verb:set package 'mission_manager' build argument 'ament_cmake_args' from command line to 'None'
[1.071s] Level 5:colcon.colcon_core.verb:set package 'mission_manager' build argument 'catkin_cmake_args' from command line to 'None'
[1.071s] Level 5:colcon.colcon_core.verb:set package 'mission_manager' build argument 'catkin_skip_building_tests' from command line to 'False'
[1.071s] DEBUG:colcon.colcon_core.verb:Building package 'mission_manager' with the following arguments: {'ament_cmake_args': None, 'build_base': '/home/jeongwoo/Automotive_software_final/build/mission_manager', 'catkin_cmake_args': None, 'catkin_skip_building_tests': False, 'cmake_args': None, 'cmake_clean_cache': False, 'cmake_clean_first': False, 'cmake_force_configure': False, 'cmake_target': None, 'cmake_target_skip_unavailable': False, 'install_base': '/home/jeongwoo/Automotive_software_final/install/mission_manager', 'merge_install': False, 'path': '/home/jeongwoo/Automotive_software_final/src/app/mission_manager', 'symlink_install': False, 'test_result_base': None}
[1.072s] Level 5:colcon.colcon_core.verb:set package 'simulator' build argument 'cmake_args' from command line to 'None'
[1.073s] Level 5:colcon.colcon_core.verb:set package 'simulator' build argument 'cmake_target' from command line to 'None'
[1.073s] Level 5:colcon.colcon_core.verb:set package 'simulator' build argument 'cmake_target_skip_unavailable' from command line to 'False'
[1.073s] Level 5:colcon.colcon_core.verb:set package 'simulator' build argument 'cmake_clean_cache' from command line to 'False'
[1.073s] Level 5:colcon.colcon_core.verb:set package 'simulator' build argument 'cmake_clean_first' from command line to 'False'
[1.073s] Level 5:colcon.colcon_core.verb:set package 'simulator' build argument 'cmake_force_configure' from command line to 'False'
[1.073s] Level 5:colcon.colcon_core.verb:set package 'simulator' build argument 'ament_cmake_args' from command line to 'None'
[1.073s] Level 5:colcon.colcon_core.verb:set package 'simulator' build argument 'catkin_cmake_args' from command line to 'None'
[1.073s] Level 5:colcon.colcon_core.verb:set package 'simulator' build argument 'catkin_skip_building_tests' from command line to 'False'
[1.073s] DEBUG:colcon.colcon_core.verb:Building package 'simulator' with the following arguments: {'ament_cmake_args': None, 'build_base': '/home/jeongwoo/Automotive_software_final/build/simulator', 'catkin_cmake_args': None, 'catkin_skip_building_tests': False, 'cmake_args': None, 'cmake_clean_cache': False, 'cmake_clean_first': False, 'cmake_force_configure': False, 'cmake_target': None, 'cmake_target_skip_unavailable': False, 'install_base': '/home/jeongwoo/Automotive_software_final/install/simulator', 'merge_install': False, 'path': '/home/jeongwoo/Automotive_software_final/src/app/simulator', 'symlink_install': False, 'test_result_base': None}
[1.075s] INFO:colcon.colcon_core.executor:Executing jobs using 'parallel' executor
[1.079s] DEBUG:colcon.colcon_parallel_executor.executor.parallel:run_until_complete
[1.080s] INFO:colcon.colcon_ros.task.ament_cmake.build:Building ROS package in '/home/jeongwoo/Automotive_software_final/src/rte/msg/ad_msgs' with build type 'ament_cmake'
[1.081s] INFO:colcon.colcon_cmake.task.cmake.build:Building CMake package in '/home/jeongwoo/Automotive_software_final/src/rte/msg/ad_msgs'
[1.086s] INFO:colcon.colcon_core.plugin_system:Skipping extension 'colcon_core.shell.bat': Not used on non-Windows systems
[1.087s] INFO:colcon.colcon_core.shell:Skip shell extension 'powershell' for command environment: Not usable outside of PowerShell
[1.087s] DEBUG:colcon.colcon_core.shell:Skip shell extension 'dsv' for command environment
[1.110s] DEBUG:colcon.colcon_core.event_handler.log_command:Invoking command in '/home/jeongwoo/Automotive_software_final/build/ad_msgs': CMAKE_PREFIX_PATH=/opt/ros/humble /usr/bin/cmake --build /home/jeongwoo/Automotive_software_final/build/ad_msgs -- -j8 -l8
[2.566s] DEBUG:colcon.colcon_core.event_handler.log_command:Invoked command in '/home/jeongwoo/Automotive_software_final/build/ad_msgs' returned '0': CMAKE_PREFIX_PATH=/opt/ros/humble /usr/bin/cmake --build /home/jeongwoo/Automotive_software_final/build/ad_msgs -- -j8 -l8
[3.776s] DEBUG:colcon.colcon_core.event_handler.log_command:Invoking command in '/home/jeongwoo/Automotive_software_final/build/ad_msgs': CMAKE_PREFIX_PATH=/opt/ros/humble /usr/bin/cmake --install /home/jeongwoo/Automotive_software_final/build/ad_msgs
[3.910s] Level 1:colcon.colcon_core.environment:create_environment_scripts_only(ad_msgs)
[3.923s] DEBUG:colcon.colcon_core.event_handler.log_command:Invoked command in '/home/jeongwoo/Automotive_software_final/build/ad_msgs' returned '0': CMAKE_PREFIX_PATH=/opt/ros/humble /usr/bin/cmake --install /home/jeongwoo/Automotive_software_final/build/ad_msgs
[3.930s] Level 1:colcon.colcon_core.environment:checking '/home/jeongwoo/Automotive_software_final/install/ad_msgs' for CMake module files
[3.931s] Level 1:colcon.colcon_core.environment:checking '/home/jeongwoo/Automotive_software_final/install/ad_msgs' for CMake config files
[3.932s] Level 1:colcon.colcon_core.shell:create_environment_hook('ad_msgs', 'cmake_prefix_path')
[3.932s] INFO:colcon.colcon_core.shell:Creating environment hook '/home/jeongwoo/Automotive_software_final/install/ad_msgs/share/ad_msgs/hook/cmake_prefix_path.ps1'
[3.934s] INFO:colcon.colcon_core.shell:Creating environment descriptor '/home/jeongwoo/Automotive_software_final/install/ad_msgs/share/ad_msgs/hook/cmake_prefix_path.dsv'
[3.935s] INFO:colcon.colcon_core.shell:Creating environment hook '/home/jeongwoo/Automotive_software_final/install/ad_msgs/share/ad_msgs/hook/cmake_prefix_path.sh'
[3.937s] Level 1:colcon.colcon_core.environment:checking '/home/jeongwoo/Automotive_software_final/install/ad_msgs/lib'
[3.938s] Level 1:colcon.colcon_core.shell:create_environment_hook('ad_msgs', 'ld_library_path_lib')
[3.938s] INFO:colcon.colcon_core.shell:Creating environment hook '/home/jeongwoo/Automotive_software_final/install/ad_msgs/share/ad_msgs/hook/ld_library_path_lib.ps1'
[3.939s] INFO:colcon.colcon_core.shell:Creating environment descriptor '/home/jeongwoo/Automotive_software_final/install/ad_msgs/share/ad_msgs/hook/ld_library_path_lib.dsv'
[3.940s] INFO:colcon.colcon_core.shell:Creating environment hook '/home/jeongwoo/Automotive_software_final/install/ad_msgs/share/ad_msgs/hook/ld_library_path_lib.sh'
[3.942s] Level 1:colcon.colcon_core.environment:checking '/home/jeongwoo/Automotive_software_final/install/ad_msgs/bin'
[3.942s] Level 1:colcon.colcon_core.environment:checking '/home/jeongwoo/Automotive_software_final/install/ad_msgs/lib/pkgconfig/ad_msgs.pc'
[3.943s] Level 1:colcon.colcon_core.environment:checking '/home/jeongwoo/Automotive_software_final/install/ad_msgs/lib/python3.10/site-packages'
[3.944s] Level 1:colcon.colcon_core.environment:checking '/home/jeongwoo/Automotive_software_final/install/ad_msgs/bin'
[3.944s] INFO:colcon.colcon_core.shell:Creating package script '/home/jeongwoo/Automotive_software_final/install/ad_msgs/share/ad_msgs/package.ps1'
[3.946s] INFO:colcon.colcon_core.shell:Creating package descriptor '/home/jeongwoo/Automotive_software_final/install/ad_msgs/share/ad_msgs/package.dsv'
[3.947s] INFO:colcon.colcon_core.shell:Creating package script '/home/jeongwoo/Automotive_software_final/install/ad_msgs/share/ad_msgs/package.sh'
[3.948s] INFO:colcon.colcon_core.shell:Creating package script '/home/jeongwoo/Automotive_software_final/install/ad_msgs/share/ad_msgs/package.bash'
[3.949s] INFO:colcon.colcon_core.shell:Creating package script '/home/jeongwoo/Automotive_software_final/install/ad_msgs/share/ad_msgs/package.zsh'
[3.951s] Level 1:colcon.colcon_core.environment:create_file_with_runtime_dependencies(/home/jeongwoo/Automotive_software_final/install/ad_msgs/share/colcon-core/packages/ad_msgs)
[4.373s] Level 1:colcon.colcon_core.environment:create_environment_scripts_only(ad_msgs)
[4.373s] Level 1:colcon.colcon_core.environment:checking '/home/jeongwoo/Automotive_software_final/install/ad_msgs' for CMake module files
[4.375s] Level 1:colcon.colcon_core.environment:checking '/home/jeongwoo/Automotive_software_final/install/ad_msgs' for CMake config files
[4.377s] Level 1:colcon.colcon_core.shell:create_environment_hook('ad_msgs', 'cmake_prefix_path')
[4.377s] INFO:colcon.colcon_core.shell:Creating environment hook '/home/jeongwoo/Automotive_software_final/install/ad_msgs/share/ad_msgs/hook/cmake_prefix_path.ps1'
[4.378s] INFO:colcon.colcon_core.shell:Creating environment descriptor '/home/jeongwoo/Automotive_software_final/install/ad_msgs/share/ad_msgs/hook/cmake_prefix_path.dsv'
[4.379s] INFO:colcon.colcon_core.shell:Creating environment hook '/home/jeongwoo/Automotive_software_final/install/ad_msgs/share/ad_msgs/hook/cmake_prefix_path.sh'
[4.381s] Level 1:colcon.colcon_core.environment:checking '/home/jeongwoo/Automotive_software_final/install/ad_msgs/lib'
[4.381s] Level 1:colcon.colcon_core.shell:create_environment_hook('ad_msgs', 'ld_library_path_lib')
[4.382s] INFO:colcon.colcon_core.shell:Creating environment hook '/home/jeongwoo/Automotive_software_final/install/ad_msgs/share/ad_msgs/hook/ld_library_path_lib.ps1'
[4.382s] INFO:colcon.colcon_core.shell:Creating environment descriptor '/home/jeongwoo/Automotive_software_final/install/ad_msgs/share/ad_msgs/hook/ld_library_path_lib.dsv'
[4.383s] INFO:colcon.colcon_core.shell:Creating environment hook '/home/jeongwoo/Automotive_software_final/install/ad_msgs/share/ad_msgs/hook/ld_library_path_lib.sh'
[4.384s] Level 1:colcon.colcon_core.environment:checking '/home/jeongwoo/Automotive_software_final/install/ad_msgs/bin'
[4.384s] Level 1:colcon.colcon_core.environment:checking '/home/jeongwoo/Automotive_software_final/install/ad_msgs/lib/pkgconfig/ad_msgs.pc'
[4.384s] Level 1:colcon.colcon_core.environment:checking '/home/jeongwoo/Automotive_software_final/install/ad_msgs/lib/python3.10/site-packages'
[4.385s] Level 1:colcon.colcon_core.environment:checking '/home/jeongwoo/Automotive_software_final/install/ad_msgs/bin'
[4.386s] INFO:colcon.colcon_core.shell:Creating package script '/home/jeongwoo/Automotive_software_final/install/ad_msgs/share/ad_msgs/package.ps1'
[4.387s] INFO:colcon.colcon_core.shell:Creating package descriptor '/home/jeongwoo/Automotive_software_final/install/ad_msgs/share/ad_msgs/package.dsv'
[4.388s] INFO:colcon.colcon_core.shell:Creating package script '/home/jeongwoo/Automotive_software_final/install/ad_msgs/share/ad_msgs/package.sh'
[4.389s] INFO:colcon.colcon_core.shell:Creating package script '/home/jeongwoo/Automotive_software_final/install/ad_msgs/share/ad_msgs/package.bash'
[4.391s] INFO:colcon.colcon_core.shell:Creating package script '/home/jeongwoo/Automotive_software_final/install/ad_msgs/share/ad_msgs/package.zsh'
[4.393s] Level 1:colcon.colcon_core.environment:create_file_with_runtime_dependencies(/home/jeongwoo/Automotive_software_final/install/ad_msgs/share/colcon-core/packages/ad_msgs)
[4.394s] INFO:colcon.colcon_ros.task.ament_cmake.build:Building ROS package in '/home/jeongwoo/Automotive_software_final/src/app/autonomous_driving' with build type 'ament_cmake'
[4.395s] INFO:colcon.colcon_cmake.task.cmake.build:Building CMake package in '/home/jeongwoo/Automotive_software_final/src/app/autonomous_driving'
[4.396s] INFO:colcon.colcon_core.shell:Skip shell extension 'powershell' for command environment: Not usable outside of PowerShell
[4.397s] DEBUG:colcon.colcon_core.shell:Skip shell extension 'dsv' for command environment
[4.403s] INFO:colcon.colcon_ros.task.ament_cmake.build:Building ROS package in '/home/jeongwoo/Automotive_software_final/src/app/evaluation' with build type 'ament_cmake'
[4.403s] INFO:colcon.colcon_cmake.task.cmake.build:Building CMake package in '/home/jeongwoo/Automotive_software_final/src/app/evaluation'
[4.404s] INFO:colcon.colcon_core.shell:Skip shell extension 'powershell' for command environment: Not usable outside of PowerShell
[4.404s] DEBUG:colcon.colcon_core.shell:Skip shell extension 'dsv' for command environment
[4.412s] INFO:colcon.colcon_ros.task.ament_cmake.build:Building ROS package in '/home/jeongwoo/Automotive_software_final/src/app/mission_manager' with build type 'ament_cmake'
[4.412s] INFO:colcon.colcon_cmake.task.cmake.build:Building CMake package in '/home/jeongwoo/Automotive_software_final/src/app/mission_manager'
[4.413s] INFO:colcon.colcon_core.shell:Skip shell extension 'powershell' for command environment: Not usable outside of PowerShell
[4.413s] DEBUG:colcon.colcon_core.shell:Skip shell extension 'dsv' for command environment
[4.420s] INFO:colcon.colcon_ros.task.ament_cmake.build:Building ROS package in '/home/jeongwoo/Automotive_software_final/src/app/simulator' with build type 'ament_cmake'
[4.421s] INFO:colcon.colcon_cmake.task.cmake.build:Building CMake package in '/home/jeongwoo/Automotive_software_final/src/app/simulator'
[4.421s] INFO:colcon.colcon_core.shell:Skip shell extension 'powershell' for command environment: Not usable outside of PowerShell
[4.421s] DEBUG:colcon.colcon_core.shell:Skip shell extension 'dsv' for command environment
[4.534s] DEBUG:colcon.colcon_core.event_handler.log_command:Invoking command in '/home/jeongwoo/Automotive_software_final/build/autonomous_driving': AMENT_PREFIX_PATH=/home/jeongwoo/Automotive_software_final/install/ad_msgs:${AMENT_PREFIX_PATH} CMAKE_PREFIX_PATH=/home/jeongwoo/Automotive_software_final/install/ad_msgs:/opt/ros/humble LD_LIBRARY_PATH=/home/jeongwoo/Automotive_software_final/install/ad_msgs/lib:${LD_LIBRARY_PATH} PYTHONPATH=/home/jeongwoo/Automotive_software_final/install/ad_msgs/local/lib/python3.10/dist-packages:${PYTHONPATH} /usr/bin/cmake --build /home/jeongwoo/Automotive_software_final/build/autonomous_driving -- -j8 -l8
[4.544s] DEBUG:colcon.colcon_core.event_handler.log_command:Invoking command in '/home/jeongwoo/Automotive_software_final/build/evaluation': AMENT_PREFIX_PATH=/home/jeongwoo/Automotive_software_final/install/ad_msgs:${AMENT_PREFIX_PATH} CMAKE_PREFIX_PATH=/home/jeongwoo/Automotive_software_final/install/ad_msgs:/opt/ros/humble LD_LIBRARY_PATH=/home/jeongwoo/Automotive_software_final/install/ad_msgs/lib:${LD_LIBRARY_PATH} PYTHONPATH=/home/jeongwoo/Automotive_software_final/install/ad_msgs/local/lib/python3.10/dist-packages:${PYTHONPATH} /usr/bin/cmake --build /home/jeongwoo/Automotive_software_final/build/evaluation -- -j8 -l8
[4.564s] DEBUG:colcon.colcon_core.event_handler.log_command:Invoking command in '/home/jeongwoo/Automotive_software_final/build/mission_manager': AMENT_PREFIX_PATH=/home/jeongwoo/Automotive_software_final/install/ad_msgs:${AMENT_PREFIX_PATH} CMAKE_PREFIX_PATH=/home/jeongwoo/Automotive_software_final/install/ad_msgs:/opt/ros/humble LD_LIBRARY_PATH=/home/jeongwoo/Automotive_software_final/install/ad_msgs/lib:${LD_LIBRARY_PATH} PYTHONPATH=/home/jeongwoo/Automotive_software_final/install/ad_msgs/local/lib/python3.10/dist-packages:${PYTHONPATH} /usr/bin/cmake --build /home/jeongwoo/Automotive_software_final/build/mission_manager -- -j8 -l8
[4.588s] DEBUG:colcon.colcon_core.event_handler.log_command:Invoking command in '/home/jeongwoo/Automotive_software_final/build/simulator': AMENT_PREFIX_PATH=/home/jeongwoo/Automotive_software_final/install/ad_msgs:${AMENT_PREFIX_PATH} CMAKE_PREFIX_PATH=/home/jeongwoo/Automotive_software_final/install/ad_msgs:/opt/ros/humble LD_LIBRARY_PATH=/home/jeongwoo/Automotive_software_final/install/ad_msgs/lib:${LD_LIBRARY_PATH} PYTHONPATH=/home/jeongwoo/Automotive_software_final/install/ad_msgs/local/lib/python3.10/dist-packages:${PYTHONPATH} /usr/bin/cmake --build /home/jeongwoo/Automotive_software_final/build/simulator -- -j8 -l8
[4.750s] DEBUG:colcon.colcon_core.event_handler.log_command:Invoked command in '/home/jeongwoo/Automotive_software_final/build/evaluation' returned '0': AMENT_PREFIX_PATH=/home/jeongwoo/Automotive_software_final/install/ad_msgs:${AMENT_PREFIX_PATH} CMAKE_PREFIX_PATH=/home/jeongwoo/Automotive_software_final/install/ad_msgs:/opt/ros/humble LD_LIBRARY_PATH=/home/jeongwoo/Automotive_software_final/install/ad_msgs/lib:${LD_LIBRARY_PATH} PYTHONPATH=/home/jeongwoo/Automotive_software_final/install/ad_msgs/local/lib/python3.10/dist-packages:${PYTHONPATH} /usr/bin/cmake --build /home/jeongwoo/Automotive_software_final/build/evaluation -- -j8 -l8
[4.760s] DEBUG:colcon.colcon_core.event_handler.log_command:Invoked command in '/home/jeongwoo/Automotive_software_final/build/mission_manager' returned '0': AMENT_PREFIX_PATH=/home/jeongwoo/Automotive_software_final/install/ad_msgs:${AMENT_PREFIX_PATH} CMAKE_PREFIX_PATH=/home/jeongwoo/Automotive_software_final/install/ad_msgs:/opt/ros/humble LD_LIBRARY_PATH=/home/jeongwoo/Automotive_software_final/install/ad_msgs/lib:${LD_LIBRARY_PATH} PYTHONPATH=/home/jeongwoo/Automotive_software_final/install/ad_msgs/local/lib/python3.10/dist-packages:${PYTHONPATH} /usr/bin/cmake --build /home/jeongwoo/Automotive_software_final/build/mission_manager -- -j8 -l8
[4.782s] DEBUG:colcon.colcon_core.event_handler.log_command:Invoked command in '/home/jeongwoo/Automotive_software_final/build/simulator' returned '0': AMENT_PREFIX_PATH=/home/jeongwoo/Automotive_software_final/install/ad_msgs:${AMENT_PREFIX_PATH} CMAKE_PREFIX_PATH=/home/jeongwoo/Automotive_software_final/install/ad_msgs:/opt/ros/humble LD_LIBRARY_PATH=/home/jeongwoo/Automotive_software_final/install/ad_msgs/lib:${LD_LIBRARY_PATH} PYTHONPATH=/home/jeongwoo/Automotive_software_final/install/ad_msgs/local/lib/python3.10/dist-packages:${PYTHONPATH} /usr/bin/cmake --build /home/jeongwoo/Automotive_software_final/build/simulator -- -j8 -l8
[4.813s] DEBUG:colcon.colcon_core.event_handler.log_command:Invoking command in '/home/jeongwoo/Automotive_software_final/build/evaluation': AMENT_PREFIX_PATH=/home/jeongwoo/Automotive_software_final/install/ad_msgs:${AMENT_PREFIX_PATH} CMAKE_PREFIX_PATH=/home/jeongwoo/Automotive_software_final/install/ad_msgs:/opt/ros/humble LD_LIBRARY_PATH=/home/jeongwoo/Automotive_software_final/install/ad_msgs/lib:${LD_LIBRARY_PATH} PYTHONPATH=/home/jeongwoo/Automotive_software_final/install/ad_msgs/local/lib/python3.10/dist-packages:${PYTHONPATH} /usr/bin/cmake --install /home/jeongwoo/Automotive_software_final/build/evaluation
[4.824s] DEBUG:colcon.colcon_core.event_handler.log_command:Invoking command in '/home/jeongwoo/Automotive_software_final/build/mission_manager': AMENT_PREFIX_PATH=/home/jeongwoo/Automotive_software_final/install/ad_msgs:${AMENT_PREFIX_PATH} CMAKE_PREFIX_PATH=/home/jeongwoo/Automotive_software_final/install/ad_msgs:/opt/ros/humble LD_LIBRARY_PATH=/home/jeongwoo/Automotive_software_final/install/ad_msgs/lib:${LD_LIBRARY_PATH} PYTHONPATH=/home/jeongwoo/Automotive_software_final/install/ad_msgs/local/lib/python3.10/dist-packages:${PYTHONPATH} /usr/bin/cmake --install /home/jeongwoo/Automotive_software_final/build/mission_manager
[4.845s] Level 1:colcon.colcon_core.environment:create_environment_scripts_only(evaluation)
[4.846s] Level 1:colcon.colcon_core.environment:checking '/home/jeongwoo/Automotive_software_final/install/evaluation' for CMake module files
[4.853s] Level 1:colcon.colcon_core.environment:checking '/home/jeongwoo/Automotive_software_final/install/evaluation' for CMake config files
[4.857s] Level 1:colcon.colcon_core.shell:create_environment_hook('evaluation', 'cmake_prefix_path')
[4.858s] INFO:colcon.colcon_core.shell:Creating environment hook '/home/jeongwoo/Automotive_software_final/install/evaluation/share/evaluation/hook/cmake_prefix_path.ps1'
[4.863s] INFO:colcon.colcon_core.shell:Creating environment descriptor '/home/jeongwoo/Automotive_software_final/install/evaluation/share/evaluation/hook/cmake_prefix_path.dsv'
[4.863s] DEBUG:colcon.colcon_core.event_handler.log_command:Invoked command in '/home/jeongwoo/Automotive_software_final/build/evaluation' returned '0': AMENT_PREFIX_PATH=/home/jeongwoo/Automotive_software_final/install/ad_msgs:${AMENT_PREFIX_PATH} CMAKE_PREFIX_PATH=/home/jeongwoo/Automotive_software_final/install/ad_msgs:/opt/ros/humble LD_LIBRARY_PATH=/home/jeongwoo/Automotive_software_final/install/ad_msgs/lib:${LD_LIBRARY_PATH} PYTHONPATH=/home/jeongwoo/Automotive_software_final/install/ad_msgs/local/lib/python3.10/dist-packages:${PYTHONPATH} /usr/bin/cmake --install /home/jeongwoo/Automotive_software_final/build/evaluation
[4.870s] INFO:colcon.colcon_core.shell:Creating environment hook '/home/jeongwoo/Automotive_software_final/install/evaluation/share/evaluation/hook/cmake_prefix_path.sh'
[4.872s] Level 1:colcon.colcon_core.environment:checking '/home/jeongwoo/Automotive_software_final/install/evaluation/lib'
[4.872s] Level 1:colcon.colcon_core.environment:checking '/home/jeongwoo/Automotive_software_final/install/evaluation/bin'
[4.872s] Level 1:colcon.colcon_core.environment:checking '/home/jeongwoo/Automotive_software_final/install/evaluation/lib/pkgconfig/evaluation.pc'
[4.873s] Level 1:colcon.colcon_core.environment:checking '/home/jeongwoo/Automotive_software_final/install/evaluation/lib/python3.10/site-packages'
[4.874s] Level 1:colcon.colcon_core.environment:checking '/home/jeongwoo/Automotive_software_final/install/evaluation/bin'
[4.875s] INFO:colcon.colcon_core.shell:Creating package script '/home/jeongwoo/Automotive_software_final/install/evaluation/share/evaluation/package.ps1'
[4.877s] INFO:colcon.colcon_core.shell:Creating package descriptor '/home/jeongwoo/Automotive_software_final/install/evaluation/share/evaluation/package.dsv'
[4.878s] INFO:colcon.colcon_core.shell:Creating package script '/home/jeongwoo/Automotive_software_final/install/evaluation/share/evaluation/package.sh'
[4.880s] INFO:colcon.colcon_core.shell:Creating package script '/home/jeongwoo/Automotive_software_final/install/evaluation/share/evaluation/package.bash'
[4.881s] INFO:colcon.colcon_core.shell:Creating package script '/home/jeongwoo/Automotive_software_final/install/evaluation/share/evaluation/package.zsh'
[4.882s] Level 1:colcon.colcon_core.environment:create_file_with_runtime_dependencies(/home/jeongwoo/Automotive_software_final/install/evaluation/share/colcon-core/packages/evaluation)
[4.891s] DEBUG:colcon.colcon_core.event_handler.log_command:Invoking command in '/home/jeongwoo/Automotive_software_final/build/simulator': AMENT_PREFIX_PATH=/home/jeongwoo/Automotive_software_final/install/ad_msgs:${AMENT_PREFIX_PATH} CMAKE_PREFIX_PATH=/home/jeongwoo/Automotive_software_final/install/ad_msgs:/opt/ros/humble LD_LIBRARY_PATH=/home/jeongwoo/Automotive_software_final/install/ad_msgs/lib:${LD_LIBRARY_PATH} PYTHONPATH=/home/jeongwoo/Automotive_software_final/install/ad_msgs/local/lib/python3.10/dist-packages:${PYTHONPATH} /usr/bin/cmake --install /home/jeongwoo/Automotive_software_final/build/simulator
[4.892s] Level 1:colcon.colcon_core.environment:create_environment_scripts_only(mission_manager)
[4.894s] Level 1:colcon.colcon_core.environment:checking '/home/jeongwoo/Automotive_software_final/install/mission_manager' for CMake module files
[4.895s] DEBUG:colcon.colcon_core.event_handler.log_command:Invoked command in '/home/jeongwoo/Automotive_software_final/build/mission_manager' returned '0': AMENT_PREFIX_PATH=/home/jeongwoo/Automotive_software_final/install/ad_msgs:${AMENT_PREFIX_PATH} CMAKE_PREFIX_PATH=/home/jeongwoo/Automotive_software_final/install/ad_msgs:/opt/ros/humble LD_LIBRARY_PATH=/home/jeongwoo/Automotive_software_final/install/ad_msgs/lib:${LD_LIBRARY_PATH} PYTHONPATH=/home/jeongwoo/Automotive_software_final/install/ad_msgs/local/lib/python3.10/dist-packages:${PYTHONPATH} /usr/bin/cmake --install /home/jeongwoo/Automotive_software_final/build/mission_manager
[4.898s] Level 1:colcon.colcon_core.environment:checking '/home/jeongwoo/Automotive_software_final/install/mission_manager' for CMake config files
[4.898s] Level 1:colcon.colcon_core.shell:create_environment_hook('mission_manager', 'cmake_prefix_path')
[4.899s] INFO:colcon.colcon_core.shell:Creating environment hook '/home/jeongwoo/Automotive_software_final/install/mission_manager/share/mission_manager/hook/cmake_prefix_path.ps1'
[4.901s] INFO:colcon.colcon_core.shell:Creating environment descriptor '/home/jeongwoo/Automotive_software_final/install/mission_manager/share/mission_manager/hook/cmake_prefix_path.dsv'
[4.902s] INFO:colcon.colcon_core.shell:Creating environment hook '/home/jeongwoo/Automotive_software_final/install/mission_manager/share/mission_manager/hook/cmake_prefix_path.sh'
[4.903s] Level 1:colcon.colcon_core.environment:checking '/home/jeongwoo/Automotive_software_final/install/mission_manager/lib'
[4.904s] Level 1:colcon.colcon_core.environment:checking '/home/jeongwoo/Automotive_software_final/install/mission_manager/bin'
[4.904s] Level 1:colcon.colcon_core.environment:checking '/home/jeongwoo/Automotive_software_final/install/mission_manager/lib/pkgconfig/mission_manager.pc'
[4.905s] Level 1:colcon.colcon_core.environment:checking '/home/jeongwoo/Automotive_software_final/install/mission_manager/lib/python3.10/site-packages'
[4.906s] Level 1:colcon.colcon_core.environment:checking '/home/jeongwoo/Automotive_software_final/install/mission_manager/bin'
[4.907s] INFO:colcon.colcon_core.shell:Creating package script '/home/jeongwoo/Automotive_software_final/install/mission_manager/share/mission_manager/package.ps1'
[4.912s] INFO:colcon.colcon_core.shell:Creating package descriptor '/home/jeongwoo/Automotive_software_final/install/mission_manager/share/mission_manager/package.dsv'
[4.913s] INFO:colcon.colcon_core.shell:Creating package script '/home/jeongwoo/Automotive_software_final/install/mission_manager/share/mission_manager/package.sh'
[4.923s] INFO:colcon.colcon_core.shell:Creating package script '/home/jeongwoo/Automotive_software_final/install/mission_manager/share/mission_manager/package.bash'
[4.927s] INFO:colcon.colcon_core.shell:Creating package script '/home/jeongwoo/Automotive_software_final/install/mission_manager/share/mission_manager/package.zsh'
[4.929s] Level 1:colcon.colcon_core.environment:create_file_with_runtime_dependencies(/home/jeongwoo/Automotive_software_final/install/mission_manager/share/colcon-core/packages/mission_manager)
[4.935s] Level 1:colcon.colcon_core.environment:create_environment_scripts_only(simulator)
[4.935s] Level 1:colcon.colcon_core.environment:checking '/home/jeongwoo/Automotive_software_final/install/simulator' for CMake module files
[4.937s] Level 1:colcon.colcon_core.environment:checking '/home/jeongwoo/Automotive_software_final/install/simulator' for CMake config files
[4.938s] Level 1:colcon.colcon_core.shell:create_environment_hook('simulator', 'cmake_prefix_path')
[4.939s] INFO:colcon.colcon_core.shell:Creating environment hook '/home/jeongwoo/Automotive_software_final/install/simulator/share/simulator/hook/cmake_prefix_path.ps1'
[4.940s] DEBUG:colcon.colcon_core.event_handler.log_command:Invoked command in '/home/jeongwoo/Automotive_software_final/build/simulator' returned '0': AMENT_PREFIX_PATH=/home/jeongwoo/Automotive_software_final/install/ad_msgs:${AMENT_PREFIX_PATH} CMAKE_PREFIX_PATH=/home/jeongwoo/Automotive_software_final/install/ad_msgs:/opt/ros/humble LD_LIBRARY_PATH=/home/jeongwoo/Automotive_software_final/install/ad_msgs/lib:${LD_LIBRARY_PATH} PYTHONPATH=/home/jeongwoo/Automotive_software_final/install/ad_msgs/local/lib/python3.10/dist-packages:${PYTHONPATH} /usr/bin/cmake --install /home/jeongwoo/Automotive_software_final/build/simulator
[4.943s] INFO:colcon.colcon_core.shell:Creating environment descriptor '/home/jeongwoo/Automotive_software_final/install/simulator/share/simulator/hook/cmake_prefix_path.dsv'
[4.944s] INFO:colcon.colcon_core.shell:Creating environment hook '/home/jeongwoo/Automotive_software_final/install/simulator/share/simulator/hook/cmake_prefix_path.sh'
[4.945s] Level 1:colcon.colcon_core.environment:checking '/home/jeongwoo/Automotive_software_final/install/simulator/lib'
[4.945s] Level 1:colcon.colcon_core.environment:checking '/home/jeongwoo/Automotive_software_final/install/simulator/bin'
[4.946s] Level 1:colcon.colcon_core.environment:checking '/home/jeongwoo/Automotive_software_final/install/simulator/lib/pkgconfig/simulator.pc'
[4.946s] Level 1:colcon.colcon_core.environment:checking '/home/jeongwoo/Automotive_software_final/install/simulator/lib/python3.10/site-packages'
[4.946s] Level 1:colcon.colcon_core.environment:checking '/home/jeongwoo/Automotive_software_final/install/simulator/bin'
[4.947s] INFO:colcon.colcon_core.shell:Creating package script '/home/jeongwoo/Automotive_software_final/install/simulator/share/simulator/package.ps1'
[4.949s] INFO:colcon.colcon_core.shell:Creating package descriptor '/home/jeongwoo/Automotive_software_final/install/simulator/share/simulator/package.dsv'
[4.950s] INFO:colcon.colcon_core.shell:Creating package script '/home/jeongwoo/Automotive_software_final/install/simulator/share/simulator/package.sh'
[4.950s] INFO:colcon.colcon_core.shell:Creating package script '/home/jeongwoo/Automotive_software_final/install/simulator/share/simulator/package.bash'
[4.951s] INFO:colcon.colcon_core.shell:Creating package script '/home/jeongwoo/Automotive_software_final/install/simulator/share/simulator/package.zsh'
[4.952s] Level 1:colcon.colcon_core.environment:create_file_with_runtime_dependencies(/home/jeongwoo/Automotive_software_final/install/simulator/share/colcon-core/packages/simulator)
[4.956s] Level 1:colcon.colcon_core.environment:create_environment_scripts_only(evaluation)
[4.957s] Level 1:colcon.colcon_core.environment:checking '/home/jeongwoo/Automotive_software_final/install/evaluation' for CMake module files
[4.960s] Level 1:colcon.colcon_core.environment:checking '/home/jeongwoo/Automotive_software_final/install/evaluation' for CMake config files
[4.961s] Level 1:colcon.colcon_core.shell:create_environment_hook('evaluation', 'cmake_prefix_path')
[4.962s] INFO:colcon.colcon_core.shell:Creating environment hook '/home/jeongwoo/Automotive_software_final/install/evaluation/share/evaluation/hook/cmake_prefix_path.ps1'
[4.963s] INFO:colcon.colcon_core.shell:Creating environment descriptor '/home/jeongwoo/Automotive_software_final/install/evaluation/share/evaluation/hook/cmake_prefix_path.dsv'
[4.964s] INFO:colcon.colcon_core.shell:Creating environment hook '/home/jeongwoo/Automotive_software_final/install/evaluation/share/evaluation/hook/cmake_prefix_path.sh'
[4.965s] Level 1:colcon.colcon_core.environment:checking '/home/jeongwoo/Automotive_software_final/install/evaluation/lib'
[4.966s] Level 1:colcon.colcon_core.environment:checking '/home/jeongwoo/Automotive_software_final/install/evaluation/bin'
[4.966s] Level 1:colcon.colcon_core.environment:checking '/home/jeongwoo/Automotive_software_final/install/evaluation/lib/pkgconfig/evaluation.pc'
[4.967s] Level 1:colcon.colcon_core.environment:checking '/home/jeongwoo/Automotive_software_final/install/evaluation/lib/python3.10/site-packages'
[4.967s] Level 1:colcon.colcon_core.environment:checking '/home/jeongwoo/Automotive_software_final/install/evaluation/bin'
[4.968s] INFO:colcon.colcon_core.shell:Creating package script '/home/jeongwoo/Automotive_software_final/install/evaluation/share/evaluation/package.ps1'
[4.969s] INFO:colcon.colcon_core.shell:Creating package descriptor '/home/jeongwoo/Automotive_software_final/install/evaluation/share/evaluation/package.dsv'
[4.970s] INFO:colcon.colcon_core.shell:Creating package script '/home/jeongwoo/Automotive_software_final/install/evaluation/share/evaluation/package.sh'
[4.972s] INFO:colcon.colcon_core.shell:Creating package script '/home/jeongwoo/Automotive_software_final/install/evaluation/share/evaluation/package.bash'
[4.973s] INFO:colcon.colcon_core.shell:Creating package script '/home/jeongwoo/Automotive_software_final/install/evaluation/share/evaluation/package.zsh'
[4.977s] Level 1:colcon.colcon_core.environment:create_file_with_runtime_dependencies(/home/jeongwoo/Automotive_software_final/install/evaluation/share/colcon-core/packages/evaluation)
[4.996s] Level 1:colcon.colcon_core.environment:create_environment_scripts_only(mission_manager)
[4.997s] Level 1:colcon.colcon_core.environment:checking '/home/jeongwoo/Automotive_software_final/install/mission_manager' for CMake module files
[4.999s] Level 1:colcon.colcon_core.environment:checking '/home/jeongwoo/Automotive_software_final/install/mission_manager' for CMake config files
[5.000s] Level 1:colcon.colcon_core.shell:create_environment_hook('mission_manager', 'cmake_prefix_path')
[5.000s] INFO:colcon.colcon_core.shell:Creating environment hook '/home/jeongwoo/Automotive_software_final/install/mission_manager/share/mission_manager/hook/cmake_prefix_path.ps1'
[5.002s] INFO:colcon.colcon_core.shell:Creating environment descriptor '/home/jeongwoo/Automotive_software_final/install/mission_manager/share/mission_manager/hook/cmake_prefix_path.dsv'
[5.003s] INFO:colcon.colcon_core.shell:Creating environment hook '/home/jeongwoo/Automotive_software_final/install/mission_manager/share/mission_manager/hook/cmake_prefix_path.sh'
[5.005s] Level 1:colcon.colcon_core.environment:checking '/home/jeongwoo/Automotive_software_final/install/mission_manager/lib'
[5.005s] Level 1:colcon.colcon_core.environment:checking '/home/jeongwoo/Automotive_software_final/install/mission_manager/bin'
[5.005s] Level 1:colcon.colcon_core.environment:checking '/home/jeongwoo/Automotive_software_final/install/mission_manager/lib/pkgconfig/mission_manager.pc'
[5.009s] Level 1:colcon.colcon_core.environment:checking '/home/jeongwoo/Automotive_software_final/install/mission_manager/lib/python3.10/site-packages'
[5.010s] Level 1:colcon.colcon_core.environment:checking '/home/jeongwoo/Automotive_software_final/install/mission_manager/bin'
[5.012s] INFO:colcon.colcon_core.shell:Creating package script '/home/jeongwoo/Automotive_software_final/install/mission_manager/share/mission_manager/package.ps1'
[5.014s] INFO:colcon.colcon_core.shell:Creating package descriptor '/home/jeongwoo/Automotive_software_final/install/mission_manager/share/mission_manager/package.dsv'
[5.017s] INFO:colcon.colcon_core.shell:Creating package script '/home/jeongwoo/Automotive_software_final/install/mission_manager/share/mission_manager/package.sh'
[5.018s] INFO:colcon.colcon_core.shell:Creating package script '/home/jeongwoo/Automotive_software_final/install/mission_manager/share/mission_manager/package.bash'
[5.020s] INFO:colcon.colcon_core.shell:Creating package script '/home/jeongwoo/Automotive_software_final/install/mission_manager/share/mission_manager/package.zsh'
[5.021s] Level 1:colcon.colcon_core.environment:create_file_with_runtime_dependencies(/home/jeongwoo/Automotive_software_final/install/mission_manager/share/colcon-core/packages/mission_manager)
[5.030s] Level 1:colcon.colcon_core.environment:create_environment_scripts_only(simulator)
[5.030s] Level 1:colcon.colcon_core.environment:checking '/home/jeongwoo/Automotive_software_final/install/simulator' for CMake module files
[5.031s] Level 1:colcon.colcon_core.environment:checking '/home/jeongwoo/Automotive_software_final/install/simulator' for CMake config files
[5.032s] Level 1:colcon.colcon_core.shell:create_environment_hook('simulator', 'cmake_prefix_path')
[5.032s] INFO:colcon.colcon_core.shell:Creating environment hook '/home/jeongwoo/Automotive_software_final/install/simulator/share/simulator/hook/cmake_prefix_path.ps1'
[5.033s] INFO:colcon.colcon_core.shell:Creating environment descriptor '/home/jeongwoo/Automotive_software_final/install/simulator/share/simulator/hook/cmake_prefix_path.dsv'
[5.034s] INFO:colcon.colcon_core.shell:Creating environment hook '/home/jeongwoo/Automotive_software_final/install/simulator/share/simulator/hook/cmake_prefix_path.sh'
[5.035s] Level 1:colcon.colcon_core.environment:checking '/home/jeongwoo/Automotive_software_final/install/simulator/lib'
[5.035s] Level 1:colcon.colcon_core.environment:checking '/home/jeongwoo/Automotive_software_final/install/simulator/bin'
[5.035s] Level 1:colcon.colcon_core.environment:checking '/home/jeongwoo/Automotive_software_final/install/simulator/lib/pkgconfig/simulator.pc'
[5.036s] Level 1:colcon.colcon_core.environment:checking '/home/jeongwoo/Automotive_software_final/install/simulator/lib/python3.10/site-packages'
[5.036s] Level 1:colcon.colcon_core.environment:checking '/home/jeongwoo/Automotive_software_final/install/simulator/bin'
[5.037s] INFO:colcon.colcon_core.shell:Creating package script '/home/jeongwoo/Automotive_software_final/install/simulator/share/simulator/package.ps1'
[5.038s] INFO:colcon.colcon_core.shell:Creating package descriptor '/home/jeongwoo/Automotive_software_final/install/simulator/share/simulator/package.dsv'
[5.039s] INFO:colcon.colcon_core.shell:Creating package script '/home/jeongwoo/Automotive_software_final/install/simulator/share/simulator/package.sh'
[5.040s] INFO:colcon.colcon_core.shell:Creating package script '/home/jeongwoo/Automotive_software_final/install/simulator/share/simulator/package.bash'
[5.042s] INFO:colcon.colcon_core.shell:Creating package script '/home/jeongwoo/Automotive_software_final/install/simulator/share/simulator/package.zsh'
[5.043s] Level 1:colcon.colcon_core.environment:create_file_with_runtime_dependencies(/home/jeongwoo/Automotive_software_final/install/simulator/share/colcon-core/packages/simulator)
[45.008s] DEBUG:colcon.colcon_core.event_handler.log_command:Invoked command in '/home/jeongwoo/Automotive_software_final/build/autonomous_driving' returned '2': AMENT_PREFIX_PATH=/home/jeongwoo/Automotive_software_final/install/ad_msgs:${AMENT_PREFIX_PATH} CMAKE_PREFIX_PATH=/home/jeongwoo/Automotive_software_final/install/ad_msgs:/opt/ros/humble LD_LIBRARY_PATH=/home/jeongwoo/Automotive_software_final/install/ad_msgs/lib:${LD_LIBRARY_PATH} PYTHONPATH=/home/jeongwoo/Automotive_software_final/install/ad_msgs/local/lib/python3.10/dist-packages:${PYTHONPATH} /usr/bin/cmake --build /home/jeongwoo/Automotive_software_final/build/autonomous_driving -- -j8 -l8
[45.050s] Level 1:colcon.colcon_core.environment:create_environment_scripts_only(autonomous_driving)
[45.050s] Level 1:colcon.colcon_core.environment:checking '/home/jeongwoo/Automotive_software_final/install/autonomous_driving' for CMake module files
[45.051s] Level 1:colcon.colcon_core.environment:checking '/home/jeongwoo/Automotive_software_final/install/autonomous_driving' for CMake config files
[45.051s] Level 1:colcon.colcon_core.shell:create_environment_hook('autonomous_driving', 'cmake_prefix_path')
[45.051s] INFO:colcon.colcon_core.shell:Creating environment hook '/home/jeongwoo/Automotive_software_final/install/autonomous_driving/share/autonomous_driving/hook/cmake_prefix_path.ps1'
[45.052s] INFO:colcon.colcon_core.shell:Creating environment descriptor '/home/jeongwoo/Automotive_software_final/install/autonomous_driving/share/autonomous_driving/hook/cmake_prefix_path.dsv'
[45.053s] INFO:colcon.colcon_core.shell:Creating environment hook '/home/jeongwoo/Automotive_software_final/install/autonomous_driving/share/autonomous_driving/hook/cmake_prefix_path.sh'
[45.054s] Level 1:colcon.colcon_core.environment:checking '/home/jeongwoo/Automotive_software_final/install/autonomous_driving/lib'
[45.054s] Level 1:colcon.colcon_core.environment:checking '/home/jeongwoo/Automotive_software_final/install/autonomous_driving/bin'
[45.054s] Level 1:colcon.colcon_core.environment:checking '/home/jeongwoo/Automotive_software_final/install/autonomous_driving/lib/pkgconfig/autonomous_driving.pc'
[45.054s] Level 1:colcon.colcon_core.environment:checking '/home/jeongwoo/Automotive_software_final/install/autonomous_driving/lib/python3.10/site-packages'
[45.055s] Level 1:colcon.colcon_core.environment:checking '/home/jeongwoo/Automotive_software_final/install/autonomous_driving/bin'
[45.055s] INFO:colcon.colcon_core.shell:Creating package script '/home/jeongwoo/Automotive_software_final/install/autonomous_driving/share/autonomous_driving/package.ps1'
[45.056s] INFO:colcon.colcon_core.shell:Creating package descriptor '/home/jeongwoo/Automotive_software_final/install/autonomous_driving/share/autonomous_driving/package.dsv'
[45.057s] INFO:colcon.colcon_core.shell:Creating package script '/home/jeongwoo/Automotive_software_final/install/autonomous_driving/share/autonomous_driving/package.sh'
[45.057s] INFO:colcon.colcon_core.shell:Creating package script '/home/jeongwoo/Automotive_software_final/install/autonomous_driving/share/autonomous_driving/package.bash'
[45.058s] INFO:colcon.colcon_core.shell:Creating package script '/home/jeongwoo/Automotive_software_final/install/autonomous_driving/share/autonomous_driving/package.zsh'
[45.059s] Level 1:colcon.colcon_core.environment:create_file_with_runtime_dependencies(/home/jeongwoo/Automotive_software_final/install/autonomous_driving/share/colcon-core/packages/autonomous_driving)
[45.060s] DEBUG:colcon.colcon_parallel_executor.executor.parallel:closing loop
[45.061s] DEBUG:colcon.colcon_parallel_executor.executor.parallel:loop closed
[45.062s] DEBUG:colcon.colcon_parallel_executor.executor.parallel:run_until_complete finished with '2'
[45.062s] DEBUG:colcon.colcon_core.event_reactor:joining thread
[45.131s] INFO:colcon.colcon_core.plugin_system:Skipping extension 'colcon_notification.desktop_notification.notify_send': Could not find 'notify-send'
[45.131s] INFO:colcon.colcon_core.plugin_system:Skipping extension 'colcon_notification.desktop_notification.terminal_notifier': Not used on non-Darwin systems
[45.131s] INFO:colcon.colcon_core.plugin_system:Skipping extension 'colcon_notification.desktop_notification.win32': Not used on non-Windows systems
[45.132s] INFO:colcon.colcon_notification.desktop_notification:Sending desktop notification using 'notify2'
[45.133s] DEBUG:colcon.colcon_notification.desktop_notification.notify2:Failed to initialize notify2: org.freedesktop.DBus.Error.ServiceUnknown: The name org.freedesktop.Notifications was not provided by any .service files
[45.134s] DEBUG:colcon.colcon_core.event_reactor:joined thread
[45.134s] INFO:colcon.colcon_core.shell:Creating prefix script '/home/jeongwoo/Automotive_software_final/install/local_setup.ps1'
[45.135s] INFO:colcon.colcon_core.shell:Creating prefix util module '/home/jeongwoo/Automotive_software_final/install/_local_setup_util_ps1.py'
[45.137s] INFO:colcon.colcon_core.shell:Creating prefix chain script '/home/jeongwoo/Automotive_software_final/install/setup.ps1'
[45.139s] INFO:colcon.colcon_core.shell:Creating prefix script '/home/jeongwoo/Automotive_software_final/install/local_setup.sh'
[45.139s] INFO:colcon.colcon_core.shell:Creating prefix util module '/home/jeongwoo/Automotive_software_final/install/_local_setup_util_sh.py'
[45.140s] INFO:colcon.colcon_core.shell:Creating prefix chain script '/home/jeongwoo/Automotive_software_final/install/setup.sh'
[45.141s] INFO:colcon.colcon_core.shell:Creating prefix script '/home/jeongwoo/Automotive_software_final/install/local_setup.bash'
[45.142s] INFO:colcon.colcon_core.shell:Creating prefix chain script '/home/jeongwoo/Automotive_software_final/install/setup.bash'
[45.143s] INFO:colcon.colcon_core.shell:Creating prefix script '/home/jeongwoo/Automotive_software_final/install/local_setup.zsh'
[45.144s] INFO:colcon.colcon_core.shell:Creating prefix chain script '/home/jeongwoo/Automotive_software_final/install/setup.zsh'
