[0.043s] Invoking command in '/home/jeongwoo/Automotive_software_final/build/ad_msgs': CMAKE_PREFIX_PATH=${CMAKE_PREFIX_PATH}:/opt/ros/humble /usr/bin/cmake --build /home/jeongwoo/Automotive_software_final/build/ad_msgs -- -j8 -l8
[0.167s] [  0%] Built target ad_msgs__cpp
[0.174s] [ 12%] Built target ad_msgs__rosidl_generator_c
[0.197s] [ 12%] Built target ament_cmake_python_copy_ad_msgs
[0.263s] [ 24%] Built target ad_msgs__rosidl_typesupport_cpp
[0.297s] [ 35%] Built target ad_msgs__rosidl_typesupport_fastrtps_cpp
[0.298s] [ 46%] Built target ad_msgs__rosidl_typesupport_c
[0.307s] [ 67%] Built target ad_msgs__rosidl_typesupport_fastrtps_c
[0.307s] [ 70%] Built target ad_msgs__rosidl_typesupport_introspection_cpp
[0.310s] [ 82%] Built target ad_msgs__rosidl_typesupport_introspection_c
[0.347s] [ 82%] Built target ad_msgs
[0.398s] [ 83%] Built target ad_msgs__py
[0.484s] [ 94%] Built target ad_msgs__rosidl_generator_py
[0.560s] [ 96%] Built target ad_msgs__rosidl_typesupport_introspection_c__pyext
[0.566s] [ 98%] Built target ad_msgs__rosidl_typesupport_c__pyext
[0.571s] [100%] Built target ad_msgs__rosidl_typesupport_fastrtps_c__pyext
[1.029s] running egg_info
[1.034s] writing ad_msgs.egg-info/PKG-INFO
[1.034s] writing dependency_links to ad_msgs.egg-info/dependency_links.txt
[1.035s] writing top-level names to ad_msgs.egg-info/top_level.txt
[1.043s] reading manifest file 'ad_msgs.egg-info/SOURCES.txt'
[1.055s] writing manifest file 'ad_msgs.egg-info/SOURCES.txt'
[1.163s] [100%] Built target ament_cmake_python_build_ad_msgs_egg
[1.198s] Invoked command in '/home/jeongwoo/Automotive_software_final/build/ad_msgs' returned '0': CMAKE_PREFIX_PATH=${CMAKE_PREFIX_PATH}:/opt/ros/humble /usr/bin/cmake --build /home/jeongwoo/Automotive_software_final/build/ad_msgs -- -j8 -l8
[1.813s] Invoking command in '/home/jeongwoo/Automotive_software_final/build/ad_msgs': CMAKE_PREFIX_PATH=${CMAKE_PREFIX_PATH}:/opt/ros/humble /usr/bin/cmake --install /home/jeongwoo/Automotive_software_final/build/ad_msgs
[1.829s] -- Install configuration: ""
[1.829s] -- Up-to-date: /home/jeongwoo/Automotive_software_final/install/ad_msgs/share/ament_index/resource_index/rosidl_interfaces/ad_msgs
[1.830s] -- Up-to-date: /home/jeongwoo/Automotive_software_final/install/ad_msgs/include/ad_msgs/ad_msgs
[1.830s] -- Up-to-date: /home/jeongwoo/Automotive_software_final/install/ad_msgs/include/ad_msgs/ad_msgs/msg
[1.831s] -- Up-to-date: /home/jeongwoo/Automotive_software_final/install/ad_msgs/include/ad_msgs/ad_msgs/msg/rosidl_generator_c__visibility_control.h
[1.832s] -- Up-to-date: /home/jeongwoo/Automotive_software_final/install/ad_msgs/include/ad_msgs/ad_msgs/msg/lane_point_data_array.h
[1.833s] -- Up-to-date: /home/jeongwoo/Automotive_software_final/install/ad_msgs/include/ad_msgs/ad_msgs/msg/mission_object.h
[1.833s] -- Up-to-date: /home/jeongwoo/Automotive_software_final/install/ad_msgs/include/ad_msgs/ad_msgs/msg/vehicle_state.h
[1.833s] -- Up-to-date: /home/jeongwoo/Automotive_software_final/install/ad_msgs/include/ad_msgs/ad_msgs/msg/mission.h
[1.833s] -- Up-to-date: /home/jeongwoo/Automotive_software_final/install/ad_msgs/include/ad_msgs/ad_msgs/msg/lane_point_data.h
[1.834s] -- Up-to-date: /home/jeongwoo/Automotive_software_final/install/ad_msgs/include/ad_msgs/ad_msgs/msg/mission_display.h
[1.834s] -- Up-to-date: /home/jeongwoo/Automotive_software_final/install/ad_msgs/include/ad_msgs/ad_msgs/msg/mission_region.h
[1.834s] -- Up-to-date: /home/jeongwoo/Automotive_software_final/install/ad_msgs/include/ad_msgs/ad_msgs/msg/detail
[1.835s] -- Up-to-date: /home/jeongwoo/Automotive_software_final/install/ad_msgs/include/ad_msgs/ad_msgs/msg/detail/mission_display__functions.c
[1.835s] -- Up-to-date: /home/jeongwoo/Automotive_software_final/install/ad_msgs/include/ad_msgs/ad_msgs/msg/detail/mission_region__struct.h
[1.835s] -- Up-to-date: /home/jeongwoo/Automotive_software_final/install/ad_msgs/include/ad_msgs/ad_msgs/msg/detail/mission_display__type_support.h
[1.835s] -- Up-to-date: /home/jeongwoo/Automotive_software_final/install/ad_msgs/include/ad_msgs/ad_msgs/msg/detail/lane_point_data__struct.h
[1.835s] -- Up-to-date: /home/jeongwoo/Automotive_software_final/install/ad_msgs/include/ad_msgs/ad_msgs/msg/detail/mission_region__type_support.h
[1.836s] -- Up-to-date: /home/jeongwoo/Automotive_software_final/install/ad_msgs/include/ad_msgs/ad_msgs/msg/detail/mission_object__functions.h
[1.836s] -- Up-to-date: /home/jeongwoo/Automotive_software_final/install/ad_msgs/include/ad_msgs/ad_msgs/msg/detail/mission_object__struct.h
[1.836s] -- Up-to-date: /home/jeongwoo/Automotive_software_final/install/ad_msgs/include/ad_msgs/ad_msgs/msg/detail/vehicle_command__functions.c
[1.837s] -- Up-to-date: /home/jeongwoo/Automotive_software_final/install/ad_msgs/include/ad_msgs/ad_msgs/msg/detail/polyfit_lane_data_array__functions.h
[1.837s] -- Up-to-date: /home/jeongwoo/Automotive_software_final/install/ad_msgs/include/ad_msgs/ad_msgs/msg/detail/lane_point_data__type_support.h
[1.837s] -- Up-to-date: /home/jeongwoo/Automotive_software_final/install/ad_msgs/include/ad_msgs/ad_msgs/msg/detail/vehicle_state__functions.h
[1.837s] -- Up-to-date: /home/jeongwoo/Automotive_software_final/install/ad_msgs/include/ad_msgs/ad_msgs/msg/detail/mission_display__struct.h
[1.838s] -- Up-to-date: /home/jeongwoo/Automotive_software_final/install/ad_msgs/include/ad_msgs/ad_msgs/msg/detail/mission__struct.h
[1.838s] -- Up-to-date: /home/jeongwoo/Automotive_software_final/install/ad_msgs/include/ad_msgs/ad_msgs/msg/detail/mission_region__functions.c
[1.838s] -- Up-to-date: /home/jeongwoo/Automotive_software_final/install/ad_msgs/include/ad_msgs/ad_msgs/msg/detail/mission_region__functions.h
[1.839s] -- Up-to-date: /home/jeongwoo/Automotive_software_final/install/ad_msgs/include/ad_msgs/ad_msgs/msg/detail/vehicle_state__type_support.h
[1.839s] -- Up-to-date: /home/jeongwoo/Automotive_software_final/install/ad_msgs/include/ad_msgs/ad_msgs/msg/detail/mission__functions.c
[1.839s] -- Up-to-date: /home/jeongwoo/Automotive_software_final/install/ad_msgs/include/ad_msgs/ad_msgs/msg/detail/polyfit_lane_data_array__functions.c
[1.839s] -- Up-to-date: /home/jeongwoo/Automotive_software_final/install/ad_msgs/include/ad_msgs/ad_msgs/msg/detail/vehicle_state__struct.h
[1.839s] -- Up-to-date: /home/jeongwoo/Automotive_software_final/install/ad_msgs/include/ad_msgs/ad_msgs/msg/detail/lane_point_data__functions.h
[1.840s] -- Up-to-date: /home/jeongwoo/Automotive_software_final/install/ad_msgs/include/ad_msgs/ad_msgs/msg/detail/vehicle_command__functions.h
[1.841s] -- Up-to-date: /home/jeongwoo/Automotive_software_final/install/ad_msgs/include/ad_msgs/ad_msgs/msg/detail/mission_object__functions.c
[1.841s] -- Up-to-date: /home/jeongwoo/Automotive_software_final/install/ad_msgs/include/ad_msgs/ad_msgs/msg/detail/lane_point_data_array__type_support.h
[1.843s] -- Up-to-date: /home/jeongwoo/Automotive_software_final/install/ad_msgs/include/ad_msgs/ad_msgs/msg/detail/polyfit_lane_data__functions.h
[1.843s] -- Up-to-date: /home/jeongwoo/Automotive_software_final/install/ad_msgs/include/ad_msgs/ad_msgs/msg/detail/lane_point_data__functions.c
[1.844s] -- Up-to-date: /home/jeongwoo/Automotive_software_final/install/ad_msgs/include/ad_msgs/ad_msgs/msg/detail/vehicle_command__struct.h
[1.844s] -- Up-to-date: /home/jeongwoo/Automotive_software_final/install/ad_msgs/include/ad_msgs/ad_msgs/msg/detail/mission__type_support.h
[1.845s] -- Up-to-date: /home/jeongwoo/Automotive_software_final/install/ad_msgs/include/ad_msgs/ad_msgs/msg/detail/lane_point_data_array__functions.h
[1.846s] -- Up-to-date: /home/jeongwoo/Automotive_software_final/install/ad_msgs/include/ad_msgs/ad_msgs/msg/detail/polyfit_lane_data__type_support.h
[1.848s] -- Up-to-date: /home/jeongwoo/Automotive_software_final/install/ad_msgs/include/ad_msgs/ad_msgs/msg/detail/polyfit_lane_data__functions.c
[1.849s] -- Up-to-date: /home/jeongwoo/Automotive_software_final/install/ad_msgs/include/ad_msgs/ad_msgs/msg/detail/mission_display__functions.h
[1.849s] -- Up-to-date: /home/jeongwoo/Automotive_software_final/install/ad_msgs/include/ad_msgs/ad_msgs/msg/detail/lane_point_data_array__functions.c
[1.849s] -- Up-to-date: /home/jeongwoo/Automotive_software_final/install/ad_msgs/include/ad_msgs/ad_msgs/msg/detail/mission_object__type_support.h
[1.849s] -- Up-to-date: /home/jeongwoo/Automotive_software_final/install/ad_msgs/include/ad_msgs/ad_msgs/msg/detail/polyfit_lane_data_array__type_support.h
[1.849s] -- Up-to-date: /home/jeongwoo/Automotive_software_final/install/ad_msgs/include/ad_msgs/ad_msgs/msg/detail/lane_point_data_array__struct.h
[1.850s] -- Up-to-date: /home/jeongwoo/Automotive_software_final/install/ad_msgs/include/ad_msgs/ad_msgs/msg/detail/polyfit_lane_data_array__struct.h
[1.850s] -- Up-to-date: /home/jeongwoo/Automotive_software_final/install/ad_msgs/include/ad_msgs/ad_msgs/msg/detail/mission__functions.h
[1.850s] -- Up-to-date: /home/jeongwoo/Automotive_software_final/install/ad_msgs/include/ad_msgs/ad_msgs/msg/detail/vehicle_state__functions.c
[1.850s] -- Up-to-date: /home/jeongwoo/Automotive_software_final/install/ad_msgs/include/ad_msgs/ad_msgs/msg/detail/polyfit_lane_data__struct.h
[1.850s] -- Up-to-date: /home/jeongwoo/Automotive_software_final/install/ad_msgs/include/ad_msgs/ad_msgs/msg/detail/vehicle_command__type_support.h
[1.850s] -- Up-to-date: /home/jeongwoo/Automotive_software_final/install/ad_msgs/include/ad_msgs/ad_msgs/msg/polyfit_lane_data.h
[1.851s] -- Up-to-date: /home/jeongwoo/Automotive_software_final/install/ad_msgs/include/ad_msgs/ad_msgs/msg/vehicle_command.h
[1.851s] -- Up-to-date: /home/jeongwoo/Automotive_software_final/install/ad_msgs/include/ad_msgs/ad_msgs/msg/polyfit_lane_data_array.h
[1.851s] -- Up-to-date: /home/jeongwoo/Automotive_software_final/install/ad_msgs/share/ad_msgs/environment/library_path.sh
[1.851s] -- Up-to-date: /home/jeongwoo/Automotive_software_final/install/ad_msgs/share/ad_msgs/environment/library_path.dsv
[1.851s] -- Up-to-date: /home/jeongwoo/Automotive_software_final/install/ad_msgs/lib/libad_msgs__rosidl_generator_c.so
[1.852s] -- Up-to-date: /home/jeongwoo/Automotive_software_final/install/ad_msgs/include/ad_msgs/ad_msgs
[1.852s] -- Up-to-date: /home/jeongwoo/Automotive_software_final/install/ad_msgs/include/ad_msgs/ad_msgs/msg
[1.852s] -- Up-to-date: /home/jeongwoo/Automotive_software_final/install/ad_msgs/include/ad_msgs/ad_msgs/msg/detail
[1.852s] -- Up-to-date: /home/jeongwoo/Automotive_software_final/install/ad_msgs/include/ad_msgs/ad_msgs/msg/detail/polyfit_lane_data__rosidl_typesupport_fastrtps_c.h
[1.853s] -- Up-to-date: /home/jeongwoo/Automotive_software_final/install/ad_msgs/include/ad_msgs/ad_msgs/msg/detail/mission_region__rosidl_typesupport_fastrtps_c.h
[1.853s] -- Up-to-date: /home/jeongwoo/Automotive_software_final/install/ad_msgs/include/ad_msgs/ad_msgs/msg/detail/lane_point_data__rosidl_typesupport_fastrtps_c.h
[1.853s] -- Up-to-date: /home/jeongwoo/Automotive_software_final/install/ad_msgs/include/ad_msgs/ad_msgs/msg/detail/vehicle_command__rosidl_typesupport_fastrtps_c.h
[1.853s] -- Up-to-date: /home/jeongwoo/Automotive_software_final/install/ad_msgs/include/ad_msgs/ad_msgs/msg/detail/mission__rosidl_typesupport_fastrtps_c.h
[1.853s] -- Up-to-date: /home/jeongwoo/Automotive_software_final/install/ad_msgs/include/ad_msgs/ad_msgs/msg/detail/mission_display__rosidl_typesupport_fastrtps_c.h
[1.854s] -- Up-to-date: /home/jeongwoo/Automotive_software_final/install/ad_msgs/include/ad_msgs/ad_msgs/msg/detail/polyfit_lane_data_array__rosidl_typesupport_fastrtps_c.h
[1.854s] -- Up-to-date: /home/jeongwoo/Automotive_software_final/install/ad_msgs/include/ad_msgs/ad_msgs/msg/detail/lane_point_data_array__rosidl_typesupport_fastrtps_c.h
[1.855s] -- Up-to-date: /home/jeongwoo/Automotive_software_final/install/ad_msgs/include/ad_msgs/ad_msgs/msg/detail/mission_object__rosidl_typesupport_fastrtps_c.h
[1.857s] -- Up-to-date: /home/jeongwoo/Automotive_software_final/install/ad_msgs/include/ad_msgs/ad_msgs/msg/detail/vehicle_state__rosidl_typesupport_fastrtps_c.h
[1.858s] -- Up-to-date: /home/jeongwoo/Automotive_software_final/install/ad_msgs/include/ad_msgs/ad_msgs/msg/rosidl_typesupport_fastrtps_c__visibility_control.h
[1.858s] -- Up-to-date: /home/jeongwoo/Automotive_software_final/install/ad_msgs/lib/libad_msgs__rosidl_typesupport_fastrtps_c.so
[1.859s] -- Up-to-date: /home/jeongwoo/Automotive_software_final/install/ad_msgs/include/ad_msgs/ad_msgs
[1.859s] -- Up-to-date: /home/jeongwoo/Automotive_software_final/install/ad_msgs/include/ad_msgs/ad_msgs/msg
[1.860s] -- Up-to-date: /home/jeongwoo/Automotive_software_final/install/ad_msgs/include/ad_msgs/ad_msgs/msg/rosidl_typesupport_introspection_c__visibility_control.h
[1.861s] -- Up-to-date: /home/jeongwoo/Automotive_software_final/install/ad_msgs/include/ad_msgs/ad_msgs/msg/detail
[1.862s] -- Up-to-date: /home/jeongwoo/Automotive_software_final/install/ad_msgs/include/ad_msgs/ad_msgs/msg/detail/mission_region__type_support.c
[1.862s] -- Up-to-date: /home/jeongwoo/Automotive_software_final/install/ad_msgs/include/ad_msgs/ad_msgs/msg/detail/mission_region__rosidl_typesupport_introspection_c.h
[1.862s] -- Up-to-date: /home/jeongwoo/Automotive_software_final/install/ad_msgs/include/ad_msgs/ad_msgs/msg/detail/vehicle_command__rosidl_typesupport_introspection_c.h
[1.863s] -- Up-to-date: /home/jeongwoo/Automotive_software_final/install/ad_msgs/include/ad_msgs/ad_msgs/msg/detail/mission_object__rosidl_typesupport_introspection_c.h
[1.863s] -- Up-to-date: /home/jeongwoo/Automotive_software_final/install/ad_msgs/include/ad_msgs/ad_msgs/msg/detail/mission__rosidl_typesupport_introspection_c.h
[1.863s] -- Up-to-date: /home/jeongwoo/Automotive_software_final/install/ad_msgs/include/ad_msgs/ad_msgs/msg/detail/lane_point_data_array__rosidl_typesupport_introspection_c.h
[1.863s] -- Up-to-date: /home/jeongwoo/Automotive_software_final/install/ad_msgs/include/ad_msgs/ad_msgs/msg/detail/lane_point_data__type_support.c
[1.864s] -- Up-to-date: /home/jeongwoo/Automotive_software_final/install/ad_msgs/include/ad_msgs/ad_msgs/msg/detail/mission__type_support.c
[1.864s] -- Up-to-date: /home/jeongwoo/Automotive_software_final/install/ad_msgs/include/ad_msgs/ad_msgs/msg/detail/vehicle_state__rosidl_typesupport_introspection_c.h
[1.864s] -- Up-to-date: /home/jeongwoo/Automotive_software_final/install/ad_msgs/include/ad_msgs/ad_msgs/msg/detail/polyfit_lane_data_array__rosidl_typesupport_introspection_c.h
[1.864s] -- Up-to-date: /home/jeongwoo/Automotive_software_final/install/ad_msgs/include/ad_msgs/ad_msgs/msg/detail/polyfit_lane_data__type_support.c
[1.865s] -- Up-to-date: /home/jeongwoo/Automotive_software_final/install/ad_msgs/include/ad_msgs/ad_msgs/msg/detail/polyfit_lane_data__rosidl_typesupport_introspection_c.h
[1.865s] -- Up-to-date: /home/jeongwoo/Automotive_software_final/install/ad_msgs/include/ad_msgs/ad_msgs/msg/detail/lane_point_data__rosidl_typesupport_introspection_c.h
[1.865s] -- Up-to-date: /home/jeongwoo/Automotive_software_final/install/ad_msgs/include/ad_msgs/ad_msgs/msg/detail/mission_object__type_support.c
[1.866s] -- Up-to-date: /home/jeongwoo/Automotive_software_final/install/ad_msgs/include/ad_msgs/ad_msgs/msg/detail/mission_display__rosidl_typesupport_introspection_c.h
[1.866s] -- Up-to-date: /home/jeongwoo/Automotive_software_final/install/ad_msgs/include/ad_msgs/ad_msgs/msg/detail/lane_point_data_array__type_support.c
[1.866s] -- Up-to-date: /home/jeongwoo/Automotive_software_final/install/ad_msgs/include/ad_msgs/ad_msgs/msg/detail/mission_display__type_support.c
[1.866s] -- Up-to-date: /home/jeongwoo/Automotive_software_final/install/ad_msgs/include/ad_msgs/ad_msgs/msg/detail/polyfit_lane_data_array__type_support.c
[1.866s] -- Up-to-date: /home/jeongwoo/Automotive_software_final/install/ad_msgs/include/ad_msgs/ad_msgs/msg/detail/vehicle_state__type_support.c
[1.867s] -- Up-to-date: /home/jeongwoo/Automotive_software_final/install/ad_msgs/include/ad_msgs/ad_msgs/msg/detail/vehicle_command__type_support.c
[1.867s] -- Up-to-date: /home/jeongwoo/Automotive_software_final/install/ad_msgs/lib/libad_msgs__rosidl_typesupport_introspection_c.so
[1.867s] -- Up-to-date: /home/jeongwoo/Automotive_software_final/install/ad_msgs/lib/libad_msgs__rosidl_typesupport_c.so
[1.867s] -- Up-to-date: /home/jeongwoo/Automotive_software_final/install/ad_msgs/include/ad_msgs/ad_msgs
[1.867s] -- Up-to-date: /home/jeongwoo/Automotive_software_final/install/ad_msgs/include/ad_msgs/ad_msgs/msg
[1.868s] -- Up-to-date: /home/jeongwoo/Automotive_software_final/install/ad_msgs/include/ad_msgs/ad_msgs/msg/mission_object.hpp
[1.868s] -- Up-to-date: /home/jeongwoo/Automotive_software_final/install/ad_msgs/include/ad_msgs/ad_msgs/msg/lane_point_data.hpp
[1.869s] -- Up-to-date: /home/jeongwoo/Automotive_software_final/install/ad_msgs/include/ad_msgs/ad_msgs/msg/mission_region.hpp
[1.869s] -- Up-to-date: /home/jeongwoo/Automotive_software_final/install/ad_msgs/include/ad_msgs/ad_msgs/msg/mission_display.hpp
[1.869s] -- Up-to-date: /home/jeongwoo/Automotive_software_final/install/ad_msgs/include/ad_msgs/ad_msgs/msg/vehicle_command.hpp
[1.869s] -- Up-to-date: /home/jeongwoo/Automotive_software_final/install/ad_msgs/include/ad_msgs/ad_msgs/msg/polyfit_lane_data_array.hpp
[1.870s] -- Up-to-date: /home/jeongwoo/Automotive_software_final/install/ad_msgs/include/ad_msgs/ad_msgs/msg/vehicle_state.hpp
[1.870s] -- Up-to-date: /home/jeongwoo/Automotive_software_final/install/ad_msgs/include/ad_msgs/ad_msgs/msg/detail
[1.870s] -- Up-to-date: /home/jeongwoo/Automotive_software_final/install/ad_msgs/include/ad_msgs/ad_msgs/msg/detail/vehicle_state__traits.hpp
[1.871s] -- Up-to-date: /home/jeongwoo/Automotive_software_final/install/ad_msgs/include/ad_msgs/ad_msgs/msg/detail/polyfit_lane_data_array__traits.hpp
[1.871s] -- Up-to-date: /home/jeongwoo/Automotive_software_final/install/ad_msgs/include/ad_msgs/ad_msgs/msg/detail/vehicle_state__builder.hpp
[1.871s] -- Up-to-date: /home/jeongwoo/Automotive_software_final/install/ad_msgs/include/ad_msgs/ad_msgs/msg/detail/mission_object__struct.hpp
[1.871s] -- Up-to-date: /home/jeongwoo/Automotive_software_final/install/ad_msgs/include/ad_msgs/ad_msgs/msg/detail/mission__struct.hpp
[1.872s] -- Up-to-date: /home/jeongwoo/Automotive_software_final/install/ad_msgs/include/ad_msgs/ad_msgs/msg/detail/mission_object__builder.hpp
[1.872s] -- Up-to-date: /home/jeongwoo/Automotive_software_final/install/ad_msgs/include/ad_msgs/ad_msgs/msg/detail/lane_point_data__traits.hpp
[1.873s] -- Up-to-date: /home/jeongwoo/Automotive_software_final/install/ad_msgs/include/ad_msgs/ad_msgs/msg/detail/mission_region__builder.hpp
[1.873s] -- Up-to-date: /home/jeongwoo/Automotive_software_final/install/ad_msgs/include/ad_msgs/ad_msgs/msg/detail/mission_region__struct.hpp
[1.873s] -- Up-to-date: /home/jeongwoo/Automotive_software_final/install/ad_msgs/include/ad_msgs/ad_msgs/msg/detail/vehicle_command__builder.hpp
[1.873s] -- Up-to-date: /home/jeongwoo/Automotive_software_final/install/ad_msgs/include/ad_msgs/ad_msgs/msg/detail/lane_point_data_array__traits.hpp
[1.874s] -- Up-to-date: /home/jeongwoo/Automotive_software_final/install/ad_msgs/include/ad_msgs/ad_msgs/msg/detail/mission__builder.hpp
[1.874s] -- Up-to-date: /home/jeongwoo/Automotive_software_final/install/ad_msgs/include/ad_msgs/ad_msgs/msg/detail/vehicle_command__traits.hpp
[1.874s] -- Up-to-date: /home/jeongwoo/Automotive_software_final/install/ad_msgs/include/ad_msgs/ad_msgs/msg/detail/vehicle_command__struct.hpp
[1.874s] -- Up-to-date: /home/jeongwoo/Automotive_software_final/install/ad_msgs/include/ad_msgs/ad_msgs/msg/detail/mission_display__struct.hpp
[1.874s] -- Up-to-date: /home/jeongwoo/Automotive_software_final/install/ad_msgs/include/ad_msgs/ad_msgs/msg/detail/mission_region__traits.hpp
[1.875s] -- Up-to-date: /home/jeongwoo/Automotive_software_final/install/ad_msgs/include/ad_msgs/ad_msgs/msg/detail/lane_point_data_array__struct.hpp
[1.875s] -- Up-to-date: /home/jeongwoo/Automotive_software_final/install/ad_msgs/include/ad_msgs/ad_msgs/msg/detail/polyfit_lane_data__builder.hpp
[1.875s] -- Up-to-date: /home/jeongwoo/Automotive_software_final/install/ad_msgs/include/ad_msgs/ad_msgs/msg/detail/mission_display__traits.hpp
[1.875s] -- Up-to-date: /home/jeongwoo/Automotive_software_final/install/ad_msgs/include/ad_msgs/ad_msgs/msg/detail/polyfit_lane_data_array__builder.hpp
[1.875s] -- Up-to-date: /home/jeongwoo/Automotive_software_final/install/ad_msgs/include/ad_msgs/ad_msgs/msg/detail/polyfit_lane_data_array__struct.hpp
[1.876s] -- Up-to-date: /home/jeongwoo/Automotive_software_final/install/ad_msgs/include/ad_msgs/ad_msgs/msg/detail/vehicle_state__struct.hpp
[1.876s] -- Up-to-date: /home/jeongwoo/Automotive_software_final/install/ad_msgs/include/ad_msgs/ad_msgs/msg/detail/lane_point_data__struct.hpp
[1.876s] -- Up-to-date: /home/jeongwoo/Automotive_software_final/install/ad_msgs/include/ad_msgs/ad_msgs/msg/detail/polyfit_lane_data__traits.hpp
[1.876s] -- Up-to-date: /home/jeongwoo/Automotive_software_final/install/ad_msgs/include/ad_msgs/ad_msgs/msg/detail/polyfit_lane_data__struct.hpp
[1.876s] -- Up-to-date: /home/jeongwoo/Automotive_software_final/install/ad_msgs/include/ad_msgs/ad_msgs/msg/detail/mission_display__builder.hpp
[1.877s] -- Up-to-date: /home/jeongwoo/Automotive_software_final/install/ad_msgs/include/ad_msgs/ad_msgs/msg/detail/mission_object__traits.hpp
[1.877s] -- Up-to-date: /home/jeongwoo/Automotive_software_final/install/ad_msgs/include/ad_msgs/ad_msgs/msg/detail/mission__traits.hpp
[1.877s] -- Up-to-date: /home/jeongwoo/Automotive_software_final/install/ad_msgs/include/ad_msgs/ad_msgs/msg/detail/lane_point_data__builder.hpp
[1.877s] -- Up-to-date: /home/jeongwoo/Automotive_software_final/install/ad_msgs/include/ad_msgs/ad_msgs/msg/detail/lane_point_data_array__builder.hpp
[1.877s] -- Up-to-date: /home/jeongwoo/Automotive_software_final/install/ad_msgs/include/ad_msgs/ad_msgs/msg/mission.hpp
[1.878s] -- Up-to-date: /home/jeongwoo/Automotive_software_final/install/ad_msgs/include/ad_msgs/ad_msgs/msg/lane_point_data_array.hpp
[1.878s] -- Up-to-date: /home/jeongwoo/Automotive_software_final/install/ad_msgs/include/ad_msgs/ad_msgs/msg/polyfit_lane_data.hpp
[1.879s] -- Up-to-date: /home/jeongwoo/Automotive_software_final/install/ad_msgs/include/ad_msgs/ad_msgs
[1.879s] -- Up-to-date: /home/jeongwoo/Automotive_software_final/install/ad_msgs/include/ad_msgs/ad_msgs/msg
[1.880s] -- Up-to-date: /home/jeongwoo/Automotive_software_final/install/ad_msgs/include/ad_msgs/ad_msgs/msg/detail
[1.880s] -- Up-to-date: /home/jeongwoo/Automotive_software_final/install/ad_msgs/include/ad_msgs/ad_msgs/msg/detail/lane_point_data_array__rosidl_typesupport_fastrtps_cpp.hpp
[1.880s] -- Up-to-date: /home/jeongwoo/Automotive_software_final/install/ad_msgs/include/ad_msgs/ad_msgs/msg/detail/mission__rosidl_typesupport_fastrtps_cpp.hpp
[1.881s] -- Up-to-date: /home/jeongwoo/Automotive_software_final/install/ad_msgs/include/ad_msgs/ad_msgs/msg/detail/lane_point_data__rosidl_typesupport_fastrtps_cpp.hpp
[1.881s] -- Up-to-date: /home/jeongwoo/Automotive_software_final/install/ad_msgs/include/ad_msgs/ad_msgs/msg/detail/vehicle_command__rosidl_typesupport_fastrtps_cpp.hpp
[1.881s] -- Up-to-date: /home/jeongwoo/Automotive_software_final/install/ad_msgs/include/ad_msgs/ad_msgs/msg/detail/mission_display__rosidl_typesupport_fastrtps_cpp.hpp
[1.881s] -- Up-to-date: /home/jeongwoo/Automotive_software_final/install/ad_msgs/include/ad_msgs/ad_msgs/msg/detail/polyfit_lane_data__rosidl_typesupport_fastrtps_cpp.hpp
[1.881s] -- Up-to-date: /home/jeongwoo/Automotive_software_final/install/ad_msgs/include/ad_msgs/ad_msgs/msg/detail/mission_region__rosidl_typesupport_fastrtps_cpp.hpp
[1.882s] -- Up-to-date: /home/jeongwoo/Automotive_software_final/install/ad_msgs/include/ad_msgs/ad_msgs/msg/detail/mission_object__rosidl_typesupport_fastrtps_cpp.hpp
[1.882s] -- Up-to-date: /home/jeongwoo/Automotive_software_final/install/ad_msgs/include/ad_msgs/ad_msgs/msg/detail/vehicle_state__rosidl_typesupport_fastrtps_cpp.hpp
[1.882s] -- Up-to-date: /home/jeongwoo/Automotive_software_final/install/ad_msgs/include/ad_msgs/ad_msgs/msg/detail/polyfit_lane_data_array__rosidl_typesupport_fastrtps_cpp.hpp
[1.882s] -- Up-to-date: /home/jeongwoo/Automotive_software_final/install/ad_msgs/include/ad_msgs/ad_msgs/msg/detail/dds_fastrtps
[1.883s] -- Up-to-date: /home/jeongwoo/Automotive_software_final/install/ad_msgs/include/ad_msgs/ad_msgs/msg/rosidl_typesupport_fastrtps_cpp__visibility_control.h
[1.883s] -- Up-to-date: /home/jeongwoo/Automotive_software_final/install/ad_msgs/lib/libad_msgs__rosidl_typesupport_fastrtps_cpp.so
[1.883s] -- Up-to-date: /home/jeongwoo/Automotive_software_final/install/ad_msgs/include/ad_msgs/ad_msgs
[1.883s] -- Up-to-date: /home/jeongwoo/Automotive_software_final/install/ad_msgs/include/ad_msgs/ad_msgs/msg
[1.884s] -- Up-to-date: /home/jeongwoo/Automotive_software_final/install/ad_msgs/include/ad_msgs/ad_msgs/msg/detail
[1.884s] -- Up-to-date: /home/jeongwoo/Automotive_software_final/install/ad_msgs/include/ad_msgs/ad_msgs/msg/detail/mission_display__type_support.cpp
[1.884s] -- Up-to-date: /home/jeongwoo/Automotive_software_final/install/ad_msgs/include/ad_msgs/ad_msgs/msg/detail/lane_point_data__type_support.cpp
[1.884s] -- Up-to-date: /home/jeongwoo/Automotive_software_final/install/ad_msgs/include/ad_msgs/ad_msgs/msg/detail/lane_point_data__rosidl_typesupport_introspection_cpp.hpp
[1.885s] -- Up-to-date: /home/jeongwoo/Automotive_software_final/install/ad_msgs/include/ad_msgs/ad_msgs/msg/detail/vehicle_state__rosidl_typesupport_introspection_cpp.hpp
[1.885s] -- Up-to-date: /home/jeongwoo/Automotive_software_final/install/ad_msgs/include/ad_msgs/ad_msgs/msg/detail/mission_display__rosidl_typesupport_introspection_cpp.hpp
[1.886s] -- Up-to-date: /home/jeongwoo/Automotive_software_final/install/ad_msgs/include/ad_msgs/ad_msgs/msg/detail/polyfit_lane_data__rosidl_typesupport_introspection_cpp.hpp
[1.886s] -- Up-to-date: /home/jeongwoo/Automotive_software_final/install/ad_msgs/include/ad_msgs/ad_msgs/msg/detail/polyfit_lane_data__type_support.cpp
[1.886s] -- Up-to-date: /home/jeongwoo/Automotive_software_final/install/ad_msgs/include/ad_msgs/ad_msgs/msg/detail/lane_point_data_array__rosidl_typesupport_introspection_cpp.hpp
[1.886s] -- Up-to-date: /home/jeongwoo/Automotive_software_final/install/ad_msgs/include/ad_msgs/ad_msgs/msg/detail/lane_point_data_array__type_support.cpp
[1.887s] -- Up-to-date: /home/jeongwoo/Automotive_software_final/install/ad_msgs/include/ad_msgs/ad_msgs/msg/detail/vehicle_state__type_support.cpp
[1.887s] -- Up-to-date: /home/jeongwoo/Automotive_software_final/install/ad_msgs/include/ad_msgs/ad_msgs/msg/detail/mission_region__rosidl_typesupport_introspection_cpp.hpp
[1.887s] -- Up-to-date: /home/jeongwoo/Automotive_software_final/install/ad_msgs/include/ad_msgs/ad_msgs/msg/detail/mission__type_support.cpp
[1.887s] -- Up-to-date: /home/jeongwoo/Automotive_software_final/install/ad_msgs/include/ad_msgs/ad_msgs/msg/detail/vehicle_command__type_support.cpp
[1.888s] -- Up-to-date: /home/jeongwoo/Automotive_software_final/install/ad_msgs/include/ad_msgs/ad_msgs/msg/detail/vehicle_command__rosidl_typesupport_introspection_cpp.hpp
[1.888s] -- Up-to-date: /home/jeongwoo/Automotive_software_final/install/ad_msgs/include/ad_msgs/ad_msgs/msg/detail/polyfit_lane_data_array__rosidl_typesupport_introspection_cpp.hpp
[1.888s] -- Up-to-date: /home/jeongwoo/Automotive_software_final/install/ad_msgs/include/ad_msgs/ad_msgs/msg/detail/mission_object__rosidl_typesupport_introspection_cpp.hpp
[1.888s] -- Up-to-date: /home/jeongwoo/Automotive_software_final/install/ad_msgs/include/ad_msgs/ad_msgs/msg/detail/mission__rosidl_typesupport_introspection_cpp.hpp
[1.889s] -- Up-to-date: /home/jeongwoo/Automotive_software_final/install/ad_msgs/include/ad_msgs/ad_msgs/msg/detail/mission_object__type_support.cpp
[1.889s] -- Up-to-date: /home/jeongwoo/Automotive_software_final/install/ad_msgs/include/ad_msgs/ad_msgs/msg/detail/polyfit_lane_data_array__type_support.cpp
[1.889s] -- Up-to-date: /home/jeongwoo/Automotive_software_final/install/ad_msgs/include/ad_msgs/ad_msgs/msg/detail/mission_region__type_support.cpp
[1.889s] -- Up-to-date: /home/jeongwoo/Automotive_software_final/install/ad_msgs/lib/libad_msgs__rosidl_typesupport_introspection_cpp.so
[1.889s] -- Up-to-date: /home/jeongwoo/Automotive_software_final/install/ad_msgs/lib/libad_msgs__rosidl_typesupport_cpp.so
[1.889s] -- Up-to-date: /home/jeongwoo/Automotive_software_final/install/ad_msgs/share/ad_msgs/environment/pythonpath.sh
[1.889s] -- Up-to-date: /home/jeongwoo/Automotive_software_final/install/ad_msgs/share/ad_msgs/environment/pythonpath.dsv
[1.890s] -- Up-to-date: /home/jeongwoo/Automotive_software_final/install/ad_msgs/local/lib/python3.10/dist-packages/ad_msgs-0.0.0-py3.10.egg-info
[1.890s] -- Installing: /home/jeongwoo/Automotive_software_final/install/ad_msgs/local/lib/python3.10/dist-packages/ad_msgs-0.0.0-py3.10.egg-info/PKG-INFO
[1.890s] -- Installing: /home/jeongwoo/Automotive_software_final/install/ad_msgs/local/lib/python3.10/dist-packages/ad_msgs-0.0.0-py3.10.egg-info/top_level.txt
[1.890s] -- Installing: /home/jeongwoo/Automotive_software_final/install/ad_msgs/local/lib/python3.10/dist-packages/ad_msgs-0.0.0-py3.10.egg-info/dependency_links.txt
[1.890s] -- Installing: /home/jeongwoo/Automotive_software_final/install/ad_msgs/local/lib/python3.10/dist-packages/ad_msgs-0.0.0-py3.10.egg-info/SOURCES.txt
[1.890s] -- Up-to-date: /home/jeongwoo/Automotive_software_final/install/ad_msgs/local/lib/python3.10/dist-packages/ad_msgs
[1.890s] -- Up-to-date: /home/jeongwoo/Automotive_software_final/install/ad_msgs/local/lib/python3.10/dist-packages/ad_msgs/ad_msgs_s__rosidl_typesupport_fastrtps_c.cpython-310-x86_64-linux-gnu.so
[1.890s] -- Up-to-date: /home/jeongwoo/Automotive_software_final/install/ad_msgs/local/lib/python3.10/dist-packages/ad_msgs/_ad_msgs_s.ep.rosidl_typesupport_introspection_c.c
[1.890s] -- Up-to-date: /home/jeongwoo/Automotive_software_final/install/ad_msgs/local/lib/python3.10/dist-packages/ad_msgs/libad_msgs__rosidl_generator_py.so
[1.890s] -- Up-to-date: /home/jeongwoo/Automotive_software_final/install/ad_msgs/local/lib/python3.10/dist-packages/ad_msgs/_ad_msgs_s.ep.rosidl_typesupport_c.c
[1.891s] -- Up-to-date: /home/jeongwoo/Automotive_software_final/install/ad_msgs/local/lib/python3.10/dist-packages/ad_msgs/msg
[1.891s] -- Up-to-date: /home/jeongwoo/Automotive_software_final/install/ad_msgs/local/lib/python3.10/dist-packages/ad_msgs/msg/_vehicle_command.py
[1.891s] -- Up-to-date: /home/jeongwoo/Automotive_software_final/install/ad_msgs/local/lib/python3.10/dist-packages/ad_msgs/msg/_polyfit_lane_data_s.c
[1.891s] -- Up-to-date: /home/jeongwoo/Automotive_software_final/install/ad_msgs/local/lib/python3.10/dist-packages/ad_msgs/msg/_mission_region.py
[1.891s] -- Up-to-date: /home/jeongwoo/Automotive_software_final/install/ad_msgs/local/lib/python3.10/dist-packages/ad_msgs/msg/_lane_point_data_array_s.c
[1.891s] -- Up-to-date: /home/jeongwoo/Automotive_software_final/install/ad_msgs/local/lib/python3.10/dist-packages/ad_msgs/msg/_mission_s.c
[1.891s] -- Up-to-date: /home/jeongwoo/Automotive_software_final/install/ad_msgs/local/lib/python3.10/dist-packages/ad_msgs/msg/_lane_point_data.py
[1.891s] -- Up-to-date: /home/jeongwoo/Automotive_software_final/install/ad_msgs/local/lib/python3.10/dist-packages/ad_msgs/msg/_mission_display.py
[1.891s] -- Up-to-date: /home/jeongwoo/Automotive_software_final/install/ad_msgs/local/lib/python3.10/dist-packages/ad_msgs/msg/_vehicle_command_s.c
[1.891s] -- Up-to-date: /home/jeongwoo/Automotive_software_final/install/ad_msgs/local/lib/python3.10/dist-packages/ad_msgs/msg/_polyfit_lane_data_array.py
[1.892s] -- Up-to-date: /home/jeongwoo/Automotive_software_final/install/ad_msgs/local/lib/python3.10/dist-packages/ad_msgs/msg/_mission_region_s.c
[1.892s] -- Up-to-date: /home/jeongwoo/Automotive_software_final/install/ad_msgs/local/lib/python3.10/dist-packages/ad_msgs/msg/_lane_point_data_array.py
[1.892s] -- Up-to-date: /home/jeongwoo/Automotive_software_final/install/ad_msgs/local/lib/python3.10/dist-packages/ad_msgs/msg/_mission.py
[1.892s] -- Up-to-date: /home/jeongwoo/Automotive_software_final/install/ad_msgs/local/lib/python3.10/dist-packages/ad_msgs/msg/_vehicle_state_s.c
[1.893s] -- Up-to-date: /home/jeongwoo/Automotive_software_final/install/ad_msgs/local/lib/python3.10/dist-packages/ad_msgs/msg/_lane_point_data_s.c
[1.893s] -- Up-to-date: /home/jeongwoo/Automotive_software_final/install/ad_msgs/local/lib/python3.10/dist-packages/ad_msgs/msg/_vehicle_state.py
[1.893s] -- Up-to-date: /home/jeongwoo/Automotive_software_final/install/ad_msgs/local/lib/python3.10/dist-packages/ad_msgs/msg/_mission_object_s.c
[1.894s] -- Up-to-date: /home/jeongwoo/Automotive_software_final/install/ad_msgs/local/lib/python3.10/dist-packages/ad_msgs/msg/_polyfit_lane_data.py
[1.894s] -- Up-to-date: /home/jeongwoo/Automotive_software_final/install/ad_msgs/local/lib/python3.10/dist-packages/ad_msgs/msg/_mission_object.py
[1.895s] -- Up-to-date: /home/jeongwoo/Automotive_software_final/install/ad_msgs/local/lib/python3.10/dist-packages/ad_msgs/msg/_polyfit_lane_data_array_s.c
[1.895s] -- Up-to-date: /home/jeongwoo/Automotive_software_final/install/ad_msgs/local/lib/python3.10/dist-packages/ad_msgs/msg/_mission_display_s.c
[1.895s] -- Up-to-date: /home/jeongwoo/Automotive_software_final/install/ad_msgs/local/lib/python3.10/dist-packages/ad_msgs/msg/__init__.py
[1.896s] -- Up-to-date: /home/jeongwoo/Automotive_software_final/install/ad_msgs/local/lib/python3.10/dist-packages/ad_msgs/ad_msgs_s__rosidl_typesupport_introspection_c.cpython-310-x86_64-linux-gnu.so
[1.896s] -- Up-to-date: /home/jeongwoo/Automotive_software_final/install/ad_msgs/local/lib/python3.10/dist-packages/ad_msgs/ad_msgs_s__rosidl_typesupport_c.cpython-310-x86_64-linux-gnu.so
[1.896s] -- Up-to-date: /home/jeongwoo/Automotive_software_final/install/ad_msgs/local/lib/python3.10/dist-packages/ad_msgs/__init__.py
[1.896s] -- Up-to-date: /home/jeongwoo/Automotive_software_final/install/ad_msgs/local/lib/python3.10/dist-packages/ad_msgs/_ad_msgs_s.ep.rosidl_typesupport_fastrtps_c.c
[1.950s] Listing '/home/jeongwoo/Automotive_software_final/install/ad_msgs/local/lib/python3.10/dist-packages/ad_msgs'...
[1.951s] Listing '/home/jeongwoo/Automotive_software_final/install/ad_msgs/local/lib/python3.10/dist-packages/ad_msgs/msg'...
[1.965s] -- Up-to-date: /home/jeongwoo/Automotive_software_final/install/ad_msgs/local/lib/python3.10/dist-packages/ad_msgs/ad_msgs_s__rosidl_typesupport_fastrtps_c.cpython-310-x86_64-linux-gnu.so
[1.966s] -- Up-to-date: /home/jeongwoo/Automotive_software_final/install/ad_msgs/local/lib/python3.10/dist-packages/ad_msgs/ad_msgs_s__rosidl_typesupport_introspection_c.cpython-310-x86_64-linux-gnu.so
[1.967s] -- Up-to-date: /home/jeongwoo/Automotive_software_final/install/ad_msgs/local/lib/python3.10/dist-packages/ad_msgs/ad_msgs_s__rosidl_typesupport_c.cpython-310-x86_64-linux-gnu.so
[1.968s] -- Up-to-date: /home/jeongwoo/Automotive_software_final/install/ad_msgs/lib/libad_msgs__rosidl_generator_py.so
[1.969s] -- Up-to-date: /home/jeongwoo/Automotive_software_final/install/ad_msgs/share/ad_msgs/msg/VehicleState.idl
[1.970s] -- Up-to-date: /home/jeongwoo/Automotive_software_final/install/ad_msgs/share/ad_msgs/msg/VehicleCommand.idl
[1.971s] -- Up-to-date: /home/jeongwoo/Automotive_software_final/install/ad_msgs/share/ad_msgs/msg/Mission.idl
[1.972s] -- Up-to-date: /home/jeongwoo/Automotive_software_final/install/ad_msgs/share/ad_msgs/msg/MissionObject.idl
[1.972s] -- Up-to-date: /home/jeongwoo/Automotive_software_final/install/ad_msgs/share/ad_msgs/msg/MissionRegion.idl
[1.973s] -- Up-to-date: /home/jeongwoo/Automotive_software_final/install/ad_msgs/share/ad_msgs/msg/MissionDisplay.idl
[1.973s] -- Up-to-date: /home/jeongwoo/Automotive_software_final/install/ad_msgs/share/ad_msgs/msg/PolyfitLaneData.idl
[1.974s] -- Up-to-date: /home/jeongwoo/Automotive_software_final/install/ad_msgs/share/ad_msgs/msg/LanePointData.idl
[1.974s] -- Up-to-date: /home/jeongwoo/Automotive_software_final/install/ad_msgs/share/ad_msgs/msg/LanePointDataArray.idl
[1.975s] -- Up-to-date: /home/jeongwoo/Automotive_software_final/install/ad_msgs/share/ad_msgs/msg/PolyfitLaneDataArray.idl
[1.975s] -- Up-to-date: /home/jeongwoo/Automotive_software_final/install/ad_msgs/share/ad_msgs/msg/VehicleState.msg
[1.976s] -- Up-to-date: /home/jeongwoo/Automotive_software_final/install/ad_msgs/share/ad_msgs/msg/VehicleCommand.msg
[1.976s] -- Up-to-date: /home/jeongwoo/Automotive_software_final/install/ad_msgs/share/ad_msgs/msg/Mission.msg
[1.978s] -- Up-to-date: /home/jeongwoo/Automotive_software_final/install/ad_msgs/share/ad_msgs/msg/MissionObject.msg
[1.980s] -- Up-to-date: /home/jeongwoo/Automotive_software_final/install/ad_msgs/share/ad_msgs/msg/MissionRegion.msg
[1.980s] -- Up-to-date: /home/jeongwoo/Automotive_software_final/install/ad_msgs/share/ad_msgs/msg/MissionDisplay.msg
[1.981s] -- Up-to-date: /home/jeongwoo/Automotive_software_final/install/ad_msgs/share/ad_msgs/msg/PolyfitLaneData.msg
[1.981s] -- Up-to-date: /home/jeongwoo/Automotive_software_final/install/ad_msgs/share/ad_msgs/msg/LanePointData.msg
[1.982s] -- Up-to-date: /home/jeongwoo/Automotive_software_final/install/ad_msgs/share/ad_msgs/msg/LanePointDataArray.msg
[1.982s] -- Up-to-date: /home/jeongwoo/Automotive_software_final/install/ad_msgs/share/ad_msgs/msg/PolyfitLaneDataArray.msg
[1.983s] -- Up-to-date: /home/jeongwoo/Automotive_software_final/install/ad_msgs/share/ament_index/resource_index/package_run_dependencies/ad_msgs
[1.983s] -- Up-to-date: /home/jeongwoo/Automotive_software_final/install/ad_msgs/share/ament_index/resource_index/parent_prefix_path/ad_msgs
[1.983s] -- Up-to-date: /home/jeongwoo/Automotive_software_final/install/ad_msgs/share/ad_msgs/environment/ament_prefix_path.sh
[1.985s] -- Up-to-date: /home/jeongwoo/Automotive_software_final/install/ad_msgs/share/ad_msgs/environment/ament_prefix_path.dsv
[1.986s] -- Up-to-date: /home/jeongwoo/Automotive_software_final/install/ad_msgs/share/ad_msgs/environment/path.sh
[1.986s] -- Up-to-date: /home/jeongwoo/Automotive_software_final/install/ad_msgs/share/ad_msgs/environment/path.dsv
[1.987s] -- Up-to-date: /home/jeongwoo/Automotive_software_final/install/ad_msgs/share/ad_msgs/local_setup.bash
[1.987s] -- Up-to-date: /home/jeongwoo/Automotive_software_final/install/ad_msgs/share/ad_msgs/local_setup.sh
[1.988s] -- Up-to-date: /home/jeongwoo/Automotive_software_final/install/ad_msgs/share/ad_msgs/local_setup.zsh
[1.988s] -- Up-to-date: /home/jeongwoo/Automotive_software_final/install/ad_msgs/share/ad_msgs/local_setup.dsv
[1.988s] -- Installing: /home/jeongwoo/Automotive_software_final/install/ad_msgs/share/ad_msgs/package.dsv
[1.988s] -- Up-to-date: /home/jeongwoo/Automotive_software_final/install/ad_msgs/share/ament_index/resource_index/packages/ad_msgs
[1.988s] -- Up-to-date: /home/jeongwoo/Automotive_software_final/install/ad_msgs/share/ad_msgs/cmake/export_ad_msgs__rosidl_generator_cExport.cmake
[1.989s] -- Up-to-date: /home/jeongwoo/Automotive_software_final/install/ad_msgs/share/ad_msgs/cmake/export_ad_msgs__rosidl_generator_cExport-noconfig.cmake
[1.989s] -- Up-to-date: /home/jeongwoo/Automotive_software_final/install/ad_msgs/share/ad_msgs/cmake/export_ad_msgs__rosidl_typesupport_fastrtps_cExport.cmake
[1.989s] -- Up-to-date: /home/jeongwoo/Automotive_software_final/install/ad_msgs/share/ad_msgs/cmake/export_ad_msgs__rosidl_typesupport_fastrtps_cExport-noconfig.cmake
[1.989s] -- Up-to-date: /home/jeongwoo/Automotive_software_final/install/ad_msgs/share/ad_msgs/cmake/ad_msgs__rosidl_typesupport_introspection_cExport.cmake
[1.989s] -- Up-to-date: /home/jeongwoo/Automotive_software_final/install/ad_msgs/share/ad_msgs/cmake/ad_msgs__rosidl_typesupport_introspection_cExport-noconfig.cmake
[1.989s] -- Up-to-date: /home/jeongwoo/Automotive_software_final/install/ad_msgs/share/ad_msgs/cmake/ad_msgs__rosidl_typesupport_cExport.cmake
[1.990s] -- Up-to-date: /home/jeongwoo/Automotive_software_final/install/ad_msgs/share/ad_msgs/cmake/ad_msgs__rosidl_typesupport_cExport-noconfig.cmake
[1.990s] -- Up-to-date: /home/jeongwoo/Automotive_software_final/install/ad_msgs/share/ad_msgs/cmake/export_ad_msgs__rosidl_generator_cppExport.cmake
[1.991s] -- Up-to-date: /home/jeongwoo/Automotive_software_final/install/ad_msgs/share/ad_msgs/cmake/export_ad_msgs__rosidl_typesupport_fastrtps_cppExport.cmake
[1.992s] -- Up-to-date: /home/jeongwoo/Automotive_software_final/install/ad_msgs/share/ad_msgs/cmake/export_ad_msgs__rosidl_typesupport_fastrtps_cppExport-noconfig.cmake
[1.992s] -- Up-to-date: /home/jeongwoo/Automotive_software_final/install/ad_msgs/share/ad_msgs/cmake/ad_msgs__rosidl_typesupport_introspection_cppExport.cmake
[1.993s] -- Up-to-date: /home/jeongwoo/Automotive_software_final/install/ad_msgs/share/ad_msgs/cmake/ad_msgs__rosidl_typesupport_introspection_cppExport-noconfig.cmake
[1.993s] -- Up-to-date: /home/jeongwoo/Automotive_software_final/install/ad_msgs/share/ad_msgs/cmake/ad_msgs__rosidl_typesupport_cppExport.cmake
[1.994s] -- Up-to-date: /home/jeongwoo/Automotive_software_final/install/ad_msgs/share/ad_msgs/cmake/ad_msgs__rosidl_typesupport_cppExport-noconfig.cmake
[1.994s] -- Up-to-date: /home/jeongwoo/Automotive_software_final/install/ad_msgs/share/ad_msgs/cmake/export_ad_msgs__rosidl_generator_pyExport.cmake
[1.995s] -- Up-to-date: /home/jeongwoo/Automotive_software_final/install/ad_msgs/share/ad_msgs/cmake/export_ad_msgs__rosidl_generator_pyExport-noconfig.cmake
[1.996s] -- Up-to-date: /home/jeongwoo/Automotive_software_final/install/ad_msgs/share/ad_msgs/cmake/rosidl_cmake-extras.cmake
[1.996s] -- Up-to-date: /home/jeongwoo/Automotive_software_final/install/ad_msgs/share/ad_msgs/cmake/ament_cmake_export_dependencies-extras.cmake
[1.997s] -- Up-to-date: /home/jeongwoo/Automotive_software_final/install/ad_msgs/share/ad_msgs/cmake/ament_cmake_export_include_directories-extras.cmake
[1.997s] -- Up-to-date: /home/jeongwoo/Automotive_software_final/install/ad_msgs/share/ad_msgs/cmake/ament_cmake_export_libraries-extras.cmake
[1.997s] -- Up-to-date: /home/jeongwoo/Automotive_software_final/install/ad_msgs/share/ad_msgs/cmake/ament_cmake_export_targets-extras.cmake
[1.997s] -- Up-to-date: /home/jeongwoo/Automotive_software_final/install/ad_msgs/share/ad_msgs/cmake/rosidl_cmake_export_typesupport_targets-extras.cmake
[1.998s] -- Up-to-date: /home/jeongwoo/Automotive_software_final/install/ad_msgs/share/ad_msgs/cmake/rosidl_cmake_export_typesupport_libraries-extras.cmake
[1.998s] -- Up-to-date: /home/jeongwoo/Automotive_software_final/install/ad_msgs/share/ad_msgs/cmake/ad_msgsConfig.cmake
[1.998s] -- Up-to-date: /home/jeongwoo/Automotive_software_final/install/ad_msgs/share/ad_msgs/cmake/ad_msgsConfig-version.cmake
[1.999s] -- Up-to-date: /home/jeongwoo/Automotive_software_final/install/ad_msgs/share/ad_msgs/package.xml
[1.999s] Invoked command in '/home/jeongwoo/Automotive_software_final/build/ad_msgs' returned '0': CMAKE_PREFIX_PATH=${CMAKE_PREFIX_PATH}:/opt/ros/humble /usr/bin/cmake --install /home/jeongwoo/Automotive_software_final/build/ad_msgs
