[  0%] Built target ad_msgs__cpp
[ 12%] Built target ad_msgs__rosidl_generator_c
[ 12%] Built target ament_cmake_python_copy_ad_msgs
[ 24%] Built target ad_msgs__rosidl_typesupport_cpp
[ 35%] Built target ad_msgs__rosidl_typesupport_fastrtps_cpp
[ 47%] Built target ad_msgs__rosidl_typesupport_introspection_cpp
[ 58%] Built target ad_msgs__rosidl_typesupport_c
[ 82%] Built target ad_msgs__rosidl_typesupport_fastrtps_c
[ 82%] Built target ad_msgs__rosidl_typesupport_introspection_c
[ 82%] Built target ad_msgs
[ 83%] Built target ad_msgs__py
[ 94%] Built target ad_msgs__rosidl_generator_py
[ 96%] Built target ad_msgs__rosidl_typesupport_c__pyext
[ 98%] Built target ad_msgs__rosidl_typesupport_fastrtps_c__pyext
[100%] Built target ad_msgs__rosidl_typesupport_introspection_c__pyext
running egg_info
writing ad_msgs.egg-info/PKG-INFO
writing dependency_links to ad_msgs.egg-info/dependency_links.txt
writing top-level names to ad_msgs.egg-info/top_level.txt
reading manifest file 'ad_msgs.egg-info/SOURCES.txt'
writing manifest file 'ad_msgs.egg-info/SOURCES.txt'
[100%] Built target ament_cmake_python_build_ad_msgs_egg
