[0.070s] Invoking command in '/home/seok/automotive_software_final/build/simulator': CMAKE_PREFIX_PATH=/home/seok/automotive_software_final/install/ad_msgs:/home/seok/automotive_software_final/install/simulator:/home/seok/automotive_software_final/install/mission_manager:/home/seok/automotive_software_final/install/evaluation:/home/seok/automotive_software_final/install/autonomous_driving:/opt/ros/humble /usr/bin/cmake --build /home/seok/automotive_software_final/build/simulator -- -j28 -l28
[0.094s] [ 28%] Built target vehicle
[0.097s] [ 42%] [32mBuilding CXX object CMakeFiles/display.dir/src/display/display_node.cpp.o[0m
[0.097s] [ 85%] Built target lane_detection
[13.883s] [100%] [32m[1mLinking CXX executable display[0m
[14.823s] [100%] Built target display
[14.829s] Invoked command in '/home/seok/automotive_software_final/build/simulator' returned '0': CMAKE_PREFIX_PATH=/home/seok/automotive_software_final/install/ad_msgs:/home/seok/automotive_software_final/install/simulator:/home/seok/automotive_software_final/install/mission_manager:/home/seok/automotive_software_final/install/evaluation:/home/seok/automotive_software_final/install/autonomous_driving:/opt/ros/humble /usr/bin/cmake --build /home/seok/automotive_software_final/build/simulator -- -j28 -l28
[14.847s] Invoking command in '/home/seok/automotive_software_final/build/simulator': CMAKE_PREFIX_PATH=/home/seok/automotive_software_final/install/ad_msgs:/home/seok/automotive_software_final/install/simulator:/home/seok/automotive_software_final/install/mission_manager:/home/seok/automotive_software_final/install/evaluation:/home/seok/automotive_software_final/install/autonomous_driving:/opt/ros/humble /usr/bin/cmake --install /home/seok/automotive_software_final/build/simulator
[14.851s] -- Install configuration: ""
[14.851s] -- Up-to-date: /home/seok/automotive_software_final/install/simulator/lib/simulator/vehicle
[14.851s] -- Up-to-date: /home/seok/automotive_software_final/install/simulator/lib/simulator/lane_detection
[14.851s] -- Installing: /home/seok/automotive_software_final/install/simulator/lib/simulator/display
[14.858s] -- Set runtime path of "/home/seok/automotive_software_final/install/simulator/lib/simulator/display" to ""
[14.858s] -- Up-to-date: /home/seok/automotive_software_final/install/simulator/share/simulator/launch
[14.858s] -- Up-to-date: /home/seok/automotive_software_final/install/simulator/share/simulator/launch/simulation.launch.xml
[14.858s] -- Up-to-date: /home/seok/automotive_software_final/install/simulator/share/ament_index/resource_index/package_run_dependencies/simulator
[14.859s] -- Up-to-date: /home/seok/automotive_software_final/install/simulator/share/ament_index/resource_index/parent_prefix_path/simulator
[14.859s] -- Up-to-date: /home/seok/automotive_software_final/install/simulator/share/simulator/environment/ament_prefix_path.sh
[14.859s] -- Up-to-date: /home/seok/automotive_software_final/install/simulator/share/simulator/environment/ament_prefix_path.dsv
[14.859s] -- Up-to-date: /home/seok/automotive_software_final/install/simulator/share/simulator/environment/path.sh
[14.859s] -- Up-to-date: /home/seok/automotive_software_final/install/simulator/share/simulator/environment/path.dsv
[14.859s] -- Up-to-date: /home/seok/automotive_software_final/install/simulator/share/simulator/local_setup.bash
[14.859s] -- Up-to-date: /home/seok/automotive_software_final/install/simulator/share/simulator/local_setup.sh
[14.859s] -- Up-to-date: /home/seok/automotive_software_final/install/simulator/share/simulator/local_setup.zsh
[14.859s] -- Up-to-date: /home/seok/automotive_software_final/install/simulator/share/simulator/local_setup.dsv
[14.859s] -- Installing: /home/seok/automotive_software_final/install/simulator/share/simulator/package.dsv
[14.859s] -- Up-to-date: /home/seok/automotive_software_final/install/simulator/share/ament_index/resource_index/packages/simulator
[14.860s] -- Up-to-date: /home/seok/automotive_software_final/install/simulator/share/simulator/cmake/simulatorConfig.cmake
[14.860s] -- Up-to-date: /home/seok/automotive_software_final/install/simulator/share/simulator/cmake/simulatorConfig-version.cmake
[14.860s] -- Up-to-date: /home/seok/automotive_software_final/install/simulator/share/simulator/package.xml
[14.861s] Invoked command in '/home/seok/automotive_software_final/build/simulator' returned '0': CMAKE_PREFIX_PATH=/home/seok/automotive_software_final/install/ad_msgs:/home/seok/automotive_software_final/install/simulator:/home/seok/automotive_software_final/install/mission_manager:/home/seok/automotive_software_final/install/evaluation:/home/seok/automotive_software_final/install/autonomous_driving:/opt/ros/humble /usr/bin/cmake --install /home/seok/automotive_software_final/build/simulator
