[0.613s] DEBUG:colcon:Command line arguments: ['/usr/bin/colcon', 'build']
[0.613s] DEBUG:colcon:Parsed command line arguments: Namespace(log_base=None, log_level=None, verb_name='build', build_base='build', install_base='install', merge_install=False, symlink_install=False, test_result_base=None, continue_on_error=False, executor='parallel', parallel_workers=8, event_handlers=None, ignore_user_meta=False, metas=['./colcon.meta'], base_paths=['.'], packages_ignore=None, packages_ignore_regex=None, paths=None, packages_up_to=None, packages_up_to_regex=None, packages_above=None, packages_above_and_dependencies=None, packages_above_depth=None, packages_select_by_dep=None, packages_skip_by_dep=None, packages_skip_up_to=None, packages_select_build_failed=False, packages_skip_build_finished=False, packages_select_test_failures=False, packages_skip_test_passed=False, packages_select=None, packages_skip=None, packages_select_regex=None, packages_skip_regex=None, packages_start=None, packages_end=None, allow_overriding=[], cmake_args=None, cmake_target=None, cmake_target_skip_unavailable=False, cmake_clean_cache=False, cmake_clean_first=False, cmake_force_configure=False, ament_cmake_args=None, catkin_cmake_args=None, catkin_skip_building_tests=False, verb_parser=<colcon_defaults.argument_parser.defaults.DefaultArgumentsDecorator object at 0x7f96a8a83c10>, verb_extension=<colcon_core.verb.build.BuildVerb object at 0x7f96a8ddf190>, main=<bound method BuildVerb.main of <colcon_core.verb.build.BuildVerb object at 0x7f96a8ddf190>>)
[1.079s] Level 1:colcon.colcon_core.package_discovery:discover_packages(colcon_meta) check parameters
[1.079s] Level 1:colcon.colcon_core.package_discovery:discover_packages(recursive) check parameters
[1.079s] Level 1:colcon.colcon_core.package_discovery:discover_packages(ignore) check parameters
[1.079s] Level 1:colcon.colcon_core.package_discovery:discover_packages(path) check parameters
[1.079s] Level 1:colcon.colcon_core.package_discovery:discover_packages(colcon_meta) discover
[1.079s] Level 1:colcon.colcon_core.package_discovery:discover_packages(recursive) discover
[1.079s] INFO:colcon.colcon_core.package_discovery:Crawling recursively for packages in '/home/jeongwoo/Automotive_software_final'
[1.079s] Level 1:colcon.colcon_core.package_identification:_identify(.) by extensions ['ignore', 'ignore_ament_install']
[1.079s] Level 1:colcon.colcon_core.package_identification:_identify(.) by extension 'ignore'
[1.079s] Level 1:colcon.colcon_core.package_identification:_identify(.) by extension 'ignore_ament_install'
[1.079s] Level 1:colcon.colcon_core.package_identification:_identify(.) by extensions ['colcon_pkg']
[1.080s] Level 1:colcon.colcon_core.package_identification:_identify(.) by extension 'colcon_pkg'
[1.080s] Level 1:colcon.colcon_core.package_identification:_identify(.) by extensions ['colcon_meta']
[1.080s] Level 1:colcon.colcon_core.package_identification:_identify(.) by extension 'colcon_meta'
[1.080s] Level 1:colcon.colcon_core.package_identification:_identify(.) by extensions ['ros']
[1.080s] Level 1:colcon.colcon_core.package_identification:_identify(.) by extension 'ros'
[1.105s] Level 1:colcon.colcon_core.package_identification:_identify(.) by extensions ['cmake', 'python']
[1.105s] Level 1:colcon.colcon_core.package_identification:_identify(.) by extension 'cmake'
[1.105s] Level 1:colcon.colcon_core.package_identification:_identify(.) by extension 'python'
[1.105s] Level 1:colcon.colcon_core.package_identification:_identify(.) by extensions ['python_setup_py']
[1.105s] Level 1:colcon.colcon_core.package_identification:_identify(.) by extension 'python_setup_py'
[1.106s] Level 1:colcon.colcon_core.package_identification:_identify(build) by extensions ['ignore', 'ignore_ament_install']
[1.106s] Level 1:colcon.colcon_core.package_identification:_identify(build) by extension 'ignore'
[1.106s] Level 1:colcon.colcon_core.package_identification:_identify(build) ignored
[1.106s] Level 1:colcon.colcon_core.package_identification:_identify(install) by extensions ['ignore', 'ignore_ament_install']
[1.106s] Level 1:colcon.colcon_core.package_identification:_identify(install) by extension 'ignore'
[1.106s] Level 1:colcon.colcon_core.package_identification:_identify(install) ignored
[1.106s] Level 1:colcon.colcon_core.package_identification:_identify(log) by extensions ['ignore', 'ignore_ament_install']
[1.106s] Level 1:colcon.colcon_core.package_identification:_identify(log) by extension 'ignore'
[1.106s] Level 1:colcon.colcon_core.package_identification:_identify(log) ignored
[1.107s] Level 1:colcon.colcon_core.package_identification:_identify(resources) by extensions ['ignore', 'ignore_ament_install']
[1.107s] Level 1:colcon.colcon_core.package_identification:_identify(resources) by extension 'ignore'
[1.107s] Level 1:colcon.colcon_core.package_identification:_identify(resources) by extension 'ignore_ament_install'
[1.108s] Level 1:colcon.colcon_core.package_identification:_identify(resources) by extensions ['colcon_pkg']
[1.108s] Level 1:colcon.colcon_core.package_identification:_identify(resources) by extension 'colcon_pkg'
[1.108s] Level 1:colcon.colcon_core.package_identification:_identify(resources) by extensions ['colcon_meta']
[1.108s] Level 1:colcon.colcon_core.package_identification:_identify(resources) by extension 'colcon_meta'
[1.108s] Level 1:colcon.colcon_core.package_identification:_identify(resources) by extensions ['ros']
[1.108s] Level 1:colcon.colcon_core.package_identification:_identify(resources) by extension 'ros'
[1.108s] Level 1:colcon.colcon_core.package_identification:_identify(resources) by extensions ['cmake', 'python']
[1.108s] Level 1:colcon.colcon_core.package_identification:_identify(resources) by extension 'cmake'
[1.108s] Level 1:colcon.colcon_core.package_identification:_identify(resources) by extension 'python'
[1.108s] Level 1:colcon.colcon_core.package_identification:_identify(resources) by extensions ['python_setup_py']
[1.108s] Level 1:colcon.colcon_core.package_identification:_identify(resources) by extension 'python_setup_py'
[1.109s] Level 1:colcon.colcon_core.package_identification:_identify(resources/csv) by extensions ['ignore', 'ignore_ament_install']
[1.109s] Level 1:colcon.colcon_core.package_identification:_identify(resources/csv) by extension 'ignore'
[1.109s] Level 1:colcon.colcon_core.package_identification:_identify(resources/csv) by extension 'ignore_ament_install'
[1.109s] Level 1:colcon.colcon_core.package_identification:_identify(resources/csv) by extensions ['colcon_pkg']
[1.109s] Level 1:colcon.colcon_core.package_identification:_identify(resources/csv) by extension 'colcon_pkg'
[1.110s] Level 1:colcon.colcon_core.package_identification:_identify(resources/csv) by extensions ['colcon_meta']
[1.110s] Level 1:colcon.colcon_core.package_identification:_identify(resources/csv) by extension 'colcon_meta'
[1.110s] Level 1:colcon.colcon_core.package_identification:_identify(resources/csv) by extensions ['ros']
[1.110s] Level 1:colcon.colcon_core.package_identification:_identify(resources/csv) by extension 'ros'
[1.110s] Level 1:colcon.colcon_core.package_identification:_identify(resources/csv) by extensions ['cmake', 'python']
[1.110s] Level 1:colcon.colcon_core.package_identification:_identify(resources/csv) by extension 'cmake'
[1.110s] Level 1:colcon.colcon_core.package_identification:_identify(resources/csv) by extension 'python'
[1.110s] Level 1:colcon.colcon_core.package_identification:_identify(resources/csv) by extensions ['python_setup_py']
[1.110s] Level 1:colcon.colcon_core.package_identification:_identify(resources/csv) by extension 'python_setup_py'
[1.111s] Level 1:colcon.colcon_core.package_identification:_identify(resources/csv/evaluation_lane) by extensions ['ignore', 'ignore_ament_install']
[1.111s] Level 1:colcon.colcon_core.package_identification:_identify(resources/csv/evaluation_lane) by extension 'ignore'
[1.111s] Level 1:colcon.colcon_core.package_identification:_identify(resources/csv/evaluation_lane) by extension 'ignore_ament_install'
[1.111s] Level 1:colcon.colcon_core.package_identification:_identify(resources/csv/evaluation_lane) by extensions ['colcon_pkg']
[1.111s] Level 1:colcon.colcon_core.package_identification:_identify(resources/csv/evaluation_lane) by extension 'colcon_pkg'
[1.112s] Level 1:colcon.colcon_core.package_identification:_identify(resources/csv/evaluation_lane) by extensions ['colcon_meta']
[1.112s] Level 1:colcon.colcon_core.package_identification:_identify(resources/csv/evaluation_lane) by extension 'colcon_meta'
[1.112s] Level 1:colcon.colcon_core.package_identification:_identify(resources/csv/evaluation_lane) by extensions ['ros']
[1.112s] Level 1:colcon.colcon_core.package_identification:_identify(resources/csv/evaluation_lane) by extension 'ros'
[1.112s] Level 1:colcon.colcon_core.package_identification:_identify(resources/csv/evaluation_lane) by extensions ['cmake', 'python']
[1.112s] Level 1:colcon.colcon_core.package_identification:_identify(resources/csv/evaluation_lane) by extension 'cmake'
[1.112s] Level 1:colcon.colcon_core.package_identification:_identify(resources/csv/evaluation_lane) by extension 'python'
[1.112s] Level 1:colcon.colcon_core.package_identification:_identify(resources/csv/evaluation_lane) by extensions ['python_setup_py']
[1.112s] Level 1:colcon.colcon_core.package_identification:_identify(resources/csv/evaluation_lane) by extension 'python_setup_py'
[1.113s] Level 1:colcon.colcon_core.package_identification:_identify(resources/csv/simulation_lane) by extensions ['ignore', 'ignore_ament_install']
[1.113s] Level 1:colcon.colcon_core.package_identification:_identify(resources/csv/simulation_lane) by extension 'ignore'
[1.113s] Level 1:colcon.colcon_core.package_identification:_identify(resources/csv/simulation_lane) by extension 'ignore_ament_install'
[1.113s] Level 1:colcon.colcon_core.package_identification:_identify(resources/csv/simulation_lane) by extensions ['colcon_pkg']
[1.113s] Level 1:colcon.colcon_core.package_identification:_identify(resources/csv/simulation_lane) by extension 'colcon_pkg'
[1.113s] Level 1:colcon.colcon_core.package_identification:_identify(resources/csv/simulation_lane) by extensions ['colcon_meta']
[1.113s] Level 1:colcon.colcon_core.package_identification:_identify(resources/csv/simulation_lane) by extension 'colcon_meta'
[1.113s] Level 1:colcon.colcon_core.package_identification:_identify(resources/csv/simulation_lane) by extensions ['ros']
[1.114s] Level 1:colcon.colcon_core.package_identification:_identify(resources/csv/simulation_lane) by extension 'ros'
[1.114s] Level 1:colcon.colcon_core.package_identification:_identify(resources/csv/simulation_lane) by extensions ['cmake', 'python']
[1.114s] Level 1:colcon.colcon_core.package_identification:_identify(resources/csv/simulation_lane) by extension 'cmake'
[1.114s] Level 1:colcon.colcon_core.package_identification:_identify(resources/csv/simulation_lane) by extension 'python'
[1.114s] Level 1:colcon.colcon_core.package_identification:_identify(resources/csv/simulation_lane) by extensions ['python_setup_py']
[1.114s] Level 1:colcon.colcon_core.package_identification:_identify(resources/csv/simulation_lane) by extension 'python_setup_py'
[1.115s] Level 1:colcon.colcon_core.package_identification:_identify(resources/meshes) by extensions ['ignore', 'ignore_ament_install']
[1.115s] Level 1:colcon.colcon_core.package_identification:_identify(resources/meshes) by extension 'ignore'
[1.115s] Level 1:colcon.colcon_core.package_identification:_identify(resources/meshes) by extension 'ignore_ament_install'
[1.115s] Level 1:colcon.colcon_core.package_identification:_identify(resources/meshes) by extensions ['colcon_pkg']
[1.115s] Level 1:colcon.colcon_core.package_identification:_identify(resources/meshes) by extension 'colcon_pkg'
[1.115s] Level 1:colcon.colcon_core.package_identification:_identify(resources/meshes) by extensions ['colcon_meta']
[1.115s] Level 1:colcon.colcon_core.package_identification:_identify(resources/meshes) by extension 'colcon_meta'
[1.115s] Level 1:colcon.colcon_core.package_identification:_identify(resources/meshes) by extensions ['ros']
[1.115s] Level 1:colcon.colcon_core.package_identification:_identify(resources/meshes) by extension 'ros'
[1.116s] Level 1:colcon.colcon_core.package_identification:_identify(resources/meshes) by extensions ['cmake', 'python']
[1.116s] Level 1:colcon.colcon_core.package_identification:_identify(resources/meshes) by extension 'cmake'
[1.116s] Level 1:colcon.colcon_core.package_identification:_identify(resources/meshes) by extension 'python'
[1.116s] Level 1:colcon.colcon_core.package_identification:_identify(resources/meshes) by extensions ['python_setup_py']
[1.116s] Level 1:colcon.colcon_core.package_identification:_identify(resources/meshes) by extension 'python_setup_py'
[1.117s] Level 1:colcon.colcon_core.package_identification:_identify(resources/rviz) by extensions ['ignore', 'ignore_ament_install']
[1.117s] Level 1:colcon.colcon_core.package_identification:_identify(resources/rviz) by extension 'ignore'
[1.117s] Level 1:colcon.colcon_core.package_identification:_identify(resources/rviz) by extension 'ignore_ament_install'
[1.117s] Level 1:colcon.colcon_core.package_identification:_identify(resources/rviz) by extensions ['colcon_pkg']
[1.117s] Level 1:colcon.colcon_core.package_identification:_identify(resources/rviz) by extension 'colcon_pkg'
[1.117s] Level 1:colcon.colcon_core.package_identification:_identify(resources/rviz) by extensions ['colcon_meta']
[1.117s] Level 1:colcon.colcon_core.package_identification:_identify(resources/rviz) by extension 'colcon_meta'
[1.117s] Level 1:colcon.colcon_core.package_identification:_identify(resources/rviz) by extensions ['ros']
[1.117s] Level 1:colcon.colcon_core.package_identification:_identify(resources/rviz) by extension 'ros'
[1.117s] Level 1:colcon.colcon_core.package_identification:_identify(resources/rviz) by extensions ['cmake', 'python']
[1.117s] Level 1:colcon.colcon_core.package_identification:_identify(resources/rviz) by extension 'cmake'
[1.118s] Level 1:colcon.colcon_core.package_identification:_identify(resources/rviz) by extension 'python'
[1.118s] Level 1:colcon.colcon_core.package_identification:_identify(resources/rviz) by extensions ['python_setup_py']
[1.118s] Level 1:colcon.colcon_core.package_identification:_identify(resources/rviz) by extension 'python_setup_py'
[1.118s] Level 1:colcon.colcon_core.package_identification:_identify(src) by extensions ['ignore', 'ignore_ament_install']
[1.119s] Level 1:colcon.colcon_core.package_identification:_identify(src) by extension 'ignore'
[1.119s] Level 1:colcon.colcon_core.package_identification:_identify(src) by extension 'ignore_ament_install'
[1.119s] Level 1:colcon.colcon_core.package_identification:_identify(src) by extensions ['colcon_pkg']
[1.119s] Level 1:colcon.colcon_core.package_identification:_identify(src) by extension 'colcon_pkg'
[1.119s] Level 1:colcon.colcon_core.package_identification:_identify(src) by extensions ['colcon_meta']
[1.119s] Level 1:colcon.colcon_core.package_identification:_identify(src) by extension 'colcon_meta'
[1.119s] Level 1:colcon.colcon_core.package_identification:_identify(src) by extensions ['ros']
[1.119s] Level 1:colcon.colcon_core.package_identification:_identify(src) by extension 'ros'
[1.119s] Level 1:colcon.colcon_core.package_identification:_identify(src) by extensions ['cmake', 'python']
[1.119s] Level 1:colcon.colcon_core.package_identification:_identify(src) by extension 'cmake'
[1.119s] Level 1:colcon.colcon_core.package_identification:_identify(src) by extension 'python'
[1.119s] Level 1:colcon.colcon_core.package_identification:_identify(src) by extensions ['python_setup_py']
[1.119s] Level 1:colcon.colcon_core.package_identification:_identify(src) by extension 'python_setup_py'
[1.120s] Level 1:colcon.colcon_core.package_identification:_identify(src/app) by extensions ['ignore', 'ignore_ament_install']
[1.120s] Level 1:colcon.colcon_core.package_identification:_identify(src/app) by extension 'ignore'
[1.121s] Level 1:colcon.colcon_core.package_identification:_identify(src/app) by extension 'ignore_ament_install'
[1.121s] Level 1:colcon.colcon_core.package_identification:_identify(src/app) by extensions ['colcon_pkg']
[1.121s] Level 1:colcon.colcon_core.package_identification:_identify(src/app) by extension 'colcon_pkg'
[1.121s] Level 1:colcon.colcon_core.package_identification:_identify(src/app) by extensions ['colcon_meta']
[1.121s] Level 1:colcon.colcon_core.package_identification:_identify(src/app) by extension 'colcon_meta'
[1.121s] Level 1:colcon.colcon_core.package_identification:_identify(src/app) by extensions ['ros']
[1.121s] Level 1:colcon.colcon_core.package_identification:_identify(src/app) by extension 'ros'
[1.121s] Level 1:colcon.colcon_core.package_identification:_identify(src/app) by extensions ['cmake', 'python']
[1.121s] Level 1:colcon.colcon_core.package_identification:_identify(src/app) by extension 'cmake'
[1.121s] Level 1:colcon.colcon_core.package_identification:_identify(src/app) by extension 'python'
[1.121s] Level 1:colcon.colcon_core.package_identification:_identify(src/app) by extensions ['python_setup_py']
[1.121s] Level 1:colcon.colcon_core.package_identification:_identify(src/app) by extension 'python_setup_py'
[1.122s] Level 1:colcon.colcon_core.package_identification:_identify(src/app/autonomous_driving) by extensions ['ignore', 'ignore_ament_install']
[1.122s] Level 1:colcon.colcon_core.package_identification:_identify(src/app/autonomous_driving) by extension 'ignore'
[1.122s] Level 1:colcon.colcon_core.package_identification:_identify(src/app/autonomous_driving) by extension 'ignore_ament_install'
[1.122s] Level 1:colcon.colcon_core.package_identification:_identify(src/app/autonomous_driving) by extensions ['colcon_pkg']
[1.122s] Level 1:colcon.colcon_core.package_identification:_identify(src/app/autonomous_driving) by extension 'colcon_pkg'
[1.123s] Level 1:colcon.colcon_core.package_identification:_identify(src/app/autonomous_driving) by extensions ['colcon_meta']
[1.123s] Level 1:colcon.colcon_core.package_identification:_identify(src/app/autonomous_driving) by extension 'colcon_meta'
[1.123s] Level 1:colcon.colcon_core.package_identification:_identify(src/app/autonomous_driving) by extensions ['ros']
[1.123s] Level 1:colcon.colcon_core.package_identification:_identify(src/app/autonomous_driving) by extension 'ros'
[1.129s] DEBUG:colcon.colcon_core.package_identification:Package 'src/app/autonomous_driving' with type 'ros.ament_cmake' and name 'autonomous_driving'
[1.129s] Level 1:colcon.colcon_core.package_identification:_identify(src/app/evaluation) by extensions ['ignore', 'ignore_ament_install']
[1.130s] Level 1:colcon.colcon_core.package_identification:_identify(src/app/evaluation) by extension 'ignore'
[1.130s] Level 1:colcon.colcon_core.package_identification:_identify(src/app/evaluation) by extension 'ignore_ament_install'
[1.130s] Level 1:colcon.colcon_core.package_identification:_identify(src/app/evaluation) by extensions ['colcon_pkg']
[1.130s] Level 1:colcon.colcon_core.package_identification:_identify(src/app/evaluation) by extension 'colcon_pkg'
[1.130s] Level 1:colcon.colcon_core.package_identification:_identify(src/app/evaluation) by extensions ['colcon_meta']
[1.130s] Level 1:colcon.colcon_core.package_identification:_identify(src/app/evaluation) by extension 'colcon_meta'
[1.130s] Level 1:colcon.colcon_core.package_identification:_identify(src/app/evaluation) by extensions ['ros']
[1.130s] Level 1:colcon.colcon_core.package_identification:_identify(src/app/evaluation) by extension 'ros'
[1.132s] DEBUG:colcon.colcon_core.package_identification:Package 'src/app/evaluation' with type 'ros.ament_cmake' and name 'evaluation'
[1.132s] Level 1:colcon.colcon_core.package_identification:_identify(src/app/mission_manager) by extensions ['ignore', 'ignore_ament_install']
[1.133s] Level 1:colcon.colcon_core.package_identification:_identify(src/app/mission_manager) by extension 'ignore'
[1.133s] Level 1:colcon.colcon_core.package_identification:_identify(src/app/mission_manager) by extension 'ignore_ament_install'
[1.133s] Level 1:colcon.colcon_core.package_identification:_identify(src/app/mission_manager) by extensions ['colcon_pkg']
[1.133s] Level 1:colcon.colcon_core.package_identification:_identify(src/app/mission_manager) by extension 'colcon_pkg'
[1.133s] Level 1:colcon.colcon_core.package_identification:_identify(src/app/mission_manager) by extensions ['colcon_meta']
[1.133s] Level 1:colcon.colcon_core.package_identification:_identify(src/app/mission_manager) by extension 'colcon_meta'
[1.133s] Level 1:colcon.colcon_core.package_identification:_identify(src/app/mission_manager) by extensions ['ros']
[1.133s] Level 1:colcon.colcon_core.package_identification:_identify(src/app/mission_manager) by extension 'ros'
[1.135s] DEBUG:colcon.colcon_core.package_identification:Package 'src/app/mission_manager' with type 'ros.ament_cmake' and name 'mission_manager'
[1.136s] Level 1:colcon.colcon_core.package_identification:_identify(src/app/simulator) by extensions ['ignore', 'ignore_ament_install']
[1.136s] Level 1:colcon.colcon_core.package_identification:_identify(src/app/simulator) by extension 'ignore'
[1.136s] Level 1:colcon.colcon_core.package_identification:_identify(src/app/simulator) by extension 'ignore_ament_install'
[1.136s] Level 1:colcon.colcon_core.package_identification:_identify(src/app/simulator) by extensions ['colcon_pkg']
[1.136s] Level 1:colcon.colcon_core.package_identification:_identify(src/app/simulator) by extension 'colcon_pkg'
[1.137s] Level 1:colcon.colcon_core.package_identification:_identify(src/app/simulator) by extensions ['colcon_meta']
[1.137s] Level 1:colcon.colcon_core.package_identification:_identify(src/app/simulator) by extension 'colcon_meta'
[1.137s] Level 1:colcon.colcon_core.package_identification:_identify(src/app/simulator) by extensions ['ros']
[1.137s] Level 1:colcon.colcon_core.package_identification:_identify(src/app/simulator) by extension 'ros'
[1.139s] DEBUG:colcon.colcon_core.package_identification:Package 'src/app/simulator' with type 'ros.ament_cmake' and name 'simulator'
[1.140s] Level 1:colcon.colcon_core.package_identification:_identify(src/bsw) by extensions ['ignore', 'ignore_ament_install']
[1.140s] Level 1:colcon.colcon_core.package_identification:_identify(src/bsw) by extension 'ignore'
[1.140s] Level 1:colcon.colcon_core.package_identification:_identify(src/bsw) by extension 'ignore_ament_install'
[1.140s] Level 1:colcon.colcon_core.package_identification:_identify(src/bsw) by extensions ['colcon_pkg']
[1.140s] Level 1:colcon.colcon_core.package_identification:_identify(src/bsw) by extension 'colcon_pkg'
[1.140s] Level 1:colcon.colcon_core.package_identification:_identify(src/bsw) by extensions ['colcon_meta']
[1.140s] Level 1:colcon.colcon_core.package_identification:_identify(src/bsw) by extension 'colcon_meta'
[1.141s] Level 1:colcon.colcon_core.package_identification:_identify(src/bsw) by extensions ['ros']
[1.141s] Level 1:colcon.colcon_core.package_identification:_identify(src/bsw) by extension 'ros'
[1.141s] Level 1:colcon.colcon_core.package_identification:_identify(src/bsw) by extensions ['cmake', 'python']
[1.141s] Level 1:colcon.colcon_core.package_identification:_identify(src/bsw) by extension 'cmake'
[1.141s] Level 1:colcon.colcon_core.package_identification:_identify(src/bsw) by extension 'python'
[1.141s] Level 1:colcon.colcon_core.package_identification:_identify(src/bsw) by extensions ['python_setup_py']
[1.141s] Level 1:colcon.colcon_core.package_identification:_identify(src/bsw) by extension 'python_setup_py'
[1.142s] Level 1:colcon.colcon_core.package_identification:_identify(src/bsw/system) by extensions ['ignore', 'ignore_ament_install']
[1.142s] Level 1:colcon.colcon_core.package_identification:_identify(src/bsw/system) by extension 'ignore'
[1.142s] Level 1:colcon.colcon_core.package_identification:_identify(src/bsw/system) by extension 'ignore_ament_install'
[1.142s] Level 1:colcon.colcon_core.package_identification:_identify(src/bsw/system) by extensions ['colcon_pkg']
[1.142s] Level 1:colcon.colcon_core.package_identification:_identify(src/bsw/system) by extension 'colcon_pkg'
[1.142s] Level 1:colcon.colcon_core.package_identification:_identify(src/bsw/system) by extensions ['colcon_meta']
[1.142s] Level 1:colcon.colcon_core.package_identification:_identify(src/bsw/system) by extension 'colcon_meta'
[1.142s] Level 1:colcon.colcon_core.package_identification:_identify(src/bsw/system) by extensions ['ros']
[1.142s] Level 1:colcon.colcon_core.package_identification:_identify(src/bsw/system) by extension 'ros'
[1.142s] Level 1:colcon.colcon_core.package_identification:_identify(src/bsw/system) by extensions ['cmake', 'python']
[1.142s] Level 1:colcon.colcon_core.package_identification:_identify(src/bsw/system) by extension 'cmake'
[1.142s] Level 1:colcon.colcon_core.package_identification:_identify(src/bsw/system) by extension 'python'
[1.142s] Level 1:colcon.colcon_core.package_identification:_identify(src/bsw/system) by extensions ['python_setup_py']
[1.143s] Level 1:colcon.colcon_core.package_identification:_identify(src/bsw/system) by extension 'python_setup_py'
[1.143s] Level 1:colcon.colcon_core.package_identification:_identify(src/bsw/system/bridge) by extensions ['ignore', 'ignore_ament_install']
[1.143s] Level 1:colcon.colcon_core.package_identification:_identify(src/bsw/system/bridge) by extension 'ignore'
[1.143s] Level 1:colcon.colcon_core.package_identification:_identify(src/bsw/system/bridge) by extension 'ignore_ament_install'
[1.143s] Level 1:colcon.colcon_core.package_identification:_identify(src/bsw/system/bridge) by extensions ['colcon_pkg']
[1.144s] Level 1:colcon.colcon_core.package_identification:_identify(src/bsw/system/bridge) by extension 'colcon_pkg'
[1.144s] Level 1:colcon.colcon_core.package_identification:_identify(src/bsw/system/bridge) by extensions ['colcon_meta']
[1.144s] Level 1:colcon.colcon_core.package_identification:_identify(src/bsw/system/bridge) by extension 'colcon_meta'
[1.144s] Level 1:colcon.colcon_core.package_identification:_identify(src/bsw/system/bridge) by extensions ['ros']
[1.144s] Level 1:colcon.colcon_core.package_identification:_identify(src/bsw/system/bridge) by extension 'ros'
[1.144s] Level 1:colcon.colcon_core.package_identification:_identify(src/bsw/system/bridge) by extensions ['cmake', 'python']
[1.144s] Level 1:colcon.colcon_core.package_identification:_identify(src/bsw/system/bridge) by extension 'cmake'
[1.144s] Level 1:colcon.colcon_core.package_identification:_identify(src/bsw/system/bridge) by extension 'python'
[1.144s] Level 1:colcon.colcon_core.package_identification:_identify(src/bsw/system/bridge) by extensions ['python_setup_py']
[1.144s] Level 1:colcon.colcon_core.package_identification:_identify(src/bsw/system/bridge) by extension 'python_setup_py'
[1.145s] Level 1:colcon.colcon_core.package_identification:_identify(src/bsw/system/interface) by extensions ['ignore', 'ignore_ament_install']
[1.145s] Level 1:colcon.colcon_core.package_identification:_identify(src/bsw/system/interface) by extension 'ignore'
[1.145s] Level 1:colcon.colcon_core.package_identification:_identify(src/bsw/system/interface) by extension 'ignore_ament_install'
[1.145s] Level 1:colcon.colcon_core.package_identification:_identify(src/bsw/system/interface) by extensions ['colcon_pkg']
[1.145s] Level 1:colcon.colcon_core.package_identification:_identify(src/bsw/system/interface) by extension 'colcon_pkg'
[1.145s] Level 1:colcon.colcon_core.package_identification:_identify(src/bsw/system/interface) by extensions ['colcon_meta']
[1.145s] Level 1:colcon.colcon_core.package_identification:_identify(src/bsw/system/interface) by extension 'colcon_meta'
[1.145s] Level 1:colcon.colcon_core.package_identification:_identify(src/bsw/system/interface) by extensions ['ros']
[1.145s] Level 1:colcon.colcon_core.package_identification:_identify(src/bsw/system/interface) by extension 'ros'
[1.146s] Level 1:colcon.colcon_core.package_identification:_identify(src/bsw/system/interface) by extensions ['cmake', 'python']
[1.146s] Level 1:colcon.colcon_core.package_identification:_identify(src/bsw/system/interface) by extension 'cmake'
[1.146s] Level 1:colcon.colcon_core.package_identification:_identify(src/bsw/system/interface) by extension 'python'
[1.146s] Level 1:colcon.colcon_core.package_identification:_identify(src/bsw/system/interface) by extensions ['python_setup_py']
[1.146s] Level 1:colcon.colcon_core.package_identification:_identify(src/bsw/system/interface) by extension 'python_setup_py'
[1.146s] Level 1:colcon.colcon_core.package_identification:_identify(src/rte) by extensions ['ignore', 'ignore_ament_install']
[1.147s] Level 1:colcon.colcon_core.package_identification:_identify(src/rte) by extension 'ignore'
[1.147s] Level 1:colcon.colcon_core.package_identification:_identify(src/rte) by extension 'ignore_ament_install'
[1.147s] Level 1:colcon.colcon_core.package_identification:_identify(src/rte) by extensions ['colcon_pkg']
[1.147s] Level 1:colcon.colcon_core.package_identification:_identify(src/rte) by extension 'colcon_pkg'
[1.147s] Level 1:colcon.colcon_core.package_identification:_identify(src/rte) by extensions ['colcon_meta']
[1.147s] Level 1:colcon.colcon_core.package_identification:_identify(src/rte) by extension 'colcon_meta'
[1.147s] Level 1:colcon.colcon_core.package_identification:_identify(src/rte) by extensions ['ros']
[1.147s] Level 1:colcon.colcon_core.package_identification:_identify(src/rte) by extension 'ros'
[1.147s] Level 1:colcon.colcon_core.package_identification:_identify(src/rte) by extensions ['cmake', 'python']
[1.147s] Level 1:colcon.colcon_core.package_identification:_identify(src/rte) by extension 'cmake'
[1.147s] Level 1:colcon.colcon_core.package_identification:_identify(src/rte) by extension 'python'
[1.147s] Level 1:colcon.colcon_core.package_identification:_identify(src/rte) by extensions ['python_setup_py']
[1.147s] Level 1:colcon.colcon_core.package_identification:_identify(src/rte) by extension 'python_setup_py'
[1.148s] Level 1:colcon.colcon_core.package_identification:_identify(src/rte/msg) by extensions ['ignore', 'ignore_ament_install']
[1.148s] Level 1:colcon.colcon_core.package_identification:_identify(src/rte/msg) by extension 'ignore'
[1.148s] Level 1:colcon.colcon_core.package_identification:_identify(src/rte/msg) by extension 'ignore_ament_install'
[1.149s] Level 1:colcon.colcon_core.package_identification:_identify(src/rte/msg) by extensions ['colcon_pkg']
[1.149s] Level 1:colcon.colcon_core.package_identification:_identify(src/rte/msg) by extension 'colcon_pkg'
[1.149s] Level 1:colcon.colcon_core.package_identification:_identify(src/rte/msg) by extensions ['colcon_meta']
[1.149s] Level 1:colcon.colcon_core.package_identification:_identify(src/rte/msg) by extension 'colcon_meta'
[1.149s] Level 1:colcon.colcon_core.package_identification:_identify(src/rte/msg) by extensions ['ros']
[1.149s] Level 1:colcon.colcon_core.package_identification:_identify(src/rte/msg) by extension 'ros'
[1.149s] Level 1:colcon.colcon_core.package_identification:_identify(src/rte/msg) by extensions ['cmake', 'python']
[1.149s] Level 1:colcon.colcon_core.package_identification:_identify(src/rte/msg) by extension 'cmake'
[1.149s] Level 1:colcon.colcon_core.package_identification:_identify(src/rte/msg) by extension 'python'
[1.149s] Level 1:colcon.colcon_core.package_identification:_identify(src/rte/msg) by extensions ['python_setup_py']
[1.149s] Level 1:colcon.colcon_core.package_identification:_identify(src/rte/msg) by extension 'python_setup_py'
[1.150s] Level 1:colcon.colcon_core.package_identification:_identify(src/rte/msg/ad_msgs) by extensions ['ignore', 'ignore_ament_install']
[1.150s] Level 1:colcon.colcon_core.package_identification:_identify(src/rte/msg/ad_msgs) by extension 'ignore'
[1.150s] Level 1:colcon.colcon_core.package_identification:_identify(src/rte/msg/ad_msgs) by extension 'ignore_ament_install'
[1.150s] Level 1:colcon.colcon_core.package_identification:_identify(src/rte/msg/ad_msgs) by extensions ['colcon_pkg']
[1.151s] Level 1:colcon.colcon_core.package_identification:_identify(src/rte/msg/ad_msgs) by extension 'colcon_pkg'
[1.151s] Level 1:colcon.colcon_core.package_identification:_identify(src/rte/msg/ad_msgs) by extensions ['colcon_meta']
[1.151s] Level 1:colcon.colcon_core.package_identification:_identify(src/rte/msg/ad_msgs) by extension 'colcon_meta'
[1.151s] Level 1:colcon.colcon_core.package_identification:_identify(src/rte/msg/ad_msgs) by extensions ['ros']
[1.151s] Level 1:colcon.colcon_core.package_identification:_identify(src/rte/msg/ad_msgs) by extension 'ros'
[1.153s] DEBUG:colcon.colcon_core.package_identification:Package 'src/rte/msg/ad_msgs' with type 'ros.ament_cmake' and name 'ad_msgs'
[1.153s] Level 1:colcon.colcon_core.package_discovery:discover_packages(recursive) using defaults
[1.153s] Level 1:colcon.colcon_core.package_discovery:discover_packages(ignore) discover
[1.153s] Level 1:colcon.colcon_core.package_discovery:discover_packages(ignore) using defaults
[1.153s] Level 1:colcon.colcon_core.package_discovery:discover_packages(path) discover
[1.153s] Level 1:colcon.colcon_core.package_discovery:discover_packages(path) using defaults
[1.204s] Level 1:colcon.colcon_core.package_discovery:discover_packages(prefix_path) check parameters
[1.204s] Level 1:colcon.colcon_core.package_discovery:discover_packages(prefix_path) discover
[1.212s] DEBUG:colcon.colcon_installed_package_information.package_discovery:Found 272 installed packages in /opt/ros/humble
[1.213s] Level 1:colcon.colcon_core.package_discovery:discover_packages(prefix_path) using defaults
[1.289s] Level 5:colcon.colcon_core.verb:set package 'ad_msgs' build argument 'cmake_args' from command line to 'None'
[1.289s] Level 5:colcon.colcon_core.verb:set package 'ad_msgs' build argument 'cmake_target' from command line to 'None'
[1.289s] Level 5:colcon.colcon_core.verb:set package 'ad_msgs' build argument 'cmake_target_skip_unavailable' from command line to 'False'
[1.289s] Level 5:colcon.colcon_core.verb:set package 'ad_msgs' build argument 'cmake_clean_cache' from command line to 'False'
[1.289s] Level 5:colcon.colcon_core.verb:set package 'ad_msgs' build argument 'cmake_clean_first' from command line to 'False'
[1.289s] Level 5:colcon.colcon_core.verb:set package 'ad_msgs' build argument 'cmake_force_configure' from command line to 'False'
[1.290s] Level 5:colcon.colcon_core.verb:set package 'ad_msgs' build argument 'ament_cmake_args' from command line to 'None'
[1.290s] Level 5:colcon.colcon_core.verb:set package 'ad_msgs' build argument 'catkin_cmake_args' from command line to 'None'
[1.290s] Level 5:colcon.colcon_core.verb:set package 'ad_msgs' build argument 'catkin_skip_building_tests' from command line to 'False'
[1.290s] DEBUG:colcon.colcon_core.verb:Building package 'ad_msgs' with the following arguments: {'ament_cmake_args': None, 'build_base': '/home/jeongwoo/Automotive_software_final/build/ad_msgs', 'catkin_cmake_args': None, 'catkin_skip_building_tests': False, 'cmake_args': None, 'cmake_clean_cache': False, 'cmake_clean_first': False, 'cmake_force_configure': False, 'cmake_target': None, 'cmake_target_skip_unavailable': False, 'install_base': '/home/jeongwoo/Automotive_software_final/install/ad_msgs', 'merge_install': False, 'path': '/home/jeongwoo/Automotive_software_final/src/rte/msg/ad_msgs', 'symlink_install': False, 'test_result_base': None}
[1.291s] Level 5:colcon.colcon_core.verb:set package 'autonomous_driving' build argument 'cmake_args' from command line to 'None'
[1.291s] Level 5:colcon.colcon_core.verb:set package 'autonomous_driving' build argument 'cmake_target' from command line to 'None'
[1.291s] Level 5:colcon.colcon_core.verb:set package 'autonomous_driving' build argument 'cmake_target_skip_unavailable' from command line to 'False'
[1.291s] Level 5:colcon.colcon_core.verb:set package 'autonomous_driving' build argument 'cmake_clean_cache' from command line to 'False'
[1.291s] Level 5:colcon.colcon_core.verb:set package 'autonomous_driving' build argument 'cmake_clean_first' from command line to 'False'
[1.291s] Level 5:colcon.colcon_core.verb:set package 'autonomous_driving' build argument 'cmake_force_configure' from command line to 'False'
[1.291s] Level 5:colcon.colcon_core.verb:set package 'autonomous_driving' build argument 'ament_cmake_args' from command line to 'None'
[1.291s] Level 5:colcon.colcon_core.verb:set package 'autonomous_driving' build argument 'catkin_cmake_args' from command line to 'None'
[1.291s] Level 5:colcon.colcon_core.verb:set package 'autonomous_driving' build argument 'catkin_skip_building_tests' from command line to 'False'
[1.291s] DEBUG:colcon.colcon_core.verb:Building package 'autonomous_driving' with the following arguments: {'ament_cmake_args': None, 'build_base': '/home/jeongwoo/Automotive_software_final/build/autonomous_driving', 'catkin_cmake_args': None, 'catkin_skip_building_tests': False, 'cmake_args': None, 'cmake_clean_cache': False, 'cmake_clean_first': False, 'cmake_force_configure': False, 'cmake_target': None, 'cmake_target_skip_unavailable': False, 'install_base': '/home/jeongwoo/Automotive_software_final/install/autonomous_driving', 'merge_install': False, 'path': '/home/jeongwoo/Automotive_software_final/src/app/autonomous_driving', 'symlink_install': False, 'test_result_base': None}
[1.293s] Level 5:colcon.colcon_core.verb:set package 'evaluation' build argument 'cmake_args' from command line to 'None'
[1.293s] Level 5:colcon.colcon_core.verb:set package 'evaluation' build argument 'cmake_target' from command line to 'None'
[1.293s] Level 5:colcon.colcon_core.verb:set package 'evaluation' build argument 'cmake_target_skip_unavailable' from command line to 'False'
[1.293s] Level 5:colcon.colcon_core.verb:set package 'evaluation' build argument 'cmake_clean_cache' from command line to 'False'
[1.293s] Level 5:colcon.colcon_core.verb:set package 'evaluation' build argument 'cmake_clean_first' from command line to 'False'
[1.293s] Level 5:colcon.colcon_core.verb:set package 'evaluation' build argument 'cmake_force_configure' from command line to 'False'
[1.293s] Level 5:colcon.colcon_core.verb:set package 'evaluation' build argument 'ament_cmake_args' from command line to 'None'
[1.293s] Level 5:colcon.colcon_core.verb:set package 'evaluation' build argument 'catkin_cmake_args' from command line to 'None'
[1.293s] Level 5:colcon.colcon_core.verb:set package 'evaluation' build argument 'catkin_skip_building_tests' from command line to 'False'
[1.293s] DEBUG:colcon.colcon_core.verb:Building package 'evaluation' with the following arguments: {'ament_cmake_args': None, 'build_base': '/home/jeongwoo/Automotive_software_final/build/evaluation', 'catkin_cmake_args': None, 'catkin_skip_building_tests': False, 'cmake_args': None, 'cmake_clean_cache': False, 'cmake_clean_first': False, 'cmake_force_configure': False, 'cmake_target': None, 'cmake_target_skip_unavailable': False, 'install_base': '/home/jeongwoo/Automotive_software_final/install/evaluation', 'merge_install': False, 'path': '/home/jeongwoo/Automotive_software_final/src/app/evaluation', 'symlink_install': False, 'test_result_base': None}
[1.294s] Level 5:colcon.colcon_core.verb:set package 'mission_manager' build argument 'cmake_args' from command line to 'None'
[1.294s] Level 5:colcon.colcon_core.verb:set package 'mission_manager' build argument 'cmake_target' from command line to 'None'
[1.294s] Level 5:colcon.colcon_core.verb:set package 'mission_manager' build argument 'cmake_target_skip_unavailable' from command line to 'False'
[1.294s] Level 5:colcon.colcon_core.verb:set package 'mission_manager' build argument 'cmake_clean_cache' from command line to 'False'
[1.294s] Level 5:colcon.colcon_core.verb:set package 'mission_manager' build argument 'cmake_clean_first' from command line to 'False'
[1.294s] Level 5:colcon.colcon_core.verb:set package 'mission_manager' build argument 'cmake_force_configure' from command line to 'False'
[1.294s] Level 5:colcon.colcon_core.verb:set package 'mission_manager' build argument 'ament_cmake_args' from command line to 'None'
[1.295s] Level 5:colcon.colcon_core.verb:set package 'mission_manager' build argument 'catkin_cmake_args' from command line to 'None'
[1.295s] Level 5:colcon.colcon_core.verb:set package 'mission_manager' build argument 'catkin_skip_building_tests' from command line to 'False'
[1.295s] DEBUG:colcon.colcon_core.verb:Building package 'mission_manager' with the following arguments: {'ament_cmake_args': None, 'build_base': '/home/jeongwoo/Automotive_software_final/build/mission_manager', 'catkin_cmake_args': None, 'catkin_skip_building_tests': False, 'cmake_args': None, 'cmake_clean_cache': False, 'cmake_clean_first': False, 'cmake_force_configure': False, 'cmake_target': None, 'cmake_target_skip_unavailable': False, 'install_base': '/home/jeongwoo/Automotive_software_final/install/mission_manager', 'merge_install': False, 'path': '/home/jeongwoo/Automotive_software_final/src/app/mission_manager', 'symlink_install': False, 'test_result_base': None}
[1.295s] Level 5:colcon.colcon_core.verb:set package 'simulator' build argument 'cmake_args' from command line to 'None'
[1.295s] Level 5:colcon.colcon_core.verb:set package 'simulator' build argument 'cmake_target' from command line to 'None'
[1.295s] Level 5:colcon.colcon_core.verb:set package 'simulator' build argument 'cmake_target_skip_unavailable' from command line to 'False'
[1.295s] Level 5:colcon.colcon_core.verb:set package 'simulator' build argument 'cmake_clean_cache' from command line to 'False'
[1.296s] Level 5:colcon.colcon_core.verb:set package 'simulator' build argument 'cmake_clean_first' from command line to 'False'
[1.296s] Level 5:colcon.colcon_core.verb:set package 'simulator' build argument 'cmake_force_configure' from command line to 'False'
[1.296s] Level 5:colcon.colcon_core.verb:set package 'simulator' build argument 'ament_cmake_args' from command line to 'None'
[1.296s] Level 5:colcon.colcon_core.verb:set package 'simulator' build argument 'catkin_cmake_args' from command line to 'None'
[1.296s] Level 5:colcon.colcon_core.verb:set package 'simulator' build argument 'catkin_skip_building_tests' from command line to 'False'
[1.296s] DEBUG:colcon.colcon_core.verb:Building package 'simulator' with the following arguments: {'ament_cmake_args': None, 'build_base': '/home/jeongwoo/Automotive_software_final/build/simulator', 'catkin_cmake_args': None, 'catkin_skip_building_tests': False, 'cmake_args': None, 'cmake_clean_cache': False, 'cmake_clean_first': False, 'cmake_force_configure': False, 'cmake_target': None, 'cmake_target_skip_unavailable': False, 'install_base': '/home/jeongwoo/Automotive_software_final/install/simulator', 'merge_install': False, 'path': '/home/jeongwoo/Automotive_software_final/src/app/simulator', 'symlink_install': False, 'test_result_base': None}
[1.296s] INFO:colcon.colcon_core.executor:Executing jobs using 'parallel' executor
[1.298s] DEBUG:colcon.colcon_parallel_executor.executor.parallel:run_until_complete
[1.298s] INFO:colcon.colcon_ros.task.ament_cmake.build:Building ROS package in '/home/jeongwoo/Automotive_software_final/src/rte/msg/ad_msgs' with build type 'ament_cmake'
[1.299s] INFO:colcon.colcon_cmake.task.cmake.build:Building CMake package in '/home/jeongwoo/Automotive_software_final/src/rte/msg/ad_msgs'
[1.313s] INFO:colcon.colcon_core.plugin_system:Skipping extension 'colcon_core.shell.bat': Not used on non-Windows systems
[1.313s] INFO:colcon.colcon_core.shell:Skip shell extension 'powershell' for command environment: Not usable outside of PowerShell
[1.313s] DEBUG:colcon.colcon_core.shell:Skip shell extension 'dsv' for command environment
[1.371s] DEBUG:colcon.colcon_core.event_handler.log_command:Invoking command in '/home/jeongwoo/Automotive_software_final/build/ad_msgs': CMAKE_PREFIX_PATH=/opt/ros/humble /usr/bin/cmake --build /home/jeongwoo/Automotive_software_final/build/ad_msgs -- -j8 -l8
[2.321s] DEBUG:colcon.colcon_core.event_handler.log_command:Invoked command in '/home/jeongwoo/Automotive_software_final/build/ad_msgs' returned '0': CMAKE_PREFIX_PATH=/opt/ros/humble /usr/bin/cmake --build /home/jeongwoo/Automotive_software_final/build/ad_msgs -- -j8 -l8
[2.885s] DEBUG:colcon.colcon_core.event_handler.log_command:Invoking command in '/home/jeongwoo/Automotive_software_final/build/ad_msgs': CMAKE_PREFIX_PATH=/opt/ros/humble /usr/bin/cmake --install /home/jeongwoo/Automotive_software_final/build/ad_msgs
[3.263s] Level 1:colcon.colcon_core.environment:create_environment_scripts_only(ad_msgs)
[3.265s] DEBUG:colcon.colcon_core.event_handler.log_command:Invoked command in '/home/jeongwoo/Automotive_software_final/build/ad_msgs' returned '0': CMAKE_PREFIX_PATH=/opt/ros/humble /usr/bin/cmake --install /home/jeongwoo/Automotive_software_final/build/ad_msgs
[3.301s] Level 1:colcon.colcon_core.environment:checking '/home/jeongwoo/Automotive_software_final/install/ad_msgs' for CMake module files
[3.303s] Level 1:colcon.colcon_core.environment:checking '/home/jeongwoo/Automotive_software_final/install/ad_msgs' for CMake config files
[3.307s] Level 1:colcon.colcon_core.shell:create_environment_hook('ad_msgs', 'cmake_prefix_path')
[3.308s] INFO:colcon.colcon_core.shell:Creating environment hook '/home/jeongwoo/Automotive_software_final/install/ad_msgs/share/ad_msgs/hook/cmake_prefix_path.ps1'
[3.314s] INFO:colcon.colcon_core.shell:Creating environment descriptor '/home/jeongwoo/Automotive_software_final/install/ad_msgs/share/ad_msgs/hook/cmake_prefix_path.dsv'
[3.320s] INFO:colcon.colcon_core.shell:Creating environment hook '/home/jeongwoo/Automotive_software_final/install/ad_msgs/share/ad_msgs/hook/cmake_prefix_path.sh'
[3.324s] Level 1:colcon.colcon_core.environment:checking '/home/jeongwoo/Automotive_software_final/install/ad_msgs/lib'
[3.325s] Level 1:colcon.colcon_core.shell:create_environment_hook('ad_msgs', 'ld_library_path_lib')
[3.326s] INFO:colcon.colcon_core.shell:Creating environment hook '/home/jeongwoo/Automotive_software_final/install/ad_msgs/share/ad_msgs/hook/ld_library_path_lib.ps1'
[3.327s] INFO:colcon.colcon_core.shell:Creating environment descriptor '/home/jeongwoo/Automotive_software_final/install/ad_msgs/share/ad_msgs/hook/ld_library_path_lib.dsv'
[3.330s] INFO:colcon.colcon_core.shell:Creating environment hook '/home/jeongwoo/Automotive_software_final/install/ad_msgs/share/ad_msgs/hook/ld_library_path_lib.sh'
[3.335s] Level 1:colcon.colcon_core.environment:checking '/home/jeongwoo/Automotive_software_final/install/ad_msgs/bin'
[3.336s] Level 1:colcon.colcon_core.environment:checking '/home/jeongwoo/Automotive_software_final/install/ad_msgs/lib/pkgconfig/ad_msgs.pc'
[3.336s] Level 1:colcon.colcon_core.environment:checking '/home/jeongwoo/Automotive_software_final/install/ad_msgs/lib/python3.10/site-packages'
[3.337s] Level 1:colcon.colcon_core.environment:checking '/home/jeongwoo/Automotive_software_final/install/ad_msgs/bin'
[3.338s] INFO:colcon.colcon_core.shell:Creating package script '/home/jeongwoo/Automotive_software_final/install/ad_msgs/share/ad_msgs/package.ps1'
[3.341s] INFO:colcon.colcon_core.shell:Creating package descriptor '/home/jeongwoo/Automotive_software_final/install/ad_msgs/share/ad_msgs/package.dsv'
[3.346s] INFO:colcon.colcon_core.shell:Creating package script '/home/jeongwoo/Automotive_software_final/install/ad_msgs/share/ad_msgs/package.sh'
[3.350s] INFO:colcon.colcon_core.shell:Creating package script '/home/jeongwoo/Automotive_software_final/install/ad_msgs/share/ad_msgs/package.bash'
[3.359s] INFO:colcon.colcon_core.shell:Creating package script '/home/jeongwoo/Automotive_software_final/install/ad_msgs/share/ad_msgs/package.zsh'
[3.372s] Level 1:colcon.colcon_core.environment:create_file_with_runtime_dependencies(/home/jeongwoo/Automotive_software_final/install/ad_msgs/share/colcon-core/packages/ad_msgs)
[4.193s] Level 1:colcon.colcon_core.environment:create_environment_scripts_only(ad_msgs)
[4.194s] Level 1:colcon.colcon_core.environment:checking '/home/jeongwoo/Automotive_software_final/install/ad_msgs' for CMake module files
[4.195s] Level 1:colcon.colcon_core.environment:checking '/home/jeongwoo/Automotive_software_final/install/ad_msgs' for CMake config files
[4.197s] Level 1:colcon.colcon_core.shell:create_environment_hook('ad_msgs', 'cmake_prefix_path')
[4.198s] INFO:colcon.colcon_core.shell:Creating environment hook '/home/jeongwoo/Automotive_software_final/install/ad_msgs/share/ad_msgs/hook/cmake_prefix_path.ps1'
[4.199s] INFO:colcon.colcon_core.shell:Creating environment descriptor '/home/jeongwoo/Automotive_software_final/install/ad_msgs/share/ad_msgs/hook/cmake_prefix_path.dsv'
[4.200s] INFO:colcon.colcon_core.shell:Creating environment hook '/home/jeongwoo/Automotive_software_final/install/ad_msgs/share/ad_msgs/hook/cmake_prefix_path.sh'
[4.210s] Level 1:colcon.colcon_core.environment:checking '/home/jeongwoo/Automotive_software_final/install/ad_msgs/lib'
[4.210s] Level 1:colcon.colcon_core.shell:create_environment_hook('ad_msgs', 'ld_library_path_lib')
[4.211s] INFO:colcon.colcon_core.shell:Creating environment hook '/home/jeongwoo/Automotive_software_final/install/ad_msgs/share/ad_msgs/hook/ld_library_path_lib.ps1'
[4.212s] INFO:colcon.colcon_core.shell:Creating environment descriptor '/home/jeongwoo/Automotive_software_final/install/ad_msgs/share/ad_msgs/hook/ld_library_path_lib.dsv'
[4.213s] INFO:colcon.colcon_core.shell:Creating environment hook '/home/jeongwoo/Automotive_software_final/install/ad_msgs/share/ad_msgs/hook/ld_library_path_lib.sh'
[4.213s] Level 1:colcon.colcon_core.environment:checking '/home/jeongwoo/Automotive_software_final/install/ad_msgs/bin'
[4.214s] Level 1:colcon.colcon_core.environment:checking '/home/jeongwoo/Automotive_software_final/install/ad_msgs/lib/pkgconfig/ad_msgs.pc'
[4.214s] Level 1:colcon.colcon_core.environment:checking '/home/jeongwoo/Automotive_software_final/install/ad_msgs/lib/python3.10/site-packages'
[4.215s] Level 1:colcon.colcon_core.environment:checking '/home/jeongwoo/Automotive_software_final/install/ad_msgs/bin'
[4.216s] INFO:colcon.colcon_core.shell:Creating package script '/home/jeongwoo/Automotive_software_final/install/ad_msgs/share/ad_msgs/package.ps1'
[4.228s] INFO:colcon.colcon_core.shell:Creating package descriptor '/home/jeongwoo/Automotive_software_final/install/ad_msgs/share/ad_msgs/package.dsv'
[4.230s] INFO:colcon.colcon_core.shell:Creating package script '/home/jeongwoo/Automotive_software_final/install/ad_msgs/share/ad_msgs/package.sh'
[4.231s] INFO:colcon.colcon_core.shell:Creating package script '/home/jeongwoo/Automotive_software_final/install/ad_msgs/share/ad_msgs/package.bash'
[4.232s] INFO:colcon.colcon_core.shell:Creating package script '/home/jeongwoo/Automotive_software_final/install/ad_msgs/share/ad_msgs/package.zsh'
[4.233s] Level 1:colcon.colcon_core.environment:create_file_with_runtime_dependencies(/home/jeongwoo/Automotive_software_final/install/ad_msgs/share/colcon-core/packages/ad_msgs)
[4.243s] INFO:colcon.colcon_ros.task.ament_cmake.build:Building ROS package in '/home/jeongwoo/Automotive_software_final/src/app/autonomous_driving' with build type 'ament_cmake'
[4.243s] INFO:colcon.colcon_cmake.task.cmake.build:Building CMake package in '/home/jeongwoo/Automotive_software_final/src/app/autonomous_driving'
[4.244s] INFO:colcon.colcon_core.shell:Skip shell extension 'powershell' for command environment: Not usable outside of PowerShell
[4.245s] DEBUG:colcon.colcon_core.shell:Skip shell extension 'dsv' for command environment
[4.263s] INFO:colcon.colcon_ros.task.ament_cmake.build:Building ROS package in '/home/jeongwoo/Automotive_software_final/src/app/evaluation' with build type 'ament_cmake'
[4.263s] INFO:colcon.colcon_cmake.task.cmake.build:Building CMake package in '/home/jeongwoo/Automotive_software_final/src/app/evaluation'
[4.264s] INFO:colcon.colcon_core.shell:Skip shell extension 'powershell' for command environment: Not usable outside of PowerShell
[4.264s] DEBUG:colcon.colcon_core.shell:Skip shell extension 'dsv' for command environment
[4.279s] INFO:colcon.colcon_ros.task.ament_cmake.build:Building ROS package in '/home/jeongwoo/Automotive_software_final/src/app/mission_manager' with build type 'ament_cmake'
[4.279s] INFO:colcon.colcon_cmake.task.cmake.build:Building CMake package in '/home/jeongwoo/Automotive_software_final/src/app/mission_manager'
[4.280s] INFO:colcon.colcon_core.shell:Skip shell extension 'powershell' for command environment: Not usable outside of PowerShell
[4.281s] DEBUG:colcon.colcon_core.shell:Skip shell extension 'dsv' for command environment
[4.295s] INFO:colcon.colcon_ros.task.ament_cmake.build:Building ROS package in '/home/jeongwoo/Automotive_software_final/src/app/simulator' with build type 'ament_cmake'
[4.296s] INFO:colcon.colcon_cmake.task.cmake.build:Building CMake package in '/home/jeongwoo/Automotive_software_final/src/app/simulator'
[4.297s] INFO:colcon.colcon_core.shell:Skip shell extension 'powershell' for command environment: Not usable outside of PowerShell
[4.297s] DEBUG:colcon.colcon_core.shell:Skip shell extension 'dsv' for command environment
[4.505s] DEBUG:colcon.colcon_core.event_handler.log_command:Invoking command in '/home/jeongwoo/Automotive_software_final/build/simulator': AMENT_PREFIX_PATH=/home/jeongwoo/Automotive_software_final/install/ad_msgs:${AMENT_PREFIX_PATH} CMAKE_PREFIX_PATH=/home/jeongwoo/Automotive_software_final/install/ad_msgs:/opt/ros/humble LD_LIBRARY_PATH=/home/jeongwoo/Automotive_software_final/install/ad_msgs/lib:${LD_LIBRARY_PATH} PYTHONPATH=/home/jeongwoo/Automotive_software_final/install/ad_msgs/local/lib/python3.10/dist-packages:${PYTHONPATH} /usr/bin/cmake --build /home/jeongwoo/Automotive_software_final/build/simulator -- -j8 -l8
[4.517s] DEBUG:colcon.colcon_core.event_handler.log_command:Invoking command in '/home/jeongwoo/Automotive_software_final/build/autonomous_driving': AMENT_PREFIX_PATH=/home/jeongwoo/Automotive_software_final/install/ad_msgs:${AMENT_PREFIX_PATH} CMAKE_PREFIX_PATH=/home/jeongwoo/Automotive_software_final/install/ad_msgs:/opt/ros/humble LD_LIBRARY_PATH=/home/jeongwoo/Automotive_software_final/install/ad_msgs/lib:${LD_LIBRARY_PATH} PYTHONPATH=/home/jeongwoo/Automotive_software_final/install/ad_msgs/local/lib/python3.10/dist-packages:${PYTHONPATH} /usr/bin/cmake --build /home/jeongwoo/Automotive_software_final/build/autonomous_driving -- -j8 -l8
[4.533s] DEBUG:colcon.colcon_core.event_handler.log_command:Invoking command in '/home/jeongwoo/Automotive_software_final/build/evaluation': AMENT_PREFIX_PATH=/home/jeongwoo/Automotive_software_final/install/ad_msgs:${AMENT_PREFIX_PATH} CMAKE_PREFIX_PATH=/home/jeongwoo/Automotive_software_final/install/ad_msgs:/opt/ros/humble LD_LIBRARY_PATH=/home/jeongwoo/Automotive_software_final/install/ad_msgs/lib:${LD_LIBRARY_PATH} PYTHONPATH=/home/jeongwoo/Automotive_software_final/install/ad_msgs/local/lib/python3.10/dist-packages:${PYTHONPATH} /usr/bin/cmake --build /home/jeongwoo/Automotive_software_final/build/evaluation -- -j8 -l8
[4.576s] DEBUG:colcon.colcon_core.event_handler.log_command:Invoking command in '/home/jeongwoo/Automotive_software_final/build/mission_manager': AMENT_PREFIX_PATH=/home/jeongwoo/Automotive_software_final/install/ad_msgs:${AMENT_PREFIX_PATH} CMAKE_PREFIX_PATH=/home/jeongwoo/Automotive_software_final/install/ad_msgs:/opt/ros/humble LD_LIBRARY_PATH=/home/jeongwoo/Automotive_software_final/install/ad_msgs/lib:${LD_LIBRARY_PATH} PYTHONPATH=/home/jeongwoo/Automotive_software_final/install/ad_msgs/local/lib/python3.10/dist-packages:${PYTHONPATH} /usr/bin/cmake --build /home/jeongwoo/Automotive_software_final/build/mission_manager -- -j8 -l8
[5.007s] DEBUG:colcon.colcon_core.event_handler.log_command:Invoked command in '/home/jeongwoo/Automotive_software_final/build/autonomous_driving' returned '0': AMENT_PREFIX_PATH=/home/jeongwoo/Automotive_software_final/install/ad_msgs:${AMENT_PREFIX_PATH} CMAKE_PREFIX_PATH=/home/jeongwoo/Automotive_software_final/install/ad_msgs:/opt/ros/humble LD_LIBRARY_PATH=/home/jeongwoo/Automotive_software_final/install/ad_msgs/lib:${LD_LIBRARY_PATH} PYTHONPATH=/home/jeongwoo/Automotive_software_final/install/ad_msgs/local/lib/python3.10/dist-packages:${PYTHONPATH} /usr/bin/cmake --build /home/jeongwoo/Automotive_software_final/build/autonomous_driving -- -j8 -l8
[5.013s] DEBUG:colcon.colcon_core.event_handler.log_command:Invoked command in '/home/jeongwoo/Automotive_software_final/build/evaluation' returned '0': AMENT_PREFIX_PATH=/home/jeongwoo/Automotive_software_final/install/ad_msgs:${AMENT_PREFIX_PATH} CMAKE_PREFIX_PATH=/home/jeongwoo/Automotive_software_final/install/ad_msgs:/opt/ros/humble LD_LIBRARY_PATH=/home/jeongwoo/Automotive_software_final/install/ad_msgs/lib:${LD_LIBRARY_PATH} PYTHONPATH=/home/jeongwoo/Automotive_software_final/install/ad_msgs/local/lib/python3.10/dist-packages:${PYTHONPATH} /usr/bin/cmake --build /home/jeongwoo/Automotive_software_final/build/evaluation -- -j8 -l8
[5.018s] DEBUG:colcon.colcon_core.event_handler.log_command:Invoked command in '/home/jeongwoo/Automotive_software_final/build/mission_manager' returned '0': AMENT_PREFIX_PATH=/home/jeongwoo/Automotive_software_final/install/ad_msgs:${AMENT_PREFIX_PATH} CMAKE_PREFIX_PATH=/home/jeongwoo/Automotive_software_final/install/ad_msgs:/opt/ros/humble LD_LIBRARY_PATH=/home/jeongwoo/Automotive_software_final/install/ad_msgs/lib:${LD_LIBRARY_PATH} PYTHONPATH=/home/jeongwoo/Automotive_software_final/install/ad_msgs/local/lib/python3.10/dist-packages:${PYTHONPATH} /usr/bin/cmake --build /home/jeongwoo/Automotive_software_final/build/mission_manager -- -j8 -l8
[5.032s] DEBUG:colcon.colcon_core.event_handler.log_command:Invoked command in '/home/jeongwoo/Automotive_software_final/build/simulator' returned '0': AMENT_PREFIX_PATH=/home/jeongwoo/Automotive_software_final/install/ad_msgs:${AMENT_PREFIX_PATH} CMAKE_PREFIX_PATH=/home/jeongwoo/Automotive_software_final/install/ad_msgs:/opt/ros/humble LD_LIBRARY_PATH=/home/jeongwoo/Automotive_software_final/install/ad_msgs/lib:${LD_LIBRARY_PATH} PYTHONPATH=/home/jeongwoo/Automotive_software_final/install/ad_msgs/local/lib/python3.10/dist-packages:${PYTHONPATH} /usr/bin/cmake --build /home/jeongwoo/Automotive_software_final/build/simulator -- -j8 -l8
[5.146s] DEBUG:colcon.colcon_core.event_handler.log_command:Invoking command in '/home/jeongwoo/Automotive_software_final/build/evaluation': AMENT_PREFIX_PATH=/home/jeongwoo/Automotive_software_final/install/ad_msgs:${AMENT_PREFIX_PATH} CMAKE_PREFIX_PATH=/home/jeongwoo/Automotive_software_final/install/ad_msgs:/opt/ros/humble LD_LIBRARY_PATH=/home/jeongwoo/Automotive_software_final/install/ad_msgs/lib:${LD_LIBRARY_PATH} PYTHONPATH=/home/jeongwoo/Automotive_software_final/install/ad_msgs/local/lib/python3.10/dist-packages:${PYTHONPATH} /usr/bin/cmake --install /home/jeongwoo/Automotive_software_final/build/evaluation
[5.158s] DEBUG:colcon.colcon_core.event_handler.log_command:Invoking command in '/home/jeongwoo/Automotive_software_final/build/autonomous_driving': AMENT_PREFIX_PATH=/home/jeongwoo/Automotive_software_final/install/ad_msgs:${AMENT_PREFIX_PATH} CMAKE_PREFIX_PATH=/home/jeongwoo/Automotive_software_final/install/ad_msgs:/opt/ros/humble LD_LIBRARY_PATH=/home/jeongwoo/Automotive_software_final/install/ad_msgs/lib:${LD_LIBRARY_PATH} PYTHONPATH=/home/jeongwoo/Automotive_software_final/install/ad_msgs/local/lib/python3.10/dist-packages:${PYTHONPATH} /usr/bin/cmake --install /home/jeongwoo/Automotive_software_final/build/autonomous_driving
[5.167s] DEBUG:colcon.colcon_core.event_handler.log_command:Invoking command in '/home/jeongwoo/Automotive_software_final/build/simulator': AMENT_PREFIX_PATH=/home/jeongwoo/Automotive_software_final/install/ad_msgs:${AMENT_PREFIX_PATH} CMAKE_PREFIX_PATH=/home/jeongwoo/Automotive_software_final/install/ad_msgs:/opt/ros/humble LD_LIBRARY_PATH=/home/jeongwoo/Automotive_software_final/install/ad_msgs/lib:${LD_LIBRARY_PATH} PYTHONPATH=/home/jeongwoo/Automotive_software_final/install/ad_msgs/local/lib/python3.10/dist-packages:${PYTHONPATH} /usr/bin/cmake --install /home/jeongwoo/Automotive_software_final/build/simulator
[5.182s] DEBUG:colcon.colcon_core.event_handler.log_command:Invoking command in '/home/jeongwoo/Automotive_software_final/build/mission_manager': AMENT_PREFIX_PATH=/home/jeongwoo/Automotive_software_final/install/ad_msgs:${AMENT_PREFIX_PATH} CMAKE_PREFIX_PATH=/home/jeongwoo/Automotive_software_final/install/ad_msgs:/opt/ros/humble LD_LIBRARY_PATH=/home/jeongwoo/Automotive_software_final/install/ad_msgs/lib:${LD_LIBRARY_PATH} PYTHONPATH=/home/jeongwoo/Automotive_software_final/install/ad_msgs/local/lib/python3.10/dist-packages:${PYTHONPATH} /usr/bin/cmake --install /home/jeongwoo/Automotive_software_final/build/mission_manager
[5.229s] Level 1:colcon.colcon_core.environment:create_environment_scripts_only(evaluation)
[5.230s] Level 1:colcon.colcon_core.environment:checking '/home/jeongwoo/Automotive_software_final/install/evaluation' for CMake module files
[5.237s] Level 1:colcon.colcon_core.environment:checking '/home/jeongwoo/Automotive_software_final/install/evaluation' for CMake config files
[5.245s] DEBUG:colcon.colcon_core.event_handler.log_command:Invoked command in '/home/jeongwoo/Automotive_software_final/build/evaluation' returned '0': AMENT_PREFIX_PATH=/home/jeongwoo/Automotive_software_final/install/ad_msgs:${AMENT_PREFIX_PATH} CMAKE_PREFIX_PATH=/home/jeongwoo/Automotive_software_final/install/ad_msgs:/opt/ros/humble LD_LIBRARY_PATH=/home/jeongwoo/Automotive_software_final/install/ad_msgs/lib:${LD_LIBRARY_PATH} PYTHONPATH=/home/jeongwoo/Automotive_software_final/install/ad_msgs/local/lib/python3.10/dist-packages:${PYTHONPATH} /usr/bin/cmake --install /home/jeongwoo/Automotive_software_final/build/evaluation
[5.248s] Level 1:colcon.colcon_core.shell:create_environment_hook('evaluation', 'cmake_prefix_path')
[5.249s] INFO:colcon.colcon_core.shell:Creating environment hook '/home/jeongwoo/Automotive_software_final/install/evaluation/share/evaluation/hook/cmake_prefix_path.ps1'
[5.253s] INFO:colcon.colcon_core.shell:Creating environment descriptor '/home/jeongwoo/Automotive_software_final/install/evaluation/share/evaluation/hook/cmake_prefix_path.dsv'
[5.254s] INFO:colcon.colcon_core.shell:Creating environment hook '/home/jeongwoo/Automotive_software_final/install/evaluation/share/evaluation/hook/cmake_prefix_path.sh'
[5.256s] Level 1:colcon.colcon_core.environment:checking '/home/jeongwoo/Automotive_software_final/install/evaluation/lib'
[5.256s] Level 1:colcon.colcon_core.environment:checking '/home/jeongwoo/Automotive_software_final/install/evaluation/bin'
[5.256s] Level 1:colcon.colcon_core.environment:checking '/home/jeongwoo/Automotive_software_final/install/evaluation/lib/pkgconfig/evaluation.pc'
[5.257s] Level 1:colcon.colcon_core.environment:checking '/home/jeongwoo/Automotive_software_final/install/evaluation/lib/python3.10/site-packages'
[5.258s] Level 1:colcon.colcon_core.environment:checking '/home/jeongwoo/Automotive_software_final/install/evaluation/bin'
[5.258s] INFO:colcon.colcon_core.shell:Creating package script '/home/jeongwoo/Automotive_software_final/install/evaluation/share/evaluation/package.ps1'
[5.264s] INFO:colcon.colcon_core.shell:Creating package descriptor '/home/jeongwoo/Automotive_software_final/install/evaluation/share/evaluation/package.dsv'
[5.269s] INFO:colcon.colcon_core.shell:Creating package script '/home/jeongwoo/Automotive_software_final/install/evaluation/share/evaluation/package.sh'
[5.271s] INFO:colcon.colcon_core.shell:Creating package script '/home/jeongwoo/Automotive_software_final/install/evaluation/share/evaluation/package.bash'
[5.272s] INFO:colcon.colcon_core.shell:Creating package script '/home/jeongwoo/Automotive_software_final/install/evaluation/share/evaluation/package.zsh'
[5.273s] Level 1:colcon.colcon_core.environment:create_file_with_runtime_dependencies(/home/jeongwoo/Automotive_software_final/install/evaluation/share/colcon-core/packages/evaluation)
[5.289s] Level 1:colcon.colcon_core.environment:create_environment_scripts_only(mission_manager)
[5.290s] Level 1:colcon.colcon_core.environment:checking '/home/jeongwoo/Automotive_software_final/install/mission_manager' for CMake module files
[5.292s] DEBUG:colcon.colcon_core.event_handler.log_command:Invoked command in '/home/jeongwoo/Automotive_software_final/build/mission_manager' returned '0': AMENT_PREFIX_PATH=/home/jeongwoo/Automotive_software_final/install/ad_msgs:${AMENT_PREFIX_PATH} CMAKE_PREFIX_PATH=/home/jeongwoo/Automotive_software_final/install/ad_msgs:/opt/ros/humble LD_LIBRARY_PATH=/home/jeongwoo/Automotive_software_final/install/ad_msgs/lib:${LD_LIBRARY_PATH} PYTHONPATH=/home/jeongwoo/Automotive_software_final/install/ad_msgs/local/lib/python3.10/dist-packages:${PYTHONPATH} /usr/bin/cmake --install /home/jeongwoo/Automotive_software_final/build/mission_manager
[5.295s] Level 1:colcon.colcon_core.environment:checking '/home/jeongwoo/Automotive_software_final/install/mission_manager' for CMake config files
[5.296s] Level 1:colcon.colcon_core.shell:create_environment_hook('mission_manager', 'cmake_prefix_path')
[5.296s] INFO:colcon.colcon_core.shell:Creating environment hook '/home/jeongwoo/Automotive_software_final/install/mission_manager/share/mission_manager/hook/cmake_prefix_path.ps1'
[5.297s] INFO:colcon.colcon_core.shell:Creating environment descriptor '/home/jeongwoo/Automotive_software_final/install/mission_manager/share/mission_manager/hook/cmake_prefix_path.dsv'
[5.298s] INFO:colcon.colcon_core.shell:Creating environment hook '/home/jeongwoo/Automotive_software_final/install/mission_manager/share/mission_manager/hook/cmake_prefix_path.sh'
[5.299s] Level 1:colcon.colcon_core.environment:checking '/home/jeongwoo/Automotive_software_final/install/mission_manager/lib'
[5.300s] Level 1:colcon.colcon_core.environment:checking '/home/jeongwoo/Automotive_software_final/install/mission_manager/bin'
[5.300s] Level 1:colcon.colcon_core.environment:checking '/home/jeongwoo/Automotive_software_final/install/mission_manager/lib/pkgconfig/mission_manager.pc'
[5.301s] Level 1:colcon.colcon_core.environment:checking '/home/jeongwoo/Automotive_software_final/install/mission_manager/lib/python3.10/site-packages'
[5.302s] Level 1:colcon.colcon_core.environment:checking '/home/jeongwoo/Automotive_software_final/install/mission_manager/bin'
[5.303s] INFO:colcon.colcon_core.shell:Creating package script '/home/jeongwoo/Automotive_software_final/install/mission_manager/share/mission_manager/package.ps1'
[5.306s] INFO:colcon.colcon_core.shell:Creating package descriptor '/home/jeongwoo/Automotive_software_final/install/mission_manager/share/mission_manager/package.dsv'
[5.307s] INFO:colcon.colcon_core.shell:Creating package script '/home/jeongwoo/Automotive_software_final/install/mission_manager/share/mission_manager/package.sh'
[5.308s] INFO:colcon.colcon_core.shell:Creating package script '/home/jeongwoo/Automotive_software_final/install/mission_manager/share/mission_manager/package.bash'
[5.309s] INFO:colcon.colcon_core.shell:Creating package script '/home/jeongwoo/Automotive_software_final/install/mission_manager/share/mission_manager/package.zsh'
[5.310s] Level 1:colcon.colcon_core.environment:create_file_with_runtime_dependencies(/home/jeongwoo/Automotive_software_final/install/mission_manager/share/colcon-core/packages/mission_manager)
[5.315s] Level 1:colcon.colcon_core.environment:create_environment_scripts_only(simulator)
[5.316s] Level 1:colcon.colcon_core.environment:checking '/home/jeongwoo/Automotive_software_final/install/simulator' for CMake module files
[5.318s] DEBUG:colcon.colcon_core.event_handler.log_command:Invoked command in '/home/jeongwoo/Automotive_software_final/build/simulator' returned '0': AMENT_PREFIX_PATH=/home/jeongwoo/Automotive_software_final/install/ad_msgs:${AMENT_PREFIX_PATH} CMAKE_PREFIX_PATH=/home/jeongwoo/Automotive_software_final/install/ad_msgs:/opt/ros/humble LD_LIBRARY_PATH=/home/jeongwoo/Automotive_software_final/install/ad_msgs/lib:${LD_LIBRARY_PATH} PYTHONPATH=/home/jeongwoo/Automotive_software_final/install/ad_msgs/local/lib/python3.10/dist-packages:${PYTHONPATH} /usr/bin/cmake --install /home/jeongwoo/Automotive_software_final/build/simulator
[5.323s] Level 1:colcon.colcon_core.environment:checking '/home/jeongwoo/Automotive_software_final/install/simulator' for CMake config files
[5.324s] Level 1:colcon.colcon_core.shell:create_environment_hook('simulator', 'cmake_prefix_path')
[5.325s] INFO:colcon.colcon_core.shell:Creating environment hook '/home/jeongwoo/Automotive_software_final/install/simulator/share/simulator/hook/cmake_prefix_path.ps1'
[5.326s] INFO:colcon.colcon_core.shell:Creating environment descriptor '/home/jeongwoo/Automotive_software_final/install/simulator/share/simulator/hook/cmake_prefix_path.dsv'
[5.328s] INFO:colcon.colcon_core.shell:Creating environment hook '/home/jeongwoo/Automotive_software_final/install/simulator/share/simulator/hook/cmake_prefix_path.sh'
[5.329s] Level 1:colcon.colcon_core.environment:checking '/home/jeongwoo/Automotive_software_final/install/simulator/lib'
[5.330s] Level 1:colcon.colcon_core.environment:checking '/home/jeongwoo/Automotive_software_final/install/simulator/bin'
[5.330s] Level 1:colcon.colcon_core.environment:checking '/home/jeongwoo/Automotive_software_final/install/simulator/lib/pkgconfig/simulator.pc'
[5.331s] Level 1:colcon.colcon_core.environment:checking '/home/jeongwoo/Automotive_software_final/install/simulator/lib/python3.10/site-packages'
[5.331s] Level 1:colcon.colcon_core.environment:checking '/home/jeongwoo/Automotive_software_final/install/simulator/bin'
[5.335s] INFO:colcon.colcon_core.shell:Creating package script '/home/jeongwoo/Automotive_software_final/install/simulator/share/simulator/package.ps1'
[5.342s] INFO:colcon.colcon_core.shell:Creating package descriptor '/home/jeongwoo/Automotive_software_final/install/simulator/share/simulator/package.dsv'
[5.344s] INFO:colcon.colcon_core.shell:Creating package script '/home/jeongwoo/Automotive_software_final/install/simulator/share/simulator/package.sh'
[5.345s] INFO:colcon.colcon_core.shell:Creating package script '/home/jeongwoo/Automotive_software_final/install/simulator/share/simulator/package.bash'
[5.347s] INFO:colcon.colcon_core.shell:Creating package script '/home/jeongwoo/Automotive_software_final/install/simulator/share/simulator/package.zsh'
[5.348s] Level 1:colcon.colcon_core.environment:create_file_with_runtime_dependencies(/home/jeongwoo/Automotive_software_final/install/simulator/share/colcon-core/packages/simulator)
[5.353s] Level 1:colcon.colcon_core.environment:create_environment_scripts_only(autonomous_driving)
[5.363s] Level 1:colcon.colcon_core.environment:checking '/home/jeongwoo/Automotive_software_final/install/autonomous_driving' for CMake module files
[5.365s] DEBUG:colcon.colcon_core.event_handler.log_command:Invoked command in '/home/jeongwoo/Automotive_software_final/build/autonomous_driving' returned '0': AMENT_PREFIX_PATH=/home/jeongwoo/Automotive_software_final/install/ad_msgs:${AMENT_PREFIX_PATH} CMAKE_PREFIX_PATH=/home/jeongwoo/Automotive_software_final/install/ad_msgs:/opt/ros/humble LD_LIBRARY_PATH=/home/jeongwoo/Automotive_software_final/install/ad_msgs/lib:${LD_LIBRARY_PATH} PYTHONPATH=/home/jeongwoo/Automotive_software_final/install/ad_msgs/local/lib/python3.10/dist-packages:${PYTHONPATH} /usr/bin/cmake --install /home/jeongwoo/Automotive_software_final/build/autonomous_driving
[5.366s] Level 1:colcon.colcon_core.environment:checking '/home/jeongwoo/Automotive_software_final/install/autonomous_driving' for CMake config files
[5.370s] Level 1:colcon.colcon_core.shell:create_environment_hook('autonomous_driving', 'cmake_prefix_path')
[5.371s] INFO:colcon.colcon_core.shell:Creating environment hook '/home/jeongwoo/Automotive_software_final/install/autonomous_driving/share/autonomous_driving/hook/cmake_prefix_path.ps1'
[5.372s] INFO:colcon.colcon_core.shell:Creating environment descriptor '/home/jeongwoo/Automotive_software_final/install/autonomous_driving/share/autonomous_driving/hook/cmake_prefix_path.dsv'
[5.373s] INFO:colcon.colcon_core.shell:Creating environment hook '/home/jeongwoo/Automotive_software_final/install/autonomous_driving/share/autonomous_driving/hook/cmake_prefix_path.sh'
[5.375s] Level 1:colcon.colcon_core.environment:checking '/home/jeongwoo/Automotive_software_final/install/autonomous_driving/lib'
[5.375s] Level 1:colcon.colcon_core.environment:checking '/home/jeongwoo/Automotive_software_final/install/autonomous_driving/bin'
[5.375s] Level 1:colcon.colcon_core.environment:checking '/home/jeongwoo/Automotive_software_final/install/autonomous_driving/lib/pkgconfig/autonomous_driving.pc'
[5.376s] Level 1:colcon.colcon_core.environment:checking '/home/jeongwoo/Automotive_software_final/install/autonomous_driving/lib/python3.10/site-packages'
[5.377s] Level 1:colcon.colcon_core.environment:checking '/home/jeongwoo/Automotive_software_final/install/autonomous_driving/bin'
[5.387s] INFO:colcon.colcon_core.shell:Creating package script '/home/jeongwoo/Automotive_software_final/install/autonomous_driving/share/autonomous_driving/package.ps1'
[5.388s] INFO:colcon.colcon_core.shell:Creating package descriptor '/home/jeongwoo/Automotive_software_final/install/autonomous_driving/share/autonomous_driving/package.dsv'
[5.389s] INFO:colcon.colcon_core.shell:Creating package script '/home/jeongwoo/Automotive_software_final/install/autonomous_driving/share/autonomous_driving/package.sh'
[5.391s] INFO:colcon.colcon_core.shell:Creating package script '/home/jeongwoo/Automotive_software_final/install/autonomous_driving/share/autonomous_driving/package.bash'
[5.392s] INFO:colcon.colcon_core.shell:Creating package script '/home/jeongwoo/Automotive_software_final/install/autonomous_driving/share/autonomous_driving/package.zsh'
[5.395s] Level 1:colcon.colcon_core.environment:create_file_with_runtime_dependencies(/home/jeongwoo/Automotive_software_final/install/autonomous_driving/share/colcon-core/packages/autonomous_driving)
[5.409s] Level 1:colcon.colcon_core.environment:create_environment_scripts_only(evaluation)
[5.409s] Level 1:colcon.colcon_core.environment:checking '/home/jeongwoo/Automotive_software_final/install/evaluation' for CMake module files
[5.411s] Level 1:colcon.colcon_core.environment:checking '/home/jeongwoo/Automotive_software_final/install/evaluation' for CMake config files
[5.413s] Level 1:colcon.colcon_core.shell:create_environment_hook('evaluation', 'cmake_prefix_path')
[5.423s] INFO:colcon.colcon_core.shell:Creating environment hook '/home/jeongwoo/Automotive_software_final/install/evaluation/share/evaluation/hook/cmake_prefix_path.ps1'
[5.425s] INFO:colcon.colcon_core.shell:Creating environment descriptor '/home/jeongwoo/Automotive_software_final/install/evaluation/share/evaluation/hook/cmake_prefix_path.dsv'
[5.426s] INFO:colcon.colcon_core.shell:Creating environment hook '/home/jeongwoo/Automotive_software_final/install/evaluation/share/evaluation/hook/cmake_prefix_path.sh'
[5.427s] Level 1:colcon.colcon_core.environment:checking '/home/jeongwoo/Automotive_software_final/install/evaluation/lib'
[5.428s] Level 1:colcon.colcon_core.environment:checking '/home/jeongwoo/Automotive_software_final/install/evaluation/bin'
[5.428s] Level 1:colcon.colcon_core.environment:checking '/home/jeongwoo/Automotive_software_final/install/evaluation/lib/pkgconfig/evaluation.pc'
[5.429s] Level 1:colcon.colcon_core.environment:checking '/home/jeongwoo/Automotive_software_final/install/evaluation/lib/python3.10/site-packages'
[5.439s] Level 1:colcon.colcon_core.environment:checking '/home/jeongwoo/Automotive_software_final/install/evaluation/bin'
[5.440s] INFO:colcon.colcon_core.shell:Creating package script '/home/jeongwoo/Automotive_software_final/install/evaluation/share/evaluation/package.ps1'
[5.441s] INFO:colcon.colcon_core.shell:Creating package descriptor '/home/jeongwoo/Automotive_software_final/install/evaluation/share/evaluation/package.dsv'
[5.443s] INFO:colcon.colcon_core.shell:Creating package script '/home/jeongwoo/Automotive_software_final/install/evaluation/share/evaluation/package.sh'
[5.444s] INFO:colcon.colcon_core.shell:Creating package script '/home/jeongwoo/Automotive_software_final/install/evaluation/share/evaluation/package.bash'
[5.445s] INFO:colcon.colcon_core.shell:Creating package script '/home/jeongwoo/Automotive_software_final/install/evaluation/share/evaluation/package.zsh'
[5.447s] Level 1:colcon.colcon_core.environment:create_file_with_runtime_dependencies(/home/jeongwoo/Automotive_software_final/install/evaluation/share/colcon-core/packages/evaluation)
[5.461s] Level 1:colcon.colcon_core.environment:create_environment_scripts_only(mission_manager)
[5.461s] Level 1:colcon.colcon_core.environment:checking '/home/jeongwoo/Automotive_software_final/install/mission_manager' for CMake module files
[5.463s] Level 1:colcon.colcon_core.environment:checking '/home/jeongwoo/Automotive_software_final/install/mission_manager' for CMake config files
[5.463s] Level 1:colcon.colcon_core.shell:create_environment_hook('mission_manager', 'cmake_prefix_path')
[5.464s] INFO:colcon.colcon_core.shell:Creating environment hook '/home/jeongwoo/Automotive_software_final/install/mission_manager/share/mission_manager/hook/cmake_prefix_path.ps1'
[5.465s] INFO:colcon.colcon_core.shell:Creating environment descriptor '/home/jeongwoo/Automotive_software_final/install/mission_manager/share/mission_manager/hook/cmake_prefix_path.dsv'
[5.466s] INFO:colcon.colcon_core.shell:Creating environment hook '/home/jeongwoo/Automotive_software_final/install/mission_manager/share/mission_manager/hook/cmake_prefix_path.sh'
[5.468s] Level 1:colcon.colcon_core.environment:checking '/home/jeongwoo/Automotive_software_final/install/mission_manager/lib'
[5.468s] Level 1:colcon.colcon_core.environment:checking '/home/jeongwoo/Automotive_software_final/install/mission_manager/bin'
[5.468s] Level 1:colcon.colcon_core.environment:checking '/home/jeongwoo/Automotive_software_final/install/mission_manager/lib/pkgconfig/mission_manager.pc'
[5.469s] Level 1:colcon.colcon_core.environment:checking '/home/jeongwoo/Automotive_software_final/install/mission_manager/lib/python3.10/site-packages'
[5.470s] Level 1:colcon.colcon_core.environment:checking '/home/jeongwoo/Automotive_software_final/install/mission_manager/bin'
[5.477s] INFO:colcon.colcon_core.shell:Creating package script '/home/jeongwoo/Automotive_software_final/install/mission_manager/share/mission_manager/package.ps1'
[5.481s] INFO:colcon.colcon_core.shell:Creating package descriptor '/home/jeongwoo/Automotive_software_final/install/mission_manager/share/mission_manager/package.dsv'
[5.483s] INFO:colcon.colcon_core.shell:Creating package script '/home/jeongwoo/Automotive_software_final/install/mission_manager/share/mission_manager/package.sh'
[5.485s] INFO:colcon.colcon_core.shell:Creating package script '/home/jeongwoo/Automotive_software_final/install/mission_manager/share/mission_manager/package.bash'
[5.487s] INFO:colcon.colcon_core.shell:Creating package script '/home/jeongwoo/Automotive_software_final/install/mission_manager/share/mission_manager/package.zsh'
[5.498s] Level 1:colcon.colcon_core.environment:create_file_with_runtime_dependencies(/home/jeongwoo/Automotive_software_final/install/mission_manager/share/colcon-core/packages/mission_manager)
[5.501s] Level 1:colcon.colcon_core.environment:create_environment_scripts_only(simulator)
[5.502s] Level 1:colcon.colcon_core.environment:checking '/home/jeongwoo/Automotive_software_final/install/simulator' for CMake module files
[5.506s] Level 1:colcon.colcon_core.environment:checking '/home/jeongwoo/Automotive_software_final/install/simulator' for CMake config files
[5.506s] Level 1:colcon.colcon_core.shell:create_environment_hook('simulator', 'cmake_prefix_path')
[5.507s] INFO:colcon.colcon_core.shell:Creating environment hook '/home/jeongwoo/Automotive_software_final/install/simulator/share/simulator/hook/cmake_prefix_path.ps1'
[5.508s] INFO:colcon.colcon_core.shell:Creating environment descriptor '/home/jeongwoo/Automotive_software_final/install/simulator/share/simulator/hook/cmake_prefix_path.dsv'
[5.509s] INFO:colcon.colcon_core.shell:Creating environment hook '/home/jeongwoo/Automotive_software_final/install/simulator/share/simulator/hook/cmake_prefix_path.sh'
[5.511s] Level 1:colcon.colcon_core.environment:checking '/home/jeongwoo/Automotive_software_final/install/simulator/lib'
[5.512s] Level 1:colcon.colcon_core.environment:checking '/home/jeongwoo/Automotive_software_final/install/simulator/bin'
[5.513s] Level 1:colcon.colcon_core.environment:checking '/home/jeongwoo/Automotive_software_final/install/simulator/lib/pkgconfig/simulator.pc'
[5.514s] Level 1:colcon.colcon_core.environment:checking '/home/jeongwoo/Automotive_software_final/install/simulator/lib/python3.10/site-packages'
[5.515s] Level 1:colcon.colcon_core.environment:checking '/home/jeongwoo/Automotive_software_final/install/simulator/bin'
[5.517s] INFO:colcon.colcon_core.shell:Creating package script '/home/jeongwoo/Automotive_software_final/install/simulator/share/simulator/package.ps1'
[5.518s] INFO:colcon.colcon_core.shell:Creating package descriptor '/home/jeongwoo/Automotive_software_final/install/simulator/share/simulator/package.dsv'
[5.520s] INFO:colcon.colcon_core.shell:Creating package script '/home/jeongwoo/Automotive_software_final/install/simulator/share/simulator/package.sh'
[5.521s] INFO:colcon.colcon_core.shell:Creating package script '/home/jeongwoo/Automotive_software_final/install/simulator/share/simulator/package.bash'
[5.523s] INFO:colcon.colcon_core.shell:Creating package script '/home/jeongwoo/Automotive_software_final/install/simulator/share/simulator/package.zsh'
[5.524s] Level 1:colcon.colcon_core.environment:create_file_with_runtime_dependencies(/home/jeongwoo/Automotive_software_final/install/simulator/share/colcon-core/packages/simulator)
[5.528s] Level 1:colcon.colcon_core.environment:create_environment_scripts_only(autonomous_driving)
[5.533s] Level 1:colcon.colcon_core.environment:checking '/home/jeongwoo/Automotive_software_final/install/autonomous_driving' for CMake module files
[5.538s] Level 1:colcon.colcon_core.environment:checking '/home/jeongwoo/Automotive_software_final/install/autonomous_driving' for CMake config files
[5.539s] Level 1:colcon.colcon_core.shell:create_environment_hook('autonomous_driving', 'cmake_prefix_path')
[5.540s] INFO:colcon.colcon_core.shell:Creating environment hook '/home/jeongwoo/Automotive_software_final/install/autonomous_driving/share/autonomous_driving/hook/cmake_prefix_path.ps1'
[5.541s] INFO:colcon.colcon_core.shell:Creating environment descriptor '/home/jeongwoo/Automotive_software_final/install/autonomous_driving/share/autonomous_driving/hook/cmake_prefix_path.dsv'
[5.542s] INFO:colcon.colcon_core.shell:Creating environment hook '/home/jeongwoo/Automotive_software_final/install/autonomous_driving/share/autonomous_driving/hook/cmake_prefix_path.sh'
[5.544s] Level 1:colcon.colcon_core.environment:checking '/home/jeongwoo/Automotive_software_final/install/autonomous_driving/lib'
[5.544s] Level 1:colcon.colcon_core.environment:checking '/home/jeongwoo/Automotive_software_final/install/autonomous_driving/bin'
[5.547s] Level 1:colcon.colcon_core.environment:checking '/home/jeongwoo/Automotive_software_final/install/autonomous_driving/lib/pkgconfig/autonomous_driving.pc'
[5.549s] Level 1:colcon.colcon_core.environment:checking '/home/jeongwoo/Automotive_software_final/install/autonomous_driving/lib/python3.10/site-packages'
[5.550s] Level 1:colcon.colcon_core.environment:checking '/home/jeongwoo/Automotive_software_final/install/autonomous_driving/bin'
[5.553s] INFO:colcon.colcon_core.shell:Creating package script '/home/jeongwoo/Automotive_software_final/install/autonomous_driving/share/autonomous_driving/package.ps1'
[5.555s] INFO:colcon.colcon_core.shell:Creating package descriptor '/home/jeongwoo/Automotive_software_final/install/autonomous_driving/share/autonomous_driving/package.dsv'
[5.556s] INFO:colcon.colcon_core.shell:Creating package script '/home/jeongwoo/Automotive_software_final/install/autonomous_driving/share/autonomous_driving/package.sh'
[5.558s] INFO:colcon.colcon_core.shell:Creating package script '/home/jeongwoo/Automotive_software_final/install/autonomous_driving/share/autonomous_driving/package.bash'
[5.559s] INFO:colcon.colcon_core.shell:Creating package script '/home/jeongwoo/Automotive_software_final/install/autonomous_driving/share/autonomous_driving/package.zsh'
[5.560s] Level 1:colcon.colcon_core.environment:create_file_with_runtime_dependencies(/home/jeongwoo/Automotive_software_final/install/autonomous_driving/share/colcon-core/packages/autonomous_driving)
[5.564s] DEBUG:colcon.colcon_parallel_executor.executor.parallel:closing loop
[5.569s] DEBUG:colcon.colcon_parallel_executor.executor.parallel:loop closed
[5.570s] DEBUG:colcon.colcon_parallel_executor.executor.parallel:run_until_complete finished with '0'
[5.571s] DEBUG:colcon.colcon_core.event_reactor:joining thread
[5.717s] INFO:colcon.colcon_core.plugin_system:Skipping extension 'colcon_notification.desktop_notification.notify_send': Could not find 'notify-send'
[5.717s] INFO:colcon.colcon_core.plugin_system:Skipping extension 'colcon_notification.desktop_notification.terminal_notifier': Not used on non-Darwin systems
[5.721s] INFO:colcon.colcon_core.plugin_system:Skipping extension 'colcon_notification.desktop_notification.win32': Not used on non-Windows systems
[5.721s] INFO:colcon.colcon_notification.desktop_notification:Sending desktop notification using 'notify2'
[5.724s] DEBUG:colcon.colcon_notification.desktop_notification.notify2:Failed to initialize notify2: org.freedesktop.DBus.Error.ServiceUnknown: The name org.freedesktop.Notifications was not provided by any .service files
[5.724s] DEBUG:colcon.colcon_core.event_reactor:joined thread
[5.725s] INFO:colcon.colcon_core.shell:Creating prefix script '/home/jeongwoo/Automotive_software_final/install/local_setup.ps1'
[5.730s] INFO:colcon.colcon_core.shell:Creating prefix util module '/home/jeongwoo/Automotive_software_final/install/_local_setup_util_ps1.py'
[5.740s] INFO:colcon.colcon_core.shell:Creating prefix chain script '/home/jeongwoo/Automotive_software_final/install/setup.ps1'
[5.747s] INFO:colcon.colcon_core.shell:Creating prefix script '/home/jeongwoo/Automotive_software_final/install/local_setup.sh'
[5.750s] INFO:colcon.colcon_core.shell:Creating prefix util module '/home/jeongwoo/Automotive_software_final/install/_local_setup_util_sh.py'
[5.751s] INFO:colcon.colcon_core.shell:Creating prefix chain script '/home/jeongwoo/Automotive_software_final/install/setup.sh'
[5.755s] INFO:colcon.colcon_core.shell:Creating prefix script '/home/jeongwoo/Automotive_software_final/install/local_setup.bash'
[5.759s] INFO:colcon.colcon_core.shell:Creating prefix chain script '/home/jeongwoo/Automotive_software_final/install/setup.bash'
[5.767s] INFO:colcon.colcon_core.shell:Creating prefix script '/home/jeongwoo/Automotive_software_final/install/local_setup.zsh'
[5.770s] INFO:colcon.colcon_core.shell:Creating prefix chain script '/home/jeongwoo/Automotive_software_final/install/setup.zsh'
