[0.025s] Invoking command in '/home/jeongwoo/Automotive_software_final/build/ad_msgs': CMAKE_PREFIX_PATH=${CMAKE_PREFIX_PATH}:/opt/ros/humble /usr/bin/cmake /home/jeongwoo/Automotive_software_final/src/rte/msg/ad_msgs -DCMAKE_INSTALL_PREFIX=/home/jeongwoo/Automotive_software_final/install/ad_msgs
[0.285s] -- The C compiler identification is GNU 11.4.0
[1.084s] -- The CXX compiler identification is GNU 11.4.0
[1.691s] -- Detecting C compiler ABI info
[1.942s] -- Detecting C compiler ABI info - done
[1.955s] -- Check for working C compiler: /usr/bin/cc - skipped
[1.956s] -- Detecting C compile features
[1.957s] -- Detecting C compile features - done
[1.965s] -- Detecting CXX compiler ABI info
[2.211s] -- Detecting CXX compiler ABI info - done
[2.221s] -- Check for working CXX compiler: /usr/bin/c++ - skipped
[2.221s] -- Detecting CXX compile features
[2.223s] -- Detecting CXX compile features - done
[2.236s] -- Found ament_cmake: 1.3.10 (/opt/ros/humble/share/ament_cmake/cmake)
[2.468s] -- Found Python3: /usr/bin/python3 (found version "3.10.12") found components: Interpreter 
[2.604s] -- Found rosidl_default_generators: 1.2.0 (/opt/ros/humble/share/rosidl_default_generators/cmake)
[2.611s] -- Using all available rosidl_typesupport_c: rosidl_typesupport_fastrtps_c;rosidl_typesupport_introspection_c
[2.621s] -- Found rosidl_adapter: 3.1.5 (/opt/ros/humble/share/rosidl_adapter/cmake)
[2.915s] -- Using all available rosidl_typesupport_cpp: rosidl_typesupport_fastrtps_cpp;rosidl_typesupport_introspection_cpp
[2.977s] -- Found std_msgs: 4.2.4 (/opt/ros/humble/share/std_msgs/cmake)
[3.049s] -- Found geometry_msgs: 4.2.4 (/opt/ros/humble/share/geometry_msgs/cmake)
[3.081s] -- Found visualization_msgs: 4.2.4 (/opt/ros/humble/share/visualization_msgs/cmake)
[3.212s] -- Found nav_msgs: 4.2.4 (/opt/ros/humble/share/nav_msgs/cmake)
[3.750s] -- Found ament_cmake_ros: 0.10.0 (/opt/ros/humble/share/ament_cmake_ros/cmake)
[4.171s] -- Using all available rosidl_typesupport_c: rosidl_typesupport_fastrtps_c;rosidl_typesupport_introspection_c
[4.761s] -- Using all available rosidl_typesupport_cpp: rosidl_typesupport_fastrtps_cpp;rosidl_typesupport_introspection_cpp
[5.039s] -- Found PythonInterp: /usr/bin/python3 (found suitable version "3.10.12", minimum required is "3.6") 
[5.045s] -- Found python_cmake_module: 0.10.0 (/opt/ros/humble/share/python_cmake_module/cmake)
[5.695s] -- Found PythonLibs: /usr/lib/x86_64-linux-gnu/libpython3.10.so (found suitable version "3.10.12", minimum required is "3.5") 
[5.695s] -- Using PYTHON_EXECUTABLE: /usr/bin/python3
[5.695s] -- Using PYTHON_INCLUDE_DIRS: /usr/include/python3.10
[5.695s] -- Using PYTHON_LIBRARIES: /usr/lib/x86_64-linux-gnu/libpython3.10.so
[5.718s] -- Found PythonExtra: .so  
[5.908s] -- Configuring done
[6.016s] -- Generating done
[6.020s] -- Build files have been written to: /home/jeongwoo/Automotive_software_final/build/ad_msgs
[6.037s] Invoked command in '/home/jeongwoo/Automotive_software_final/build/ad_msgs' returned '0': CMAKE_PREFIX_PATH=${CMAKE_PREFIX_PATH}:/opt/ros/humble /usr/bin/cmake /home/jeongwoo/Automotive_software_final/src/rte/msg/ad_msgs -DCMAKE_INSTALL_PREFIX=/home/jeongwoo/Automotive_software_final/install/ad_msgs
[6.038s] Invoking command in '/home/jeongwoo/Automotive_software_final/build/ad_msgs': CMAKE_PREFIX_PATH=${CMAKE_PREFIX_PATH}:/opt/ros/humble /usr/bin/cmake --build /home/jeongwoo/Automotive_software_final/build/ad_msgs -- -j8 -l8
[6.089s] [  1%] [34m[1mGenerating C code for ROS interfaces[0m
[6.103s] [  1%] [34m[1mGenerating C++ code for ROS interfaces[0m
[6.112s] [  1%] Built target ament_cmake_python_copy_ad_msgs
[6.557s] running egg_info
[6.559s] creating ad_msgs.egg-info
[6.559s] writing ad_msgs.egg-info/PKG-INFO
[6.560s] writing dependency_links to ad_msgs.egg-info/dependency_links.txt
[6.560s] writing top-level names to ad_msgs.egg-info/top_level.txt
[6.561s] writing manifest file 'ad_msgs.egg-info/SOURCES.txt'
[6.565s] reading manifest file 'ad_msgs.egg-info/SOURCES.txt'
[6.566s] writing manifest file 'ad_msgs.egg-info/SOURCES.txt'
[6.621s] [  1%] Built target ament_cmake_python_build_ad_msgs_egg
[7.453s] [  1%] Built target ad_msgs__cpp
[7.480s] [  2%] [34m[1mGenerating C++ type support dispatch for ROS interfaces[0m
[7.484s] [  3%] [34m[1mGenerating C++ type support for eProsima Fast-RTPS[0m
[7.484s] [  4%] [34m[1mGenerating C++ introspection for ROS interfaces[0m
[7.954s] [  5%] [32mBuilding C object CMakeFiles/ad_msgs__rosidl_generator_c.dir/rosidl_generator_c/ad_msgs/msg/detail/vehicle_state__functions.c.o[0m
[7.954s] [  6%] [32mBuilding C object CMakeFiles/ad_msgs__rosidl_generator_c.dir/rosidl_generator_c/ad_msgs/msg/detail/vehicle_command__functions.c.o[0m
[7.957s] [  7%] [32mBuilding C object CMakeFiles/ad_msgs__rosidl_generator_c.dir/rosidl_generator_c/ad_msgs/msg/detail/mission_region__functions.c.o[0m
[7.971s] [  8%] [32mBuilding C object CMakeFiles/ad_msgs__rosidl_generator_c.dir/rosidl_generator_c/ad_msgs/msg/detail/mission_object__functions.c.o[0m
[7.977s] [  9%] [32mBuilding C object CMakeFiles/ad_msgs__rosidl_generator_c.dir/rosidl_generator_c/ad_msgs/msg/detail/mission__functions.c.o[0m
[8.130s] [ 10%] [32mBuilding C object CMakeFiles/ad_msgs__rosidl_generator_c.dir/rosidl_generator_c/ad_msgs/msg/detail/polyfit_lane_data__functions.c.o[0m
[8.142s] [ 11%] [32mBuilding C object CMakeFiles/ad_msgs__rosidl_generator_c.dir/rosidl_generator_c/ad_msgs/msg/detail/mission_display__functions.c.o[0m
[8.202s] [ 12%] [32mBuilding C object CMakeFiles/ad_msgs__rosidl_generator_c.dir/rosidl_generator_c/ad_msgs/msg/detail/lane_point_data__functions.c.o[0m
[8.234s] [ 13%] [32mBuilding C object CMakeFiles/ad_msgs__rosidl_generator_c.dir/rosidl_generator_c/ad_msgs/msg/detail/lane_point_data_array__functions.c.o[0m
[8.303s] [ 14%] [32mBuilding C object CMakeFiles/ad_msgs__rosidl_generator_c.dir/rosidl_generator_c/ad_msgs/msg/detail/polyfit_lane_data_array__functions.c.o[0m
[8.442s] [ 15%] [32m[1mLinking C shared library libad_msgs__rosidl_generator_c.so[0m
[8.653s] [ 15%] Built target ad_msgs__rosidl_generator_c
[8.673s] [ 16%] [34m[1mGenerating C introspection for ROS interfaces[0m
[8.676s] [ 17%] [34m[1mGenerating C type support for eProsima Fast-RTPS[0m
[8.679s] [ 18%] [34m[1mGenerating C type support dispatch for ROS interfaces[0m
[9.053s] [ 19%] [32mBuilding CXX object CMakeFiles/ad_msgs__rosidl_typesupport_cpp.dir/rosidl_typesupport_cpp/ad_msgs/msg/vehicle_state__type_support.cpp.o[0m
[9.107s] [ 20%] [32mBuilding CXX object CMakeFiles/ad_msgs__rosidl_typesupport_cpp.dir/rosidl_typesupport_cpp/ad_msgs/msg/vehicle_command__type_support.cpp.o[0m
[9.123s] [ 21%] [32mBuilding CXX object CMakeFiles/ad_msgs__rosidl_typesupport_cpp.dir/rosidl_typesupport_cpp/ad_msgs/msg/mission__type_support.cpp.o[0m
[10.030s] [ 22%] [32mBuilding CXX object CMakeFiles/ad_msgs__rosidl_typesupport_cpp.dir/rosidl_typesupport_cpp/ad_msgs/msg/mission_object__type_support.cpp.o[0m
[10.075s] [ 23%] [32mBuilding CXX object CMakeFiles/ad_msgs__rosidl_typesupport_introspection_cpp.dir/rosidl_typesupport_introspection_cpp/ad_msgs/msg/detail/vehicle_state__type_support.cpp.o[0m
[10.099s] [ 24%] [32mBuilding CXX object CMakeFiles/ad_msgs__rosidl_typesupport_cpp.dir/rosidl_typesupport_cpp/ad_msgs/msg/mission_region__type_support.cpp.o[0m
[10.323s] [ 25%] [32mBuilding CXX object CMakeFiles/ad_msgs__rosidl_typesupport_cpp.dir/rosidl_typesupport_cpp/ad_msgs/msg/mission_display__type_support.cpp.o[0m
[10.413s] [ 26%] [32mBuilding CXX object CMakeFiles/ad_msgs__rosidl_typesupport_fastrtps_cpp.dir/rosidl_typesupport_fastrtps_cpp/ad_msgs/msg/detail/dds_fastrtps/vehicle_state__type_support.cpp.o[0m
[10.488s] [ 27%] [32mBuilding CXX object CMakeFiles/ad_msgs__rosidl_typesupport_c.dir/rosidl_typesupport_c/ad_msgs/msg/vehicle_state__type_support.cpp.o[0m
[10.749s] [ 28%] [32mBuilding CXX object CMakeFiles/ad_msgs__rosidl_typesupport_c.dir/rosidl_typesupport_c/ad_msgs/msg/vehicle_command__type_support.cpp.o[0m
[10.933s] [ 29%] [32mBuilding CXX object CMakeFiles/ad_msgs__rosidl_typesupport_c.dir/rosidl_typesupport_c/ad_msgs/msg/mission__type_support.cpp.o[0m
[11.117s] [ 30%] [32mBuilding CXX object CMakeFiles/ad_msgs__rosidl_typesupport_cpp.dir/rosidl_typesupport_cpp/ad_msgs/msg/polyfit_lane_data__type_support.cpp.o[0m
[11.193s] [ 31%] [32mBuilding CXX object CMakeFiles/ad_msgs__rosidl_typesupport_c.dir/rosidl_typesupport_c/ad_msgs/msg/mission_object__type_support.cpp.o[0m
[11.294s] [ 32%] [32mBuilding CXX object CMakeFiles/ad_msgs__rosidl_typesupport_cpp.dir/rosidl_typesupport_cpp/ad_msgs/msg/lane_point_data__type_support.cpp.o[0m
[11.357s] [ 33%] [32mBuilding CXX object CMakeFiles/ad_msgs__rosidl_typesupport_c.dir/rosidl_typesupport_c/ad_msgs/msg/mission_region__type_support.cpp.o[0m
[11.466s] [ 34%] [32mBuilding CXX object CMakeFiles/ad_msgs__rosidl_typesupport_c.dir/rosidl_typesupport_c/ad_msgs/msg/mission_display__type_support.cpp.o[0m
[11.543s] [ 35%] [32mBuilding CXX object CMakeFiles/ad_msgs__rosidl_typesupport_c.dir/rosidl_typesupport_c/ad_msgs/msg/polyfit_lane_data__type_support.cpp.o[0m
[11.561s] [ 36%] [32mBuilding CXX object CMakeFiles/ad_msgs__rosidl_typesupport_introspection_cpp.dir/rosidl_typesupport_introspection_cpp/ad_msgs/msg/detail/vehicle_command__type_support.cpp.o[0m
[11.581s] [ 37%] [32mBuilding CXX object CMakeFiles/ad_msgs__rosidl_typesupport_introspection_cpp.dir/rosidl_typesupport_introspection_cpp/ad_msgs/msg/detail/mission__type_support.cpp.o[0m
[11.620s] [ 38%] [32mBuilding C object CMakeFiles/ad_msgs__rosidl_typesupport_introspection_c.dir/rosidl_typesupport_introspection_c/ad_msgs/msg/detail/vehicle_state__type_support.c.o[0m
[11.666s] [ 39%] [32mBuilding CXX object CMakeFiles/ad_msgs__rosidl_typesupport_fastrtps_c.dir/rosidl_typesupport_fastrtps_c/ad_msgs/msg/detail/vehicle_state__type_support_c.cpp.o[0m
[11.735s] [ 40%] [32mBuilding CXX object CMakeFiles/ad_msgs__rosidl_typesupport_c.dir/rosidl_typesupport_c/ad_msgs/msg/lane_point_data__type_support.cpp.o[0m
[11.762s] [ 41%] [32mBuilding C object CMakeFiles/ad_msgs__rosidl_typesupport_introspection_c.dir/rosidl_typesupport_introspection_c/ad_msgs/msg/detail/vehicle_command__type_support.c.o[0m
[11.950s] [ 42%] [32mBuilding C object CMakeFiles/ad_msgs__rosidl_typesupport_introspection_c.dir/rosidl_typesupport_introspection_c/ad_msgs/msg/detail/mission__type_support.c.o[0m
[11.973s] [ 42%] [32mBuilding CXX object CMakeFiles/ad_msgs__rosidl_typesupport_c.dir/rosidl_typesupport_c/ad_msgs/msg/lane_point_data_array__type_support.cpp.o[0m
[12.086s] [ 43%] [32mBuilding CXX object CMakeFiles/ad_msgs__rosidl_typesupport_fastrtps_cpp.dir/rosidl_typesupport_fastrtps_cpp/ad_msgs/msg/detail/dds_fastrtps/vehicle_command__type_support.cpp.o[0m
[12.148s] [ 45%] [32mBuilding C object CMakeFiles/ad_msgs__rosidl_typesupport_introspection_c.dir/rosidl_typesupport_introspection_c/ad_msgs/msg/detail/mission_object__type_support.c.o[0m
[12.165s] [ 45%] [32mBuilding CXX object CMakeFiles/ad_msgs__rosidl_typesupport_c.dir/rosidl_typesupport_c/ad_msgs/msg/polyfit_lane_data_array__type_support.cpp.o[0m
[12.278s] [ 45%] [32mBuilding CXX object CMakeFiles/ad_msgs__rosidl_typesupport_fastrtps_cpp.dir/rosidl_typesupport_fastrtps_cpp/ad_msgs/msg/detail/dds_fastrtps/mission__type_support.cpp.o[0m
[12.361s] [ 46%] [32m[1mLinking CXX shared library libad_msgs__rosidl_typesupport_c.so[0m
[12.365s] [ 47%] [32mBuilding C object CMakeFiles/ad_msgs__rosidl_typesupport_introspection_c.dir/rosidl_typesupport_introspection_c/ad_msgs/msg/detail/mission_region__type_support.c.o[0m
[12.477s] [ 48%] [32mBuilding C object CMakeFiles/ad_msgs__rosidl_typesupport_introspection_c.dir/rosidl_typesupport_introspection_c/ad_msgs/msg/detail/mission_display__type_support.c.o[0m
[12.620s] [ 49%] [32mBuilding C object CMakeFiles/ad_msgs__rosidl_typesupport_introspection_c.dir/rosidl_typesupport_introspection_c/ad_msgs/msg/detail/polyfit_lane_data__type_support.c.o[0m
[12.626s] [ 50%] [32mBuilding CXX object CMakeFiles/ad_msgs__rosidl_typesupport_cpp.dir/rosidl_typesupport_cpp/ad_msgs/msg/lane_point_data_array__type_support.cpp.o[0m
[12.741s] [ 51%] [32mBuilding C object CMakeFiles/ad_msgs__rosidl_typesupport_introspection_c.dir/rosidl_typesupport_introspection_c/ad_msgs/msg/detail/lane_point_data__type_support.c.o[0m
[12.814s] [ 51%] Built target ad_msgs__rosidl_typesupport_c
[12.857s] [ 52%] [32mBuilding C object CMakeFiles/ad_msgs__rosidl_typesupport_introspection_c.dir/rosidl_typesupport_introspection_c/ad_msgs/msg/detail/lane_point_data_array__type_support.c.o[0m
[12.875s] [ 53%] [32mBuilding C object CMakeFiles/ad_msgs__rosidl_typesupport_introspection_c.dir/rosidl_typesupport_introspection_c/ad_msgs/msg/detail/polyfit_lane_data_array__type_support.c.o[0m
[12.968s] [ 54%] [32mBuilding CXX object CMakeFiles/ad_msgs__rosidl_typesupport_cpp.dir/rosidl_typesupport_cpp/ad_msgs/msg/polyfit_lane_data_array__type_support.cpp.o[0m
[13.091s] [ 55%] [32mBuilding CXX object CMakeFiles/ad_msgs__rosidl_typesupport_fastrtps_c.dir/rosidl_typesupport_fastrtps_c/ad_msgs/msg/detail/vehicle_command__type_support_c.cpp.o[0m
[13.172s] [ 56%] [32m[1mLinking C shared library libad_msgs__rosidl_typesupport_introspection_c.so[0m
[13.295s] [ 57%] [32mBuilding CXX object CMakeFiles/ad_msgs__rosidl_typesupport_introspection_cpp.dir/rosidl_typesupport_introspection_cpp/ad_msgs/msg/detail/mission_object__type_support.cpp.o[0m
[13.369s] [ 58%] [32mBuilding CXX object CMakeFiles/ad_msgs__rosidl_typesupport_introspection_cpp.dir/rosidl_typesupport_introspection_cpp/ad_msgs/msg/detail/mission_region__type_support.cpp.o[0m
[13.536s] [ 58%] Built target ad_msgs__rosidl_typesupport_introspection_c
[13.608s] [ 59%] [32mBuilding CXX object CMakeFiles/ad_msgs__rosidl_typesupport_introspection_cpp.dir/rosidl_typesupport_introspection_cpp/ad_msgs/msg/detail/mission_display__type_support.cpp.o[0m
[13.644s] [ 60%] [32mBuilding CXX object CMakeFiles/ad_msgs__rosidl_typesupport_introspection_cpp.dir/rosidl_typesupport_introspection_cpp/ad_msgs/msg/detail/polyfit_lane_data__type_support.cpp.o[0m
[13.649s] [ 61%] [32mBuilding CXX object CMakeFiles/ad_msgs__rosidl_typesupport_fastrtps_cpp.dir/rosidl_typesupport_fastrtps_cpp/ad_msgs/msg/detail/dds_fastrtps/mission_object__type_support.cpp.o[0m
[14.233s] [ 62%] [32mBuilding CXX object CMakeFiles/ad_msgs__rosidl_typesupport_fastrtps_cpp.dir/rosidl_typesupport_fastrtps_cpp/ad_msgs/msg/detail/dds_fastrtps/mission_region__type_support.cpp.o[0m
[14.281s] [ 63%] [32m[1mLinking CXX shared library libad_msgs__rosidl_typesupport_cpp.so[0m
[14.531s] [ 64%] [32mBuilding CXX object CMakeFiles/ad_msgs__rosidl_typesupport_fastrtps_c.dir/rosidl_typesupport_fastrtps_c/ad_msgs/msg/detail/mission__type_support_c.cpp.o[0m
[14.713s] [ 64%] Built target ad_msgs__rosidl_typesupport_cpp
[14.761s] [ 65%] [32mBuilding CXX object CMakeFiles/ad_msgs__rosidl_typesupport_fastrtps_c.dir/rosidl_typesupport_fastrtps_c/ad_msgs/msg/detail/mission_object__type_support_c.cpp.o[0m
[14.790s] [ 66%] [32mBuilding CXX object CMakeFiles/ad_msgs__rosidl_typesupport_introspection_cpp.dir/rosidl_typesupport_introspection_cpp/ad_msgs/msg/detail/lane_point_data__type_support.cpp.o[0m
[14.899s] [ 67%] [32mBuilding CXX object CMakeFiles/ad_msgs__rosidl_typesupport_introspection_cpp.dir/rosidl_typesupport_introspection_cpp/ad_msgs/msg/detail/lane_point_data_array__type_support.cpp.o[0m
[15.130s] [ 68%] [32mBuilding CXX object CMakeFiles/ad_msgs__rosidl_typesupport_fastrtps_cpp.dir/rosidl_typesupport_fastrtps_cpp/ad_msgs/msg/detail/dds_fastrtps/mission_display__type_support.cpp.o[0m
[15.302s] [ 69%] [32mBuilding CXX object CMakeFiles/ad_msgs__rosidl_typesupport_introspection_cpp.dir/rosidl_typesupport_introspection_cpp/ad_msgs/msg/detail/polyfit_lane_data_array__type_support.cpp.o[0m
[15.544s] [ 70%] [32mBuilding CXX object CMakeFiles/ad_msgs__rosidl_typesupport_fastrtps_cpp.dir/rosidl_typesupport_fastrtps_cpp/ad_msgs/msg/detail/dds_fastrtps/polyfit_lane_data__type_support.cpp.o[0m
[16.207s] [ 71%] [32mBuilding CXX object CMakeFiles/ad_msgs__rosidl_typesupport_fastrtps_c.dir/rosidl_typesupport_fastrtps_c/ad_msgs/msg/detail/mission_region__type_support_c.cpp.o[0m
[16.408s] [ 72%] [32mBuilding CXX object CMakeFiles/ad_msgs__rosidl_typesupport_fastrtps_cpp.dir/rosidl_typesupport_fastrtps_cpp/ad_msgs/msg/detail/dds_fastrtps/lane_point_data__type_support.cpp.o[0m
[16.418s] [ 73%] [32mBuilding CXX object CMakeFiles/ad_msgs__rosidl_typesupport_fastrtps_c.dir/rosidl_typesupport_fastrtps_c/ad_msgs/msg/detail/mission_display__type_support_c.cpp.o[0m
[16.611s] [ 74%] [32mBuilding CXX object CMakeFiles/ad_msgs__rosidl_typesupport_fastrtps_c.dir/rosidl_typesupport_fastrtps_c/ad_msgs/msg/detail/polyfit_lane_data__type_support_c.cpp.o[0m
[17.024s] [ 75%] [32mBuilding CXX object CMakeFiles/ad_msgs__rosidl_typesupport_fastrtps_c.dir/rosidl_typesupport_fastrtps_c/ad_msgs/msg/detail/lane_point_data__type_support_c.cpp.o[0m
[17.257s] [ 76%] [32m[1mLinking CXX shared library libad_msgs__rosidl_typesupport_introspection_cpp.so[0m
[17.347s] [ 77%] [32mBuilding CXX object CMakeFiles/ad_msgs__rosidl_typesupport_fastrtps_cpp.dir/rosidl_typesupport_fastrtps_cpp/ad_msgs/msg/detail/dds_fastrtps/lane_point_data_array__type_support.cpp.o[0m
[17.660s] [ 78%] [32mBuilding CXX object CMakeFiles/ad_msgs__rosidl_typesupport_fastrtps_cpp.dir/rosidl_typesupport_fastrtps_cpp/ad_msgs/msg/detail/dds_fastrtps/polyfit_lane_data_array__type_support.cpp.o[0m
[17.860s] [ 79%] [32mBuilding CXX object CMakeFiles/ad_msgs__rosidl_typesupport_fastrtps_c.dir/rosidl_typesupport_fastrtps_c/ad_msgs/msg/detail/lane_point_data_array__type_support_c.cpp.o[0m
[17.902s] [ 79%] Built target ad_msgs__rosidl_typesupport_introspection_cpp
[17.970s] [ 80%] [32mBuilding CXX object CMakeFiles/ad_msgs__rosidl_typesupport_fastrtps_c.dir/rosidl_typesupport_fastrtps_c/ad_msgs/msg/detail/polyfit_lane_data_array__type_support_c.cpp.o[0m
[19.243s] [ 81%] [32m[1mLinking CXX shared library libad_msgs__rosidl_typesupport_fastrtps_c.so[0m
[19.277s] [ 82%] [32m[1mLinking CXX shared library libad_msgs__rosidl_typesupport_fastrtps_cpp.so[0m
[19.562s] [ 82%] Built target ad_msgs__rosidl_typesupport_fastrtps_c
[19.597s] [ 82%] Built target ad_msgs__rosidl_typesupport_fastrtps_cpp
[19.625s] [ 82%] Built target ad_msgs
[19.658s] [ 83%] [34m[1mGenerating Python code for ROS interfaces[0m
[21.861s] [ 83%] Built target ad_msgs__py
[21.899s] [ 84%] [32mBuilding C object CMakeFiles/ad_msgs__rosidl_generator_py.dir/rosidl_generator_py/ad_msgs/msg/_vehicle_state_s.c.o[0m
[21.901s] [ 85%] [32mBuilding C object CMakeFiles/ad_msgs__rosidl_generator_py.dir/rosidl_generator_py/ad_msgs/msg/_mission_s.c.o[0m
[21.901s] [ 86%] [32mBuilding C object CMakeFiles/ad_msgs__rosidl_generator_py.dir/rosidl_generator_py/ad_msgs/msg/_vehicle_command_s.c.o[0m
[21.902s] [ 87%] [32mBuilding C object CMakeFiles/ad_msgs__rosidl_generator_py.dir/rosidl_generator_py/ad_msgs/msg/_mission_display_s.c.o[0m
[21.906s] [ 88%] [32mBuilding C object CMakeFiles/ad_msgs__rosidl_generator_py.dir/rosidl_generator_py/ad_msgs/msg/_mission_object_s.c.o[0m
[21.916s] [ 90%] [32mBuilding C object CMakeFiles/ad_msgs__rosidl_generator_py.dir/rosidl_generator_py/ad_msgs/msg/_mission_region_s.c.o[0m
[21.917s] [ 90%] [32mBuilding C object CMakeFiles/ad_msgs__rosidl_generator_py.dir/rosidl_generator_py/ad_msgs/msg/_polyfit_lane_data_s.c.o[0m
[21.922s] [ 91%] [32mBuilding C object CMakeFiles/ad_msgs__rosidl_generator_py.dir/rosidl_generator_py/ad_msgs/msg/_lane_point_data_s.c.o[0m
[22.390s] [ 92%] [32mBuilding C object CMakeFiles/ad_msgs__rosidl_generator_py.dir/rosidl_generator_py/ad_msgs/msg/_polyfit_lane_data_array_s.c.o[0m
[22.417s] [ 93%] [32mBuilding C object CMakeFiles/ad_msgs__rosidl_generator_py.dir/rosidl_generator_py/ad_msgs/msg/_lane_point_data_array_s.c.o[0m
[22.677s] [ 94%] [32m[1mLinking C shared library rosidl_generator_py/ad_msgs/libad_msgs__rosidl_generator_py.so[0m
[22.875s] [ 94%] Built target ad_msgs__rosidl_generator_py
[22.911s] [ 95%] [32mBuilding C object CMakeFiles/ad_msgs__rosidl_typesupport_c__pyext.dir/rosidl_generator_py/ad_msgs/_ad_msgs_s.ep.rosidl_typesupport_c.c.o[0m
[22.914s] [ 96%] [32mBuilding C object CMakeFiles/ad_msgs__rosidl_typesupport_introspection_c__pyext.dir/rosidl_generator_py/ad_msgs/_ad_msgs_s.ep.rosidl_typesupport_introspection_c.c.o[0m
[22.914s] [ 97%] [32mBuilding C object CMakeFiles/ad_msgs__rosidl_typesupport_fastrtps_c__pyext.dir/rosidl_generator_py/ad_msgs/_ad_msgs_s.ep.rosidl_typesupport_fastrtps_c.c.o[0m
[23.184s] [ 98%] [32m[1mLinking C shared library rosidl_generator_py/ad_msgs/ad_msgs_s__rosidl_typesupport_introspection_c.cpython-310-x86_64-linux-gnu.so[0m
[23.194s] [ 99%] [32m[1mLinking C shared library rosidl_generator_py/ad_msgs/ad_msgs_s__rosidl_typesupport_c.cpython-310-x86_64-linux-gnu.so[0m
[23.214s] [100%] [32m[1mLinking C shared library rosidl_generator_py/ad_msgs/ad_msgs_s__rosidl_typesupport_fastrtps_c.cpython-310-x86_64-linux-gnu.so[0m
[23.414s] [100%] Built target ad_msgs__rosidl_typesupport_introspection_c__pyext
[23.416s] [100%] Built target ad_msgs__rosidl_typesupport_c__pyext
[23.452s] [100%] Built target ad_msgs__rosidl_typesupport_fastrtps_c__pyext
[23.477s] Invoked command in '/home/jeongwoo/Automotive_software_final/build/ad_msgs' returned '0': CMAKE_PREFIX_PATH=${CMAKE_PREFIX_PATH}:/opt/ros/humble /usr/bin/cmake --build /home/jeongwoo/Automotive_software_final/build/ad_msgs -- -j8 -l8
[23.949s] Invoking command in '/home/jeongwoo/Automotive_software_final/build/ad_msgs': CMAKE_PREFIX_PATH=${CMAKE_PREFIX_PATH}:/opt/ros/humble /usr/bin/cmake --install /home/jeongwoo/Automotive_software_final/build/ad_msgs
[23.959s] -- Install configuration: ""
[23.961s] -- Installing: /home/jeongwoo/Automotive_software_final/install/ad_msgs/share/ament_index/resource_index/rosidl_interfaces/ad_msgs
[23.961s] -- Installing: /home/jeongwoo/Automotive_software_final/install/ad_msgs/include/ad_msgs/ad_msgs
[23.962s] -- Installing: /home/jeongwoo/Automotive_software_final/install/ad_msgs/include/ad_msgs/ad_msgs/msg
[23.962s] -- Installing: /home/jeongwoo/Automotive_software_final/install/ad_msgs/include/ad_msgs/ad_msgs/msg/rosidl_generator_c__visibility_control.h
[23.963s] -- Installing: /home/jeongwoo/Automotive_software_final/install/ad_msgs/include/ad_msgs/ad_msgs/msg/lane_point_data_array.h
[23.963s] -- Installing: /home/jeongwoo/Automotive_software_final/install/ad_msgs/include/ad_msgs/ad_msgs/msg/mission_object.h
[23.964s] -- Installing: /home/jeongwoo/Automotive_software_final/install/ad_msgs/include/ad_msgs/ad_msgs/msg/vehicle_state.h
[23.964s] -- Installing: /home/jeongwoo/Automotive_software_final/install/ad_msgs/include/ad_msgs/ad_msgs/msg/mission.h
[23.964s] -- Installing: /home/jeongwoo/Automotive_software_final/install/ad_msgs/include/ad_msgs/ad_msgs/msg/lane_point_data.h
[23.964s] -- Installing: /home/jeongwoo/Automotive_software_final/install/ad_msgs/include/ad_msgs/ad_msgs/msg/mission_display.h
[23.965s] -- Installing: /home/jeongwoo/Automotive_software_final/install/ad_msgs/include/ad_msgs/ad_msgs/msg/mission_region.h
[23.965s] -- Installing: /home/jeongwoo/Automotive_software_final/install/ad_msgs/include/ad_msgs/ad_msgs/msg/detail
[23.966s] -- Installing: /home/jeongwoo/Automotive_software_final/install/ad_msgs/include/ad_msgs/ad_msgs/msg/detail/mission_display__functions.c
[23.966s] -- Installing: /home/jeongwoo/Automotive_software_final/install/ad_msgs/include/ad_msgs/ad_msgs/msg/detail/mission_region__struct.h
[23.966s] -- Installing: /home/jeongwoo/Automotive_software_final/install/ad_msgs/include/ad_msgs/ad_msgs/msg/detail/mission_display__type_support.h
[23.967s] -- Installing: /home/jeongwoo/Automotive_software_final/install/ad_msgs/include/ad_msgs/ad_msgs/msg/detail/lane_point_data__struct.h
[23.967s] -- Installing: /home/jeongwoo/Automotive_software_final/install/ad_msgs/include/ad_msgs/ad_msgs/msg/detail/mission_region__type_support.h
[23.968s] -- Installing: /home/jeongwoo/Automotive_software_final/install/ad_msgs/include/ad_msgs/ad_msgs/msg/detail/mission_object__functions.h
[23.968s] -- Installing: /home/jeongwoo/Automotive_software_final/install/ad_msgs/include/ad_msgs/ad_msgs/msg/detail/mission_object__struct.h
[23.968s] -- Installing: /home/jeongwoo/Automotive_software_final/install/ad_msgs/include/ad_msgs/ad_msgs/msg/detail/vehicle_command__functions.c
[23.969s] -- Installing: /home/jeongwoo/Automotive_software_final/install/ad_msgs/include/ad_msgs/ad_msgs/msg/detail/polyfit_lane_data_array__functions.h
[23.970s] -- Installing: /home/jeongwoo/Automotive_software_final/install/ad_msgs/include/ad_msgs/ad_msgs/msg/detail/lane_point_data__type_support.h
[23.970s] -- Installing: /home/jeongwoo/Automotive_software_final/install/ad_msgs/include/ad_msgs/ad_msgs/msg/detail/vehicle_state__functions.h
[23.971s] -- Installing: /home/jeongwoo/Automotive_software_final/install/ad_msgs/include/ad_msgs/ad_msgs/msg/detail/mission_display__struct.h
[23.971s] -- Installing: /home/jeongwoo/Automotive_software_final/install/ad_msgs/include/ad_msgs/ad_msgs/msg/detail/mission__struct.h
[23.971s] -- Installing: /home/jeongwoo/Automotive_software_final/install/ad_msgs/include/ad_msgs/ad_msgs/msg/detail/mission_region__functions.c
[23.972s] -- Installing: /home/jeongwoo/Automotive_software_final/install/ad_msgs/include/ad_msgs/ad_msgs/msg/detail/mission_region__functions.h
[23.973s] -- Installing: /home/jeongwoo/Automotive_software_final/install/ad_msgs/include/ad_msgs/ad_msgs/msg/detail/vehicle_state__type_support.h
[23.973s] -- Installing: /home/jeongwoo/Automotive_software_final/install/ad_msgs/include/ad_msgs/ad_msgs/msg/detail/mission__functions.c
[23.974s] -- Installing: /home/jeongwoo/Automotive_software_final/install/ad_msgs/include/ad_msgs/ad_msgs/msg/detail/polyfit_lane_data_array__functions.c
[23.974s] -- Installing: /home/jeongwoo/Automotive_software_final/install/ad_msgs/include/ad_msgs/ad_msgs/msg/detail/vehicle_state__struct.h
[23.974s] -- Installing: /home/jeongwoo/Automotive_software_final/install/ad_msgs/include/ad_msgs/ad_msgs/msg/detail/lane_point_data__functions.h
[23.975s] -- Installing: /home/jeongwoo/Automotive_software_final/install/ad_msgs/include/ad_msgs/ad_msgs/msg/detail/vehicle_command__functions.h
[23.975s] -- Installing: /home/jeongwoo/Automotive_software_final/install/ad_msgs/include/ad_msgs/ad_msgs/msg/detail/mission_object__functions.c
[23.975s] -- Installing: /home/jeongwoo/Automotive_software_final/install/ad_msgs/include/ad_msgs/ad_msgs/msg/detail/lane_point_data_array__type_support.h
[23.976s] -- Installing: /home/jeongwoo/Automotive_software_final/install/ad_msgs/include/ad_msgs/ad_msgs/msg/detail/polyfit_lane_data__functions.h
[23.976s] -- Installing: /home/jeongwoo/Automotive_software_final/install/ad_msgs/include/ad_msgs/ad_msgs/msg/detail/lane_point_data__functions.c
[23.976s] -- Installing: /home/jeongwoo/Automotive_software_final/install/ad_msgs/include/ad_msgs/ad_msgs/msg/detail/vehicle_command__struct.h
[23.976s] -- Installing: /home/jeongwoo/Automotive_software_final/install/ad_msgs/include/ad_msgs/ad_msgs/msg/detail/mission__type_support.h
[23.977s] -- Installing: /home/jeongwoo/Automotive_software_final/install/ad_msgs/include/ad_msgs/ad_msgs/msg/detail/lane_point_data_array__functions.h
[23.977s] -- Installing: /home/jeongwoo/Automotive_software_final/install/ad_msgs/include/ad_msgs/ad_msgs/msg/detail/polyfit_lane_data__type_support.h
[23.977s] -- Installing: /home/jeongwoo/Automotive_software_final/install/ad_msgs/include/ad_msgs/ad_msgs/msg/detail/polyfit_lane_data__functions.c
[23.978s] -- Installing: /home/jeongwoo/Automotive_software_final/install/ad_msgs/include/ad_msgs/ad_msgs/msg/detail/mission_display__functions.h
[23.978s] -- Installing: /home/jeongwoo/Automotive_software_final/install/ad_msgs/include/ad_msgs/ad_msgs/msg/detail/lane_point_data_array__functions.c
[23.978s] -- Installing: /home/jeongwoo/Automotive_software_final/install/ad_msgs/include/ad_msgs/ad_msgs/msg/detail/mission_object__type_support.h
[23.978s] -- Installing: /home/jeongwoo/Automotive_software_final/install/ad_msgs/include/ad_msgs/ad_msgs/msg/detail/polyfit_lane_data_array__type_support.h
[23.978s] -- Installing: /home/jeongwoo/Automotive_software_final/install/ad_msgs/include/ad_msgs/ad_msgs/msg/detail/lane_point_data_array__struct.h
[23.979s] -- Installing: /home/jeongwoo/Automotive_software_final/install/ad_msgs/include/ad_msgs/ad_msgs/msg/detail/polyfit_lane_data_array__struct.h
[23.979s] -- Installing: /home/jeongwoo/Automotive_software_final/install/ad_msgs/include/ad_msgs/ad_msgs/msg/detail/mission__functions.h
[23.979s] -- Installing: /home/jeongwoo/Automotive_software_final/install/ad_msgs/include/ad_msgs/ad_msgs/msg/detail/vehicle_state__functions.c
[23.980s] -- Installing: /home/jeongwoo/Automotive_software_final/install/ad_msgs/include/ad_msgs/ad_msgs/msg/detail/polyfit_lane_data__struct.h
[23.980s] -- Installing: /home/jeongwoo/Automotive_software_final/install/ad_msgs/include/ad_msgs/ad_msgs/msg/detail/vehicle_command__type_support.h
[23.981s] -- Installing: /home/jeongwoo/Automotive_software_final/install/ad_msgs/include/ad_msgs/ad_msgs/msg/polyfit_lane_data.h
[23.981s] -- Installing: /home/jeongwoo/Automotive_software_final/install/ad_msgs/include/ad_msgs/ad_msgs/msg/vehicle_command.h
[23.982s] -- Installing: /home/jeongwoo/Automotive_software_final/install/ad_msgs/include/ad_msgs/ad_msgs/msg/polyfit_lane_data_array.h
[23.982s] -- Installing: /home/jeongwoo/Automotive_software_final/install/ad_msgs/share/ad_msgs/environment/library_path.sh
[23.983s] -- Installing: /home/jeongwoo/Automotive_software_final/install/ad_msgs/share/ad_msgs/environment/library_path.dsv
[23.983s] -- Installing: /home/jeongwoo/Automotive_software_final/install/ad_msgs/lib/libad_msgs__rosidl_generator_c.so
[23.983s] -- Set runtime path of "/home/jeongwoo/Automotive_software_final/install/ad_msgs/lib/libad_msgs__rosidl_generator_c.so" to ""
[23.984s] -- Up-to-date: /home/jeongwoo/Automotive_software_final/install/ad_msgs/include/ad_msgs/ad_msgs
[23.984s] -- Up-to-date: /home/jeongwoo/Automotive_software_final/install/ad_msgs/include/ad_msgs/ad_msgs/msg
[23.985s] -- Up-to-date: /home/jeongwoo/Automotive_software_final/install/ad_msgs/include/ad_msgs/ad_msgs/msg/detail
[23.985s] -- Installing: /home/jeongwoo/Automotive_software_final/install/ad_msgs/include/ad_msgs/ad_msgs/msg/detail/polyfit_lane_data__rosidl_typesupport_fastrtps_c.h
[23.985s] -- Installing: /home/jeongwoo/Automotive_software_final/install/ad_msgs/include/ad_msgs/ad_msgs/msg/detail/mission_region__rosidl_typesupport_fastrtps_c.h
[23.986s] -- Installing: /home/jeongwoo/Automotive_software_final/install/ad_msgs/include/ad_msgs/ad_msgs/msg/detail/lane_point_data__rosidl_typesupport_fastrtps_c.h
[23.986s] -- Installing: /home/jeongwoo/Automotive_software_final/install/ad_msgs/include/ad_msgs/ad_msgs/msg/detail/vehicle_command__rosidl_typesupport_fastrtps_c.h
[23.986s] -- Installing: /home/jeongwoo/Automotive_software_final/install/ad_msgs/include/ad_msgs/ad_msgs/msg/detail/mission__rosidl_typesupport_fastrtps_c.h
[23.987s] -- Installing: /home/jeongwoo/Automotive_software_final/install/ad_msgs/include/ad_msgs/ad_msgs/msg/detail/mission_display__rosidl_typesupport_fastrtps_c.h
[23.987s] -- Installing: /home/jeongwoo/Automotive_software_final/install/ad_msgs/include/ad_msgs/ad_msgs/msg/detail/polyfit_lane_data_array__rosidl_typesupport_fastrtps_c.h
[23.988s] -- Installing: /home/jeongwoo/Automotive_software_final/install/ad_msgs/include/ad_msgs/ad_msgs/msg/detail/lane_point_data_array__rosidl_typesupport_fastrtps_c.h
[23.988s] -- Installing: /home/jeongwoo/Automotive_software_final/install/ad_msgs/include/ad_msgs/ad_msgs/msg/detail/mission_object__rosidl_typesupport_fastrtps_c.h
[23.988s] -- Installing: /home/jeongwoo/Automotive_software_final/install/ad_msgs/include/ad_msgs/ad_msgs/msg/detail/vehicle_state__rosidl_typesupport_fastrtps_c.h
[23.989s] -- Installing: /home/jeongwoo/Automotive_software_final/install/ad_msgs/include/ad_msgs/ad_msgs/msg/rosidl_typesupport_fastrtps_c__visibility_control.h
[23.989s] -- Installing: /home/jeongwoo/Automotive_software_final/install/ad_msgs/lib/libad_msgs__rosidl_typesupport_fastrtps_c.so
[23.990s] -- Set runtime path of "/home/jeongwoo/Automotive_software_final/install/ad_msgs/lib/libad_msgs__rosidl_typesupport_fastrtps_c.so" to ""
[23.990s] -- Up-to-date: /home/jeongwoo/Automotive_software_final/install/ad_msgs/include/ad_msgs/ad_msgs
[23.990s] -- Up-to-date: /home/jeongwoo/Automotive_software_final/install/ad_msgs/include/ad_msgs/ad_msgs/msg
[23.991s] -- Installing: /home/jeongwoo/Automotive_software_final/install/ad_msgs/include/ad_msgs/ad_msgs/msg/rosidl_typesupport_introspection_c__visibility_control.h
[23.991s] -- Up-to-date: /home/jeongwoo/Automotive_software_final/install/ad_msgs/include/ad_msgs/ad_msgs/msg/detail
[23.991s] -- Installing: /home/jeongwoo/Automotive_software_final/install/ad_msgs/include/ad_msgs/ad_msgs/msg/detail/mission_region__type_support.c
[23.992s] -- Installing: /home/jeongwoo/Automotive_software_final/install/ad_msgs/include/ad_msgs/ad_msgs/msg/detail/mission_region__rosidl_typesupport_introspection_c.h
[23.992s] -- Installing: /home/jeongwoo/Automotive_software_final/install/ad_msgs/include/ad_msgs/ad_msgs/msg/detail/vehicle_command__rosidl_typesupport_introspection_c.h
[23.992s] -- Installing: /home/jeongwoo/Automotive_software_final/install/ad_msgs/include/ad_msgs/ad_msgs/msg/detail/mission_object__rosidl_typesupport_introspection_c.h
[23.992s] -- Installing: /home/jeongwoo/Automotive_software_final/install/ad_msgs/include/ad_msgs/ad_msgs/msg/detail/mission__rosidl_typesupport_introspection_c.h
[23.993s] -- Installing: /home/jeongwoo/Automotive_software_final/install/ad_msgs/include/ad_msgs/ad_msgs/msg/detail/lane_point_data_array__rosidl_typesupport_introspection_c.h
[23.993s] -- Installing: /home/jeongwoo/Automotive_software_final/install/ad_msgs/include/ad_msgs/ad_msgs/msg/detail/lane_point_data__type_support.c
[23.993s] -- Installing: /home/jeongwoo/Automotive_software_final/install/ad_msgs/include/ad_msgs/ad_msgs/msg/detail/mission__type_support.c
[23.994s] -- Installing: /home/jeongwoo/Automotive_software_final/install/ad_msgs/include/ad_msgs/ad_msgs/msg/detail/vehicle_state__rosidl_typesupport_introspection_c.h
[23.994s] -- Installing: /home/jeongwoo/Automotive_software_final/install/ad_msgs/include/ad_msgs/ad_msgs/msg/detail/polyfit_lane_data_array__rosidl_typesupport_introspection_c.h
[23.995s] -- Installing: /home/jeongwoo/Automotive_software_final/install/ad_msgs/include/ad_msgs/ad_msgs/msg/detail/polyfit_lane_data__type_support.c
[23.995s] -- Installing: /home/jeongwoo/Automotive_software_final/install/ad_msgs/include/ad_msgs/ad_msgs/msg/detail/polyfit_lane_data__rosidl_typesupport_introspection_c.h
[23.996s] -- Installing: /home/jeongwoo/Automotive_software_final/install/ad_msgs/include/ad_msgs/ad_msgs/msg/detail/lane_point_data__rosidl_typesupport_introspection_c.h
[23.997s] -- Installing: /home/jeongwoo/Automotive_software_final/install/ad_msgs/include/ad_msgs/ad_msgs/msg/detail/mission_object__type_support.c
[23.997s] -- Installing: /home/jeongwoo/Automotive_software_final/install/ad_msgs/include/ad_msgs/ad_msgs/msg/detail/mission_display__rosidl_typesupport_introspection_c.h
[23.998s] -- Installing: /home/jeongwoo/Automotive_software_final/install/ad_msgs/include/ad_msgs/ad_msgs/msg/detail/lane_point_data_array__type_support.c
[23.999s] -- Installing: /home/jeongwoo/Automotive_software_final/install/ad_msgs/include/ad_msgs/ad_msgs/msg/detail/mission_display__type_support.c
[23.999s] -- Installing: /home/jeongwoo/Automotive_software_final/install/ad_msgs/include/ad_msgs/ad_msgs/msg/detail/polyfit_lane_data_array__type_support.c
[24.000s] -- Installing: /home/jeongwoo/Automotive_software_final/install/ad_msgs/include/ad_msgs/ad_msgs/msg/detail/vehicle_state__type_support.c
[24.000s] -- Installing: /home/jeongwoo/Automotive_software_final/install/ad_msgs/include/ad_msgs/ad_msgs/msg/detail/vehicle_command__type_support.c
[24.000s] -- Installing: /home/jeongwoo/Automotive_software_final/install/ad_msgs/lib/libad_msgs__rosidl_typesupport_introspection_c.so
[24.001s] -- Set runtime path of "/home/jeongwoo/Automotive_software_final/install/ad_msgs/lib/libad_msgs__rosidl_typesupport_introspection_c.so" to ""
[24.001s] -- Installing: /home/jeongwoo/Automotive_software_final/install/ad_msgs/lib/libad_msgs__rosidl_typesupport_c.so
[24.002s] -- Set runtime path of "/home/jeongwoo/Automotive_software_final/install/ad_msgs/lib/libad_msgs__rosidl_typesupport_c.so" to ""
[24.002s] -- Up-to-date: /home/jeongwoo/Automotive_software_final/install/ad_msgs/include/ad_msgs/ad_msgs
[24.003s] -- Up-to-date: /home/jeongwoo/Automotive_software_final/install/ad_msgs/include/ad_msgs/ad_msgs/msg
[24.003s] -- Installing: /home/jeongwoo/Automotive_software_final/install/ad_msgs/include/ad_msgs/ad_msgs/msg/mission_object.hpp
[24.003s] -- Installing: /home/jeongwoo/Automotive_software_final/install/ad_msgs/include/ad_msgs/ad_msgs/msg/lane_point_data.hpp
[24.003s] -- Installing: /home/jeongwoo/Automotive_software_final/install/ad_msgs/include/ad_msgs/ad_msgs/msg/mission_region.hpp
[24.003s] -- Installing: /home/jeongwoo/Automotive_software_final/install/ad_msgs/include/ad_msgs/ad_msgs/msg/mission_display.hpp
[24.004s] -- Installing: /home/jeongwoo/Automotive_software_final/install/ad_msgs/include/ad_msgs/ad_msgs/msg/vehicle_command.hpp
[24.004s] -- Installing: /home/jeongwoo/Automotive_software_final/install/ad_msgs/include/ad_msgs/ad_msgs/msg/polyfit_lane_data_array.hpp
[24.004s] -- Installing: /home/jeongwoo/Automotive_software_final/install/ad_msgs/include/ad_msgs/ad_msgs/msg/vehicle_state.hpp
[24.004s] -- Up-to-date: /home/jeongwoo/Automotive_software_final/install/ad_msgs/include/ad_msgs/ad_msgs/msg/detail
[24.005s] -- Installing: /home/jeongwoo/Automotive_software_final/install/ad_msgs/include/ad_msgs/ad_msgs/msg/detail/vehicle_state__traits.hpp
[24.005s] -- Installing: /home/jeongwoo/Automotive_software_final/install/ad_msgs/include/ad_msgs/ad_msgs/msg/detail/polyfit_lane_data_array__traits.hpp
[24.006s] -- Installing: /home/jeongwoo/Automotive_software_final/install/ad_msgs/include/ad_msgs/ad_msgs/msg/detail/vehicle_state__builder.hpp
[24.006s] -- Installing: /home/jeongwoo/Automotive_software_final/install/ad_msgs/include/ad_msgs/ad_msgs/msg/detail/mission_object__struct.hpp
[24.006s] -- Installing: /home/jeongwoo/Automotive_software_final/install/ad_msgs/include/ad_msgs/ad_msgs/msg/detail/mission__struct.hpp
[24.007s] -- Installing: /home/jeongwoo/Automotive_software_final/install/ad_msgs/include/ad_msgs/ad_msgs/msg/detail/mission_object__builder.hpp
[24.007s] -- Installing: /home/jeongwoo/Automotive_software_final/install/ad_msgs/include/ad_msgs/ad_msgs/msg/detail/lane_point_data__traits.hpp
[24.007s] -- Installing: /home/jeongwoo/Automotive_software_final/install/ad_msgs/include/ad_msgs/ad_msgs/msg/detail/mission_region__builder.hpp
[24.008s] -- Installing: /home/jeongwoo/Automotive_software_final/install/ad_msgs/include/ad_msgs/ad_msgs/msg/detail/mission_region__struct.hpp
[24.008s] -- Installing: /home/jeongwoo/Automotive_software_final/install/ad_msgs/include/ad_msgs/ad_msgs/msg/detail/vehicle_command__builder.hpp
[24.008s] -- Installing: /home/jeongwoo/Automotive_software_final/install/ad_msgs/include/ad_msgs/ad_msgs/msg/detail/lane_point_data_array__traits.hpp
[24.008s] -- Installing: /home/jeongwoo/Automotive_software_final/install/ad_msgs/include/ad_msgs/ad_msgs/msg/detail/mission__builder.hpp
[24.009s] -- Installing: /home/jeongwoo/Automotive_software_final/install/ad_msgs/include/ad_msgs/ad_msgs/msg/detail/vehicle_command__traits.hpp
[24.009s] -- Installing: /home/jeongwoo/Automotive_software_final/install/ad_msgs/include/ad_msgs/ad_msgs/msg/detail/vehicle_command__struct.hpp
[24.010s] -- Installing: /home/jeongwoo/Automotive_software_final/install/ad_msgs/include/ad_msgs/ad_msgs/msg/detail/mission_display__struct.hpp
[24.010s] -- Installing: /home/jeongwoo/Automotive_software_final/install/ad_msgs/include/ad_msgs/ad_msgs/msg/detail/mission_region__traits.hpp
[24.010s] -- Installing: /home/jeongwoo/Automotive_software_final/install/ad_msgs/include/ad_msgs/ad_msgs/msg/detail/lane_point_data_array__struct.hpp
[24.011s] -- Installing: /home/jeongwoo/Automotive_software_final/install/ad_msgs/include/ad_msgs/ad_msgs/msg/detail/polyfit_lane_data__builder.hpp
[24.011s] -- Installing: /home/jeongwoo/Automotive_software_final/install/ad_msgs/include/ad_msgs/ad_msgs/msg/detail/mission_display__traits.hpp
[24.011s] -- Installing: /home/jeongwoo/Automotive_software_final/install/ad_msgs/include/ad_msgs/ad_msgs/msg/detail/polyfit_lane_data_array__builder.hpp
[24.012s] -- Installing: /home/jeongwoo/Automotive_software_final/install/ad_msgs/include/ad_msgs/ad_msgs/msg/detail/polyfit_lane_data_array__struct.hpp
[24.012s] -- Installing: /home/jeongwoo/Automotive_software_final/install/ad_msgs/include/ad_msgs/ad_msgs/msg/detail/vehicle_state__struct.hpp
[24.012s] -- Installing: /home/jeongwoo/Automotive_software_final/install/ad_msgs/include/ad_msgs/ad_msgs/msg/detail/lane_point_data__struct.hpp
[24.012s] -- Installing: /home/jeongwoo/Automotive_software_final/install/ad_msgs/include/ad_msgs/ad_msgs/msg/detail/polyfit_lane_data__traits.hpp
[24.013s] -- Installing: /home/jeongwoo/Automotive_software_final/install/ad_msgs/include/ad_msgs/ad_msgs/msg/detail/polyfit_lane_data__struct.hpp
[24.013s] -- Installing: /home/jeongwoo/Automotive_software_final/install/ad_msgs/include/ad_msgs/ad_msgs/msg/detail/mission_display__builder.hpp
[24.013s] -- Installing: /home/jeongwoo/Automotive_software_final/install/ad_msgs/include/ad_msgs/ad_msgs/msg/detail/mission_object__traits.hpp
[24.014s] -- Installing: /home/jeongwoo/Automotive_software_final/install/ad_msgs/include/ad_msgs/ad_msgs/msg/detail/mission__traits.hpp
[24.014s] -- Installing: /home/jeongwoo/Automotive_software_final/install/ad_msgs/include/ad_msgs/ad_msgs/msg/detail/lane_point_data__builder.hpp
[24.014s] -- Installing: /home/jeongwoo/Automotive_software_final/install/ad_msgs/include/ad_msgs/ad_msgs/msg/detail/lane_point_data_array__builder.hpp
[24.014s] -- Installing: /home/jeongwoo/Automotive_software_final/install/ad_msgs/include/ad_msgs/ad_msgs/msg/mission.hpp
[24.015s] -- Installing: /home/jeongwoo/Automotive_software_final/install/ad_msgs/include/ad_msgs/ad_msgs/msg/lane_point_data_array.hpp
[24.015s] -- Installing: /home/jeongwoo/Automotive_software_final/install/ad_msgs/include/ad_msgs/ad_msgs/msg/polyfit_lane_data.hpp
[24.016s] -- Up-to-date: /home/jeongwoo/Automotive_software_final/install/ad_msgs/include/ad_msgs/ad_msgs
[24.016s] -- Up-to-date: /home/jeongwoo/Automotive_software_final/install/ad_msgs/include/ad_msgs/ad_msgs/msg
[24.017s] -- Up-to-date: /home/jeongwoo/Automotive_software_final/install/ad_msgs/include/ad_msgs/ad_msgs/msg/detail
[24.017s] -- Installing: /home/jeongwoo/Automotive_software_final/install/ad_msgs/include/ad_msgs/ad_msgs/msg/detail/lane_point_data_array__rosidl_typesupport_fastrtps_cpp.hpp
[24.018s] -- Installing: /home/jeongwoo/Automotive_software_final/install/ad_msgs/include/ad_msgs/ad_msgs/msg/detail/mission__rosidl_typesupport_fastrtps_cpp.hpp
[24.018s] -- Installing: /home/jeongwoo/Automotive_software_final/install/ad_msgs/include/ad_msgs/ad_msgs/msg/detail/lane_point_data__rosidl_typesupport_fastrtps_cpp.hpp
[24.018s] -- Installing: /home/jeongwoo/Automotive_software_final/install/ad_msgs/include/ad_msgs/ad_msgs/msg/detail/vehicle_command__rosidl_typesupport_fastrtps_cpp.hpp
[24.019s] -- Installing: /home/jeongwoo/Automotive_software_final/install/ad_msgs/include/ad_msgs/ad_msgs/msg/detail/mission_display__rosidl_typesupport_fastrtps_cpp.hpp
[24.019s] -- Installing: /home/jeongwoo/Automotive_software_final/install/ad_msgs/include/ad_msgs/ad_msgs/msg/detail/polyfit_lane_data__rosidl_typesupport_fastrtps_cpp.hpp
[24.019s] -- Installing: /home/jeongwoo/Automotive_software_final/install/ad_msgs/include/ad_msgs/ad_msgs/msg/detail/mission_region__rosidl_typesupport_fastrtps_cpp.hpp
[24.019s] -- Installing: /home/jeongwoo/Automotive_software_final/install/ad_msgs/include/ad_msgs/ad_msgs/msg/detail/mission_object__rosidl_typesupport_fastrtps_cpp.hpp
[24.020s] -- Installing: /home/jeongwoo/Automotive_software_final/install/ad_msgs/include/ad_msgs/ad_msgs/msg/detail/vehicle_state__rosidl_typesupport_fastrtps_cpp.hpp
[24.020s] -- Installing: /home/jeongwoo/Automotive_software_final/install/ad_msgs/include/ad_msgs/ad_msgs/msg/detail/polyfit_lane_data_array__rosidl_typesupport_fastrtps_cpp.hpp
[24.021s] -- Installing: /home/jeongwoo/Automotive_software_final/install/ad_msgs/include/ad_msgs/ad_msgs/msg/detail/dds_fastrtps
[24.021s] -- Installing: /home/jeongwoo/Automotive_software_final/install/ad_msgs/include/ad_msgs/ad_msgs/msg/rosidl_typesupport_fastrtps_cpp__visibility_control.h
[24.022s] -- Installing: /home/jeongwoo/Automotive_software_final/install/ad_msgs/lib/libad_msgs__rosidl_typesupport_fastrtps_cpp.so
[24.022s] -- Set runtime path of "/home/jeongwoo/Automotive_software_final/install/ad_msgs/lib/libad_msgs__rosidl_typesupport_fastrtps_cpp.so" to ""
[24.023s] -- Up-to-date: /home/jeongwoo/Automotive_software_final/install/ad_msgs/include/ad_msgs/ad_msgs
[24.023s] -- Up-to-date: /home/jeongwoo/Automotive_software_final/install/ad_msgs/include/ad_msgs/ad_msgs/msg
[24.023s] -- Up-to-date: /home/jeongwoo/Automotive_software_final/install/ad_msgs/include/ad_msgs/ad_msgs/msg/detail
[24.024s] -- Installing: /home/jeongwoo/Automotive_software_final/install/ad_msgs/include/ad_msgs/ad_msgs/msg/detail/mission_display__type_support.cpp
[24.024s] -- Installing: /home/jeongwoo/Automotive_software_final/install/ad_msgs/include/ad_msgs/ad_msgs/msg/detail/lane_point_data__type_support.cpp
[24.025s] -- Installing: /home/jeongwoo/Automotive_software_final/install/ad_msgs/include/ad_msgs/ad_msgs/msg/detail/lane_point_data__rosidl_typesupport_introspection_cpp.hpp
[24.025s] -- Installing: /home/jeongwoo/Automotive_software_final/install/ad_msgs/include/ad_msgs/ad_msgs/msg/detail/vehicle_state__rosidl_typesupport_introspection_cpp.hpp
[24.026s] -- Installing: /home/jeongwoo/Automotive_software_final/install/ad_msgs/include/ad_msgs/ad_msgs/msg/detail/mission_display__rosidl_typesupport_introspection_cpp.hpp
[24.026s] -- Installing: /home/jeongwoo/Automotive_software_final/install/ad_msgs/include/ad_msgs/ad_msgs/msg/detail/polyfit_lane_data__rosidl_typesupport_introspection_cpp.hpp
[24.026s] -- Installing: /home/jeongwoo/Automotive_software_final/install/ad_msgs/include/ad_msgs/ad_msgs/msg/detail/polyfit_lane_data__type_support.cpp
[24.026s] -- Installing: /home/jeongwoo/Automotive_software_final/install/ad_msgs/include/ad_msgs/ad_msgs/msg/detail/lane_point_data_array__rosidl_typesupport_introspection_cpp.hpp
[24.027s] -- Installing: /home/jeongwoo/Automotive_software_final/install/ad_msgs/include/ad_msgs/ad_msgs/msg/detail/lane_point_data_array__type_support.cpp
[24.027s] -- Installing: /home/jeongwoo/Automotive_software_final/install/ad_msgs/include/ad_msgs/ad_msgs/msg/detail/vehicle_state__type_support.cpp
[24.027s] -- Installing: /home/jeongwoo/Automotive_software_final/install/ad_msgs/include/ad_msgs/ad_msgs/msg/detail/mission_region__rosidl_typesupport_introspection_cpp.hpp
[24.027s] -- Installing: /home/jeongwoo/Automotive_software_final/install/ad_msgs/include/ad_msgs/ad_msgs/msg/detail/mission__type_support.cpp
[24.028s] -- Installing: /home/jeongwoo/Automotive_software_final/install/ad_msgs/include/ad_msgs/ad_msgs/msg/detail/vehicle_command__type_support.cpp
[24.028s] -- Installing: /home/jeongwoo/Automotive_software_final/install/ad_msgs/include/ad_msgs/ad_msgs/msg/detail/vehicle_command__rosidl_typesupport_introspection_cpp.hpp
[24.028s] -- Installing: /home/jeongwoo/Automotive_software_final/install/ad_msgs/include/ad_msgs/ad_msgs/msg/detail/polyfit_lane_data_array__rosidl_typesupport_introspection_cpp.hpp
[24.030s] -- Installing: /home/jeongwoo/Automotive_software_final/install/ad_msgs/include/ad_msgs/ad_msgs/msg/detail/mission_object__rosidl_typesupport_introspection_cpp.hpp
[24.032s] -- Installing: /home/jeongwoo/Automotive_software_final/install/ad_msgs/include/ad_msgs/ad_msgs/msg/detail/mission__rosidl_typesupport_introspection_cpp.hpp
[24.032s] -- Installing: /home/jeongwoo/Automotive_software_final/install/ad_msgs/include/ad_msgs/ad_msgs/msg/detail/mission_object__type_support.cpp
[24.033s] -- Installing: /home/jeongwoo/Automotive_software_final/install/ad_msgs/include/ad_msgs/ad_msgs/msg/detail/polyfit_lane_data_array__type_support.cpp
[24.033s] -- Installing: /home/jeongwoo/Automotive_software_final/install/ad_msgs/include/ad_msgs/ad_msgs/msg/detail/mission_region__type_support.cpp
[24.034s] -- Installing: /home/jeongwoo/Automotive_software_final/install/ad_msgs/lib/libad_msgs__rosidl_typesupport_introspection_cpp.so
[24.035s] -- Set runtime path of "/home/jeongwoo/Automotive_software_final/install/ad_msgs/lib/libad_msgs__rosidl_typesupport_introspection_cpp.so" to ""
[24.036s] -- Installing: /home/jeongwoo/Automotive_software_final/install/ad_msgs/lib/libad_msgs__rosidl_typesupport_cpp.so
[24.036s] -- Set runtime path of "/home/jeongwoo/Automotive_software_final/install/ad_msgs/lib/libad_msgs__rosidl_typesupport_cpp.so" to ""
[24.037s] -- Installing: /home/jeongwoo/Automotive_software_final/install/ad_msgs/share/ad_msgs/environment/pythonpath.sh
[24.039s] -- Installing: /home/jeongwoo/Automotive_software_final/install/ad_msgs/share/ad_msgs/environment/pythonpath.dsv
[24.040s] -- Installing: /home/jeongwoo/Automotive_software_final/install/ad_msgs/local/lib/python3.10/dist-packages/ad_msgs-0.0.0-py3.10.egg-info
[24.040s] -- Installing: /home/jeongwoo/Automotive_software_final/install/ad_msgs/local/lib/python3.10/dist-packages/ad_msgs-0.0.0-py3.10.egg-info/PKG-INFO
[24.040s] -- Installing: /home/jeongwoo/Automotive_software_final/install/ad_msgs/local/lib/python3.10/dist-packages/ad_msgs-0.0.0-py3.10.egg-info/top_level.txt
[24.041s] -- Installing: /home/jeongwoo/Automotive_software_final/install/ad_msgs/local/lib/python3.10/dist-packages/ad_msgs-0.0.0-py3.10.egg-info/dependency_links.txt
[24.041s] -- Installing: /home/jeongwoo/Automotive_software_final/install/ad_msgs/local/lib/python3.10/dist-packages/ad_msgs-0.0.0-py3.10.egg-info/SOURCES.txt
[24.042s] -- Installing: /home/jeongwoo/Automotive_software_final/install/ad_msgs/local/lib/python3.10/dist-packages/ad_msgs
[24.042s] -- Installing: /home/jeongwoo/Automotive_software_final/install/ad_msgs/local/lib/python3.10/dist-packages/ad_msgs/ad_msgs_s__rosidl_typesupport_fastrtps_c.cpython-310-x86_64-linux-gnu.so
[24.042s] -- Installing: /home/jeongwoo/Automotive_software_final/install/ad_msgs/local/lib/python3.10/dist-packages/ad_msgs/_ad_msgs_s.ep.rosidl_typesupport_introspection_c.c
[24.043s] -- Installing: /home/jeongwoo/Automotive_software_final/install/ad_msgs/local/lib/python3.10/dist-packages/ad_msgs/libad_msgs__rosidl_generator_py.so
[24.044s] -- Installing: /home/jeongwoo/Automotive_software_final/install/ad_msgs/local/lib/python3.10/dist-packages/ad_msgs/_ad_msgs_s.ep.rosidl_typesupport_c.c
[24.044s] -- Installing: /home/jeongwoo/Automotive_software_final/install/ad_msgs/local/lib/python3.10/dist-packages/ad_msgs/msg
[24.045s] -- Installing: /home/jeongwoo/Automotive_software_final/install/ad_msgs/local/lib/python3.10/dist-packages/ad_msgs/msg/_vehicle_command.py
[24.045s] -- Installing: /home/jeongwoo/Automotive_software_final/install/ad_msgs/local/lib/python3.10/dist-packages/ad_msgs/msg/_polyfit_lane_data_s.c
[24.045s] -- Installing: /home/jeongwoo/Automotive_software_final/install/ad_msgs/local/lib/python3.10/dist-packages/ad_msgs/msg/_mission_region.py
[24.045s] -- Installing: /home/jeongwoo/Automotive_software_final/install/ad_msgs/local/lib/python3.10/dist-packages/ad_msgs/msg/_lane_point_data_array_s.c
[24.046s] -- Installing: /home/jeongwoo/Automotive_software_final/install/ad_msgs/local/lib/python3.10/dist-packages/ad_msgs/msg/_mission_s.c
[24.046s] -- Installing: /home/jeongwoo/Automotive_software_final/install/ad_msgs/local/lib/python3.10/dist-packages/ad_msgs/msg/_lane_point_data.py
[24.046s] -- Installing: /home/jeongwoo/Automotive_software_final/install/ad_msgs/local/lib/python3.10/dist-packages/ad_msgs/msg/_mission_display.py
[24.046s] -- Installing: /home/jeongwoo/Automotive_software_final/install/ad_msgs/local/lib/python3.10/dist-packages/ad_msgs/msg/_vehicle_command_s.c
[24.046s] -- Installing: /home/jeongwoo/Automotive_software_final/install/ad_msgs/local/lib/python3.10/dist-packages/ad_msgs/msg/_polyfit_lane_data_array.py
[24.047s] -- Installing: /home/jeongwoo/Automotive_software_final/install/ad_msgs/local/lib/python3.10/dist-packages/ad_msgs/msg/_mission_region_s.c
[24.047s] -- Installing: /home/jeongwoo/Automotive_software_final/install/ad_msgs/local/lib/python3.10/dist-packages/ad_msgs/msg/_lane_point_data_array.py
[24.047s] -- Installing: /home/jeongwoo/Automotive_software_final/install/ad_msgs/local/lib/python3.10/dist-packages/ad_msgs/msg/_mission.py
[24.047s] -- Installing: /home/jeongwoo/Automotive_software_final/install/ad_msgs/local/lib/python3.10/dist-packages/ad_msgs/msg/_vehicle_state_s.c
[24.047s] -- Installing: /home/jeongwoo/Automotive_software_final/install/ad_msgs/local/lib/python3.10/dist-packages/ad_msgs/msg/_lane_point_data_s.c
[24.048s] -- Installing: /home/jeongwoo/Automotive_software_final/install/ad_msgs/local/lib/python3.10/dist-packages/ad_msgs/msg/_vehicle_state.py
[24.048s] -- Installing: /home/jeongwoo/Automotive_software_final/install/ad_msgs/local/lib/python3.10/dist-packages/ad_msgs/msg/_mission_object_s.c
[24.048s] -- Installing: /home/jeongwoo/Automotive_software_final/install/ad_msgs/local/lib/python3.10/dist-packages/ad_msgs/msg/_polyfit_lane_data.py
[24.048s] -- Installing: /home/jeongwoo/Automotive_software_final/install/ad_msgs/local/lib/python3.10/dist-packages/ad_msgs/msg/_mission_object.py
[24.048s] -- Installing: /home/jeongwoo/Automotive_software_final/install/ad_msgs/local/lib/python3.10/dist-packages/ad_msgs/msg/_polyfit_lane_data_array_s.c
[24.048s] -- Installing: /home/jeongwoo/Automotive_software_final/install/ad_msgs/local/lib/python3.10/dist-packages/ad_msgs/msg/_mission_display_s.c
[24.049s] -- Installing: /home/jeongwoo/Automotive_software_final/install/ad_msgs/local/lib/python3.10/dist-packages/ad_msgs/msg/__init__.py
[24.049s] -- Installing: /home/jeongwoo/Automotive_software_final/install/ad_msgs/local/lib/python3.10/dist-packages/ad_msgs/ad_msgs_s__rosidl_typesupport_introspection_c.cpython-310-x86_64-linux-gnu.so
[24.049s] -- Installing: /home/jeongwoo/Automotive_software_final/install/ad_msgs/local/lib/python3.10/dist-packages/ad_msgs/ad_msgs_s__rosidl_typesupport_c.cpython-310-x86_64-linux-gnu.so
[24.049s] -- Installing: /home/jeongwoo/Automotive_software_final/install/ad_msgs/local/lib/python3.10/dist-packages/ad_msgs/__init__.py
[24.049s] -- Installing: /home/jeongwoo/Automotive_software_final/install/ad_msgs/local/lib/python3.10/dist-packages/ad_msgs/_ad_msgs_s.ep.rosidl_typesupport_fastrtps_c.c
[24.193s] Listing '/home/jeongwoo/Automotive_software_final/install/ad_msgs/local/lib/python3.10/dist-packages/ad_msgs'...
[24.193s] Compiling '/home/jeongwoo/Automotive_software_final/install/ad_msgs/local/lib/python3.10/dist-packages/ad_msgs/__init__.py'...
[24.194s] Listing '/home/jeongwoo/Automotive_software_final/install/ad_msgs/local/lib/python3.10/dist-packages/ad_msgs/msg'...
[24.194s] Compiling '/home/jeongwoo/Automotive_software_final/install/ad_msgs/local/lib/python3.10/dist-packages/ad_msgs/msg/__init__.py'...
[24.194s] Compiling '/home/jeongwoo/Automotive_software_final/install/ad_msgs/local/lib/python3.10/dist-packages/ad_msgs/msg/_lane_point_data.py'...
[24.194s] Compiling '/home/jeongwoo/Automotive_software_final/install/ad_msgs/local/lib/python3.10/dist-packages/ad_msgs/msg/_lane_point_data_array.py'...
[24.195s] Compiling '/home/jeongwoo/Automotive_software_final/install/ad_msgs/local/lib/python3.10/dist-packages/ad_msgs/msg/_mission.py'...
[24.195s] Compiling '/home/jeongwoo/Automotive_software_final/install/ad_msgs/local/lib/python3.10/dist-packages/ad_msgs/msg/_mission_display.py'...
[24.195s] Compiling '/home/jeongwoo/Automotive_software_final/install/ad_msgs/local/lib/python3.10/dist-packages/ad_msgs/msg/_mission_object.py'...
[24.195s] Compiling '/home/jeongwoo/Automotive_software_final/install/ad_msgs/local/lib/python3.10/dist-packages/ad_msgs/msg/_mission_region.py'...
[24.195s] Compiling '/home/jeongwoo/Automotive_software_final/install/ad_msgs/local/lib/python3.10/dist-packages/ad_msgs/msg/_polyfit_lane_data.py'...
[24.196s] Compiling '/home/jeongwoo/Automotive_software_final/install/ad_msgs/local/lib/python3.10/dist-packages/ad_msgs/msg/_polyfit_lane_data_array.py'...
[24.196s] Compiling '/home/jeongwoo/Automotive_software_final/install/ad_msgs/local/lib/python3.10/dist-packages/ad_msgs/msg/_vehicle_command.py'...
[24.196s] Compiling '/home/jeongwoo/Automotive_software_final/install/ad_msgs/local/lib/python3.10/dist-packages/ad_msgs/msg/_vehicle_state.py'...
[24.207s] -- Installing: /home/jeongwoo/Automotive_software_final/install/ad_msgs/local/lib/python3.10/dist-packages/ad_msgs/ad_msgs_s__rosidl_typesupport_fastrtps_c.cpython-310-x86_64-linux-gnu.so
[24.209s] -- Set runtime path of "/home/jeongwoo/Automotive_software_final/install/ad_msgs/local/lib/python3.10/dist-packages/ad_msgs/ad_msgs_s__rosidl_typesupport_fastrtps_c.cpython-310-x86_64-linux-gnu.so" to ""
[24.210s] -- Installing: /home/jeongwoo/Automotive_software_final/install/ad_msgs/local/lib/python3.10/dist-packages/ad_msgs/ad_msgs_s__rosidl_typesupport_introspection_c.cpython-310-x86_64-linux-gnu.so
[24.211s] -- Set runtime path of "/home/jeongwoo/Automotive_software_final/install/ad_msgs/local/lib/python3.10/dist-packages/ad_msgs/ad_msgs_s__rosidl_typesupport_introspection_c.cpython-310-x86_64-linux-gnu.so" to ""
[24.212s] -- Installing: /home/jeongwoo/Automotive_software_final/install/ad_msgs/local/lib/python3.10/dist-packages/ad_msgs/ad_msgs_s__rosidl_typesupport_c.cpython-310-x86_64-linux-gnu.so
[24.213s] -- Set runtime path of "/home/jeongwoo/Automotive_software_final/install/ad_msgs/local/lib/python3.10/dist-packages/ad_msgs/ad_msgs_s__rosidl_typesupport_c.cpython-310-x86_64-linux-gnu.so" to ""
[24.214s] -- Installing: /home/jeongwoo/Automotive_software_final/install/ad_msgs/lib/libad_msgs__rosidl_generator_py.so
[24.215s] -- Set runtime path of "/home/jeongwoo/Automotive_software_final/install/ad_msgs/lib/libad_msgs__rosidl_generator_py.so" to ""
[24.216s] -- Installing: /home/jeongwoo/Automotive_software_final/install/ad_msgs/share/ad_msgs/msg/VehicleState.idl
[24.216s] -- Installing: /home/jeongwoo/Automotive_software_final/install/ad_msgs/share/ad_msgs/msg/VehicleCommand.idl
[24.216s] -- Installing: /home/jeongwoo/Automotive_software_final/install/ad_msgs/share/ad_msgs/msg/Mission.idl
[24.217s] -- Installing: /home/jeongwoo/Automotive_software_final/install/ad_msgs/share/ad_msgs/msg/MissionObject.idl
[24.217s] -- Installing: /home/jeongwoo/Automotive_software_final/install/ad_msgs/share/ad_msgs/msg/MissionRegion.idl
[24.217s] -- Installing: /home/jeongwoo/Automotive_software_final/install/ad_msgs/share/ad_msgs/msg/MissionDisplay.idl
[24.218s] -- Installing: /home/jeongwoo/Automotive_software_final/install/ad_msgs/share/ad_msgs/msg/PolyfitLaneData.idl
[24.220s] -- Installing: /home/jeongwoo/Automotive_software_final/install/ad_msgs/share/ad_msgs/msg/LanePointData.idl
[24.220s] -- Installing: /home/jeongwoo/Automotive_software_final/install/ad_msgs/share/ad_msgs/msg/LanePointDataArray.idl
[24.220s] -- Installing: /home/jeongwoo/Automotive_software_final/install/ad_msgs/share/ad_msgs/msg/PolyfitLaneDataArray.idl
[24.220s] -- Installing: /home/jeongwoo/Automotive_software_final/install/ad_msgs/share/ad_msgs/msg/VehicleState.msg
[24.223s] -- Installing: /home/jeongwoo/Automotive_software_final/install/ad_msgs/share/ad_msgs/msg/VehicleCommand.msg
[24.225s] -- Installing: /home/jeongwoo/Automotive_software_final/install/ad_msgs/share/ad_msgs/msg/Mission.msg
[24.225s] -- Installing: /home/jeongwoo/Automotive_software_final/install/ad_msgs/share/ad_msgs/msg/MissionObject.msg
[24.226s] -- Installing: /home/jeongwoo/Automotive_software_final/install/ad_msgs/share/ad_msgs/msg/MissionRegion.msg
[24.227s] -- Installing: /home/jeongwoo/Automotive_software_final/install/ad_msgs/share/ad_msgs/msg/MissionDisplay.msg
[24.227s] -- Installing: /home/jeongwoo/Automotive_software_final/install/ad_msgs/share/ad_msgs/msg/PolyfitLaneData.msg
[24.227s] -- Installing: /home/jeongwoo/Automotive_software_final/install/ad_msgs/share/ad_msgs/msg/LanePointData.msg
[24.228s] -- Installing: /home/jeongwoo/Automotive_software_final/install/ad_msgs/share/ad_msgs/msg/LanePointDataArray.msg
[24.228s] -- Installing: /home/jeongwoo/Automotive_software_final/install/ad_msgs/share/ad_msgs/msg/PolyfitLaneDataArray.msg
[24.229s] -- Installing: /home/jeongwoo/Automotive_software_final/install/ad_msgs/share/ament_index/resource_index/package_run_dependencies/ad_msgs
[24.230s] -- Installing: /home/jeongwoo/Automotive_software_final/install/ad_msgs/share/ament_index/resource_index/parent_prefix_path/ad_msgs
[24.230s] -- Installing: /home/jeongwoo/Automotive_software_final/install/ad_msgs/share/ad_msgs/environment/ament_prefix_path.sh
[24.231s] -- Installing: /home/jeongwoo/Automotive_software_final/install/ad_msgs/share/ad_msgs/environment/ament_prefix_path.dsv
[24.231s] -- Installing: /home/jeongwoo/Automotive_software_final/install/ad_msgs/share/ad_msgs/environment/path.sh
[24.232s] -- Installing: /home/jeongwoo/Automotive_software_final/install/ad_msgs/share/ad_msgs/environment/path.dsv
[24.232s] -- Installing: /home/jeongwoo/Automotive_software_final/install/ad_msgs/share/ad_msgs/local_setup.bash
[24.232s] -- Installing: /home/jeongwoo/Automotive_software_final/install/ad_msgs/share/ad_msgs/local_setup.sh
[24.233s] -- Installing: /home/jeongwoo/Automotive_software_final/install/ad_msgs/share/ad_msgs/local_setup.zsh
[24.233s] -- Installing: /home/jeongwoo/Automotive_software_final/install/ad_msgs/share/ad_msgs/local_setup.dsv
[24.233s] -- Installing: /home/jeongwoo/Automotive_software_final/install/ad_msgs/share/ad_msgs/package.dsv
[24.236s] -- Installing: /home/jeongwoo/Automotive_software_final/install/ad_msgs/share/ament_index/resource_index/packages/ad_msgs
[24.238s] -- Installing: /home/jeongwoo/Automotive_software_final/install/ad_msgs/share/ad_msgs/cmake/export_ad_msgs__rosidl_generator_cExport.cmake
[24.239s] -- Installing: /home/jeongwoo/Automotive_software_final/install/ad_msgs/share/ad_msgs/cmake/export_ad_msgs__rosidl_generator_cExport-noconfig.cmake
[24.239s] -- Installing: /home/jeongwoo/Automotive_software_final/install/ad_msgs/share/ad_msgs/cmake/export_ad_msgs__rosidl_typesupport_fastrtps_cExport.cmake
[24.240s] -- Installing: /home/jeongwoo/Automotive_software_final/install/ad_msgs/share/ad_msgs/cmake/export_ad_msgs__rosidl_typesupport_fastrtps_cExport-noconfig.cmake
[24.240s] -- Installing: /home/jeongwoo/Automotive_software_final/install/ad_msgs/share/ad_msgs/cmake/ad_msgs__rosidl_typesupport_introspection_cExport.cmake
[24.240s] -- Installing: /home/jeongwoo/Automotive_software_final/install/ad_msgs/share/ad_msgs/cmake/ad_msgs__rosidl_typesupport_introspection_cExport-noconfig.cmake
[24.240s] -- Installing: /home/jeongwoo/Automotive_software_final/install/ad_msgs/share/ad_msgs/cmake/ad_msgs__rosidl_typesupport_cExport.cmake
[24.241s] -- Installing: /home/jeongwoo/Automotive_software_final/install/ad_msgs/share/ad_msgs/cmake/ad_msgs__rosidl_typesupport_cExport-noconfig.cmake
[24.241s] -- Installing: /home/jeongwoo/Automotive_software_final/install/ad_msgs/share/ad_msgs/cmake/export_ad_msgs__rosidl_generator_cppExport.cmake
[24.241s] -- Installing: /home/jeongwoo/Automotive_software_final/install/ad_msgs/share/ad_msgs/cmake/export_ad_msgs__rosidl_typesupport_fastrtps_cppExport.cmake
[24.242s] -- Installing: /home/jeongwoo/Automotive_software_final/install/ad_msgs/share/ad_msgs/cmake/export_ad_msgs__rosidl_typesupport_fastrtps_cppExport-noconfig.cmake
[24.242s] -- Installing: /home/jeongwoo/Automotive_software_final/install/ad_msgs/share/ad_msgs/cmake/ad_msgs__rosidl_typesupport_introspection_cppExport.cmake
[24.242s] -- Installing: /home/jeongwoo/Automotive_software_final/install/ad_msgs/share/ad_msgs/cmake/ad_msgs__rosidl_typesupport_introspection_cppExport-noconfig.cmake
[24.243s] -- Installing: /home/jeongwoo/Automotive_software_final/install/ad_msgs/share/ad_msgs/cmake/ad_msgs__rosidl_typesupport_cppExport.cmake
[24.243s] -- Installing: /home/jeongwoo/Automotive_software_final/install/ad_msgs/share/ad_msgs/cmake/ad_msgs__rosidl_typesupport_cppExport-noconfig.cmake
[24.243s] -- Installing: /home/jeongwoo/Automotive_software_final/install/ad_msgs/share/ad_msgs/cmake/export_ad_msgs__rosidl_generator_pyExport.cmake
[24.244s] -- Installing: /home/jeongwoo/Automotive_software_final/install/ad_msgs/share/ad_msgs/cmake/export_ad_msgs__rosidl_generator_pyExport-noconfig.cmake
[24.244s] -- Installing: /home/jeongwoo/Automotive_software_final/install/ad_msgs/share/ad_msgs/cmake/rosidl_cmake-extras.cmake
[24.244s] -- Installing: /home/jeongwoo/Automotive_software_final/install/ad_msgs/share/ad_msgs/cmake/ament_cmake_export_dependencies-extras.cmake
[24.245s] -- Installing: /home/jeongwoo/Automotive_software_final/install/ad_msgs/share/ad_msgs/cmake/ament_cmake_export_include_directories-extras.cmake
[24.245s] -- Installing: /home/jeongwoo/Automotive_software_final/install/ad_msgs/share/ad_msgs/cmake/ament_cmake_export_libraries-extras.cmake
[24.245s] -- Installing: /home/jeongwoo/Automotive_software_final/install/ad_msgs/share/ad_msgs/cmake/ament_cmake_export_targets-extras.cmake
[24.246s] -- Installing: /home/jeongwoo/Automotive_software_final/install/ad_msgs/share/ad_msgs/cmake/rosidl_cmake_export_typesupport_targets-extras.cmake
[24.246s] -- Installing: /home/jeongwoo/Automotive_software_final/install/ad_msgs/share/ad_msgs/cmake/rosidl_cmake_export_typesupport_libraries-extras.cmake
[24.246s] -- Installing: /home/jeongwoo/Automotive_software_final/install/ad_msgs/share/ad_msgs/cmake/ad_msgsConfig.cmake
[24.248s] -- Installing: /home/jeongwoo/Automotive_software_final/install/ad_msgs/share/ad_msgs/cmake/ad_msgsConfig-version.cmake
[24.248s] -- Installing: /home/jeongwoo/Automotive_software_final/install/ad_msgs/share/ad_msgs/package.xml
[24.254s] Invoked command in '/home/jeongwoo/Automotive_software_final/build/ad_msgs' returned '0': CMAKE_PREFIX_PATH=${CMAKE_PREFIX_PATH}:/opt/ros/humble /usr/bin/cmake --install /home/jeongwoo/Automotive_software_final/build/ad_msgs
