[0.144s] Invoking command in '/home/seok/automotive_software_final/build/mission_manager': AMENT_PREFIX_PATH=/home/seok/automotive_software_final/install/ad_msgs:${AMENT_PREFIX_PATH} CMAKE_PREFIX_PATH=/home/seok/automotive_software_final/install/ad_msgs:/opt/ros/humble LD_LIBRARY_PATH=/home/seok/automotive_software_final/install/ad_msgs/lib:${LD_LIBRARY_PATH} PYTHONPATH=/home/seok/automotive_software_final/install/ad_msgs/local/lib/python3.10/dist-packages:${PYTHONPATH} /usr/bin/cmake /home/seok/automotive_software_final/src/app/mission_manager -DCMAKE_INSTALL_PREFIX=/home/seok/automotive_software_final/install/mission_manager
[0.302s] -- The C compiler identification is GNU 11.4.0
[0.968s] -- The CXX compiler identification is GNU 11.4.0
[1.295s] -- Detecting C compiler ABI info
[1.464s] -- Detecting C compiler ABI info - done
[1.477s] -- Check for working C compiler: /usr/bin/cc - skipped
[1.477s] -- Detecting C compile features
[1.477s] -- Detecting C compile features - done
[1.482s] -- Detecting CXX compiler ABI info
[1.714s] -- Detecting CXX compiler ABI info - done
[1.725s] -- Check for working CXX compiler: /usr/bin/c++ - skipped
[1.725s] -- Detecting CXX compile features
[1.726s] -- Detecting CXX compile features - done
[1.729s] -- Found ament_cmake: 1.3.10 (/opt/ros/humble/share/ament_cmake/cmake)
[1.921s] -- Found Python3: /usr/bin/python3 (found version "3.10.12") found components: Interpreter 
[2.087s] -- Found rclcpp: 16.0.10 (/opt/ros/humble/share/rclcpp/cmake)
[2.317s] -- Found rosidl_generator_c: 3.1.5 (/opt/ros/humble/share/rosidl_generator_c/cmake)
[2.324s] -- Found rosidl_adapter: 3.1.5 (/opt/ros/humble/share/rosidl_adapter/cmake)
[2.335s] -- Found rosidl_generator_cpp: 3.1.5 (/opt/ros/humble/share/rosidl_generator_cpp/cmake)
[2.354s] -- Using all available rosidl_typesupport_c: rosidl_typesupport_fastrtps_c;rosidl_typesupport_introspection_c
[2.380s] -- Using all available rosidl_typesupport_cpp: rosidl_typesupport_fastrtps_cpp;rosidl_typesupport_introspection_cpp
[2.462s] -- Found rmw_implementation_cmake: 6.1.2 (/opt/ros/humble/share/rmw_implementation_cmake/cmake)
[2.466s] -- Found rmw_fastrtps_cpp: 6.2.7 (/opt/ros/humble/share/rmw_fastrtps_cpp/cmake)
[4.001s] -- Found OpenSSL: /usr/lib/x86_64-linux-gnu/libcrypto.so (found version "3.0.2")  
[4.937s] -- Found FastRTPS: /opt/ros/humble/include  
[6.562s] -- Using RMW implementation 'rmw_fastrtps_cpp' as default
[6.575s] -- Looking for pthread.h
[6.744s] -- Looking for pthread.h - found
[6.744s] -- Performing Test CMAKE_HAVE_LIBC_PTHREAD
[6.915s] -- Performing Test CMAKE_HAVE_LIBC_PTHREAD - Success
[6.916s] -- Found Threads: TRUE  
[6.987s] -- Found ad_msgs: 0.0.0 (/home/seok/automotive_software_final/install/ad_msgs/share/ad_msgs/cmake)
[7.104s] -- Found rviz_2d_overlay_msgs: 1.3.0 (/opt/ros/humble/share/rviz_2d_overlay_msgs/cmake)
[7.121s] -- Found tf2: 0.25.8 (/opt/ros/humble/share/tf2/cmake)
[7.133s] -- Found tf2_ros: 0.25.8 (/opt/ros/humble/share/tf2_ros/cmake)
[7.253s] -- Found tf2_geometry_msgs: 0.25.8 (/opt/ros/humble/share/tf2_geometry_msgs/cmake)
[7.422s] -- Found eigen3_cmake_module: 0.1.1 (/opt/ros/humble/share/eigen3_cmake_module/cmake)
[7.430s] -- Found Eigen3: TRUE (found version "3.4.0") 
[7.430s] -- Ensuring Eigen3 include directory is part of orocos-kdl CMake target
[7.450s] -- Found Boost: /usr/lib/x86_64-linux-gnu/cmake/Boost-1.74.0/BoostConfig.cmake (found version "1.74.0") found components: system filesystem 
[7.675s] -- Configuring done
[7.812s] -- Generating done
[7.831s] -- Build files have been written to: /home/seok/automotive_software_final/build/mission_manager
[7.885s] Invoked command in '/home/seok/automotive_software_final/build/mission_manager' returned '0': AMENT_PREFIX_PATH=/home/seok/automotive_software_final/install/ad_msgs:${AMENT_PREFIX_PATH} CMAKE_PREFIX_PATH=/home/seok/automotive_software_final/install/ad_msgs:/opt/ros/humble LD_LIBRARY_PATH=/home/seok/automotive_software_final/install/ad_msgs/lib:${LD_LIBRARY_PATH} PYTHONPATH=/home/seok/automotive_software_final/install/ad_msgs/local/lib/python3.10/dist-packages:${PYTHONPATH} /usr/bin/cmake /home/seok/automotive_software_final/src/app/mission_manager -DCMAKE_INSTALL_PREFIX=/home/seok/automotive_software_final/install/mission_manager
[7.886s] Invoking command in '/home/seok/automotive_software_final/build/mission_manager': AMENT_PREFIX_PATH=/home/seok/automotive_software_final/install/ad_msgs:${AMENT_PREFIX_PATH} CMAKE_PREFIX_PATH=/home/seok/automotive_software_final/install/ad_msgs:/opt/ros/humble LD_LIBRARY_PATH=/home/seok/automotive_software_final/install/ad_msgs/lib:${LD_LIBRARY_PATH} PYTHONPATH=/home/seok/automotive_software_final/install/ad_msgs/local/lib/python3.10/dist-packages:${PYTHONPATH} /usr/bin/cmake --build /home/seok/automotive_software_final/build/mission_manager -- -j8 -l8
[8.375s] [ 33%] [32mBuilding CXX object CMakeFiles/mission_manager.dir/home/seok/automotive_software_final/src/bsw/system/interface/interface_lane.cpp.o[0m
[8.396s] [ 66%] [32mBuilding CXX object CMakeFiles/mission_manager.dir/src/mission_manager_node.cpp.o[0m
[15.368s] [01m[K/home/seok/automotive_software_final/src/bsw/system/interface/interface_lane.cpp:[m[K In member function ‘[01m[Kbool SLanes::ImportLaneCsvFile(std::string)[m[K’:
[15.368s] [01m[K/home/seok/automotive_software_final/src/bsw/system/interface/interface_lane.cpp:26:9:[m[K [01;35m[Kwarning: [m[Kunused variable ‘[01m[KnLaneID[m[K’ [[01;35m[K]8;;https://gcc.gnu.org/onlinedocs/gcc/Warning-Options.html#index-Wunused-variable-Wunused-variable]8;;[m[K]
[15.368s]    26 |     int [01;35m[KnLaneID[m[K = 0;
[15.368s]       |         [01;35m[K^~~~~~~[m[K
[152.868s] [100%] [32m[1mLinking CXX executable mission_manager[0m
[155.080s] [100%] Built target mission_manager
