[0.047s] Invoking command in '/home/seok/automotive_software_final/build/autonomous_driving': CMAKE_PREFIX_PATH=/home/seok/automotive_software_final/install/ad_msgs:/home/seok/automotive_software_final/install/simulator:/home/seok/automotive_software_final/install/mission_manager:/home/seok/automotive_software_final/install/evaluation:/home/seok/automotive_software_final/install/autonomous_driving:/opt/ros/humble /usr/bin/cmake --build /home/seok/automotive_software_final/build/autonomous_driving -- -j28 -l28
[0.057s] -- Found ament_cmake: 1.3.10 (/opt/ros/humble/share/ament_cmake/cmake)
[0.141s] -- Found rclcpp: 16.0.10 (/opt/ros/humble/share/rclcpp/cmake)
[0.236s] -- Found rosidl_generator_c: 3.1.5 (/opt/ros/humble/share/rosidl_generator_c/cmake)
[0.237s] -- Found rosidl_adapter: 3.1.5 (/opt/ros/humble/share/rosidl_adapter/cmake)
[0.240s] -- Found rosidl_generator_cpp: 3.1.5 (/opt/ros/humble/share/rosidl_generator_cpp/cmake)
[0.246s] -- Using all available rosidl_typesupport_c: rosidl_typesupport_fastrtps_c;rosidl_typesupport_introspection_c
[0.253s] -- Using all available rosidl_typesupport_cpp: rosidl_typesupport_fastrtps_cpp;rosidl_typesupport_introspection_cpp
[0.271s] -- Found rmw_implementation_cmake: 6.1.2 (/opt/ros/humble/share/rmw_implementation_cmake/cmake)
[0.272s] -- Found rmw_fastrtps_cpp: 6.2.7 (/opt/ros/humble/share/rmw_fastrtps_cpp/cmake)
[3.890s] -- Using RMW implementation 'rmw_fastrtps_cpp' as default
[3.917s] -- Found ad_msgs: 0.0.0 (/home/seok/automotive_software_final/install/ad_msgs/share/ad_msgs/cmake)
[3.965s] -- Found tf2: 0.25.8 (/opt/ros/humble/share/tf2/cmake)
[3.967s] -- Found tf2_ros: 0.25.8 (/opt/ros/humble/share/tf2_ros/cmake)
[4.017s] [31mCMake Error at CMakeLists.txt:73 (install):
[4.018s]   install TARGETS given target "autonomous_driving" which does not exist.
[4.018s] 
[4.018s] [0m
[4.054s] -- Configuring incomplete, errors occurred!
[4.054s] See also "/home/seok/automotive_software_final/build/autonomous_driving/CMakeFiles/CMakeOutput.log".
[4.059s] gmake: *** [Makefile:267: cmake_check_build_system] Error 1
[4.060s] Invoked command in '/home/seok/automotive_software_final/build/autonomous_driving' returned '2': CMAKE_PREFIX_PATH=/home/seok/automotive_software_final/install/ad_msgs:/home/seok/automotive_software_final/install/simulator:/home/seok/automotive_software_final/install/mission_manager:/home/seok/automotive_software_final/install/evaluation:/home/seok/automotive_software_final/install/autonomous_driving:/opt/ros/humble /usr/bin/cmake --build /home/seok/automotive_software_final/build/autonomous_driving -- -j28 -l28
