[0.010s] Invoking command in '/home/seok/automotive_software_final/build/ad_msgs': CMAKE_PREFIX_PATH=/opt/ros/humble /usr/bin/cmake --build /home/seok/automotive_software_final/build/ad_msgs -- -j28 -l28
[0.068s] [  0%] Built target ad_msgs__cpp
[0.076s] [ 12%] Built target ad_msgs__rosidl_generator_c
[0.084s] [ 12%] Built target ament_cmake_python_copy_ad_msgs
[0.085s] [ 24%] Built target ad_msgs__rosidl_typesupport_cpp
[0.085s] [ 36%] Built target ad_msgs__rosidl_typesupport_introspection_cpp
[0.086s] [ 47%] Built target ad_msgs__rosidl_typesupport_fastrtps_cpp
[0.090s] [ 58%] Built target ad_msgs__rosidl_typesupport_c
[0.091s] [ 70%] Built target ad_msgs__rosidl_typesupport_introspection_c
[0.091s] [ 82%] Built target ad_msgs__rosidl_typesupport_fastrtps_c
[0.100s] [ 82%] Built target ad_msgs
[0.114s] [ 83%] Built target ad_msgs__py
[0.128s] [ 94%] Built target ad_msgs__rosidl_generator_py
[0.142s] [ 98%] Built target ad_msgs__rosidl_typesupport_introspection_c__pyext
[0.142s] [ 98%] Built target ad_msgs__rosidl_typesupport_fastrtps_c__pyext
[0.142s] [100%] Built target ad_msgs__rosidl_typesupport_c__pyext
[0.193s] running egg_info
[0.193s] writing ad_msgs.egg-info/PKG-INFO
[0.193s] writing dependency_links to ad_msgs.egg-info/dependency_links.txt
[0.193s] writing top-level names to ad_msgs.egg-info/top_level.txt
[0.195s] reading manifest file 'ad_msgs.egg-info/SOURCES.txt'
[0.195s] writing manifest file 'ad_msgs.egg-info/SOURCES.txt'
[0.208s] [100%] Built target ament_cmake_python_build_ad_msgs_egg
[0.214s] Invoked command in '/home/seok/automotive_software_final/build/ad_msgs' returned '0': CMAKE_PREFIX_PATH=/opt/ros/humble /usr/bin/cmake --build /home/seok/automotive_software_final/build/ad_msgs -- -j28 -l28
[0.312s] Invoking command in '/home/seok/automotive_software_final/build/ad_msgs': CMAKE_PREFIX_PATH=/opt/ros/humble /usr/bin/cmake --install /home/seok/automotive_software_final/build/ad_msgs
[0.317s] -- Install configuration: ""
[0.317s] -- Up-to-date: /home/seok/automotive_software_final/install/ad_msgs/share/ament_index/resource_index/rosidl_interfaces/ad_msgs
[0.317s] -- Up-to-date: /home/seok/automotive_software_final/install/ad_msgs/include/ad_msgs/ad_msgs
[0.317s] -- Up-to-date: /home/seok/automotive_software_final/install/ad_msgs/include/ad_msgs/ad_msgs/msg
[0.317s] -- Up-to-date: /home/seok/automotive_software_final/install/ad_msgs/include/ad_msgs/ad_msgs/msg/lane_point_data_array.h
[0.317s] -- Up-to-date: /home/seok/automotive_software_final/install/ad_msgs/include/ad_msgs/ad_msgs/msg/polyfit_lane_data_array.h
[0.317s] -- Up-to-date: /home/seok/automotive_software_final/install/ad_msgs/include/ad_msgs/ad_msgs/msg/vehicle_state.h
[0.317s] -- Up-to-date: /home/seok/automotive_software_final/install/ad_msgs/include/ad_msgs/ad_msgs/msg/vehicle_command.h
[0.318s] -- Up-to-date: /home/seok/automotive_software_final/install/ad_msgs/include/ad_msgs/ad_msgs/msg/lane_point_data.h
[0.318s] -- Up-to-date: /home/seok/automotive_software_final/install/ad_msgs/include/ad_msgs/ad_msgs/msg/polyfit_lane_data.h
[0.318s] -- Up-to-date: /home/seok/automotive_software_final/install/ad_msgs/include/ad_msgs/ad_msgs/msg/mission_display.h
[0.318s] -- Up-to-date: /home/seok/automotive_software_final/install/ad_msgs/include/ad_msgs/ad_msgs/msg/mission.h
[0.318s] -- Up-to-date: /home/seok/automotive_software_final/install/ad_msgs/include/ad_msgs/ad_msgs/msg/detail
[0.318s] -- Up-to-date: /home/seok/automotive_software_final/install/ad_msgs/include/ad_msgs/ad_msgs/msg/detail/mission_region__type_support.h
[0.318s] -- Up-to-date: /home/seok/automotive_software_final/install/ad_msgs/include/ad_msgs/ad_msgs/msg/detail/mission_object__functions.h
[0.318s] -- Up-to-date: /home/seok/automotive_software_final/install/ad_msgs/include/ad_msgs/ad_msgs/msg/detail/polyfit_lane_data_array__struct.h
[0.318s] -- Up-to-date: /home/seok/automotive_software_final/install/ad_msgs/include/ad_msgs/ad_msgs/msg/detail/polyfit_lane_data_array__functions.h
[0.318s] -- Up-to-date: /home/seok/automotive_software_final/install/ad_msgs/include/ad_msgs/ad_msgs/msg/detail/mission__functions.c
[0.318s] -- Up-to-date: /home/seok/automotive_software_final/install/ad_msgs/include/ad_msgs/ad_msgs/msg/detail/vehicle_command__struct.h
[0.318s] -- Up-to-date: /home/seok/automotive_software_final/install/ad_msgs/include/ad_msgs/ad_msgs/msg/detail/mission_display__type_support.h
[0.318s] -- Up-to-date: /home/seok/automotive_software_final/install/ad_msgs/include/ad_msgs/ad_msgs/msg/detail/lane_point_data_array__functions.h
[0.318s] -- Up-to-date: /home/seok/automotive_software_final/install/ad_msgs/include/ad_msgs/ad_msgs/msg/detail/polyfit_lane_data__functions.h
[0.319s] -- Up-to-date: /home/seok/automotive_software_final/install/ad_msgs/include/ad_msgs/ad_msgs/msg/detail/vehicle_command__type_support.h
[0.319s] -- Up-to-date: /home/seok/automotive_software_final/install/ad_msgs/include/ad_msgs/ad_msgs/msg/detail/polyfit_lane_data_array__functions.c
[0.319s] -- Up-to-date: /home/seok/automotive_software_final/install/ad_msgs/include/ad_msgs/ad_msgs/msg/detail/lane_point_data_array__functions.c
[0.319s] -- Up-to-date: /home/seok/automotive_software_final/install/ad_msgs/include/ad_msgs/ad_msgs/msg/detail/mission_object__functions.c
[0.319s] -- Up-to-date: /home/seok/automotive_software_final/install/ad_msgs/include/ad_msgs/ad_msgs/msg/detail/mission_region__functions.c
[0.319s] -- Up-to-date: /home/seok/automotive_software_final/install/ad_msgs/include/ad_msgs/ad_msgs/msg/detail/mission_region__struct.h
[0.319s] -- Up-to-date: /home/seok/automotive_software_final/install/ad_msgs/include/ad_msgs/ad_msgs/msg/detail/mission__type_support.h
[0.319s] -- Up-to-date: /home/seok/automotive_software_final/install/ad_msgs/include/ad_msgs/ad_msgs/msg/detail/lane_point_data__functions.h
[0.319s] -- Up-to-date: /home/seok/automotive_software_final/install/ad_msgs/include/ad_msgs/ad_msgs/msg/detail/mission_display__functions.h
[0.319s] -- Up-to-date: /home/seok/automotive_software_final/install/ad_msgs/include/ad_msgs/ad_msgs/msg/detail/lane_point_data__functions.c
[0.319s] -- Up-to-date: /home/seok/automotive_software_final/install/ad_msgs/include/ad_msgs/ad_msgs/msg/detail/mission__functions.h
[0.319s] -- Up-to-date: /home/seok/automotive_software_final/install/ad_msgs/include/ad_msgs/ad_msgs/msg/detail/polyfit_lane_data_array__type_support.h
[0.319s] -- Up-to-date: /home/seok/automotive_software_final/install/ad_msgs/include/ad_msgs/ad_msgs/msg/detail/mission_object__type_support.h
[0.319s] -- Up-to-date: /home/seok/automotive_software_final/install/ad_msgs/include/ad_msgs/ad_msgs/msg/detail/vehicle_command__functions.c
[0.319s] -- Up-to-date: /home/seok/automotive_software_final/install/ad_msgs/include/ad_msgs/ad_msgs/msg/detail/mission__struct.h
[0.319s] -- Up-to-date: /home/seok/automotive_software_final/install/ad_msgs/include/ad_msgs/ad_msgs/msg/detail/polyfit_lane_data__struct.h
[0.319s] -- Up-to-date: /home/seok/automotive_software_final/install/ad_msgs/include/ad_msgs/ad_msgs/msg/detail/vehicle_state__type_support.h
[0.319s] -- Up-to-date: /home/seok/automotive_software_final/install/ad_msgs/include/ad_msgs/ad_msgs/msg/detail/vehicle_state__struct.h
[0.319s] -- Up-to-date: /home/seok/automotive_software_final/install/ad_msgs/include/ad_msgs/ad_msgs/msg/detail/vehicle_state__functions.c
[0.319s] -- Up-to-date: /home/seok/automotive_software_final/install/ad_msgs/include/ad_msgs/ad_msgs/msg/detail/lane_point_data__struct.h
[0.319s] -- Up-to-date: /home/seok/automotive_software_final/install/ad_msgs/include/ad_msgs/ad_msgs/msg/detail/mission_display__functions.c
[0.320s] -- Up-to-date: /home/seok/automotive_software_final/install/ad_msgs/include/ad_msgs/ad_msgs/msg/detail/vehicle_state__functions.h
[0.320s] -- Up-to-date: /home/seok/automotive_software_final/install/ad_msgs/include/ad_msgs/ad_msgs/msg/detail/mission_display__struct.h
[0.320s] -- Up-to-date: /home/seok/automotive_software_final/install/ad_msgs/include/ad_msgs/ad_msgs/msg/detail/lane_point_data_array__struct.h
[0.320s] -- Up-to-date: /home/seok/automotive_software_final/install/ad_msgs/include/ad_msgs/ad_msgs/msg/detail/mission_object__struct.h
[0.320s] -- Up-to-date: /home/seok/automotive_software_final/install/ad_msgs/include/ad_msgs/ad_msgs/msg/detail/lane_point_data_array__type_support.h
[0.320s] -- Up-to-date: /home/seok/automotive_software_final/install/ad_msgs/include/ad_msgs/ad_msgs/msg/detail/polyfit_lane_data__type_support.h
[0.320s] -- Up-to-date: /home/seok/automotive_software_final/install/ad_msgs/include/ad_msgs/ad_msgs/msg/detail/mission_region__functions.h
[0.320s] -- Up-to-date: /home/seok/automotive_software_final/install/ad_msgs/include/ad_msgs/ad_msgs/msg/detail/vehicle_command__functions.h
[0.320s] -- Up-to-date: /home/seok/automotive_software_final/install/ad_msgs/include/ad_msgs/ad_msgs/msg/detail/lane_point_data__type_support.h
[0.320s] -- Up-to-date: /home/seok/automotive_software_final/install/ad_msgs/include/ad_msgs/ad_msgs/msg/detail/polyfit_lane_data__functions.c
[0.321s] -- Up-to-date: /home/seok/automotive_software_final/install/ad_msgs/include/ad_msgs/ad_msgs/msg/mission_object.h
[0.321s] -- Up-to-date: /home/seok/automotive_software_final/install/ad_msgs/include/ad_msgs/ad_msgs/msg/rosidl_generator_c__visibility_control.h
[0.321s] -- Up-to-date: /home/seok/automotive_software_final/install/ad_msgs/include/ad_msgs/ad_msgs/msg/mission_region.h
[0.321s] -- Up-to-date: /home/seok/automotive_software_final/install/ad_msgs/share/ad_msgs/environment/library_path.sh
[0.321s] -- Up-to-date: /home/seok/automotive_software_final/install/ad_msgs/share/ad_msgs/environment/library_path.dsv
[0.321s] -- Up-to-date: /home/seok/automotive_software_final/install/ad_msgs/lib/libad_msgs__rosidl_generator_c.so
[0.321s] -- Up-to-date: /home/seok/automotive_software_final/install/ad_msgs/include/ad_msgs/ad_msgs
[0.321s] -- Up-to-date: /home/seok/automotive_software_final/install/ad_msgs/include/ad_msgs/ad_msgs/msg
[0.321s] -- Up-to-date: /home/seok/automotive_software_final/install/ad_msgs/include/ad_msgs/ad_msgs/msg/detail
[0.321s] -- Up-to-date: /home/seok/automotive_software_final/install/ad_msgs/include/ad_msgs/ad_msgs/msg/detail/mission_object__rosidl_typesupport_fastrtps_c.h
[0.321s] -- Up-to-date: /home/seok/automotive_software_final/install/ad_msgs/include/ad_msgs/ad_msgs/msg/detail/mission_region__rosidl_typesupport_fastrtps_c.h
[0.321s] -- Up-to-date: /home/seok/automotive_software_final/install/ad_msgs/include/ad_msgs/ad_msgs/msg/detail/vehicle_command__rosidl_typesupport_fastrtps_c.h
[0.321s] -- Up-to-date: /home/seok/automotive_software_final/install/ad_msgs/include/ad_msgs/ad_msgs/msg/detail/mission__rosidl_typesupport_fastrtps_c.h
[0.321s] -- Up-to-date: /home/seok/automotive_software_final/install/ad_msgs/include/ad_msgs/ad_msgs/msg/detail/mission_display__rosidl_typesupport_fastrtps_c.h
[0.321s] -- Up-to-date: /home/seok/automotive_software_final/install/ad_msgs/include/ad_msgs/ad_msgs/msg/detail/vehicle_state__rosidl_typesupport_fastrtps_c.h
[0.321s] -- Up-to-date: /home/seok/automotive_software_final/install/ad_msgs/include/ad_msgs/ad_msgs/msg/detail/polyfit_lane_data_array__rosidl_typesupport_fastrtps_c.h
[0.321s] -- Up-to-date: /home/seok/automotive_software_final/install/ad_msgs/include/ad_msgs/ad_msgs/msg/detail/lane_point_data_array__rosidl_typesupport_fastrtps_c.h
[0.321s] -- Up-to-date: /home/seok/automotive_software_final/install/ad_msgs/include/ad_msgs/ad_msgs/msg/detail/lane_point_data__rosidl_typesupport_fastrtps_c.h
[0.321s] -- Up-to-date: /home/seok/automotive_software_final/install/ad_msgs/include/ad_msgs/ad_msgs/msg/detail/polyfit_lane_data__rosidl_typesupport_fastrtps_c.h
[0.321s] -- Up-to-date: /home/seok/automotive_software_final/install/ad_msgs/include/ad_msgs/ad_msgs/msg/rosidl_typesupport_fastrtps_c__visibility_control.h
[0.321s] -- Up-to-date: /home/seok/automotive_software_final/install/ad_msgs/lib/libad_msgs__rosidl_typesupport_fastrtps_c.so
[0.321s] -- Up-to-date: /home/seok/automotive_software_final/install/ad_msgs/include/ad_msgs/ad_msgs
[0.321s] -- Up-to-date: /home/seok/automotive_software_final/install/ad_msgs/include/ad_msgs/ad_msgs/msg
[0.321s] -- Up-to-date: /home/seok/automotive_software_final/install/ad_msgs/include/ad_msgs/ad_msgs/msg/rosidl_typesupport_introspection_c__visibility_control.h
[0.321s] -- Up-to-date: /home/seok/automotive_software_final/install/ad_msgs/include/ad_msgs/ad_msgs/msg/detail
[0.321s] -- Up-to-date: /home/seok/automotive_software_final/install/ad_msgs/include/ad_msgs/ad_msgs/msg/detail/lane_point_data__type_support.c
[0.321s] -- Up-to-date: /home/seok/automotive_software_final/install/ad_msgs/include/ad_msgs/ad_msgs/msg/detail/mission__rosidl_typesupport_introspection_c.h
[0.321s] -- Up-to-date: /home/seok/automotive_software_final/install/ad_msgs/include/ad_msgs/ad_msgs/msg/detail/mission_object__type_support.c
[0.321s] -- Up-to-date: /home/seok/automotive_software_final/install/ad_msgs/include/ad_msgs/ad_msgs/msg/detail/polyfit_lane_data_array__type_support.c
[0.321s] -- Up-to-date: /home/seok/automotive_software_final/install/ad_msgs/include/ad_msgs/ad_msgs/msg/detail/mission_object__rosidl_typesupport_introspection_c.h
[0.321s] -- Up-to-date: /home/seok/automotive_software_final/install/ad_msgs/include/ad_msgs/ad_msgs/msg/detail/lane_point_data__rosidl_typesupport_introspection_c.h
[0.321s] -- Up-to-date: /home/seok/automotive_software_final/install/ad_msgs/include/ad_msgs/ad_msgs/msg/detail/vehicle_command__type_support.c
[0.321s] -- Up-to-date: /home/seok/automotive_software_final/install/ad_msgs/include/ad_msgs/ad_msgs/msg/detail/mission__type_support.c
[0.322s] -- Up-to-date: /home/seok/automotive_software_final/install/ad_msgs/include/ad_msgs/ad_msgs/msg/detail/polyfit_lane_data_array__rosidl_typesupport_introspection_c.h
[0.322s] -- Up-to-date: /home/seok/automotive_software_final/install/ad_msgs/include/ad_msgs/ad_msgs/msg/detail/vehicle_state__rosidl_typesupport_introspection_c.h
[0.322s] -- Up-to-date: /home/seok/automotive_software_final/install/ad_msgs/include/ad_msgs/ad_msgs/msg/detail/vehicle_state__type_support.c
[0.322s] -- Up-to-date: /home/seok/automotive_software_final/install/ad_msgs/include/ad_msgs/ad_msgs/msg/detail/vehicle_command__rosidl_typesupport_introspection_c.h
[0.322s] -- Up-to-date: /home/seok/automotive_software_final/install/ad_msgs/include/ad_msgs/ad_msgs/msg/detail/mission_display__rosidl_typesupport_introspection_c.h
[0.322s] -- Up-to-date: /home/seok/automotive_software_final/install/ad_msgs/include/ad_msgs/ad_msgs/msg/detail/polyfit_lane_data__type_support.c
[0.322s] -- Up-to-date: /home/seok/automotive_software_final/install/ad_msgs/include/ad_msgs/ad_msgs/msg/detail/mission_region__type_support.c
[0.322s] -- Up-to-date: /home/seok/automotive_software_final/install/ad_msgs/include/ad_msgs/ad_msgs/msg/detail/mission_region__rosidl_typesupport_introspection_c.h
[0.322s] -- Up-to-date: /home/seok/automotive_software_final/install/ad_msgs/include/ad_msgs/ad_msgs/msg/detail/lane_point_data_array__rosidl_typesupport_introspection_c.h
[0.322s] -- Up-to-date: /home/seok/automotive_software_final/install/ad_msgs/include/ad_msgs/ad_msgs/msg/detail/mission_display__type_support.c
[0.322s] -- Up-to-date: /home/seok/automotive_software_final/install/ad_msgs/include/ad_msgs/ad_msgs/msg/detail/polyfit_lane_data__rosidl_typesupport_introspection_c.h
[0.322s] -- Up-to-date: /home/seok/automotive_software_final/install/ad_msgs/include/ad_msgs/ad_msgs/msg/detail/lane_point_data_array__type_support.c
[0.322s] -- Up-to-date: /home/seok/automotive_software_final/install/ad_msgs/lib/libad_msgs__rosidl_typesupport_introspection_c.so
[0.322s] -- Up-to-date: /home/seok/automotive_software_final/install/ad_msgs/lib/libad_msgs__rosidl_typesupport_c.so
[0.322s] -- Up-to-date: /home/seok/automotive_software_final/install/ad_msgs/include/ad_msgs/ad_msgs
[0.322s] -- Up-to-date: /home/seok/automotive_software_final/install/ad_msgs/include/ad_msgs/ad_msgs/msg
[0.322s] -- Up-to-date: /home/seok/automotive_software_final/install/ad_msgs/include/ad_msgs/ad_msgs/msg/lane_point_data.hpp
[0.322s] -- Up-to-date: /home/seok/automotive_software_final/install/ad_msgs/include/ad_msgs/ad_msgs/msg/polyfit_lane_data.hpp
[0.322s] -- Up-to-date: /home/seok/automotive_software_final/install/ad_msgs/include/ad_msgs/ad_msgs/msg/vehicle_state.hpp
[0.322s] -- Up-to-date: /home/seok/automotive_software_final/install/ad_msgs/include/ad_msgs/ad_msgs/msg/mission_display.hpp
[0.322s] -- Up-to-date: /home/seok/automotive_software_final/install/ad_msgs/include/ad_msgs/ad_msgs/msg/polyfit_lane_data_array.hpp
[0.322s] -- Up-to-date: /home/seok/automotive_software_final/install/ad_msgs/include/ad_msgs/ad_msgs/msg/detail
[0.322s] -- Up-to-date: /home/seok/automotive_software_final/install/ad_msgs/include/ad_msgs/ad_msgs/msg/detail/vehicle_command__builder.hpp
[0.322s] -- Up-to-date: /home/seok/automotive_software_final/install/ad_msgs/include/ad_msgs/ad_msgs/msg/detail/lane_point_data__traits.hpp
[0.322s] -- Up-to-date: /home/seok/automotive_software_final/install/ad_msgs/include/ad_msgs/ad_msgs/msg/detail/mission_display__traits.hpp
[0.322s] -- Up-to-date: /home/seok/automotive_software_final/install/ad_msgs/include/ad_msgs/ad_msgs/msg/detail/polyfit_lane_data__traits.hpp
[0.322s] -- Up-to-date: /home/seok/automotive_software_final/install/ad_msgs/include/ad_msgs/ad_msgs/msg/detail/lane_point_data_array__builder.hpp
[0.322s] -- Up-to-date: /home/seok/automotive_software_final/install/ad_msgs/include/ad_msgs/ad_msgs/msg/detail/mission__struct.hpp
[0.322s] -- Up-to-date: /home/seok/automotive_software_final/install/ad_msgs/include/ad_msgs/ad_msgs/msg/detail/polyfit_lane_data_array__builder.hpp
[0.322s] -- Up-to-date: /home/seok/automotive_software_final/install/ad_msgs/include/ad_msgs/ad_msgs/msg/detail/polyfit_lane_data__struct.hpp
[0.322s] -- Up-to-date: /home/seok/automotive_software_final/install/ad_msgs/include/ad_msgs/ad_msgs/msg/detail/polyfit_lane_data__builder.hpp
[0.322s] -- Up-to-date: /home/seok/automotive_software_final/install/ad_msgs/include/ad_msgs/ad_msgs/msg/detail/mission__traits.hpp
[0.322s] -- Up-to-date: /home/seok/automotive_software_final/install/ad_msgs/include/ad_msgs/ad_msgs/msg/detail/mission_display__struct.hpp
[0.322s] -- Up-to-date: /home/seok/automotive_software_final/install/ad_msgs/include/ad_msgs/ad_msgs/msg/detail/lane_point_data__builder.hpp
[0.322s] -- Up-to-date: /home/seok/automotive_software_final/install/ad_msgs/include/ad_msgs/ad_msgs/msg/detail/lane_point_data_array__traits.hpp
[0.322s] -- Up-to-date: /home/seok/automotive_software_final/install/ad_msgs/include/ad_msgs/ad_msgs/msg/detail/lane_point_data__struct.hpp
[0.322s] -- Up-to-date: /home/seok/automotive_software_final/install/ad_msgs/include/ad_msgs/ad_msgs/msg/detail/mission__builder.hpp
[0.322s] -- Up-to-date: /home/seok/automotive_software_final/install/ad_msgs/include/ad_msgs/ad_msgs/msg/detail/vehicle_state__traits.hpp
[0.322s] -- Up-to-date: /home/seok/automotive_software_final/install/ad_msgs/include/ad_msgs/ad_msgs/msg/detail/mission_region__struct.hpp
[0.322s] -- Up-to-date: /home/seok/automotive_software_final/install/ad_msgs/include/ad_msgs/ad_msgs/msg/detail/mission_object__struct.hpp
[0.322s] -- Up-to-date: /home/seok/automotive_software_final/install/ad_msgs/include/ad_msgs/ad_msgs/msg/detail/vehicle_state__struct.hpp
[0.322s] -- Up-to-date: /home/seok/automotive_software_final/install/ad_msgs/include/ad_msgs/ad_msgs/msg/detail/polyfit_lane_data_array__traits.hpp
[0.322s] -- Up-to-date: /home/seok/automotive_software_final/install/ad_msgs/include/ad_msgs/ad_msgs/msg/detail/mission_object__traits.hpp
[0.323s] -- Up-to-date: /home/seok/automotive_software_final/install/ad_msgs/include/ad_msgs/ad_msgs/msg/detail/vehicle_state__builder.hpp
[0.323s] -- Up-to-date: /home/seok/automotive_software_final/install/ad_msgs/include/ad_msgs/ad_msgs/msg/detail/polyfit_lane_data_array__struct.hpp
[0.323s] -- Up-to-date: /home/seok/automotive_software_final/install/ad_msgs/include/ad_msgs/ad_msgs/msg/detail/lane_point_data_array__struct.hpp
[0.323s] -- Up-to-date: /home/seok/automotive_software_final/install/ad_msgs/include/ad_msgs/ad_msgs/msg/detail/vehicle_command__traits.hpp
[0.323s] -- Up-to-date: /home/seok/automotive_software_final/install/ad_msgs/include/ad_msgs/ad_msgs/msg/detail/vehicle_command__struct.hpp
[0.323s] -- Up-to-date: /home/seok/automotive_software_final/install/ad_msgs/include/ad_msgs/ad_msgs/msg/detail/mission_region__builder.hpp
[0.323s] -- Up-to-date: /home/seok/automotive_software_final/install/ad_msgs/include/ad_msgs/ad_msgs/msg/detail/mission_object__builder.hpp
[0.323s] -- Up-to-date: /home/seok/automotive_software_final/install/ad_msgs/include/ad_msgs/ad_msgs/msg/detail/mission_display__builder.hpp
[0.323s] -- Up-to-date: /home/seok/automotive_software_final/install/ad_msgs/include/ad_msgs/ad_msgs/msg/detail/mission_region__traits.hpp
[0.323s] -- Up-to-date: /home/seok/automotive_software_final/install/ad_msgs/include/ad_msgs/ad_msgs/msg/mission_object.hpp
[0.323s] -- Up-to-date: /home/seok/automotive_software_final/install/ad_msgs/include/ad_msgs/ad_msgs/msg/mission.hpp
[0.323s] -- Up-to-date: /home/seok/automotive_software_final/install/ad_msgs/include/ad_msgs/ad_msgs/msg/mission_region.hpp
[0.323s] -- Up-to-date: /home/seok/automotive_software_final/install/ad_msgs/include/ad_msgs/ad_msgs/msg/lane_point_data_array.hpp
[0.323s] -- Up-to-date: /home/seok/automotive_software_final/install/ad_msgs/include/ad_msgs/ad_msgs/msg/vehicle_command.hpp
[0.323s] -- Up-to-date: /home/seok/automotive_software_final/install/ad_msgs/include/ad_msgs/ad_msgs
[0.323s] -- Up-to-date: /home/seok/automotive_software_final/install/ad_msgs/include/ad_msgs/ad_msgs/msg
[0.323s] -- Up-to-date: /home/seok/automotive_software_final/install/ad_msgs/include/ad_msgs/ad_msgs/msg/rosidl_typesupport_fastrtps_cpp__visibility_control.h
[0.323s] -- Up-to-date: /home/seok/automotive_software_final/install/ad_msgs/include/ad_msgs/ad_msgs/msg/detail
[0.323s] -- Up-to-date: /home/seok/automotive_software_final/install/ad_msgs/include/ad_msgs/ad_msgs/msg/detail/polyfit_lane_data__rosidl_typesupport_fastrtps_cpp.hpp
[0.323s] -- Up-to-date: /home/seok/automotive_software_final/install/ad_msgs/include/ad_msgs/ad_msgs/msg/detail/mission__rosidl_typesupport_fastrtps_cpp.hpp
[0.323s] -- Up-to-date: /home/seok/automotive_software_final/install/ad_msgs/include/ad_msgs/ad_msgs/msg/detail/mission_object__rosidl_typesupport_fastrtps_cpp.hpp
[0.323s] -- Up-to-date: /home/seok/automotive_software_final/install/ad_msgs/include/ad_msgs/ad_msgs/msg/detail/lane_point_data__rosidl_typesupport_fastrtps_cpp.hpp
[0.323s] -- Up-to-date: /home/seok/automotive_software_final/install/ad_msgs/include/ad_msgs/ad_msgs/msg/detail/lane_point_data_array__rosidl_typesupport_fastrtps_cpp.hpp
[0.323s] -- Up-to-date: /home/seok/automotive_software_final/install/ad_msgs/include/ad_msgs/ad_msgs/msg/detail/dds_fastrtps
[0.323s] -- Up-to-date: /home/seok/automotive_software_final/install/ad_msgs/include/ad_msgs/ad_msgs/msg/detail/mission_region__rosidl_typesupport_fastrtps_cpp.hpp
[0.323s] -- Up-to-date: /home/seok/automotive_software_final/install/ad_msgs/include/ad_msgs/ad_msgs/msg/detail/vehicle_command__rosidl_typesupport_fastrtps_cpp.hpp
[0.323s] -- Up-to-date: /home/seok/automotive_software_final/install/ad_msgs/include/ad_msgs/ad_msgs/msg/detail/vehicle_state__rosidl_typesupport_fastrtps_cpp.hpp
[0.323s] -- Up-to-date: /home/seok/automotive_software_final/install/ad_msgs/include/ad_msgs/ad_msgs/msg/detail/mission_display__rosidl_typesupport_fastrtps_cpp.hpp
[0.323s] -- Up-to-date: /home/seok/automotive_software_final/install/ad_msgs/include/ad_msgs/ad_msgs/msg/detail/polyfit_lane_data_array__rosidl_typesupport_fastrtps_cpp.hpp
[0.323s] -- Up-to-date: /home/seok/automotive_software_final/install/ad_msgs/lib/libad_msgs__rosidl_typesupport_fastrtps_cpp.so
[0.323s] -- Up-to-date: /home/seok/automotive_software_final/install/ad_msgs/include/ad_msgs/ad_msgs
[0.323s] -- Up-to-date: /home/seok/automotive_software_final/install/ad_msgs/include/ad_msgs/ad_msgs/msg
[0.323s] -- Up-to-date: /home/seok/automotive_software_final/install/ad_msgs/include/ad_msgs/ad_msgs/msg/detail
[0.323s] -- Up-to-date: /home/seok/automotive_software_final/install/ad_msgs/include/ad_msgs/ad_msgs/msg/detail/mission_region__rosidl_typesupport_introspection_cpp.hpp
[0.323s] -- Up-to-date: /home/seok/automotive_software_final/install/ad_msgs/include/ad_msgs/ad_msgs/msg/detail/lane_point_data_array__rosidl_typesupport_introspection_cpp.hpp
[0.323s] -- Up-to-date: /home/seok/automotive_software_final/install/ad_msgs/include/ad_msgs/ad_msgs/msg/detail/mission_object__rosidl_typesupport_introspection_cpp.hpp
[0.323s] -- Up-to-date: /home/seok/automotive_software_final/install/ad_msgs/include/ad_msgs/ad_msgs/msg/detail/mission_display__rosidl_typesupport_introspection_cpp.hpp
[0.323s] -- Up-to-date: /home/seok/automotive_software_final/install/ad_msgs/include/ad_msgs/ad_msgs/msg/detail/vehicle_command__type_support.cpp
[0.323s] -- Up-to-date: /home/seok/automotive_software_final/install/ad_msgs/include/ad_msgs/ad_msgs/msg/detail/vehicle_state__type_support.cpp
[0.323s] -- Up-to-date: /home/seok/automotive_software_final/install/ad_msgs/include/ad_msgs/ad_msgs/msg/detail/vehicle_state__rosidl_typesupport_introspection_cpp.hpp
[0.323s] -- Up-to-date: /home/seok/automotive_software_final/install/ad_msgs/include/ad_msgs/ad_msgs/msg/detail/polyfit_lane_data_array__type_support.cpp
[0.323s] -- Up-to-date: /home/seok/automotive_software_final/install/ad_msgs/include/ad_msgs/ad_msgs/msg/detail/vehicle_command__rosidl_typesupport_introspection_cpp.hpp
[0.323s] -- Up-to-date: /home/seok/automotive_software_final/install/ad_msgs/include/ad_msgs/ad_msgs/msg/detail/mission_region__type_support.cpp
[0.324s] -- Up-to-date: /home/seok/automotive_software_final/install/ad_msgs/include/ad_msgs/ad_msgs/msg/detail/polyfit_lane_data__type_support.cpp
[0.324s] -- Up-to-date: /home/seok/automotive_software_final/install/ad_msgs/include/ad_msgs/ad_msgs/msg/detail/mission__type_support.cpp
[0.324s] -- Up-to-date: /home/seok/automotive_software_final/install/ad_msgs/include/ad_msgs/ad_msgs/msg/detail/polyfit_lane_data_array__rosidl_typesupport_introspection_cpp.hpp
[0.324s] -- Up-to-date: /home/seok/automotive_software_final/install/ad_msgs/include/ad_msgs/ad_msgs/msg/detail/mission__rosidl_typesupport_introspection_cpp.hpp
[0.324s] -- Up-to-date: /home/seok/automotive_software_final/install/ad_msgs/include/ad_msgs/ad_msgs/msg/detail/lane_point_data__rosidl_typesupport_introspection_cpp.hpp
[0.324s] -- Up-to-date: /home/seok/automotive_software_final/install/ad_msgs/include/ad_msgs/ad_msgs/msg/detail/polyfit_lane_data__rosidl_typesupport_introspection_cpp.hpp
[0.324s] -- Up-to-date: /home/seok/automotive_software_final/install/ad_msgs/include/ad_msgs/ad_msgs/msg/detail/lane_point_data_array__type_support.cpp
[0.324s] -- Up-to-date: /home/seok/automotive_software_final/install/ad_msgs/include/ad_msgs/ad_msgs/msg/detail/lane_point_data__type_support.cpp
[0.324s] -- Up-to-date: /home/seok/automotive_software_final/install/ad_msgs/include/ad_msgs/ad_msgs/msg/detail/mission_display__type_support.cpp
[0.324s] -- Up-to-date: /home/seok/automotive_software_final/install/ad_msgs/include/ad_msgs/ad_msgs/msg/detail/mission_object__type_support.cpp
[0.324s] -- Up-to-date: /home/seok/automotive_software_final/install/ad_msgs/lib/libad_msgs__rosidl_typesupport_introspection_cpp.so
[0.324s] -- Up-to-date: /home/seok/automotive_software_final/install/ad_msgs/lib/libad_msgs__rosidl_typesupport_cpp.so
[0.324s] -- Up-to-date: /home/seok/automotive_software_final/install/ad_msgs/share/ad_msgs/environment/pythonpath.sh
[0.324s] -- Up-to-date: /home/seok/automotive_software_final/install/ad_msgs/share/ad_msgs/environment/pythonpath.dsv
[0.324s] -- Up-to-date: /home/seok/automotive_software_final/install/ad_msgs/local/lib/python3.10/dist-packages/ad_msgs-0.0.0-py3.10.egg-info
[0.324s] -- Installing: /home/seok/automotive_software_final/install/ad_msgs/local/lib/python3.10/dist-packages/ad_msgs-0.0.0-py3.10.egg-info/SOURCES.txt
[0.324s] -- Installing: /home/seok/automotive_software_final/install/ad_msgs/local/lib/python3.10/dist-packages/ad_msgs-0.0.0-py3.10.egg-info/PKG-INFO
[0.324s] -- Installing: /home/seok/automotive_software_final/install/ad_msgs/local/lib/python3.10/dist-packages/ad_msgs-0.0.0-py3.10.egg-info/top_level.txt
[0.324s] -- Installing: /home/seok/automotive_software_final/install/ad_msgs/local/lib/python3.10/dist-packages/ad_msgs-0.0.0-py3.10.egg-info/dependency_links.txt
[0.324s] -- Up-to-date: /home/seok/automotive_software_final/install/ad_msgs/local/lib/python3.10/dist-packages/ad_msgs
[0.324s] -- Up-to-date: /home/seok/automotive_software_final/install/ad_msgs/local/lib/python3.10/dist-packages/ad_msgs/ad_msgs_s__rosidl_typesupport_introspection_c.cpython-310-x86_64-linux-gnu.so
[0.324s] -- Up-to-date: /home/seok/automotive_software_final/install/ad_msgs/local/lib/python3.10/dist-packages/ad_msgs/_ad_msgs_s.ep.rosidl_typesupport_fastrtps_c.c
[0.324s] -- Up-to-date: /home/seok/automotive_software_final/install/ad_msgs/local/lib/python3.10/dist-packages/ad_msgs/_ad_msgs_s.ep.rosidl_typesupport_introspection_c.c
[0.324s] -- Up-to-date: /home/seok/automotive_software_final/install/ad_msgs/local/lib/python3.10/dist-packages/ad_msgs/_ad_msgs_s.ep.rosidl_typesupport_c.c
[0.324s] -- Up-to-date: /home/seok/automotive_software_final/install/ad_msgs/local/lib/python3.10/dist-packages/ad_msgs/__init__.py
[0.324s] -- Up-to-date: /home/seok/automotive_software_final/install/ad_msgs/local/lib/python3.10/dist-packages/ad_msgs/ad_msgs_s__rosidl_typesupport_fastrtps_c.cpython-310-x86_64-linux-gnu.so
[0.324s] -- Up-to-date: /home/seok/automotive_software_final/install/ad_msgs/local/lib/python3.10/dist-packages/ad_msgs/msg
[0.324s] -- Up-to-date: /home/seok/automotive_software_final/install/ad_msgs/local/lib/python3.10/dist-packages/ad_msgs/msg/_polyfit_lane_data_array_s.c
[0.324s] -- Up-to-date: /home/seok/automotive_software_final/install/ad_msgs/local/lib/python3.10/dist-packages/ad_msgs/msg/_lane_point_data_s.c
[0.324s] -- Up-to-date: /home/seok/automotive_software_final/install/ad_msgs/local/lib/python3.10/dist-packages/ad_msgs/msg/_polyfit_lane_data_s.c
[0.324s] -- Up-to-date: /home/seok/automotive_software_final/install/ad_msgs/local/lib/python3.10/dist-packages/ad_msgs/msg/_lane_point_data_array_s.c
[0.324s] -- Up-to-date: /home/seok/automotive_software_final/install/ad_msgs/local/lib/python3.10/dist-packages/ad_msgs/msg/_mission_region.py
[0.324s] -- Up-to-date: /home/seok/automotive_software_final/install/ad_msgs/local/lib/python3.10/dist-packages/ad_msgs/msg/_mission.py
[0.324s] -- Up-to-date: /home/seok/automotive_software_final/install/ad_msgs/local/lib/python3.10/dist-packages/ad_msgs/msg/_vehicle_state_s.c
[0.324s] -- Up-to-date: /home/seok/automotive_software_final/install/ad_msgs/local/lib/python3.10/dist-packages/ad_msgs/msg/_mission_display_s.c
[0.324s] -- Up-to-date: /home/seok/automotive_software_final/install/ad_msgs/local/lib/python3.10/dist-packages/ad_msgs/msg/_vehicle_command.py
[0.324s] -- Up-to-date: /home/seok/automotive_software_final/install/ad_msgs/local/lib/python3.10/dist-packages/ad_msgs/msg/__init__.py
[0.324s] -- Up-to-date: /home/seok/automotive_software_final/install/ad_msgs/local/lib/python3.10/dist-packages/ad_msgs/msg/_mission_display.py
[0.324s] -- Up-to-date: /home/seok/automotive_software_final/install/ad_msgs/local/lib/python3.10/dist-packages/ad_msgs/msg/_vehicle_state.py
[0.324s] -- Up-to-date: /home/seok/automotive_software_final/install/ad_msgs/local/lib/python3.10/dist-packages/ad_msgs/msg/_polyfit_lane_data_array.py
[0.324s] -- Up-to-date: /home/seok/automotive_software_final/install/ad_msgs/local/lib/python3.10/dist-packages/ad_msgs/msg/_mission_region_s.c
[0.324s] -- Up-to-date: /home/seok/automotive_software_final/install/ad_msgs/local/lib/python3.10/dist-packages/ad_msgs/msg/_polyfit_lane_data.py
[0.324s] -- Up-to-date: /home/seok/automotive_software_final/install/ad_msgs/local/lib/python3.10/dist-packages/ad_msgs/msg/_vehicle_command_s.c
[0.324s] -- Up-to-date: /home/seok/automotive_software_final/install/ad_msgs/local/lib/python3.10/dist-packages/ad_msgs/msg/_lane_point_data.py
[0.324s] -- Up-to-date: /home/seok/automotive_software_final/install/ad_msgs/local/lib/python3.10/dist-packages/ad_msgs/msg/_lane_point_data_array.py
[0.325s] -- Up-to-date: /home/seok/automotive_software_final/install/ad_msgs/local/lib/python3.10/dist-packages/ad_msgs/msg/_mission_object.py
[0.325s] -- Up-to-date: /home/seok/automotive_software_final/install/ad_msgs/local/lib/python3.10/dist-packages/ad_msgs/msg/_mission_s.c
[0.325s] -- Up-to-date: /home/seok/automotive_software_final/install/ad_msgs/local/lib/python3.10/dist-packages/ad_msgs/msg/_mission_object_s.c
[0.325s] -- Up-to-date: /home/seok/automotive_software_final/install/ad_msgs/local/lib/python3.10/dist-packages/ad_msgs/libad_msgs__rosidl_generator_py.so
[0.325s] -- Up-to-date: /home/seok/automotive_software_final/install/ad_msgs/local/lib/python3.10/dist-packages/ad_msgs/ad_msgs_s__rosidl_typesupport_c.cpython-310-x86_64-linux-gnu.so
[0.337s] Listing '/home/seok/automotive_software_final/install/ad_msgs/local/lib/python3.10/dist-packages/ad_msgs'...
[0.337s] Listing '/home/seok/automotive_software_final/install/ad_msgs/local/lib/python3.10/dist-packages/ad_msgs/msg'...
[0.339s] -- Up-to-date: /home/seok/automotive_software_final/install/ad_msgs/local/lib/python3.10/dist-packages/ad_msgs/ad_msgs_s__rosidl_typesupport_fastrtps_c.cpython-310-x86_64-linux-gnu.so
[0.339s] -- Up-to-date: /home/seok/automotive_software_final/install/ad_msgs/local/lib/python3.10/dist-packages/ad_msgs/ad_msgs_s__rosidl_typesupport_introspection_c.cpython-310-x86_64-linux-gnu.so
[0.339s] -- Up-to-date: /home/seok/automotive_software_final/install/ad_msgs/local/lib/python3.10/dist-packages/ad_msgs/ad_msgs_s__rosidl_typesupport_c.cpython-310-x86_64-linux-gnu.so
[0.339s] -- Up-to-date: /home/seok/automotive_software_final/install/ad_msgs/lib/libad_msgs__rosidl_generator_py.so
[0.340s] -- Up-to-date: /home/seok/automotive_software_final/install/ad_msgs/share/ad_msgs/msg/VehicleState.idl
[0.340s] -- Up-to-date: /home/seok/automotive_software_final/install/ad_msgs/share/ad_msgs/msg/VehicleCommand.idl
[0.340s] -- Up-to-date: /home/seok/automotive_software_final/install/ad_msgs/share/ad_msgs/msg/Mission.idl
[0.340s] -- Up-to-date: /home/seok/automotive_software_final/install/ad_msgs/share/ad_msgs/msg/MissionObject.idl
[0.340s] -- Up-to-date: /home/seok/automotive_software_final/install/ad_msgs/share/ad_msgs/msg/MissionRegion.idl
[0.340s] -- Up-to-date: /home/seok/automotive_software_final/install/ad_msgs/share/ad_msgs/msg/MissionDisplay.idl
[0.340s] -- Up-to-date: /home/seok/automotive_software_final/install/ad_msgs/share/ad_msgs/msg/PolyfitLaneData.idl
[0.340s] -- Up-to-date: /home/seok/automotive_software_final/install/ad_msgs/share/ad_msgs/msg/LanePointData.idl
[0.340s] -- Up-to-date: /home/seok/automotive_software_final/install/ad_msgs/share/ad_msgs/msg/LanePointDataArray.idl
[0.340s] -- Up-to-date: /home/seok/automotive_software_final/install/ad_msgs/share/ad_msgs/msg/PolyfitLaneDataArray.idl
[0.340s] -- Up-to-date: /home/seok/automotive_software_final/install/ad_msgs/share/ad_msgs/msg/VehicleState.msg
[0.340s] -- Up-to-date: /home/seok/automotive_software_final/install/ad_msgs/share/ad_msgs/msg/VehicleCommand.msg
[0.340s] -- Up-to-date: /home/seok/automotive_software_final/install/ad_msgs/share/ad_msgs/msg/Mission.msg
[0.340s] -- Up-to-date: /home/seok/automotive_software_final/install/ad_msgs/share/ad_msgs/msg/MissionObject.msg
[0.340s] -- Up-to-date: /home/seok/automotive_software_final/install/ad_msgs/share/ad_msgs/msg/MissionRegion.msg
[0.341s] -- Up-to-date: /home/seok/automotive_software_final/install/ad_msgs/share/ad_msgs/msg/MissionDisplay.msg
[0.341s] -- Up-to-date: /home/seok/automotive_software_final/install/ad_msgs/share/ad_msgs/msg/PolyfitLaneData.msg
[0.341s] -- Up-to-date: /home/seok/automotive_software_final/install/ad_msgs/share/ad_msgs/msg/LanePointData.msg
[0.341s] -- Up-to-date: /home/seok/automotive_software_final/install/ad_msgs/share/ad_msgs/msg/LanePointDataArray.msg
[0.341s] -- Up-to-date: /home/seok/automotive_software_final/install/ad_msgs/share/ad_msgs/msg/PolyfitLaneDataArray.msg
[0.341s] -- Up-to-date: /home/seok/automotive_software_final/install/ad_msgs/share/ament_index/resource_index/package_run_dependencies/ad_msgs
[0.341s] -- Up-to-date: /home/seok/automotive_software_final/install/ad_msgs/share/ament_index/resource_index/parent_prefix_path/ad_msgs
[0.341s] -- Up-to-date: /home/seok/automotive_software_final/install/ad_msgs/share/ad_msgs/environment/ament_prefix_path.sh
[0.341s] -- Up-to-date: /home/seok/automotive_software_final/install/ad_msgs/share/ad_msgs/environment/ament_prefix_path.dsv
[0.341s] -- Up-to-date: /home/seok/automotive_software_final/install/ad_msgs/share/ad_msgs/environment/path.sh
[0.341s] -- Up-to-date: /home/seok/automotive_software_final/install/ad_msgs/share/ad_msgs/environment/path.dsv
[0.341s] -- Up-to-date: /home/seok/automotive_software_final/install/ad_msgs/share/ad_msgs/local_setup.bash
[0.341s] -- Up-to-date: /home/seok/automotive_software_final/install/ad_msgs/share/ad_msgs/local_setup.sh
[0.341s] -- Up-to-date: /home/seok/automotive_software_final/install/ad_msgs/share/ad_msgs/local_setup.zsh
[0.341s] -- Up-to-date: /home/seok/automotive_software_final/install/ad_msgs/share/ad_msgs/local_setup.dsv
[0.341s] -- Installing: /home/seok/automotive_software_final/install/ad_msgs/share/ad_msgs/package.dsv
[0.341s] -- Up-to-date: /home/seok/automotive_software_final/install/ad_msgs/share/ament_index/resource_index/packages/ad_msgs
[0.341s] -- Up-to-date: /home/seok/automotive_software_final/install/ad_msgs/share/ad_msgs/cmake/export_ad_msgs__rosidl_generator_cExport.cmake
[0.341s] -- Up-to-date: /home/seok/automotive_software_final/install/ad_msgs/share/ad_msgs/cmake/export_ad_msgs__rosidl_generator_cExport-noconfig.cmake
[0.342s] -- Up-to-date: /home/seok/automotive_software_final/install/ad_msgs/share/ad_msgs/cmake/export_ad_msgs__rosidl_typesupport_fastrtps_cExport.cmake
[0.342s] -- Up-to-date: /home/seok/automotive_software_final/install/ad_msgs/share/ad_msgs/cmake/export_ad_msgs__rosidl_typesupport_fastrtps_cExport-noconfig.cmake
[0.342s] -- Up-to-date: /home/seok/automotive_software_final/install/ad_msgs/share/ad_msgs/cmake/ad_msgs__rosidl_typesupport_introspection_cExport.cmake
[0.342s] -- Up-to-date: /home/seok/automotive_software_final/install/ad_msgs/share/ad_msgs/cmake/ad_msgs__rosidl_typesupport_introspection_cExport-noconfig.cmake
[0.342s] -- Up-to-date: /home/seok/automotive_software_final/install/ad_msgs/share/ad_msgs/cmake/ad_msgs__rosidl_typesupport_cExport.cmake
[0.342s] -- Up-to-date: /home/seok/automotive_software_final/install/ad_msgs/share/ad_msgs/cmake/ad_msgs__rosidl_typesupport_cExport-noconfig.cmake
[0.343s] -- Up-to-date: /home/seok/automotive_software_final/install/ad_msgs/share/ad_msgs/cmake/export_ad_msgs__rosidl_generator_cppExport.cmake
[0.343s] -- Up-to-date: /home/seok/automotive_software_final/install/ad_msgs/share/ad_msgs/cmake/export_ad_msgs__rosidl_typesupport_fastrtps_cppExport.cmake
[0.343s] -- Up-to-date: /home/seok/automotive_software_final/install/ad_msgs/share/ad_msgs/cmake/export_ad_msgs__rosidl_typesupport_fastrtps_cppExport-noconfig.cmake
[0.343s] -- Up-to-date: /home/seok/automotive_software_final/install/ad_msgs/share/ad_msgs/cmake/ad_msgs__rosidl_typesupport_introspection_cppExport.cmake
[0.343s] -- Up-to-date: /home/seok/automotive_software_final/install/ad_msgs/share/ad_msgs/cmake/ad_msgs__rosidl_typesupport_introspection_cppExport-noconfig.cmake
[0.344s] -- Up-to-date: /home/seok/automotive_software_final/install/ad_msgs/share/ad_msgs/cmake/ad_msgs__rosidl_typesupport_cppExport.cmake
[0.344s] -- Up-to-date: /home/seok/automotive_software_final/install/ad_msgs/share/ad_msgs/cmake/ad_msgs__rosidl_typesupport_cppExport-noconfig.cmake
[0.344s] -- Up-to-date: /home/seok/automotive_software_final/install/ad_msgs/share/ad_msgs/cmake/export_ad_msgs__rosidl_generator_pyExport.cmake
[0.344s] -- Up-to-date: /home/seok/automotive_software_final/install/ad_msgs/share/ad_msgs/cmake/export_ad_msgs__rosidl_generator_pyExport-noconfig.cmake
[0.344s] -- Up-to-date: /home/seok/automotive_software_final/install/ad_msgs/share/ad_msgs/cmake/rosidl_cmake-extras.cmake
[0.344s] -- Up-to-date: /home/seok/automotive_software_final/install/ad_msgs/share/ad_msgs/cmake/ament_cmake_export_dependencies-extras.cmake
[0.344s] -- Up-to-date: /home/seok/automotive_software_final/install/ad_msgs/share/ad_msgs/cmake/ament_cmake_export_include_directories-extras.cmake
[0.344s] -- Up-to-date: /home/seok/automotive_software_final/install/ad_msgs/share/ad_msgs/cmake/ament_cmake_export_libraries-extras.cmake
[0.344s] -- Up-to-date: /home/seok/automotive_software_final/install/ad_msgs/share/ad_msgs/cmake/ament_cmake_export_targets-extras.cmake
[0.344s] -- Up-to-date: /home/seok/automotive_software_final/install/ad_msgs/share/ad_msgs/cmake/rosidl_cmake_export_typesupport_targets-extras.cmake
[0.344s] -- Up-to-date: /home/seok/automotive_software_final/install/ad_msgs/share/ad_msgs/cmake/rosidl_cmake_export_typesupport_libraries-extras.cmake
[0.344s] -- Up-to-date: /home/seok/automotive_software_final/install/ad_msgs/share/ad_msgs/cmake/ad_msgsConfig.cmake
[0.344s] -- Up-to-date: /home/seok/automotive_software_final/install/ad_msgs/share/ad_msgs/cmake/ad_msgsConfig-version.cmake
[0.344s] -- Up-to-date: /home/seok/automotive_software_final/install/ad_msgs/share/ad_msgs/package.xml
[0.346s] Invoked command in '/home/seok/automotive_software_final/build/ad_msgs' returned '0': CMAKE_PREFIX_PATH=/opt/ros/humble /usr/bin/cmake --install /home/seok/automotive_software_final/build/ad_msgs
