[0.130s] Invoking command in '/home/seok/automotive_software_final/build/simulator': CMAKE_PREFIX_PATH=/home/seok/automotive_software_final/install/ad_msgs:/home/seok/automotive_software_final/install/simulator:/home/seok/automotive_software_final/install/mission_manager:/home/seok/automotive_software_final/install/evaluation:/home/seok/automotive_software_final/install/autonomous_driving:/opt/ros/humble /usr/bin/cmake --build /home/seok/automotive_software_final/build/simulator -- -j8 -l8
[0.304s] [35m[1mConsolidate compiler generated dependencies of target display[0m
[0.448s] [ 28%] Built target vehicle
[0.450s] [ 71%] Built target lane_detection
[0.454s] [100%] Built target display
[0.483s] Invoked command in '/home/seok/automotive_software_final/build/simulator' returned '0': CMAKE_PREFIX_PATH=/home/seok/automotive_software_final/install/ad_msgs:/home/seok/automotive_software_final/install/simulator:/home/seok/automotive_software_final/install/mission_manager:/home/seok/automotive_software_final/install/evaluation:/home/seok/automotive_software_final/install/autonomous_driving:/opt/ros/humble /usr/bin/cmake --build /home/seok/automotive_software_final/build/simulator -- -j8 -l8
[0.576s] Invoking command in '/home/seok/automotive_software_final/build/simulator': CMAKE_PREFIX_PATH=/home/seok/automotive_software_final/install/ad_msgs:/home/seok/automotive_software_final/install/simulator:/home/seok/automotive_software_final/install/mission_manager:/home/seok/automotive_software_final/install/evaluation:/home/seok/automotive_software_final/install/autonomous_driving:/opt/ros/humble /usr/bin/cmake --install /home/seok/automotive_software_final/build/simulator
[0.580s] -- Install configuration: ""
[0.580s] -- Up-to-date: /home/seok/automotive_software_final/install/simulator/lib/simulator/vehicle
[0.581s] -- Up-to-date: /home/seok/automotive_software_final/install/simulator/lib/simulator/lane_detection
[0.584s] -- Up-to-date: /home/seok/automotive_software_final/install/simulator/lib/simulator/display
[0.585s] -- Up-to-date: /home/seok/automotive_software_final/install/simulator/share/simulator/launch
[0.586s] -- Up-to-date: /home/seok/automotive_software_final/install/simulator/share/simulator/launch/simulation.launch.xml
[0.586s] -- Up-to-date: /home/seok/automotive_software_final/install/simulator/share/ament_index/resource_index/package_run_dependencies/simulator
[0.586s] -- Up-to-date: /home/seok/automotive_software_final/install/simulator/share/ament_index/resource_index/parent_prefix_path/simulator
[0.587s] -- Up-to-date: /home/seok/automotive_software_final/install/simulator/share/simulator/environment/ament_prefix_path.sh
[0.587s] -- Up-to-date: /home/seok/automotive_software_final/install/simulator/share/simulator/environment/ament_prefix_path.dsv
[0.587s] -- Up-to-date: /home/seok/automotive_software_final/install/simulator/share/simulator/environment/path.sh
[0.587s] -- Up-to-date: /home/seok/automotive_software_final/install/simulator/share/simulator/environment/path.dsv
[0.588s] -- Up-to-date: /home/seok/automotive_software_final/install/simulator/share/simulator/local_setup.bash
[0.589s] -- Up-to-date: /home/seok/automotive_software_final/install/simulator/share/simulator/local_setup.sh
[0.589s] -- Up-to-date: /home/seok/automotive_software_final/install/simulator/share/simulator/local_setup.zsh
[0.590s] -- Up-to-date: /home/seok/automotive_software_final/install/simulator/share/simulator/local_setup.dsv
[0.590s] -- Installing: /home/seok/automotive_software_final/install/simulator/share/simulator/package.dsv
[0.590s] -- Up-to-date: /home/seok/automotive_software_final/install/simulator/share/ament_index/resource_index/packages/simulator
[0.590s] -- Up-to-date: /home/seok/automotive_software_final/install/simulator/share/simulator/cmake/simulatorConfig.cmake
[0.591s] -- Up-to-date: /home/seok/automotive_software_final/install/simulator/share/simulator/cmake/simulatorConfig-version.cmake
[0.591s] -- Up-to-date: /home/seok/automotive_software_final/install/simulator/share/simulator/package.xml
[0.627s] Invoked command in '/home/seok/automotive_software_final/build/simulator' returned '0': CMAKE_PREFIX_PATH=/home/seok/automotive_software_final/install/ad_msgs:/home/seok/automotive_software_final/install/simulator:/home/seok/automotive_software_final/install/mission_manager:/home/seok/automotive_software_final/install/evaluation:/home/seok/automotive_software_final/install/autonomous_driving:/opt/ros/humble /usr/bin/cmake --install /home/seok/automotive_software_final/build/simulator
