[0.220s] Invoking command in '/home/jeongwoo/Automotive_software_final/build/mission_manager': CMAKE_PREFIX_PATH=/home/jeongwoo/Automotive_software_final/install/ad_msgs:/home/jeongwoo/Automotive_software_final/install/simulator:/home/jeongwoo/Automotive_software_final/install/mission_manager:/home/jeongwoo/Automotive_software_final/install/evaluation:/home/jeongwoo/Automotive_software_final/install/autonomous_driving:/opt/ros/humble /usr/bin/cmake --build /home/jeongwoo/Automotive_software_final/build/mission_manager -- -j8 -l8
[0.412s] [100%] Built target mission_manager
[0.445s] Invoked command in '/home/jeongwoo/Automotive_software_final/build/mission_manager' returned '0': CMAKE_PREFIX_PATH=/home/jeongwoo/Automotive_software_final/install/ad_msgs:/home/jeongwoo/Automotive_software_final/install/simulator:/home/jeongwoo/Automotive_software_final/install/mission_manager:/home/jeongwoo/Automotive_software_final/install/evaluation:/home/jeongwoo/Automotive_software_final/install/autonomous_driving:/opt/ros/humble /usr/bin/cmake --build /home/jeongwoo/Automotive_software_final/build/mission_manager -- -j8 -l8
[0.563s] Invoking command in '/home/jeongwoo/Automotive_software_final/build/mission_manager': CMAKE_PREFIX_PATH=/home/jeongwoo/Automotive_software_final/install/ad_msgs:/home/jeongwoo/Automotive_software_final/install/simulator:/home/jeongwoo/Automotive_software_final/install/mission_manager:/home/jeongwoo/Automotive_software_final/install/evaluation:/home/jeongwoo/Automotive_software_final/install/autonomous_driving:/opt/ros/humble /usr/bin/cmake --install /home/jeongwoo/Automotive_software_final/build/mission_manager
[0.592s] -- Install configuration: ""
[0.595s] -- Up-to-date: /home/jeongwoo/Automotive_software_final/install/mission_manager/lib/mission_manager/mission_manager
[0.595s] -- Up-to-date: /home/jeongwoo/Automotive_software_final/install/mission_manager/share/mission_manager/launch
[0.596s] -- Up-to-date: /home/jeongwoo/Automotive_software_final/install/mission_manager/share/mission_manager/launch/mission_manager.launch.xml
[0.596s] -- Up-to-date: /home/jeongwoo/Automotive_software_final/install/mission_manager/share/ament_index/resource_index/package_run_dependencies/mission_manager
[0.598s] -- Up-to-date: /home/jeongwoo/Automotive_software_final/install/mission_manager/share/ament_index/resource_index/parent_prefix_path/mission_manager
[0.598s] -- Up-to-date: /home/jeongwoo/Automotive_software_final/install/mission_manager/share/mission_manager/environment/ament_prefix_path.sh
[0.612s] -- Up-to-date: /home/jeongwoo/Automotive_software_final/install/mission_manager/share/mission_manager/environment/ament_prefix_path.dsv
[0.612s] -- Up-to-date: /home/jeongwoo/Automotive_software_final/install/mission_manager/share/mission_manager/environment/path.sh
[0.615s] -- Up-to-date: /home/jeongwoo/Automotive_software_final/install/mission_manager/share/mission_manager/environment/path.dsv
[0.616s] -- Up-to-date: /home/jeongwoo/Automotive_software_final/install/mission_manager/share/mission_manager/local_setup.bash
[0.617s] -- Up-to-date: /home/jeongwoo/Automotive_software_final/install/mission_manager/share/mission_manager/local_setup.sh
[0.617s] -- Up-to-date: /home/jeongwoo/Automotive_software_final/install/mission_manager/share/mission_manager/local_setup.zsh
[0.619s] -- Up-to-date: /home/jeongwoo/Automotive_software_final/install/mission_manager/share/mission_manager/local_setup.dsv
[0.620s] -- Installing: /home/jeongwoo/Automotive_software_final/install/mission_manager/share/mission_manager/package.dsv
[0.620s] -- Up-to-date: /home/jeongwoo/Automotive_software_final/install/mission_manager/share/ament_index/resource_index/packages/mission_manager
[0.620s] -- Up-to-date: /home/jeongwoo/Automotive_software_final/install/mission_manager/share/mission_manager/cmake/mission_managerConfig.cmake
[0.620s] -- Up-to-date: /home/jeongwoo/Automotive_software_final/install/mission_manager/share/mission_manager/cmake/mission_managerConfig-version.cmake
[0.621s] -- Up-to-date: /home/jeongwoo/Automotive_software_final/install/mission_manager/share/mission_manager/package.xml
[0.646s] Invoked command in '/home/jeongwoo/Automotive_software_final/build/mission_manager' returned '0': CMAKE_PREFIX_PATH=/home/jeongwoo/Automotive_software_final/install/ad_msgs:/home/jeongwoo/Automotive_software_final/install/simulator:/home/jeongwoo/Automotive_software_final/install/mission_manager:/home/jeongwoo/Automotive_software_final/install/evaluation:/home/jeongwoo/Automotive_software_final/install/autonomous_driving:/opt/ros/humble /usr/bin/cmake --install /home/jeongwoo/Automotive_software_final/build/mission_manager
