[0.041s] Invoking command in '/home/seok/automotive_software_final/build/mission_manager': AMENT_PREFIX_PATH=/home/seok/automotive_software_final/install/ad_msgs:${AMENT_PREFIX_PATH} CMAKE_PREFIX_PATH=/home/seok/automotive_software_final/install/ad_msgs:/opt/ros/humble LD_LIBRARY_PATH=/home/seok/automotive_software_final/install/ad_msgs/lib:${LD_LIBRARY_PATH} PYTHONPATH=/home/seok/automotive_software_final/install/ad_msgs/local/lib/python3.10/dist-packages:${PYTHONPATH} /usr/bin/cmake --build /home/seok/automotive_software_final/build/mission_manager -- -j28 -l28
[0.073s] [ 33%] [32mBuilding CXX object CMakeFiles/mission_manager.dir/src/mission_manager_node.cpp.o[0m
[6.360s] [ 66%] [32m[1mLinking CXX executable mission_manager[0m
[6.714s] [100%] Built target mission_manager
[6.719s] Invoked command in '/home/seok/automotive_software_final/build/mission_manager' returned '0': AMENT_PREFIX_PATH=/home/seok/automotive_software_final/install/ad_msgs:${AMENT_PREFIX_PATH} CMAKE_PREFIX_PATH=/home/seok/automotive_software_final/install/ad_msgs:/opt/ros/humble LD_LIBRARY_PATH=/home/seok/automotive_software_final/install/ad_msgs/lib:${LD_LIBRARY_PATH} PYTHONPATH=/home/seok/automotive_software_final/install/ad_msgs/local/lib/python3.10/dist-packages:${PYTHONPATH} /usr/bin/cmake --build /home/seok/automotive_software_final/build/mission_manager -- -j28 -l28
[6.733s] Invoking command in '/home/seok/automotive_software_final/build/mission_manager': AMENT_PREFIX_PATH=/home/seok/automotive_software_final/install/ad_msgs:${AMENT_PREFIX_PATH} CMAKE_PREFIX_PATH=/home/seok/automotive_software_final/install/ad_msgs:/opt/ros/humble LD_LIBRARY_PATH=/home/seok/automotive_software_final/install/ad_msgs/lib:${LD_LIBRARY_PATH} PYTHONPATH=/home/seok/automotive_software_final/install/ad_msgs/local/lib/python3.10/dist-packages:${PYTHONPATH} /usr/bin/cmake --install /home/seok/automotive_software_final/build/mission_manager
[6.736s] -- Install configuration: ""
[6.737s] -- Installing: /home/seok/automotive_software_final/install/mission_manager/lib/mission_manager/mission_manager
[6.739s] -- Set runtime path of "/home/seok/automotive_software_final/install/mission_manager/lib/mission_manager/mission_manager" to ""
[6.739s] -- Up-to-date: /home/seok/automotive_software_final/install/mission_manager/share/mission_manager/launch
[6.739s] -- Up-to-date: /home/seok/automotive_software_final/install/mission_manager/share/mission_manager/launch/mission_manager.launch.xml
[6.739s] -- Up-to-date: /home/seok/automotive_software_final/install/mission_manager/share/ament_index/resource_index/package_run_dependencies/mission_manager
[6.739s] -- Up-to-date: /home/seok/automotive_software_final/install/mission_manager/share/ament_index/resource_index/parent_prefix_path/mission_manager
[6.739s] -- Up-to-date: /home/seok/automotive_software_final/install/mission_manager/share/mission_manager/environment/ament_prefix_path.sh
[6.739s] -- Up-to-date: /home/seok/automotive_software_final/install/mission_manager/share/mission_manager/environment/ament_prefix_path.dsv
[6.739s] -- Up-to-date: /home/seok/automotive_software_final/install/mission_manager/share/mission_manager/environment/path.sh
[6.739s] -- Up-to-date: /home/seok/automotive_software_final/install/mission_manager/share/mission_manager/environment/path.dsv
[6.739s] -- Up-to-date: /home/seok/automotive_software_final/install/mission_manager/share/mission_manager/local_setup.bash
[6.739s] -- Up-to-date: /home/seok/automotive_software_final/install/mission_manager/share/mission_manager/local_setup.sh
[6.739s] -- Up-to-date: /home/seok/automotive_software_final/install/mission_manager/share/mission_manager/local_setup.zsh
[6.739s] -- Up-to-date: /home/seok/automotive_software_final/install/mission_manager/share/mission_manager/local_setup.dsv
[6.739s] -- Installing: /home/seok/automotive_software_final/install/mission_manager/share/mission_manager/package.dsv
[6.739s] -- Up-to-date: /home/seok/automotive_software_final/install/mission_manager/share/ament_index/resource_index/packages/mission_manager
[6.739s] -- Up-to-date: /home/seok/automotive_software_final/install/mission_manager/share/mission_manager/cmake/mission_managerConfig.cmake
[6.739s] -- Up-to-date: /home/seok/automotive_software_final/install/mission_manager/share/mission_manager/cmake/mission_managerConfig-version.cmake
[6.739s] -- Up-to-date: /home/seok/automotive_software_final/install/mission_manager/share/mission_manager/package.xml
[6.741s] Invoked command in '/home/seok/automotive_software_final/build/mission_manager' returned '0': AMENT_PREFIX_PATH=/home/seok/automotive_software_final/install/ad_msgs:${AMENT_PREFIX_PATH} CMAKE_PREFIX_PATH=/home/seok/automotive_software_final/install/ad_msgs:/opt/ros/humble LD_LIBRARY_PATH=/home/seok/automotive_software_final/install/ad_msgs/lib:${LD_LIBRARY_PATH} PYTHONPATH=/home/seok/automotive_software_final/install/ad_msgs/local/lib/python3.10/dist-packages:${PYTHONPATH} /usr/bin/cmake --install /home/seok/automotive_software_final/build/mission_manager
