[0.079s] Invoking command in '/home/seok/automotive_software_final/build/autonomous_driving': CMAKE_PREFIX_PATH=/home/seok/automotive_software_final/install/ad_msgs:/home/seok/automotive_software_final/install/simulator:/home/seok/automotive_software_final/install/mission_manager:/home/seok/automotive_software_final/install/evaluation:/home/seok/automotive_software_final/install/autonomous_driving:/opt/ros/humble /usr/bin/cmake --build /home/seok/automotive_software_final/build/autonomous_driving -- -j28 -l28
[0.134s] [ 50%] [32mBuilding CXX object CMakeFiles/driving_way_node.dir/src/driving_way_node.cpp.o[0m
[0.134s] [ 50%] [32mBuilding CXX object CMakeFiles/autonomous_driving_node.dir/src/autonomous_driving_node.cpp.o[0m
[17.447s] [ 75%] [32m[1mLinking CXX executable autonomous_driving_node[0m
[18.485s] [ 75%] Built target autonomous_driving_node
[32.521s] [100%] [32m[1mLinking CXX executable driving_way_node[0m
[33.692s] [100%] Built target driving_way_node
[33.705s] Invoked command in '/home/seok/automotive_software_final/build/autonomous_driving' returned '0': CMAKE_PREFIX_PATH=/home/seok/automotive_software_final/install/ad_msgs:/home/seok/automotive_software_final/install/simulator:/home/seok/automotive_software_final/install/mission_manager:/home/seok/automotive_software_final/install/evaluation:/home/seok/automotive_software_final/install/autonomous_driving:/opt/ros/humble /usr/bin/cmake --build /home/seok/automotive_software_final/build/autonomous_driving -- -j28 -l28
[33.735s] Invoking command in '/home/seok/automotive_software_final/build/autonomous_driving': CMAKE_PREFIX_PATH=/home/seok/automotive_software_final/install/ad_msgs:/home/seok/automotive_software_final/install/simulator:/home/seok/automotive_software_final/install/mission_manager:/home/seok/automotive_software_final/install/evaluation:/home/seok/automotive_software_final/install/autonomous_driving:/opt/ros/humble /usr/bin/cmake --install /home/seok/automotive_software_final/build/autonomous_driving
[33.742s] -- Install configuration: ""
[33.742s] -- Installing: /home/seok/automotive_software_final/install/autonomous_driving/lib/autonomous_driving/autonomous_driving_node
[33.752s] -- Set runtime path of "/home/seok/automotive_software_final/install/autonomous_driving/lib/autonomous_driving/autonomous_driving_node" to ""
[33.752s] -- Installing: /home/seok/automotive_software_final/install/autonomous_driving/lib/autonomous_driving/driving_way_node
[33.763s] -- Set runtime path of "/home/seok/automotive_software_final/install/autonomous_driving/lib/autonomous_driving/driving_way_node" to ""
[33.763s] -- Up-to-date: /home/seok/automotive_software_final/install/autonomous_driving/share/autonomous_driving/launch
[33.764s] -- Up-to-date: /home/seok/automotive_software_final/install/autonomous_driving/share/autonomous_driving/launch/manual_driving.launch.xml
[33.764s] -- Up-to-date: /home/seok/automotive_software_final/install/autonomous_driving/share/autonomous_driving/launch/autonomous_driving.launch.xml
[33.764s] -- Up-to-date: /home/seok/automotive_software_final/install/autonomous_driving/lib/autonomous_driving/simultaneous_inputs.py
[33.764s] -- Up-to-date: /home/seok/automotive_software_final/install/autonomous_driving/share/ament_index/resource_index/package_run_dependencies/autonomous_driving
[33.764s] -- Up-to-date: /home/seok/automotive_software_final/install/autonomous_driving/share/ament_index/resource_index/parent_prefix_path/autonomous_driving
[33.764s] -- Up-to-date: /home/seok/automotive_software_final/install/autonomous_driving/share/autonomous_driving/environment/ament_prefix_path.sh
[33.764s] -- Up-to-date: /home/seok/automotive_software_final/install/autonomous_driving/share/autonomous_driving/environment/ament_prefix_path.dsv
[33.764s] -- Up-to-date: /home/seok/automotive_software_final/install/autonomous_driving/share/autonomous_driving/environment/path.sh
[33.764s] -- Up-to-date: /home/seok/automotive_software_final/install/autonomous_driving/share/autonomous_driving/environment/path.dsv
[33.764s] -- Up-to-date: /home/seok/automotive_software_final/install/autonomous_driving/share/autonomous_driving/local_setup.bash
[33.764s] -- Up-to-date: /home/seok/automotive_software_final/install/autonomous_driving/share/autonomous_driving/local_setup.sh
[33.764s] -- Up-to-date: /home/seok/automotive_software_final/install/autonomous_driving/share/autonomous_driving/local_setup.zsh
[33.764s] -- Up-to-date: /home/seok/automotive_software_final/install/autonomous_driving/share/autonomous_driving/local_setup.dsv
[33.764s] -- Installing: /home/seok/automotive_software_final/install/autonomous_driving/share/autonomous_driving/package.dsv
[33.765s] -- Up-to-date: /home/seok/automotive_software_final/install/autonomous_driving/share/ament_index/resource_index/packages/autonomous_driving
[33.765s] -- Up-to-date: /home/seok/automotive_software_final/install/autonomous_driving/share/autonomous_driving/cmake/autonomous_drivingConfig.cmake
[33.765s] -- Up-to-date: /home/seok/automotive_software_final/install/autonomous_driving/share/autonomous_driving/cmake/autonomous_drivingConfig-version.cmake
[33.765s] -- Up-to-date: /home/seok/automotive_software_final/install/autonomous_driving/share/autonomous_driving/package.xml
[33.767s] Invoked command in '/home/seok/automotive_software_final/build/autonomous_driving' returned '0': CMAKE_PREFIX_PATH=/home/seok/automotive_software_final/install/ad_msgs:/home/seok/automotive_software_final/install/simulator:/home/seok/automotive_software_final/install/mission_manager:/home/seok/automotive_software_final/install/evaluation:/home/seok/automotive_software_final/install/autonomous_driving:/opt/ros/humble /usr/bin/cmake --install /home/seok/automotive_software_final/build/autonomous_driving
