[0.156s] DEBUG:colcon:Command line arguments: ['/usr/bin/colcon', 'build']
[0.156s] DEBUG:colcon:Parsed command line arguments: Namespace(log_base=None, log_level=None, verb_name='build', build_base='build', install_base='install', merge_install=False, symlink_install=False, test_result_base=None, continue_on_error=False, executor='parallel', parallel_workers=28, event_handlers=None, ignore_user_meta=False, metas=['./colcon.meta'], base_paths=['.'], packages_ignore=None, packages_ignore_regex=None, paths=None, packages_up_to=None, packages_up_to_regex=None, packages_above=None, packages_above_and_dependencies=None, packages_above_depth=None, packages_select_by_dep=None, packages_skip_by_dep=None, packages_skip_up_to=None, packages_select_build_failed=False, packages_skip_build_finished=False, packages_select_test_failures=False, packages_skip_test_passed=False, packages_select=None, packages_skip=None, packages_select_regex=None, packages_skip_regex=None, packages_start=None, packages_end=None, allow_overriding=[], cmake_args=None, cmake_target=None, cmake_target_skip_unavailable=False, cmake_clean_cache=False, cmake_clean_first=False, cmake_force_configure=False, ament_cmake_args=None, catkin_cmake_args=None, catkin_skip_building_tests=False, mixin_files=None, mixin=None, verb_parser=<colcon_mixin.mixin.mixin_argument.MixinArgumentDecorator object at 0x7fa190e72530>, verb_extension=<colcon_core.verb.build.BuildVerb object at 0x7fa190fe6920>, main=<bound method BuildVerb.main of <colcon_core.verb.build.BuildVerb object at 0x7fa190fe6920>>, mixin_verb=('build',))
[0.359s] Level 1:colcon.colcon_core.package_discovery:discover_packages(colcon_meta) check parameters
[0.359s] Level 1:colcon.colcon_core.package_discovery:discover_packages(recursive) check parameters
[0.359s] Level 1:colcon.colcon_core.package_discovery:discover_packages(ignore) check parameters
[0.359s] Level 1:colcon.colcon_core.package_discovery:discover_packages(path) check parameters
[0.359s] Level 1:colcon.colcon_core.package_discovery:discover_packages(colcon_meta) discover
[0.359s] Level 1:colcon.colcon_core.package_discovery:discover_packages(recursive) discover
[0.360s] INFO:colcon.colcon_core.package_discovery:Crawling recursively for packages in '/home/seok/automotive_software_final'
[0.360s] Level 1:colcon.colcon_core.package_identification:_identify(.) by extensions ['ignore', 'ignore_ament_install']
[0.360s] Level 1:colcon.colcon_core.package_identification:_identify(.) by extension 'ignore'
[0.360s] Level 1:colcon.colcon_core.package_identification:_identify(.) by extension 'ignore_ament_install'
[0.360s] Level 1:colcon.colcon_core.package_identification:_identify(.) by extensions ['colcon_pkg']
[0.360s] Level 1:colcon.colcon_core.package_identification:_identify(.) by extension 'colcon_pkg'
[0.360s] Level 1:colcon.colcon_core.package_identification:_identify(.) by extensions ['colcon_meta']
[0.360s] Level 1:colcon.colcon_core.package_identification:_identify(.) by extension 'colcon_meta'
[0.360s] Level 1:colcon.colcon_core.package_identification:_identify(.) by extensions ['ros']
[0.360s] Level 1:colcon.colcon_core.package_identification:_identify(.) by extension 'ros'
[0.368s] Level 1:colcon.colcon_core.package_identification:_identify(.) by extensions ['cmake', 'python']
[0.368s] Level 1:colcon.colcon_core.package_identification:_identify(.) by extension 'cmake'
[0.368s] Level 1:colcon.colcon_core.package_identification:_identify(.) by extension 'python'
[0.368s] Level 1:colcon.colcon_core.package_identification:_identify(.) by extensions ['python_setup_py']
[0.368s] Level 1:colcon.colcon_core.package_identification:_identify(.) by extension 'python_setup_py'
[0.368s] Level 1:colcon.colcon_core.package_identification:_identify(build) by extensions ['ignore', 'ignore_ament_install']
[0.368s] Level 1:colcon.colcon_core.package_identification:_identify(build) by extension 'ignore'
[0.368s] Level 1:colcon.colcon_core.package_identification:_identify(build) ignored
[0.368s] Level 1:colcon.colcon_core.package_identification:_identify(install) by extensions ['ignore', 'ignore_ament_install']
[0.369s] Level 1:colcon.colcon_core.package_identification:_identify(install) by extension 'ignore'
[0.369s] Level 1:colcon.colcon_core.package_identification:_identify(install) ignored
[0.369s] Level 1:colcon.colcon_core.package_identification:_identify(log) by extensions ['ignore', 'ignore_ament_install']
[0.369s] Level 1:colcon.colcon_core.package_identification:_identify(log) by extension 'ignore'
[0.369s] Level 1:colcon.colcon_core.package_identification:_identify(log) ignored
[0.369s] Level 1:colcon.colcon_core.package_identification:_identify(resources) by extensions ['ignore', 'ignore_ament_install']
[0.369s] Level 1:colcon.colcon_core.package_identification:_identify(resources) by extension 'ignore'
[0.369s] Level 1:colcon.colcon_core.package_identification:_identify(resources) by extension 'ignore_ament_install'
[0.369s] Level 1:colcon.colcon_core.package_identification:_identify(resources) by extensions ['colcon_pkg']
[0.369s] Level 1:colcon.colcon_core.package_identification:_identify(resources) by extension 'colcon_pkg'
[0.369s] Level 1:colcon.colcon_core.package_identification:_identify(resources) by extensions ['colcon_meta']
[0.369s] Level 1:colcon.colcon_core.package_identification:_identify(resources) by extension 'colcon_meta'
[0.369s] Level 1:colcon.colcon_core.package_identification:_identify(resources) by extensions ['ros']
[0.369s] Level 1:colcon.colcon_core.package_identification:_identify(resources) by extension 'ros'
[0.369s] Level 1:colcon.colcon_core.package_identification:_identify(resources) by extensions ['cmake', 'python']
[0.369s] Level 1:colcon.colcon_core.package_identification:_identify(resources) by extension 'cmake'
[0.369s] Level 1:colcon.colcon_core.package_identification:_identify(resources) by extension 'python'
[0.369s] Level 1:colcon.colcon_core.package_identification:_identify(resources) by extensions ['python_setup_py']
[0.369s] Level 1:colcon.colcon_core.package_identification:_identify(resources) by extension 'python_setup_py'
[0.369s] Level 1:colcon.colcon_core.package_identification:_identify(resources/csv) by extensions ['ignore', 'ignore_ament_install']
[0.369s] Level 1:colcon.colcon_core.package_identification:_identify(resources/csv) by extension 'ignore'
[0.369s] Level 1:colcon.colcon_core.package_identification:_identify(resources/csv) by extension 'ignore_ament_install'
[0.369s] Level 1:colcon.colcon_core.package_identification:_identify(resources/csv) by extensions ['colcon_pkg']
[0.369s] Level 1:colcon.colcon_core.package_identification:_identify(resources/csv) by extension 'colcon_pkg'
[0.369s] Level 1:colcon.colcon_core.package_identification:_identify(resources/csv) by extensions ['colcon_meta']
[0.369s] Level 1:colcon.colcon_core.package_identification:_identify(resources/csv) by extension 'colcon_meta'
[0.369s] Level 1:colcon.colcon_core.package_identification:_identify(resources/csv) by extensions ['ros']
[0.369s] Level 1:colcon.colcon_core.package_identification:_identify(resources/csv) by extension 'ros'
[0.369s] Level 1:colcon.colcon_core.package_identification:_identify(resources/csv) by extensions ['cmake', 'python']
[0.369s] Level 1:colcon.colcon_core.package_identification:_identify(resources/csv) by extension 'cmake'
[0.369s] Level 1:colcon.colcon_core.package_identification:_identify(resources/csv) by extension 'python'
[0.369s] Level 1:colcon.colcon_core.package_identification:_identify(resources/csv) by extensions ['python_setup_py']
[0.369s] Level 1:colcon.colcon_core.package_identification:_identify(resources/csv) by extension 'python_setup_py'
[0.370s] Level 1:colcon.colcon_core.package_identification:_identify(resources/csv/evaluation_lane) by extensions ['ignore', 'ignore_ament_install']
[0.370s] Level 1:colcon.colcon_core.package_identification:_identify(resources/csv/evaluation_lane) by extension 'ignore'
[0.370s] Level 1:colcon.colcon_core.package_identification:_identify(resources/csv/evaluation_lane) by extension 'ignore_ament_install'
[0.370s] Level 1:colcon.colcon_core.package_identification:_identify(resources/csv/evaluation_lane) by extensions ['colcon_pkg']
[0.370s] Level 1:colcon.colcon_core.package_identification:_identify(resources/csv/evaluation_lane) by extension 'colcon_pkg'
[0.370s] Level 1:colcon.colcon_core.package_identification:_identify(resources/csv/evaluation_lane) by extensions ['colcon_meta']
[0.370s] Level 1:colcon.colcon_core.package_identification:_identify(resources/csv/evaluation_lane) by extension 'colcon_meta'
[0.370s] Level 1:colcon.colcon_core.package_identification:_identify(resources/csv/evaluation_lane) by extensions ['ros']
[0.370s] Level 1:colcon.colcon_core.package_identification:_identify(resources/csv/evaluation_lane) by extension 'ros'
[0.370s] Level 1:colcon.colcon_core.package_identification:_identify(resources/csv/evaluation_lane) by extensions ['cmake', 'python']
[0.370s] Level 1:colcon.colcon_core.package_identification:_identify(resources/csv/evaluation_lane) by extension 'cmake'
[0.370s] Level 1:colcon.colcon_core.package_identification:_identify(resources/csv/evaluation_lane) by extension 'python'
[0.370s] Level 1:colcon.colcon_core.package_identification:_identify(resources/csv/evaluation_lane) by extensions ['python_setup_py']
[0.370s] Level 1:colcon.colcon_core.package_identification:_identify(resources/csv/evaluation_lane) by extension 'python_setup_py'
[0.370s] Level 1:colcon.colcon_core.package_identification:_identify(resources/csv/simulation_lane) by extensions ['ignore', 'ignore_ament_install']
[0.370s] Level 1:colcon.colcon_core.package_identification:_identify(resources/csv/simulation_lane) by extension 'ignore'
[0.370s] Level 1:colcon.colcon_core.package_identification:_identify(resources/csv/simulation_lane) by extension 'ignore_ament_install'
[0.370s] Level 1:colcon.colcon_core.package_identification:_identify(resources/csv/simulation_lane) by extensions ['colcon_pkg']
[0.370s] Level 1:colcon.colcon_core.package_identification:_identify(resources/csv/simulation_lane) by extension 'colcon_pkg'
[0.370s] Level 1:colcon.colcon_core.package_identification:_identify(resources/csv/simulation_lane) by extensions ['colcon_meta']
[0.370s] Level 1:colcon.colcon_core.package_identification:_identify(resources/csv/simulation_lane) by extension 'colcon_meta'
[0.370s] Level 1:colcon.colcon_core.package_identification:_identify(resources/csv/simulation_lane) by extensions ['ros']
[0.370s] Level 1:colcon.colcon_core.package_identification:_identify(resources/csv/simulation_lane) by extension 'ros'
[0.370s] Level 1:colcon.colcon_core.package_identification:_identify(resources/csv/simulation_lane) by extensions ['cmake', 'python']
[0.370s] Level 1:colcon.colcon_core.package_identification:_identify(resources/csv/simulation_lane) by extension 'cmake'
[0.370s] Level 1:colcon.colcon_core.package_identification:_identify(resources/csv/simulation_lane) by extension 'python'
[0.370s] Level 1:colcon.colcon_core.package_identification:_identify(resources/csv/simulation_lane) by extensions ['python_setup_py']
[0.370s] Level 1:colcon.colcon_core.package_identification:_identify(resources/csv/simulation_lane) by extension 'python_setup_py'
[0.370s] Level 1:colcon.colcon_core.package_identification:_identify(resources/meshes) by extensions ['ignore', 'ignore_ament_install']
[0.370s] Level 1:colcon.colcon_core.package_identification:_identify(resources/meshes) by extension 'ignore'
[0.370s] Level 1:colcon.colcon_core.package_identification:_identify(resources/meshes) by extension 'ignore_ament_install'
[0.370s] Level 1:colcon.colcon_core.package_identification:_identify(resources/meshes) by extensions ['colcon_pkg']
[0.370s] Level 1:colcon.colcon_core.package_identification:_identify(resources/meshes) by extension 'colcon_pkg'
[0.370s] Level 1:colcon.colcon_core.package_identification:_identify(resources/meshes) by extensions ['colcon_meta']
[0.370s] Level 1:colcon.colcon_core.package_identification:_identify(resources/meshes) by extension 'colcon_meta'
[0.371s] Level 1:colcon.colcon_core.package_identification:_identify(resources/meshes) by extensions ['ros']
[0.371s] Level 1:colcon.colcon_core.package_identification:_identify(resources/meshes) by extension 'ros'
[0.371s] Level 1:colcon.colcon_core.package_identification:_identify(resources/meshes) by extensions ['cmake', 'python']
[0.371s] Level 1:colcon.colcon_core.package_identification:_identify(resources/meshes) by extension 'cmake'
[0.371s] Level 1:colcon.colcon_core.package_identification:_identify(resources/meshes) by extension 'python'
[0.371s] Level 1:colcon.colcon_core.package_identification:_identify(resources/meshes) by extensions ['python_setup_py']
[0.371s] Level 1:colcon.colcon_core.package_identification:_identify(resources/meshes) by extension 'python_setup_py'
[0.371s] Level 1:colcon.colcon_core.package_identification:_identify(resources/rviz) by extensions ['ignore', 'ignore_ament_install']
[0.371s] Level 1:colcon.colcon_core.package_identification:_identify(resources/rviz) by extension 'ignore'
[0.371s] Level 1:colcon.colcon_core.package_identification:_identify(resources/rviz) by extension 'ignore_ament_install'
[0.371s] Level 1:colcon.colcon_core.package_identification:_identify(resources/rviz) by extensions ['colcon_pkg']
[0.371s] Level 1:colcon.colcon_core.package_identification:_identify(resources/rviz) by extension 'colcon_pkg'
[0.371s] Level 1:colcon.colcon_core.package_identification:_identify(resources/rviz) by extensions ['colcon_meta']
[0.371s] Level 1:colcon.colcon_core.package_identification:_identify(resources/rviz) by extension 'colcon_meta'
[0.371s] Level 1:colcon.colcon_core.package_identification:_identify(resources/rviz) by extensions ['ros']
[0.371s] Level 1:colcon.colcon_core.package_identification:_identify(resources/rviz) by extension 'ros'
[0.371s] Level 1:colcon.colcon_core.package_identification:_identify(resources/rviz) by extensions ['cmake', 'python']
[0.371s] Level 1:colcon.colcon_core.package_identification:_identify(resources/rviz) by extension 'cmake'
[0.371s] Level 1:colcon.colcon_core.package_identification:_identify(resources/rviz) by extension 'python'
[0.371s] Level 1:colcon.colcon_core.package_identification:_identify(resources/rviz) by extensions ['python_setup_py']
[0.371s] Level 1:colcon.colcon_core.package_identification:_identify(resources/rviz) by extension 'python_setup_py'
[0.371s] Level 1:colcon.colcon_core.package_identification:_identify(src) by extensions ['ignore', 'ignore_ament_install']
[0.371s] Level 1:colcon.colcon_core.package_identification:_identify(src) by extension 'ignore'
[0.371s] Level 1:colcon.colcon_core.package_identification:_identify(src) by extension 'ignore_ament_install'
[0.371s] Level 1:colcon.colcon_core.package_identification:_identify(src) by extensions ['colcon_pkg']
[0.371s] Level 1:colcon.colcon_core.package_identification:_identify(src) by extension 'colcon_pkg'
[0.371s] Level 1:colcon.colcon_core.package_identification:_identify(src) by extensions ['colcon_meta']
[0.371s] Level 1:colcon.colcon_core.package_identification:_identify(src) by extension 'colcon_meta'
[0.371s] Level 1:colcon.colcon_core.package_identification:_identify(src) by extensions ['ros']
[0.371s] Level 1:colcon.colcon_core.package_identification:_identify(src) by extension 'ros'
[0.371s] Level 1:colcon.colcon_core.package_identification:_identify(src) by extensions ['cmake', 'python']
[0.371s] Level 1:colcon.colcon_core.package_identification:_identify(src) by extension 'cmake'
[0.371s] Level 1:colcon.colcon_core.package_identification:_identify(src) by extension 'python'
[0.371s] Level 1:colcon.colcon_core.package_identification:_identify(src) by extensions ['python_setup_py']
[0.371s] Level 1:colcon.colcon_core.package_identification:_identify(src) by extension 'python_setup_py'
[0.371s] Level 1:colcon.colcon_core.package_identification:_identify(src/app) by extensions ['ignore', 'ignore_ament_install']
[0.371s] Level 1:colcon.colcon_core.package_identification:_identify(src/app) by extension 'ignore'
[0.371s] Level 1:colcon.colcon_core.package_identification:_identify(src/app) by extension 'ignore_ament_install'
[0.371s] Level 1:colcon.colcon_core.package_identification:_identify(src/app) by extensions ['colcon_pkg']
[0.371s] Level 1:colcon.colcon_core.package_identification:_identify(src/app) by extension 'colcon_pkg'
[0.371s] Level 1:colcon.colcon_core.package_identification:_identify(src/app) by extensions ['colcon_meta']
[0.371s] Level 1:colcon.colcon_core.package_identification:_identify(src/app) by extension 'colcon_meta'
[0.371s] Level 1:colcon.colcon_core.package_identification:_identify(src/app) by extensions ['ros']
[0.372s] Level 1:colcon.colcon_core.package_identification:_identify(src/app) by extension 'ros'
[0.372s] Level 1:colcon.colcon_core.package_identification:_identify(src/app) by extensions ['cmake', 'python']
[0.372s] Level 1:colcon.colcon_core.package_identification:_identify(src/app) by extension 'cmake'
[0.372s] Level 1:colcon.colcon_core.package_identification:_identify(src/app) by extension 'python'
[0.372s] Level 1:colcon.colcon_core.package_identification:_identify(src/app) by extensions ['python_setup_py']
[0.372s] Level 1:colcon.colcon_core.package_identification:_identify(src/app) by extension 'python_setup_py'
[0.372s] Level 1:colcon.colcon_core.package_identification:_identify(src/app/autonomous_driving) by extensions ['ignore', 'ignore_ament_install']
[0.372s] Level 1:colcon.colcon_core.package_identification:_identify(src/app/autonomous_driving) by extension 'ignore'
[0.372s] Level 1:colcon.colcon_core.package_identification:_identify(src/app/autonomous_driving) by extension 'ignore_ament_install'
[0.372s] Level 1:colcon.colcon_core.package_identification:_identify(src/app/autonomous_driving) by extensions ['colcon_pkg']
[0.372s] Level 1:colcon.colcon_core.package_identification:_identify(src/app/autonomous_driving) by extension 'colcon_pkg'
[0.372s] Level 1:colcon.colcon_core.package_identification:_identify(src/app/autonomous_driving) by extensions ['colcon_meta']
[0.372s] Level 1:colcon.colcon_core.package_identification:_identify(src/app/autonomous_driving) by extension 'colcon_meta'
[0.372s] Level 1:colcon.colcon_core.package_identification:_identify(src/app/autonomous_driving) by extensions ['ros']
[0.372s] Level 1:colcon.colcon_core.package_identification:_identify(src/app/autonomous_driving) by extension 'ros'
[0.374s] DEBUG:colcon.colcon_core.package_identification:Package 'src/app/autonomous_driving' with type 'ros.ament_cmake' and name 'autonomous_driving'
[0.374s] Level 1:colcon.colcon_core.package_identification:_identify(src/app/evaluation) by extensions ['ignore', 'ignore_ament_install']
[0.374s] Level 1:colcon.colcon_core.package_identification:_identify(src/app/evaluation) by extension 'ignore'
[0.374s] Level 1:colcon.colcon_core.package_identification:_identify(src/app/evaluation) by extension 'ignore_ament_install'
[0.374s] Level 1:colcon.colcon_core.package_identification:_identify(src/app/evaluation) by extensions ['colcon_pkg']
[0.374s] Level 1:colcon.colcon_core.package_identification:_identify(src/app/evaluation) by extension 'colcon_pkg'
[0.374s] Level 1:colcon.colcon_core.package_identification:_identify(src/app/evaluation) by extensions ['colcon_meta']
[0.374s] Level 1:colcon.colcon_core.package_identification:_identify(src/app/evaluation) by extension 'colcon_meta'
[0.374s] Level 1:colcon.colcon_core.package_identification:_identify(src/app/evaluation) by extensions ['ros']
[0.374s] Level 1:colcon.colcon_core.package_identification:_identify(src/app/evaluation) by extension 'ros'
[0.375s] DEBUG:colcon.colcon_core.package_identification:Package 'src/app/evaluation' with type 'ros.ament_cmake' and name 'evaluation'
[0.375s] Level 1:colcon.colcon_core.package_identification:_identify(src/app/mission_manager) by extensions ['ignore', 'ignore_ament_install']
[0.375s] Level 1:colcon.colcon_core.package_identification:_identify(src/app/mission_manager) by extension 'ignore'
[0.375s] Level 1:colcon.colcon_core.package_identification:_identify(src/app/mission_manager) by extension 'ignore_ament_install'
[0.375s] Level 1:colcon.colcon_core.package_identification:_identify(src/app/mission_manager) by extensions ['colcon_pkg']
[0.375s] Level 1:colcon.colcon_core.package_identification:_identify(src/app/mission_manager) by extension 'colcon_pkg'
[0.375s] Level 1:colcon.colcon_core.package_identification:_identify(src/app/mission_manager) by extensions ['colcon_meta']
[0.375s] Level 1:colcon.colcon_core.package_identification:_identify(src/app/mission_manager) by extension 'colcon_meta'
[0.375s] Level 1:colcon.colcon_core.package_identification:_identify(src/app/mission_manager) by extensions ['ros']
[0.375s] Level 1:colcon.colcon_core.package_identification:_identify(src/app/mission_manager) by extension 'ros'
[0.375s] DEBUG:colcon.colcon_core.package_identification:Package 'src/app/mission_manager' with type 'ros.ament_cmake' and name 'mission_manager'
[0.375s] Level 1:colcon.colcon_core.package_identification:_identify(src/app/simulator) by extensions ['ignore', 'ignore_ament_install']
[0.375s] Level 1:colcon.colcon_core.package_identification:_identify(src/app/simulator) by extension 'ignore'
[0.376s] Level 1:colcon.colcon_core.package_identification:_identify(src/app/simulator) by extension 'ignore_ament_install'
[0.376s] Level 1:colcon.colcon_core.package_identification:_identify(src/app/simulator) by extensions ['colcon_pkg']
[0.376s] Level 1:colcon.colcon_core.package_identification:_identify(src/app/simulator) by extension 'colcon_pkg'
[0.376s] Level 1:colcon.colcon_core.package_identification:_identify(src/app/simulator) by extensions ['colcon_meta']
[0.376s] Level 1:colcon.colcon_core.package_identification:_identify(src/app/simulator) by extension 'colcon_meta'
[0.376s] Level 1:colcon.colcon_core.package_identification:_identify(src/app/simulator) by extensions ['ros']
[0.376s] Level 1:colcon.colcon_core.package_identification:_identify(src/app/simulator) by extension 'ros'
[0.376s] DEBUG:colcon.colcon_core.package_identification:Package 'src/app/simulator' with type 'ros.ament_cmake' and name 'simulator'
[0.376s] Level 1:colcon.colcon_core.package_identification:_identify(src/bsw) by extensions ['ignore', 'ignore_ament_install']
[0.376s] Level 1:colcon.colcon_core.package_identification:_identify(src/bsw) by extension 'ignore'
[0.376s] Level 1:colcon.colcon_core.package_identification:_identify(src/bsw) by extension 'ignore_ament_install'
[0.376s] Level 1:colcon.colcon_core.package_identification:_identify(src/bsw) by extensions ['colcon_pkg']
[0.376s] Level 1:colcon.colcon_core.package_identification:_identify(src/bsw) by extension 'colcon_pkg'
[0.376s] Level 1:colcon.colcon_core.package_identification:_identify(src/bsw) by extensions ['colcon_meta']
[0.376s] Level 1:colcon.colcon_core.package_identification:_identify(src/bsw) by extension 'colcon_meta'
[0.376s] Level 1:colcon.colcon_core.package_identification:_identify(src/bsw) by extensions ['ros']
[0.376s] Level 1:colcon.colcon_core.package_identification:_identify(src/bsw) by extension 'ros'
[0.376s] Level 1:colcon.colcon_core.package_identification:_identify(src/bsw) by extensions ['cmake', 'python']
[0.376s] Level 1:colcon.colcon_core.package_identification:_identify(src/bsw) by extension 'cmake'
[0.376s] Level 1:colcon.colcon_core.package_identification:_identify(src/bsw) by extension 'python'
[0.376s] Level 1:colcon.colcon_core.package_identification:_identify(src/bsw) by extensions ['python_setup_py']
[0.376s] Level 1:colcon.colcon_core.package_identification:_identify(src/bsw) by extension 'python_setup_py'
[0.377s] Level 1:colcon.colcon_core.package_identification:_identify(src/bsw/system) by extensions ['ignore', 'ignore_ament_install']
[0.377s] Level 1:colcon.colcon_core.package_identification:_identify(src/bsw/system) by extension 'ignore'
[0.377s] Level 1:colcon.colcon_core.package_identification:_identify(src/bsw/system) by extension 'ignore_ament_install'
[0.377s] Level 1:colcon.colcon_core.package_identification:_identify(src/bsw/system) by extensions ['colcon_pkg']
[0.377s] Level 1:colcon.colcon_core.package_identification:_identify(src/bsw/system) by extension 'colcon_pkg'
[0.377s] Level 1:colcon.colcon_core.package_identification:_identify(src/bsw/system) by extensions ['colcon_meta']
[0.377s] Level 1:colcon.colcon_core.package_identification:_identify(src/bsw/system) by extension 'colcon_meta'
[0.377s] Level 1:colcon.colcon_core.package_identification:_identify(src/bsw/system) by extensions ['ros']
[0.377s] Level 1:colcon.colcon_core.package_identification:_identify(src/bsw/system) by extension 'ros'
[0.377s] Level 1:colcon.colcon_core.package_identification:_identify(src/bsw/system) by extensions ['cmake', 'python']
[0.377s] Level 1:colcon.colcon_core.package_identification:_identify(src/bsw/system) by extension 'cmake'
[0.377s] Level 1:colcon.colcon_core.package_identification:_identify(src/bsw/system) by extension 'python'
[0.377s] Level 1:colcon.colcon_core.package_identification:_identify(src/bsw/system) by extensions ['python_setup_py']
[0.377s] Level 1:colcon.colcon_core.package_identification:_identify(src/bsw/system) by extension 'python_setup_py'
[0.377s] Level 1:colcon.colcon_core.package_identification:_identify(src/bsw/system/bridge) by extensions ['ignore', 'ignore_ament_install']
[0.377s] Level 1:colcon.colcon_core.package_identification:_identify(src/bsw/system/bridge) by extension 'ignore'
[0.377s] Level 1:colcon.colcon_core.package_identification:_identify(src/bsw/system/bridge) by extension 'ignore_ament_install'
[0.377s] Level 1:colcon.colcon_core.package_identification:_identify(src/bsw/system/bridge) by extensions ['colcon_pkg']
[0.377s] Level 1:colcon.colcon_core.package_identification:_identify(src/bsw/system/bridge) by extension 'colcon_pkg'
[0.377s] Level 1:colcon.colcon_core.package_identification:_identify(src/bsw/system/bridge) by extensions ['colcon_meta']
[0.377s] Level 1:colcon.colcon_core.package_identification:_identify(src/bsw/system/bridge) by extension 'colcon_meta'
[0.377s] Level 1:colcon.colcon_core.package_identification:_identify(src/bsw/system/bridge) by extensions ['ros']
[0.377s] Level 1:colcon.colcon_core.package_identification:_identify(src/bsw/system/bridge) by extension 'ros'
[0.377s] Level 1:colcon.colcon_core.package_identification:_identify(src/bsw/system/bridge) by extensions ['cmake', 'python']
[0.377s] Level 1:colcon.colcon_core.package_identification:_identify(src/bsw/system/bridge) by extension 'cmake'
[0.377s] Level 1:colcon.colcon_core.package_identification:_identify(src/bsw/system/bridge) by extension 'python'
[0.377s] Level 1:colcon.colcon_core.package_identification:_identify(src/bsw/system/bridge) by extensions ['python_setup_py']
[0.377s] Level 1:colcon.colcon_core.package_identification:_identify(src/bsw/system/bridge) by extension 'python_setup_py'
[0.377s] Level 1:colcon.colcon_core.package_identification:_identify(src/bsw/system/interface) by extensions ['ignore', 'ignore_ament_install']
[0.377s] Level 1:colcon.colcon_core.package_identification:_identify(src/bsw/system/interface) by extension 'ignore'
[0.377s] Level 1:colcon.colcon_core.package_identification:_identify(src/bsw/system/interface) by extension 'ignore_ament_install'
[0.377s] Level 1:colcon.colcon_core.package_identification:_identify(src/bsw/system/interface) by extensions ['colcon_pkg']
[0.377s] Level 1:colcon.colcon_core.package_identification:_identify(src/bsw/system/interface) by extension 'colcon_pkg'
[0.377s] Level 1:colcon.colcon_core.package_identification:_identify(src/bsw/system/interface) by extensions ['colcon_meta']
[0.377s] Level 1:colcon.colcon_core.package_identification:_identify(src/bsw/system/interface) by extension 'colcon_meta'
[0.377s] Level 1:colcon.colcon_core.package_identification:_identify(src/bsw/system/interface) by extensions ['ros']
[0.377s] Level 1:colcon.colcon_core.package_identification:_identify(src/bsw/system/interface) by extension 'ros'
[0.377s] Level 1:colcon.colcon_core.package_identification:_identify(src/bsw/system/interface) by extensions ['cmake', 'python']
[0.377s] Level 1:colcon.colcon_core.package_identification:_identify(src/bsw/system/interface) by extension 'cmake'
[0.377s] Level 1:colcon.colcon_core.package_identification:_identify(src/bsw/system/interface) by extension 'python'
[0.377s] Level 1:colcon.colcon_core.package_identification:_identify(src/bsw/system/interface) by extensions ['python_setup_py']
[0.377s] Level 1:colcon.colcon_core.package_identification:_identify(src/bsw/system/interface) by extension 'python_setup_py'
[0.377s] Level 1:colcon.colcon_core.package_identification:_identify(src/rte) by extensions ['ignore', 'ignore_ament_install']
[0.378s] Level 1:colcon.colcon_core.package_identification:_identify(src/rte) by extension 'ignore'
[0.378s] Level 1:colcon.colcon_core.package_identification:_identify(src/rte) by extension 'ignore_ament_install'
[0.378s] Level 1:colcon.colcon_core.package_identification:_identify(src/rte) by extensions ['colcon_pkg']
[0.378s] Level 1:colcon.colcon_core.package_identification:_identify(src/rte) by extension 'colcon_pkg'
[0.378s] Level 1:colcon.colcon_core.package_identification:_identify(src/rte) by extensions ['colcon_meta']
[0.378s] Level 1:colcon.colcon_core.package_identification:_identify(src/rte) by extension 'colcon_meta'
[0.378s] Level 1:colcon.colcon_core.package_identification:_identify(src/rte) by extensions ['ros']
[0.378s] Level 1:colcon.colcon_core.package_identification:_identify(src/rte) by extension 'ros'
[0.378s] Level 1:colcon.colcon_core.package_identification:_identify(src/rte) by extensions ['cmake', 'python']
[0.378s] Level 1:colcon.colcon_core.package_identification:_identify(src/rte) by extension 'cmake'
[0.378s] Level 1:colcon.colcon_core.package_identification:_identify(src/rte) by extension 'python'
[0.378s] Level 1:colcon.colcon_core.package_identification:_identify(src/rte) by extensions ['python_setup_py']
[0.378s] Level 1:colcon.colcon_core.package_identification:_identify(src/rte) by extension 'python_setup_py'
[0.378s] Level 1:colcon.colcon_core.package_identification:_identify(src/rte/msg) by extensions ['ignore', 'ignore_ament_install']
[0.378s] Level 1:colcon.colcon_core.package_identification:_identify(src/rte/msg) by extension 'ignore'
[0.378s] Level 1:colcon.colcon_core.package_identification:_identify(src/rte/msg) by extension 'ignore_ament_install'
[0.378s] Level 1:colcon.colcon_core.package_identification:_identify(src/rte/msg) by extensions ['colcon_pkg']
[0.378s] Level 1:colcon.colcon_core.package_identification:_identify(src/rte/msg) by extension 'colcon_pkg'
[0.378s] Level 1:colcon.colcon_core.package_identification:_identify(src/rte/msg) by extensions ['colcon_meta']
[0.378s] Level 1:colcon.colcon_core.package_identification:_identify(src/rte/msg) by extension 'colcon_meta'
[0.378s] Level 1:colcon.colcon_core.package_identification:_identify(src/rte/msg) by extensions ['ros']
[0.378s] Level 1:colcon.colcon_core.package_identification:_identify(src/rte/msg) by extension 'ros'
[0.378s] Level 1:colcon.colcon_core.package_identification:_identify(src/rte/msg) by extensions ['cmake', 'python']
[0.378s] Level 1:colcon.colcon_core.package_identification:_identify(src/rte/msg) by extension 'cmake'
[0.378s] Level 1:colcon.colcon_core.package_identification:_identify(src/rte/msg) by extension 'python'
[0.378s] Level 1:colcon.colcon_core.package_identification:_identify(src/rte/msg) by extensions ['python_setup_py']
[0.378s] Level 1:colcon.colcon_core.package_identification:_identify(src/rte/msg) by extension 'python_setup_py'
[0.378s] Level 1:colcon.colcon_core.package_identification:_identify(src/rte/msg/ad_msgs) by extensions ['ignore', 'ignore_ament_install']
[0.378s] Level 1:colcon.colcon_core.package_identification:_identify(src/rte/msg/ad_msgs) by extension 'ignore'
[0.378s] Level 1:colcon.colcon_core.package_identification:_identify(src/rte/msg/ad_msgs) by extension 'ignore_ament_install'
[0.378s] Level 1:colcon.colcon_core.package_identification:_identify(src/rte/msg/ad_msgs) by extensions ['colcon_pkg']
[0.378s] Level 1:colcon.colcon_core.package_identification:_identify(src/rte/msg/ad_msgs) by extension 'colcon_pkg'
[0.378s] Level 1:colcon.colcon_core.package_identification:_identify(src/rte/msg/ad_msgs) by extensions ['colcon_meta']
[0.378s] Level 1:colcon.colcon_core.package_identification:_identify(src/rte/msg/ad_msgs) by extension 'colcon_meta'
[0.378s] Level 1:colcon.colcon_core.package_identification:_identify(src/rte/msg/ad_msgs) by extensions ['ros']
[0.378s] Level 1:colcon.colcon_core.package_identification:_identify(src/rte/msg/ad_msgs) by extension 'ros'
[0.379s] DEBUG:colcon.colcon_core.package_identification:Package 'src/rte/msg/ad_msgs' with type 'ros.ament_cmake' and name 'ad_msgs'
[0.379s] Level 1:colcon.colcon_core.package_discovery:discover_packages(recursive) using defaults
[0.379s] Level 1:colcon.colcon_core.package_discovery:discover_packages(ignore) discover
[0.379s] Level 1:colcon.colcon_core.package_discovery:discover_packages(ignore) using defaults
[0.379s] Level 1:colcon.colcon_core.package_discovery:discover_packages(path) discover
[0.379s] Level 1:colcon.colcon_core.package_discovery:discover_packages(path) using defaults
[0.409s] Level 1:colcon.colcon_core.package_discovery:discover_packages(prefix_path) check parameters
[0.409s] Level 1:colcon.colcon_core.package_discovery:discover_packages(prefix_path) discover
[0.413s] DEBUG:colcon.colcon_installed_package_information.package_discovery:Found 5 installed packages in /home/seok/automotive_software_final/install
[0.415s] DEBUG:colcon.colcon_installed_package_information.package_discovery:Found 296 installed packages in /opt/ros/humble
[0.416s] Level 1:colcon.colcon_core.package_discovery:discover_packages(prefix_path) using defaults
[0.480s] Level 5:colcon.colcon_core.verb:set package 'ad_msgs' build argument 'cmake_args' from command line to 'None'
[0.480s] Level 5:colcon.colcon_core.verb:set package 'ad_msgs' build argument 'cmake_target' from command line to 'None'
[0.480s] Level 5:colcon.colcon_core.verb:set package 'ad_msgs' build argument 'cmake_target_skip_unavailable' from command line to 'False'
[0.480s] Level 5:colcon.colcon_core.verb:set package 'ad_msgs' build argument 'cmake_clean_cache' from command line to 'False'
[0.480s] Level 5:colcon.colcon_core.verb:set package 'ad_msgs' build argument 'cmake_clean_first' from command line to 'False'
[0.480s] Level 5:colcon.colcon_core.verb:set package 'ad_msgs' build argument 'cmake_force_configure' from command line to 'False'
[0.480s] Level 5:colcon.colcon_core.verb:set package 'ad_msgs' build argument 'ament_cmake_args' from command line to 'None'
[0.480s] Level 5:colcon.colcon_core.verb:set package 'ad_msgs' build argument 'catkin_cmake_args' from command line to 'None'
[0.480s] Level 5:colcon.colcon_core.verb:set package 'ad_msgs' build argument 'catkin_skip_building_tests' from command line to 'False'
[0.480s] DEBUG:colcon.colcon_core.verb:Building package 'ad_msgs' with the following arguments: {'ament_cmake_args': None, 'build_base': '/home/seok/automotive_software_final/build/ad_msgs', 'catkin_cmake_args': None, 'catkin_skip_building_tests': False, 'cmake_args': None, 'cmake_clean_cache': False, 'cmake_clean_first': False, 'cmake_force_configure': False, 'cmake_target': None, 'cmake_target_skip_unavailable': False, 'install_base': '/home/seok/automotive_software_final/install/ad_msgs', 'merge_install': False, 'path': '/home/seok/automotive_software_final/src/rte/msg/ad_msgs', 'symlink_install': False, 'test_result_base': None}
[0.480s] Level 5:colcon.colcon_core.verb:set package 'autonomous_driving' build argument 'cmake_args' from command line to 'None'
[0.480s] Level 5:colcon.colcon_core.verb:set package 'autonomous_driving' build argument 'cmake_target' from command line to 'None'
[0.480s] Level 5:colcon.colcon_core.verb:set package 'autonomous_driving' build argument 'cmake_target_skip_unavailable' from command line to 'False'
[0.480s] Level 5:colcon.colcon_core.verb:set package 'autonomous_driving' build argument 'cmake_clean_cache' from command line to 'False'
[0.480s] Level 5:colcon.colcon_core.verb:set package 'autonomous_driving' build argument 'cmake_clean_first' from command line to 'False'
[0.480s] Level 5:colcon.colcon_core.verb:set package 'autonomous_driving' build argument 'cmake_force_configure' from command line to 'False'
[0.480s] Level 5:colcon.colcon_core.verb:set package 'autonomous_driving' build argument 'ament_cmake_args' from command line to 'None'
[0.480s] Level 5:colcon.colcon_core.verb:set package 'autonomous_driving' build argument 'catkin_cmake_args' from command line to 'None'
[0.480s] Level 5:colcon.colcon_core.verb:set package 'autonomous_driving' build argument 'catkin_skip_building_tests' from command line to 'False'
[0.480s] DEBUG:colcon.colcon_core.verb:Building package 'autonomous_driving' with the following arguments: {'ament_cmake_args': None, 'build_base': '/home/seok/automotive_software_final/build/autonomous_driving', 'catkin_cmake_args': None, 'catkin_skip_building_tests': False, 'cmake_args': None, 'cmake_clean_cache': False, 'cmake_clean_first': False, 'cmake_force_configure': False, 'cmake_target': None, 'cmake_target_skip_unavailable': False, 'install_base': '/home/seok/automotive_software_final/install/autonomous_driving', 'merge_install': False, 'path': '/home/seok/automotive_software_final/src/app/autonomous_driving', 'symlink_install': False, 'test_result_base': None}
[0.480s] Level 5:colcon.colcon_core.verb:set package 'evaluation' build argument 'cmake_args' from command line to 'None'
[0.480s] Level 5:colcon.colcon_core.verb:set package 'evaluation' build argument 'cmake_target' from command line to 'None'
[0.480s] Level 5:colcon.colcon_core.verb:set package 'evaluation' build argument 'cmake_target_skip_unavailable' from command line to 'False'
[0.480s] Level 5:colcon.colcon_core.verb:set package 'evaluation' build argument 'cmake_clean_cache' from command line to 'False'
[0.480s] Level 5:colcon.colcon_core.verb:set package 'evaluation' build argument 'cmake_clean_first' from command line to 'False'
[0.480s] Level 5:colcon.colcon_core.verb:set package 'evaluation' build argument 'cmake_force_configure' from command line to 'False'
[0.480s] Level 5:colcon.colcon_core.verb:set package 'evaluation' build argument 'ament_cmake_args' from command line to 'None'
[0.480s] Level 5:colcon.colcon_core.verb:set package 'evaluation' build argument 'catkin_cmake_args' from command line to 'None'
[0.480s] Level 5:colcon.colcon_core.verb:set package 'evaluation' build argument 'catkin_skip_building_tests' from command line to 'False'
[0.480s] DEBUG:colcon.colcon_core.verb:Building package 'evaluation' with the following arguments: {'ament_cmake_args': None, 'build_base': '/home/seok/automotive_software_final/build/evaluation', 'catkin_cmake_args': None, 'catkin_skip_building_tests': False, 'cmake_args': None, 'cmake_clean_cache': False, 'cmake_clean_first': False, 'cmake_force_configure': False, 'cmake_target': None, 'cmake_target_skip_unavailable': False, 'install_base': '/home/seok/automotive_software_final/install/evaluation', 'merge_install': False, 'path': '/home/seok/automotive_software_final/src/app/evaluation', 'symlink_install': False, 'test_result_base': None}
[0.481s] Level 5:colcon.colcon_core.verb:set package 'mission_manager' build argument 'cmake_args' from command line to 'None'
[0.481s] Level 5:colcon.colcon_core.verb:set package 'mission_manager' build argument 'cmake_target' from command line to 'None'
[0.481s] Level 5:colcon.colcon_core.verb:set package 'mission_manager' build argument 'cmake_target_skip_unavailable' from command line to 'False'
[0.481s] Level 5:colcon.colcon_core.verb:set package 'mission_manager' build argument 'cmake_clean_cache' from command line to 'False'
[0.481s] Level 5:colcon.colcon_core.verb:set package 'mission_manager' build argument 'cmake_clean_first' from command line to 'False'
[0.481s] Level 5:colcon.colcon_core.verb:set package 'mission_manager' build argument 'cmake_force_configure' from command line to 'False'
[0.481s] Level 5:colcon.colcon_core.verb:set package 'mission_manager' build argument 'ament_cmake_args' from command line to 'None'
[0.481s] Level 5:colcon.colcon_core.verb:set package 'mission_manager' build argument 'catkin_cmake_args' from command line to 'None'
[0.481s] Level 5:colcon.colcon_core.verb:set package 'mission_manager' build argument 'catkin_skip_building_tests' from command line to 'False'
[0.481s] DEBUG:colcon.colcon_core.verb:Building package 'mission_manager' with the following arguments: {'ament_cmake_args': None, 'build_base': '/home/seok/automotive_software_final/build/mission_manager', 'catkin_cmake_args': None, 'catkin_skip_building_tests': False, 'cmake_args': None, 'cmake_clean_cache': False, 'cmake_clean_first': False, 'cmake_force_configure': False, 'cmake_target': None, 'cmake_target_skip_unavailable': False, 'install_base': '/home/seok/automotive_software_final/install/mission_manager', 'merge_install': False, 'path': '/home/seok/automotive_software_final/src/app/mission_manager', 'symlink_install': False, 'test_result_base': None}
[0.481s] Level 5:colcon.colcon_core.verb:set package 'simulator' build argument 'cmake_args' from command line to 'None'
[0.481s] Level 5:colcon.colcon_core.verb:set package 'simulator' build argument 'cmake_target' from command line to 'None'
[0.481s] Level 5:colcon.colcon_core.verb:set package 'simulator' build argument 'cmake_target_skip_unavailable' from command line to 'False'
[0.481s] Level 5:colcon.colcon_core.verb:set package 'simulator' build argument 'cmake_clean_cache' from command line to 'False'
[0.481s] Level 5:colcon.colcon_core.verb:set package 'simulator' build argument 'cmake_clean_first' from command line to 'False'
[0.481s] Level 5:colcon.colcon_core.verb:set package 'simulator' build argument 'cmake_force_configure' from command line to 'False'
[0.481s] Level 5:colcon.colcon_core.verb:set package 'simulator' build argument 'ament_cmake_args' from command line to 'None'
[0.481s] Level 5:colcon.colcon_core.verb:set package 'simulator' build argument 'catkin_cmake_args' from command line to 'None'
[0.481s] Level 5:colcon.colcon_core.verb:set package 'simulator' build argument 'catkin_skip_building_tests' from command line to 'False'
[0.481s] DEBUG:colcon.colcon_core.verb:Building package 'simulator' with the following arguments: {'ament_cmake_args': None, 'build_base': '/home/seok/automotive_software_final/build/simulator', 'catkin_cmake_args': None, 'catkin_skip_building_tests': False, 'cmake_args': None, 'cmake_clean_cache': False, 'cmake_clean_first': False, 'cmake_force_configure': False, 'cmake_target': None, 'cmake_target_skip_unavailable': False, 'install_base': '/home/seok/automotive_software_final/install/simulator', 'merge_install': False, 'path': '/home/seok/automotive_software_final/src/app/simulator', 'symlink_install': False, 'test_result_base': None}
[0.481s] INFO:colcon.colcon_core.executor:Executing jobs using 'parallel' executor
[0.482s] DEBUG:colcon.colcon_parallel_executor.executor.parallel:run_until_complete
[0.482s] INFO:colcon.colcon_ros.task.ament_cmake.build:Building ROS package in '/home/seok/automotive_software_final/src/rte/msg/ad_msgs' with build type 'ament_cmake'
[0.482s] INFO:colcon.colcon_cmake.task.cmake.build:Building CMake package in '/home/seok/automotive_software_final/src/rte/msg/ad_msgs'
[0.487s] INFO:colcon.colcon_core.plugin_system:Skipping extension 'colcon_core.shell.bat': Not used on non-Windows systems
[0.487s] INFO:colcon.colcon_core.shell:Skip shell extension 'powershell' for command environment: Not usable outside of PowerShell
[0.487s] DEBUG:colcon.colcon_core.shell:Skip shell extension 'dsv' for command environment
[0.493s] DEBUG:colcon.colcon_core.event_handler.log_command:Invoking command in '/home/seok/automotive_software_final/build/ad_msgs': CMAKE_PREFIX_PATH=${CMAKE_PREFIX_PATH}:/opt/ros/humble /usr/bin/cmake --build /home/seok/automotive_software_final/build/ad_msgs -- -j28 -l28
[0.711s] DEBUG:colcon.colcon_core.event_handler.log_command:Invoked command in '/home/seok/automotive_software_final/build/ad_msgs' returned '0': CMAKE_PREFIX_PATH=${CMAKE_PREFIX_PATH}:/opt/ros/humble /usr/bin/cmake --build /home/seok/automotive_software_final/build/ad_msgs -- -j28 -l28
[0.813s] DEBUG:colcon.colcon_core.event_handler.log_command:Invoking command in '/home/seok/automotive_software_final/build/ad_msgs': CMAKE_PREFIX_PATH=${CMAKE_PREFIX_PATH}:/opt/ros/humble /usr/bin/cmake --install /home/seok/automotive_software_final/build/ad_msgs
[0.853s] Level 1:colcon.colcon_core.environment:create_environment_scripts_only(ad_msgs)
[0.854s] DEBUG:colcon.colcon_core.event_handler.log_command:Invoked command in '/home/seok/automotive_software_final/build/ad_msgs' returned '0': CMAKE_PREFIX_PATH=${CMAKE_PREFIX_PATH}:/opt/ros/humble /usr/bin/cmake --install /home/seok/automotive_software_final/build/ad_msgs
[0.859s] Level 1:colcon.colcon_core.environment:checking '/home/seok/automotive_software_final/install/ad_msgs' for CMake module files
[0.859s] Level 1:colcon.colcon_core.environment:checking '/home/seok/automotive_software_final/install/ad_msgs' for CMake config files
[0.859s] Level 1:colcon.colcon_core.shell:create_environment_hook('ad_msgs', 'cmake_prefix_path')
[0.860s] INFO:colcon.colcon_core.shell:Creating environment hook '/home/seok/automotive_software_final/install/ad_msgs/share/ad_msgs/hook/cmake_prefix_path.ps1'
[0.860s] INFO:colcon.colcon_core.shell:Creating environment descriptor '/home/seok/automotive_software_final/install/ad_msgs/share/ad_msgs/hook/cmake_prefix_path.dsv'
[0.861s] INFO:colcon.colcon_core.shell:Creating environment hook '/home/seok/automotive_software_final/install/ad_msgs/share/ad_msgs/hook/cmake_prefix_path.sh'
[0.862s] Level 1:colcon.colcon_core.environment:checking '/home/seok/automotive_software_final/install/ad_msgs/lib'
[0.862s] Level 1:colcon.colcon_core.shell:create_environment_hook('ad_msgs', 'ld_library_path_lib')
[0.862s] INFO:colcon.colcon_core.shell:Creating environment hook '/home/seok/automotive_software_final/install/ad_msgs/share/ad_msgs/hook/ld_library_path_lib.ps1'
[0.862s] INFO:colcon.colcon_core.shell:Creating environment descriptor '/home/seok/automotive_software_final/install/ad_msgs/share/ad_msgs/hook/ld_library_path_lib.dsv'
[0.862s] INFO:colcon.colcon_core.shell:Creating environment hook '/home/seok/automotive_software_final/install/ad_msgs/share/ad_msgs/hook/ld_library_path_lib.sh'
[0.863s] Level 1:colcon.colcon_core.environment:checking '/home/seok/automotive_software_final/install/ad_msgs/bin'
[0.863s] Level 1:colcon.colcon_core.environment:checking '/home/seok/automotive_software_final/install/ad_msgs/lib/pkgconfig/ad_msgs.pc'
[0.863s] Level 1:colcon.colcon_core.environment:checking '/home/seok/automotive_software_final/install/ad_msgs/lib/python3.10/site-packages'
[0.863s] Level 1:colcon.colcon_core.environment:checking '/home/seok/automotive_software_final/install/ad_msgs/bin'
[0.863s] INFO:colcon.colcon_core.shell:Creating package script '/home/seok/automotive_software_final/install/ad_msgs/share/ad_msgs/package.ps1'
[0.864s] INFO:colcon.colcon_core.shell:Creating package descriptor '/home/seok/automotive_software_final/install/ad_msgs/share/ad_msgs/package.dsv'
[0.865s] INFO:colcon.colcon_core.shell:Creating package script '/home/seok/automotive_software_final/install/ad_msgs/share/ad_msgs/package.sh'
[0.865s] INFO:colcon.colcon_core.shell:Creating package script '/home/seok/automotive_software_final/install/ad_msgs/share/ad_msgs/package.bash'
[0.866s] INFO:colcon.colcon_core.shell:Creating package script '/home/seok/automotive_software_final/install/ad_msgs/share/ad_msgs/package.zsh'
[0.866s] Level 1:colcon.colcon_core.environment:create_file_with_runtime_dependencies(/home/seok/automotive_software_final/install/ad_msgs/share/colcon-core/packages/ad_msgs)
[0.980s] Level 1:colcon.colcon_core.environment:create_environment_scripts_only(ad_msgs)
[0.980s] Level 1:colcon.colcon_core.environment:checking '/home/seok/automotive_software_final/install/ad_msgs' for CMake module files
[0.980s] Level 1:colcon.colcon_core.environment:checking '/home/seok/automotive_software_final/install/ad_msgs' for CMake config files
[0.980s] Level 1:colcon.colcon_core.shell:create_environment_hook('ad_msgs', 'cmake_prefix_path')
[0.980s] INFO:colcon.colcon_core.shell:Creating environment hook '/home/seok/automotive_software_final/install/ad_msgs/share/ad_msgs/hook/cmake_prefix_path.ps1'
[0.981s] INFO:colcon.colcon_core.shell:Creating environment descriptor '/home/seok/automotive_software_final/install/ad_msgs/share/ad_msgs/hook/cmake_prefix_path.dsv'
[0.981s] INFO:colcon.colcon_core.shell:Creating environment hook '/home/seok/automotive_software_final/install/ad_msgs/share/ad_msgs/hook/cmake_prefix_path.sh'
[0.981s] Level 1:colcon.colcon_core.environment:checking '/home/seok/automotive_software_final/install/ad_msgs/lib'
[0.981s] Level 1:colcon.colcon_core.shell:create_environment_hook('ad_msgs', 'ld_library_path_lib')
[0.981s] INFO:colcon.colcon_core.shell:Creating environment hook '/home/seok/automotive_software_final/install/ad_msgs/share/ad_msgs/hook/ld_library_path_lib.ps1'
[0.982s] INFO:colcon.colcon_core.shell:Creating environment descriptor '/home/seok/automotive_software_final/install/ad_msgs/share/ad_msgs/hook/ld_library_path_lib.dsv'
[0.982s] INFO:colcon.colcon_core.shell:Creating environment hook '/home/seok/automotive_software_final/install/ad_msgs/share/ad_msgs/hook/ld_library_path_lib.sh'
[0.982s] Level 1:colcon.colcon_core.environment:checking '/home/seok/automotive_software_final/install/ad_msgs/bin'
[0.982s] Level 1:colcon.colcon_core.environment:checking '/home/seok/automotive_software_final/install/ad_msgs/lib/pkgconfig/ad_msgs.pc'
[0.982s] Level 1:colcon.colcon_core.environment:checking '/home/seok/automotive_software_final/install/ad_msgs/lib/python3.10/site-packages'
[0.982s] Level 1:colcon.colcon_core.environment:checking '/home/seok/automotive_software_final/install/ad_msgs/bin'
[0.982s] INFO:colcon.colcon_core.shell:Creating package script '/home/seok/automotive_software_final/install/ad_msgs/share/ad_msgs/package.ps1'
[0.983s] INFO:colcon.colcon_core.shell:Creating package descriptor '/home/seok/automotive_software_final/install/ad_msgs/share/ad_msgs/package.dsv'
[0.983s] INFO:colcon.colcon_core.shell:Creating package script '/home/seok/automotive_software_final/install/ad_msgs/share/ad_msgs/package.sh'
[0.984s] INFO:colcon.colcon_core.shell:Creating package script '/home/seok/automotive_software_final/install/ad_msgs/share/ad_msgs/package.bash'
[0.984s] INFO:colcon.colcon_core.shell:Creating package script '/home/seok/automotive_software_final/install/ad_msgs/share/ad_msgs/package.zsh'
[0.984s] Level 1:colcon.colcon_core.environment:create_file_with_runtime_dependencies(/home/seok/automotive_software_final/install/ad_msgs/share/colcon-core/packages/ad_msgs)
[0.984s] INFO:colcon.colcon_ros.task.ament_cmake.build:Building ROS package in '/home/seok/automotive_software_final/src/app/autonomous_driving' with build type 'ament_cmake'
[0.984s] INFO:colcon.colcon_cmake.task.cmake.build:Building CMake package in '/home/seok/automotive_software_final/src/app/autonomous_driving'
[0.984s] INFO:colcon.colcon_core.shell:Skip shell extension 'powershell' for command environment: Not usable outside of PowerShell
[0.984s] DEBUG:colcon.colcon_core.shell:Skip shell extension 'dsv' for command environment
[0.987s] INFO:colcon.colcon_ros.task.ament_cmake.build:Building ROS package in '/home/seok/automotive_software_final/src/app/evaluation' with build type 'ament_cmake'
[0.987s] INFO:colcon.colcon_cmake.task.cmake.build:Building CMake package in '/home/seok/automotive_software_final/src/app/evaluation'
[0.987s] INFO:colcon.colcon_core.shell:Skip shell extension 'powershell' for command environment: Not usable outside of PowerShell
[0.987s] DEBUG:colcon.colcon_core.shell:Skip shell extension 'dsv' for command environment
[0.989s] INFO:colcon.colcon_ros.task.ament_cmake.build:Building ROS package in '/home/seok/automotive_software_final/src/app/mission_manager' with build type 'ament_cmake'
[0.989s] INFO:colcon.colcon_cmake.task.cmake.build:Building CMake package in '/home/seok/automotive_software_final/src/app/mission_manager'
[0.989s] INFO:colcon.colcon_core.shell:Skip shell extension 'powershell' for command environment: Not usable outside of PowerShell
[0.989s] DEBUG:colcon.colcon_core.shell:Skip shell extension 'dsv' for command environment
[0.991s] INFO:colcon.colcon_ros.task.ament_cmake.build:Building ROS package in '/home/seok/automotive_software_final/src/app/simulator' with build type 'ament_cmake'
[0.991s] INFO:colcon.colcon_cmake.task.cmake.build:Building CMake package in '/home/seok/automotive_software_final/src/app/simulator'
[0.991s] INFO:colcon.colcon_core.shell:Skip shell extension 'powershell' for command environment: Not usable outside of PowerShell
[0.991s] DEBUG:colcon.colcon_core.shell:Skip shell extension 'dsv' for command environment
[1.027s] DEBUG:colcon.colcon_core.event_handler.log_command:Invoking command in '/home/seok/automotive_software_final/build/evaluation': CMAKE_PREFIX_PATH=/home/seok/automotive_software_final/install/ad_msgs:/home/seok/automotive_software_final/install/simulator:/home/seok/automotive_software_final/install/mission_manager:/home/seok/automotive_software_final/install/evaluation:/home/seok/automotive_software_final/install/autonomous_driving:/opt/ros/humble /usr/bin/cmake --build /home/seok/automotive_software_final/build/evaluation -- -j28 -l28
[1.030s] DEBUG:colcon.colcon_core.event_handler.log_command:Invoking command in '/home/seok/automotive_software_final/build/autonomous_driving': CMAKE_PREFIX_PATH=/home/seok/automotive_software_final/install/ad_msgs:/home/seok/automotive_software_final/install/simulator:/home/seok/automotive_software_final/install/mission_manager:/home/seok/automotive_software_final/install/evaluation:/home/seok/automotive_software_final/install/autonomous_driving:/opt/ros/humble /usr/bin/cmake --build /home/seok/automotive_software_final/build/autonomous_driving -- -j28 -l28
[1.032s] DEBUG:colcon.colcon_core.event_handler.log_command:Invoking command in '/home/seok/automotive_software_final/build/mission_manager': CMAKE_PREFIX_PATH=/home/seok/automotive_software_final/install/ad_msgs:/home/seok/automotive_software_final/install/simulator:/home/seok/automotive_software_final/install/mission_manager:/home/seok/automotive_software_final/install/evaluation:/home/seok/automotive_software_final/install/autonomous_driving:/opt/ros/humble /usr/bin/cmake --build /home/seok/automotive_software_final/build/mission_manager -- -j28 -l28
[1.037s] DEBUG:colcon.colcon_core.event_handler.log_command:Invoking command in '/home/seok/automotive_software_final/build/simulator': CMAKE_PREFIX_PATH=/home/seok/automotive_software_final/install/ad_msgs:/home/seok/automotive_software_final/install/simulator:/home/seok/automotive_software_final/install/mission_manager:/home/seok/automotive_software_final/install/evaluation:/home/seok/automotive_software_final/install/autonomous_driving:/opt/ros/humble /usr/bin/cmake --build /home/seok/automotive_software_final/build/simulator -- -j28 -l28
[1.071s] DEBUG:colcon.colcon_core.event_handler.log_command:Invoked command in '/home/seok/automotive_software_final/build/evaluation' returned '0': CMAKE_PREFIX_PATH=/home/seok/automotive_software_final/install/ad_msgs:/home/seok/automotive_software_final/install/simulator:/home/seok/automotive_software_final/install/mission_manager:/home/seok/automotive_software_final/install/evaluation:/home/seok/automotive_software_final/install/autonomous_driving:/opt/ros/humble /usr/bin/cmake --build /home/seok/automotive_software_final/build/evaluation -- -j28 -l28
[1.075s] DEBUG:colcon.colcon_core.event_handler.log_command:Invoked command in '/home/seok/automotive_software_final/build/mission_manager' returned '0': CMAKE_PREFIX_PATH=/home/seok/automotive_software_final/install/ad_msgs:/home/seok/automotive_software_final/install/simulator:/home/seok/automotive_software_final/install/mission_manager:/home/seok/automotive_software_final/install/evaluation:/home/seok/automotive_software_final/install/autonomous_driving:/opt/ros/humble /usr/bin/cmake --build /home/seok/automotive_software_final/build/mission_manager -- -j28 -l28
[1.077s] DEBUG:colcon.colcon_core.event_handler.log_command:Invoked command in '/home/seok/automotive_software_final/build/simulator' returned '0': CMAKE_PREFIX_PATH=/home/seok/automotive_software_final/install/ad_msgs:/home/seok/automotive_software_final/install/simulator:/home/seok/automotive_software_final/install/mission_manager:/home/seok/automotive_software_final/install/evaluation:/home/seok/automotive_software_final/install/autonomous_driving:/opt/ros/humble /usr/bin/cmake --build /home/seok/automotive_software_final/build/simulator -- -j28 -l28
[1.085s] DEBUG:colcon.colcon_core.event_handler.log_command:Invoking command in '/home/seok/automotive_software_final/build/evaluation': CMAKE_PREFIX_PATH=/home/seok/automotive_software_final/install/ad_msgs:/home/seok/automotive_software_final/install/simulator:/home/seok/automotive_software_final/install/mission_manager:/home/seok/automotive_software_final/install/evaluation:/home/seok/automotive_software_final/install/autonomous_driving:/opt/ros/humble /usr/bin/cmake --install /home/seok/automotive_software_final/build/evaluation
[1.092s] Level 1:colcon.colcon_core.environment:create_environment_scripts_only(evaluation)
[1.093s] Level 1:colcon.colcon_core.environment:checking '/home/seok/automotive_software_final/install/evaluation' for CMake module files
[1.093s] Level 1:colcon.colcon_core.environment:checking '/home/seok/automotive_software_final/install/evaluation' for CMake config files
[1.094s] Level 1:colcon.colcon_core.shell:create_environment_hook('evaluation', 'cmake_prefix_path')
[1.094s] INFO:colcon.colcon_core.shell:Creating environment hook '/home/seok/automotive_software_final/install/evaluation/share/evaluation/hook/cmake_prefix_path.ps1'
[1.095s] DEBUG:colcon.colcon_core.event_handler.log_command:Invoking command in '/home/seok/automotive_software_final/build/mission_manager': CMAKE_PREFIX_PATH=/home/seok/automotive_software_final/install/ad_msgs:/home/seok/automotive_software_final/install/simulator:/home/seok/automotive_software_final/install/mission_manager:/home/seok/automotive_software_final/install/evaluation:/home/seok/automotive_software_final/install/autonomous_driving:/opt/ros/humble /usr/bin/cmake --install /home/seok/automotive_software_final/build/mission_manager
[1.095s] DEBUG:colcon.colcon_core.event_handler.log_command:Invoked command in '/home/seok/automotive_software_final/build/evaluation' returned '0': CMAKE_PREFIX_PATH=/home/seok/automotive_software_final/install/ad_msgs:/home/seok/automotive_software_final/install/simulator:/home/seok/automotive_software_final/install/mission_manager:/home/seok/automotive_software_final/install/evaluation:/home/seok/automotive_software_final/install/autonomous_driving:/opt/ros/humble /usr/bin/cmake --install /home/seok/automotive_software_final/build/evaluation
[1.095s] INFO:colcon.colcon_core.shell:Creating environment descriptor '/home/seok/automotive_software_final/install/evaluation/share/evaluation/hook/cmake_prefix_path.dsv'
[1.095s] INFO:colcon.colcon_core.shell:Creating environment hook '/home/seok/automotive_software_final/install/evaluation/share/evaluation/hook/cmake_prefix_path.sh'
[1.096s] Level 1:colcon.colcon_core.environment:checking '/home/seok/automotive_software_final/install/evaluation/lib'
[1.096s] Level 1:colcon.colcon_core.environment:checking '/home/seok/automotive_software_final/install/evaluation/bin'
[1.096s] Level 1:colcon.colcon_core.environment:checking '/home/seok/automotive_software_final/install/evaluation/lib/pkgconfig/evaluation.pc'
[1.097s] Level 1:colcon.colcon_core.environment:checking '/home/seok/automotive_software_final/install/evaluation/lib/python3.10/site-packages'
[1.097s] Level 1:colcon.colcon_core.environment:checking '/home/seok/automotive_software_final/install/evaluation/bin'
[1.097s] INFO:colcon.colcon_core.shell:Creating package script '/home/seok/automotive_software_final/install/evaluation/share/evaluation/package.ps1'
[1.099s] INFO:colcon.colcon_core.shell:Creating package descriptor '/home/seok/automotive_software_final/install/evaluation/share/evaluation/package.dsv'
[1.100s] INFO:colcon.colcon_core.shell:Creating package script '/home/seok/automotive_software_final/install/evaluation/share/evaluation/package.sh'
[1.100s] INFO:colcon.colcon_core.shell:Creating package script '/home/seok/automotive_software_final/install/evaluation/share/evaluation/package.bash'
[1.100s] INFO:colcon.colcon_core.shell:Creating package script '/home/seok/automotive_software_final/install/evaluation/share/evaluation/package.zsh'
[1.100s] Level 1:colcon.colcon_core.environment:create_file_with_runtime_dependencies(/home/seok/automotive_software_final/install/evaluation/share/colcon-core/packages/evaluation)
[1.103s] DEBUG:colcon.colcon_core.event_handler.log_command:Invoking command in '/home/seok/automotive_software_final/build/simulator': CMAKE_PREFIX_PATH=/home/seok/automotive_software_final/install/ad_msgs:/home/seok/automotive_software_final/install/simulator:/home/seok/automotive_software_final/install/mission_manager:/home/seok/automotive_software_final/install/evaluation:/home/seok/automotive_software_final/install/autonomous_driving:/opt/ros/humble /usr/bin/cmake --install /home/seok/automotive_software_final/build/simulator
[1.103s] Level 1:colcon.colcon_core.environment:create_environment_scripts_only(mission_manager)
[1.104s] DEBUG:colcon.colcon_core.event_handler.log_command:Invoked command in '/home/seok/automotive_software_final/build/mission_manager' returned '0': CMAKE_PREFIX_PATH=/home/seok/automotive_software_final/install/ad_msgs:/home/seok/automotive_software_final/install/simulator:/home/seok/automotive_software_final/install/mission_manager:/home/seok/automotive_software_final/install/evaluation:/home/seok/automotive_software_final/install/autonomous_driving:/opt/ros/humble /usr/bin/cmake --install /home/seok/automotive_software_final/build/mission_manager
[1.104s] Level 1:colcon.colcon_core.environment:checking '/home/seok/automotive_software_final/install/mission_manager' for CMake module files
[1.105s] Level 1:colcon.colcon_core.environment:checking '/home/seok/automotive_software_final/install/mission_manager' for CMake config files
[1.105s] Level 1:colcon.colcon_core.shell:create_environment_hook('mission_manager', 'cmake_prefix_path')
[1.105s] INFO:colcon.colcon_core.shell:Creating environment hook '/home/seok/automotive_software_final/install/mission_manager/share/mission_manager/hook/cmake_prefix_path.ps1'
[1.105s] INFO:colcon.colcon_core.shell:Creating environment descriptor '/home/seok/automotive_software_final/install/mission_manager/share/mission_manager/hook/cmake_prefix_path.dsv'
[1.105s] INFO:colcon.colcon_core.shell:Creating environment hook '/home/seok/automotive_software_final/install/mission_manager/share/mission_manager/hook/cmake_prefix_path.sh'
[1.106s] Level 1:colcon.colcon_core.environment:checking '/home/seok/automotive_software_final/install/mission_manager/lib'
[1.106s] Level 1:colcon.colcon_core.environment:checking '/home/seok/automotive_software_final/install/mission_manager/bin'
[1.106s] Level 1:colcon.colcon_core.environment:checking '/home/seok/automotive_software_final/install/mission_manager/lib/pkgconfig/mission_manager.pc'
[1.106s] Level 1:colcon.colcon_core.environment:checking '/home/seok/automotive_software_final/install/mission_manager/lib/python3.10/site-packages'
[1.106s] Level 1:colcon.colcon_core.environment:checking '/home/seok/automotive_software_final/install/mission_manager/bin'
[1.107s] INFO:colcon.colcon_core.shell:Creating package script '/home/seok/automotive_software_final/install/mission_manager/share/mission_manager/package.ps1'
[1.108s] INFO:colcon.colcon_core.shell:Creating package descriptor '/home/seok/automotive_software_final/install/mission_manager/share/mission_manager/package.dsv'
[1.111s] INFO:colcon.colcon_core.shell:Creating package script '/home/seok/automotive_software_final/install/mission_manager/share/mission_manager/package.sh'
[1.111s] INFO:colcon.colcon_core.shell:Creating package script '/home/seok/automotive_software_final/install/mission_manager/share/mission_manager/package.bash'
[1.111s] INFO:colcon.colcon_core.shell:Creating package script '/home/seok/automotive_software_final/install/mission_manager/share/mission_manager/package.zsh'
[1.112s] Level 1:colcon.colcon_core.environment:create_file_with_runtime_dependencies(/home/seok/automotive_software_final/install/mission_manager/share/colcon-core/packages/mission_manager)
[1.113s] Level 1:colcon.colcon_core.environment:create_environment_scripts_only(simulator)
[1.113s] Level 1:colcon.colcon_core.environment:checking '/home/seok/automotive_software_final/install/simulator' for CMake module files
[1.114s] DEBUG:colcon.colcon_core.event_handler.log_command:Invoked command in '/home/seok/automotive_software_final/build/simulator' returned '0': CMAKE_PREFIX_PATH=/home/seok/automotive_software_final/install/ad_msgs:/home/seok/automotive_software_final/install/simulator:/home/seok/automotive_software_final/install/mission_manager:/home/seok/automotive_software_final/install/evaluation:/home/seok/automotive_software_final/install/autonomous_driving:/opt/ros/humble /usr/bin/cmake --install /home/seok/automotive_software_final/build/simulator
[1.114s] Level 1:colcon.colcon_core.environment:checking '/home/seok/automotive_software_final/install/simulator' for CMake config files
[1.114s] Level 1:colcon.colcon_core.shell:create_environment_hook('simulator', 'cmake_prefix_path')
[1.114s] INFO:colcon.colcon_core.shell:Creating environment hook '/home/seok/automotive_software_final/install/simulator/share/simulator/hook/cmake_prefix_path.ps1'
[1.115s] INFO:colcon.colcon_core.shell:Creating environment descriptor '/home/seok/automotive_software_final/install/simulator/share/simulator/hook/cmake_prefix_path.dsv'
[1.115s] INFO:colcon.colcon_core.shell:Creating environment hook '/home/seok/automotive_software_final/install/simulator/share/simulator/hook/cmake_prefix_path.sh'
[1.115s] Level 1:colcon.colcon_core.environment:checking '/home/seok/automotive_software_final/install/simulator/lib'
[1.116s] Level 1:colcon.colcon_core.environment:checking '/home/seok/automotive_software_final/install/simulator/bin'
[1.116s] Level 1:colcon.colcon_core.environment:checking '/home/seok/automotive_software_final/install/simulator/lib/pkgconfig/simulator.pc'
[1.116s] Level 1:colcon.colcon_core.environment:checking '/home/seok/automotive_software_final/install/simulator/lib/python3.10/site-packages'
[1.116s] Level 1:colcon.colcon_core.environment:checking '/home/seok/automotive_software_final/install/simulator/bin'
[1.116s] INFO:colcon.colcon_core.shell:Creating package script '/home/seok/automotive_software_final/install/simulator/share/simulator/package.ps1'
[1.116s] INFO:colcon.colcon_core.shell:Creating package descriptor '/home/seok/automotive_software_final/install/simulator/share/simulator/package.dsv'
[1.117s] INFO:colcon.colcon_core.shell:Creating package script '/home/seok/automotive_software_final/install/simulator/share/simulator/package.sh'
[1.117s] INFO:colcon.colcon_core.shell:Creating package script '/home/seok/automotive_software_final/install/simulator/share/simulator/package.bash'
[1.117s] INFO:colcon.colcon_core.shell:Creating package script '/home/seok/automotive_software_final/install/simulator/share/simulator/package.zsh'
[1.117s] Level 1:colcon.colcon_core.environment:create_file_with_runtime_dependencies(/home/seok/automotive_software_final/install/simulator/share/colcon-core/packages/simulator)
[1.118s] Level 1:colcon.colcon_core.environment:create_environment_scripts_only(evaluation)
[1.118s] Level 1:colcon.colcon_core.environment:checking '/home/seok/automotive_software_final/install/evaluation' for CMake module files
[1.119s] Level 1:colcon.colcon_core.environment:checking '/home/seok/automotive_software_final/install/evaluation' for CMake config files
[1.119s] Level 1:colcon.colcon_core.shell:create_environment_hook('evaluation', 'cmake_prefix_path')
[1.119s] INFO:colcon.colcon_core.shell:Creating environment hook '/home/seok/automotive_software_final/install/evaluation/share/evaluation/hook/cmake_prefix_path.ps1'
[1.119s] INFO:colcon.colcon_core.shell:Creating environment descriptor '/home/seok/automotive_software_final/install/evaluation/share/evaluation/hook/cmake_prefix_path.dsv'
[1.119s] INFO:colcon.colcon_core.shell:Creating environment hook '/home/seok/automotive_software_final/install/evaluation/share/evaluation/hook/cmake_prefix_path.sh'
[1.120s] Level 1:colcon.colcon_core.environment:checking '/home/seok/automotive_software_final/install/evaluation/lib'
[1.120s] Level 1:colcon.colcon_core.environment:checking '/home/seok/automotive_software_final/install/evaluation/bin'
[1.120s] Level 1:colcon.colcon_core.environment:checking '/home/seok/automotive_software_final/install/evaluation/lib/pkgconfig/evaluation.pc'
[1.120s] Level 1:colcon.colcon_core.environment:checking '/home/seok/automotive_software_final/install/evaluation/lib/python3.10/site-packages'
[1.120s] Level 1:colcon.colcon_core.environment:checking '/home/seok/automotive_software_final/install/evaluation/bin'
[1.120s] INFO:colcon.colcon_core.shell:Creating package script '/home/seok/automotive_software_final/install/evaluation/share/evaluation/package.ps1'
[1.120s] INFO:colcon.colcon_core.shell:Creating package descriptor '/home/seok/automotive_software_final/install/evaluation/share/evaluation/package.dsv'
[1.121s] INFO:colcon.colcon_core.shell:Creating package script '/home/seok/automotive_software_final/install/evaluation/share/evaluation/package.sh'
[1.121s] INFO:colcon.colcon_core.shell:Creating package script '/home/seok/automotive_software_final/install/evaluation/share/evaluation/package.bash'
[1.121s] INFO:colcon.colcon_core.shell:Creating package script '/home/seok/automotive_software_final/install/evaluation/share/evaluation/package.zsh'
[1.122s] Level 1:colcon.colcon_core.environment:create_file_with_runtime_dependencies(/home/seok/automotive_software_final/install/evaluation/share/colcon-core/packages/evaluation)
[1.126s] Level 1:colcon.colcon_core.environment:create_environment_scripts_only(mission_manager)
[1.126s] Level 1:colcon.colcon_core.environment:checking '/home/seok/automotive_software_final/install/mission_manager' for CMake module files
[1.126s] Level 1:colcon.colcon_core.environment:checking '/home/seok/automotive_software_final/install/mission_manager' for CMake config files
[1.126s] Level 1:colcon.colcon_core.shell:create_environment_hook('mission_manager', 'cmake_prefix_path')
[1.126s] INFO:colcon.colcon_core.shell:Creating environment hook '/home/seok/automotive_software_final/install/mission_manager/share/mission_manager/hook/cmake_prefix_path.ps1'
[1.127s] INFO:colcon.colcon_core.shell:Creating environment descriptor '/home/seok/automotive_software_final/install/mission_manager/share/mission_manager/hook/cmake_prefix_path.dsv'
[1.127s] INFO:colcon.colcon_core.shell:Creating environment hook '/home/seok/automotive_software_final/install/mission_manager/share/mission_manager/hook/cmake_prefix_path.sh'
[1.127s] Level 1:colcon.colcon_core.environment:checking '/home/seok/automotive_software_final/install/mission_manager/lib'
[1.127s] Level 1:colcon.colcon_core.environment:checking '/home/seok/automotive_software_final/install/mission_manager/bin'
[1.127s] Level 1:colcon.colcon_core.environment:checking '/home/seok/automotive_software_final/install/mission_manager/lib/pkgconfig/mission_manager.pc'
[1.127s] Level 1:colcon.colcon_core.environment:checking '/home/seok/automotive_software_final/install/mission_manager/lib/python3.10/site-packages'
[1.128s] Level 1:colcon.colcon_core.environment:checking '/home/seok/automotive_software_final/install/mission_manager/bin'
[1.128s] INFO:colcon.colcon_core.shell:Creating package script '/home/seok/automotive_software_final/install/mission_manager/share/mission_manager/package.ps1'
[1.128s] INFO:colcon.colcon_core.shell:Creating package descriptor '/home/seok/automotive_software_final/install/mission_manager/share/mission_manager/package.dsv'
[1.128s] INFO:colcon.colcon_core.shell:Creating package script '/home/seok/automotive_software_final/install/mission_manager/share/mission_manager/package.sh'
[1.129s] INFO:colcon.colcon_core.shell:Creating package script '/home/seok/automotive_software_final/install/mission_manager/share/mission_manager/package.bash'
[1.129s] INFO:colcon.colcon_core.shell:Creating package script '/home/seok/automotive_software_final/install/mission_manager/share/mission_manager/package.zsh'
[1.129s] Level 1:colcon.colcon_core.environment:create_file_with_runtime_dependencies(/home/seok/automotive_software_final/install/mission_manager/share/colcon-core/packages/mission_manager)
[1.134s] Level 1:colcon.colcon_core.environment:create_environment_scripts_only(simulator)
[1.134s] Level 1:colcon.colcon_core.environment:checking '/home/seok/automotive_software_final/install/simulator' for CMake module files
[1.135s] Level 1:colcon.colcon_core.environment:checking '/home/seok/automotive_software_final/install/simulator' for CMake config files
[1.135s] Level 1:colcon.colcon_core.shell:create_environment_hook('simulator', 'cmake_prefix_path')
[1.135s] INFO:colcon.colcon_core.shell:Creating environment hook '/home/seok/automotive_software_final/install/simulator/share/simulator/hook/cmake_prefix_path.ps1'
[1.135s] INFO:colcon.colcon_core.shell:Creating environment descriptor '/home/seok/automotive_software_final/install/simulator/share/simulator/hook/cmake_prefix_path.dsv'
[1.135s] INFO:colcon.colcon_core.shell:Creating environment hook '/home/seok/automotive_software_final/install/simulator/share/simulator/hook/cmake_prefix_path.sh'
[1.136s] Level 1:colcon.colcon_core.environment:checking '/home/seok/automotive_software_final/install/simulator/lib'
[1.136s] Level 1:colcon.colcon_core.environment:checking '/home/seok/automotive_software_final/install/simulator/bin'
[1.136s] Level 1:colcon.colcon_core.environment:checking '/home/seok/automotive_software_final/install/simulator/lib/pkgconfig/simulator.pc'
[1.136s] Level 1:colcon.colcon_core.environment:checking '/home/seok/automotive_software_final/install/simulator/lib/python3.10/site-packages'
[1.136s] Level 1:colcon.colcon_core.environment:checking '/home/seok/automotive_software_final/install/simulator/bin'
[1.136s] INFO:colcon.colcon_core.shell:Creating package script '/home/seok/automotive_software_final/install/simulator/share/simulator/package.ps1'
[1.136s] INFO:colcon.colcon_core.shell:Creating package descriptor '/home/seok/automotive_software_final/install/simulator/share/simulator/package.dsv'
[1.137s] INFO:colcon.colcon_core.shell:Creating package script '/home/seok/automotive_software_final/install/simulator/share/simulator/package.sh'
[1.137s] INFO:colcon.colcon_core.shell:Creating package script '/home/seok/automotive_software_final/install/simulator/share/simulator/package.bash'
[1.137s] INFO:colcon.colcon_core.shell:Creating package script '/home/seok/automotive_software_final/install/simulator/share/simulator/package.zsh'
[1.137s] Level 1:colcon.colcon_core.environment:create_file_with_runtime_dependencies(/home/seok/automotive_software_final/install/simulator/share/colcon-core/packages/simulator)
[5.777s] DEBUG:colcon.colcon_core.event_handler.log_command:Invoked command in '/home/seok/automotive_software_final/build/autonomous_driving' returned '2': CMAKE_PREFIX_PATH=/home/seok/automotive_software_final/install/ad_msgs:/home/seok/automotive_software_final/install/simulator:/home/seok/automotive_software_final/install/mission_manager:/home/seok/automotive_software_final/install/evaluation:/home/seok/automotive_software_final/install/autonomous_driving:/opt/ros/humble /usr/bin/cmake --build /home/seok/automotive_software_final/build/autonomous_driving -- -j28 -l28
[5.793s] Level 1:colcon.colcon_core.environment:create_environment_scripts_only(autonomous_driving)
[5.793s] Level 1:colcon.colcon_core.environment:checking '/home/seok/automotive_software_final/install/autonomous_driving' for CMake module files
[5.793s] Level 1:colcon.colcon_core.environment:checking '/home/seok/automotive_software_final/install/autonomous_driving' for CMake config files
[5.793s] Level 1:colcon.colcon_core.shell:create_environment_hook('autonomous_driving', 'cmake_prefix_path')
[5.793s] INFO:colcon.colcon_core.shell:Creating environment hook '/home/seok/automotive_software_final/install/autonomous_driving/share/autonomous_driving/hook/cmake_prefix_path.ps1'
[5.794s] INFO:colcon.colcon_core.shell:Creating environment descriptor '/home/seok/automotive_software_final/install/autonomous_driving/share/autonomous_driving/hook/cmake_prefix_path.dsv'
[5.794s] INFO:colcon.colcon_core.shell:Creating environment hook '/home/seok/automotive_software_final/install/autonomous_driving/share/autonomous_driving/hook/cmake_prefix_path.sh'
[5.794s] Level 1:colcon.colcon_core.environment:checking '/home/seok/automotive_software_final/install/autonomous_driving/lib'
[5.794s] Level 1:colcon.colcon_core.environment:checking '/home/seok/automotive_software_final/install/autonomous_driving/bin'
[5.794s] Level 1:colcon.colcon_core.environment:checking '/home/seok/automotive_software_final/install/autonomous_driving/lib/pkgconfig/autonomous_driving.pc'
[5.794s] Level 1:colcon.colcon_core.environment:checking '/home/seok/automotive_software_final/install/autonomous_driving/lib/python3.10/site-packages'
[5.794s] Level 1:colcon.colcon_core.environment:checking '/home/seok/automotive_software_final/install/autonomous_driving/bin'
[5.795s] INFO:colcon.colcon_core.shell:Creating package script '/home/seok/automotive_software_final/install/autonomous_driving/share/autonomous_driving/package.ps1'
[5.795s] INFO:colcon.colcon_core.shell:Creating package descriptor '/home/seok/automotive_software_final/install/autonomous_driving/share/autonomous_driving/package.dsv'
[5.795s] INFO:colcon.colcon_core.shell:Creating package script '/home/seok/automotive_software_final/install/autonomous_driving/share/autonomous_driving/package.sh'
[5.795s] INFO:colcon.colcon_core.shell:Creating package script '/home/seok/automotive_software_final/install/autonomous_driving/share/autonomous_driving/package.bash'
[5.795s] INFO:colcon.colcon_core.shell:Creating package script '/home/seok/automotive_software_final/install/autonomous_driving/share/autonomous_driving/package.zsh'
[5.796s] Level 1:colcon.colcon_core.environment:create_file_with_runtime_dependencies(/home/seok/automotive_software_final/install/autonomous_driving/share/colcon-core/packages/autonomous_driving)
[5.806s] DEBUG:colcon.colcon_parallel_executor.executor.parallel:closing loop
[5.806s] DEBUG:colcon.colcon_parallel_executor.executor.parallel:loop closed
[5.806s] DEBUG:colcon.colcon_parallel_executor.executor.parallel:run_until_complete finished with '2'
[5.806s] DEBUG:colcon.colcon_core.event_reactor:joining thread
[6.004s] INFO:colcon.colcon_core.plugin_system:Skipping extension 'colcon_notification.desktop_notification.notify_send': Could not find 'notify-send'
[6.004s] INFO:colcon.colcon_core.plugin_system:Skipping extension 'colcon_notification.desktop_notification.terminal_notifier': Not used on non-Darwin systems
[6.004s] INFO:colcon.colcon_core.plugin_system:Skipping extension 'colcon_notification.desktop_notification.win32': Not used on non-Windows systems
[6.004s] INFO:colcon.colcon_notification.desktop_notification:Sending desktop notification using 'notify2'
[6.006s] DEBUG:colcon.colcon_notification.desktop_notification.notify2:Failed to initialize notify2: org.freedesktop.DBus.Error.ServiceUnknown: The name org.freedesktop.Notifications was not provided by any .service files
[6.007s] DEBUG:colcon.colcon_core.event_reactor:joined thread
[6.007s] INFO:colcon.colcon_core.shell:Creating prefix script '/home/seok/automotive_software_final/install/local_setup.ps1'
[6.008s] INFO:colcon.colcon_core.shell:Creating prefix util module '/home/seok/automotive_software_final/install/_local_setup_util_ps1.py'
[6.008s] INFO:colcon.colcon_core.shell:Creating prefix chain script '/home/seok/automotive_software_final/install/setup.ps1'
[6.009s] INFO:colcon.colcon_core.shell:Creating prefix script '/home/seok/automotive_software_final/install/local_setup.sh'
[6.009s] INFO:colcon.colcon_core.shell:Creating prefix util module '/home/seok/automotive_software_final/install/_local_setup_util_sh.py'
[6.010s] INFO:colcon.colcon_core.shell:Creating prefix chain script '/home/seok/automotive_software_final/install/setup.sh'
[6.011s] INFO:colcon.colcon_core.shell:Creating prefix script '/home/seok/automotive_software_final/install/local_setup.bash'
[6.011s] INFO:colcon.colcon_core.shell:Creating prefix chain script '/home/seok/automotive_software_final/install/setup.bash'
[6.012s] INFO:colcon.colcon_core.shell:Creating prefix script '/home/seok/automotive_software_final/install/local_setup.zsh'
[6.012s] INFO:colcon.colcon_core.shell:Creating prefix chain script '/home/seok/automotive_software_final/install/setup.zsh'
