[0.006s] Invoking command in '/home/seok/automotive_software_final/build/ad_msgs': CMAKE_PREFIX_PATH=${CMAKE_PREFIX_PATH}:/opt/ros/humble /usr/bin/cmake --build /home/seok/automotive_software_final/build/ad_msgs -- -j28 -l28
[0.025s] -- Found ament_cmake: 1.3.10 (/opt/ros/humble/share/ament_cmake/cmake)
[0.113s] -- Found rosidl_default_generators: 1.2.0 (/opt/ros/humble/share/rosidl_default_generators/cmake)
[0.116s] -- Using all available rosidl_typesupport_c: rosidl_typesupport_fastrtps_c;rosidl_typesupport_introspection_c
[0.119s] -- Found rosidl_adapter: 3.1.5 (/opt/ros/humble/share/rosidl_adapter/cmake)
[0.347s] -- Using all available rosidl_typesupport_cpp: rosidl_typesupport_fastrtps_cpp;rosidl_typesupport_introspection_cpp
[0.371s] -- Found std_msgs: 4.2.4 (/opt/ros/humble/share/std_msgs/cmake)
[0.391s] -- Found geometry_msgs: 4.2.4 (/opt/ros/humble/share/geometry_msgs/cmake)
[0.401s] -- Found visualization_msgs: 4.2.4 (/opt/ros/humble/share/visualization_msgs/cmake)
[0.431s] -- Found nav_msgs: 4.2.4 (/opt/ros/humble/share/nav_msgs/cmake)
[0.641s] -- Found ament_cmake_ros: 0.10.0 (/opt/ros/humble/share/ament_cmake_ros/cmake)
[0.813s] -- Using all available rosidl_typesupport_c: rosidl_typesupport_fastrtps_c;rosidl_typesupport_introspection_c
[1.037s] -- Using all available rosidl_typesupport_cpp: rosidl_typesupport_fastrtps_cpp;rosidl_typesupport_introspection_cpp
[1.050s] -- Found python_cmake_module: 0.10.0 (/opt/ros/humble/share/python_cmake_module/cmake)
[1.066s] -- Using PYTHON_EXECUTABLE: /usr/bin/python3
[1.066s] -- Using PYTHON_INCLUDE_DIRS: /usr/include/python3.10
[1.066s] -- Using PYTHON_LIBRARIES: /usr/lib/x86_64-linux-gnu/libpython3.10.so
[1.108s] -- Configuring done
[1.138s] -- Generating done
[1.139s] -- Build files have been written to: /home/seok/automotive_software_final/build/ad_msgs
[1.153s] [35m[1mConsolidate compiler generated dependencies of target ad_msgs__rosidl_generator_c[0m
[1.156s] [  0%] Built target ad_msgs__cpp
[1.160s] [  1%] [32mBuilding C object CMakeFiles/ad_msgs__rosidl_generator_c.dir/rosidl_generator_c/ad_msgs/msg/detail/vehicle_state__functions.c.o[0m
[1.160s] [  2%] [32mBuilding C object CMakeFiles/ad_msgs__rosidl_generator_c.dir/rosidl_generator_c/ad_msgs/msg/detail/vehicle_command__functions.c.o[0m
[1.160s] [  3%] [32mBuilding C object CMakeFiles/ad_msgs__rosidl_generator_c.dir/rosidl_generator_c/ad_msgs/msg/detail/mission__functions.c.o[0m
[1.160s] [  4%] [32mBuilding C object CMakeFiles/ad_msgs__rosidl_generator_c.dir/rosidl_generator_c/ad_msgs/msg/detail/mission_object__functions.c.o[0m
[1.160s] [  5%] [32mBuilding C object CMakeFiles/ad_msgs__rosidl_generator_c.dir/rosidl_generator_c/ad_msgs/msg/detail/mission_region__functions.c.o[0m
[1.160s] [  5%] Built target ament_cmake_python_copy_ad_msgs
[1.162s] [  6%] [32mBuilding C object CMakeFiles/ad_msgs__rosidl_generator_c.dir/rosidl_generator_c/ad_msgs/msg/detail/polyfit_lane_data__functions.c.o[0m
[1.162s] [35m[1mConsolidate compiler generated dependencies of target ad_msgs__rosidl_typesupport_cpp[0m
[1.163s] [  7%] [32mBuilding C object CMakeFiles/ad_msgs__rosidl_generator_c.dir/rosidl_generator_c/ad_msgs/msg/detail/mission_display__functions.c.o[0m
[1.164s] [35m[1mConsolidate compiler generated dependencies of target ad_msgs__rosidl_typesupport_introspection_cpp[0m
[1.166s] [  8%] [32mBuilding C object CMakeFiles/ad_msgs__rosidl_generator_c.dir/rosidl_generator_c/ad_msgs/msg/detail/lane_point_data__functions.c.o[0m
[1.167s] [  9%] [32mBuilding C object CMakeFiles/ad_msgs__rosidl_generator_c.dir/rosidl_generator_c/ad_msgs/msg/detail/lane_point_data_array__functions.c.o[0m
[1.167s] [ 10%] [32mBuilding C object CMakeFiles/ad_msgs__rosidl_generator_c.dir/rosidl_generator_c/ad_msgs/msg/detail/polyfit_lane_data_array__functions.c.o[0m
[1.167s] [35m[1mConsolidate compiler generated dependencies of target ad_msgs__rosidl_typesupport_fastrtps_cpp[0m
[1.173s] [ 11%] [32mBuilding CXX object CMakeFiles/ad_msgs__rosidl_typesupport_cpp.dir/rosidl_typesupport_cpp/ad_msgs/msg/vehicle_state__type_support.cpp.o[0m
[1.175s] [ 13%] [32mBuilding CXX object CMakeFiles/ad_msgs__rosidl_typesupport_cpp.dir/rosidl_typesupport_cpp/ad_msgs/msg/mission_region__type_support.cpp.o[0m
[1.175s] [ 13%] [32mBuilding CXX object CMakeFiles/ad_msgs__rosidl_typesupport_introspection_cpp.dir/rosidl_typesupport_introspection_cpp/ad_msgs/msg/detail/vehicle_state__type_support.cpp.o[0m
[1.175s] [ 14%] [32mBuilding CXX object CMakeFiles/ad_msgs__rosidl_typesupport_cpp.dir/rosidl_typesupport_cpp/ad_msgs/msg/mission__type_support.cpp.o[0m
[1.175s] [ 15%] [32mBuilding CXX object CMakeFiles/ad_msgs__rosidl_typesupport_cpp.dir/rosidl_typesupport_cpp/ad_msgs/msg/polyfit_lane_data__type_support.cpp.o[0m
[1.175s] [ 16%] [32mBuilding CXX object CMakeFiles/ad_msgs__rosidl_typesupport_cpp.dir/rosidl_typesupport_cpp/ad_msgs/msg/vehicle_command__type_support.cpp.o[0m
[1.176s] [ 17%] [32mBuilding CXX object CMakeFiles/ad_msgs__rosidl_typesupport_introspection_cpp.dir/rosidl_typesupport_introspection_cpp/ad_msgs/msg/detail/mission__type_support.cpp.o[0m
[1.176s] [ 18%] [32mBuilding CXX object CMakeFiles/ad_msgs__rosidl_typesupport_cpp.dir/rosidl_typesupport_cpp/ad_msgs/msg/mission_display__type_support.cpp.o[0m
[1.177s] [ 19%] [32mBuilding CXX object CMakeFiles/ad_msgs__rosidl_typesupport_introspection_cpp.dir/rosidl_typesupport_introspection_cpp/ad_msgs/msg/detail/mission_region__type_support.cpp.o[0m
[1.177s] [ 20%] [32mBuilding CXX object CMakeFiles/ad_msgs__rosidl_typesupport_cpp.dir/rosidl_typesupport_cpp/ad_msgs/msg/polyfit_lane_data_array__type_support.cpp.o[0m
[1.177s] [ 21%] [32mBuilding CXX object CMakeFiles/ad_msgs__rosidl_typesupport_introspection_cpp.dir/rosidl_typesupport_introspection_cpp/ad_msgs/msg/detail/mission_object__type_support.cpp.o[0m
[1.177s] [ 22%] [32mBuilding CXX object CMakeFiles/ad_msgs__rosidl_typesupport_cpp.dir/rosidl_typesupport_cpp/ad_msgs/msg/mission_object__type_support.cpp.o[0m
[1.177s] [ 23%] [32mBuilding CXX object CMakeFiles/ad_msgs__rosidl_typesupport_cpp.dir/rosidl_typesupport_cpp/ad_msgs/msg/lane_point_data_array__type_support.cpp.o[0m
[1.178s] [ 24%] [32mBuilding CXX object CMakeFiles/ad_msgs__rosidl_typesupport_introspection_cpp.dir/rosidl_typesupport_introspection_cpp/ad_msgs/msg/detail/vehicle_command__type_support.cpp.o[0m
[1.178s] [ 25%] [32mBuilding CXX object CMakeFiles/ad_msgs__rosidl_typesupport_cpp.dir/rosidl_typesupport_cpp/ad_msgs/msg/lane_point_data__type_support.cpp.o[0m
[1.180s] [ 26%] [32mBuilding CXX object CMakeFiles/ad_msgs__rosidl_typesupport_introspection_cpp.dir/rosidl_typesupport_introspection_cpp/ad_msgs/msg/detail/mission_display__type_support.cpp.o[0m
[1.186s] [ 27%] [32mBuilding CXX object CMakeFiles/ad_msgs__rosidl_typesupport_fastrtps_cpp.dir/rosidl_typesupport_fastrtps_cpp/ad_msgs/msg/detail/dds_fastrtps/vehicle_state__type_support.cpp.o[0m
[1.259s] [ 28%] [32mBuilding CXX object CMakeFiles/ad_msgs__rosidl_typesupport_introspection_cpp.dir/rosidl_typesupport_introspection_cpp/ad_msgs/msg/detail/polyfit_lane_data__type_support.cpp.o[0m
[1.260s] [ 29%] [32mBuilding CXX object CMakeFiles/ad_msgs__rosidl_typesupport_introspection_cpp.dir/rosidl_typesupport_introspection_cpp/ad_msgs/msg/detail/lane_point_data__type_support.cpp.o[0m
[1.260s] [ 29%] [32mBuilding CXX object CMakeFiles/ad_msgs__rosidl_typesupport_fastrtps_cpp.dir/rosidl_typesupport_fastrtps_cpp/ad_msgs/msg/detail/dds_fastrtps/mission__type_support.cpp.o[0m
[1.260s] [ 30%] [32mBuilding CXX object CMakeFiles/ad_msgs__rosidl_typesupport_fastrtps_cpp.dir/rosidl_typesupport_fastrtps_cpp/ad_msgs/msg/detail/dds_fastrtps/vehicle_command__type_support.cpp.o[0m
[1.260s] [ 32%] [32mBuilding CXX object CMakeFiles/ad_msgs__rosidl_typesupport_fastrtps_cpp.dir/rosidl_typesupport_fastrtps_cpp/ad_msgs/msg/detail/dds_fastrtps/mission_region__type_support.cpp.o[0m
[1.260s] [ 32%] [32mBuilding CXX object CMakeFiles/ad_msgs__rosidl_typesupport_fastrtps_cpp.dir/rosidl_typesupport_fastrtps_cpp/ad_msgs/msg/detail/dds_fastrtps/mission_display__type_support.cpp.o[0m
[1.260s] [ 33%] [32mBuilding CXX object CMakeFiles/ad_msgs__rosidl_typesupport_fastrtps_cpp.dir/rosidl_typesupport_fastrtps_cpp/ad_msgs/msg/detail/dds_fastrtps/mission_object__type_support.cpp.o[0m
[1.261s] [ 34%] [32mBuilding CXX object CMakeFiles/ad_msgs__rosidl_typesupport_introspection_cpp.dir/rosidl_typesupport_introspection_cpp/ad_msgs/msg/detail/polyfit_lane_data_array__type_support.cpp.o[0m
[1.261s] [ 35%] [32mBuilding CXX object CMakeFiles/ad_msgs__rosidl_typesupport_introspection_cpp.dir/rosidl_typesupport_introspection_cpp/ad_msgs/msg/detail/lane_point_data_array__type_support.cpp.o[0m
[1.261s] [ 36%] [32m[1mLinking C shared library libad_msgs__rosidl_generator_c.so[0m
[1.450s] running egg_info
[1.452s] writing ad_msgs.egg-info/PKG-INFO
[1.452s] writing dependency_links to ad_msgs.egg-info/dependency_links.txt
[1.453s] writing top-level names to ad_msgs.egg-info/top_level.txt
[1.459s] reading manifest file 'ad_msgs.egg-info/SOURCES.txt'
[1.460s] writing manifest file 'ad_msgs.egg-info/SOURCES.txt'
[1.464s] [ 37%] Built target ad_msgs__rosidl_generator_c
[1.479s] [35m[1mConsolidate compiler generated dependencies of target ad_msgs__rosidl_typesupport_fastrtps_c[0m
[1.493s] [ 38%] [32mBuilding CXX object CMakeFiles/ad_msgs__rosidl_typesupport_fastrtps_cpp.dir/rosidl_typesupport_fastrtps_cpp/ad_msgs/msg/detail/dds_fastrtps/polyfit_lane_data__type_support.cpp.o[0m
[1.493s] [ 39%] [32mBuilding CXX object CMakeFiles/ad_msgs__rosidl_typesupport_fastrtps_cpp.dir/rosidl_typesupport_fastrtps_cpp/ad_msgs/msg/detail/dds_fastrtps/lane_point_data__type_support.cpp.o[0m
[1.494s] [ 39%] Built target ament_cmake_python_build_ad_msgs_egg
[1.497s] [35m[1mConsolidate compiler generated dependencies of target ad_msgs__rosidl_typesupport_introspection_c[0m
[1.497s] [35m[1mConsolidate compiler generated dependencies of target ad_msgs__rosidl_typesupport_c[0m
[1.499s] [ 40%] [32mBuilding CXX object CMakeFiles/ad_msgs__rosidl_typesupport_fastrtps_c.dir/rosidl_typesupport_fastrtps_c/ad_msgs/msg/detail/mission__type_support_c.cpp.o[0m
[1.500s] [ 41%] [32mBuilding CXX object CMakeFiles/ad_msgs__rosidl_typesupport_fastrtps_c.dir/rosidl_typesupport_fastrtps_c/ad_msgs/msg/detail/vehicle_state__type_support_c.cpp.o[0m
[1.500s] [ 42%] [32mBuilding CXX object CMakeFiles/ad_msgs__rosidl_typesupport_fastrtps_c.dir/rosidl_typesupport_fastrtps_c/ad_msgs/msg/detail/vehicle_command__type_support_c.cpp.o[0m
[1.510s] [ 43%] [32mBuilding CXX object CMakeFiles/ad_msgs__rosidl_typesupport_c.dir/rosidl_typesupport_c/ad_msgs/msg/vehicle_command__type_support.cpp.o[0m
[1.510s] [ 44%] [32mBuilding CXX object CMakeFiles/ad_msgs__rosidl_typesupport_c.dir/rosidl_typesupport_c/ad_msgs/msg/vehicle_state__type_support.cpp.o[0m
[1.511s] [ 45%] [32mBuilding C object CMakeFiles/ad_msgs__rosidl_typesupport_introspection_c.dir/rosidl_typesupport_introspection_c/ad_msgs/msg/detail/vehicle_state__type_support.c.o[0m
[1.520s] [ 46%] [32mBuilding CXX object CMakeFiles/ad_msgs__rosidl_typesupport_fastrtps_cpp.dir/rosidl_typesupport_fastrtps_cpp/ad_msgs/msg/detail/dds_fastrtps/lane_point_data_array__type_support.cpp.o[0m
[1.523s] [ 47%] [32mBuilding C object CMakeFiles/ad_msgs__rosidl_typesupport_introspection_c.dir/rosidl_typesupport_introspection_c/ad_msgs/msg/detail/vehicle_command__type_support.c.o[0m
[1.525s] [ 48%] [32mBuilding CXX object CMakeFiles/ad_msgs__rosidl_typesupport_fastrtps_c.dir/rosidl_typesupport_fastrtps_c/ad_msgs/msg/detail/mission_object__type_support_c.cpp.o[0m
[1.533s] [ 49%] [32m[1mLinking CXX shared library libad_msgs__rosidl_typesupport_cpp.so[0m
[1.544s] [ 50%] [32mBuilding CXX object CMakeFiles/ad_msgs__rosidl_typesupport_fastrtps_c.dir/rosidl_typesupport_fastrtps_c/ad_msgs/msg/detail/mission_region__type_support_c.cpp.o[0m
[1.553s] [ 51%] [32mBuilding C object CMakeFiles/ad_msgs__rosidl_typesupport_introspection_c.dir/rosidl_typesupport_introspection_c/ad_msgs/msg/detail/mission__type_support.c.o[0m
[1.555s] [ 52%] [32mBuilding CXX object CMakeFiles/ad_msgs__rosidl_typesupport_c.dir/rosidl_typesupport_c/ad_msgs/msg/mission__type_support.cpp.o[0m
[1.562s] [ 53%] [32mBuilding C object CMakeFiles/ad_msgs__rosidl_typesupport_introspection_c.dir/rosidl_typesupport_introspection_c/ad_msgs/msg/detail/mission_object__type_support.c.o[0m
[1.586s] [ 54%] [32mBuilding CXX object CMakeFiles/ad_msgs__rosidl_typesupport_c.dir/rosidl_typesupport_c/ad_msgs/msg/mission_object__type_support.cpp.o[0m
[1.599s] [ 55%] [32mBuilding CXX object CMakeFiles/ad_msgs__rosidl_typesupport_c.dir/rosidl_typesupport_c/ad_msgs/msg/mission_region__type_support.cpp.o[0m
[1.599s] [ 56%] [32mBuilding CXX object CMakeFiles/ad_msgs__rosidl_typesupport_fastrtps_cpp.dir/rosidl_typesupport_fastrtps_cpp/ad_msgs/msg/detail/dds_fastrtps/polyfit_lane_data_array__type_support.cpp.o[0m
[1.599s] [ 57%] [32mBuilding C object CMakeFiles/ad_msgs__rosidl_typesupport_introspection_c.dir/rosidl_typesupport_introspection_c/ad_msgs/msg/detail/mission_region__type_support.c.o[0m
[1.601s] [ 58%] [32mBuilding CXX object CMakeFiles/ad_msgs__rosidl_typesupport_fastrtps_c.dir/rosidl_typesupport_fastrtps_c/ad_msgs/msg/detail/mission_display__type_support_c.cpp.o[0m
[1.630s] [ 60%] [32mBuilding CXX object CMakeFiles/ad_msgs__rosidl_typesupport_c.dir/rosidl_typesupport_c/ad_msgs/msg/polyfit_lane_data__type_support.cpp.o[0m
[1.630s] [ 60%] [32mBuilding CXX object CMakeFiles/ad_msgs__rosidl_typesupport_c.dir/rosidl_typesupport_c/ad_msgs/msg/mission_display__type_support.cpp.o[0m
[1.634s] [ 61%] [32mBuilding CXX object CMakeFiles/ad_msgs__rosidl_typesupport_c.dir/rosidl_typesupport_c/ad_msgs/msg/lane_point_data__type_support.cpp.o[0m
[1.640s] [ 62%] [32mBuilding C object CMakeFiles/ad_msgs__rosidl_typesupport_introspection_c.dir/rosidl_typesupport_introspection_c/ad_msgs/msg/detail/mission_display__type_support.c.o[0m
[1.641s] [ 63%] Built target ad_msgs__rosidl_typesupport_cpp
[1.650s] [ 64%] [32mBuilding C object CMakeFiles/ad_msgs__rosidl_typesupport_introspection_c.dir/rosidl_typesupport_introspection_c/ad_msgs/msg/detail/polyfit_lane_data__type_support.c.o[0m
[1.652s] [ 64%] [32mBuilding CXX object CMakeFiles/ad_msgs__rosidl_typesupport_c.dir/rosidl_typesupport_c/ad_msgs/msg/lane_point_data_array__type_support.cpp.o[0m
[1.654s] [ 65%] [32mBuilding C object CMakeFiles/ad_msgs__rosidl_typesupport_introspection_c.dir/rosidl_typesupport_introspection_c/ad_msgs/msg/detail/lane_point_data__type_support.c.o[0m
[1.660s] [ 66%] [32mBuilding CXX object CMakeFiles/ad_msgs__rosidl_typesupport_c.dir/rosidl_typesupport_c/ad_msgs/msg/polyfit_lane_data_array__type_support.cpp.o[0m
[1.662s] [ 67%] [32mBuilding C object CMakeFiles/ad_msgs__rosidl_typesupport_introspection_c.dir/rosidl_typesupport_introspection_c/ad_msgs/msg/detail/lane_point_data_array__type_support.c.o[0m
[1.662s] [ 68%] [32mBuilding CXX object CMakeFiles/ad_msgs__rosidl_typesupport_fastrtps_c.dir/rosidl_typesupport_fastrtps_c/ad_msgs/msg/detail/polyfit_lane_data__type_support_c.cpp.o[0m
[1.665s] [ 69%] [32mBuilding C object CMakeFiles/ad_msgs__rosidl_typesupport_introspection_c.dir/rosidl_typesupport_introspection_c/ad_msgs/msg/detail/polyfit_lane_data_array__type_support.c.o[0m
[1.671s] [ 70%] [32mBuilding CXX object CMakeFiles/ad_msgs__rosidl_typesupport_fastrtps_c.dir/rosidl_typesupport_fastrtps_c/ad_msgs/msg/detail/lane_point_data__type_support_c.cpp.o[0m
[1.682s] [ 71%] [32mBuilding CXX object CMakeFiles/ad_msgs__rosidl_typesupport_fastrtps_c.dir/rosidl_typesupport_fastrtps_c/ad_msgs/msg/detail/lane_point_data_array__type_support_c.cpp.o[0m
[1.683s] [ 72%] [32mBuilding CXX object CMakeFiles/ad_msgs__rosidl_typesupport_fastrtps_c.dir/rosidl_typesupport_fastrtps_c/ad_msgs/msg/detail/polyfit_lane_data_array__type_support_c.cpp.o[0m
[1.689s] [ 73%] [32m[1mLinking CXX shared library libad_msgs__rosidl_typesupport_c.so[0m
[1.714s] [ 74%] [32m[1mLinking C shared library libad_msgs__rosidl_typesupport_introspection_c.so[0m
[1.760s] [ 75%] Built target ad_msgs__rosidl_typesupport_c
[1.781s] [ 76%] Built target ad_msgs__rosidl_typesupport_introspection_c
[1.799s] [ 77%] [32m[1mLinking CXX shared library libad_msgs__rosidl_typesupport_introspection_cpp.so[0m
[1.879s] [ 78%] Built target ad_msgs__rosidl_typesupport_introspection_cpp
[1.949s] [ 79%] [32m[1mLinking CXX shared library libad_msgs__rosidl_typesupport_fastrtps_cpp.so[0m
[1.949s] [ 80%] [32m[1mLinking CXX shared library libad_msgs__rosidl_typesupport_fastrtps_c.so[0m
[2.020s] [ 81%] Built target ad_msgs__rosidl_typesupport_fastrtps_c
[2.021s] [ 82%] Built target ad_msgs__rosidl_typesupport_fastrtps_cpp
[2.031s] [ 82%] Built target ad_msgs
[2.040s] [ 83%] Built target ad_msgs__py
[2.046s] [35m[1mConsolidate compiler generated dependencies of target ad_msgs__rosidl_generator_py[0m
[2.055s] [ 84%] [32mBuilding C object CMakeFiles/ad_msgs__rosidl_generator_py.dir/rosidl_generator_py/ad_msgs/msg/_vehicle_state_s.c.o[0m
[2.055s] [ 85%] [32mBuilding C object CMakeFiles/ad_msgs__rosidl_generator_py.dir/rosidl_generator_py/ad_msgs/msg/_vehicle_command_s.c.o[0m
[2.055s] [ 86%] [32mBuilding C object CMakeFiles/ad_msgs__rosidl_generator_py.dir/rosidl_generator_py/ad_msgs/msg/_mission_s.c.o[0m
[2.056s] [ 87%] [32mBuilding C object CMakeFiles/ad_msgs__rosidl_generator_py.dir/rosidl_generator_py/ad_msgs/msg/_mission_region_s.c.o[0m
[2.056s] [ 88%] [32mBuilding C object CMakeFiles/ad_msgs__rosidl_generator_py.dir/rosidl_generator_py/ad_msgs/msg/_mission_display_s.c.o[0m
[2.057s] [ 89%] [32mBuilding C object CMakeFiles/ad_msgs__rosidl_generator_py.dir/rosidl_generator_py/ad_msgs/msg/_polyfit_lane_data_s.c.o[0m
[2.058s] [ 90%] [32mBuilding C object CMakeFiles/ad_msgs__rosidl_generator_py.dir/rosidl_generator_py/ad_msgs/msg/_mission_object_s.c.o[0m
[2.058s] [ 91%] [32mBuilding C object CMakeFiles/ad_msgs__rosidl_generator_py.dir/rosidl_generator_py/ad_msgs/msg/_lane_point_data_array_s.c.o[0m
[2.058s] [ 92%] [32mBuilding C object CMakeFiles/ad_msgs__rosidl_generator_py.dir/rosidl_generator_py/ad_msgs/msg/_polyfit_lane_data_array_s.c.o[0m
[2.060s] [ 93%] [32mBuilding C object CMakeFiles/ad_msgs__rosidl_generator_py.dir/rosidl_generator_py/ad_msgs/msg/_lane_point_data_s.c.o[0m
[2.133s] [ 94%] [32m[1mLinking C shared library rosidl_generator_py/ad_msgs/libad_msgs__rosidl_generator_py.so[0m
[2.205s] [ 94%] Built target ad_msgs__rosidl_generator_py
[2.210s] [35m[1mConsolidate compiler generated dependencies of target ad_msgs__rosidl_typesupport_fastrtps_c__pyext[0m
[2.210s] [35m[1mConsolidate compiler generated dependencies of target ad_msgs__rosidl_typesupport_introspection_c__pyext[0m
[2.210s] [35m[1mConsolidate compiler generated dependencies of target ad_msgs__rosidl_typesupport_c__pyext[0m
[2.216s] [ 96%] [32mBuilding C object CMakeFiles/ad_msgs__rosidl_typesupport_c__pyext.dir/rosidl_generator_py/ad_msgs/_ad_msgs_s.ep.rosidl_typesupport_c.c.o[0m
[2.216s] [ 97%] [32mBuilding C object CMakeFiles/ad_msgs__rosidl_typesupport_fastrtps_c__pyext.dir/rosidl_generator_py/ad_msgs/_ad_msgs_s.ep.rosidl_typesupport_fastrtps_c.c.o[0m
[2.216s] [ 97%] [32mBuilding C object CMakeFiles/ad_msgs__rosidl_typesupport_introspection_c__pyext.dir/rosidl_generator_py/ad_msgs/_ad_msgs_s.ep.rosidl_typesupport_introspection_c.c.o[0m
[2.279s] [100%] [32m[1mLinking C shared library rosidl_generator_py/ad_msgs/ad_msgs_s__rosidl_typesupport_c.cpython-310-x86_64-linux-gnu.so[0m
[2.279s] [100%] [32m[1mLinking C shared library rosidl_generator_py/ad_msgs/ad_msgs_s__rosidl_typesupport_fastrtps_c.cpython-310-x86_64-linux-gnu.so[0m
[2.279s] [100%] [32m[1mLinking C shared library rosidl_generator_py/ad_msgs/ad_msgs_s__rosidl_typesupport_introspection_c.cpython-310-x86_64-linux-gnu.so[0m
[2.399s] [100%] Built target ad_msgs__rosidl_typesupport_fastrtps_c__pyext
[2.399s] [100%] Built target ad_msgs__rosidl_typesupport_introspection_c__pyext
[2.399s] [100%] Built target ad_msgs__rosidl_typesupport_c__pyext
[2.405s] Invoked command in '/home/seok/automotive_software_final/build/ad_msgs' returned '0': CMAKE_PREFIX_PATH=${CMAKE_PREFIX_PATH}:/opt/ros/humble /usr/bin/cmake --build /home/seok/automotive_software_final/build/ad_msgs -- -j28 -l28
[2.515s] Invoking command in '/home/seok/automotive_software_final/build/ad_msgs': CMAKE_PREFIX_PATH=${CMAKE_PREFIX_PATH}:/opt/ros/humble /usr/bin/cmake --install /home/seok/automotive_software_final/build/ad_msgs
[2.519s] -- Install configuration: ""
[2.519s] -- Up-to-date: /home/seok/automotive_software_final/install/ad_msgs/share/ament_index/resource_index/rosidl_interfaces/ad_msgs
[2.519s] -- Up-to-date: /home/seok/automotive_software_final/install/ad_msgs/include/ad_msgs/ad_msgs
[2.519s] -- Up-to-date: /home/seok/automotive_software_final/install/ad_msgs/include/ad_msgs/ad_msgs/msg
[2.519s] -- Up-to-date: /home/seok/automotive_software_final/install/ad_msgs/include/ad_msgs/ad_msgs/msg/lane_point_data_array.h
[2.520s] -- Up-to-date: /home/seok/automotive_software_final/install/ad_msgs/include/ad_msgs/ad_msgs/msg/polyfit_lane_data_array.h
[2.520s] -- Up-to-date: /home/seok/automotive_software_final/install/ad_msgs/include/ad_msgs/ad_msgs/msg/vehicle_state.h
[2.520s] -- Up-to-date: /home/seok/automotive_software_final/install/ad_msgs/include/ad_msgs/ad_msgs/msg/vehicle_command.h
[2.520s] -- Up-to-date: /home/seok/automotive_software_final/install/ad_msgs/include/ad_msgs/ad_msgs/msg/lane_point_data.h
[2.520s] -- Up-to-date: /home/seok/automotive_software_final/install/ad_msgs/include/ad_msgs/ad_msgs/msg/polyfit_lane_data.h
[2.520s] -- Up-to-date: /home/seok/automotive_software_final/install/ad_msgs/include/ad_msgs/ad_msgs/msg/mission_display.h
[2.520s] -- Up-to-date: /home/seok/automotive_software_final/install/ad_msgs/include/ad_msgs/ad_msgs/msg/mission.h
[2.520s] -- Up-to-date: /home/seok/automotive_software_final/install/ad_msgs/include/ad_msgs/ad_msgs/msg/detail
[2.520s] -- Up-to-date: /home/seok/automotive_software_final/install/ad_msgs/include/ad_msgs/ad_msgs/msg/detail/mission_region__type_support.h
[2.521s] -- Up-to-date: /home/seok/automotive_software_final/install/ad_msgs/include/ad_msgs/ad_msgs/msg/detail/mission_object__functions.h
[2.521s] -- Up-to-date: /home/seok/automotive_software_final/install/ad_msgs/include/ad_msgs/ad_msgs/msg/detail/polyfit_lane_data_array__struct.h
[2.521s] -- Up-to-date: /home/seok/automotive_software_final/install/ad_msgs/include/ad_msgs/ad_msgs/msg/detail/polyfit_lane_data_array__functions.h
[2.521s] -- Up-to-date: /home/seok/automotive_software_final/install/ad_msgs/include/ad_msgs/ad_msgs/msg/detail/mission__functions.c
[2.521s] -- Up-to-date: /home/seok/automotive_software_final/install/ad_msgs/include/ad_msgs/ad_msgs/msg/detail/vehicle_command__struct.h
[2.521s] -- Up-to-date: /home/seok/automotive_software_final/install/ad_msgs/include/ad_msgs/ad_msgs/msg/detail/mission_display__type_support.h
[2.521s] -- Up-to-date: /home/seok/automotive_software_final/install/ad_msgs/include/ad_msgs/ad_msgs/msg/detail/lane_point_data_array__functions.h
[2.521s] -- Up-to-date: /home/seok/automotive_software_final/install/ad_msgs/include/ad_msgs/ad_msgs/msg/detail/polyfit_lane_data__functions.h
[2.521s] -- Up-to-date: /home/seok/automotive_software_final/install/ad_msgs/include/ad_msgs/ad_msgs/msg/detail/vehicle_command__type_support.h
[2.521s] -- Up-to-date: /home/seok/automotive_software_final/install/ad_msgs/include/ad_msgs/ad_msgs/msg/detail/polyfit_lane_data_array__functions.c
[2.521s] -- Up-to-date: /home/seok/automotive_software_final/install/ad_msgs/include/ad_msgs/ad_msgs/msg/detail/lane_point_data_array__functions.c
[2.521s] -- Up-to-date: /home/seok/automotive_software_final/install/ad_msgs/include/ad_msgs/ad_msgs/msg/detail/mission_object__functions.c
[2.521s] -- Up-to-date: /home/seok/automotive_software_final/install/ad_msgs/include/ad_msgs/ad_msgs/msg/detail/mission_region__functions.c
[2.522s] -- Up-to-date: /home/seok/automotive_software_final/install/ad_msgs/include/ad_msgs/ad_msgs/msg/detail/mission_region__struct.h
[2.522s] -- Up-to-date: /home/seok/automotive_software_final/install/ad_msgs/include/ad_msgs/ad_msgs/msg/detail/mission__type_support.h
[2.522s] -- Up-to-date: /home/seok/automotive_software_final/install/ad_msgs/include/ad_msgs/ad_msgs/msg/detail/lane_point_data__functions.h
[2.522s] -- Up-to-date: /home/seok/automotive_software_final/install/ad_msgs/include/ad_msgs/ad_msgs/msg/detail/mission_display__functions.h
[2.522s] -- Up-to-date: /home/seok/automotive_software_final/install/ad_msgs/include/ad_msgs/ad_msgs/msg/detail/lane_point_data__functions.c
[2.522s] -- Up-to-date: /home/seok/automotive_software_final/install/ad_msgs/include/ad_msgs/ad_msgs/msg/detail/mission__functions.h
[2.522s] -- Up-to-date: /home/seok/automotive_software_final/install/ad_msgs/include/ad_msgs/ad_msgs/msg/detail/polyfit_lane_data_array__type_support.h
[2.522s] -- Up-to-date: /home/seok/automotive_software_final/install/ad_msgs/include/ad_msgs/ad_msgs/msg/detail/mission_object__type_support.h
[2.522s] -- Up-to-date: /home/seok/automotive_software_final/install/ad_msgs/include/ad_msgs/ad_msgs/msg/detail/vehicle_command__functions.c
[2.522s] -- Up-to-date: /home/seok/automotive_software_final/install/ad_msgs/include/ad_msgs/ad_msgs/msg/detail/mission__struct.h
[2.522s] -- Up-to-date: /home/seok/automotive_software_final/install/ad_msgs/include/ad_msgs/ad_msgs/msg/detail/polyfit_lane_data__struct.h
[2.522s] -- Up-to-date: /home/seok/automotive_software_final/install/ad_msgs/include/ad_msgs/ad_msgs/msg/detail/vehicle_state__type_support.h
[2.523s] -- Up-to-date: /home/seok/automotive_software_final/install/ad_msgs/include/ad_msgs/ad_msgs/msg/detail/vehicle_state__struct.h
[2.523s] -- Up-to-date: /home/seok/automotive_software_final/install/ad_msgs/include/ad_msgs/ad_msgs/msg/detail/vehicle_state__functions.c
[2.523s] -- Up-to-date: /home/seok/automotive_software_final/install/ad_msgs/include/ad_msgs/ad_msgs/msg/detail/lane_point_data__struct.h
[2.523s] -- Up-to-date: /home/seok/automotive_software_final/install/ad_msgs/include/ad_msgs/ad_msgs/msg/detail/mission_display__functions.c
[2.523s] -- Up-to-date: /home/seok/automotive_software_final/install/ad_msgs/include/ad_msgs/ad_msgs/msg/detail/vehicle_state__functions.h
[2.523s] -- Up-to-date: /home/seok/automotive_software_final/install/ad_msgs/include/ad_msgs/ad_msgs/msg/detail/mission_display__struct.h
[2.523s] -- Up-to-date: /home/seok/automotive_software_final/install/ad_msgs/include/ad_msgs/ad_msgs/msg/detail/lane_point_data_array__struct.h
[2.523s] -- Up-to-date: /home/seok/automotive_software_final/install/ad_msgs/include/ad_msgs/ad_msgs/msg/detail/mission_object__struct.h
[2.523s] -- Up-to-date: /home/seok/automotive_software_final/install/ad_msgs/include/ad_msgs/ad_msgs/msg/detail/lane_point_data_array__type_support.h
[2.523s] -- Up-to-date: /home/seok/automotive_software_final/install/ad_msgs/include/ad_msgs/ad_msgs/msg/detail/polyfit_lane_data__type_support.h
[2.523s] -- Up-to-date: /home/seok/automotive_software_final/install/ad_msgs/include/ad_msgs/ad_msgs/msg/detail/mission_region__functions.h
[2.523s] -- Up-to-date: /home/seok/automotive_software_final/install/ad_msgs/include/ad_msgs/ad_msgs/msg/detail/vehicle_command__functions.h
[2.524s] -- Up-to-date: /home/seok/automotive_software_final/install/ad_msgs/include/ad_msgs/ad_msgs/msg/detail/lane_point_data__type_support.h
[2.524s] -- Up-to-date: /home/seok/automotive_software_final/install/ad_msgs/include/ad_msgs/ad_msgs/msg/detail/polyfit_lane_data__functions.c
[2.524s] -- Up-to-date: /home/seok/automotive_software_final/install/ad_msgs/include/ad_msgs/ad_msgs/msg/mission_object.h
[2.524s] -- Up-to-date: /home/seok/automotive_software_final/install/ad_msgs/include/ad_msgs/ad_msgs/msg/rosidl_generator_c__visibility_control.h
[2.524s] -- Up-to-date: /home/seok/automotive_software_final/install/ad_msgs/include/ad_msgs/ad_msgs/msg/mission_region.h
[2.524s] -- Installing: /home/seok/automotive_software_final/install/ad_msgs/share/ad_msgs/environment/library_path.sh
[2.524s] -- Installing: /home/seok/automotive_software_final/install/ad_msgs/share/ad_msgs/environment/library_path.dsv
[2.524s] -- Installing: /home/seok/automotive_software_final/install/ad_msgs/lib/libad_msgs__rosidl_generator_c.so
[2.524s] -- Set runtime path of "/home/seok/automotive_software_final/install/ad_msgs/lib/libad_msgs__rosidl_generator_c.so" to ""
[2.524s] -- Up-to-date: /home/seok/automotive_software_final/install/ad_msgs/include/ad_msgs/ad_msgs
[2.524s] -- Up-to-date: /home/seok/automotive_software_final/install/ad_msgs/include/ad_msgs/ad_msgs/msg
[2.524s] -- Up-to-date: /home/seok/automotive_software_final/install/ad_msgs/include/ad_msgs/ad_msgs/msg/detail
[2.524s] -- Up-to-date: /home/seok/automotive_software_final/install/ad_msgs/include/ad_msgs/ad_msgs/msg/detail/mission_object__rosidl_typesupport_fastrtps_c.h
[2.525s] -- Up-to-date: /home/seok/automotive_software_final/install/ad_msgs/include/ad_msgs/ad_msgs/msg/detail/mission_region__rosidl_typesupport_fastrtps_c.h
[2.525s] -- Up-to-date: /home/seok/automotive_software_final/install/ad_msgs/include/ad_msgs/ad_msgs/msg/detail/vehicle_command__rosidl_typesupport_fastrtps_c.h
[2.525s] -- Up-to-date: /home/seok/automotive_software_final/install/ad_msgs/include/ad_msgs/ad_msgs/msg/detail/mission__rosidl_typesupport_fastrtps_c.h
[2.525s] -- Up-to-date: /home/seok/automotive_software_final/install/ad_msgs/include/ad_msgs/ad_msgs/msg/detail/mission_display__rosidl_typesupport_fastrtps_c.h
[2.525s] -- Up-to-date: /home/seok/automotive_software_final/install/ad_msgs/include/ad_msgs/ad_msgs/msg/detail/vehicle_state__rosidl_typesupport_fastrtps_c.h
[2.525s] -- Up-to-date: /home/seok/automotive_software_final/install/ad_msgs/include/ad_msgs/ad_msgs/msg/detail/polyfit_lane_data_array__rosidl_typesupport_fastrtps_c.h
[2.525s] -- Up-to-date: /home/seok/automotive_software_final/install/ad_msgs/include/ad_msgs/ad_msgs/msg/detail/lane_point_data_array__rosidl_typesupport_fastrtps_c.h
[2.525s] -- Up-to-date: /home/seok/automotive_software_final/install/ad_msgs/include/ad_msgs/ad_msgs/msg/detail/lane_point_data__rosidl_typesupport_fastrtps_c.h
[2.525s] -- Up-to-date: /home/seok/automotive_software_final/install/ad_msgs/include/ad_msgs/ad_msgs/msg/detail/polyfit_lane_data__rosidl_typesupport_fastrtps_c.h
[2.525s] -- Up-to-date: /home/seok/automotive_software_final/install/ad_msgs/include/ad_msgs/ad_msgs/msg/rosidl_typesupport_fastrtps_c__visibility_control.h
[2.525s] -- Installing: /home/seok/automotive_software_final/install/ad_msgs/lib/libad_msgs__rosidl_typesupport_fastrtps_c.so
[2.525s] -- Set runtime path of "/home/seok/automotive_software_final/install/ad_msgs/lib/libad_msgs__rosidl_typesupport_fastrtps_c.so" to ""
[2.526s] -- Up-to-date: /home/seok/automotive_software_final/install/ad_msgs/include/ad_msgs/ad_msgs
[2.526s] -- Up-to-date: /home/seok/automotive_software_final/install/ad_msgs/include/ad_msgs/ad_msgs/msg
[2.526s] -- Up-to-date: /home/seok/automotive_software_final/install/ad_msgs/include/ad_msgs/ad_msgs/msg/rosidl_typesupport_introspection_c__visibility_control.h
[2.526s] -- Up-to-date: /home/seok/automotive_software_final/install/ad_msgs/include/ad_msgs/ad_msgs/msg/detail
[2.526s] -- Up-to-date: /home/seok/automotive_software_final/install/ad_msgs/include/ad_msgs/ad_msgs/msg/detail/lane_point_data__type_support.c
[2.526s] -- Up-to-date: /home/seok/automotive_software_final/install/ad_msgs/include/ad_msgs/ad_msgs/msg/detail/mission__rosidl_typesupport_introspection_c.h
[2.526s] -- Up-to-date: /home/seok/automotive_software_final/install/ad_msgs/include/ad_msgs/ad_msgs/msg/detail/mission_object__type_support.c
[2.526s] -- Up-to-date: /home/seok/automotive_software_final/install/ad_msgs/include/ad_msgs/ad_msgs/msg/detail/polyfit_lane_data_array__type_support.c
[2.526s] -- Up-to-date: /home/seok/automotive_software_final/install/ad_msgs/include/ad_msgs/ad_msgs/msg/detail/mission_object__rosidl_typesupport_introspection_c.h
[2.526s] -- Up-to-date: /home/seok/automotive_software_final/install/ad_msgs/include/ad_msgs/ad_msgs/msg/detail/lane_point_data__rosidl_typesupport_introspection_c.h
[2.526s] -- Up-to-date: /home/seok/automotive_software_final/install/ad_msgs/include/ad_msgs/ad_msgs/msg/detail/vehicle_command__type_support.c
[2.526s] -- Up-to-date: /home/seok/automotive_software_final/install/ad_msgs/include/ad_msgs/ad_msgs/msg/detail/mission__type_support.c
[2.527s] -- Up-to-date: /home/seok/automotive_software_final/install/ad_msgs/include/ad_msgs/ad_msgs/msg/detail/polyfit_lane_data_array__rosidl_typesupport_introspection_c.h
[2.527s] -- Up-to-date: /home/seok/automotive_software_final/install/ad_msgs/include/ad_msgs/ad_msgs/msg/detail/vehicle_state__rosidl_typesupport_introspection_c.h
[2.527s] -- Up-to-date: /home/seok/automotive_software_final/install/ad_msgs/include/ad_msgs/ad_msgs/msg/detail/vehicle_state__type_support.c
[2.527s] -- Up-to-date: /home/seok/automotive_software_final/install/ad_msgs/include/ad_msgs/ad_msgs/msg/detail/vehicle_command__rosidl_typesupport_introspection_c.h
[2.527s] -- Up-to-date: /home/seok/automotive_software_final/install/ad_msgs/include/ad_msgs/ad_msgs/msg/detail/mission_display__rosidl_typesupport_introspection_c.h
[2.527s] -- Up-to-date: /home/seok/automotive_software_final/install/ad_msgs/include/ad_msgs/ad_msgs/msg/detail/polyfit_lane_data__type_support.c
[2.527s] -- Up-to-date: /home/seok/automotive_software_final/install/ad_msgs/include/ad_msgs/ad_msgs/msg/detail/mission_region__type_support.c
[2.527s] -- Up-to-date: /home/seok/automotive_software_final/install/ad_msgs/include/ad_msgs/ad_msgs/msg/detail/mission_region__rosidl_typesupport_introspection_c.h
[2.527s] -- Up-to-date: /home/seok/automotive_software_final/install/ad_msgs/include/ad_msgs/ad_msgs/msg/detail/lane_point_data_array__rosidl_typesupport_introspection_c.h
[2.527s] -- Up-to-date: /home/seok/automotive_software_final/install/ad_msgs/include/ad_msgs/ad_msgs/msg/detail/mission_display__type_support.c
[2.527s] -- Up-to-date: /home/seok/automotive_software_final/install/ad_msgs/include/ad_msgs/ad_msgs/msg/detail/polyfit_lane_data__rosidl_typesupport_introspection_c.h
[2.527s] -- Up-to-date: /home/seok/automotive_software_final/install/ad_msgs/include/ad_msgs/ad_msgs/msg/detail/lane_point_data_array__type_support.c
[2.527s] -- Installing: /home/seok/automotive_software_final/install/ad_msgs/lib/libad_msgs__rosidl_typesupport_introspection_c.so
[2.527s] -- Set runtime path of "/home/seok/automotive_software_final/install/ad_msgs/lib/libad_msgs__rosidl_typesupport_introspection_c.so" to ""
[2.527s] -- Installing: /home/seok/automotive_software_final/install/ad_msgs/lib/libad_msgs__rosidl_typesupport_c.so
[2.528s] -- Set runtime path of "/home/seok/automotive_software_final/install/ad_msgs/lib/libad_msgs__rosidl_typesupport_c.so" to ""
[2.528s] -- Up-to-date: /home/seok/automotive_software_final/install/ad_msgs/include/ad_msgs/ad_msgs
[2.528s] -- Up-to-date: /home/seok/automotive_software_final/install/ad_msgs/include/ad_msgs/ad_msgs/msg
[2.528s] -- Up-to-date: /home/seok/automotive_software_final/install/ad_msgs/include/ad_msgs/ad_msgs/msg/lane_point_data.hpp
[2.528s] -- Up-to-date: /home/seok/automotive_software_final/install/ad_msgs/include/ad_msgs/ad_msgs/msg/polyfit_lane_data.hpp
[2.528s] -- Up-to-date: /home/seok/automotive_software_final/install/ad_msgs/include/ad_msgs/ad_msgs/msg/vehicle_state.hpp
[2.528s] -- Up-to-date: /home/seok/automotive_software_final/install/ad_msgs/include/ad_msgs/ad_msgs/msg/mission_display.hpp
[2.528s] -- Up-to-date: /home/seok/automotive_software_final/install/ad_msgs/include/ad_msgs/ad_msgs/msg/polyfit_lane_data_array.hpp
[2.528s] -- Up-to-date: /home/seok/automotive_software_final/install/ad_msgs/include/ad_msgs/ad_msgs/msg/detail
[2.528s] -- Up-to-date: /home/seok/automotive_software_final/install/ad_msgs/include/ad_msgs/ad_msgs/msg/detail/vehicle_command__builder.hpp
[2.528s] -- Up-to-date: /home/seok/automotive_software_final/install/ad_msgs/include/ad_msgs/ad_msgs/msg/detail/lane_point_data__traits.hpp
[2.528s] -- Up-to-date: /home/seok/automotive_software_final/install/ad_msgs/include/ad_msgs/ad_msgs/msg/detail/mission_display__traits.hpp
[2.529s] -- Up-to-date: /home/seok/automotive_software_final/install/ad_msgs/include/ad_msgs/ad_msgs/msg/detail/polyfit_lane_data__traits.hpp
[2.529s] -- Up-to-date: /home/seok/automotive_software_final/install/ad_msgs/include/ad_msgs/ad_msgs/msg/detail/lane_point_data_array__builder.hpp
[2.529s] -- Up-to-date: /home/seok/automotive_software_final/install/ad_msgs/include/ad_msgs/ad_msgs/msg/detail/mission__struct.hpp
[2.529s] -- Up-to-date: /home/seok/automotive_software_final/install/ad_msgs/include/ad_msgs/ad_msgs/msg/detail/polyfit_lane_data_array__builder.hpp
[2.529s] -- Up-to-date: /home/seok/automotive_software_final/install/ad_msgs/include/ad_msgs/ad_msgs/msg/detail/polyfit_lane_data__struct.hpp
[2.529s] -- Up-to-date: /home/seok/automotive_software_final/install/ad_msgs/include/ad_msgs/ad_msgs/msg/detail/polyfit_lane_data__builder.hpp
[2.529s] -- Up-to-date: /home/seok/automotive_software_final/install/ad_msgs/include/ad_msgs/ad_msgs/msg/detail/mission__traits.hpp
[2.529s] -- Up-to-date: /home/seok/automotive_software_final/install/ad_msgs/include/ad_msgs/ad_msgs/msg/detail/mission_display__struct.hpp
[2.529s] -- Up-to-date: /home/seok/automotive_software_final/install/ad_msgs/include/ad_msgs/ad_msgs/msg/detail/lane_point_data__builder.hpp
[2.529s] -- Up-to-date: /home/seok/automotive_software_final/install/ad_msgs/include/ad_msgs/ad_msgs/msg/detail/lane_point_data_array__traits.hpp
[2.529s] -- Up-to-date: /home/seok/automotive_software_final/install/ad_msgs/include/ad_msgs/ad_msgs/msg/detail/lane_point_data__struct.hpp
[2.529s] -- Up-to-date: /home/seok/automotive_software_final/install/ad_msgs/include/ad_msgs/ad_msgs/msg/detail/mission__builder.hpp
[2.530s] -- Up-to-date: /home/seok/automotive_software_final/install/ad_msgs/include/ad_msgs/ad_msgs/msg/detail/vehicle_state__traits.hpp
[2.530s] -- Up-to-date: /home/seok/automotive_software_final/install/ad_msgs/include/ad_msgs/ad_msgs/msg/detail/mission_region__struct.hpp
[2.530s] -- Up-to-date: /home/seok/automotive_software_final/install/ad_msgs/include/ad_msgs/ad_msgs/msg/detail/mission_object__struct.hpp
[2.530s] -- Up-to-date: /home/seok/automotive_software_final/install/ad_msgs/include/ad_msgs/ad_msgs/msg/detail/vehicle_state__struct.hpp
[2.530s] -- Up-to-date: /home/seok/automotive_software_final/install/ad_msgs/include/ad_msgs/ad_msgs/msg/detail/polyfit_lane_data_array__traits.hpp
[2.530s] -- Up-to-date: /home/seok/automotive_software_final/install/ad_msgs/include/ad_msgs/ad_msgs/msg/detail/mission_object__traits.hpp
[2.530s] -- Up-to-date: /home/seok/automotive_software_final/install/ad_msgs/include/ad_msgs/ad_msgs/msg/detail/vehicle_state__builder.hpp
[2.530s] -- Up-to-date: /home/seok/automotive_software_final/install/ad_msgs/include/ad_msgs/ad_msgs/msg/detail/polyfit_lane_data_array__struct.hpp
[2.530s] -- Up-to-date: /home/seok/automotive_software_final/install/ad_msgs/include/ad_msgs/ad_msgs/msg/detail/lane_point_data_array__struct.hpp
[2.531s] -- Up-to-date: /home/seok/automotive_software_final/install/ad_msgs/include/ad_msgs/ad_msgs/msg/detail/vehicle_command__traits.hpp
[2.531s] -- Up-to-date: /home/seok/automotive_software_final/install/ad_msgs/include/ad_msgs/ad_msgs/msg/detail/vehicle_command__struct.hpp
[2.531s] -- Up-to-date: /home/seok/automotive_software_final/install/ad_msgs/include/ad_msgs/ad_msgs/msg/detail/mission_region__builder.hpp
[2.531s] -- Up-to-date: /home/seok/automotive_software_final/install/ad_msgs/include/ad_msgs/ad_msgs/msg/detail/mission_object__builder.hpp
[2.531s] -- Up-to-date: /home/seok/automotive_software_final/install/ad_msgs/include/ad_msgs/ad_msgs/msg/detail/mission_display__builder.hpp
[2.531s] -- Up-to-date: /home/seok/automotive_software_final/install/ad_msgs/include/ad_msgs/ad_msgs/msg/detail/mission_region__traits.hpp
[2.531s] -- Up-to-date: /home/seok/automotive_software_final/install/ad_msgs/include/ad_msgs/ad_msgs/msg/mission_object.hpp
[2.531s] -- Up-to-date: /home/seok/automotive_software_final/install/ad_msgs/include/ad_msgs/ad_msgs/msg/mission.hpp
[2.531s] -- Up-to-date: /home/seok/automotive_software_final/install/ad_msgs/include/ad_msgs/ad_msgs/msg/mission_region.hpp
[2.531s] -- Up-to-date: /home/seok/automotive_software_final/install/ad_msgs/include/ad_msgs/ad_msgs/msg/lane_point_data_array.hpp
[2.531s] -- Up-to-date: /home/seok/automotive_software_final/install/ad_msgs/include/ad_msgs/ad_msgs/msg/vehicle_command.hpp
[2.531s] -- Up-to-date: /home/seok/automotive_software_final/install/ad_msgs/include/ad_msgs/ad_msgs
[2.531s] -- Up-to-date: /home/seok/automotive_software_final/install/ad_msgs/include/ad_msgs/ad_msgs/msg
[2.531s] -- Up-to-date: /home/seok/automotive_software_final/install/ad_msgs/include/ad_msgs/ad_msgs/msg/rosidl_typesupport_fastrtps_cpp__visibility_control.h
[2.531s] -- Up-to-date: /home/seok/automotive_software_final/install/ad_msgs/include/ad_msgs/ad_msgs/msg/detail
[2.531s] -- Up-to-date: /home/seok/automotive_software_final/install/ad_msgs/include/ad_msgs/ad_msgs/msg/detail/polyfit_lane_data__rosidl_typesupport_fastrtps_cpp.hpp
[2.531s] -- Up-to-date: /home/seok/automotive_software_final/install/ad_msgs/include/ad_msgs/ad_msgs/msg/detail/mission__rosidl_typesupport_fastrtps_cpp.hpp
[2.531s] -- Up-to-date: /home/seok/automotive_software_final/install/ad_msgs/include/ad_msgs/ad_msgs/msg/detail/mission_object__rosidl_typesupport_fastrtps_cpp.hpp
[2.531s] -- Up-to-date: /home/seok/automotive_software_final/install/ad_msgs/include/ad_msgs/ad_msgs/msg/detail/lane_point_data__rosidl_typesupport_fastrtps_cpp.hpp
[2.531s] -- Up-to-date: /home/seok/automotive_software_final/install/ad_msgs/include/ad_msgs/ad_msgs/msg/detail/lane_point_data_array__rosidl_typesupport_fastrtps_cpp.hpp
[2.531s] -- Installing: /home/seok/automotive_software_final/install/ad_msgs/include/ad_msgs/ad_msgs/msg/detail/dds_fastrtps
[2.531s] -- Up-to-date: /home/seok/automotive_software_final/install/ad_msgs/include/ad_msgs/ad_msgs/msg/detail/mission_region__rosidl_typesupport_fastrtps_cpp.hpp
[2.531s] -- Up-to-date: /home/seok/automotive_software_final/install/ad_msgs/include/ad_msgs/ad_msgs/msg/detail/vehicle_command__rosidl_typesupport_fastrtps_cpp.hpp
[2.531s] -- Up-to-date: /home/seok/automotive_software_final/install/ad_msgs/include/ad_msgs/ad_msgs/msg/detail/vehicle_state__rosidl_typesupport_fastrtps_cpp.hpp
[2.531s] -- Up-to-date: /home/seok/automotive_software_final/install/ad_msgs/include/ad_msgs/ad_msgs/msg/detail/mission_display__rosidl_typesupport_fastrtps_cpp.hpp
[2.531s] -- Up-to-date: /home/seok/automotive_software_final/install/ad_msgs/include/ad_msgs/ad_msgs/msg/detail/polyfit_lane_data_array__rosidl_typesupport_fastrtps_cpp.hpp
[2.531s] -- Installing: /home/seok/automotive_software_final/install/ad_msgs/lib/libad_msgs__rosidl_typesupport_fastrtps_cpp.so
[2.531s] -- Set runtime path of "/home/seok/automotive_software_final/install/ad_msgs/lib/libad_msgs__rosidl_typesupport_fastrtps_cpp.so" to ""
[2.531s] -- Up-to-date: /home/seok/automotive_software_final/install/ad_msgs/include/ad_msgs/ad_msgs
[2.531s] -- Up-to-date: /home/seok/automotive_software_final/install/ad_msgs/include/ad_msgs/ad_msgs/msg
[2.531s] -- Up-to-date: /home/seok/automotive_software_final/install/ad_msgs/include/ad_msgs/ad_msgs/msg/detail
[2.531s] -- Up-to-date: /home/seok/automotive_software_final/install/ad_msgs/include/ad_msgs/ad_msgs/msg/detail/mission_region__rosidl_typesupport_introspection_cpp.hpp
[2.531s] -- Up-to-date: /home/seok/automotive_software_final/install/ad_msgs/include/ad_msgs/ad_msgs/msg/detail/lane_point_data_array__rosidl_typesupport_introspection_cpp.hpp
[2.531s] -- Up-to-date: /home/seok/automotive_software_final/install/ad_msgs/include/ad_msgs/ad_msgs/msg/detail/mission_object__rosidl_typesupport_introspection_cpp.hpp
[2.531s] -- Up-to-date: /home/seok/automotive_software_final/install/ad_msgs/include/ad_msgs/ad_msgs/msg/detail/mission_display__rosidl_typesupport_introspection_cpp.hpp
[2.531s] -- Up-to-date: /home/seok/automotive_software_final/install/ad_msgs/include/ad_msgs/ad_msgs/msg/detail/vehicle_command__type_support.cpp
[2.531s] -- Up-to-date: /home/seok/automotive_software_final/install/ad_msgs/include/ad_msgs/ad_msgs/msg/detail/vehicle_state__type_support.cpp
[2.531s] -- Up-to-date: /home/seok/automotive_software_final/install/ad_msgs/include/ad_msgs/ad_msgs/msg/detail/vehicle_state__rosidl_typesupport_introspection_cpp.hpp
[2.531s] -- Up-to-date: /home/seok/automotive_software_final/install/ad_msgs/include/ad_msgs/ad_msgs/msg/detail/polyfit_lane_data_array__type_support.cpp
[2.531s] -- Up-to-date: /home/seok/automotive_software_final/install/ad_msgs/include/ad_msgs/ad_msgs/msg/detail/vehicle_command__rosidl_typesupport_introspection_cpp.hpp
[2.531s] -- Up-to-date: /home/seok/automotive_software_final/install/ad_msgs/include/ad_msgs/ad_msgs/msg/detail/mission_region__type_support.cpp
[2.531s] -- Up-to-date: /home/seok/automotive_software_final/install/ad_msgs/include/ad_msgs/ad_msgs/msg/detail/polyfit_lane_data__type_support.cpp
[2.531s] -- Up-to-date: /home/seok/automotive_software_final/install/ad_msgs/include/ad_msgs/ad_msgs/msg/detail/mission__type_support.cpp
[2.532s] -- Up-to-date: /home/seok/automotive_software_final/install/ad_msgs/include/ad_msgs/ad_msgs/msg/detail/polyfit_lane_data_array__rosidl_typesupport_introspection_cpp.hpp
[2.532s] -- Up-to-date: /home/seok/automotive_software_final/install/ad_msgs/include/ad_msgs/ad_msgs/msg/detail/mission__rosidl_typesupport_introspection_cpp.hpp
[2.532s] -- Up-to-date: /home/seok/automotive_software_final/install/ad_msgs/include/ad_msgs/ad_msgs/msg/detail/lane_point_data__rosidl_typesupport_introspection_cpp.hpp
[2.532s] -- Up-to-date: /home/seok/automotive_software_final/install/ad_msgs/include/ad_msgs/ad_msgs/msg/detail/polyfit_lane_data__rosidl_typesupport_introspection_cpp.hpp
[2.532s] -- Up-to-date: /home/seok/automotive_software_final/install/ad_msgs/include/ad_msgs/ad_msgs/msg/detail/lane_point_data_array__type_support.cpp
[2.532s] -- Up-to-date: /home/seok/automotive_software_final/install/ad_msgs/include/ad_msgs/ad_msgs/msg/detail/lane_point_data__type_support.cpp
[2.532s] -- Up-to-date: /home/seok/automotive_software_final/install/ad_msgs/include/ad_msgs/ad_msgs/msg/detail/mission_display__type_support.cpp
[2.532s] -- Up-to-date: /home/seok/automotive_software_final/install/ad_msgs/include/ad_msgs/ad_msgs/msg/detail/mission_object__type_support.cpp
[2.532s] -- Installing: /home/seok/automotive_software_final/install/ad_msgs/lib/libad_msgs__rosidl_typesupport_introspection_cpp.so
[2.532s] -- Set runtime path of "/home/seok/automotive_software_final/install/ad_msgs/lib/libad_msgs__rosidl_typesupport_introspection_cpp.so" to ""
[2.532s] -- Installing: /home/seok/automotive_software_final/install/ad_msgs/lib/libad_msgs__rosidl_typesupport_cpp.so
[2.532s] -- Set runtime path of "/home/seok/automotive_software_final/install/ad_msgs/lib/libad_msgs__rosidl_typesupport_cpp.so" to ""
[2.532s] -- Up-to-date: /home/seok/automotive_software_final/install/ad_msgs/share/ad_msgs/environment/pythonpath.sh
[2.532s] -- Installing: /home/seok/automotive_software_final/install/ad_msgs/share/ad_msgs/environment/pythonpath.dsv
[2.532s] -- Up-to-date: /home/seok/automotive_software_final/install/ad_msgs/local/lib/python3.10/dist-packages/ad_msgs-0.0.0-py3.10.egg-info
[2.532s] -- Installing: /home/seok/automotive_software_final/install/ad_msgs/local/lib/python3.10/dist-packages/ad_msgs-0.0.0-py3.10.egg-info/SOURCES.txt
[2.532s] -- Installing: /home/seok/automotive_software_final/install/ad_msgs/local/lib/python3.10/dist-packages/ad_msgs-0.0.0-py3.10.egg-info/PKG-INFO
[2.532s] -- Installing: /home/seok/automotive_software_final/install/ad_msgs/local/lib/python3.10/dist-packages/ad_msgs-0.0.0-py3.10.egg-info/top_level.txt
[2.532s] -- Installing: /home/seok/automotive_software_final/install/ad_msgs/local/lib/python3.10/dist-packages/ad_msgs-0.0.0-py3.10.egg-info/dependency_links.txt
[2.532s] -- Up-to-date: /home/seok/automotive_software_final/install/ad_msgs/local/lib/python3.10/dist-packages/ad_msgs
[2.532s] -- Installing: /home/seok/automotive_software_final/install/ad_msgs/local/lib/python3.10/dist-packages/ad_msgs/ad_msgs_s__rosidl_typesupport_introspection_c.cpython-310-x86_64-linux-gnu.so
[2.532s] -- Up-to-date: /home/seok/automotive_software_final/install/ad_msgs/local/lib/python3.10/dist-packages/ad_msgs/_ad_msgs_s.ep.rosidl_typesupport_fastrtps_c.c
[2.532s] -- Up-to-date: /home/seok/automotive_software_final/install/ad_msgs/local/lib/python3.10/dist-packages/ad_msgs/_ad_msgs_s.ep.rosidl_typesupport_introspection_c.c
[2.532s] -- Up-to-date: /home/seok/automotive_software_final/install/ad_msgs/local/lib/python3.10/dist-packages/ad_msgs/_ad_msgs_s.ep.rosidl_typesupport_c.c
[2.532s] -- Installing: /home/seok/automotive_software_final/install/ad_msgs/local/lib/python3.10/dist-packages/ad_msgs/__init__.py
[2.532s] -- Installing: /home/seok/automotive_software_final/install/ad_msgs/local/lib/python3.10/dist-packages/ad_msgs/ad_msgs_s__rosidl_typesupport_fastrtps_c.cpython-310-x86_64-linux-gnu.so
[2.532s] -- Up-to-date: /home/seok/automotive_software_final/install/ad_msgs/local/lib/python3.10/dist-packages/ad_msgs/msg
[2.532s] -- Up-to-date: /home/seok/automotive_software_final/install/ad_msgs/local/lib/python3.10/dist-packages/ad_msgs/msg/_polyfit_lane_data_array_s.c
[2.532s] -- Up-to-date: /home/seok/automotive_software_final/install/ad_msgs/local/lib/python3.10/dist-packages/ad_msgs/msg/_lane_point_data_s.c
[2.532s] -- Up-to-date: /home/seok/automotive_software_final/install/ad_msgs/local/lib/python3.10/dist-packages/ad_msgs/msg/_polyfit_lane_data_s.c
[2.532s] -- Up-to-date: /home/seok/automotive_software_final/install/ad_msgs/local/lib/python3.10/dist-packages/ad_msgs/msg/_lane_point_data_array_s.c
[2.532s] -- Up-to-date: /home/seok/automotive_software_final/install/ad_msgs/local/lib/python3.10/dist-packages/ad_msgs/msg/_mission_region.py
[2.532s] -- Up-to-date: /home/seok/automotive_software_final/install/ad_msgs/local/lib/python3.10/dist-packages/ad_msgs/msg/_mission.py
[2.532s] -- Up-to-date: /home/seok/automotive_software_final/install/ad_msgs/local/lib/python3.10/dist-packages/ad_msgs/msg/_vehicle_state_s.c
[2.532s] -- Up-to-date: /home/seok/automotive_software_final/install/ad_msgs/local/lib/python3.10/dist-packages/ad_msgs/msg/_mission_display_s.c
[2.532s] -- Up-to-date: /home/seok/automotive_software_final/install/ad_msgs/local/lib/python3.10/dist-packages/ad_msgs/msg/_vehicle_command.py
[2.532s] -- Up-to-date: /home/seok/automotive_software_final/install/ad_msgs/local/lib/python3.10/dist-packages/ad_msgs/msg/__init__.py
[2.532s] -- Up-to-date: /home/seok/automotive_software_final/install/ad_msgs/local/lib/python3.10/dist-packages/ad_msgs/msg/_mission_display.py
[2.532s] -- Up-to-date: /home/seok/automotive_software_final/install/ad_msgs/local/lib/python3.10/dist-packages/ad_msgs/msg/_vehicle_state.py
[2.532s] -- Up-to-date: /home/seok/automotive_software_final/install/ad_msgs/local/lib/python3.10/dist-packages/ad_msgs/msg/_polyfit_lane_data_array.py
[2.532s] -- Up-to-date: /home/seok/automotive_software_final/install/ad_msgs/local/lib/python3.10/dist-packages/ad_msgs/msg/_mission_region_s.c
[2.532s] -- Up-to-date: /home/seok/automotive_software_final/install/ad_msgs/local/lib/python3.10/dist-packages/ad_msgs/msg/_polyfit_lane_data.py
[2.532s] -- Up-to-date: /home/seok/automotive_software_final/install/ad_msgs/local/lib/python3.10/dist-packages/ad_msgs/msg/_vehicle_command_s.c
[2.532s] -- Up-to-date: /home/seok/automotive_software_final/install/ad_msgs/local/lib/python3.10/dist-packages/ad_msgs/msg/_lane_point_data.py
[2.533s] -- Up-to-date: /home/seok/automotive_software_final/install/ad_msgs/local/lib/python3.10/dist-packages/ad_msgs/msg/_lane_point_data_array.py
[2.533s] -- Up-to-date: /home/seok/automotive_software_final/install/ad_msgs/local/lib/python3.10/dist-packages/ad_msgs/msg/_mission_object.py
[2.533s] -- Up-to-date: /home/seok/automotive_software_final/install/ad_msgs/local/lib/python3.10/dist-packages/ad_msgs/msg/_mission_s.c
[2.533s] -- Up-to-date: /home/seok/automotive_software_final/install/ad_msgs/local/lib/python3.10/dist-packages/ad_msgs/msg/_mission_object_s.c
[2.533s] -- Installing: /home/seok/automotive_software_final/install/ad_msgs/local/lib/python3.10/dist-packages/ad_msgs/libad_msgs__rosidl_generator_py.so
[2.533s] -- Installing: /home/seok/automotive_software_final/install/ad_msgs/local/lib/python3.10/dist-packages/ad_msgs/ad_msgs_s__rosidl_typesupport_c.cpython-310-x86_64-linux-gnu.so
[2.542s] Listing '/home/seok/automotive_software_final/install/ad_msgs/local/lib/python3.10/dist-packages/ad_msgs'...
[2.542s] Compiling '/home/seok/automotive_software_final/install/ad_msgs/local/lib/python3.10/dist-packages/ad_msgs/__init__.py'...
[2.542s] Listing '/home/seok/automotive_software_final/install/ad_msgs/local/lib/python3.10/dist-packages/ad_msgs/msg'...
[2.545s] -- Installing: /home/seok/automotive_software_final/install/ad_msgs/local/lib/python3.10/dist-packages/ad_msgs/ad_msgs_s__rosidl_typesupport_fastrtps_c.cpython-310-x86_64-linux-gnu.so
[2.545s] -- Set runtime path of "/home/seok/automotive_software_final/install/ad_msgs/local/lib/python3.10/dist-packages/ad_msgs/ad_msgs_s__rosidl_typesupport_fastrtps_c.cpython-310-x86_64-linux-gnu.so" to ""
[2.545s] -- Installing: /home/seok/automotive_software_final/install/ad_msgs/local/lib/python3.10/dist-packages/ad_msgs/ad_msgs_s__rosidl_typesupport_introspection_c.cpython-310-x86_64-linux-gnu.so
[2.545s] -- Set runtime path of "/home/seok/automotive_software_final/install/ad_msgs/local/lib/python3.10/dist-packages/ad_msgs/ad_msgs_s__rosidl_typesupport_introspection_c.cpython-310-x86_64-linux-gnu.so" to ""
[2.545s] -- Installing: /home/seok/automotive_software_final/install/ad_msgs/local/lib/python3.10/dist-packages/ad_msgs/ad_msgs_s__rosidl_typesupport_c.cpython-310-x86_64-linux-gnu.so
[2.545s] -- Set runtime path of "/home/seok/automotive_software_final/install/ad_msgs/local/lib/python3.10/dist-packages/ad_msgs/ad_msgs_s__rosidl_typesupport_c.cpython-310-x86_64-linux-gnu.so" to ""
[2.546s] -- Installing: /home/seok/automotive_software_final/install/ad_msgs/lib/libad_msgs__rosidl_generator_py.so
[2.546s] -- Set runtime path of "/home/seok/automotive_software_final/install/ad_msgs/lib/libad_msgs__rosidl_generator_py.so" to ""
[2.546s] -- Up-to-date: /home/seok/automotive_software_final/install/ad_msgs/share/ad_msgs/msg/VehicleState.idl
[2.546s] -- Up-to-date: /home/seok/automotive_software_final/install/ad_msgs/share/ad_msgs/msg/VehicleCommand.idl
[2.546s] -- Up-to-date: /home/seok/automotive_software_final/install/ad_msgs/share/ad_msgs/msg/Mission.idl
[2.546s] -- Up-to-date: /home/seok/automotive_software_final/install/ad_msgs/share/ad_msgs/msg/MissionObject.idl
[2.546s] -- Up-to-date: /home/seok/automotive_software_final/install/ad_msgs/share/ad_msgs/msg/MissionRegion.idl
[2.546s] -- Up-to-date: /home/seok/automotive_software_final/install/ad_msgs/share/ad_msgs/msg/MissionDisplay.idl
[2.546s] -- Up-to-date: /home/seok/automotive_software_final/install/ad_msgs/share/ad_msgs/msg/PolyfitLaneData.idl
[2.546s] -- Up-to-date: /home/seok/automotive_software_final/install/ad_msgs/share/ad_msgs/msg/LanePointData.idl
[2.547s] -- Up-to-date: /home/seok/automotive_software_final/install/ad_msgs/share/ad_msgs/msg/LanePointDataArray.idl
[2.547s] -- Up-to-date: /home/seok/automotive_software_final/install/ad_msgs/share/ad_msgs/msg/PolyfitLaneDataArray.idl
[2.547s] -- Up-to-date: /home/seok/automotive_software_final/install/ad_msgs/share/ad_msgs/msg/VehicleState.msg
[2.547s] -- Up-to-date: /home/seok/automotive_software_final/install/ad_msgs/share/ad_msgs/msg/VehicleCommand.msg
[2.547s] -- Up-to-date: /home/seok/automotive_software_final/install/ad_msgs/share/ad_msgs/msg/Mission.msg
[2.547s] -- Up-to-date: /home/seok/automotive_software_final/install/ad_msgs/share/ad_msgs/msg/MissionObject.msg
[2.547s] -- Up-to-date: /home/seok/automotive_software_final/install/ad_msgs/share/ad_msgs/msg/MissionRegion.msg
[2.547s] -- Up-to-date: /home/seok/automotive_software_final/install/ad_msgs/share/ad_msgs/msg/MissionDisplay.msg
[2.547s] -- Up-to-date: /home/seok/automotive_software_final/install/ad_msgs/share/ad_msgs/msg/PolyfitLaneData.msg
[2.547s] -- Up-to-date: /home/seok/automotive_software_final/install/ad_msgs/share/ad_msgs/msg/LanePointData.msg
[2.547s] -- Up-to-date: /home/seok/automotive_software_final/install/ad_msgs/share/ad_msgs/msg/LanePointDataArray.msg
[2.547s] -- Up-to-date: /home/seok/automotive_software_final/install/ad_msgs/share/ad_msgs/msg/PolyfitLaneDataArray.msg
[2.548s] -- Up-to-date: /home/seok/automotive_software_final/install/ad_msgs/share/ament_index/resource_index/package_run_dependencies/ad_msgs
[2.548s] -- Installing: /home/seok/automotive_software_final/install/ad_msgs/share/ament_index/resource_index/parent_prefix_path/ad_msgs
[2.548s] -- Installing: /home/seok/automotive_software_final/install/ad_msgs/share/ad_msgs/environment/ament_prefix_path.sh
[2.548s] -- Installing: /home/seok/automotive_software_final/install/ad_msgs/share/ad_msgs/environment/ament_prefix_path.dsv
[2.548s] -- Installing: /home/seok/automotive_software_final/install/ad_msgs/share/ad_msgs/environment/path.sh
[2.548s] -- Installing: /home/seok/automotive_software_final/install/ad_msgs/share/ad_msgs/environment/path.dsv
[2.548s] -- Up-to-date: /home/seok/automotive_software_final/install/ad_msgs/share/ad_msgs/local_setup.bash
[2.548s] -- Up-to-date: /home/seok/automotive_software_final/install/ad_msgs/share/ad_msgs/local_setup.sh
[2.548s] -- Up-to-date: /home/seok/automotive_software_final/install/ad_msgs/share/ad_msgs/local_setup.zsh
[2.548s] -- Installing: /home/seok/automotive_software_final/install/ad_msgs/share/ad_msgs/local_setup.dsv
[2.548s] -- Installing: /home/seok/automotive_software_final/install/ad_msgs/share/ad_msgs/package.dsv
[2.548s] -- Up-to-date: /home/seok/automotive_software_final/install/ad_msgs/share/ament_index/resource_index/packages/ad_msgs
[2.548s] -- Up-to-date: /home/seok/automotive_software_final/install/ad_msgs/share/ad_msgs/cmake/export_ad_msgs__rosidl_generator_cExport.cmake
[2.548s] -- Up-to-date: /home/seok/automotive_software_final/install/ad_msgs/share/ad_msgs/cmake/export_ad_msgs__rosidl_generator_cExport-noconfig.cmake
[2.548s] -- Up-to-date: /home/seok/automotive_software_final/install/ad_msgs/share/ad_msgs/cmake/export_ad_msgs__rosidl_typesupport_fastrtps_cExport.cmake
[2.548s] -- Up-to-date: /home/seok/automotive_software_final/install/ad_msgs/share/ad_msgs/cmake/export_ad_msgs__rosidl_typesupport_fastrtps_cExport-noconfig.cmake
[2.548s] -- Up-to-date: /home/seok/automotive_software_final/install/ad_msgs/share/ad_msgs/cmake/ad_msgs__rosidl_typesupport_introspection_cExport.cmake
[2.548s] -- Up-to-date: /home/seok/automotive_software_final/install/ad_msgs/share/ad_msgs/cmake/ad_msgs__rosidl_typesupport_introspection_cExport-noconfig.cmake
[2.548s] -- Up-to-date: /home/seok/automotive_software_final/install/ad_msgs/share/ad_msgs/cmake/ad_msgs__rosidl_typesupport_cExport.cmake
[2.548s] -- Up-to-date: /home/seok/automotive_software_final/install/ad_msgs/share/ad_msgs/cmake/ad_msgs__rosidl_typesupport_cExport-noconfig.cmake
[2.549s] -- Up-to-date: /home/seok/automotive_software_final/install/ad_msgs/share/ad_msgs/cmake/export_ad_msgs__rosidl_generator_cppExport.cmake
[2.549s] -- Up-to-date: /home/seok/automotive_software_final/install/ad_msgs/share/ad_msgs/cmake/export_ad_msgs__rosidl_typesupport_fastrtps_cppExport.cmake
[2.549s] -- Up-to-date: /home/seok/automotive_software_final/install/ad_msgs/share/ad_msgs/cmake/export_ad_msgs__rosidl_typesupport_fastrtps_cppExport-noconfig.cmake
[2.549s] -- Up-to-date: /home/seok/automotive_software_final/install/ad_msgs/share/ad_msgs/cmake/ad_msgs__rosidl_typesupport_introspection_cppExport.cmake
[2.549s] -- Up-to-date: /home/seok/automotive_software_final/install/ad_msgs/share/ad_msgs/cmake/ad_msgs__rosidl_typesupport_introspection_cppExport-noconfig.cmake
[2.549s] -- Up-to-date: /home/seok/automotive_software_final/install/ad_msgs/share/ad_msgs/cmake/ad_msgs__rosidl_typesupport_cppExport.cmake
[2.549s] -- Up-to-date: /home/seok/automotive_software_final/install/ad_msgs/share/ad_msgs/cmake/ad_msgs__rosidl_typesupport_cppExport-noconfig.cmake
[2.549s] -- Up-to-date: /home/seok/automotive_software_final/install/ad_msgs/share/ad_msgs/cmake/export_ad_msgs__rosidl_generator_pyExport.cmake
[2.549s] -- Up-to-date: /home/seok/automotive_software_final/install/ad_msgs/share/ad_msgs/cmake/export_ad_msgs__rosidl_generator_pyExport-noconfig.cmake
[2.549s] -- Up-to-date: /home/seok/automotive_software_final/install/ad_msgs/share/ad_msgs/cmake/rosidl_cmake-extras.cmake
[2.549s] -- Up-to-date: /home/seok/automotive_software_final/install/ad_msgs/share/ad_msgs/cmake/ament_cmake_export_dependencies-extras.cmake
[2.549s] -- Up-to-date: /home/seok/automotive_software_final/install/ad_msgs/share/ad_msgs/cmake/ament_cmake_export_include_directories-extras.cmake
[2.550s] -- Up-to-date: /home/seok/automotive_software_final/install/ad_msgs/share/ad_msgs/cmake/ament_cmake_export_libraries-extras.cmake
[2.550s] -- Up-to-date: /home/seok/automotive_software_final/install/ad_msgs/share/ad_msgs/cmake/ament_cmake_export_targets-extras.cmake
[2.550s] -- Up-to-date: /home/seok/automotive_software_final/install/ad_msgs/share/ad_msgs/cmake/rosidl_cmake_export_typesupport_targets-extras.cmake
[2.550s] -- Up-to-date: /home/seok/automotive_software_final/install/ad_msgs/share/ad_msgs/cmake/rosidl_cmake_export_typesupport_libraries-extras.cmake
[2.550s] -- Up-to-date: /home/seok/automotive_software_final/install/ad_msgs/share/ad_msgs/cmake/ad_msgsConfig.cmake
[2.550s] -- Up-to-date: /home/seok/automotive_software_final/install/ad_msgs/share/ad_msgs/cmake/ad_msgsConfig-version.cmake
[2.550s] -- Up-to-date: /home/seok/automotive_software_final/install/ad_msgs/share/ad_msgs/package.xml
[2.551s] Invoked command in '/home/seok/automotive_software_final/build/ad_msgs' returned '0': CMAKE_PREFIX_PATH=${CMAKE_PREFIX_PATH}:/opt/ros/humble /usr/bin/cmake --install /home/seok/automotive_software_final/build/ad_msgs
