[0.184s] Invoking command in '/home/jeongwoo/Automotive_software_final/build/simulator': AMENT_PREFIX_PATH=/home/jeongwoo/Automotive_software_final/install/ad_msgs:${AMENT_PREFIX_PATH} CMAKE_PREFIX_PATH=/home/jeongwoo/Automotive_software_final/install/ad_msgs:/opt/ros/humble LD_LIBRARY_PATH=/home/jeongwoo/Automotive_software_final/install/ad_msgs/lib:${LD_LIBRARY_PATH} PYTHONPATH=/home/jeongwoo/Automotive_software_final/install/ad_msgs/local/lib/python3.10/dist-packages:${PYTHONPATH} /usr/bin/cmake --build /home/jeongwoo/Automotive_software_final/build/simulator -- -j8 -l8
[0.328s] [ 57%] Built target vehicle
[0.328s] [ 57%] Built target display
[0.339s] [100%] Built target lane_detection
[0.364s] Invoked command in '/home/jeongwoo/Automotive_software_final/build/simulator' returned '0': AMENT_PREFIX_PATH=/home/jeongwoo/Automotive_software_final/install/ad_msgs:${AMENT_PREFIX_PATH} CMAKE_PREFIX_PATH=/home/jeongwoo/Automotive_software_final/install/ad_msgs:/opt/ros/humble LD_LIBRARY_PATH=/home/jeongwoo/Automotive_software_final/install/ad_msgs/lib:${LD_LIBRARY_PATH} PYTHONPATH=/home/jeongwoo/Automotive_software_final/install/ad_msgs/local/lib/python3.10/dist-packages:${PYTHONPATH} /usr/bin/cmake --build /home/jeongwoo/Automotive_software_final/build/simulator -- -j8 -l8
[0.444s] Invoking command in '/home/jeongwoo/Automotive_software_final/build/simulator': AMENT_PREFIX_PATH=/home/jeongwoo/Automotive_software_final/install/ad_msgs:${AMENT_PREFIX_PATH} CMAKE_PREFIX_PATH=/home/jeongwoo/Automotive_software_final/install/ad_msgs:/opt/ros/humble LD_LIBRARY_PATH=/home/jeongwoo/Automotive_software_final/install/ad_msgs/lib:${LD_LIBRARY_PATH} PYTHONPATH=/home/jeongwoo/Automotive_software_final/install/ad_msgs/local/lib/python3.10/dist-packages:${PYTHONPATH} /usr/bin/cmake --install /home/jeongwoo/Automotive_software_final/build/simulator
[0.473s] -- Install configuration: ""
[0.473s] -- Up-to-date: /home/jeongwoo/Automotive_software_final/install/simulator/lib/simulator/vehicle
[0.474s] -- Up-to-date: /home/jeongwoo/Automotive_software_final/install/simulator/lib/simulator/lane_detection
[0.474s] -- Up-to-date: /home/jeongwoo/Automotive_software_final/install/simulator/lib/simulator/display
[0.474s] -- Up-to-date: /home/jeongwoo/Automotive_software_final/install/simulator/share/simulator/launch
[0.474s] -- Up-to-date: /home/jeongwoo/Automotive_software_final/install/simulator/share/simulator/launch/simulation.launch.xml
[0.474s] -- Up-to-date: /home/jeongwoo/Automotive_software_final/install/simulator/share/ament_index/resource_index/package_run_dependencies/simulator
[0.475s] -- Up-to-date: /home/jeongwoo/Automotive_software_final/install/simulator/share/ament_index/resource_index/parent_prefix_path/simulator
[0.475s] -- Up-to-date: /home/jeongwoo/Automotive_software_final/install/simulator/share/simulator/environment/ament_prefix_path.sh
[0.475s] -- Up-to-date: /home/jeongwoo/Automotive_software_final/install/simulator/share/simulator/environment/ament_prefix_path.dsv
[0.475s] -- Up-to-date: /home/jeongwoo/Automotive_software_final/install/simulator/share/simulator/environment/path.sh
[0.475s] -- Up-to-date: /home/jeongwoo/Automotive_software_final/install/simulator/share/simulator/environment/path.dsv
[0.476s] -- Up-to-date: /home/jeongwoo/Automotive_software_final/install/simulator/share/simulator/local_setup.bash
[0.476s] -- Up-to-date: /home/jeongwoo/Automotive_software_final/install/simulator/share/simulator/local_setup.sh
[0.476s] -- Up-to-date: /home/jeongwoo/Automotive_software_final/install/simulator/share/simulator/local_setup.zsh
[0.476s] -- Up-to-date: /home/jeongwoo/Automotive_software_final/install/simulator/share/simulator/local_setup.dsv
[0.476s] -- Installing: /home/jeongwoo/Automotive_software_final/install/simulator/share/simulator/package.dsv
[0.476s] -- Up-to-date: /home/jeongwoo/Automotive_software_final/install/simulator/share/ament_index/resource_index/packages/simulator
[0.477s] -- Up-to-date: /home/jeongwoo/Automotive_software_final/install/simulator/share/simulator/cmake/simulatorConfig.cmake
[0.477s] -- Up-to-date: /home/jeongwoo/Automotive_software_final/install/simulator/share/simulator/cmake/simulatorConfig-version.cmake
[0.477s] -- Up-to-date: /home/jeongwoo/Automotive_software_final/install/simulator/share/simulator/package.xml
[0.500s] Invoked command in '/home/jeongwoo/Automotive_software_final/build/simulator' returned '0': AMENT_PREFIX_PATH=/home/jeongwoo/Automotive_software_final/install/ad_msgs:${AMENT_PREFIX_PATH} CMAKE_PREFIX_PATH=/home/jeongwoo/Automotive_software_final/install/ad_msgs:/opt/ros/humble LD_LIBRARY_PATH=/home/jeongwoo/Automotive_software_final/install/ad_msgs/lib:${LD_LIBRARY_PATH} PYTHONPATH=/home/jeongwoo/Automotive_software_final/install/ad_msgs/local/lib/python3.10/dist-packages:${PYTHONPATH} /usr/bin/cmake --install /home/jeongwoo/Automotive_software_final/build/simulator
