-- Found ament_cmake: 1.3.10 (/opt/ros/humble/share/ament_cmake/cmake)
-- Found rclcpp: 16.0.10 (/opt/ros/humble/share/rclcpp/cmake)
-- Found rosidl_generator_c: 3.1.5 (/opt/ros/humble/share/rosidl_generator_c/cmake)
-- Found rosidl_adapter: 3.1.5 (/opt/ros/humble/share/rosidl_adapter/cmake)
-- Found rosidl_generator_cpp: 3.1.5 (/opt/ros/humble/share/rosidl_generator_cpp/cmake)
-- Using all available rosidl_typesupport_c: rosidl_typesupport_fastrtps_c;rosidl_typesupport_introspection_c
-- Using all available rosidl_typesupport_cpp: rosidl_typesupport_fastrtps_cpp;rosidl_typesupport_introspection_cpp
-- Found rmw_implementation_cmake: 6.1.2 (/opt/ros/humble/share/rmw_implementation_cmake/cmake)
-- Found rmw_fastrtps_cpp: 6.2.7 (/opt/ros/humble/share/rmw_fastrtps_cpp/cmake)
-- Using RMW implementation 'rmw_fastrtps_cpp' as default
-- Found ad_msgs: 0.0.0 (/home/seok/automotive_software_final/install/ad_msgs/share/ad_msgs/cmake)
-- Found tf2: 0.25.8 (/opt/ros/humble/share/tf2/cmake)
-- Found tf2_ros: 0.25.8 (/opt/ros/humble/share/tf2_ros/cmake)
-- Configuring done
-- Generating done
-- Build files have been written to: /home/seok/automotive_software_final/build/autonomous_driving
[35m[1mConsolidate compiler generated dependencies of target behavior_planner_node[0m
[35m[1mConsolidate compiler generated dependencies of target driving_way_node[0m
[35m[1mConsolidate compiler generated dependencies of target autonomous_driving_node[0m
[35m[1mConsolidate compiler generated dependencies of target trajectory_planner_node[0m
[ 10%] [32mBuilding CXX object CMakeFiles/control_node.dir/src/control_node.cpp.o[0m
[ 30%] Built target driving_way_node
[ 40%] [32mBuilding CXX object CMakeFiles/behavior_planner_node.dir/src/behavior_planner_node.cpp.o[0m
[ 60%] Built target autonomous_driving_node
[ 80%] Built target trajectory_planner_node
[ 90%] [32m[1mLinking CXX executable behavior_planner_node[0m
[ 90%] Built target behavior_planner_node
