[35m[1mConsolidate compiler generated dependencies of target behavior_planner_node[0m
[ 33%] Built target autonomous_driving_node
[ 66%] Built target driving_way_node
[ 83%] [32mBuilding CXX object CMakeFiles/behavior_planner_node.dir/src/behavior_planner_node.cpp.o[0m
[01m[K/home/seok/automotive_software_final/src/app/autonomous_driving/src/behavior_planner_node.cpp:[m[K In member function ‘[01m[Kvoid BehaviorPlannerNode::updatePlannerState()[m[K’:
[01m[K/home/seok/automotive_software_final/src/app/autonomous_driving/src/behavior_planner_node.cpp:58:31:[m[K [01;31m[Kerror: [m[Kno matching function for call to ‘[01m[Kbegin(ad_msgs::msg::MissionObject_<std::allocator<void> >&)[m[K’
   58 |     for (const auto &object : [01;31m[Ki_mission_state_[m[K) { // Assuming i_mission_objects_ stores all mission objects
      |                               [01;31m[K^~~~~~~~~~~~~~~~[m[K
In file included from [01m[K/usr/include/c++/11/utility:76[m[K,
                 from [01m[K/usr/include/c++/11/tuple:38[m[K,
                 from [01m[K/usr/include/c++/11/mutex:38[m[K,
                 from [01m[K/home/seok/automotive_software_final/src/app/autonomous_driving/include/behavior_planner_node.hpp:5[m[K,
                 from [01m[K/home/seok/automotive_software_final/src/app/autonomous_driving/src/behavior_planner_node.cpp:1[m[K:
[01m[K/usr/include/c++/11/initializer_list:90:5:[m[K [01;36m[Knote: [m[Kcandidate: ‘[01m[Ktemplate<class _Tp> constexpr const _Tp* std::begin(std::initializer_list<_Tp>)[m[K’
   90 |     [01;36m[Kbegin[m[K(initializer_list<_Tp> __ils) noexcept
      |     [01;36m[K^~~~~[m[K
[01m[K/usr/include/c++/11/initializer_list:90:5:[m[K [01;36m[Knote: [m[K  template argument deduction/substitution failed:
[01m[K/home/seok/automotive_software_final/src/app/autonomous_driving/src/behavior_planner_node.cpp:58:31:[m[K [01;36m[Knote: [m[K  ‘[01m[Kad_msgs::msg::MissionObject_<std::allocator<void> >[m[K’ is not derived from ‘[01m[Kstd::initializer_list<_Tp>[m[K’
   58 |     for (const auto &object : [01;36m[Ki_mission_state_[m[K) { // Assuming i_mission_objects_ stores all mission objects
      |                               [01;36m[K^~~~~~~~~~~~~~~~[m[K
In file included from [01m[K/usr/include/c++/11/array:41[m[K,
                 from [01m[K/usr/include/c++/11/tuple:39[m[K,
                 from [01m[K/usr/include/c++/11/mutex:38[m[K,
                 from [01m[K/home/seok/automotive_software_final/src/app/autonomous_driving/include/behavior_planner_node.hpp:5[m[K,
                 from [01m[K/home/seok/automotive_software_final/src/app/autonomous_driving/src/behavior_planner_node.cpp:1[m[K:
[01m[K/usr/include/c++/11/bits/range_access.h:51:5:[m[K [01;36m[Knote: [m[Kcandidate: ‘[01m[Ktemplate<class _Container> constexpr decltype (__cont.begin()) std::begin(_Container&)[m[K’
   51 |     [01;36m[Kbegin[m[K(_Container& __cont) -> decltype(__cont.begin())
      |     [01;36m[K^~~~~[m[K
[01m[K/usr/include/c++/11/bits/range_access.h:51:5:[m[K [01;36m[Knote: [m[K  template argument deduction/substitution failed:
/usr/include/c++/11/bits/range_access.h: In substitution of ‘[01m[Ktemplate<class _Container> constexpr decltype (__cont.begin()) std::begin(_Container&) [with _Container = ad_msgs::msg::MissionObject_<std::allocator<void> >][m[K’:
[01m[K/home/seok/automotive_software_final/src/app/autonomous_driving/src/behavior_planner_node.cpp:58:31:[m[K   required from here
[01m[K/usr/include/c++/11/bits/range_access.h:51:50:[m[K [01;31m[Kerror: [m[K‘[01m[Kstruct ad_msgs::msg::MissionObject_<std::allocator<void> >[m[K’ has no member named ‘[01m[Kbegin[m[K’
   51 |     begin(_Container& __cont) -> decltype([01;31m[K__cont.begin[m[K())
      |                                           [01;31m[K~~~~~~~^~~~~[m[K
[01m[K/usr/include/c++/11/bits/range_access.h:61:5:[m[K [01;36m[Knote: [m[Kcandidate: ‘[01m[Ktemplate<class _Container> constexpr decltype (__cont.begin()) std::begin(const _Container&)[m[K’
   61 |     [01;36m[Kbegin[m[K(const _Container& __cont) -> decltype(__cont.begin())
      |     [01;36m[K^~~~~[m[K
[01m[K/usr/include/c++/11/bits/range_access.h:61:5:[m[K [01;36m[Knote: [m[K  template argument deduction/substitution failed:
/usr/include/c++/11/bits/range_access.h: In substitution of ‘[01m[Ktemplate<class _Container> constexpr decltype (__cont.begin()) std::begin(const _Container&) [with _Container = ad_msgs::msg::MissionObject_<std::allocator<void> >][m[K’:
[01m[K/home/seok/automotive_software_final/src/app/autonomous_driving/src/behavior_planner_node.cpp:58:31:[m[K   required from here
[01m[K/usr/include/c++/11/bits/range_access.h:61:56:[m[K [01;31m[Kerror: [m[K‘[01m[Kconst struct ad_msgs::msg::MissionObject_<std::allocator<void> >[m[K’ has no member named ‘[01m[Kbegin[m[K’
   61 |     begin(const _Container& __cont) -> decltype([01;31m[K__cont.begin[m[K())
      |                                                 [01;31m[K~~~~~~~^~~~~[m[K
[01m[K/usr/include/c++/11/bits/range_access.h:90:5:[m[K [01;36m[Knote: [m[Kcandidate: ‘[01m[Ktemplate<class _Tp, long unsigned int _Nm> constexpr _Tp* std::begin(_Tp (&)[_Nm])[m[K’
   90 |     [01;36m[Kbegin[m[K(_Tp (&__arr)[_Nm]) noexcept
      |     [01;36m[K^~~~~[m[K
[01m[K/usr/include/c++/11/bits/range_access.h:90:5:[m[K [01;36m[Knote: [m[K  template argument deduction/substitution failed:
[01m[K/home/seok/automotive_software_final/src/app/autonomous_driving/src/behavior_planner_node.cpp:58:31:[m[K [01;36m[Knote: [m[K  mismatched types ‘[01m[K_Tp [_Nm][m[K’ and ‘[01m[Kad_msgs::msg::MissionObject_<std::allocator<void> >[m[K’
   58 |     for (const auto &object : [01;36m[Ki_mission_state_[m[K) { // Assuming i_mission_objects_ stores all mission objects
      |                               [01;36m[K^~~~~~~~~~~~~~~~[m[K
In file included from [01m[K/usr/include/c++/11/array:41[m[K,
                 from [01m[K/usr/include/c++/11/tuple:39[m[K,
                 from [01m[K/usr/include/c++/11/mutex:38[m[K,
                 from [01m[K/home/seok/automotive_software_final/src/app/autonomous_driving/include/behavior_planner_node.hpp:5[m[K,
                 from [01m[K/home/seok/automotive_software_final/src/app/autonomous_driving/src/behavior_planner_node.cpp:1[m[K:
[01m[K/usr/include/c++/11/bits/range_access.h:107:31:[m[K [01;36m[Knote: [m[Kcandidate: ‘[01m[Ktemplate<class _Tp> _Tp* std::begin(std::valarray<_Tp>&)[m[K’
  107 |   template<typename _Tp> _Tp* [01;36m[Kbegin[m[K(valarray<_Tp>&) noexcept;
      |                               [01;36m[K^~~~~[m[K
[01m[K/usr/include/c++/11/bits/range_access.h:107:31:[m[K [01;36m[Knote: [m[K  template argument deduction/substitution failed:
[01m[K/home/seok/automotive_software_final/src/app/autonomous_driving/src/behavior_planner_node.cpp:58:31:[m[K [01;36m[Knote: [m[K  ‘[01m[Kad_msgs::msg::MissionObject_<std::allocator<void> >[m[K’ is not derived from ‘[01m[Kstd::valarray<_Tp>[m[K’
   58 |     for (const auto &object : [01;36m[Ki_mission_state_[m[K) { // Assuming i_mission_objects_ stores all mission objects
      |                               [01;36m[K^~~~~~~~~~~~~~~~[m[K
In file included from [01m[K/usr/include/c++/11/array:41[m[K,
                 from [01m[K/usr/include/c++/11/tuple:39[m[K,
                 from [01m[K/usr/include/c++/11/mutex:38[m[K,
                 from [01m[K/home/seok/automotive_software_final/src/app/autonomous_driving/include/behavior_planner_node.hpp:5[m[K,
                 from [01m[K/home/seok/automotive_software_final/src/app/autonomous_driving/src/behavior_planner_node.cpp:1[m[K:
[01m[K/usr/include/c++/11/bits/range_access.h:108:37:[m[K [01;36m[Knote: [m[Kcandidate: ‘[01m[Ktemplate<class _Tp> const _Tp* std::begin(const std::valarray<_Tp>&)[m[K’
  108 |   template<typename _Tp> const _Tp* [01;36m[Kbegin[m[K(const valarray<_Tp>&) noexcept;
      |                                     [01;36m[K^~~~~[m[K
[01m[K/usr/include/c++/11/bits/range_access.h:108:37:[m[K [01;36m[Knote: [m[K  template argument deduction/substitution failed:
[01m[K/home/seok/automotive_software_final/src/app/autonomous_driving/src/behavior_planner_node.cpp:58:31:[m[K [01;36m[Knote: [m[K  ‘[01m[Kad_msgs::msg::MissionObject_<std::allocator<void> >[m[K’ is not derived from ‘[01m[Kconst std::valarray<_Tp>[m[K’
   58 |     for (const auto &object : [01;36m[Ki_mission_state_[m[K) { // Assuming i_mission_objects_ stores all mission objects
      |                               [01;36m[K^~~~~~~~~~~~~~~~[m[K
[01m[K/home/seok/automotive_software_final/src/app/autonomous_driving/src/behavior_planner_node.cpp:58:31:[m[K [01;31m[Kerror: [m[Kno matching function for call to ‘[01m[Kend(ad_msgs::msg::MissionObject_<std::allocator<void> >&)[m[K’
In file included from [01m[K/usr/include/c++/11/utility:76[m[K,
                 from [01m[K/usr/include/c++/11/tuple:38[m[K,
                 from [01m[K/usr/include/c++/11/mutex:38[m[K,
                 from [01m[K/home/seok/automotive_software_final/src/app/autonomous_driving/include/behavior_planner_node.hpp:5[m[K,
                 from [01m[K/home/seok/automotive_software_final/src/app/autonomous_driving/src/behavior_planner_node.cpp:1[m[K:
[01m[K/usr/include/c++/11/initializer_list:101:5:[m[K [01;36m[Knote: [m[Kcandidate: ‘[01m[Ktemplate<class _Tp> constexpr const _Tp* std::end(std::initializer_list<_Tp>)[m[K’
  101 |     [01;36m[Kend[m[K(initializer_list<_Tp> __ils) noexcept
      |     [01;36m[K^~~[m[K
[01m[K/usr/include/c++/11/initializer_list:101:5:[m[K [01;36m[Knote: [m[K  template argument deduction/substitution failed:
[01m[K/home/seok/automotive_software_final/src/app/autonomous_driving/src/behavior_planner_node.cpp:58:31:[m[K [01;36m[Knote: [m[K  ‘[01m[Kad_msgs::msg::MissionObject_<std::allocator<void> >[m[K’ is not derived from ‘[01m[Kstd::initializer_list<_Tp>[m[K’
   58 |     for (const auto &object : [01;36m[Ki_mission_state_[m[K) { // Assuming i_mission_objects_ stores all mission objects
      |                               [01;36m[K^~~~~~~~~~~~~~~~[m[K
In file included from [01m[K/usr/include/c++/11/array:41[m[K,
                 from [01m[K/usr/include/c++/11/tuple:39[m[K,
                 from [01m[K/usr/include/c++/11/mutex:38[m[K,
                 from [01m[K/home/seok/automotive_software_final/src/app/autonomous_driving/include/behavior_planner_node.hpp:5[m[K,
                 from [01m[K/home/seok/automotive_software_final/src/app/autonomous_driving/src/behavior_planner_node.cpp:1[m[K:
[01m[K/usr/include/c++/11/bits/range_access.h:71:5:[m[K [01;36m[Knote: [m[Kcandidate: ‘[01m[Ktemplate<class _Container> constexpr decltype (__cont.end()) std::end(_Container&)[m[K’
   71 |     [01;36m[Kend[m[K(_Container& __cont) -> decltype(__cont.end())
      |     [01;36m[K^~~[m[K
[01m[K/usr/include/c++/11/bits/range_access.h:71:5:[m[K [01;36m[Knote: [m[K  template argument deduction/substitution failed:
/usr/include/c++/11/bits/range_access.h: In substitution of ‘[01m[Ktemplate<class _Container> constexpr decltype (__cont.end()) std::end(_Container&) [with _Container = ad_msgs::msg::MissionObject_<std::allocator<void> >][m[K’:
[01m[K/home/seok/automotive_software_final/src/app/autonomous_driving/src/behavior_planner_node.cpp:58:31:[m[K   required from here
[01m[K/usr/include/c++/11/bits/range_access.h:71:48:[m[K [01;31m[Kerror: [m[K‘[01m[Kstruct ad_msgs::msg::MissionObject_<std::allocator<void> >[m[K’ has no member named ‘[01m[Kend[m[K’
   71 |     end(_Container& __cont) -> decltype([01;31m[K__cont.end[m[K())
      |                                         [01;31m[K~~~~~~~^~~[m[K
[01m[K/usr/include/c++/11/bits/range_access.h:81:5:[m[K [01;36m[Knote: [m[Kcandidate: ‘[01m[Ktemplate<class _Container> constexpr decltype (__cont.end()) std::end(const _Container&)[m[K’
   81 |     [01;36m[Kend[m[K(const _Container& __cont) -> decltype(__cont.end())
      |     [01;36m[K^~~[m[K
[01m[K/usr/include/c++/11/bits/range_access.h:81:5:[m[K [01;36m[Knote: [m[K  template argument deduction/substitution failed:
/usr/include/c++/11/bits/range_access.h: In substitution of ‘[01m[Ktemplate<class _Container> constexpr decltype (__cont.end()) std::end(const _Container&) [with _Container = ad_msgs::msg::MissionObject_<std::allocator<void> >][m[K’:
[01m[K/home/seok/automotive_software_final/src/app/autonomous_driving/src/behavior_planner_node.cpp:58:31:[m[K   required from here
[01m[K/usr/include/c++/11/bits/range_access.h:81:54:[m[K [01;31m[Kerror: [m[K‘[01m[Kconst struct ad_msgs::msg::MissionObject_<std::allocator<void> >[m[K’ has no member named ‘[01m[Kend[m[K’
   81 |     end(const _Container& __cont) -> decltype([01;31m[K__cont.end[m[K())
      |                                               [01;31m[K~~~~~~~^~~[m[K
[01m[K/usr/include/c++/11/bits/range_access.h:100:5:[m[K [01;36m[Knote: [m[Kcandidate: ‘[01m[Ktemplate<class _Tp, long unsigned int _Nm> constexpr _Tp* std::end(_Tp (&)[_Nm])[m[K’
  100 |     [01;36m[Kend[m[K(_Tp (&__arr)[_Nm]) noexcept
      |     [01;36m[K^~~[m[K
[01m[K/usr/include/c++/11/bits/range_access.h:100:5:[m[K [01;36m[Knote: [m[K  template argument deduction/substitution failed:
[01m[K/home/seok/automotive_software_final/src/app/autonomous_driving/src/behavior_planner_node.cpp:58:31:[m[K [01;36m[Knote: [m[K  mismatched types ‘[01m[K_Tp [_Nm][m[K’ and ‘[01m[Kad_msgs::msg::MissionObject_<std::allocator<void> >[m[K’
   58 |     for (const auto &object : [01;36m[Ki_mission_state_[m[K) { // Assuming i_mission_objects_ stores all mission objects
      |                               [01;36m[K^~~~~~~~~~~~~~~~[m[K
In file included from [01m[K/usr/include/c++/11/array:41[m[K,
                 from [01m[K/usr/include/c++/11/tuple:39[m[K,
                 from [01m[K/usr/include/c++/11/mutex:38[m[K,
                 from [01m[K/home/seok/automotive_software_final/src/app/autonomous_driving/include/behavior_planner_node.hpp:5[m[K,
                 from [01m[K/home/seok/automotive_software_final/src/app/autonomous_driving/src/behavior_planner_node.cpp:1[m[K:
[01m[K/usr/include/c++/11/bits/range_access.h:109:31:[m[K [01;36m[Knote: [m[Kcandidate: ‘[01m[Ktemplate<class _Tp> _Tp* std::end(std::valarray<_Tp>&)[m[K’
  109 |   template<typename _Tp> _Tp* [01;36m[Kend[m[K(valarray<_Tp>&) noexcept;
      |                               [01;36m[K^~~[m[K
[01m[K/usr/include/c++/11/bits/range_access.h:109:31:[m[K [01;36m[Knote: [m[K  template argument deduction/substitution failed:
[01m[K/home/seok/automotive_software_final/src/app/autonomous_driving/src/behavior_planner_node.cpp:58:31:[m[K [01;36m[Knote: [m[K  ‘[01m[Kad_msgs::msg::MissionObject_<std::allocator<void> >[m[K’ is not derived from ‘[01m[Kstd::valarray<_Tp>[m[K’
   58 |     for (const auto &object : [01;36m[Ki_mission_state_[m[K) { // Assuming i_mission_objects_ stores all mission objects
      |                               [01;36m[K^~~~~~~~~~~~~~~~[m[K
In file included from [01m[K/usr/include/c++/11/array:41[m[K,
                 from [01m[K/usr/include/c++/11/tuple:39[m[K,
                 from [01m[K/usr/include/c++/11/mutex:38[m[K,
                 from [01m[K/home/seok/automotive_software_final/src/app/autonomous_driving/include/behavior_planner_node.hpp:5[m[K,
                 from [01m[K/home/seok/automotive_software_final/src/app/autonomous_driving/src/behavior_planner_node.cpp:1[m[K:
[01m[K/usr/include/c++/11/bits/range_access.h:110:37:[m[K [01;36m[Knote: [m[Kcandidate: ‘[01m[Ktemplate<class _Tp> const _Tp* std::end(const std::valarray<_Tp>&)[m[K’
  110 |   template<typename _Tp> const _Tp* [01;36m[Kend[m[K(const valarray<_Tp>&) noexcept;
      |                                     [01;36m[K^~~[m[K
[01m[K/usr/include/c++/11/bits/range_access.h:110:37:[m[K [01;36m[Knote: [m[K  template argument deduction/substitution failed:
[01m[K/home/seok/automotive_software_final/src/app/autonomous_driving/src/behavior_planner_node.cpp:58:31:[m[K [01;36m[Knote: [m[K  ‘[01m[Kad_msgs::msg::MissionObject_<std::allocator<void> >[m[K’ is not derived from ‘[01m[Kconst std::valarray<_Tp>[m[K’
   58 |     for (const auto &object : [01;36m[Ki_mission_state_[m[K) { // Assuming i_mission_objects_ stores all mission objects
      |                               [01;36m[K^~~~~~~~~~~~~~~~[m[K
In file included from [01m[K/usr/include/x86_64-linux-gnu/c++/11/bits/c++allocator.h:33[m[K,
                 from [01m[K/usr/include/c++/11/bits/allocator.h:46[m[K,
                 from [01m[K/usr/include/c++/11/string:41[m[K,
                 from [01m[K/usr/include/c++/11/stdexcept:39[m[K,
                 from [01m[K/usr/include/c++/11/system_error:41[m[K,
                 from [01m[K/usr/include/c++/11/mutex:42[m[K,
                 from [01m[K/home/seok/automotive_software_final/src/app/autonomous_driving/include/behavior_planner_node.hpp:5[m[K,
                 from [01m[K/home/seok/automotive_software_final/src/app/autonomous_driving/src/behavior_planner_node.cpp:1[m[K:
/usr/include/c++/11/ext/new_allocator.h: In instantiation of ‘[01m[Kvoid __gnu_cxx::new_allocator<_Tp>::construct(_Up*, _Args&& ...) [with _Up = BehaviorPlannerNode; _Args = {std::__cxx11::basic_string<char, std::char_traits<char>, std::allocator<char> >&}; _Tp = BehaviorPlannerNode][m[K’:
[01m[K/usr/include/c++/11/bits/alloc_traits.h:516:17:[m[K   required from ‘[01m[Kstatic void std::allocator_traits<std::allocator<_CharT> >::construct(std::allocator_traits<std::allocator<_CharT> >::allocator_type&, _Up*, _Args&& ...) [with _Up = BehaviorPlannerNode; _Args = {std::__cxx11::basic_string<char, std::char_traits<char>, std::allocator<char> >&}; _Tp = BehaviorPlannerNode; std::allocator_traits<std::allocator<_CharT> >::allocator_type = std::allocator<BehaviorPlannerNode>][m[K’
[01m[K/usr/include/c++/11/bits/shared_ptr_base.h:519:39:[m[K   required from ‘[01m[Kstd::_Sp_counted_ptr_inplace<_Tp, _Alloc, _Lp>::_Sp_counted_ptr_inplace(_Alloc, _Args&& ...) [with _Args = {std::__cxx11::basic_string<char, std::char_traits<char>, std::allocator<char> >&}; _Tp = BehaviorPlannerNode; _Alloc = std::allocator<BehaviorPlannerNode>; __gnu_cxx::_Lock_policy _Lp = __gnu_cxx::_S_atomic][m[K’
[01m[K/usr/include/c++/11/bits/shared_ptr_base.h:650:16:[m[K   required from ‘[01m[Kstd::__shared_count<_Lp>::__shared_count(_Tp*&, std::_Sp_alloc_shared_tag<_Alloc>, _Args&& ...) [with _Tp = BehaviorPlannerNode; _Alloc = std::allocator<BehaviorPlannerNode>; _Args = {std::__cxx11::basic_string<char, std::char_traits<char>, std::allocator<char> >&}; __gnu_cxx::_Lock_policy _Lp = __gnu_cxx::_S_atomic][m[K’
[01m[K/usr/include/c++/11/bits/shared_ptr_base.h:1342:14:[m[K   required from ‘[01m[Kstd::__shared_ptr<_Tp, _Lp>::__shared_ptr(std::_Sp_alloc_shared_tag<_Tp>, _Args&& ...) [with _Alloc = std::allocator<BehaviorPlannerNode>; _Args = {std::__cxx11::basic_string<char, std::char_traits<char>, std::allocator<char> >&}; _Tp = BehaviorPlannerNode; __gnu_cxx::_Lock_policy _Lp = __gnu_cxx::_S_atomic][m[K’
[01m[K/usr/include/c++/11/bits/shared_ptr.h:409:59:[m[K   required from ‘[01m[Kstd::shared_ptr<_Tp>::shared_ptr(std::_Sp_alloc_shared_tag<_Tp>, _Args&& ...) [with _Alloc = std::allocator<BehaviorPlannerNode>; _Args = {std::__cxx11::basic_string<char, std::char_traits<char>, std::allocator<char> >&}; _Tp = BehaviorPlannerNode][m[K’
[01m[K/usr/include/c++/11/bits/shared_ptr.h:862:14:[m[K   required from ‘[01m[Kstd::shared_ptr<_Tp> std::allocate_shared(const _Alloc&, _Args&& ...) [with _Tp = BehaviorPlannerNode; _Alloc = std::allocator<BehaviorPlannerNode>; _Args = {std::__cxx11::basic_string<char, std::char_traits<char>, std::allocator<char> >&}][m[K’
[01m[K/usr/include/c++/11/bits/shared_ptr.h:878:39:[m[K   required from ‘[01m[Kstd::shared_ptr<_Tp> std::make_shared(_Args&& ...) [with _Tp = BehaviorPlannerNode; _Args = {std::__cxx11::basic_string<char, std::char_traits<char>, std::allocator<char> >&}][m[K’
[01m[K/home/seok/automotive_software_final/src/app/autonomous_driving/src/behavior_planner_node.cpp:98:55:[m[K   required from here
[01m[K/usr/include/c++/11/ext/new_allocator.h:162:11:[m[K [01;31m[Kerror: [m[Kno matching function for call to ‘[01m[KBehaviorPlannerNode::BehaviorPlannerNode(std::__cxx11::basic_string<char>&)[m[K’
  162 |         { [01;31m[K::new((void *)__p) _Up(std::forward<_Args>(__args)...)[m[K; }
      |           [01;31m[K^~~~~~~~~~~~~~~~~~~~~~~~~~~~~~~~~~~~~~~~~~~~~~~~~~~~~~[m[K
[01m[K/home/seok/automotive_software_final/src/app/autonomous_driving/src/behavior_planner_node.cpp:5:1:[m[K [01;36m[Knote: [m[Kcandidate: ‘[01m[KBehaviorPlannerNode::BehaviorPlannerNode(const string&, const double&, const rclcpp::NodeOptions&)[m[K’
    5 | [01;36m[KBehaviorPlannerNode[m[K::BehaviorPlannerNode(const std::string& node_name, const double& loop_rate,
      | [01;36m[K^~~~~~~~~~~~~~~~~~~[m[K
[01m[K/home/seok/automotive_software_final/src/app/autonomous_driving/src/behavior_planner_node.cpp:5:1:[m[K [01;36m[Knote: [m[K  candidate expects 3 arguments, 1 provided
gmake[2]: *** [CMakeFiles/behavior_planner_node.dir/build.make:76: CMakeFiles/behavior_planner_node.dir/src/behavior_planner_node.cpp.o] Error 1
gmake[1]: *** [CMakeFiles/Makefile2:193: CMakeFiles/behavior_planner_node.dir/all] Error 2
gmake: *** [Makefile:146: all] Error 2
