[0.432s] Invoking command in '/home/jeongwoo/Automotive_software_final/build/simulator': CMAKE_PREFIX_PATH=/home/jeongwoo/Automotive_software_final/install/ad_msgs:/home/jeongwoo/Automotive_software_final/install/simulator:/home/jeongwoo/Automotive_software_final/install/mission_manager:/home/jeongwoo/Automotive_software_final/install/evaluation:/home/jeongwoo/Automotive_software_final/install/autonomous_driving:/opt/ros/humble /usr/bin/cmake --build /home/jeongwoo/Automotive_software_final/build/simulator -- -j8 -l8
[1.006s] [ 28%] Built target vehicle
[1.038s] [ 71%] Built target lane_detection
[1.079s] [100%] Built target display
[1.283s] Invoked command in '/home/jeongwoo/Automotive_software_final/build/simulator' returned '0': CMAKE_PREFIX_PATH=/home/jeongwoo/Automotive_software_final/install/ad_msgs:/home/jeongwoo/Automotive_software_final/install/simulator:/home/jeongwoo/Automotive_software_final/install/mission_manager:/home/jeongwoo/Automotive_software_final/install/evaluation:/home/jeongwoo/Automotive_software_final/install/autonomous_driving:/opt/ros/humble /usr/bin/cmake --build /home/jeongwoo/Automotive_software_final/build/simulator -- -j8 -l8
[1.585s] Invoking command in '/home/jeongwoo/Automotive_software_final/build/simulator': CMAKE_PREFIX_PATH=/home/jeongwoo/Automotive_software_final/install/ad_msgs:/home/jeongwoo/Automotive_software_final/install/simulator:/home/jeongwoo/Automotive_software_final/install/mission_manager:/home/jeongwoo/Automotive_software_final/install/evaluation:/home/jeongwoo/Automotive_software_final/install/autonomous_driving:/opt/ros/humble /usr/bin/cmake --install /home/jeongwoo/Automotive_software_final/build/simulator
[1.587s] -- Install configuration: ""
[1.587s] -- Up-to-date: /home/jeongwoo/Automotive_software_final/install/simulator/lib/simulator/vehicle
[1.587s] -- Up-to-date: /home/jeongwoo/Automotive_software_final/install/simulator/lib/simulator/lane_detection
[1.588s] -- Up-to-date: /home/jeongwoo/Automotive_software_final/install/simulator/lib/simulator/display
[1.588s] -- Up-to-date: /home/jeongwoo/Automotive_software_final/install/simulator/share/simulator/launch
[1.588s] -- Up-to-date: /home/jeongwoo/Automotive_software_final/install/simulator/share/simulator/launch/simulation.launch.xml
[1.588s] -- Up-to-date: /home/jeongwoo/Automotive_software_final/install/simulator/share/ament_index/resource_index/package_run_dependencies/simulator
[1.589s] -- Up-to-date: /home/jeongwoo/Automotive_software_final/install/simulator/share/ament_index/resource_index/parent_prefix_path/simulator
[1.589s] -- Up-to-date: /home/jeongwoo/Automotive_software_final/install/simulator/share/simulator/environment/ament_prefix_path.sh
[1.589s] -- Up-to-date: /home/jeongwoo/Automotive_software_final/install/simulator/share/simulator/environment/ament_prefix_path.dsv
[1.589s] -- Up-to-date: /home/jeongwoo/Automotive_software_final/install/simulator/share/simulator/environment/path.sh
[1.590s] -- Up-to-date: /home/jeongwoo/Automotive_software_final/install/simulator/share/simulator/environment/path.dsv
[1.590s] -- Up-to-date: /home/jeongwoo/Automotive_software_final/install/simulator/share/simulator/local_setup.bash
[1.590s] -- Up-to-date: /home/jeongwoo/Automotive_software_final/install/simulator/share/simulator/local_setup.sh
[1.590s] -- Up-to-date: /home/jeongwoo/Automotive_software_final/install/simulator/share/simulator/local_setup.zsh
[1.591s] -- Up-to-date: /home/jeongwoo/Automotive_software_final/install/simulator/share/simulator/local_setup.dsv
[1.591s] -- Installing: /home/jeongwoo/Automotive_software_final/install/simulator/share/simulator/package.dsv
[1.591s] -- Up-to-date: /home/jeongwoo/Automotive_software_final/install/simulator/share/ament_index/resource_index/packages/simulator
[1.591s] -- Up-to-date: /home/jeongwoo/Automotive_software_final/install/simulator/share/simulator/cmake/simulatorConfig.cmake
[1.592s] -- Up-to-date: /home/jeongwoo/Automotive_software_final/install/simulator/share/simulator/cmake/simulatorConfig-version.cmake
[1.592s] -- Up-to-date: /home/jeongwoo/Automotive_software_final/install/simulator/share/simulator/package.xml
[1.613s] Invoked command in '/home/jeongwoo/Automotive_software_final/build/simulator' returned '0': CMAKE_PREFIX_PATH=/home/jeongwoo/Automotive_software_final/install/ad_msgs:/home/jeongwoo/Automotive_software_final/install/simulator:/home/jeongwoo/Automotive_software_final/install/mission_manager:/home/jeongwoo/Automotive_software_final/install/evaluation:/home/jeongwoo/Automotive_software_final/install/autonomous_driving:/opt/ros/humble /usr/bin/cmake --install /home/jeongwoo/Automotive_software_final/build/simulator
