[0.129s] Invoking command in '/home/jeongwoo/Automotive_software_final/build/autonomous_driving': CMAKE_PREFIX_PATH=/home/jeongwoo/Automotive_software_final/install/ad_msgs:/home/jeongwoo/Automotive_software_final/install/simulator:/home/jeongwoo/Automotive_software_final/install/mission_manager:/home/jeongwoo/Automotive_software_final/install/evaluation:/home/jeongwoo/Automotive_software_final/install/autonomous_driving:/opt/ros/humble /usr/bin/cmake --build /home/jeongwoo/Automotive_software_final/build/autonomous_driving -- -j8 -l8
[0.210s] [35m[1mConsolidate compiler generated dependencies of target driving_way_node[0m
[0.234s] [ 33%] Built target behavior_planner_node
[0.259s] [ 66%] Built target driving_way_node
[0.269s] [100%] Built target autonomous_driving_node
[0.300s] Invoked command in '/home/jeongwoo/Automotive_software_final/build/autonomous_driving' returned '0': CMAKE_PREFIX_PATH=/home/jeongwoo/Automotive_software_final/install/ad_msgs:/home/jeongwoo/Automotive_software_final/install/simulator:/home/jeongwoo/Automotive_software_final/install/mission_manager:/home/jeongwoo/Automotive_software_final/install/evaluation:/home/jeongwoo/Automotive_software_final/install/autonomous_driving:/opt/ros/humble /usr/bin/cmake --build /home/jeongwoo/Automotive_software_final/build/autonomous_driving -- -j8 -l8
[0.409s] Invoking command in '/home/jeongwoo/Automotive_software_final/build/autonomous_driving': CMAKE_PREFIX_PATH=/home/jeongwoo/Automotive_software_final/install/ad_msgs:/home/jeongwoo/Automotive_software_final/install/simulator:/home/jeongwoo/Automotive_software_final/install/mission_manager:/home/jeongwoo/Automotive_software_final/install/evaluation:/home/jeongwoo/Automotive_software_final/install/autonomous_driving:/opt/ros/humble /usr/bin/cmake --install /home/jeongwoo/Automotive_software_final/build/autonomous_driving
[0.433s] -- Install configuration: ""
[0.436s] -- Up-to-date: /home/jeongwoo/Automotive_software_final/install/autonomous_driving/lib/autonomous_driving/autonomous_driving_node
[0.436s] -- Up-to-date: /home/jeongwoo/Automotive_software_final/install/autonomous_driving/lib/autonomous_driving/driving_way_node
[0.436s] -- Up-to-date: /home/jeongwoo/Automotive_software_final/install/autonomous_driving/lib/autonomous_driving/behavior_planner_node
[0.437s] -- Up-to-date: /home/jeongwoo/Automotive_software_final/install/autonomous_driving/share/autonomous_driving/launch
[0.437s] -- Up-to-date: /home/jeongwoo/Automotive_software_final/install/autonomous_driving/share/autonomous_driving/launch/manual_driving.launch.xml
[0.437s] -- Installing: /home/jeongwoo/Automotive_software_final/install/autonomous_driving/share/autonomous_driving/launch/autonomous_driving.launch.xml
[0.437s] -- Up-to-date: /home/jeongwoo/Automotive_software_final/install/autonomous_driving/lib/autonomous_driving/simultaneous_inputs.py
[0.437s] -- Up-to-date: /home/jeongwoo/Automotive_software_final/install/autonomous_driving/share/ament_index/resource_index/package_run_dependencies/autonomous_driving
[0.438s] -- Up-to-date: /home/jeongwoo/Automotive_software_final/install/autonomous_driving/share/ament_index/resource_index/parent_prefix_path/autonomous_driving
[0.444s] -- Up-to-date: /home/jeongwoo/Automotive_software_final/install/autonomous_driving/share/autonomous_driving/environment/ament_prefix_path.sh
[0.445s] -- Up-to-date: /home/jeongwoo/Automotive_software_final/install/autonomous_driving/share/autonomous_driving/environment/ament_prefix_path.dsv
[0.445s] -- Up-to-date: /home/jeongwoo/Automotive_software_final/install/autonomous_driving/share/autonomous_driving/environment/path.sh
[0.445s] -- Up-to-date: /home/jeongwoo/Automotive_software_final/install/autonomous_driving/share/autonomous_driving/environment/path.dsv
[0.445s] -- Up-to-date: /home/jeongwoo/Automotive_software_final/install/autonomous_driving/share/autonomous_driving/local_setup.bash
[0.445s] -- Up-to-date: /home/jeongwoo/Automotive_software_final/install/autonomous_driving/share/autonomous_driving/local_setup.sh
[0.446s] -- Up-to-date: /home/jeongwoo/Automotive_software_final/install/autonomous_driving/share/autonomous_driving/local_setup.zsh
[0.446s] -- Up-to-date: /home/jeongwoo/Automotive_software_final/install/autonomous_driving/share/autonomous_driving/local_setup.dsv
[0.446s] -- Installing: /home/jeongwoo/Automotive_software_final/install/autonomous_driving/share/autonomous_driving/package.dsv
[0.446s] -- Up-to-date: /home/jeongwoo/Automotive_software_final/install/autonomous_driving/share/ament_index/resource_index/packages/autonomous_driving
[0.448s] -- Up-to-date: /home/jeongwoo/Automotive_software_final/install/autonomous_driving/share/autonomous_driving/cmake/autonomous_drivingConfig.cmake
[0.449s] -- Up-to-date: /home/jeongwoo/Automotive_software_final/install/autonomous_driving/share/autonomous_driving/cmake/autonomous_drivingConfig-version.cmake
[0.449s] -- Up-to-date: /home/jeongwoo/Automotive_software_final/install/autonomous_driving/share/autonomous_driving/package.xml
[0.452s] Invoked command in '/home/jeongwoo/Automotive_software_final/build/autonomous_driving' returned '0': CMAKE_PREFIX_PATH=/home/jeongwoo/Automotive_software_final/install/ad_msgs:/home/jeongwoo/Automotive_software_final/install/simulator:/home/jeongwoo/Automotive_software_final/install/mission_manager:/home/jeongwoo/Automotive_software_final/install/evaluation:/home/jeongwoo/Automotive_software_final/install/autonomous_driving:/opt/ros/humble /usr/bin/cmake --install /home/jeongwoo/Automotive_software_final/build/autonomous_driving
