[0.260s] Invoking command in '/home/jeongwoo/Automotive_software_final/build/autonomous_driving': CMAKE_PREFIX_PATH=/home/jeongwoo/Automotive_software_final/install/ad_msgs:/home/jeongwoo/automotive_software_final2/install/simulator:/home/jeongwoo/automotive_software_final2/install/mission_manager:/home/jeongwoo/automotive_software_final2/install/evaluation:/home/jeongwoo/automotive_software_final2/install/autonomous_driving:/home/jeongwoo/automotive_software_final2/install/ad_msgs:/home/jeongwoo/Automotive_software_final/install/simulator:/home/jeongwoo/Automotive_software_final/install/mission_manager:/home/jeongwoo/Automotive_software_final/install/evaluation:/home/jeongwoo/Automotive_software_final/install/autonomous_driving:/opt/ros/humble LD_LIBRARY_PATH=/home/jeongwoo/Automotive_software_final/install/ad_msgs/lib:/home/jeongwoo/automotive_software_final2/install/ad_msgs/lib:/opt/ros/humble/opt/rviz_ogre_vendor/lib:/opt/ros/humble/lib/x86_64-linux-gnu:/opt/ros/humble/lib /usr/bin/cmake --build /home/jeongwoo/Automotive_software_final/build/autonomous_driving -- -j8 -l8
[0.547s] [ 33%] Built target behavior_planner_node
[0.576s] [ 66%] Built target autonomous_driving_node
[0.593s] [100%] Built target driving_way_node
[0.616s] Invoked command in '/home/jeongwoo/Automotive_software_final/build/autonomous_driving' returned '0': CMAKE_PREFIX_PATH=/home/jeongwoo/Automotive_software_final/install/ad_msgs:/home/jeongwoo/automotive_software_final2/install/simulator:/home/jeongwoo/automotive_software_final2/install/mission_manager:/home/jeongwoo/automotive_software_final2/install/evaluation:/home/jeongwoo/automotive_software_final2/install/autonomous_driving:/home/jeongwoo/automotive_software_final2/install/ad_msgs:/home/jeongwoo/Automotive_software_final/install/simulator:/home/jeongwoo/Automotive_software_final/install/mission_manager:/home/jeongwoo/Automotive_software_final/install/evaluation:/home/jeongwoo/Automotive_software_final/install/autonomous_driving:/opt/ros/humble LD_LIBRARY_PATH=/home/jeongwoo/Automotive_software_final/install/ad_msgs/lib:/home/jeongwoo/automotive_software_final2/install/ad_msgs/lib:/opt/ros/humble/opt/rviz_ogre_vendor/lib:/opt/ros/humble/lib/x86_64-linux-gnu:/opt/ros/humble/lib /usr/bin/cmake --build /home/jeongwoo/Automotive_software_final/build/autonomous_driving -- -j8 -l8
[0.710s] Invoking command in '/home/jeongwoo/Automotive_software_final/build/autonomous_driving': CMAKE_PREFIX_PATH=/home/jeongwoo/Automotive_software_final/install/ad_msgs:/home/jeongwoo/automotive_software_final2/install/simulator:/home/jeongwoo/automotive_software_final2/install/mission_manager:/home/jeongwoo/automotive_software_final2/install/evaluation:/home/jeongwoo/automotive_software_final2/install/autonomous_driving:/home/jeongwoo/automotive_software_final2/install/ad_msgs:/home/jeongwoo/Automotive_software_final/install/simulator:/home/jeongwoo/Automotive_software_final/install/mission_manager:/home/jeongwoo/Automotive_software_final/install/evaluation:/home/jeongwoo/Automotive_software_final/install/autonomous_driving:/opt/ros/humble LD_LIBRARY_PATH=/home/jeongwoo/Automotive_software_final/install/ad_msgs/lib:/home/jeongwoo/automotive_software_final2/install/ad_msgs/lib:/opt/ros/humble/opt/rviz_ogre_vendor/lib:/opt/ros/humble/lib/x86_64-linux-gnu:/opt/ros/humble/lib /usr/bin/cmake --install /home/jeongwoo/Automotive_software_final/build/autonomous_driving
[0.722s] -- Install configuration: ""
[0.724s] -- Execute custom install script
[0.727s] -- Up-to-date symlink: /home/jeongwoo/Automotive_software_final/install/autonomous_driving/lib/autonomous_driving/autonomous_driving_node
[0.729s] -- Up-to-date symlink: /home/jeongwoo/Automotive_software_final/install/autonomous_driving/lib/autonomous_driving/driving_way_node
[0.736s] -- Up-to-date symlink: /home/jeongwoo/Automotive_software_final/install/autonomous_driving/lib/autonomous_driving/behavior_planner_node
[0.737s] -- Up-to-date symlink: /home/jeongwoo/Automotive_software_final/install/autonomous_driving/share/autonomous_driving/launch/autonomous_driving.launch.xml
[0.737s] -- Up-to-date symlink: /home/jeongwoo/Automotive_software_final/install/autonomous_driving/share/autonomous_driving/launch/manual_driving.launch.xml
[0.738s] -- Up-to-date symlink: /home/jeongwoo/Automotive_software_final/install/autonomous_driving/lib/autonomous_driving/simultaneous_inputs.py
[0.743s] -- Up-to-date symlink: /home/jeongwoo/Automotive_software_final/install/autonomous_driving/share/ament_index/resource_index/package_run_dependencies/autonomous_driving
[0.746s] -- Up-to-date symlink: /home/jeongwoo/Automotive_software_final/install/autonomous_driving/share/ament_index/resource_index/parent_prefix_path/autonomous_driving
[0.747s] -- Up-to-date symlink: /home/jeongwoo/Automotive_software_final/install/autonomous_driving/share/autonomous_driving/environment/ament_prefix_path.sh
[0.747s] -- Up-to-date symlink: /home/jeongwoo/Automotive_software_final/install/autonomous_driving/share/autonomous_driving/environment/ament_prefix_path.dsv
[0.747s] -- Up-to-date symlink: /home/jeongwoo/Automotive_software_final/install/autonomous_driving/share/autonomous_driving/environment/path.sh
[0.751s] -- Up-to-date symlink: /home/jeongwoo/Automotive_software_final/install/autonomous_driving/share/autonomous_driving/environment/path.dsv
[0.751s] -- Up-to-date symlink: /home/jeongwoo/Automotive_software_final/install/autonomous_driving/share/autonomous_driving/local_setup.bash
[0.752s] -- Up-to-date symlink: /home/jeongwoo/Automotive_software_final/install/autonomous_driving/share/autonomous_driving/local_setup.sh
[0.753s] -- Up-to-date symlink: /home/jeongwoo/Automotive_software_final/install/autonomous_driving/share/autonomous_driving/local_setup.zsh
[0.753s] -- Up-to-date symlink: /home/jeongwoo/Automotive_software_final/install/autonomous_driving/share/autonomous_driving/local_setup.dsv
[0.753s] -- Symlinking: /home/jeongwoo/Automotive_software_final/install/autonomous_driving/share/autonomous_driving/package.dsv
[0.792s] -- Up-to-date symlink: /home/jeongwoo/Automotive_software_final/install/autonomous_driving/share/ament_index/resource_index/packages/autonomous_driving
[0.792s] -- Up-to-date symlink: /home/jeongwoo/Automotive_software_final/install/autonomous_driving/share/autonomous_driving/cmake/autonomous_drivingConfig.cmake
[0.793s] -- Up-to-date symlink: /home/jeongwoo/Automotive_software_final/install/autonomous_driving/share/autonomous_driving/cmake/autonomous_drivingConfig-version.cmake
[0.794s] -- Up-to-date symlink: /home/jeongwoo/Automotive_software_final/install/autonomous_driving/share/autonomous_driving/package.xml
[0.796s] Invoked command in '/home/jeongwoo/Automotive_software_final/build/autonomous_driving' returned '0': CMAKE_PREFIX_PATH=/home/jeongwoo/Automotive_software_final/install/ad_msgs:/home/jeongwoo/automotive_software_final2/install/simulator:/home/jeongwoo/automotive_software_final2/install/mission_manager:/home/jeongwoo/automotive_software_final2/install/evaluation:/home/jeongwoo/automotive_software_final2/install/autonomous_driving:/home/jeongwoo/automotive_software_final2/install/ad_msgs:/home/jeongwoo/Automotive_software_final/install/simulator:/home/jeongwoo/Automotive_software_final/install/mission_manager:/home/jeongwoo/Automotive_software_final/install/evaluation:/home/jeongwoo/Automotive_software_final/install/autonomous_driving:/opt/ros/humble LD_LIBRARY_PATH=/home/jeongwoo/Automotive_software_final/install/ad_msgs/lib:/home/jeongwoo/automotive_software_final2/install/ad_msgs/lib:/opt/ros/humble/opt/rviz_ogre_vendor/lib:/opt/ros/humble/lib/x86_64-linux-gnu:/opt/ros/humble/lib /usr/bin/cmake --install /home/jeongwoo/Automotive_software_final/build/autonomous_driving
