[0.484s] DEBUG:colcon:Command line arguments: ['/usr/bin/colcon', 'build']
[0.485s] DEBUG:colcon:Parsed command line arguments: Namespace(log_base=None, log_level=None, verb_name='build', build_base='build', install_base='install', merge_install=False, symlink_install=False, test_result_base=None, continue_on_error=False, executor='parallel', parallel_workers=8, event_handlers=None, ignore_user_meta=False, metas=['./colcon.meta'], base_paths=['.'], packages_ignore=None, packages_ignore_regex=None, paths=None, packages_up_to=None, packages_up_to_regex=None, packages_above=None, packages_above_and_dependencies=None, packages_above_depth=None, packages_select_by_dep=None, packages_skip_by_dep=None, packages_skip_up_to=None, packages_select_build_failed=False, packages_skip_build_finished=False, packages_select_test_failures=False, packages_skip_test_passed=False, packages_select=None, packages_skip=None, packages_select_regex=None, packages_skip_regex=None, packages_start=None, packages_end=None, allow_overriding=[], cmake_args=None, cmake_target=None, cmake_target_skip_unavailable=False, cmake_clean_cache=False, cmake_clean_first=False, cmake_force_configure=False, ament_cmake_args=None, catkin_cmake_args=None, catkin_skip_building_tests=False, mixin_files=None, mixin=None, verb_parser=<colcon_mixin.mixin.mixin_argument.MixinArgumentDecorator object at 0x7fd4db4de410>, verb_extension=<colcon_core.verb.build.BuildVerb object at 0x7fd4db647df0>, main=<bound method BuildVerb.main of <colcon_core.verb.build.BuildVerb object at 0x7fd4db647df0>>, mixin_verb=('build',))
[0.803s] Level 1:colcon.colcon_core.package_discovery:discover_packages(colcon_meta) check parameters
[0.804s] Level 1:colcon.colcon_core.package_discovery:discover_packages(recursive) check parameters
[0.804s] Level 1:colcon.colcon_core.package_discovery:discover_packages(ignore) check parameters
[0.804s] Level 1:colcon.colcon_core.package_discovery:discover_packages(path) check parameters
[0.804s] Level 1:colcon.colcon_core.package_discovery:discover_packages(colcon_meta) discover
[0.804s] Level 1:colcon.colcon_core.package_discovery:discover_packages(recursive) discover
[0.804s] INFO:colcon.colcon_core.package_discovery:Crawling recursively for packages in '/home/seok/automotive_software_final'
[0.804s] Level 1:colcon.colcon_core.package_identification:_identify(.) by extensions ['ignore', 'ignore_ament_install']
[0.804s] Level 1:colcon.colcon_core.package_identification:_identify(.) by extension 'ignore'
[0.804s] Level 1:colcon.colcon_core.package_identification:_identify(.) by extension 'ignore_ament_install'
[0.804s] Level 1:colcon.colcon_core.package_identification:_identify(.) by extensions ['colcon_pkg']
[0.804s] Level 1:colcon.colcon_core.package_identification:_identify(.) by extension 'colcon_pkg'
[0.804s] Level 1:colcon.colcon_core.package_identification:_identify(.) by extensions ['colcon_meta']
[0.804s] Level 1:colcon.colcon_core.package_identification:_identify(.) by extension 'colcon_meta'
[0.805s] Level 1:colcon.colcon_core.package_identification:_identify(.) by extensions ['ros']
[0.805s] Level 1:colcon.colcon_core.package_identification:_identify(.) by extension 'ros'
[0.822s] Level 1:colcon.colcon_core.package_identification:_identify(.) by extensions ['cmake', 'python']
[0.823s] Level 1:colcon.colcon_core.package_identification:_identify(.) by extension 'cmake'
[0.823s] Level 1:colcon.colcon_core.package_identification:_identify(.) by extension 'python'
[0.823s] Level 1:colcon.colcon_core.package_identification:_identify(.) by extensions ['python_setup_py']
[0.823s] Level 1:colcon.colcon_core.package_identification:_identify(.) by extension 'python_setup_py'
[0.823s] Level 1:colcon.colcon_core.package_identification:_identify(build) by extensions ['ignore', 'ignore_ament_install']
[0.823s] Level 1:colcon.colcon_core.package_identification:_identify(build) by extension 'ignore'
[0.823s] Level 1:colcon.colcon_core.package_identification:_identify(build) ignored
[0.823s] Level 1:colcon.colcon_core.package_identification:_identify(install) by extensions ['ignore', 'ignore_ament_install']
[0.823s] Level 1:colcon.colcon_core.package_identification:_identify(install) by extension 'ignore'
[0.823s] Level 1:colcon.colcon_core.package_identification:_identify(install) ignored
[0.823s] Level 1:colcon.colcon_core.package_identification:_identify(log) by extensions ['ignore', 'ignore_ament_install']
[0.823s] Level 1:colcon.colcon_core.package_identification:_identify(log) by extension 'ignore'
[0.823s] Level 1:colcon.colcon_core.package_identification:_identify(log) ignored
[0.824s] Level 1:colcon.colcon_core.package_identification:_identify(resources) by extensions ['ignore', 'ignore_ament_install']
[0.824s] Level 1:colcon.colcon_core.package_identification:_identify(resources) by extension 'ignore'
[0.824s] Level 1:colcon.colcon_core.package_identification:_identify(resources) by extension 'ignore_ament_install'
[0.824s] Level 1:colcon.colcon_core.package_identification:_identify(resources) by extensions ['colcon_pkg']
[0.824s] Level 1:colcon.colcon_core.package_identification:_identify(resources) by extension 'colcon_pkg'
[0.824s] Level 1:colcon.colcon_core.package_identification:_identify(resources) by extensions ['colcon_meta']
[0.824s] Level 1:colcon.colcon_core.package_identification:_identify(resources) by extension 'colcon_meta'
[0.824s] Level 1:colcon.colcon_core.package_identification:_identify(resources) by extensions ['ros']
[0.824s] Level 1:colcon.colcon_core.package_identification:_identify(resources) by extension 'ros'
[0.824s] Level 1:colcon.colcon_core.package_identification:_identify(resources) by extensions ['cmake', 'python']
[0.824s] Level 1:colcon.colcon_core.package_identification:_identify(resources) by extension 'cmake'
[0.824s] Level 1:colcon.colcon_core.package_identification:_identify(resources) by extension 'python'
[0.824s] Level 1:colcon.colcon_core.package_identification:_identify(resources) by extensions ['python_setup_py']
[0.824s] Level 1:colcon.colcon_core.package_identification:_identify(resources) by extension 'python_setup_py'
[0.824s] Level 1:colcon.colcon_core.package_identification:_identify(resources/csv) by extensions ['ignore', 'ignore_ament_install']
[0.824s] Level 1:colcon.colcon_core.package_identification:_identify(resources/csv) by extension 'ignore'
[0.824s] Level 1:colcon.colcon_core.package_identification:_identify(resources/csv) by extension 'ignore_ament_install'
[0.824s] Level 1:colcon.colcon_core.package_identification:_identify(resources/csv) by extensions ['colcon_pkg']
[0.824s] Level 1:colcon.colcon_core.package_identification:_identify(resources/csv) by extension 'colcon_pkg'
[0.824s] Level 1:colcon.colcon_core.package_identification:_identify(resources/csv) by extensions ['colcon_meta']
[0.825s] Level 1:colcon.colcon_core.package_identification:_identify(resources/csv) by extension 'colcon_meta'
[0.825s] Level 1:colcon.colcon_core.package_identification:_identify(resources/csv) by extensions ['ros']
[0.825s] Level 1:colcon.colcon_core.package_identification:_identify(resources/csv) by extension 'ros'
[0.825s] Level 1:colcon.colcon_core.package_identification:_identify(resources/csv) by extensions ['cmake', 'python']
[0.825s] Level 1:colcon.colcon_core.package_identification:_identify(resources/csv) by extension 'cmake'
[0.825s] Level 1:colcon.colcon_core.package_identification:_identify(resources/csv) by extension 'python'
[0.825s] Level 1:colcon.colcon_core.package_identification:_identify(resources/csv) by extensions ['python_setup_py']
[0.825s] Level 1:colcon.colcon_core.package_identification:_identify(resources/csv) by extension 'python_setup_py'
[0.825s] Level 1:colcon.colcon_core.package_identification:_identify(resources/csv/evaluation_lane) by extensions ['ignore', 'ignore_ament_install']
[0.825s] Level 1:colcon.colcon_core.package_identification:_identify(resources/csv/evaluation_lane) by extension 'ignore'
[0.825s] Level 1:colcon.colcon_core.package_identification:_identify(resources/csv/evaluation_lane) by extension 'ignore_ament_install'
[0.825s] Level 1:colcon.colcon_core.package_identification:_identify(resources/csv/evaluation_lane) by extensions ['colcon_pkg']
[0.825s] Level 1:colcon.colcon_core.package_identification:_identify(resources/csv/evaluation_lane) by extension 'colcon_pkg'
[0.825s] Level 1:colcon.colcon_core.package_identification:_identify(resources/csv/evaluation_lane) by extensions ['colcon_meta']
[0.825s] Level 1:colcon.colcon_core.package_identification:_identify(resources/csv/evaluation_lane) by extension 'colcon_meta'
[0.825s] Level 1:colcon.colcon_core.package_identification:_identify(resources/csv/evaluation_lane) by extensions ['ros']
[0.825s] Level 1:colcon.colcon_core.package_identification:_identify(resources/csv/evaluation_lane) by extension 'ros'
[0.825s] Level 1:colcon.colcon_core.package_identification:_identify(resources/csv/evaluation_lane) by extensions ['cmake', 'python']
[0.826s] Level 1:colcon.colcon_core.package_identification:_identify(resources/csv/evaluation_lane) by extension 'cmake'
[0.826s] Level 1:colcon.colcon_core.package_identification:_identify(resources/csv/evaluation_lane) by extension 'python'
[0.826s] Level 1:colcon.colcon_core.package_identification:_identify(resources/csv/evaluation_lane) by extensions ['python_setup_py']
[0.826s] Level 1:colcon.colcon_core.package_identification:_identify(resources/csv/evaluation_lane) by extension 'python_setup_py'
[0.826s] Level 1:colcon.colcon_core.package_identification:_identify(resources/csv/simulation_lane) by extensions ['ignore', 'ignore_ament_install']
[0.826s] Level 1:colcon.colcon_core.package_identification:_identify(resources/csv/simulation_lane) by extension 'ignore'
[0.826s] Level 1:colcon.colcon_core.package_identification:_identify(resources/csv/simulation_lane) by extension 'ignore_ament_install'
[0.826s] Level 1:colcon.colcon_core.package_identification:_identify(resources/csv/simulation_lane) by extensions ['colcon_pkg']
[0.826s] Level 1:colcon.colcon_core.package_identification:_identify(resources/csv/simulation_lane) by extension 'colcon_pkg'
[0.826s] Level 1:colcon.colcon_core.package_identification:_identify(resources/csv/simulation_lane) by extensions ['colcon_meta']
[0.826s] Level 1:colcon.colcon_core.package_identification:_identify(resources/csv/simulation_lane) by extension 'colcon_meta'
[0.826s] Level 1:colcon.colcon_core.package_identification:_identify(resources/csv/simulation_lane) by extensions ['ros']
[0.826s] Level 1:colcon.colcon_core.package_identification:_identify(resources/csv/simulation_lane) by extension 'ros'
[0.827s] Level 1:colcon.colcon_core.package_identification:_identify(resources/csv/simulation_lane) by extensions ['cmake', 'python']
[0.827s] Level 1:colcon.colcon_core.package_identification:_identify(resources/csv/simulation_lane) by extension 'cmake'
[0.827s] Level 1:colcon.colcon_core.package_identification:_identify(resources/csv/simulation_lane) by extension 'python'
[0.827s] Level 1:colcon.colcon_core.package_identification:_identify(resources/csv/simulation_lane) by extensions ['python_setup_py']
[0.827s] Level 1:colcon.colcon_core.package_identification:_identify(resources/csv/simulation_lane) by extension 'python_setup_py'
[0.827s] Level 1:colcon.colcon_core.package_identification:_identify(resources/meshes) by extensions ['ignore', 'ignore_ament_install']
[0.828s] Level 1:colcon.colcon_core.package_identification:_identify(resources/meshes) by extension 'ignore'
[0.828s] Level 1:colcon.colcon_core.package_identification:_identify(resources/meshes) by extension 'ignore_ament_install'
[0.828s] Level 1:colcon.colcon_core.package_identification:_identify(resources/meshes) by extensions ['colcon_pkg']
[0.828s] Level 1:colcon.colcon_core.package_identification:_identify(resources/meshes) by extension 'colcon_pkg'
[0.828s] Level 1:colcon.colcon_core.package_identification:_identify(resources/meshes) by extensions ['colcon_meta']
[0.828s] Level 1:colcon.colcon_core.package_identification:_identify(resources/meshes) by extension 'colcon_meta'
[0.828s] Level 1:colcon.colcon_core.package_identification:_identify(resources/meshes) by extensions ['ros']
[0.828s] Level 1:colcon.colcon_core.package_identification:_identify(resources/meshes) by extension 'ros'
[0.828s] Level 1:colcon.colcon_core.package_identification:_identify(resources/meshes) by extensions ['cmake', 'python']
[0.829s] Level 1:colcon.colcon_core.package_identification:_identify(resources/meshes) by extension 'cmake'
[0.829s] Level 1:colcon.colcon_core.package_identification:_identify(resources/meshes) by extension 'python'
[0.829s] Level 1:colcon.colcon_core.package_identification:_identify(resources/meshes) by extensions ['python_setup_py']
[0.829s] Level 1:colcon.colcon_core.package_identification:_identify(resources/meshes) by extension 'python_setup_py'
[0.829s] Level 1:colcon.colcon_core.package_identification:_identify(resources/rviz) by extensions ['ignore', 'ignore_ament_install']
[0.829s] Level 1:colcon.colcon_core.package_identification:_identify(resources/rviz) by extension 'ignore'
[0.829s] Level 1:colcon.colcon_core.package_identification:_identify(resources/rviz) by extension 'ignore_ament_install'
[0.829s] Level 1:colcon.colcon_core.package_identification:_identify(resources/rviz) by extensions ['colcon_pkg']
[0.829s] Level 1:colcon.colcon_core.package_identification:_identify(resources/rviz) by extension 'colcon_pkg'
[0.829s] Level 1:colcon.colcon_core.package_identification:_identify(resources/rviz) by extensions ['colcon_meta']
[0.829s] Level 1:colcon.colcon_core.package_identification:_identify(resources/rviz) by extension 'colcon_meta'
[0.829s] Level 1:colcon.colcon_core.package_identification:_identify(resources/rviz) by extensions ['ros']
[0.829s] Level 1:colcon.colcon_core.package_identification:_identify(resources/rviz) by extension 'ros'
[0.829s] Level 1:colcon.colcon_core.package_identification:_identify(resources/rviz) by extensions ['cmake', 'python']
[0.829s] Level 1:colcon.colcon_core.package_identification:_identify(resources/rviz) by extension 'cmake'
[0.829s] Level 1:colcon.colcon_core.package_identification:_identify(resources/rviz) by extension 'python'
[0.829s] Level 1:colcon.colcon_core.package_identification:_identify(resources/rviz) by extensions ['python_setup_py']
[0.829s] Level 1:colcon.colcon_core.package_identification:_identify(resources/rviz) by extension 'python_setup_py'
[0.830s] Level 1:colcon.colcon_core.package_identification:_identify(src) by extensions ['ignore', 'ignore_ament_install']
[0.830s] Level 1:colcon.colcon_core.package_identification:_identify(src) by extension 'ignore'
[0.830s] Level 1:colcon.colcon_core.package_identification:_identify(src) by extension 'ignore_ament_install'
[0.830s] Level 1:colcon.colcon_core.package_identification:_identify(src) by extensions ['colcon_pkg']
[0.830s] Level 1:colcon.colcon_core.package_identification:_identify(src) by extension 'colcon_pkg'
[0.830s] Level 1:colcon.colcon_core.package_identification:_identify(src) by extensions ['colcon_meta']
[0.830s] Level 1:colcon.colcon_core.package_identification:_identify(src) by extension 'colcon_meta'
[0.830s] Level 1:colcon.colcon_core.package_identification:_identify(src) by extensions ['ros']
[0.830s] Level 1:colcon.colcon_core.package_identification:_identify(src) by extension 'ros'
[0.830s] Level 1:colcon.colcon_core.package_identification:_identify(src) by extensions ['cmake', 'python']
[0.830s] Level 1:colcon.colcon_core.package_identification:_identify(src) by extension 'cmake'
[0.831s] Level 1:colcon.colcon_core.package_identification:_identify(src) by extension 'python'
[0.831s] Level 1:colcon.colcon_core.package_identification:_identify(src) by extensions ['python_setup_py']
[0.831s] Level 1:colcon.colcon_core.package_identification:_identify(src) by extension 'python_setup_py'
[0.831s] Level 1:colcon.colcon_core.package_identification:_identify(src/app) by extensions ['ignore', 'ignore_ament_install']
[0.831s] Level 1:colcon.colcon_core.package_identification:_identify(src/app) by extension 'ignore'
[0.831s] Level 1:colcon.colcon_core.package_identification:_identify(src/app) by extension 'ignore_ament_install'
[0.831s] Level 1:colcon.colcon_core.package_identification:_identify(src/app) by extensions ['colcon_pkg']
[0.831s] Level 1:colcon.colcon_core.package_identification:_identify(src/app) by extension 'colcon_pkg'
[0.831s] Level 1:colcon.colcon_core.package_identification:_identify(src/app) by extensions ['colcon_meta']
[0.831s] Level 1:colcon.colcon_core.package_identification:_identify(src/app) by extension 'colcon_meta'
[0.831s] Level 1:colcon.colcon_core.package_identification:_identify(src/app) by extensions ['ros']
[0.831s] Level 1:colcon.colcon_core.package_identification:_identify(src/app) by extension 'ros'
[0.832s] Level 1:colcon.colcon_core.package_identification:_identify(src/app) by extensions ['cmake', 'python']
[0.832s] Level 1:colcon.colcon_core.package_identification:_identify(src/app) by extension 'cmake'
[0.832s] Level 1:colcon.colcon_core.package_identification:_identify(src/app) by extension 'python'
[0.832s] Level 1:colcon.colcon_core.package_identification:_identify(src/app) by extensions ['python_setup_py']
[0.832s] Level 1:colcon.colcon_core.package_identification:_identify(src/app) by extension 'python_setup_py'
[0.832s] Level 1:colcon.colcon_core.package_identification:_identify(src/app/autonomous_driving) by extensions ['ignore', 'ignore_ament_install']
[0.832s] Level 1:colcon.colcon_core.package_identification:_identify(src/app/autonomous_driving) by extension 'ignore'
[0.832s] Level 1:colcon.colcon_core.package_identification:_identify(src/app/autonomous_driving) by extension 'ignore_ament_install'
[0.832s] Level 1:colcon.colcon_core.package_identification:_identify(src/app/autonomous_driving) by extensions ['colcon_pkg']
[0.832s] Level 1:colcon.colcon_core.package_identification:_identify(src/app/autonomous_driving) by extension 'colcon_pkg'
[0.832s] Level 1:colcon.colcon_core.package_identification:_identify(src/app/autonomous_driving) by extensions ['colcon_meta']
[0.832s] Level 1:colcon.colcon_core.package_identification:_identify(src/app/autonomous_driving) by extension 'colcon_meta'
[0.832s] Level 1:colcon.colcon_core.package_identification:_identify(src/app/autonomous_driving) by extensions ['ros']
[0.832s] Level 1:colcon.colcon_core.package_identification:_identify(src/app/autonomous_driving) by extension 'ros'
[0.839s] DEBUG:colcon.colcon_core.package_identification:Package 'src/app/autonomous_driving' with type 'ros.ament_cmake' and name 'autonomous_driving'
[0.840s] Level 1:colcon.colcon_core.package_identification:_identify(src/app/evaluation) by extensions ['ignore', 'ignore_ament_install']
[0.840s] Level 1:colcon.colcon_core.package_identification:_identify(src/app/evaluation) by extension 'ignore'
[0.840s] Level 1:colcon.colcon_core.package_identification:_identify(src/app/evaluation) by extension 'ignore_ament_install'
[0.840s] Level 1:colcon.colcon_core.package_identification:_identify(src/app/evaluation) by extensions ['colcon_pkg']
[0.840s] Level 1:colcon.colcon_core.package_identification:_identify(src/app/evaluation) by extension 'colcon_pkg'
[0.840s] Level 1:colcon.colcon_core.package_identification:_identify(src/app/evaluation) by extensions ['colcon_meta']
[0.840s] Level 1:colcon.colcon_core.package_identification:_identify(src/app/evaluation) by extension 'colcon_meta'
[0.840s] Level 1:colcon.colcon_core.package_identification:_identify(src/app/evaluation) by extensions ['ros']
[0.840s] Level 1:colcon.colcon_core.package_identification:_identify(src/app/evaluation) by extension 'ros'
[0.841s] DEBUG:colcon.colcon_core.package_identification:Package 'src/app/evaluation' with type 'ros.ament_cmake' and name 'evaluation'
[0.842s] Level 1:colcon.colcon_core.package_identification:_identify(src/app/mission_manager) by extensions ['ignore', 'ignore_ament_install']
[0.842s] Level 1:colcon.colcon_core.package_identification:_identify(src/app/mission_manager) by extension 'ignore'
[0.842s] Level 1:colcon.colcon_core.package_identification:_identify(src/app/mission_manager) by extension 'ignore_ament_install'
[0.843s] Level 1:colcon.colcon_core.package_identification:_identify(src/app/mission_manager) by extensions ['colcon_pkg']
[0.843s] Level 1:colcon.colcon_core.package_identification:_identify(src/app/mission_manager) by extension 'colcon_pkg'
[0.843s] Level 1:colcon.colcon_core.package_identification:_identify(src/app/mission_manager) by extensions ['colcon_meta']
[0.843s] Level 1:colcon.colcon_core.package_identification:_identify(src/app/mission_manager) by extension 'colcon_meta'
[0.843s] Level 1:colcon.colcon_core.package_identification:_identify(src/app/mission_manager) by extensions ['ros']
[0.843s] Level 1:colcon.colcon_core.package_identification:_identify(src/app/mission_manager) by extension 'ros'
[0.845s] DEBUG:colcon.colcon_core.package_identification:Package 'src/app/mission_manager' with type 'ros.ament_cmake' and name 'mission_manager'
[0.845s] Level 1:colcon.colcon_core.package_identification:_identify(src/app/simulator) by extensions ['ignore', 'ignore_ament_install']
[0.845s] Level 1:colcon.colcon_core.package_identification:_identify(src/app/simulator) by extension 'ignore'
[0.845s] Level 1:colcon.colcon_core.package_identification:_identify(src/app/simulator) by extension 'ignore_ament_install'
[0.845s] Level 1:colcon.colcon_core.package_identification:_identify(src/app/simulator) by extensions ['colcon_pkg']
[0.845s] Level 1:colcon.colcon_core.package_identification:_identify(src/app/simulator) by extension 'colcon_pkg'
[0.845s] Level 1:colcon.colcon_core.package_identification:_identify(src/app/simulator) by extensions ['colcon_meta']
[0.845s] Level 1:colcon.colcon_core.package_identification:_identify(src/app/simulator) by extension 'colcon_meta'
[0.845s] Level 1:colcon.colcon_core.package_identification:_identify(src/app/simulator) by extensions ['ros']
[0.845s] Level 1:colcon.colcon_core.package_identification:_identify(src/app/simulator) by extension 'ros'
[0.846s] DEBUG:colcon.colcon_core.package_identification:Package 'src/app/simulator' with type 'ros.ament_cmake' and name 'simulator'
[0.846s] Level 1:colcon.colcon_core.package_identification:_identify(src/bsw) by extensions ['ignore', 'ignore_ament_install']
[0.846s] Level 1:colcon.colcon_core.package_identification:_identify(src/bsw) by extension 'ignore'
[0.846s] Level 1:colcon.colcon_core.package_identification:_identify(src/bsw) by extension 'ignore_ament_install'
[0.846s] Level 1:colcon.colcon_core.package_identification:_identify(src/bsw) by extensions ['colcon_pkg']
[0.846s] Level 1:colcon.colcon_core.package_identification:_identify(src/bsw) by extension 'colcon_pkg'
[0.846s] Level 1:colcon.colcon_core.package_identification:_identify(src/bsw) by extensions ['colcon_meta']
[0.846s] Level 1:colcon.colcon_core.package_identification:_identify(src/bsw) by extension 'colcon_meta'
[0.846s] Level 1:colcon.colcon_core.package_identification:_identify(src/bsw) by extensions ['ros']
[0.847s] Level 1:colcon.colcon_core.package_identification:_identify(src/bsw) by extension 'ros'
[0.847s] Level 1:colcon.colcon_core.package_identification:_identify(src/bsw) by extensions ['cmake', 'python']
[0.847s] Level 1:colcon.colcon_core.package_identification:_identify(src/bsw) by extension 'cmake'
[0.847s] Level 1:colcon.colcon_core.package_identification:_identify(src/bsw) by extension 'python'
[0.847s] Level 1:colcon.colcon_core.package_identification:_identify(src/bsw) by extensions ['python_setup_py']
[0.847s] Level 1:colcon.colcon_core.package_identification:_identify(src/bsw) by extension 'python_setup_py'
[0.847s] Level 1:colcon.colcon_core.package_identification:_identify(src/bsw/system) by extensions ['ignore', 'ignore_ament_install']
[0.847s] Level 1:colcon.colcon_core.package_identification:_identify(src/bsw/system) by extension 'ignore'
[0.847s] Level 1:colcon.colcon_core.package_identification:_identify(src/bsw/system) by extension 'ignore_ament_install'
[0.847s] Level 1:colcon.colcon_core.package_identification:_identify(src/bsw/system) by extensions ['colcon_pkg']
[0.847s] Level 1:colcon.colcon_core.package_identification:_identify(src/bsw/system) by extension 'colcon_pkg'
[0.847s] Level 1:colcon.colcon_core.package_identification:_identify(src/bsw/system) by extensions ['colcon_meta']
[0.847s] Level 1:colcon.colcon_core.package_identification:_identify(src/bsw/system) by extension 'colcon_meta'
[0.847s] Level 1:colcon.colcon_core.package_identification:_identify(src/bsw/system) by extensions ['ros']
[0.847s] Level 1:colcon.colcon_core.package_identification:_identify(src/bsw/system) by extension 'ros'
[0.847s] Level 1:colcon.colcon_core.package_identification:_identify(src/bsw/system) by extensions ['cmake', 'python']
[0.847s] Level 1:colcon.colcon_core.package_identification:_identify(src/bsw/system) by extension 'cmake'
[0.847s] Level 1:colcon.colcon_core.package_identification:_identify(src/bsw/system) by extension 'python'
[0.847s] Level 1:colcon.colcon_core.package_identification:_identify(src/bsw/system) by extensions ['python_setup_py']
[0.847s] Level 1:colcon.colcon_core.package_identification:_identify(src/bsw/system) by extension 'python_setup_py'
[0.848s] Level 1:colcon.colcon_core.package_identification:_identify(src/bsw/system/bridge) by extensions ['ignore', 'ignore_ament_install']
[0.848s] Level 1:colcon.colcon_core.package_identification:_identify(src/bsw/system/bridge) by extension 'ignore'
[0.848s] Level 1:colcon.colcon_core.package_identification:_identify(src/bsw/system/bridge) by extension 'ignore_ament_install'
[0.848s] Level 1:colcon.colcon_core.package_identification:_identify(src/bsw/system/bridge) by extensions ['colcon_pkg']
[0.848s] Level 1:colcon.colcon_core.package_identification:_identify(src/bsw/system/bridge) by extension 'colcon_pkg'
[0.848s] Level 1:colcon.colcon_core.package_identification:_identify(src/bsw/system/bridge) by extensions ['colcon_meta']
[0.848s] Level 1:colcon.colcon_core.package_identification:_identify(src/bsw/system/bridge) by extension 'colcon_meta'
[0.848s] Level 1:colcon.colcon_core.package_identification:_identify(src/bsw/system/bridge) by extensions ['ros']
[0.848s] Level 1:colcon.colcon_core.package_identification:_identify(src/bsw/system/bridge) by extension 'ros'
[0.848s] Level 1:colcon.colcon_core.package_identification:_identify(src/bsw/system/bridge) by extensions ['cmake', 'python']
[0.848s] Level 1:colcon.colcon_core.package_identification:_identify(src/bsw/system/bridge) by extension 'cmake'
[0.848s] Level 1:colcon.colcon_core.package_identification:_identify(src/bsw/system/bridge) by extension 'python'
[0.848s] Level 1:colcon.colcon_core.package_identification:_identify(src/bsw/system/bridge) by extensions ['python_setup_py']
[0.848s] Level 1:colcon.colcon_core.package_identification:_identify(src/bsw/system/bridge) by extension 'python_setup_py'
[0.848s] Level 1:colcon.colcon_core.package_identification:_identify(src/bsw/system/interface) by extensions ['ignore', 'ignore_ament_install']
[0.848s] Level 1:colcon.colcon_core.package_identification:_identify(src/bsw/system/interface) by extension 'ignore'
[0.848s] Level 1:colcon.colcon_core.package_identification:_identify(src/bsw/system/interface) by extension 'ignore_ament_install'
[0.848s] Level 1:colcon.colcon_core.package_identification:_identify(src/bsw/system/interface) by extensions ['colcon_pkg']
[0.848s] Level 1:colcon.colcon_core.package_identification:_identify(src/bsw/system/interface) by extension 'colcon_pkg'
[0.848s] Level 1:colcon.colcon_core.package_identification:_identify(src/bsw/system/interface) by extensions ['colcon_meta']
[0.848s] Level 1:colcon.colcon_core.package_identification:_identify(src/bsw/system/interface) by extension 'colcon_meta'
[0.848s] Level 1:colcon.colcon_core.package_identification:_identify(src/bsw/system/interface) by extensions ['ros']
[0.848s] Level 1:colcon.colcon_core.package_identification:_identify(src/bsw/system/interface) by extension 'ros'
[0.849s] Level 1:colcon.colcon_core.package_identification:_identify(src/bsw/system/interface) by extensions ['cmake', 'python']
[0.849s] Level 1:colcon.colcon_core.package_identification:_identify(src/bsw/system/interface) by extension 'cmake'
[0.849s] Level 1:colcon.colcon_core.package_identification:_identify(src/bsw/system/interface) by extension 'python'
[0.849s] Level 1:colcon.colcon_core.package_identification:_identify(src/bsw/system/interface) by extensions ['python_setup_py']
[0.849s] Level 1:colcon.colcon_core.package_identification:_identify(src/bsw/system/interface) by extension 'python_setup_py'
[0.850s] Level 1:colcon.colcon_core.package_identification:_identify(src/rte) by extensions ['ignore', 'ignore_ament_install']
[0.850s] Level 1:colcon.colcon_core.package_identification:_identify(src/rte) by extension 'ignore'
[0.850s] Level 1:colcon.colcon_core.package_identification:_identify(src/rte) by extension 'ignore_ament_install'
[0.850s] Level 1:colcon.colcon_core.package_identification:_identify(src/rte) by extensions ['colcon_pkg']
[0.850s] Level 1:colcon.colcon_core.package_identification:_identify(src/rte) by extension 'colcon_pkg'
[0.850s] Level 1:colcon.colcon_core.package_identification:_identify(src/rte) by extensions ['colcon_meta']
[0.850s] Level 1:colcon.colcon_core.package_identification:_identify(src/rte) by extension 'colcon_meta'
[0.850s] Level 1:colcon.colcon_core.package_identification:_identify(src/rte) by extensions ['ros']
[0.850s] Level 1:colcon.colcon_core.package_identification:_identify(src/rte) by extension 'ros'
[0.850s] Level 1:colcon.colcon_core.package_identification:_identify(src/rte) by extensions ['cmake', 'python']
[0.850s] Level 1:colcon.colcon_core.package_identification:_identify(src/rte) by extension 'cmake'
[0.851s] Level 1:colcon.colcon_core.package_identification:_identify(src/rte) by extension 'python'
[0.851s] Level 1:colcon.colcon_core.package_identification:_identify(src/rte) by extensions ['python_setup_py']
[0.851s] Level 1:colcon.colcon_core.package_identification:_identify(src/rte) by extension 'python_setup_py'
[0.851s] Level 1:colcon.colcon_core.package_identification:_identify(src/rte/msg) by extensions ['ignore', 'ignore_ament_install']
[0.851s] Level 1:colcon.colcon_core.package_identification:_identify(src/rte/msg) by extension 'ignore'
[0.851s] Level 1:colcon.colcon_core.package_identification:_identify(src/rte/msg) by extension 'ignore_ament_install'
[0.851s] Level 1:colcon.colcon_core.package_identification:_identify(src/rte/msg) by extensions ['colcon_pkg']
[0.851s] Level 1:colcon.colcon_core.package_identification:_identify(src/rte/msg) by extension 'colcon_pkg'
[0.851s] Level 1:colcon.colcon_core.package_identification:_identify(src/rte/msg) by extensions ['colcon_meta']
[0.851s] Level 1:colcon.colcon_core.package_identification:_identify(src/rte/msg) by extension 'colcon_meta'
[0.851s] Level 1:colcon.colcon_core.package_identification:_identify(src/rte/msg) by extensions ['ros']
[0.851s] Level 1:colcon.colcon_core.package_identification:_identify(src/rte/msg) by extension 'ros'
[0.851s] Level 1:colcon.colcon_core.package_identification:_identify(src/rte/msg) by extensions ['cmake', 'python']
[0.851s] Level 1:colcon.colcon_core.package_identification:_identify(src/rte/msg) by extension 'cmake'
[0.851s] Level 1:colcon.colcon_core.package_identification:_identify(src/rte/msg) by extension 'python'
[0.851s] Level 1:colcon.colcon_core.package_identification:_identify(src/rte/msg) by extensions ['python_setup_py']
[0.852s] Level 1:colcon.colcon_core.package_identification:_identify(src/rte/msg) by extension 'python_setup_py'
[0.852s] Level 1:colcon.colcon_core.package_identification:_identify(src/rte/msg/ad_msgs) by extensions ['ignore', 'ignore_ament_install']
[0.852s] Level 1:colcon.colcon_core.package_identification:_identify(src/rte/msg/ad_msgs) by extension 'ignore'
[0.852s] Level 1:colcon.colcon_core.package_identification:_identify(src/rte/msg/ad_msgs) by extension 'ignore_ament_install'
[0.852s] Level 1:colcon.colcon_core.package_identification:_identify(src/rte/msg/ad_msgs) by extensions ['colcon_pkg']
[0.852s] Level 1:colcon.colcon_core.package_identification:_identify(src/rte/msg/ad_msgs) by extension 'colcon_pkg'
[0.852s] Level 1:colcon.colcon_core.package_identification:_identify(src/rte/msg/ad_msgs) by extensions ['colcon_meta']
[0.852s] Level 1:colcon.colcon_core.package_identification:_identify(src/rte/msg/ad_msgs) by extension 'colcon_meta'
[0.852s] Level 1:colcon.colcon_core.package_identification:_identify(src/rte/msg/ad_msgs) by extensions ['ros']
[0.852s] Level 1:colcon.colcon_core.package_identification:_identify(src/rte/msg/ad_msgs) by extension 'ros'
[0.853s] DEBUG:colcon.colcon_core.package_identification:Package 'src/rte/msg/ad_msgs' with type 'ros.ament_cmake' and name 'ad_msgs'
[0.853s] Level 1:colcon.colcon_core.package_discovery:discover_packages(recursive) using defaults
[0.853s] Level 1:colcon.colcon_core.package_discovery:discover_packages(ignore) discover
[0.853s] Level 1:colcon.colcon_core.package_discovery:discover_packages(ignore) using defaults
[0.853s] Level 1:colcon.colcon_core.package_discovery:discover_packages(path) discover
[0.853s] Level 1:colcon.colcon_core.package_discovery:discover_packages(path) using defaults
[0.914s] Level 1:colcon.colcon_core.package_discovery:discover_packages(prefix_path) check parameters
[0.915s] Level 1:colcon.colcon_core.package_discovery:discover_packages(prefix_path) discover
[0.922s] DEBUG:colcon.colcon_installed_package_information.package_discovery:Found 5 installed packages in /home/seok/automotive_software_final/install
[0.925s] DEBUG:colcon.colcon_installed_package_information.package_discovery:Found 296 installed packages in /opt/ros/humble
[0.926s] Level 1:colcon.colcon_core.package_discovery:discover_packages(prefix_path) using defaults
[1.033s] Level 5:colcon.colcon_core.verb:set package 'ad_msgs' build argument 'cmake_args' from command line to 'None'
[1.033s] Level 5:colcon.colcon_core.verb:set package 'ad_msgs' build argument 'cmake_target' from command line to 'None'
[1.033s] Level 5:colcon.colcon_core.verb:set package 'ad_msgs' build argument 'cmake_target_skip_unavailable' from command line to 'False'
[1.033s] Level 5:colcon.colcon_core.verb:set package 'ad_msgs' build argument 'cmake_clean_cache' from command line to 'False'
[1.033s] Level 5:colcon.colcon_core.verb:set package 'ad_msgs' build argument 'cmake_clean_first' from command line to 'False'
[1.033s] Level 5:colcon.colcon_core.verb:set package 'ad_msgs' build argument 'cmake_force_configure' from command line to 'False'
[1.033s] Level 5:colcon.colcon_core.verb:set package 'ad_msgs' build argument 'ament_cmake_args' from command line to 'None'
[1.033s] Level 5:colcon.colcon_core.verb:set package 'ad_msgs' build argument 'catkin_cmake_args' from command line to 'None'
[1.033s] Level 5:colcon.colcon_core.verb:set package 'ad_msgs' build argument 'catkin_skip_building_tests' from command line to 'False'
[1.033s] DEBUG:colcon.colcon_core.verb:Building package 'ad_msgs' with the following arguments: {'ament_cmake_args': None, 'build_base': '/home/seok/automotive_software_final/build/ad_msgs', 'catkin_cmake_args': None, 'catkin_skip_building_tests': False, 'cmake_args': None, 'cmake_clean_cache': False, 'cmake_clean_first': False, 'cmake_force_configure': False, 'cmake_target': None, 'cmake_target_skip_unavailable': False, 'install_base': '/home/seok/automotive_software_final/install/ad_msgs', 'merge_install': False, 'path': '/home/seok/automotive_software_final/src/rte/msg/ad_msgs', 'symlink_install': False, 'test_result_base': None}
[1.034s] Level 5:colcon.colcon_core.verb:set package 'autonomous_driving' build argument 'cmake_args' from command line to 'None'
[1.034s] Level 5:colcon.colcon_core.verb:set package 'autonomous_driving' build argument 'cmake_target' from command line to 'None'
[1.034s] Level 5:colcon.colcon_core.verb:set package 'autonomous_driving' build argument 'cmake_target_skip_unavailable' from command line to 'False'
[1.034s] Level 5:colcon.colcon_core.verb:set package 'autonomous_driving' build argument 'cmake_clean_cache' from command line to 'False'
[1.034s] Level 5:colcon.colcon_core.verb:set package 'autonomous_driving' build argument 'cmake_clean_first' from command line to 'False'
[1.034s] Level 5:colcon.colcon_core.verb:set package 'autonomous_driving' build argument 'cmake_force_configure' from command line to 'False'
[1.034s] Level 5:colcon.colcon_core.verb:set package 'autonomous_driving' build argument 'ament_cmake_args' from command line to 'None'
[1.034s] Level 5:colcon.colcon_core.verb:set package 'autonomous_driving' build argument 'catkin_cmake_args' from command line to 'None'
[1.034s] Level 5:colcon.colcon_core.verb:set package 'autonomous_driving' build argument 'catkin_skip_building_tests' from command line to 'False'
[1.034s] DEBUG:colcon.colcon_core.verb:Building package 'autonomous_driving' with the following arguments: {'ament_cmake_args': None, 'build_base': '/home/seok/automotive_software_final/build/autonomous_driving', 'catkin_cmake_args': None, 'catkin_skip_building_tests': False, 'cmake_args': None, 'cmake_clean_cache': False, 'cmake_clean_first': False, 'cmake_force_configure': False, 'cmake_target': None, 'cmake_target_skip_unavailable': False, 'install_base': '/home/seok/automotive_software_final/install/autonomous_driving', 'merge_install': False, 'path': '/home/seok/automotive_software_final/src/app/autonomous_driving', 'symlink_install': False, 'test_result_base': None}
[1.035s] Level 5:colcon.colcon_core.verb:set package 'evaluation' build argument 'cmake_args' from command line to 'None'
[1.035s] Level 5:colcon.colcon_core.verb:set package 'evaluation' build argument 'cmake_target' from command line to 'None'
[1.035s] Level 5:colcon.colcon_core.verb:set package 'evaluation' build argument 'cmake_target_skip_unavailable' from command line to 'False'
[1.035s] Level 5:colcon.colcon_core.verb:set package 'evaluation' build argument 'cmake_clean_cache' from command line to 'False'
[1.035s] Level 5:colcon.colcon_core.verb:set package 'evaluation' build argument 'cmake_clean_first' from command line to 'False'
[1.035s] Level 5:colcon.colcon_core.verb:set package 'evaluation' build argument 'cmake_force_configure' from command line to 'False'
[1.035s] Level 5:colcon.colcon_core.verb:set package 'evaluation' build argument 'ament_cmake_args' from command line to 'None'
[1.035s] Level 5:colcon.colcon_core.verb:set package 'evaluation' build argument 'catkin_cmake_args' from command line to 'None'
[1.035s] Level 5:colcon.colcon_core.verb:set package 'evaluation' build argument 'catkin_skip_building_tests' from command line to 'False'
[1.035s] DEBUG:colcon.colcon_core.verb:Building package 'evaluation' with the following arguments: {'ament_cmake_args': None, 'build_base': '/home/seok/automotive_software_final/build/evaluation', 'catkin_cmake_args': None, 'catkin_skip_building_tests': False, 'cmake_args': None, 'cmake_clean_cache': False, 'cmake_clean_first': False, 'cmake_force_configure': False, 'cmake_target': None, 'cmake_target_skip_unavailable': False, 'install_base': '/home/seok/automotive_software_final/install/evaluation', 'merge_install': False, 'path': '/home/seok/automotive_software_final/src/app/evaluation', 'symlink_install': False, 'test_result_base': None}
[1.035s] Level 5:colcon.colcon_core.verb:set package 'mission_manager' build argument 'cmake_args' from command line to 'None'
[1.035s] Level 5:colcon.colcon_core.verb:set package 'mission_manager' build argument 'cmake_target' from command line to 'None'
[1.035s] Level 5:colcon.colcon_core.verb:set package 'mission_manager' build argument 'cmake_target_skip_unavailable' from command line to 'False'
[1.035s] Level 5:colcon.colcon_core.verb:set package 'mission_manager' build argument 'cmake_clean_cache' from command line to 'False'
[1.035s] Level 5:colcon.colcon_core.verb:set package 'mission_manager' build argument 'cmake_clean_first' from command line to 'False'
[1.035s] Level 5:colcon.colcon_core.verb:set package 'mission_manager' build argument 'cmake_force_configure' from command line to 'False'
[1.036s] Level 5:colcon.colcon_core.verb:set package 'mission_manager' build argument 'ament_cmake_args' from command line to 'None'
[1.036s] Level 5:colcon.colcon_core.verb:set package 'mission_manager' build argument 'catkin_cmake_args' from command line to 'None'
[1.036s] Level 5:colcon.colcon_core.verb:set package 'mission_manager' build argument 'catkin_skip_building_tests' from command line to 'False'
[1.036s] DEBUG:colcon.colcon_core.verb:Building package 'mission_manager' with the following arguments: {'ament_cmake_args': None, 'build_base': '/home/seok/automotive_software_final/build/mission_manager', 'catkin_cmake_args': None, 'catkin_skip_building_tests': False, 'cmake_args': None, 'cmake_clean_cache': False, 'cmake_clean_first': False, 'cmake_force_configure': False, 'cmake_target': None, 'cmake_target_skip_unavailable': False, 'install_base': '/home/seok/automotive_software_final/install/mission_manager', 'merge_install': False, 'path': '/home/seok/automotive_software_final/src/app/mission_manager', 'symlink_install': False, 'test_result_base': None}
[1.036s] Level 5:colcon.colcon_core.verb:set package 'simulator' build argument 'cmake_args' from command line to 'None'
[1.036s] Level 5:colcon.colcon_core.verb:set package 'simulator' build argument 'cmake_target' from command line to 'None'
[1.036s] Level 5:colcon.colcon_core.verb:set package 'simulator' build argument 'cmake_target_skip_unavailable' from command line to 'False'
[1.036s] Level 5:colcon.colcon_core.verb:set package 'simulator' build argument 'cmake_clean_cache' from command line to 'False'
[1.036s] Level 5:colcon.colcon_core.verb:set package 'simulator' build argument 'cmake_clean_first' from command line to 'False'
[1.036s] Level 5:colcon.colcon_core.verb:set package 'simulator' build argument 'cmake_force_configure' from command line to 'False'
[1.036s] Level 5:colcon.colcon_core.verb:set package 'simulator' build argument 'ament_cmake_args' from command line to 'None'
[1.036s] Level 5:colcon.colcon_core.verb:set package 'simulator' build argument 'catkin_cmake_args' from command line to 'None'
[1.036s] Level 5:colcon.colcon_core.verb:set package 'simulator' build argument 'catkin_skip_building_tests' from command line to 'False'
[1.036s] DEBUG:colcon.colcon_core.verb:Building package 'simulator' with the following arguments: {'ament_cmake_args': None, 'build_base': '/home/seok/automotive_software_final/build/simulator', 'catkin_cmake_args': None, 'catkin_skip_building_tests': False, 'cmake_args': None, 'cmake_clean_cache': False, 'cmake_clean_first': False, 'cmake_force_configure': False, 'cmake_target': None, 'cmake_target_skip_unavailable': False, 'install_base': '/home/seok/automotive_software_final/install/simulator', 'merge_install': False, 'path': '/home/seok/automotive_software_final/src/app/simulator', 'symlink_install': False, 'test_result_base': None}
[1.036s] INFO:colcon.colcon_core.executor:Executing jobs using 'parallel' executor
[1.038s] DEBUG:colcon.colcon_parallel_executor.executor.parallel:run_until_complete
[1.039s] INFO:colcon.colcon_ros.task.ament_cmake.build:Building ROS package in '/home/seok/automotive_software_final/src/rte/msg/ad_msgs' with build type 'ament_cmake'
[1.039s] INFO:colcon.colcon_cmake.task.cmake.build:Building CMake package in '/home/seok/automotive_software_final/src/rte/msg/ad_msgs'
[1.052s] INFO:colcon.colcon_core.plugin_system:Skipping extension 'colcon_core.shell.bat': Not used on non-Windows systems
[1.052s] INFO:colcon.colcon_core.shell:Skip shell extension 'powershell' for command environment: Not usable outside of PowerShell
[1.052s] DEBUG:colcon.colcon_core.shell:Skip shell extension 'dsv' for command environment
[1.100s] DEBUG:colcon.colcon_core.event_handler.log_command:Invoking command in '/home/seok/automotive_software_final/build/ad_msgs': CMAKE_PREFIX_PATH=${CMAKE_PREFIX_PATH}:/opt/ros/humble /usr/bin/cmake --build /home/seok/automotive_software_final/build/ad_msgs -- -j8 -l8
[1.768s] DEBUG:colcon.colcon_core.event_handler.log_command:Invoked command in '/home/seok/automotive_software_final/build/ad_msgs' returned '0': CMAKE_PREFIX_PATH=${CMAKE_PREFIX_PATH}:/opt/ros/humble /usr/bin/cmake --build /home/seok/automotive_software_final/build/ad_msgs -- -j8 -l8
[2.027s] DEBUG:colcon.colcon_core.event_handler.log_command:Invoking command in '/home/seok/automotive_software_final/build/ad_msgs': CMAKE_PREFIX_PATH=${CMAKE_PREFIX_PATH}:/opt/ros/humble /usr/bin/cmake --install /home/seok/automotive_software_final/build/ad_msgs
[2.132s] Level 1:colcon.colcon_core.environment:create_environment_scripts_only(ad_msgs)
[2.133s] DEBUG:colcon.colcon_core.event_handler.log_command:Invoked command in '/home/seok/automotive_software_final/build/ad_msgs' returned '0': CMAKE_PREFIX_PATH=${CMAKE_PREFIX_PATH}:/opt/ros/humble /usr/bin/cmake --install /home/seok/automotive_software_final/build/ad_msgs
[2.148s] Level 1:colcon.colcon_core.environment:checking '/home/seok/automotive_software_final/install/ad_msgs' for CMake module files
[2.149s] Level 1:colcon.colcon_core.environment:checking '/home/seok/automotive_software_final/install/ad_msgs' for CMake config files
[2.150s] Level 1:colcon.colcon_core.shell:create_environment_hook('ad_msgs', 'cmake_prefix_path')
[2.150s] INFO:colcon.colcon_core.shell:Creating environment hook '/home/seok/automotive_software_final/install/ad_msgs/share/ad_msgs/hook/cmake_prefix_path.ps1'
[2.152s] INFO:colcon.colcon_core.shell:Creating environment descriptor '/home/seok/automotive_software_final/install/ad_msgs/share/ad_msgs/hook/cmake_prefix_path.dsv'
[2.154s] INFO:colcon.colcon_core.shell:Creating environment hook '/home/seok/automotive_software_final/install/ad_msgs/share/ad_msgs/hook/cmake_prefix_path.sh'
[2.157s] Level 1:colcon.colcon_core.environment:checking '/home/seok/automotive_software_final/install/ad_msgs/lib'
[2.157s] Level 1:colcon.colcon_core.shell:create_environment_hook('ad_msgs', 'ld_library_path_lib')
[2.157s] INFO:colcon.colcon_core.shell:Creating environment hook '/home/seok/automotive_software_final/install/ad_msgs/share/ad_msgs/hook/ld_library_path_lib.ps1'
[2.158s] INFO:colcon.colcon_core.shell:Creating environment descriptor '/home/seok/automotive_software_final/install/ad_msgs/share/ad_msgs/hook/ld_library_path_lib.dsv'
[2.158s] INFO:colcon.colcon_core.shell:Creating environment hook '/home/seok/automotive_software_final/install/ad_msgs/share/ad_msgs/hook/ld_library_path_lib.sh'
[2.159s] Level 1:colcon.colcon_core.environment:checking '/home/seok/automotive_software_final/install/ad_msgs/bin'
[2.159s] Level 1:colcon.colcon_core.environment:checking '/home/seok/automotive_software_final/install/ad_msgs/lib/pkgconfig/ad_msgs.pc'
[2.159s] Level 1:colcon.colcon_core.environment:checking '/home/seok/automotive_software_final/install/ad_msgs/lib/python3.10/site-packages'
[2.160s] Level 1:colcon.colcon_core.environment:checking '/home/seok/automotive_software_final/install/ad_msgs/bin'
[2.160s] INFO:colcon.colcon_core.shell:Creating package script '/home/seok/automotive_software_final/install/ad_msgs/share/ad_msgs/package.ps1'
[2.162s] INFO:colcon.colcon_core.shell:Creating package descriptor '/home/seok/automotive_software_final/install/ad_msgs/share/ad_msgs/package.dsv'
[2.163s] INFO:colcon.colcon_core.shell:Creating package script '/home/seok/automotive_software_final/install/ad_msgs/share/ad_msgs/package.sh'
[2.164s] INFO:colcon.colcon_core.shell:Creating package script '/home/seok/automotive_software_final/install/ad_msgs/share/ad_msgs/package.bash'
[2.166s] INFO:colcon.colcon_core.shell:Creating package script '/home/seok/automotive_software_final/install/ad_msgs/share/ad_msgs/package.zsh'
[2.167s] Level 1:colcon.colcon_core.environment:create_file_with_runtime_dependencies(/home/seok/automotive_software_final/install/ad_msgs/share/colcon-core/packages/ad_msgs)
[2.437s] Level 1:colcon.colcon_core.environment:create_environment_scripts_only(ad_msgs)
[2.437s] Level 1:colcon.colcon_core.environment:checking '/home/seok/automotive_software_final/install/ad_msgs' for CMake module files
[2.438s] Level 1:colcon.colcon_core.environment:checking '/home/seok/automotive_software_final/install/ad_msgs' for CMake config files
[2.438s] Level 1:colcon.colcon_core.shell:create_environment_hook('ad_msgs', 'cmake_prefix_path')
[2.439s] INFO:colcon.colcon_core.shell:Creating environment hook '/home/seok/automotive_software_final/install/ad_msgs/share/ad_msgs/hook/cmake_prefix_path.ps1'
[2.440s] INFO:colcon.colcon_core.shell:Creating environment descriptor '/home/seok/automotive_software_final/install/ad_msgs/share/ad_msgs/hook/cmake_prefix_path.dsv'
[2.441s] INFO:colcon.colcon_core.shell:Creating environment hook '/home/seok/automotive_software_final/install/ad_msgs/share/ad_msgs/hook/cmake_prefix_path.sh'
[2.442s] Level 1:colcon.colcon_core.environment:checking '/home/seok/automotive_software_final/install/ad_msgs/lib'
[2.442s] Level 1:colcon.colcon_core.shell:create_environment_hook('ad_msgs', 'ld_library_path_lib')
[2.443s] INFO:colcon.colcon_core.shell:Creating environment hook '/home/seok/automotive_software_final/install/ad_msgs/share/ad_msgs/hook/ld_library_path_lib.ps1'
[2.444s] INFO:colcon.colcon_core.shell:Creating environment descriptor '/home/seok/automotive_software_final/install/ad_msgs/share/ad_msgs/hook/ld_library_path_lib.dsv'
[2.444s] INFO:colcon.colcon_core.shell:Creating environment hook '/home/seok/automotive_software_final/install/ad_msgs/share/ad_msgs/hook/ld_library_path_lib.sh'
[2.445s] Level 1:colcon.colcon_core.environment:checking '/home/seok/automotive_software_final/install/ad_msgs/bin'
[2.446s] Level 1:colcon.colcon_core.environment:checking '/home/seok/automotive_software_final/install/ad_msgs/lib/pkgconfig/ad_msgs.pc'
[2.446s] Level 1:colcon.colcon_core.environment:checking '/home/seok/automotive_software_final/install/ad_msgs/lib/python3.10/site-packages'
[2.446s] Level 1:colcon.colcon_core.environment:checking '/home/seok/automotive_software_final/install/ad_msgs/bin'
[2.447s] INFO:colcon.colcon_core.shell:Creating package script '/home/seok/automotive_software_final/install/ad_msgs/share/ad_msgs/package.ps1'
[2.448s] INFO:colcon.colcon_core.shell:Creating package descriptor '/home/seok/automotive_software_final/install/ad_msgs/share/ad_msgs/package.dsv'
[2.452s] INFO:colcon.colcon_core.shell:Creating package script '/home/seok/automotive_software_final/install/ad_msgs/share/ad_msgs/package.sh'
[2.453s] INFO:colcon.colcon_core.shell:Creating package script '/home/seok/automotive_software_final/install/ad_msgs/share/ad_msgs/package.bash'
[2.454s] INFO:colcon.colcon_core.shell:Creating package script '/home/seok/automotive_software_final/install/ad_msgs/share/ad_msgs/package.zsh'
[2.454s] Level 1:colcon.colcon_core.environment:create_file_with_runtime_dependencies(/home/seok/automotive_software_final/install/ad_msgs/share/colcon-core/packages/ad_msgs)
[2.455s] INFO:colcon.colcon_ros.task.ament_cmake.build:Building ROS package in '/home/seok/automotive_software_final/src/app/autonomous_driving' with build type 'ament_cmake'
[2.455s] INFO:colcon.colcon_cmake.task.cmake.build:Building CMake package in '/home/seok/automotive_software_final/src/app/autonomous_driving'
[2.455s] INFO:colcon.colcon_core.shell:Skip shell extension 'powershell' for command environment: Not usable outside of PowerShell
[2.456s] DEBUG:colcon.colcon_core.shell:Skip shell extension 'dsv' for command environment
[2.463s] INFO:colcon.colcon_ros.task.ament_cmake.build:Building ROS package in '/home/seok/automotive_software_final/src/app/evaluation' with build type 'ament_cmake'
[2.463s] INFO:colcon.colcon_cmake.task.cmake.build:Building CMake package in '/home/seok/automotive_software_final/src/app/evaluation'
[2.464s] INFO:colcon.colcon_core.shell:Skip shell extension 'powershell' for command environment: Not usable outside of PowerShell
[2.464s] DEBUG:colcon.colcon_core.shell:Skip shell extension 'dsv' for command environment
[2.472s] INFO:colcon.colcon_ros.task.ament_cmake.build:Building ROS package in '/home/seok/automotive_software_final/src/app/mission_manager' with build type 'ament_cmake'
[2.472s] INFO:colcon.colcon_cmake.task.cmake.build:Building CMake package in '/home/seok/automotive_software_final/src/app/mission_manager'
[2.473s] INFO:colcon.colcon_core.shell:Skip shell extension 'powershell' for command environment: Not usable outside of PowerShell
[2.474s] DEBUG:colcon.colcon_core.shell:Skip shell extension 'dsv' for command environment
[2.487s] INFO:colcon.colcon_ros.task.ament_cmake.build:Building ROS package in '/home/seok/automotive_software_final/src/app/simulator' with build type 'ament_cmake'
[2.488s] INFO:colcon.colcon_cmake.task.cmake.build:Building CMake package in '/home/seok/automotive_software_final/src/app/simulator'
[2.491s] INFO:colcon.colcon_core.shell:Skip shell extension 'powershell' for command environment: Not usable outside of PowerShell
[2.492s] DEBUG:colcon.colcon_core.shell:Skip shell extension 'dsv' for command environment
[2.598s] DEBUG:colcon.colcon_core.event_handler.log_command:Invoking command in '/home/seok/automotive_software_final/build/autonomous_driving': CMAKE_PREFIX_PATH=/home/seok/automotive_software_final/install/ad_msgs:/home/seok/automotive_software_final/install/simulator:/home/seok/automotive_software_final/install/mission_manager:/home/seok/automotive_software_final/install/evaluation:/home/seok/automotive_software_final/install/autonomous_driving:/opt/ros/humble /usr/bin/cmake --build /home/seok/automotive_software_final/build/autonomous_driving -- -j8 -l8
[2.605s] DEBUG:colcon.colcon_core.event_handler.log_command:Invoking command in '/home/seok/automotive_software_final/build/evaluation': CMAKE_PREFIX_PATH=/home/seok/automotive_software_final/install/ad_msgs:/home/seok/automotive_software_final/install/simulator:/home/seok/automotive_software_final/install/mission_manager:/home/seok/automotive_software_final/install/evaluation:/home/seok/automotive_software_final/install/autonomous_driving:/opt/ros/humble /usr/bin/cmake --build /home/seok/automotive_software_final/build/evaluation -- -j8 -l8
[2.618s] DEBUG:colcon.colcon_core.event_handler.log_command:Invoking command in '/home/seok/automotive_software_final/build/simulator': CMAKE_PREFIX_PATH=/home/seok/automotive_software_final/install/ad_msgs:/home/seok/automotive_software_final/install/simulator:/home/seok/automotive_software_final/install/mission_manager:/home/seok/automotive_software_final/install/evaluation:/home/seok/automotive_software_final/install/autonomous_driving:/opt/ros/humble /usr/bin/cmake --build /home/seok/automotive_software_final/build/simulator -- -j8 -l8
[2.625s] DEBUG:colcon.colcon_core.event_handler.log_command:Invoking command in '/home/seok/automotive_software_final/build/mission_manager': CMAKE_PREFIX_PATH=/home/seok/automotive_software_final/install/ad_msgs:/home/seok/automotive_software_final/install/simulator:/home/seok/automotive_software_final/install/mission_manager:/home/seok/automotive_software_final/install/evaluation:/home/seok/automotive_software_final/install/autonomous_driving:/opt/ros/humble /usr/bin/cmake --build /home/seok/automotive_software_final/build/mission_manager -- -j8 -l8
[2.961s] DEBUG:colcon.colcon_core.event_handler.log_command:Invoked command in '/home/seok/automotive_software_final/build/mission_manager' returned '0': CMAKE_PREFIX_PATH=/home/seok/automotive_software_final/install/ad_msgs:/home/seok/automotive_software_final/install/simulator:/home/seok/automotive_software_final/install/mission_manager:/home/seok/automotive_software_final/install/evaluation:/home/seok/automotive_software_final/install/autonomous_driving:/opt/ros/humble /usr/bin/cmake --build /home/seok/automotive_software_final/build/mission_manager -- -j8 -l8
[2.966s] DEBUG:colcon.colcon_core.event_handler.log_command:Invoked command in '/home/seok/automotive_software_final/build/evaluation' returned '0': CMAKE_PREFIX_PATH=/home/seok/automotive_software_final/install/ad_msgs:/home/seok/automotive_software_final/install/simulator:/home/seok/automotive_software_final/install/mission_manager:/home/seok/automotive_software_final/install/evaluation:/home/seok/automotive_software_final/install/autonomous_driving:/opt/ros/humble /usr/bin/cmake --build /home/seok/automotive_software_final/build/evaluation -- -j8 -l8
[2.970s] DEBUG:colcon.colcon_core.event_handler.log_command:Invoked command in '/home/seok/automotive_software_final/build/simulator' returned '0': CMAKE_PREFIX_PATH=/home/seok/automotive_software_final/install/ad_msgs:/home/seok/automotive_software_final/install/simulator:/home/seok/automotive_software_final/install/mission_manager:/home/seok/automotive_software_final/install/evaluation:/home/seok/automotive_software_final/install/autonomous_driving:/opt/ros/humble /usr/bin/cmake --build /home/seok/automotive_software_final/build/simulator -- -j8 -l8
[3.026s] DEBUG:colcon.colcon_core.event_handler.log_command:Invoking command in '/home/seok/automotive_software_final/build/mission_manager': CMAKE_PREFIX_PATH=/home/seok/automotive_software_final/install/ad_msgs:/home/seok/automotive_software_final/install/simulator:/home/seok/automotive_software_final/install/mission_manager:/home/seok/automotive_software_final/install/evaluation:/home/seok/automotive_software_final/install/autonomous_driving:/opt/ros/humble /usr/bin/cmake --install /home/seok/automotive_software_final/build/mission_manager
[3.034s] DEBUG:colcon.colcon_core.event_handler.log_command:Invoking command in '/home/seok/automotive_software_final/build/evaluation': CMAKE_PREFIX_PATH=/home/seok/automotive_software_final/install/ad_msgs:/home/seok/automotive_software_final/install/simulator:/home/seok/automotive_software_final/install/mission_manager:/home/seok/automotive_software_final/install/evaluation:/home/seok/automotive_software_final/install/autonomous_driving:/opt/ros/humble /usr/bin/cmake --install /home/seok/automotive_software_final/build/evaluation
[3.053s] Level 1:colcon.colcon_core.environment:create_environment_scripts_only(mission_manager)
[3.054s] Level 1:colcon.colcon_core.environment:checking '/home/seok/automotive_software_final/install/mission_manager' for CMake module files
[3.058s] Level 1:colcon.colcon_core.environment:checking '/home/seok/automotive_software_final/install/mission_manager' for CMake config files
[3.064s] DEBUG:colcon.colcon_core.event_handler.log_command:Invoking command in '/home/seok/automotive_software_final/build/simulator': CMAKE_PREFIX_PATH=/home/seok/automotive_software_final/install/ad_msgs:/home/seok/automotive_software_final/install/simulator:/home/seok/automotive_software_final/install/mission_manager:/home/seok/automotive_software_final/install/evaluation:/home/seok/automotive_software_final/install/autonomous_driving:/opt/ros/humble /usr/bin/cmake --install /home/seok/automotive_software_final/build/simulator
[3.066s] DEBUG:colcon.colcon_core.event_handler.log_command:Invoked command in '/home/seok/automotive_software_final/build/mission_manager' returned '0': CMAKE_PREFIX_PATH=/home/seok/automotive_software_final/install/ad_msgs:/home/seok/automotive_software_final/install/simulator:/home/seok/automotive_software_final/install/mission_manager:/home/seok/automotive_software_final/install/evaluation:/home/seok/automotive_software_final/install/autonomous_driving:/opt/ros/humble /usr/bin/cmake --install /home/seok/automotive_software_final/build/mission_manager
[3.069s] Level 1:colcon.colcon_core.shell:create_environment_hook('mission_manager', 'cmake_prefix_path')
[3.070s] INFO:colcon.colcon_core.shell:Creating environment hook '/home/seok/automotive_software_final/install/mission_manager/share/mission_manager/hook/cmake_prefix_path.ps1'
[3.072s] INFO:colcon.colcon_core.shell:Creating environment descriptor '/home/seok/automotive_software_final/install/mission_manager/share/mission_manager/hook/cmake_prefix_path.dsv'
[3.079s] INFO:colcon.colcon_core.shell:Creating environment hook '/home/seok/automotive_software_final/install/mission_manager/share/mission_manager/hook/cmake_prefix_path.sh'
[3.081s] Level 1:colcon.colcon_core.environment:checking '/home/seok/automotive_software_final/install/mission_manager/lib'
[3.081s] Level 1:colcon.colcon_core.environment:checking '/home/seok/automotive_software_final/install/mission_manager/bin'
[3.081s] Level 1:colcon.colcon_core.environment:checking '/home/seok/automotive_software_final/install/mission_manager/lib/pkgconfig/mission_manager.pc'
[3.082s] Level 1:colcon.colcon_core.environment:checking '/home/seok/automotive_software_final/install/mission_manager/lib/python3.10/site-packages'
[3.082s] Level 1:colcon.colcon_core.environment:checking '/home/seok/automotive_software_final/install/mission_manager/bin'
[3.083s] INFO:colcon.colcon_core.shell:Creating package script '/home/seok/automotive_software_final/install/mission_manager/share/mission_manager/package.ps1'
[3.084s] INFO:colcon.colcon_core.shell:Creating package descriptor '/home/seok/automotive_software_final/install/mission_manager/share/mission_manager/package.dsv'
[3.085s] INFO:colcon.colcon_core.shell:Creating package script '/home/seok/automotive_software_final/install/mission_manager/share/mission_manager/package.sh'
[3.085s] INFO:colcon.colcon_core.shell:Creating package script '/home/seok/automotive_software_final/install/mission_manager/share/mission_manager/package.bash'
[3.087s] INFO:colcon.colcon_core.shell:Creating package script '/home/seok/automotive_software_final/install/mission_manager/share/mission_manager/package.zsh'
[3.087s] Level 1:colcon.colcon_core.environment:create_file_with_runtime_dependencies(/home/seok/automotive_software_final/install/mission_manager/share/colcon-core/packages/mission_manager)
[3.091s] Level 1:colcon.colcon_core.environment:create_environment_scripts_only(evaluation)
[3.091s] Level 1:colcon.colcon_core.environment:checking '/home/seok/automotive_software_final/install/evaluation' for CMake module files
[3.093s] DEBUG:colcon.colcon_core.event_handler.log_command:Invoked command in '/home/seok/automotive_software_final/build/evaluation' returned '0': CMAKE_PREFIX_PATH=/home/seok/automotive_software_final/install/ad_msgs:/home/seok/automotive_software_final/install/simulator:/home/seok/automotive_software_final/install/mission_manager:/home/seok/automotive_software_final/install/evaluation:/home/seok/automotive_software_final/install/autonomous_driving:/opt/ros/humble /usr/bin/cmake --install /home/seok/automotive_software_final/build/evaluation
[3.094s] Level 1:colcon.colcon_core.environment:checking '/home/seok/automotive_software_final/install/evaluation' for CMake config files
[3.095s] Level 1:colcon.colcon_core.shell:create_environment_hook('evaluation', 'cmake_prefix_path')
[3.096s] INFO:colcon.colcon_core.shell:Creating environment hook '/home/seok/automotive_software_final/install/evaluation/share/evaluation/hook/cmake_prefix_path.ps1'
[3.097s] INFO:colcon.colcon_core.shell:Creating environment descriptor '/home/seok/automotive_software_final/install/evaluation/share/evaluation/hook/cmake_prefix_path.dsv'
[3.098s] INFO:colcon.colcon_core.shell:Creating environment hook '/home/seok/automotive_software_final/install/evaluation/share/evaluation/hook/cmake_prefix_path.sh'
[3.099s] Level 1:colcon.colcon_core.environment:checking '/home/seok/automotive_software_final/install/evaluation/lib'
[3.099s] Level 1:colcon.colcon_core.environment:checking '/home/seok/automotive_software_final/install/evaluation/bin'
[3.099s] Level 1:colcon.colcon_core.environment:checking '/home/seok/automotive_software_final/install/evaluation/lib/pkgconfig/evaluation.pc'
[3.100s] Level 1:colcon.colcon_core.environment:checking '/home/seok/automotive_software_final/install/evaluation/lib/python3.10/site-packages'
[3.100s] Level 1:colcon.colcon_core.environment:checking '/home/seok/automotive_software_final/install/evaluation/bin'
[3.101s] INFO:colcon.colcon_core.shell:Creating package script '/home/seok/automotive_software_final/install/evaluation/share/evaluation/package.ps1'
[3.102s] INFO:colcon.colcon_core.shell:Creating package descriptor '/home/seok/automotive_software_final/install/evaluation/share/evaluation/package.dsv'
[3.103s] INFO:colcon.colcon_core.shell:Creating package script '/home/seok/automotive_software_final/install/evaluation/share/evaluation/package.sh'
[3.104s] INFO:colcon.colcon_core.shell:Creating package script '/home/seok/automotive_software_final/install/evaluation/share/evaluation/package.bash'
[3.105s] INFO:colcon.colcon_core.shell:Creating package script '/home/seok/automotive_software_final/install/evaluation/share/evaluation/package.zsh'
[3.105s] Level 1:colcon.colcon_core.environment:create_file_with_runtime_dependencies(/home/seok/automotive_software_final/install/evaluation/share/colcon-core/packages/evaluation)
[3.112s] Level 1:colcon.colcon_core.environment:create_environment_scripts_only(simulator)
[3.113s] Level 1:colcon.colcon_core.environment:checking '/home/seok/automotive_software_final/install/simulator' for CMake module files
[3.115s] DEBUG:colcon.colcon_core.event_handler.log_command:Invoked command in '/home/seok/automotive_software_final/build/simulator' returned '0': CMAKE_PREFIX_PATH=/home/seok/automotive_software_final/install/ad_msgs:/home/seok/automotive_software_final/install/simulator:/home/seok/automotive_software_final/install/mission_manager:/home/seok/automotive_software_final/install/evaluation:/home/seok/automotive_software_final/install/autonomous_driving:/opt/ros/humble /usr/bin/cmake --install /home/seok/automotive_software_final/build/simulator
[3.116s] Level 1:colcon.colcon_core.environment:checking '/home/seok/automotive_software_final/install/simulator' for CMake config files
[3.116s] Level 1:colcon.colcon_core.shell:create_environment_hook('simulator', 'cmake_prefix_path')
[3.117s] INFO:colcon.colcon_core.shell:Creating environment hook '/home/seok/automotive_software_final/install/simulator/share/simulator/hook/cmake_prefix_path.ps1'
[3.118s] INFO:colcon.colcon_core.shell:Creating environment descriptor '/home/seok/automotive_software_final/install/simulator/share/simulator/hook/cmake_prefix_path.dsv'
[3.119s] INFO:colcon.colcon_core.shell:Creating environment hook '/home/seok/automotive_software_final/install/simulator/share/simulator/hook/cmake_prefix_path.sh'
[3.121s] Level 1:colcon.colcon_core.environment:checking '/home/seok/automotive_software_final/install/simulator/lib'
[3.121s] Level 1:colcon.colcon_core.environment:checking '/home/seok/automotive_software_final/install/simulator/bin'
[3.121s] Level 1:colcon.colcon_core.environment:checking '/home/seok/automotive_software_final/install/simulator/lib/pkgconfig/simulator.pc'
[3.122s] Level 1:colcon.colcon_core.environment:checking '/home/seok/automotive_software_final/install/simulator/lib/python3.10/site-packages'
[3.122s] Level 1:colcon.colcon_core.environment:checking '/home/seok/automotive_software_final/install/simulator/bin'
[3.123s] INFO:colcon.colcon_core.shell:Creating package script '/home/seok/automotive_software_final/install/simulator/share/simulator/package.ps1'
[3.124s] INFO:colcon.colcon_core.shell:Creating package descriptor '/home/seok/automotive_software_final/install/simulator/share/simulator/package.dsv'
[3.125s] INFO:colcon.colcon_core.shell:Creating package script '/home/seok/automotive_software_final/install/simulator/share/simulator/package.sh'
[3.127s] INFO:colcon.colcon_core.shell:Creating package script '/home/seok/automotive_software_final/install/simulator/share/simulator/package.bash'
[3.128s] INFO:colcon.colcon_core.shell:Creating package script '/home/seok/automotive_software_final/install/simulator/share/simulator/package.zsh'
[3.129s] Level 1:colcon.colcon_core.environment:create_file_with_runtime_dependencies(/home/seok/automotive_software_final/install/simulator/share/colcon-core/packages/simulator)
[3.140s] Level 1:colcon.colcon_core.environment:create_environment_scripts_only(mission_manager)
[3.140s] Level 1:colcon.colcon_core.environment:checking '/home/seok/automotive_software_final/install/mission_manager' for CMake module files
[3.141s] Level 1:colcon.colcon_core.environment:checking '/home/seok/automotive_software_final/install/mission_manager' for CMake config files
[3.142s] Level 1:colcon.colcon_core.shell:create_environment_hook('mission_manager', 'cmake_prefix_path')
[3.142s] INFO:colcon.colcon_core.shell:Creating environment hook '/home/seok/automotive_software_final/install/mission_manager/share/mission_manager/hook/cmake_prefix_path.ps1'
[3.144s] INFO:colcon.colcon_core.shell:Creating environment descriptor '/home/seok/automotive_software_final/install/mission_manager/share/mission_manager/hook/cmake_prefix_path.dsv'
[3.145s] INFO:colcon.colcon_core.shell:Creating environment hook '/home/seok/automotive_software_final/install/mission_manager/share/mission_manager/hook/cmake_prefix_path.sh'
[3.146s] Level 1:colcon.colcon_core.environment:checking '/home/seok/automotive_software_final/install/mission_manager/lib'
[3.146s] Level 1:colcon.colcon_core.environment:checking '/home/seok/automotive_software_final/install/mission_manager/bin'
[3.146s] Level 1:colcon.colcon_core.environment:checking '/home/seok/automotive_software_final/install/mission_manager/lib/pkgconfig/mission_manager.pc'
[3.147s] Level 1:colcon.colcon_core.environment:checking '/home/seok/automotive_software_final/install/mission_manager/lib/python3.10/site-packages'
[3.147s] Level 1:colcon.colcon_core.environment:checking '/home/seok/automotive_software_final/install/mission_manager/bin'
[3.148s] INFO:colcon.colcon_core.shell:Creating package script '/home/seok/automotive_software_final/install/mission_manager/share/mission_manager/package.ps1'
[3.149s] INFO:colcon.colcon_core.shell:Creating package descriptor '/home/seok/automotive_software_final/install/mission_manager/share/mission_manager/package.dsv'
[3.150s] INFO:colcon.colcon_core.shell:Creating package script '/home/seok/automotive_software_final/install/mission_manager/share/mission_manager/package.sh'
[3.152s] INFO:colcon.colcon_core.shell:Creating package script '/home/seok/automotive_software_final/install/mission_manager/share/mission_manager/package.bash'
[3.154s] INFO:colcon.colcon_core.shell:Creating package script '/home/seok/automotive_software_final/install/mission_manager/share/mission_manager/package.zsh'
[3.155s] Level 1:colcon.colcon_core.environment:create_file_with_runtime_dependencies(/home/seok/automotive_software_final/install/mission_manager/share/colcon-core/packages/mission_manager)
[3.157s] Level 1:colcon.colcon_core.environment:create_environment_scripts_only(evaluation)
[3.158s] Level 1:colcon.colcon_core.environment:checking '/home/seok/automotive_software_final/install/evaluation' for CMake module files
[3.160s] Level 1:colcon.colcon_core.environment:checking '/home/seok/automotive_software_final/install/evaluation' for CMake config files
[3.162s] Level 1:colcon.colcon_core.shell:create_environment_hook('evaluation', 'cmake_prefix_path')
[3.163s] INFO:colcon.colcon_core.shell:Creating environment hook '/home/seok/automotive_software_final/install/evaluation/share/evaluation/hook/cmake_prefix_path.ps1'
[3.165s] INFO:colcon.colcon_core.shell:Creating environment descriptor '/home/seok/automotive_software_final/install/evaluation/share/evaluation/hook/cmake_prefix_path.dsv'
[3.166s] INFO:colcon.colcon_core.shell:Creating environment hook '/home/seok/automotive_software_final/install/evaluation/share/evaluation/hook/cmake_prefix_path.sh'
[3.168s] Level 1:colcon.colcon_core.environment:checking '/home/seok/automotive_software_final/install/evaluation/lib'
[3.168s] Level 1:colcon.colcon_core.environment:checking '/home/seok/automotive_software_final/install/evaluation/bin'
[3.169s] Level 1:colcon.colcon_core.environment:checking '/home/seok/automotive_software_final/install/evaluation/lib/pkgconfig/evaluation.pc'
[3.170s] Level 1:colcon.colcon_core.environment:checking '/home/seok/automotive_software_final/install/evaluation/lib/python3.10/site-packages'
[3.171s] Level 1:colcon.colcon_core.environment:checking '/home/seok/automotive_software_final/install/evaluation/bin'
[3.172s] INFO:colcon.colcon_core.shell:Creating package script '/home/seok/automotive_software_final/install/evaluation/share/evaluation/package.ps1'
[3.175s] INFO:colcon.colcon_core.shell:Creating package descriptor '/home/seok/automotive_software_final/install/evaluation/share/evaluation/package.dsv'
[3.176s] INFO:colcon.colcon_core.shell:Creating package script '/home/seok/automotive_software_final/install/evaluation/share/evaluation/package.sh'
[3.177s] INFO:colcon.colcon_core.shell:Creating package script '/home/seok/automotive_software_final/install/evaluation/share/evaluation/package.bash'
[3.178s] INFO:colcon.colcon_core.shell:Creating package script '/home/seok/automotive_software_final/install/evaluation/share/evaluation/package.zsh'
[3.179s] Level 1:colcon.colcon_core.environment:create_file_with_runtime_dependencies(/home/seok/automotive_software_final/install/evaluation/share/colcon-core/packages/evaluation)
[3.214s] Level 1:colcon.colcon_core.environment:create_environment_scripts_only(simulator)
[3.214s] Level 1:colcon.colcon_core.environment:checking '/home/seok/automotive_software_final/install/simulator' for CMake module files
[3.215s] Level 1:colcon.colcon_core.environment:checking '/home/seok/automotive_software_final/install/simulator' for CMake config files
[3.215s] Level 1:colcon.colcon_core.shell:create_environment_hook('simulator', 'cmake_prefix_path')
[3.216s] INFO:colcon.colcon_core.shell:Creating environment hook '/home/seok/automotive_software_final/install/simulator/share/simulator/hook/cmake_prefix_path.ps1'
[3.217s] INFO:colcon.colcon_core.shell:Creating environment descriptor '/home/seok/automotive_software_final/install/simulator/share/simulator/hook/cmake_prefix_path.dsv'
[3.218s] INFO:colcon.colcon_core.shell:Creating environment hook '/home/seok/automotive_software_final/install/simulator/share/simulator/hook/cmake_prefix_path.sh'
[3.219s] Level 1:colcon.colcon_core.environment:checking '/home/seok/automotive_software_final/install/simulator/lib'
[3.219s] Level 1:colcon.colcon_core.environment:checking '/home/seok/automotive_software_final/install/simulator/bin'
[3.219s] Level 1:colcon.colcon_core.environment:checking '/home/seok/automotive_software_final/install/simulator/lib/pkgconfig/simulator.pc'
[3.219s] Level 1:colcon.colcon_core.environment:checking '/home/seok/automotive_software_final/install/simulator/lib/python3.10/site-packages'
[3.220s] Level 1:colcon.colcon_core.environment:checking '/home/seok/automotive_software_final/install/simulator/bin'
[3.221s] INFO:colcon.colcon_core.shell:Creating package script '/home/seok/automotive_software_final/install/simulator/share/simulator/package.ps1'
[3.222s] INFO:colcon.colcon_core.shell:Creating package descriptor '/home/seok/automotive_software_final/install/simulator/share/simulator/package.dsv'
[3.222s] INFO:colcon.colcon_core.shell:Creating package script '/home/seok/automotive_software_final/install/simulator/share/simulator/package.sh'
[3.223s] INFO:colcon.colcon_core.shell:Creating package script '/home/seok/automotive_software_final/install/simulator/share/simulator/package.bash'
[3.223s] INFO:colcon.colcon_core.shell:Creating package script '/home/seok/automotive_software_final/install/simulator/share/simulator/package.zsh'
[3.224s] Level 1:colcon.colcon_core.environment:create_file_with_runtime_dependencies(/home/seok/automotive_software_final/install/simulator/share/colcon-core/packages/simulator)
[3.859s] DEBUG:colcon.colcon_core.event_handler.log_command:Invoked command in '/home/seok/automotive_software_final/build/autonomous_driving' returned '2': CMAKE_PREFIX_PATH=/home/seok/automotive_software_final/install/ad_msgs:/home/seok/automotive_software_final/install/simulator:/home/seok/automotive_software_final/install/mission_manager:/home/seok/automotive_software_final/install/evaluation:/home/seok/automotive_software_final/install/autonomous_driving:/opt/ros/humble /usr/bin/cmake --build /home/seok/automotive_software_final/build/autonomous_driving -- -j8 -l8
[3.903s] Level 1:colcon.colcon_core.environment:create_environment_scripts_only(autonomous_driving)
[3.904s] Level 1:colcon.colcon_core.environment:checking '/home/seok/automotive_software_final/install/autonomous_driving' for CMake module files
[3.905s] Level 1:colcon.colcon_core.environment:checking '/home/seok/automotive_software_final/install/autonomous_driving' for CMake config files
[3.905s] Level 1:colcon.colcon_core.shell:create_environment_hook('autonomous_driving', 'cmake_prefix_path')
[3.905s] INFO:colcon.colcon_core.shell:Creating environment hook '/home/seok/automotive_software_final/install/autonomous_driving/share/autonomous_driving/hook/cmake_prefix_path.ps1'
[3.906s] INFO:colcon.colcon_core.shell:Creating environment descriptor '/home/seok/automotive_software_final/install/autonomous_driving/share/autonomous_driving/hook/cmake_prefix_path.dsv'
[3.907s] INFO:colcon.colcon_core.shell:Creating environment hook '/home/seok/automotive_software_final/install/autonomous_driving/share/autonomous_driving/hook/cmake_prefix_path.sh'
[3.908s] Level 1:colcon.colcon_core.environment:checking '/home/seok/automotive_software_final/install/autonomous_driving/lib'
[3.908s] Level 1:colcon.colcon_core.environment:checking '/home/seok/automotive_software_final/install/autonomous_driving/bin'
[3.908s] Level 1:colcon.colcon_core.environment:checking '/home/seok/automotive_software_final/install/autonomous_driving/lib/pkgconfig/autonomous_driving.pc'
[3.908s] Level 1:colcon.colcon_core.environment:checking '/home/seok/automotive_software_final/install/autonomous_driving/lib/python3.10/site-packages'
[3.910s] Level 1:colcon.colcon_core.environment:checking '/home/seok/automotive_software_final/install/autonomous_driving/bin'
[3.911s] INFO:colcon.colcon_core.shell:Creating package script '/home/seok/automotive_software_final/install/autonomous_driving/share/autonomous_driving/package.ps1'
[3.912s] INFO:colcon.colcon_core.shell:Creating package descriptor '/home/seok/automotive_software_final/install/autonomous_driving/share/autonomous_driving/package.dsv'
[3.913s] INFO:colcon.colcon_core.shell:Creating package script '/home/seok/automotive_software_final/install/autonomous_driving/share/autonomous_driving/package.sh'
[3.914s] INFO:colcon.colcon_core.shell:Creating package script '/home/seok/automotive_software_final/install/autonomous_driving/share/autonomous_driving/package.bash'
[3.915s] INFO:colcon.colcon_core.shell:Creating package script '/home/seok/automotive_software_final/install/autonomous_driving/share/autonomous_driving/package.zsh'
[3.915s] Level 1:colcon.colcon_core.environment:create_file_with_runtime_dependencies(/home/seok/automotive_software_final/install/autonomous_driving/share/colcon-core/packages/autonomous_driving)
[3.926s] DEBUG:colcon.colcon_parallel_executor.executor.parallel:closing loop
[3.927s] DEBUG:colcon.colcon_parallel_executor.executor.parallel:loop closed
[3.928s] DEBUG:colcon.colcon_parallel_executor.executor.parallel:run_until_complete finished with '2'
[3.928s] DEBUG:colcon.colcon_core.event_reactor:joining thread
[4.010s] INFO:colcon.colcon_core.plugin_system:Skipping extension 'colcon_notification.desktop_notification.notify_send': Could not find 'notify-send'
[4.011s] INFO:colcon.colcon_core.plugin_system:Skipping extension 'colcon_notification.desktop_notification.terminal_notifier': Not used on non-Darwin systems
[4.011s] INFO:colcon.colcon_core.plugin_system:Skipping extension 'colcon_notification.desktop_notification.win32': Not used on non-Windows systems
[4.011s] INFO:colcon.colcon_notification.desktop_notification:Sending desktop notification using 'notify2'
[4.035s] DEBUG:colcon.colcon_notification.desktop_notification.notify2:Failed to initialize notify2: org.freedesktop.DBus.Error.ServiceUnknown: The name org.freedesktop.Notifications was not provided by any .service files
[4.035s] DEBUG:colcon.colcon_core.event_reactor:joined thread
[4.036s] INFO:colcon.colcon_core.shell:Creating prefix script '/home/seok/automotive_software_final/install/local_setup.ps1'
[4.038s] INFO:colcon.colcon_core.shell:Creating prefix util module '/home/seok/automotive_software_final/install/_local_setup_util_ps1.py'
[4.043s] INFO:colcon.colcon_core.shell:Creating prefix chain script '/home/seok/automotive_software_final/install/setup.ps1'
[4.046s] INFO:colcon.colcon_core.shell:Creating prefix script '/home/seok/automotive_software_final/install/local_setup.sh'
[4.048s] INFO:colcon.colcon_core.shell:Creating prefix util module '/home/seok/automotive_software_final/install/_local_setup_util_sh.py'
[4.049s] INFO:colcon.colcon_core.shell:Creating prefix chain script '/home/seok/automotive_software_final/install/setup.sh'
[4.052s] INFO:colcon.colcon_core.shell:Creating prefix script '/home/seok/automotive_software_final/install/local_setup.bash'
[4.054s] INFO:colcon.colcon_core.shell:Creating prefix chain script '/home/seok/automotive_software_final/install/setup.bash'
[4.062s] INFO:colcon.colcon_core.shell:Creating prefix script '/home/seok/automotive_software_final/install/local_setup.zsh'
[4.065s] INFO:colcon.colcon_core.shell:Creating prefix chain script '/home/seok/automotive_software_final/install/setup.zsh'
