[0.091s] DEBUG:colcon:Command line arguments: ['/usr/bin/colcon', 'build']
[0.091s] DEBUG:colcon:Parsed command line arguments: Namespace(log_base=None, log_level=None, verb_name='build', build_base='build', install_base='install', merge_install=False, symlink_install=False, test_result_base=None, continue_on_error=False, executor='parallel', parallel_workers=28, event_handlers=None, ignore_user_meta=False, metas=['./colcon.meta'], base_paths=['.'], packages_ignore=None, packages_ignore_regex=None, paths=None, packages_up_to=None, packages_up_to_regex=None, packages_above=None, packages_above_and_dependencies=None, packages_above_depth=None, packages_select_by_dep=None, packages_skip_by_dep=None, packages_skip_up_to=None, packages_select_build_failed=False, packages_skip_build_finished=False, packages_select_test_failures=False, packages_skip_test_passed=False, packages_select=None, packages_skip=None, packages_select_regex=None, packages_skip_regex=None, packages_start=None, packages_end=None, allow_overriding=[], cmake_args=None, cmake_target=None, cmake_target_skip_unavailable=False, cmake_clean_cache=False, cmake_clean_first=False, cmake_force_configure=False, ament_cmake_args=None, catkin_cmake_args=None, catkin_skip_building_tests=False, mixin_files=None, mixin=None, verb_parser=<colcon_mixin.mixin.mixin_argument.MixinArgumentDecorator object at 0x7f32792e25f0>, verb_extension=<colcon_core.verb.build.BuildVerb object at 0x7f327945e9e0>, main=<bound method BuildVerb.main of <colcon_core.verb.build.BuildVerb object at 0x7f327945e9e0>>, mixin_verb=('build',))
[0.179s] Level 1:colcon.colcon_core.package_discovery:discover_packages(colcon_meta) check parameters
[0.179s] Level 1:colcon.colcon_core.package_discovery:discover_packages(recursive) check parameters
[0.179s] Level 1:colcon.colcon_core.package_discovery:discover_packages(ignore) check parameters
[0.179s] Level 1:colcon.colcon_core.package_discovery:discover_packages(path) check parameters
[0.179s] Level 1:colcon.colcon_core.package_discovery:discover_packages(colcon_meta) discover
[0.179s] Level 1:colcon.colcon_core.package_discovery:discover_packages(recursive) discover
[0.179s] INFO:colcon.colcon_core.package_discovery:Crawling recursively for packages in '/home/seok/automotive_software_final'
[0.179s] Level 1:colcon.colcon_core.package_identification:_identify(.) by extensions ['ignore', 'ignore_ament_install']
[0.179s] Level 1:colcon.colcon_core.package_identification:_identify(.) by extension 'ignore'
[0.179s] Level 1:colcon.colcon_core.package_identification:_identify(.) by extension 'ignore_ament_install'
[0.179s] Level 1:colcon.colcon_core.package_identification:_identify(.) by extensions ['colcon_pkg']
[0.179s] Level 1:colcon.colcon_core.package_identification:_identify(.) by extension 'colcon_pkg'
[0.179s] Level 1:colcon.colcon_core.package_identification:_identify(.) by extensions ['colcon_meta']
[0.179s] Level 1:colcon.colcon_core.package_identification:_identify(.) by extension 'colcon_meta'
[0.179s] Level 1:colcon.colcon_core.package_identification:_identify(.) by extensions ['ros']
[0.179s] Level 1:colcon.colcon_core.package_identification:_identify(.) by extension 'ros'
[0.186s] Level 1:colcon.colcon_core.package_identification:_identify(.) by extensions ['cmake', 'python']
[0.186s] Level 1:colcon.colcon_core.package_identification:_identify(.) by extension 'cmake'
[0.186s] Level 1:colcon.colcon_core.package_identification:_identify(.) by extension 'python'
[0.186s] Level 1:colcon.colcon_core.package_identification:_identify(.) by extensions ['python_setup_py']
[0.186s] Level 1:colcon.colcon_core.package_identification:_identify(.) by extension 'python_setup_py'
[0.186s] Level 1:colcon.colcon_core.package_identification:_identify(build) by extensions ['ignore', 'ignore_ament_install']
[0.187s] Level 1:colcon.colcon_core.package_identification:_identify(build) by extension 'ignore'
[0.187s] Level 1:colcon.colcon_core.package_identification:_identify(build) ignored
[0.187s] Level 1:colcon.colcon_core.package_identification:_identify(install) by extensions ['ignore', 'ignore_ament_install']
[0.187s] Level 1:colcon.colcon_core.package_identification:_identify(install) by extension 'ignore'
[0.187s] Level 1:colcon.colcon_core.package_identification:_identify(install) ignored
[0.187s] Level 1:colcon.colcon_core.package_identification:_identify(log) by extensions ['ignore', 'ignore_ament_install']
[0.187s] Level 1:colcon.colcon_core.package_identification:_identify(log) by extension 'ignore'
[0.187s] Level 1:colcon.colcon_core.package_identification:_identify(log) ignored
[0.187s] Level 1:colcon.colcon_core.package_identification:_identify(resources) by extensions ['ignore', 'ignore_ament_install']
[0.187s] Level 1:colcon.colcon_core.package_identification:_identify(resources) by extension 'ignore'
[0.187s] Level 1:colcon.colcon_core.package_identification:_identify(resources) by extension 'ignore_ament_install'
[0.187s] Level 1:colcon.colcon_core.package_identification:_identify(resources) by extensions ['colcon_pkg']
[0.187s] Level 1:colcon.colcon_core.package_identification:_identify(resources) by extension 'colcon_pkg'
[0.187s] Level 1:colcon.colcon_core.package_identification:_identify(resources) by extensions ['colcon_meta']
[0.187s] Level 1:colcon.colcon_core.package_identification:_identify(resources) by extension 'colcon_meta'
[0.187s] Level 1:colcon.colcon_core.package_identification:_identify(resources) by extensions ['ros']
[0.187s] Level 1:colcon.colcon_core.package_identification:_identify(resources) by extension 'ros'
[0.187s] Level 1:colcon.colcon_core.package_identification:_identify(resources) by extensions ['cmake', 'python']
[0.187s] Level 1:colcon.colcon_core.package_identification:_identify(resources) by extension 'cmake'
[0.187s] Level 1:colcon.colcon_core.package_identification:_identify(resources) by extension 'python'
[0.187s] Level 1:colcon.colcon_core.package_identification:_identify(resources) by extensions ['python_setup_py']
[0.187s] Level 1:colcon.colcon_core.package_identification:_identify(resources) by extension 'python_setup_py'
[0.187s] Level 1:colcon.colcon_core.package_identification:_identify(resources/csv) by extensions ['ignore', 'ignore_ament_install']
[0.187s] Level 1:colcon.colcon_core.package_identification:_identify(resources/csv) by extension 'ignore'
[0.187s] Level 1:colcon.colcon_core.package_identification:_identify(resources/csv) by extension 'ignore_ament_install'
[0.187s] Level 1:colcon.colcon_core.package_identification:_identify(resources/csv) by extensions ['colcon_pkg']
[0.187s] Level 1:colcon.colcon_core.package_identification:_identify(resources/csv) by extension 'colcon_pkg'
[0.187s] Level 1:colcon.colcon_core.package_identification:_identify(resources/csv) by extensions ['colcon_meta']
[0.187s] Level 1:colcon.colcon_core.package_identification:_identify(resources/csv) by extension 'colcon_meta'
[0.187s] Level 1:colcon.colcon_core.package_identification:_identify(resources/csv) by extensions ['ros']
[0.188s] Level 1:colcon.colcon_core.package_identification:_identify(resources/csv) by extension 'ros'
[0.188s] Level 1:colcon.colcon_core.package_identification:_identify(resources/csv) by extensions ['cmake', 'python']
[0.188s] Level 1:colcon.colcon_core.package_identification:_identify(resources/csv) by extension 'cmake'
[0.188s] Level 1:colcon.colcon_core.package_identification:_identify(resources/csv) by extension 'python'
[0.188s] Level 1:colcon.colcon_core.package_identification:_identify(resources/csv) by extensions ['python_setup_py']
[0.188s] Level 1:colcon.colcon_core.package_identification:_identify(resources/csv) by extension 'python_setup_py'
[0.188s] Level 1:colcon.colcon_core.package_identification:_identify(resources/csv/evaluation_lane) by extensions ['ignore', 'ignore_ament_install']
[0.188s] Level 1:colcon.colcon_core.package_identification:_identify(resources/csv/evaluation_lane) by extension 'ignore'
[0.188s] Level 1:colcon.colcon_core.package_identification:_identify(resources/csv/evaluation_lane) by extension 'ignore_ament_install'
[0.188s] Level 1:colcon.colcon_core.package_identification:_identify(resources/csv/evaluation_lane) by extensions ['colcon_pkg']
[0.188s] Level 1:colcon.colcon_core.package_identification:_identify(resources/csv/evaluation_lane) by extension 'colcon_pkg'
[0.188s] Level 1:colcon.colcon_core.package_identification:_identify(resources/csv/evaluation_lane) by extensions ['colcon_meta']
[0.188s] Level 1:colcon.colcon_core.package_identification:_identify(resources/csv/evaluation_lane) by extension 'colcon_meta'
[0.188s] Level 1:colcon.colcon_core.package_identification:_identify(resources/csv/evaluation_lane) by extensions ['ros']
[0.188s] Level 1:colcon.colcon_core.package_identification:_identify(resources/csv/evaluation_lane) by extension 'ros'
[0.188s] Level 1:colcon.colcon_core.package_identification:_identify(resources/csv/evaluation_lane) by extensions ['cmake', 'python']
[0.188s] Level 1:colcon.colcon_core.package_identification:_identify(resources/csv/evaluation_lane) by extension 'cmake'
[0.188s] Level 1:colcon.colcon_core.package_identification:_identify(resources/csv/evaluation_lane) by extension 'python'
[0.188s] Level 1:colcon.colcon_core.package_identification:_identify(resources/csv/evaluation_lane) by extensions ['python_setup_py']
[0.188s] Level 1:colcon.colcon_core.package_identification:_identify(resources/csv/evaluation_lane) by extension 'python_setup_py'
[0.188s] Level 1:colcon.colcon_core.package_identification:_identify(resources/csv/simulation_lane) by extensions ['ignore', 'ignore_ament_install']
[0.188s] Level 1:colcon.colcon_core.package_identification:_identify(resources/csv/simulation_lane) by extension 'ignore'
[0.188s] Level 1:colcon.colcon_core.package_identification:_identify(resources/csv/simulation_lane) by extension 'ignore_ament_install'
[0.188s] Level 1:colcon.colcon_core.package_identification:_identify(resources/csv/simulation_lane) by extensions ['colcon_pkg']
[0.188s] Level 1:colcon.colcon_core.package_identification:_identify(resources/csv/simulation_lane) by extension 'colcon_pkg'
[0.188s] Level 1:colcon.colcon_core.package_identification:_identify(resources/csv/simulation_lane) by extensions ['colcon_meta']
[0.188s] Level 1:colcon.colcon_core.package_identification:_identify(resources/csv/simulation_lane) by extension 'colcon_meta'
[0.188s] Level 1:colcon.colcon_core.package_identification:_identify(resources/csv/simulation_lane) by extensions ['ros']
[0.188s] Level 1:colcon.colcon_core.package_identification:_identify(resources/csv/simulation_lane) by extension 'ros'
[0.188s] Level 1:colcon.colcon_core.package_identification:_identify(resources/csv/simulation_lane) by extensions ['cmake', 'python']
[0.188s] Level 1:colcon.colcon_core.package_identification:_identify(resources/csv/simulation_lane) by extension 'cmake'
[0.188s] Level 1:colcon.colcon_core.package_identification:_identify(resources/csv/simulation_lane) by extension 'python'
[0.188s] Level 1:colcon.colcon_core.package_identification:_identify(resources/csv/simulation_lane) by extensions ['python_setup_py']
[0.188s] Level 1:colcon.colcon_core.package_identification:_identify(resources/csv/simulation_lane) by extension 'python_setup_py'
[0.188s] Level 1:colcon.colcon_core.package_identification:_identify(resources/meshes) by extensions ['ignore', 'ignore_ament_install']
[0.188s] Level 1:colcon.colcon_core.package_identification:_identify(resources/meshes) by extension 'ignore'
[0.188s] Level 1:colcon.colcon_core.package_identification:_identify(resources/meshes) by extension 'ignore_ament_install'
[0.188s] Level 1:colcon.colcon_core.package_identification:_identify(resources/meshes) by extensions ['colcon_pkg']
[0.188s] Level 1:colcon.colcon_core.package_identification:_identify(resources/meshes) by extension 'colcon_pkg'
[0.188s] Level 1:colcon.colcon_core.package_identification:_identify(resources/meshes) by extensions ['colcon_meta']
[0.188s] Level 1:colcon.colcon_core.package_identification:_identify(resources/meshes) by extension 'colcon_meta'
[0.188s] Level 1:colcon.colcon_core.package_identification:_identify(resources/meshes) by extensions ['ros']
[0.188s] Level 1:colcon.colcon_core.package_identification:_identify(resources/meshes) by extension 'ros'
[0.188s] Level 1:colcon.colcon_core.package_identification:_identify(resources/meshes) by extensions ['cmake', 'python']
[0.188s] Level 1:colcon.colcon_core.package_identification:_identify(resources/meshes) by extension 'cmake'
[0.188s] Level 1:colcon.colcon_core.package_identification:_identify(resources/meshes) by extension 'python'
[0.189s] Level 1:colcon.colcon_core.package_identification:_identify(resources/meshes) by extensions ['python_setup_py']
[0.189s] Level 1:colcon.colcon_core.package_identification:_identify(resources/meshes) by extension 'python_setup_py'
[0.189s] Level 1:colcon.colcon_core.package_identification:_identify(resources/rviz) by extensions ['ignore', 'ignore_ament_install']
[0.189s] Level 1:colcon.colcon_core.package_identification:_identify(resources/rviz) by extension 'ignore'
[0.189s] Level 1:colcon.colcon_core.package_identification:_identify(resources/rviz) by extension 'ignore_ament_install'
[0.189s] Level 1:colcon.colcon_core.package_identification:_identify(resources/rviz) by extensions ['colcon_pkg']
[0.189s] Level 1:colcon.colcon_core.package_identification:_identify(resources/rviz) by extension 'colcon_pkg'
[0.189s] Level 1:colcon.colcon_core.package_identification:_identify(resources/rviz) by extensions ['colcon_meta']
[0.189s] Level 1:colcon.colcon_core.package_identification:_identify(resources/rviz) by extension 'colcon_meta'
[0.189s] Level 1:colcon.colcon_core.package_identification:_identify(resources/rviz) by extensions ['ros']
[0.189s] Level 1:colcon.colcon_core.package_identification:_identify(resources/rviz) by extension 'ros'
[0.189s] Level 1:colcon.colcon_core.package_identification:_identify(resources/rviz) by extensions ['cmake', 'python']
[0.189s] Level 1:colcon.colcon_core.package_identification:_identify(resources/rviz) by extension 'cmake'
[0.189s] Level 1:colcon.colcon_core.package_identification:_identify(resources/rviz) by extension 'python'
[0.189s] Level 1:colcon.colcon_core.package_identification:_identify(resources/rviz) by extensions ['python_setup_py']
[0.189s] Level 1:colcon.colcon_core.package_identification:_identify(resources/rviz) by extension 'python_setup_py'
[0.189s] Level 1:colcon.colcon_core.package_identification:_identify(src) by extensions ['ignore', 'ignore_ament_install']
[0.189s] Level 1:colcon.colcon_core.package_identification:_identify(src) by extension 'ignore'
[0.189s] Level 1:colcon.colcon_core.package_identification:_identify(src) by extension 'ignore_ament_install'
[0.189s] Level 1:colcon.colcon_core.package_identification:_identify(src) by extensions ['colcon_pkg']
[0.189s] Level 1:colcon.colcon_core.package_identification:_identify(src) by extension 'colcon_pkg'
[0.189s] Level 1:colcon.colcon_core.package_identification:_identify(src) by extensions ['colcon_meta']
[0.189s] Level 1:colcon.colcon_core.package_identification:_identify(src) by extension 'colcon_meta'
[0.189s] Level 1:colcon.colcon_core.package_identification:_identify(src) by extensions ['ros']
[0.189s] Level 1:colcon.colcon_core.package_identification:_identify(src) by extension 'ros'
[0.189s] Level 1:colcon.colcon_core.package_identification:_identify(src) by extensions ['cmake', 'python']
[0.189s] Level 1:colcon.colcon_core.package_identification:_identify(src) by extension 'cmake'
[0.189s] Level 1:colcon.colcon_core.package_identification:_identify(src) by extension 'python'
[0.189s] Level 1:colcon.colcon_core.package_identification:_identify(src) by extensions ['python_setup_py']
[0.189s] Level 1:colcon.colcon_core.package_identification:_identify(src) by extension 'python_setup_py'
[0.189s] Level 1:colcon.colcon_core.package_identification:_identify(src/app) by extensions ['ignore', 'ignore_ament_install']
[0.189s] Level 1:colcon.colcon_core.package_identification:_identify(src/app) by extension 'ignore'
[0.189s] Level 1:colcon.colcon_core.package_identification:_identify(src/app) by extension 'ignore_ament_install'
[0.189s] Level 1:colcon.colcon_core.package_identification:_identify(src/app) by extensions ['colcon_pkg']
[0.189s] Level 1:colcon.colcon_core.package_identification:_identify(src/app) by extension 'colcon_pkg'
[0.189s] Level 1:colcon.colcon_core.package_identification:_identify(src/app) by extensions ['colcon_meta']
[0.189s] Level 1:colcon.colcon_core.package_identification:_identify(src/app) by extension 'colcon_meta'
[0.189s] Level 1:colcon.colcon_core.package_identification:_identify(src/app) by extensions ['ros']
[0.189s] Level 1:colcon.colcon_core.package_identification:_identify(src/app) by extension 'ros'
[0.189s] Level 1:colcon.colcon_core.package_identification:_identify(src/app) by extensions ['cmake', 'python']
[0.189s] Level 1:colcon.colcon_core.package_identification:_identify(src/app) by extension 'cmake'
[0.189s] Level 1:colcon.colcon_core.package_identification:_identify(src/app) by extension 'python'
[0.189s] Level 1:colcon.colcon_core.package_identification:_identify(src/app) by extensions ['python_setup_py']
[0.189s] Level 1:colcon.colcon_core.package_identification:_identify(src/app) by extension 'python_setup_py'
[0.189s] Level 1:colcon.colcon_core.package_identification:_identify(src/app/autonomous_driving) by extensions ['ignore', 'ignore_ament_install']
[0.189s] Level 1:colcon.colcon_core.package_identification:_identify(src/app/autonomous_driving) by extension 'ignore'
[0.189s] Level 1:colcon.colcon_core.package_identification:_identify(src/app/autonomous_driving) by extension 'ignore_ament_install'
[0.189s] Level 1:colcon.colcon_core.package_identification:_identify(src/app/autonomous_driving) by extensions ['colcon_pkg']
[0.189s] Level 1:colcon.colcon_core.package_identification:_identify(src/app/autonomous_driving) by extension 'colcon_pkg'
[0.189s] Level 1:colcon.colcon_core.package_identification:_identify(src/app/autonomous_driving) by extensions ['colcon_meta']
[0.190s] Level 1:colcon.colcon_core.package_identification:_identify(src/app/autonomous_driving) by extension 'colcon_meta'
[0.190s] Level 1:colcon.colcon_core.package_identification:_identify(src/app/autonomous_driving) by extensions ['ros']
[0.190s] Level 1:colcon.colcon_core.package_identification:_identify(src/app/autonomous_driving) by extension 'ros'
[0.191s] DEBUG:colcon.colcon_core.package_identification:Package 'src/app/autonomous_driving' with type 'ros.ament_cmake' and name 'autonomous_driving'
[0.191s] Level 1:colcon.colcon_core.package_identification:_identify(src/app/evaluation) by extensions ['ignore', 'ignore_ament_install']
[0.191s] Level 1:colcon.colcon_core.package_identification:_identify(src/app/evaluation) by extension 'ignore'
[0.191s] Level 1:colcon.colcon_core.package_identification:_identify(src/app/evaluation) by extension 'ignore_ament_install'
[0.191s] Level 1:colcon.colcon_core.package_identification:_identify(src/app/evaluation) by extensions ['colcon_pkg']
[0.191s] Level 1:colcon.colcon_core.package_identification:_identify(src/app/evaluation) by extension 'colcon_pkg'
[0.191s] Level 1:colcon.colcon_core.package_identification:_identify(src/app/evaluation) by extensions ['colcon_meta']
[0.191s] Level 1:colcon.colcon_core.package_identification:_identify(src/app/evaluation) by extension 'colcon_meta'
[0.191s] Level 1:colcon.colcon_core.package_identification:_identify(src/app/evaluation) by extensions ['ros']
[0.191s] Level 1:colcon.colcon_core.package_identification:_identify(src/app/evaluation) by extension 'ros'
[0.192s] DEBUG:colcon.colcon_core.package_identification:Package 'src/app/evaluation' with type 'ros.ament_cmake' and name 'evaluation'
[0.192s] Level 1:colcon.colcon_core.package_identification:_identify(src/app/mission_manager) by extensions ['ignore', 'ignore_ament_install']
[0.192s] Level 1:colcon.colcon_core.package_identification:_identify(src/app/mission_manager) by extension 'ignore'
[0.192s] Level 1:colcon.colcon_core.package_identification:_identify(src/app/mission_manager) by extension 'ignore_ament_install'
[0.192s] Level 1:colcon.colcon_core.package_identification:_identify(src/app/mission_manager) by extensions ['colcon_pkg']
[0.192s] Level 1:colcon.colcon_core.package_identification:_identify(src/app/mission_manager) by extension 'colcon_pkg'
[0.192s] Level 1:colcon.colcon_core.package_identification:_identify(src/app/mission_manager) by extensions ['colcon_meta']
[0.192s] Level 1:colcon.colcon_core.package_identification:_identify(src/app/mission_manager) by extension 'colcon_meta'
[0.192s] Level 1:colcon.colcon_core.package_identification:_identify(src/app/mission_manager) by extensions ['ros']
[0.192s] Level 1:colcon.colcon_core.package_identification:_identify(src/app/mission_manager) by extension 'ros'
[0.192s] DEBUG:colcon.colcon_core.package_identification:Package 'src/app/mission_manager' with type 'ros.ament_cmake' and name 'mission_manager'
[0.192s] Level 1:colcon.colcon_core.package_identification:_identify(src/app/simulator) by extensions ['ignore', 'ignore_ament_install']
[0.193s] Level 1:colcon.colcon_core.package_identification:_identify(src/app/simulator) by extension 'ignore'
[0.193s] Level 1:colcon.colcon_core.package_identification:_identify(src/app/simulator) by extension 'ignore_ament_install'
[0.193s] Level 1:colcon.colcon_core.package_identification:_identify(src/app/simulator) by extensions ['colcon_pkg']
[0.193s] Level 1:colcon.colcon_core.package_identification:_identify(src/app/simulator) by extension 'colcon_pkg'
[0.193s] Level 1:colcon.colcon_core.package_identification:_identify(src/app/simulator) by extensions ['colcon_meta']
[0.193s] Level 1:colcon.colcon_core.package_identification:_identify(src/app/simulator) by extension 'colcon_meta'
[0.193s] Level 1:colcon.colcon_core.package_identification:_identify(src/app/simulator) by extensions ['ros']
[0.193s] Level 1:colcon.colcon_core.package_identification:_identify(src/app/simulator) by extension 'ros'
[0.193s] DEBUG:colcon.colcon_core.package_identification:Package 'src/app/simulator' with type 'ros.ament_cmake' and name 'simulator'
[0.193s] Level 1:colcon.colcon_core.package_identification:_identify(src/bsw) by extensions ['ignore', 'ignore_ament_install']
[0.193s] Level 1:colcon.colcon_core.package_identification:_identify(src/bsw) by extension 'ignore'
[0.193s] Level 1:colcon.colcon_core.package_identification:_identify(src/bsw) by extension 'ignore_ament_install'
[0.193s] Level 1:colcon.colcon_core.package_identification:_identify(src/bsw) by extensions ['colcon_pkg']
[0.193s] Level 1:colcon.colcon_core.package_identification:_identify(src/bsw) by extension 'colcon_pkg'
[0.193s] Level 1:colcon.colcon_core.package_identification:_identify(src/bsw) by extensions ['colcon_meta']
[0.193s] Level 1:colcon.colcon_core.package_identification:_identify(src/bsw) by extension 'colcon_meta'
[0.193s] Level 1:colcon.colcon_core.package_identification:_identify(src/bsw) by extensions ['ros']
[0.193s] Level 1:colcon.colcon_core.package_identification:_identify(src/bsw) by extension 'ros'
[0.193s] Level 1:colcon.colcon_core.package_identification:_identify(src/bsw) by extensions ['cmake', 'python']
[0.193s] Level 1:colcon.colcon_core.package_identification:_identify(src/bsw) by extension 'cmake'
[0.193s] Level 1:colcon.colcon_core.package_identification:_identify(src/bsw) by extension 'python'
[0.193s] Level 1:colcon.colcon_core.package_identification:_identify(src/bsw) by extensions ['python_setup_py']
[0.193s] Level 1:colcon.colcon_core.package_identification:_identify(src/bsw) by extension 'python_setup_py'
[0.193s] Level 1:colcon.colcon_core.package_identification:_identify(src/bsw/system) by extensions ['ignore', 'ignore_ament_install']
[0.193s] Level 1:colcon.colcon_core.package_identification:_identify(src/bsw/system) by extension 'ignore'
[0.193s] Level 1:colcon.colcon_core.package_identification:_identify(src/bsw/system) by extension 'ignore_ament_install'
[0.193s] Level 1:colcon.colcon_core.package_identification:_identify(src/bsw/system) by extensions ['colcon_pkg']
[0.193s] Level 1:colcon.colcon_core.package_identification:_identify(src/bsw/system) by extension 'colcon_pkg'
[0.193s] Level 1:colcon.colcon_core.package_identification:_identify(src/bsw/system) by extensions ['colcon_meta']
[0.193s] Level 1:colcon.colcon_core.package_identification:_identify(src/bsw/system) by extension 'colcon_meta'
[0.193s] Level 1:colcon.colcon_core.package_identification:_identify(src/bsw/system) by extensions ['ros']
[0.193s] Level 1:colcon.colcon_core.package_identification:_identify(src/bsw/system) by extension 'ros'
[0.193s] Level 1:colcon.colcon_core.package_identification:_identify(src/bsw/system) by extensions ['cmake', 'python']
[0.194s] Level 1:colcon.colcon_core.package_identification:_identify(src/bsw/system) by extension 'cmake'
[0.194s] Level 1:colcon.colcon_core.package_identification:_identify(src/bsw/system) by extension 'python'
[0.194s] Level 1:colcon.colcon_core.package_identification:_identify(src/bsw/system) by extensions ['python_setup_py']
[0.194s] Level 1:colcon.colcon_core.package_identification:_identify(src/bsw/system) by extension 'python_setup_py'
[0.194s] Level 1:colcon.colcon_core.package_identification:_identify(src/bsw/system/bridge) by extensions ['ignore', 'ignore_ament_install']
[0.194s] Level 1:colcon.colcon_core.package_identification:_identify(src/bsw/system/bridge) by extension 'ignore'
[0.194s] Level 1:colcon.colcon_core.package_identification:_identify(src/bsw/system/bridge) by extension 'ignore_ament_install'
[0.194s] Level 1:colcon.colcon_core.package_identification:_identify(src/bsw/system/bridge) by extensions ['colcon_pkg']
[0.194s] Level 1:colcon.colcon_core.package_identification:_identify(src/bsw/system/bridge) by extension 'colcon_pkg'
[0.194s] Level 1:colcon.colcon_core.package_identification:_identify(src/bsw/system/bridge) by extensions ['colcon_meta']
[0.194s] Level 1:colcon.colcon_core.package_identification:_identify(src/bsw/system/bridge) by extension 'colcon_meta'
[0.194s] Level 1:colcon.colcon_core.package_identification:_identify(src/bsw/system/bridge) by extensions ['ros']
[0.194s] Level 1:colcon.colcon_core.package_identification:_identify(src/bsw/system/bridge) by extension 'ros'
[0.194s] Level 1:colcon.colcon_core.package_identification:_identify(src/bsw/system/bridge) by extensions ['cmake', 'python']
[0.194s] Level 1:colcon.colcon_core.package_identification:_identify(src/bsw/system/bridge) by extension 'cmake'
[0.194s] Level 1:colcon.colcon_core.package_identification:_identify(src/bsw/system/bridge) by extension 'python'
[0.194s] Level 1:colcon.colcon_core.package_identification:_identify(src/bsw/system/bridge) by extensions ['python_setup_py']
[0.194s] Level 1:colcon.colcon_core.package_identification:_identify(src/bsw/system/bridge) by extension 'python_setup_py'
[0.194s] Level 1:colcon.colcon_core.package_identification:_identify(src/bsw/system/interface) by extensions ['ignore', 'ignore_ament_install']
[0.194s] Level 1:colcon.colcon_core.package_identification:_identify(src/bsw/system/interface) by extension 'ignore'
[0.194s] Level 1:colcon.colcon_core.package_identification:_identify(src/bsw/system/interface) by extension 'ignore_ament_install'
[0.194s] Level 1:colcon.colcon_core.package_identification:_identify(src/bsw/system/interface) by extensions ['colcon_pkg']
[0.194s] Level 1:colcon.colcon_core.package_identification:_identify(src/bsw/system/interface) by extension 'colcon_pkg'
[0.194s] Level 1:colcon.colcon_core.package_identification:_identify(src/bsw/system/interface) by extensions ['colcon_meta']
[0.194s] Level 1:colcon.colcon_core.package_identification:_identify(src/bsw/system/interface) by extension 'colcon_meta'
[0.194s] Level 1:colcon.colcon_core.package_identification:_identify(src/bsw/system/interface) by extensions ['ros']
[0.194s] Level 1:colcon.colcon_core.package_identification:_identify(src/bsw/system/interface) by extension 'ros'
[0.194s] Level 1:colcon.colcon_core.package_identification:_identify(src/bsw/system/interface) by extensions ['cmake', 'python']
[0.194s] Level 1:colcon.colcon_core.package_identification:_identify(src/bsw/system/interface) by extension 'cmake'
[0.194s] Level 1:colcon.colcon_core.package_identification:_identify(src/bsw/system/interface) by extension 'python'
[0.194s] Level 1:colcon.colcon_core.package_identification:_identify(src/bsw/system/interface) by extensions ['python_setup_py']
[0.194s] Level 1:colcon.colcon_core.package_identification:_identify(src/bsw/system/interface) by extension 'python_setup_py'
[0.194s] Level 1:colcon.colcon_core.package_identification:_identify(src/rte) by extensions ['ignore', 'ignore_ament_install']
[0.194s] Level 1:colcon.colcon_core.package_identification:_identify(src/rte) by extension 'ignore'
[0.194s] Level 1:colcon.colcon_core.package_identification:_identify(src/rte) by extension 'ignore_ament_install'
[0.194s] Level 1:colcon.colcon_core.package_identification:_identify(src/rte) by extensions ['colcon_pkg']
[0.194s] Level 1:colcon.colcon_core.package_identification:_identify(src/rte) by extension 'colcon_pkg'
[0.194s] Level 1:colcon.colcon_core.package_identification:_identify(src/rte) by extensions ['colcon_meta']
[0.194s] Level 1:colcon.colcon_core.package_identification:_identify(src/rte) by extension 'colcon_meta'
[0.194s] Level 1:colcon.colcon_core.package_identification:_identify(src/rte) by extensions ['ros']
[0.194s] Level 1:colcon.colcon_core.package_identification:_identify(src/rte) by extension 'ros'
[0.194s] Level 1:colcon.colcon_core.package_identification:_identify(src/rte) by extensions ['cmake', 'python']
[0.194s] Level 1:colcon.colcon_core.package_identification:_identify(src/rte) by extension 'cmake'
[0.194s] Level 1:colcon.colcon_core.package_identification:_identify(src/rte) by extension 'python'
[0.194s] Level 1:colcon.colcon_core.package_identification:_identify(src/rte) by extensions ['python_setup_py']
[0.194s] Level 1:colcon.colcon_core.package_identification:_identify(src/rte) by extension 'python_setup_py'
[0.195s] Level 1:colcon.colcon_core.package_identification:_identify(src/rte/msg) by extensions ['ignore', 'ignore_ament_install']
[0.195s] Level 1:colcon.colcon_core.package_identification:_identify(src/rte/msg) by extension 'ignore'
[0.195s] Level 1:colcon.colcon_core.package_identification:_identify(src/rte/msg) by extension 'ignore_ament_install'
[0.195s] Level 1:colcon.colcon_core.package_identification:_identify(src/rte/msg) by extensions ['colcon_pkg']
[0.195s] Level 1:colcon.colcon_core.package_identification:_identify(src/rte/msg) by extension 'colcon_pkg'
[0.195s] Level 1:colcon.colcon_core.package_identification:_identify(src/rte/msg) by extensions ['colcon_meta']
[0.195s] Level 1:colcon.colcon_core.package_identification:_identify(src/rte/msg) by extension 'colcon_meta'
[0.195s] Level 1:colcon.colcon_core.package_identification:_identify(src/rte/msg) by extensions ['ros']
[0.195s] Level 1:colcon.colcon_core.package_identification:_identify(src/rte/msg) by extension 'ros'
[0.195s] Level 1:colcon.colcon_core.package_identification:_identify(src/rte/msg) by extensions ['cmake', 'python']
[0.195s] Level 1:colcon.colcon_core.package_identification:_identify(src/rte/msg) by extension 'cmake'
[0.195s] Level 1:colcon.colcon_core.package_identification:_identify(src/rte/msg) by extension 'python'
[0.195s] Level 1:colcon.colcon_core.package_identification:_identify(src/rte/msg) by extensions ['python_setup_py']
[0.195s] Level 1:colcon.colcon_core.package_identification:_identify(src/rte/msg) by extension 'python_setup_py'
[0.195s] Level 1:colcon.colcon_core.package_identification:_identify(src/rte/msg/ad_msgs) by extensions ['ignore', 'ignore_ament_install']
[0.195s] Level 1:colcon.colcon_core.package_identification:_identify(src/rte/msg/ad_msgs) by extension 'ignore'
[0.195s] Level 1:colcon.colcon_core.package_identification:_identify(src/rte/msg/ad_msgs) by extension 'ignore_ament_install'
[0.195s] Level 1:colcon.colcon_core.package_identification:_identify(src/rte/msg/ad_msgs) by extensions ['colcon_pkg']
[0.195s] Level 1:colcon.colcon_core.package_identification:_identify(src/rte/msg/ad_msgs) by extension 'colcon_pkg'
[0.195s] Level 1:colcon.colcon_core.package_identification:_identify(src/rte/msg/ad_msgs) by extensions ['colcon_meta']
[0.195s] Level 1:colcon.colcon_core.package_identification:_identify(src/rte/msg/ad_msgs) by extension 'colcon_meta'
[0.195s] Level 1:colcon.colcon_core.package_identification:_identify(src/rte/msg/ad_msgs) by extensions ['ros']
[0.195s] Level 1:colcon.colcon_core.package_identification:_identify(src/rte/msg/ad_msgs) by extension 'ros'
[0.195s] DEBUG:colcon.colcon_core.package_identification:Package 'src/rte/msg/ad_msgs' with type 'ros.ament_cmake' and name 'ad_msgs'
[0.195s] Level 1:colcon.colcon_core.package_discovery:discover_packages(recursive) using defaults
[0.195s] Level 1:colcon.colcon_core.package_discovery:discover_packages(ignore) discover
[0.195s] Level 1:colcon.colcon_core.package_discovery:discover_packages(ignore) using defaults
[0.195s] Level 1:colcon.colcon_core.package_discovery:discover_packages(path) discover
[0.195s] Level 1:colcon.colcon_core.package_discovery:discover_packages(path) using defaults
[0.215s] Level 1:colcon.colcon_core.package_discovery:discover_packages(prefix_path) check parameters
[0.215s] Level 1:colcon.colcon_core.package_discovery:discover_packages(prefix_path) discover
[0.216s] DEBUG:colcon.colcon_installed_package_information.package_discovery:Found 5 installed packages in /home/seok/automotive_software_final/install
[0.217s] DEBUG:colcon.colcon_installed_package_information.package_discovery:Found 296 installed packages in /opt/ros/humble
[0.218s] Level 1:colcon.colcon_core.package_discovery:discover_packages(prefix_path) using defaults
[0.238s] Level 5:colcon.colcon_core.verb:set package 'ad_msgs' build argument 'cmake_args' from command line to 'None'
[0.238s] Level 5:colcon.colcon_core.verb:set package 'ad_msgs' build argument 'cmake_target' from command line to 'None'
[0.239s] Level 5:colcon.colcon_core.verb:set package 'ad_msgs' build argument 'cmake_target_skip_unavailable' from command line to 'False'
[0.239s] Level 5:colcon.colcon_core.verb:set package 'ad_msgs' build argument 'cmake_clean_cache' from command line to 'False'
[0.239s] Level 5:colcon.colcon_core.verb:set package 'ad_msgs' build argument 'cmake_clean_first' from command line to 'False'
[0.239s] Level 5:colcon.colcon_core.verb:set package 'ad_msgs' build argument 'cmake_force_configure' from command line to 'False'
[0.239s] Level 5:colcon.colcon_core.verb:set package 'ad_msgs' build argument 'ament_cmake_args' from command line to 'None'
[0.239s] Level 5:colcon.colcon_core.verb:set package 'ad_msgs' build argument 'catkin_cmake_args' from command line to 'None'
[0.239s] Level 5:colcon.colcon_core.verb:set package 'ad_msgs' build argument 'catkin_skip_building_tests' from command line to 'False'
[0.239s] DEBUG:colcon.colcon_core.verb:Building package 'ad_msgs' with the following arguments: {'ament_cmake_args': None, 'build_base': '/home/seok/automotive_software_final/build/ad_msgs', 'catkin_cmake_args': None, 'catkin_skip_building_tests': False, 'cmake_args': None, 'cmake_clean_cache': False, 'cmake_clean_first': False, 'cmake_force_configure': False, 'cmake_target': None, 'cmake_target_skip_unavailable': False, 'install_base': '/home/seok/automotive_software_final/install/ad_msgs', 'merge_install': False, 'path': '/home/seok/automotive_software_final/src/rte/msg/ad_msgs', 'symlink_install': False, 'test_result_base': None}
[0.239s] Level 5:colcon.colcon_core.verb:set package 'autonomous_driving' build argument 'cmake_args' from command line to 'None'
[0.239s] Level 5:colcon.colcon_core.verb:set package 'autonomous_driving' build argument 'cmake_target' from command line to 'None'
[0.239s] Level 5:colcon.colcon_core.verb:set package 'autonomous_driving' build argument 'cmake_target_skip_unavailable' from command line to 'False'
[0.239s] Level 5:colcon.colcon_core.verb:set package 'autonomous_driving' build argument 'cmake_clean_cache' from command line to 'False'
[0.239s] Level 5:colcon.colcon_core.verb:set package 'autonomous_driving' build argument 'cmake_clean_first' from command line to 'False'
[0.239s] Level 5:colcon.colcon_core.verb:set package 'autonomous_driving' build argument 'cmake_force_configure' from command line to 'False'
[0.239s] Level 5:colcon.colcon_core.verb:set package 'autonomous_driving' build argument 'ament_cmake_args' from command line to 'None'
[0.239s] Level 5:colcon.colcon_core.verb:set package 'autonomous_driving' build argument 'catkin_cmake_args' from command line to 'None'
[0.239s] Level 5:colcon.colcon_core.verb:set package 'autonomous_driving' build argument 'catkin_skip_building_tests' from command line to 'False'
[0.239s] DEBUG:colcon.colcon_core.verb:Building package 'autonomous_driving' with the following arguments: {'ament_cmake_args': None, 'build_base': '/home/seok/automotive_software_final/build/autonomous_driving', 'catkin_cmake_args': None, 'catkin_skip_building_tests': False, 'cmake_args': None, 'cmake_clean_cache': False, 'cmake_clean_first': False, 'cmake_force_configure': False, 'cmake_target': None, 'cmake_target_skip_unavailable': False, 'install_base': '/home/seok/automotive_software_final/install/autonomous_driving', 'merge_install': False, 'path': '/home/seok/automotive_software_final/src/app/autonomous_driving', 'symlink_install': False, 'test_result_base': None}
[0.239s] Level 5:colcon.colcon_core.verb:set package 'evaluation' build argument 'cmake_args' from command line to 'None'
[0.239s] Level 5:colcon.colcon_core.verb:set package 'evaluation' build argument 'cmake_target' from command line to 'None'
[0.239s] Level 5:colcon.colcon_core.verb:set package 'evaluation' build argument 'cmake_target_skip_unavailable' from command line to 'False'
[0.239s] Level 5:colcon.colcon_core.verb:set package 'evaluation' build argument 'cmake_clean_cache' from command line to 'False'
[0.239s] Level 5:colcon.colcon_core.verb:set package 'evaluation' build argument 'cmake_clean_first' from command line to 'False'
[0.239s] Level 5:colcon.colcon_core.verb:set package 'evaluation' build argument 'cmake_force_configure' from command line to 'False'
[0.239s] Level 5:colcon.colcon_core.verb:set package 'evaluation' build argument 'ament_cmake_args' from command line to 'None'
[0.239s] Level 5:colcon.colcon_core.verb:set package 'evaluation' build argument 'catkin_cmake_args' from command line to 'None'
[0.239s] Level 5:colcon.colcon_core.verb:set package 'evaluation' build argument 'catkin_skip_building_tests' from command line to 'False'
[0.239s] DEBUG:colcon.colcon_core.verb:Building package 'evaluation' with the following arguments: {'ament_cmake_args': None, 'build_base': '/home/seok/automotive_software_final/build/evaluation', 'catkin_cmake_args': None, 'catkin_skip_building_tests': False, 'cmake_args': None, 'cmake_clean_cache': False, 'cmake_clean_first': False, 'cmake_force_configure': False, 'cmake_target': None, 'cmake_target_skip_unavailable': False, 'install_base': '/home/seok/automotive_software_final/install/evaluation', 'merge_install': False, 'path': '/home/seok/automotive_software_final/src/app/evaluation', 'symlink_install': False, 'test_result_base': None}
[0.239s] Level 5:colcon.colcon_core.verb:set package 'mission_manager' build argument 'cmake_args' from command line to 'None'
[0.240s] Level 5:colcon.colcon_core.verb:set package 'mission_manager' build argument 'cmake_target' from command line to 'None'
[0.240s] Level 5:colcon.colcon_core.verb:set package 'mission_manager' build argument 'cmake_target_skip_unavailable' from command line to 'False'
[0.240s] Level 5:colcon.colcon_core.verb:set package 'mission_manager' build argument 'cmake_clean_cache' from command line to 'False'
[0.240s] Level 5:colcon.colcon_core.verb:set package 'mission_manager' build argument 'cmake_clean_first' from command line to 'False'
[0.240s] Level 5:colcon.colcon_core.verb:set package 'mission_manager' build argument 'cmake_force_configure' from command line to 'False'
[0.240s] Level 5:colcon.colcon_core.verb:set package 'mission_manager' build argument 'ament_cmake_args' from command line to 'None'
[0.240s] Level 5:colcon.colcon_core.verb:set package 'mission_manager' build argument 'catkin_cmake_args' from command line to 'None'
[0.240s] Level 5:colcon.colcon_core.verb:set package 'mission_manager' build argument 'catkin_skip_building_tests' from command line to 'False'
[0.240s] DEBUG:colcon.colcon_core.verb:Building package 'mission_manager' with the following arguments: {'ament_cmake_args': None, 'build_base': '/home/seok/automotive_software_final/build/mission_manager', 'catkin_cmake_args': None, 'catkin_skip_building_tests': False, 'cmake_args': None, 'cmake_clean_cache': False, 'cmake_clean_first': False, 'cmake_force_configure': False, 'cmake_target': None, 'cmake_target_skip_unavailable': False, 'install_base': '/home/seok/automotive_software_final/install/mission_manager', 'merge_install': False, 'path': '/home/seok/automotive_software_final/src/app/mission_manager', 'symlink_install': False, 'test_result_base': None}
[0.240s] Level 5:colcon.colcon_core.verb:set package 'simulator' build argument 'cmake_args' from command line to 'None'
[0.240s] Level 5:colcon.colcon_core.verb:set package 'simulator' build argument 'cmake_target' from command line to 'None'
[0.240s] Level 5:colcon.colcon_core.verb:set package 'simulator' build argument 'cmake_target_skip_unavailable' from command line to 'False'
[0.240s] Level 5:colcon.colcon_core.verb:set package 'simulator' build argument 'cmake_clean_cache' from command line to 'False'
[0.240s] Level 5:colcon.colcon_core.verb:set package 'simulator' build argument 'cmake_clean_first' from command line to 'False'
[0.240s] Level 5:colcon.colcon_core.verb:set package 'simulator' build argument 'cmake_force_configure' from command line to 'False'
[0.240s] Level 5:colcon.colcon_core.verb:set package 'simulator' build argument 'ament_cmake_args' from command line to 'None'
[0.240s] Level 5:colcon.colcon_core.verb:set package 'simulator' build argument 'catkin_cmake_args' from command line to 'None'
[0.240s] Level 5:colcon.colcon_core.verb:set package 'simulator' build argument 'catkin_skip_building_tests' from command line to 'False'
[0.240s] DEBUG:colcon.colcon_core.verb:Building package 'simulator' with the following arguments: {'ament_cmake_args': None, 'build_base': '/home/seok/automotive_software_final/build/simulator', 'catkin_cmake_args': None, 'catkin_skip_building_tests': False, 'cmake_args': None, 'cmake_clean_cache': False, 'cmake_clean_first': False, 'cmake_force_configure': False, 'cmake_target': None, 'cmake_target_skip_unavailable': False, 'install_base': '/home/seok/automotive_software_final/install/simulator', 'merge_install': False, 'path': '/home/seok/automotive_software_final/src/app/simulator', 'symlink_install': False, 'test_result_base': None}
[0.240s] INFO:colcon.colcon_core.executor:Executing jobs using 'parallel' executor
[0.241s] DEBUG:colcon.colcon_parallel_executor.executor.parallel:run_until_complete
[0.241s] INFO:colcon.colcon_ros.task.ament_cmake.build:Building ROS package in '/home/seok/automotive_software_final/src/rte/msg/ad_msgs' with build type 'ament_cmake'
[0.241s] INFO:colcon.colcon_cmake.task.cmake.build:Building CMake package in '/home/seok/automotive_software_final/src/rte/msg/ad_msgs'
[0.243s] INFO:colcon.colcon_core.plugin_system:Skipping extension 'colcon_core.shell.bat': Not used on non-Windows systems
[0.243s] INFO:colcon.colcon_core.shell:Skip shell extension 'powershell' for command environment: Not usable outside of PowerShell
[0.243s] DEBUG:colcon.colcon_core.shell:Skip shell extension 'dsv' for command environment
[0.250s] DEBUG:colcon.colcon_core.event_handler.log_command:Invoking command in '/home/seok/automotive_software_final/build/ad_msgs': CMAKE_PREFIX_PATH=${CMAKE_PREFIX_PATH}:/opt/ros/humble /usr/bin/cmake --build /home/seok/automotive_software_final/build/ad_msgs -- -j28 -l28
[0.440s] DEBUG:colcon.colcon_core.event_handler.log_command:Invoked command in '/home/seok/automotive_software_final/build/ad_msgs' returned '0': CMAKE_PREFIX_PATH=${CMAKE_PREFIX_PATH}:/opt/ros/humble /usr/bin/cmake --build /home/seok/automotive_software_final/build/ad_msgs -- -j28 -l28
[0.546s] DEBUG:colcon.colcon_core.event_handler.log_command:Invoking command in '/home/seok/automotive_software_final/build/ad_msgs': CMAKE_PREFIX_PATH=${CMAKE_PREFIX_PATH}:/opt/ros/humble /usr/bin/cmake --install /home/seok/automotive_software_final/build/ad_msgs
[0.586s] Level 1:colcon.colcon_core.environment:create_environment_scripts_only(ad_msgs)
[0.591s] DEBUG:colcon.colcon_core.event_handler.log_command:Invoked command in '/home/seok/automotive_software_final/build/ad_msgs' returned '0': CMAKE_PREFIX_PATH=${CMAKE_PREFIX_PATH}:/opt/ros/humble /usr/bin/cmake --install /home/seok/automotive_software_final/build/ad_msgs
[0.592s] Level 1:colcon.colcon_core.environment:checking '/home/seok/automotive_software_final/install/ad_msgs' for CMake module files
[0.593s] Level 1:colcon.colcon_core.environment:checking '/home/seok/automotive_software_final/install/ad_msgs' for CMake config files
[0.593s] Level 1:colcon.colcon_core.shell:create_environment_hook('ad_msgs', 'cmake_prefix_path')
[0.594s] INFO:colcon.colcon_core.shell:Creating environment hook '/home/seok/automotive_software_final/install/ad_msgs/share/ad_msgs/hook/cmake_prefix_path.ps1'
[0.594s] INFO:colcon.colcon_core.shell:Creating environment descriptor '/home/seok/automotive_software_final/install/ad_msgs/share/ad_msgs/hook/cmake_prefix_path.dsv'
[0.594s] INFO:colcon.colcon_core.shell:Creating environment hook '/home/seok/automotive_software_final/install/ad_msgs/share/ad_msgs/hook/cmake_prefix_path.sh'
[0.595s] Level 1:colcon.colcon_core.environment:checking '/home/seok/automotive_software_final/install/ad_msgs/lib'
[0.595s] Level 1:colcon.colcon_core.shell:create_environment_hook('ad_msgs', 'ld_library_path_lib')
[0.595s] INFO:colcon.colcon_core.shell:Creating environment hook '/home/seok/automotive_software_final/install/ad_msgs/share/ad_msgs/hook/ld_library_path_lib.ps1'
[0.596s] INFO:colcon.colcon_core.shell:Creating environment descriptor '/home/seok/automotive_software_final/install/ad_msgs/share/ad_msgs/hook/ld_library_path_lib.dsv'
[0.596s] INFO:colcon.colcon_core.shell:Creating environment hook '/home/seok/automotive_software_final/install/ad_msgs/share/ad_msgs/hook/ld_library_path_lib.sh'
[0.596s] Level 1:colcon.colcon_core.environment:checking '/home/seok/automotive_software_final/install/ad_msgs/bin'
[0.596s] Level 1:colcon.colcon_core.environment:checking '/home/seok/automotive_software_final/install/ad_msgs/lib/pkgconfig/ad_msgs.pc'
[0.597s] Level 1:colcon.colcon_core.environment:checking '/home/seok/automotive_software_final/install/ad_msgs/lib/python3.10/site-packages'
[0.597s] Level 1:colcon.colcon_core.environment:checking '/home/seok/automotive_software_final/install/ad_msgs/bin'
[0.597s] INFO:colcon.colcon_core.shell:Creating package script '/home/seok/automotive_software_final/install/ad_msgs/share/ad_msgs/package.ps1'
[0.598s] INFO:colcon.colcon_core.shell:Creating package descriptor '/home/seok/automotive_software_final/install/ad_msgs/share/ad_msgs/package.dsv'
[0.599s] INFO:colcon.colcon_core.shell:Creating package script '/home/seok/automotive_software_final/install/ad_msgs/share/ad_msgs/package.sh'
[0.599s] INFO:colcon.colcon_core.shell:Creating package script '/home/seok/automotive_software_final/install/ad_msgs/share/ad_msgs/package.bash'
[0.600s] INFO:colcon.colcon_core.shell:Creating package script '/home/seok/automotive_software_final/install/ad_msgs/share/ad_msgs/package.zsh'
[0.600s] Level 1:colcon.colcon_core.environment:create_file_with_runtime_dependencies(/home/seok/automotive_software_final/install/ad_msgs/share/colcon-core/packages/ad_msgs)
[0.710s] Level 1:colcon.colcon_core.environment:create_environment_scripts_only(ad_msgs)
[0.710s] Level 1:colcon.colcon_core.environment:checking '/home/seok/automotive_software_final/install/ad_msgs' for CMake module files
[0.710s] Level 1:colcon.colcon_core.environment:checking '/home/seok/automotive_software_final/install/ad_msgs' for CMake config files
[0.711s] Level 1:colcon.colcon_core.shell:create_environment_hook('ad_msgs', 'cmake_prefix_path')
[0.711s] INFO:colcon.colcon_core.shell:Creating environment hook '/home/seok/automotive_software_final/install/ad_msgs/share/ad_msgs/hook/cmake_prefix_path.ps1'
[0.711s] INFO:colcon.colcon_core.shell:Creating environment descriptor '/home/seok/automotive_software_final/install/ad_msgs/share/ad_msgs/hook/cmake_prefix_path.dsv'
[0.711s] INFO:colcon.colcon_core.shell:Creating environment hook '/home/seok/automotive_software_final/install/ad_msgs/share/ad_msgs/hook/cmake_prefix_path.sh'
[0.712s] Level 1:colcon.colcon_core.environment:checking '/home/seok/automotive_software_final/install/ad_msgs/lib'
[0.712s] Level 1:colcon.colcon_core.shell:create_environment_hook('ad_msgs', 'ld_library_path_lib')
[0.712s] INFO:colcon.colcon_core.shell:Creating environment hook '/home/seok/automotive_software_final/install/ad_msgs/share/ad_msgs/hook/ld_library_path_lib.ps1'
[0.712s] INFO:colcon.colcon_core.shell:Creating environment descriptor '/home/seok/automotive_software_final/install/ad_msgs/share/ad_msgs/hook/ld_library_path_lib.dsv'
[0.713s] INFO:colcon.colcon_core.shell:Creating environment hook '/home/seok/automotive_software_final/install/ad_msgs/share/ad_msgs/hook/ld_library_path_lib.sh'
[0.713s] Level 1:colcon.colcon_core.environment:checking '/home/seok/automotive_software_final/install/ad_msgs/bin'
[0.713s] Level 1:colcon.colcon_core.environment:checking '/home/seok/automotive_software_final/install/ad_msgs/lib/pkgconfig/ad_msgs.pc'
[0.713s] Level 1:colcon.colcon_core.environment:checking '/home/seok/automotive_software_final/install/ad_msgs/lib/python3.10/site-packages'
[0.713s] Level 1:colcon.colcon_core.environment:checking '/home/seok/automotive_software_final/install/ad_msgs/bin'
[0.713s] INFO:colcon.colcon_core.shell:Creating package script '/home/seok/automotive_software_final/install/ad_msgs/share/ad_msgs/package.ps1'
[0.714s] INFO:colcon.colcon_core.shell:Creating package descriptor '/home/seok/automotive_software_final/install/ad_msgs/share/ad_msgs/package.dsv'
[0.714s] INFO:colcon.colcon_core.shell:Creating package script '/home/seok/automotive_software_final/install/ad_msgs/share/ad_msgs/package.sh'
[0.714s] INFO:colcon.colcon_core.shell:Creating package script '/home/seok/automotive_software_final/install/ad_msgs/share/ad_msgs/package.bash'
[0.714s] INFO:colcon.colcon_core.shell:Creating package script '/home/seok/automotive_software_final/install/ad_msgs/share/ad_msgs/package.zsh'
[0.715s] Level 1:colcon.colcon_core.environment:create_file_with_runtime_dependencies(/home/seok/automotive_software_final/install/ad_msgs/share/colcon-core/packages/ad_msgs)
[0.715s] INFO:colcon.colcon_ros.task.ament_cmake.build:Building ROS package in '/home/seok/automotive_software_final/src/app/autonomous_driving' with build type 'ament_cmake'
[0.715s] INFO:colcon.colcon_cmake.task.cmake.build:Building CMake package in '/home/seok/automotive_software_final/src/app/autonomous_driving'
[0.715s] INFO:colcon.colcon_core.shell:Skip shell extension 'powershell' for command environment: Not usable outside of PowerShell
[0.716s] DEBUG:colcon.colcon_core.shell:Skip shell extension 'dsv' for command environment
[0.719s] INFO:colcon.colcon_ros.task.ament_cmake.build:Building ROS package in '/home/seok/automotive_software_final/src/app/evaluation' with build type 'ament_cmake'
[0.719s] INFO:colcon.colcon_cmake.task.cmake.build:Building CMake package in '/home/seok/automotive_software_final/src/app/evaluation'
[0.719s] INFO:colcon.colcon_core.shell:Skip shell extension 'powershell' for command environment: Not usable outside of PowerShell
[0.719s] DEBUG:colcon.colcon_core.shell:Skip shell extension 'dsv' for command environment
[0.721s] INFO:colcon.colcon_ros.task.ament_cmake.build:Building ROS package in '/home/seok/automotive_software_final/src/app/mission_manager' with build type 'ament_cmake'
[0.721s] INFO:colcon.colcon_cmake.task.cmake.build:Building CMake package in '/home/seok/automotive_software_final/src/app/mission_manager'
[0.721s] INFO:colcon.colcon_core.shell:Skip shell extension 'powershell' for command environment: Not usable outside of PowerShell
[0.722s] DEBUG:colcon.colcon_core.shell:Skip shell extension 'dsv' for command environment
[0.723s] INFO:colcon.colcon_ros.task.ament_cmake.build:Building ROS package in '/home/seok/automotive_software_final/src/app/simulator' with build type 'ament_cmake'
[0.723s] INFO:colcon.colcon_cmake.task.cmake.build:Building CMake package in '/home/seok/automotive_software_final/src/app/simulator'
[0.724s] INFO:colcon.colcon_core.shell:Skip shell extension 'powershell' for command environment: Not usable outside of PowerShell
[0.724s] DEBUG:colcon.colcon_core.shell:Skip shell extension 'dsv' for command environment
[0.762s] DEBUG:colcon.colcon_core.event_handler.log_command:Invoking command in '/home/seok/automotive_software_final/build/autonomous_driving': CMAKE_PREFIX_PATH=/home/seok/automotive_software_final/install/ad_msgs:/home/seok/automotive_software_final/install/simulator:/home/seok/automotive_software_final/install/mission_manager:/home/seok/automotive_software_final/install/evaluation:/home/seok/automotive_software_final/install/autonomous_driving:/opt/ros/humble /usr/bin/cmake --build /home/seok/automotive_software_final/build/autonomous_driving -- -j28 -l28
[0.764s] DEBUG:colcon.colcon_core.event_handler.log_command:Invoking command in '/home/seok/automotive_software_final/build/evaluation': CMAKE_PREFIX_PATH=/home/seok/automotive_software_final/install/ad_msgs:/home/seok/automotive_software_final/install/simulator:/home/seok/automotive_software_final/install/mission_manager:/home/seok/automotive_software_final/install/evaluation:/home/seok/automotive_software_final/install/autonomous_driving:/opt/ros/humble /usr/bin/cmake --build /home/seok/automotive_software_final/build/evaluation -- -j28 -l28
[0.767s] DEBUG:colcon.colcon_core.event_handler.log_command:Invoking command in '/home/seok/automotive_software_final/build/mission_manager': CMAKE_PREFIX_PATH=/home/seok/automotive_software_final/install/ad_msgs:/home/seok/automotive_software_final/install/simulator:/home/seok/automotive_software_final/install/mission_manager:/home/seok/automotive_software_final/install/evaluation:/home/seok/automotive_software_final/install/autonomous_driving:/opt/ros/humble /usr/bin/cmake --build /home/seok/automotive_software_final/build/mission_manager -- -j28 -l28
[0.776s] DEBUG:colcon.colcon_core.event_handler.log_command:Invoking command in '/home/seok/automotive_software_final/build/simulator': CMAKE_PREFIX_PATH=/home/seok/automotive_software_final/install/ad_msgs:/home/seok/automotive_software_final/install/simulator:/home/seok/automotive_software_final/install/mission_manager:/home/seok/automotive_software_final/install/evaluation:/home/seok/automotive_software_final/install/autonomous_driving:/opt/ros/humble /usr/bin/cmake --build /home/seok/automotive_software_final/build/simulator -- -j28 -l28
[0.802s] DEBUG:colcon.colcon_core.event_handler.log_command:Invoked command in '/home/seok/automotive_software_final/build/evaluation' returned '0': CMAKE_PREFIX_PATH=/home/seok/automotive_software_final/install/ad_msgs:/home/seok/automotive_software_final/install/simulator:/home/seok/automotive_software_final/install/mission_manager:/home/seok/automotive_software_final/install/evaluation:/home/seok/automotive_software_final/install/autonomous_driving:/opt/ros/humble /usr/bin/cmake --build /home/seok/automotive_software_final/build/evaluation -- -j28 -l28
[0.810s] DEBUG:colcon.colcon_core.event_handler.log_command:Invoked command in '/home/seok/automotive_software_final/build/mission_manager' returned '0': CMAKE_PREFIX_PATH=/home/seok/automotive_software_final/install/ad_msgs:/home/seok/automotive_software_final/install/simulator:/home/seok/automotive_software_final/install/mission_manager:/home/seok/automotive_software_final/install/evaluation:/home/seok/automotive_software_final/install/autonomous_driving:/opt/ros/humble /usr/bin/cmake --build /home/seok/automotive_software_final/build/mission_manager -- -j28 -l28
[0.820s] DEBUG:colcon.colcon_core.event_handler.log_command:Invoked command in '/home/seok/automotive_software_final/build/simulator' returned '0': CMAKE_PREFIX_PATH=/home/seok/automotive_software_final/install/ad_msgs:/home/seok/automotive_software_final/install/simulator:/home/seok/automotive_software_final/install/mission_manager:/home/seok/automotive_software_final/install/evaluation:/home/seok/automotive_software_final/install/autonomous_driving:/opt/ros/humble /usr/bin/cmake --build /home/seok/automotive_software_final/build/simulator -- -j28 -l28
[0.823s] DEBUG:colcon.colcon_core.event_handler.log_command:Invoking command in '/home/seok/automotive_software_final/build/evaluation': CMAKE_PREFIX_PATH=/home/seok/automotive_software_final/install/ad_msgs:/home/seok/automotive_software_final/install/simulator:/home/seok/automotive_software_final/install/mission_manager:/home/seok/automotive_software_final/install/evaluation:/home/seok/automotive_software_final/install/autonomous_driving:/opt/ros/humble /usr/bin/cmake --install /home/seok/automotive_software_final/build/evaluation
[0.827s] DEBUG:colcon.colcon_core.event_handler.log_command:Invoking command in '/home/seok/automotive_software_final/build/mission_manager': CMAKE_PREFIX_PATH=/home/seok/automotive_software_final/install/ad_msgs:/home/seok/automotive_software_final/install/simulator:/home/seok/automotive_software_final/install/mission_manager:/home/seok/automotive_software_final/install/evaluation:/home/seok/automotive_software_final/install/autonomous_driving:/opt/ros/humble /usr/bin/cmake --install /home/seok/automotive_software_final/build/mission_manager
[0.830s] Level 1:colcon.colcon_core.environment:create_environment_scripts_only(evaluation)
[0.830s] Level 1:colcon.colcon_core.environment:checking '/home/seok/automotive_software_final/install/evaluation' for CMake module files
[0.832s] DEBUG:colcon.colcon_core.event_handler.log_command:Invoked command in '/home/seok/automotive_software_final/build/evaluation' returned '0': CMAKE_PREFIX_PATH=/home/seok/automotive_software_final/install/ad_msgs:/home/seok/automotive_software_final/install/simulator:/home/seok/automotive_software_final/install/mission_manager:/home/seok/automotive_software_final/install/evaluation:/home/seok/automotive_software_final/install/autonomous_driving:/opt/ros/humble /usr/bin/cmake --install /home/seok/automotive_software_final/build/evaluation
[0.834s] Level 1:colcon.colcon_core.environment:checking '/home/seok/automotive_software_final/install/evaluation' for CMake config files
[0.835s] Level 1:colcon.colcon_core.shell:create_environment_hook('evaluation', 'cmake_prefix_path')
[0.835s] INFO:colcon.colcon_core.shell:Creating environment hook '/home/seok/automotive_software_final/install/evaluation/share/evaluation/hook/cmake_prefix_path.ps1'
[0.835s] INFO:colcon.colcon_core.shell:Creating environment descriptor '/home/seok/automotive_software_final/install/evaluation/share/evaluation/hook/cmake_prefix_path.dsv'
[0.835s] INFO:colcon.colcon_core.shell:Creating environment hook '/home/seok/automotive_software_final/install/evaluation/share/evaluation/hook/cmake_prefix_path.sh'
[0.836s] Level 1:colcon.colcon_core.environment:checking '/home/seok/automotive_software_final/install/evaluation/lib'
[0.836s] Level 1:colcon.colcon_core.environment:checking '/home/seok/automotive_software_final/install/evaluation/bin'
[0.836s] Level 1:colcon.colcon_core.environment:checking '/home/seok/automotive_software_final/install/evaluation/lib/pkgconfig/evaluation.pc'
[0.836s] Level 1:colcon.colcon_core.environment:checking '/home/seok/automotive_software_final/install/evaluation/lib/python3.10/site-packages'
[0.836s] Level 1:colcon.colcon_core.environment:checking '/home/seok/automotive_software_final/install/evaluation/bin'
[0.836s] INFO:colcon.colcon_core.shell:Creating package script '/home/seok/automotive_software_final/install/evaluation/share/evaluation/package.ps1'
[0.836s] INFO:colcon.colcon_core.shell:Creating package descriptor '/home/seok/automotive_software_final/install/evaluation/share/evaluation/package.dsv'
[0.837s] INFO:colcon.colcon_core.shell:Creating package script '/home/seok/automotive_software_final/install/evaluation/share/evaluation/package.sh'
[0.837s] INFO:colcon.colcon_core.shell:Creating package script '/home/seok/automotive_software_final/install/evaluation/share/evaluation/package.bash'
[0.837s] INFO:colcon.colcon_core.shell:Creating package script '/home/seok/automotive_software_final/install/evaluation/share/evaluation/package.zsh'
[0.837s] Level 1:colcon.colcon_core.environment:create_file_with_runtime_dependencies(/home/seok/automotive_software_final/install/evaluation/share/colcon-core/packages/evaluation)
[0.840s] Level 1:colcon.colcon_core.environment:create_environment_scripts_only(mission_manager)
[0.840s] Level 1:colcon.colcon_core.environment:checking '/home/seok/automotive_software_final/install/mission_manager' for CMake module files
[0.840s] DEBUG:colcon.colcon_core.event_handler.log_command:Invoking command in '/home/seok/automotive_software_final/build/simulator': CMAKE_PREFIX_PATH=/home/seok/automotive_software_final/install/ad_msgs:/home/seok/automotive_software_final/install/simulator:/home/seok/automotive_software_final/install/mission_manager:/home/seok/automotive_software_final/install/evaluation:/home/seok/automotive_software_final/install/autonomous_driving:/opt/ros/humble /usr/bin/cmake --install /home/seok/automotive_software_final/build/simulator
[0.842s] DEBUG:colcon.colcon_core.event_handler.log_command:Invoked command in '/home/seok/automotive_software_final/build/mission_manager' returned '0': CMAKE_PREFIX_PATH=/home/seok/automotive_software_final/install/ad_msgs:/home/seok/automotive_software_final/install/simulator:/home/seok/automotive_software_final/install/mission_manager:/home/seok/automotive_software_final/install/evaluation:/home/seok/automotive_software_final/install/autonomous_driving:/opt/ros/humble /usr/bin/cmake --install /home/seok/automotive_software_final/build/mission_manager
[0.842s] Level 1:colcon.colcon_core.environment:checking '/home/seok/automotive_software_final/install/mission_manager' for CMake config files
[0.842s] Level 1:colcon.colcon_core.shell:create_environment_hook('mission_manager', 'cmake_prefix_path')
[0.842s] INFO:colcon.colcon_core.shell:Creating environment hook '/home/seok/automotive_software_final/install/mission_manager/share/mission_manager/hook/cmake_prefix_path.ps1'
[0.843s] INFO:colcon.colcon_core.shell:Creating environment descriptor '/home/seok/automotive_software_final/install/mission_manager/share/mission_manager/hook/cmake_prefix_path.dsv'
[0.843s] INFO:colcon.colcon_core.shell:Creating environment hook '/home/seok/automotive_software_final/install/mission_manager/share/mission_manager/hook/cmake_prefix_path.sh'
[0.844s] Level 1:colcon.colcon_core.environment:checking '/home/seok/automotive_software_final/install/mission_manager/lib'
[0.846s] Level 1:colcon.colcon_core.environment:checking '/home/seok/automotive_software_final/install/mission_manager/bin'
[0.846s] Level 1:colcon.colcon_core.environment:checking '/home/seok/automotive_software_final/install/mission_manager/lib/pkgconfig/mission_manager.pc'
[0.846s] Level 1:colcon.colcon_core.environment:checking '/home/seok/automotive_software_final/install/mission_manager/lib/python3.10/site-packages'
[0.847s] Level 1:colcon.colcon_core.environment:checking '/home/seok/automotive_software_final/install/mission_manager/bin'
[0.847s] INFO:colcon.colcon_core.shell:Creating package script '/home/seok/automotive_software_final/install/mission_manager/share/mission_manager/package.ps1'
[0.849s] INFO:colcon.colcon_core.shell:Creating package descriptor '/home/seok/automotive_software_final/install/mission_manager/share/mission_manager/package.dsv'
[0.850s] INFO:colcon.colcon_core.shell:Creating package script '/home/seok/automotive_software_final/install/mission_manager/share/mission_manager/package.sh'
[0.850s] INFO:colcon.colcon_core.shell:Creating package script '/home/seok/automotive_software_final/install/mission_manager/share/mission_manager/package.bash'
[0.851s] INFO:colcon.colcon_core.shell:Creating package script '/home/seok/automotive_software_final/install/mission_manager/share/mission_manager/package.zsh'
[0.851s] Level 1:colcon.colcon_core.environment:create_file_with_runtime_dependencies(/home/seok/automotive_software_final/install/mission_manager/share/colcon-core/packages/mission_manager)
[0.853s] Level 1:colcon.colcon_core.environment:create_environment_scripts_only(simulator)
[0.853s] Level 1:colcon.colcon_core.environment:checking '/home/seok/automotive_software_final/install/simulator' for CMake module files
[0.855s] Level 1:colcon.colcon_core.environment:checking '/home/seok/automotive_software_final/install/simulator' for CMake config files
[0.855s] DEBUG:colcon.colcon_core.event_handler.log_command:Invoked command in '/home/seok/automotive_software_final/build/simulator' returned '0': CMAKE_PREFIX_PATH=/home/seok/automotive_software_final/install/ad_msgs:/home/seok/automotive_software_final/install/simulator:/home/seok/automotive_software_final/install/mission_manager:/home/seok/automotive_software_final/install/evaluation:/home/seok/automotive_software_final/install/autonomous_driving:/opt/ros/humble /usr/bin/cmake --install /home/seok/automotive_software_final/build/simulator
[0.855s] Level 1:colcon.colcon_core.shell:create_environment_hook('simulator', 'cmake_prefix_path')
[0.855s] INFO:colcon.colcon_core.shell:Creating environment hook '/home/seok/automotive_software_final/install/simulator/share/simulator/hook/cmake_prefix_path.ps1'
[0.856s] INFO:colcon.colcon_core.shell:Creating environment descriptor '/home/seok/automotive_software_final/install/simulator/share/simulator/hook/cmake_prefix_path.dsv'
[0.856s] INFO:colcon.colcon_core.shell:Creating environment hook '/home/seok/automotive_software_final/install/simulator/share/simulator/hook/cmake_prefix_path.sh'
[0.857s] Level 1:colcon.colcon_core.environment:checking '/home/seok/automotive_software_final/install/simulator/lib'
[0.857s] Level 1:colcon.colcon_core.environment:checking '/home/seok/automotive_software_final/install/simulator/bin'
[0.857s] Level 1:colcon.colcon_core.environment:checking '/home/seok/automotive_software_final/install/simulator/lib/pkgconfig/simulator.pc'
[0.857s] Level 1:colcon.colcon_core.environment:checking '/home/seok/automotive_software_final/install/simulator/lib/python3.10/site-packages'
[0.858s] Level 1:colcon.colcon_core.environment:checking '/home/seok/automotive_software_final/install/simulator/bin'
[0.858s] INFO:colcon.colcon_core.shell:Creating package script '/home/seok/automotive_software_final/install/simulator/share/simulator/package.ps1'
[0.859s] INFO:colcon.colcon_core.shell:Creating package descriptor '/home/seok/automotive_software_final/install/simulator/share/simulator/package.dsv'
[0.859s] INFO:colcon.colcon_core.shell:Creating package script '/home/seok/automotive_software_final/install/simulator/share/simulator/package.sh'
[0.859s] INFO:colcon.colcon_core.shell:Creating package script '/home/seok/automotive_software_final/install/simulator/share/simulator/package.bash'
[0.860s] INFO:colcon.colcon_core.shell:Creating package script '/home/seok/automotive_software_final/install/simulator/share/simulator/package.zsh'
[0.860s] Level 1:colcon.colcon_core.environment:create_file_with_runtime_dependencies(/home/seok/automotive_software_final/install/simulator/share/colcon-core/packages/simulator)
[0.861s] Level 1:colcon.colcon_core.environment:create_environment_scripts_only(evaluation)
[0.861s] Level 1:colcon.colcon_core.environment:checking '/home/seok/automotive_software_final/install/evaluation' for CMake module files
[0.861s] Level 1:colcon.colcon_core.environment:checking '/home/seok/automotive_software_final/install/evaluation' for CMake config files
[0.862s] Level 1:colcon.colcon_core.shell:create_environment_hook('evaluation', 'cmake_prefix_path')
[0.862s] INFO:colcon.colcon_core.shell:Creating environment hook '/home/seok/automotive_software_final/install/evaluation/share/evaluation/hook/cmake_prefix_path.ps1'
[0.862s] INFO:colcon.colcon_core.shell:Creating environment descriptor '/home/seok/automotive_software_final/install/evaluation/share/evaluation/hook/cmake_prefix_path.dsv'
[0.862s] INFO:colcon.colcon_core.shell:Creating environment hook '/home/seok/automotive_software_final/install/evaluation/share/evaluation/hook/cmake_prefix_path.sh'
[0.863s] Level 1:colcon.colcon_core.environment:checking '/home/seok/automotive_software_final/install/evaluation/lib'
[0.863s] Level 1:colcon.colcon_core.environment:checking '/home/seok/automotive_software_final/install/evaluation/bin'
[0.863s] Level 1:colcon.colcon_core.environment:checking '/home/seok/automotive_software_final/install/evaluation/lib/pkgconfig/evaluation.pc'
[0.863s] Level 1:colcon.colcon_core.environment:checking '/home/seok/automotive_software_final/install/evaluation/lib/python3.10/site-packages'
[0.863s] Level 1:colcon.colcon_core.environment:checking '/home/seok/automotive_software_final/install/evaluation/bin'
[0.863s] INFO:colcon.colcon_core.shell:Creating package script '/home/seok/automotive_software_final/install/evaluation/share/evaluation/package.ps1'
[0.864s] INFO:colcon.colcon_core.shell:Creating package descriptor '/home/seok/automotive_software_final/install/evaluation/share/evaluation/package.dsv'
[0.864s] INFO:colcon.colcon_core.shell:Creating package script '/home/seok/automotive_software_final/install/evaluation/share/evaluation/package.sh'
[0.864s] INFO:colcon.colcon_core.shell:Creating package script '/home/seok/automotive_software_final/install/evaluation/share/evaluation/package.bash'
[0.864s] INFO:colcon.colcon_core.shell:Creating package script '/home/seok/automotive_software_final/install/evaluation/share/evaluation/package.zsh'
[0.864s] Level 1:colcon.colcon_core.environment:create_file_with_runtime_dependencies(/home/seok/automotive_software_final/install/evaluation/share/colcon-core/packages/evaluation)
[0.868s] Level 1:colcon.colcon_core.environment:create_environment_scripts_only(mission_manager)
[0.868s] Level 1:colcon.colcon_core.environment:checking '/home/seok/automotive_software_final/install/mission_manager' for CMake module files
[0.868s] Level 1:colcon.colcon_core.environment:checking '/home/seok/automotive_software_final/install/mission_manager' for CMake config files
[0.869s] Level 1:colcon.colcon_core.shell:create_environment_hook('mission_manager', 'cmake_prefix_path')
[0.869s] INFO:colcon.colcon_core.shell:Creating environment hook '/home/seok/automotive_software_final/install/mission_manager/share/mission_manager/hook/cmake_prefix_path.ps1'
[0.869s] INFO:colcon.colcon_core.shell:Creating environment descriptor '/home/seok/automotive_software_final/install/mission_manager/share/mission_manager/hook/cmake_prefix_path.dsv'
[0.869s] INFO:colcon.colcon_core.shell:Creating environment hook '/home/seok/automotive_software_final/install/mission_manager/share/mission_manager/hook/cmake_prefix_path.sh'
[0.869s] Level 1:colcon.colcon_core.environment:checking '/home/seok/automotive_software_final/install/mission_manager/lib'
[0.870s] Level 1:colcon.colcon_core.environment:checking '/home/seok/automotive_software_final/install/mission_manager/bin'
[0.870s] Level 1:colcon.colcon_core.environment:checking '/home/seok/automotive_software_final/install/mission_manager/lib/pkgconfig/mission_manager.pc'
[0.870s] Level 1:colcon.colcon_core.environment:checking '/home/seok/automotive_software_final/install/mission_manager/lib/python3.10/site-packages'
[0.870s] Level 1:colcon.colcon_core.environment:checking '/home/seok/automotive_software_final/install/mission_manager/bin'
[0.870s] INFO:colcon.colcon_core.shell:Creating package script '/home/seok/automotive_software_final/install/mission_manager/share/mission_manager/package.ps1'
[0.870s] INFO:colcon.colcon_core.shell:Creating package descriptor '/home/seok/automotive_software_final/install/mission_manager/share/mission_manager/package.dsv'
[0.871s] INFO:colcon.colcon_core.shell:Creating package script '/home/seok/automotive_software_final/install/mission_manager/share/mission_manager/package.sh'
[0.871s] INFO:colcon.colcon_core.shell:Creating package script '/home/seok/automotive_software_final/install/mission_manager/share/mission_manager/package.bash'
[0.871s] INFO:colcon.colcon_core.shell:Creating package script '/home/seok/automotive_software_final/install/mission_manager/share/mission_manager/package.zsh'
[0.871s] Level 1:colcon.colcon_core.environment:create_file_with_runtime_dependencies(/home/seok/automotive_software_final/install/mission_manager/share/colcon-core/packages/mission_manager)
[0.878s] Level 1:colcon.colcon_core.environment:create_environment_scripts_only(simulator)
[0.879s] Level 1:colcon.colcon_core.environment:checking '/home/seok/automotive_software_final/install/simulator' for CMake module files
[0.879s] Level 1:colcon.colcon_core.environment:checking '/home/seok/automotive_software_final/install/simulator' for CMake config files
[0.879s] Level 1:colcon.colcon_core.shell:create_environment_hook('simulator', 'cmake_prefix_path')
[0.879s] INFO:colcon.colcon_core.shell:Creating environment hook '/home/seok/automotive_software_final/install/simulator/share/simulator/hook/cmake_prefix_path.ps1'
[0.880s] INFO:colcon.colcon_core.shell:Creating environment descriptor '/home/seok/automotive_software_final/install/simulator/share/simulator/hook/cmake_prefix_path.dsv'
[0.880s] INFO:colcon.colcon_core.shell:Creating environment hook '/home/seok/automotive_software_final/install/simulator/share/simulator/hook/cmake_prefix_path.sh'
[0.880s] Level 1:colcon.colcon_core.environment:checking '/home/seok/automotive_software_final/install/simulator/lib'
[0.880s] Level 1:colcon.colcon_core.environment:checking '/home/seok/automotive_software_final/install/simulator/bin'
[0.880s] Level 1:colcon.colcon_core.environment:checking '/home/seok/automotive_software_final/install/simulator/lib/pkgconfig/simulator.pc'
[0.880s] Level 1:colcon.colcon_core.environment:checking '/home/seok/automotive_software_final/install/simulator/lib/python3.10/site-packages'
[0.881s] Level 1:colcon.colcon_core.environment:checking '/home/seok/automotive_software_final/install/simulator/bin'
[0.881s] INFO:colcon.colcon_core.shell:Creating package script '/home/seok/automotive_software_final/install/simulator/share/simulator/package.ps1'
[0.881s] INFO:colcon.colcon_core.shell:Creating package descriptor '/home/seok/automotive_software_final/install/simulator/share/simulator/package.dsv'
[0.881s] INFO:colcon.colcon_core.shell:Creating package script '/home/seok/automotive_software_final/install/simulator/share/simulator/package.sh'
[0.882s] INFO:colcon.colcon_core.shell:Creating package script '/home/seok/automotive_software_final/install/simulator/share/simulator/package.bash'
[0.882s] INFO:colcon.colcon_core.shell:Creating package script '/home/seok/automotive_software_final/install/simulator/share/simulator/package.zsh'
[0.882s] Level 1:colcon.colcon_core.environment:create_file_with_runtime_dependencies(/home/seok/automotive_software_final/install/simulator/share/colcon-core/packages/simulator)
[20.977s] DEBUG:colcon.colcon_core.event_handler.log_command:Invoked command in '/home/seok/automotive_software_final/build/autonomous_driving' returned '0': CMAKE_PREFIX_PATH=/home/seok/automotive_software_final/install/ad_msgs:/home/seok/automotive_software_final/install/simulator:/home/seok/automotive_software_final/install/mission_manager:/home/seok/automotive_software_final/install/evaluation:/home/seok/automotive_software_final/install/autonomous_driving:/opt/ros/humble /usr/bin/cmake --build /home/seok/automotive_software_final/build/autonomous_driving -- -j28 -l28
[20.992s] DEBUG:colcon.colcon_core.event_handler.log_command:Invoking command in '/home/seok/automotive_software_final/build/autonomous_driving': CMAKE_PREFIX_PATH=/home/seok/automotive_software_final/install/ad_msgs:/home/seok/automotive_software_final/install/simulator:/home/seok/automotive_software_final/install/mission_manager:/home/seok/automotive_software_final/install/evaluation:/home/seok/automotive_software_final/install/autonomous_driving:/opt/ros/humble /usr/bin/cmake --install /home/seok/automotive_software_final/build/autonomous_driving
[21.005s] Level 1:colcon.colcon_core.environment:create_environment_scripts_only(autonomous_driving)
[21.006s] DEBUG:colcon.colcon_core.event_handler.log_command:Invoked command in '/home/seok/automotive_software_final/build/autonomous_driving' returned '0': CMAKE_PREFIX_PATH=/home/seok/automotive_software_final/install/ad_msgs:/home/seok/automotive_software_final/install/simulator:/home/seok/automotive_software_final/install/mission_manager:/home/seok/automotive_software_final/install/evaluation:/home/seok/automotive_software_final/install/autonomous_driving:/opt/ros/humble /usr/bin/cmake --install /home/seok/automotive_software_final/build/autonomous_driving
[21.006s] Level 1:colcon.colcon_core.environment:checking '/home/seok/automotive_software_final/install/autonomous_driving' for CMake module files
[21.006s] Level 1:colcon.colcon_core.environment:checking '/home/seok/automotive_software_final/install/autonomous_driving' for CMake config files
[21.006s] Level 1:colcon.colcon_core.shell:create_environment_hook('autonomous_driving', 'cmake_prefix_path')
[21.006s] INFO:colcon.colcon_core.shell:Creating environment hook '/home/seok/automotive_software_final/install/autonomous_driving/share/autonomous_driving/hook/cmake_prefix_path.ps1'
[21.007s] INFO:colcon.colcon_core.shell:Creating environment descriptor '/home/seok/automotive_software_final/install/autonomous_driving/share/autonomous_driving/hook/cmake_prefix_path.dsv'
[21.007s] INFO:colcon.colcon_core.shell:Creating environment hook '/home/seok/automotive_software_final/install/autonomous_driving/share/autonomous_driving/hook/cmake_prefix_path.sh'
[21.007s] Level 1:colcon.colcon_core.environment:checking '/home/seok/automotive_software_final/install/autonomous_driving/lib'
[21.007s] Level 1:colcon.colcon_core.environment:checking '/home/seok/automotive_software_final/install/autonomous_driving/bin'
[21.007s] Level 1:colcon.colcon_core.environment:checking '/home/seok/automotive_software_final/install/autonomous_driving/lib/pkgconfig/autonomous_driving.pc'
[21.007s] Level 1:colcon.colcon_core.environment:checking '/home/seok/automotive_software_final/install/autonomous_driving/lib/python3.10/site-packages'
[21.007s] Level 1:colcon.colcon_core.environment:checking '/home/seok/automotive_software_final/install/autonomous_driving/bin'
[21.008s] INFO:colcon.colcon_core.shell:Creating package script '/home/seok/automotive_software_final/install/autonomous_driving/share/autonomous_driving/package.ps1'
[21.008s] INFO:colcon.colcon_core.shell:Creating package descriptor '/home/seok/automotive_software_final/install/autonomous_driving/share/autonomous_driving/package.dsv'
[21.008s] INFO:colcon.colcon_core.shell:Creating package script '/home/seok/automotive_software_final/install/autonomous_driving/share/autonomous_driving/package.sh'
[21.008s] INFO:colcon.colcon_core.shell:Creating package script '/home/seok/automotive_software_final/install/autonomous_driving/share/autonomous_driving/package.bash'
[21.008s] INFO:colcon.colcon_core.shell:Creating package script '/home/seok/automotive_software_final/install/autonomous_driving/share/autonomous_driving/package.zsh'
[21.008s] Level 1:colcon.colcon_core.environment:create_file_with_runtime_dependencies(/home/seok/automotive_software_final/install/autonomous_driving/share/colcon-core/packages/autonomous_driving)
[21.023s] Level 1:colcon.colcon_core.environment:create_environment_scripts_only(autonomous_driving)
[21.023s] Level 1:colcon.colcon_core.environment:checking '/home/seok/automotive_software_final/install/autonomous_driving' for CMake module files
[21.023s] Level 1:colcon.colcon_core.environment:checking '/home/seok/automotive_software_final/install/autonomous_driving' for CMake config files
[21.023s] Level 1:colcon.colcon_core.shell:create_environment_hook('autonomous_driving', 'cmake_prefix_path')
[21.023s] INFO:colcon.colcon_core.shell:Creating environment hook '/home/seok/automotive_software_final/install/autonomous_driving/share/autonomous_driving/hook/cmake_prefix_path.ps1'
[21.024s] INFO:colcon.colcon_core.shell:Creating environment descriptor '/home/seok/automotive_software_final/install/autonomous_driving/share/autonomous_driving/hook/cmake_prefix_path.dsv'
[21.024s] INFO:colcon.colcon_core.shell:Creating environment hook '/home/seok/automotive_software_final/install/autonomous_driving/share/autonomous_driving/hook/cmake_prefix_path.sh'
[21.024s] Level 1:colcon.colcon_core.environment:checking '/home/seok/automotive_software_final/install/autonomous_driving/lib'
[21.024s] Level 1:colcon.colcon_core.environment:checking '/home/seok/automotive_software_final/install/autonomous_driving/bin'
[21.024s] Level 1:colcon.colcon_core.environment:checking '/home/seok/automotive_software_final/install/autonomous_driving/lib/pkgconfig/autonomous_driving.pc'
[21.024s] Level 1:colcon.colcon_core.environment:checking '/home/seok/automotive_software_final/install/autonomous_driving/lib/python3.10/site-packages'
[21.025s] Level 1:colcon.colcon_core.environment:checking '/home/seok/automotive_software_final/install/autonomous_driving/bin'
[21.025s] INFO:colcon.colcon_core.shell:Creating package script '/home/seok/automotive_software_final/install/autonomous_driving/share/autonomous_driving/package.ps1'
[21.025s] INFO:colcon.colcon_core.shell:Creating package descriptor '/home/seok/automotive_software_final/install/autonomous_driving/share/autonomous_driving/package.dsv'
[21.025s] INFO:colcon.colcon_core.shell:Creating package script '/home/seok/automotive_software_final/install/autonomous_driving/share/autonomous_driving/package.sh'
[21.025s] INFO:colcon.colcon_core.shell:Creating package script '/home/seok/automotive_software_final/install/autonomous_driving/share/autonomous_driving/package.bash'
[21.026s] INFO:colcon.colcon_core.shell:Creating package script '/home/seok/automotive_software_final/install/autonomous_driving/share/autonomous_driving/package.zsh'
[21.026s] Level 1:colcon.colcon_core.environment:create_file_with_runtime_dependencies(/home/seok/automotive_software_final/install/autonomous_driving/share/colcon-core/packages/autonomous_driving)
[21.026s] DEBUG:colcon.colcon_parallel_executor.executor.parallel:closing loop
[21.026s] DEBUG:colcon.colcon_parallel_executor.executor.parallel:loop closed
[21.027s] DEBUG:colcon.colcon_parallel_executor.executor.parallel:run_until_complete finished with '0'
[21.027s] DEBUG:colcon.colcon_core.event_reactor:joining thread
[21.041s] INFO:colcon.colcon_core.plugin_system:Skipping extension 'colcon_notification.desktop_notification.notify_send': Could not find 'notify-send'
[21.042s] INFO:colcon.colcon_core.plugin_system:Skipping extension 'colcon_notification.desktop_notification.terminal_notifier': Not used on non-Darwin systems
[21.042s] INFO:colcon.colcon_core.plugin_system:Skipping extension 'colcon_notification.desktop_notification.win32': Not used on non-Windows systems
[21.042s] INFO:colcon.colcon_notification.desktop_notification:Sending desktop notification using 'notify2'
[21.043s] DEBUG:colcon.colcon_notification.desktop_notification.notify2:Failed to initialize notify2: org.freedesktop.DBus.Error.ServiceUnknown: The name org.freedesktop.Notifications was not provided by any .service files
[21.043s] DEBUG:colcon.colcon_core.event_reactor:joined thread
[21.043s] INFO:colcon.colcon_core.shell:Creating prefix script '/home/seok/automotive_software_final/install/local_setup.ps1'
[21.044s] INFO:colcon.colcon_core.shell:Creating prefix util module '/home/seok/automotive_software_final/install/_local_setup_util_ps1.py'
[21.044s] INFO:colcon.colcon_core.shell:Creating prefix chain script '/home/seok/automotive_software_final/install/setup.ps1'
[21.045s] INFO:colcon.colcon_core.shell:Creating prefix script '/home/seok/automotive_software_final/install/local_setup.sh'
[21.045s] INFO:colcon.colcon_core.shell:Creating prefix util module '/home/seok/automotive_software_final/install/_local_setup_util_sh.py'
[21.045s] INFO:colcon.colcon_core.shell:Creating prefix chain script '/home/seok/automotive_software_final/install/setup.sh'
[21.046s] INFO:colcon.colcon_core.shell:Creating prefix script '/home/seok/automotive_software_final/install/local_setup.bash'
[21.046s] INFO:colcon.colcon_core.shell:Creating prefix chain script '/home/seok/automotive_software_final/install/setup.bash'
[21.046s] INFO:colcon.colcon_core.shell:Creating prefix script '/home/seok/automotive_software_final/install/local_setup.zsh'
[21.047s] INFO:colcon.colcon_core.shell:Creating prefix chain script '/home/seok/automotive_software_final/install/setup.zsh'
