[0.041s] Invoking command in '/home/seok/automotive_software_final/build/autonomous_driving': CMAKE_PREFIX_PATH=/home/seok/automotive_software_final/install/ad_msgs:/home/seok/automotive_software_final/install/simulator:/home/seok/automotive_software_final/install/mission_manager:/home/seok/automotive_software_final/install/evaluation:/home/seok/automotive_software_final/install/autonomous_driving:/opt/ros/humble /usr/bin/cmake --build /home/seok/automotive_software_final/build/autonomous_driving -- -j28 -l28
[0.073s] [35m[1mConsolidate compiler generated dependencies of target control_node[0m
[0.077s] [ 20%] Built target behavior_planner_node
[0.083s] [ 40%] Built target trajectory_planner_node
[0.084s] [ 60%] Built target driving_way_node
[0.085s] [ 80%] Built target autonomous_driving_node
[0.085s] [ 90%] [32mBuilding CXX object CMakeFiles/control_node.dir/src/control_node.cpp.o[0m
[10.675s] [100%] [32m[1mLinking CXX executable control_node[0m
[11.318s] [100%] Built target control_node
[11.324s] Invoked command in '/home/seok/automotive_software_final/build/autonomous_driving' returned '0': CMAKE_PREFIX_PATH=/home/seok/automotive_software_final/install/ad_msgs:/home/seok/automotive_software_final/install/simulator:/home/seok/automotive_software_final/install/mission_manager:/home/seok/automotive_software_final/install/evaluation:/home/seok/automotive_software_final/install/autonomous_driving:/opt/ros/humble /usr/bin/cmake --build /home/seok/automotive_software_final/build/autonomous_driving -- -j28 -l28
[11.343s] Invoking command in '/home/seok/automotive_software_final/build/autonomous_driving': CMAKE_PREFIX_PATH=/home/seok/automotive_software_final/install/ad_msgs:/home/seok/automotive_software_final/install/simulator:/home/seok/automotive_software_final/install/mission_manager:/home/seok/automotive_software_final/install/evaluation:/home/seok/automotive_software_final/install/autonomous_driving:/opt/ros/humble /usr/bin/cmake --install /home/seok/automotive_software_final/build/autonomous_driving
[11.348s] -- Install configuration: ""
[11.348s] -- Up-to-date: /home/seok/automotive_software_final/install/autonomous_driving/lib/autonomous_driving/autonomous_driving_node
[11.348s] -- Up-to-date: /home/seok/automotive_software_final/install/autonomous_driving/lib/autonomous_driving/driving_way_node
[11.348s] -- Installing: /home/seok/automotive_software_final/install/autonomous_driving/lib/autonomous_driving/behavior_planner_node
[11.355s] -- Set runtime path of "/home/seok/automotive_software_final/install/autonomous_driving/lib/autonomous_driving/behavior_planner_node" to ""
[11.355s] -- Up-to-date: /home/seok/automotive_software_final/install/autonomous_driving/lib/autonomous_driving/trajectory_planner_node
[11.355s] -- Installing: /home/seok/automotive_software_final/install/autonomous_driving/lib/autonomous_driving/control_node
[11.361s] -- Set runtime path of "/home/seok/automotive_software_final/install/autonomous_driving/lib/autonomous_driving/control_node" to ""
[11.361s] -- Up-to-date: /home/seok/automotive_software_final/install/autonomous_driving/share/autonomous_driving/launch
[11.361s] -- Up-to-date: /home/seok/automotive_software_final/install/autonomous_driving/share/autonomous_driving/launch/manual_driving.launch.xml
[11.361s] -- Installing: /home/seok/automotive_software_final/install/autonomous_driving/share/autonomous_driving/launch/autonomous_driving.launch.xml
[11.361s] -- Up-to-date: /home/seok/automotive_software_final/install/autonomous_driving/lib/autonomous_driving/simultaneous_inputs.py
[11.361s] -- Up-to-date: /home/seok/automotive_software_final/install/autonomous_driving/share/ament_index/resource_index/package_run_dependencies/autonomous_driving
[11.361s] -- Up-to-date: /home/seok/automotive_software_final/install/autonomous_driving/share/ament_index/resource_index/parent_prefix_path/autonomous_driving
[11.362s] -- Up-to-date: /home/seok/automotive_software_final/install/autonomous_driving/share/autonomous_driving/environment/ament_prefix_path.sh
[11.362s] -- Installing: /home/seok/automotive_software_final/install/autonomous_driving/share/autonomous_driving/environment/ament_prefix_path.dsv
[11.362s] -- Up-to-date: /home/seok/automotive_software_final/install/autonomous_driving/share/autonomous_driving/environment/path.sh
[11.362s] -- Installing: /home/seok/automotive_software_final/install/autonomous_driving/share/autonomous_driving/environment/path.dsv
[11.362s] -- Up-to-date: /home/seok/automotive_software_final/install/autonomous_driving/share/autonomous_driving/local_setup.bash
[11.362s] -- Up-to-date: /home/seok/automotive_software_final/install/autonomous_driving/share/autonomous_driving/local_setup.sh
[11.362s] -- Up-to-date: /home/seok/automotive_software_final/install/autonomous_driving/share/autonomous_driving/local_setup.zsh
[11.362s] -- Installing: /home/seok/automotive_software_final/install/autonomous_driving/share/autonomous_driving/local_setup.dsv
[11.362s] -- Installing: /home/seok/automotive_software_final/install/autonomous_driving/share/autonomous_driving/package.dsv
[11.362s] -- Up-to-date: /home/seok/automotive_software_final/install/autonomous_driving/share/ament_index/resource_index/packages/autonomous_driving
[11.362s] -- Up-to-date: /home/seok/automotive_software_final/install/autonomous_driving/share/autonomous_driving/cmake/autonomous_drivingConfig.cmake
[11.362s] -- Up-to-date: /home/seok/automotive_software_final/install/autonomous_driving/share/autonomous_driving/cmake/autonomous_drivingConfig-version.cmake
[11.362s] -- Up-to-date: /home/seok/automotive_software_final/install/autonomous_driving/share/autonomous_driving/package.xml
[11.363s] Invoked command in '/home/seok/automotive_software_final/build/autonomous_driving' returned '0': CMAKE_PREFIX_PATH=/home/seok/automotive_software_final/install/ad_msgs:/home/seok/automotive_software_final/install/simulator:/home/seok/automotive_software_final/install/mission_manager:/home/seok/automotive_software_final/install/evaluation:/home/seok/automotive_software_final/install/autonomous_driving:/opt/ros/humble /usr/bin/cmake --install /home/seok/automotive_software_final/build/autonomous_driving
