[0.140s] Invoking command in '/home/seok/automotive_software_final/build/simulator': AMENT_PREFIX_PATH=/home/seok/automotive_software_final/install/ad_msgs:${AMENT_PREFIX_PATH} CMAKE_PREFIX_PATH=/home/seok/automotive_software_final/install/ad_msgs:/opt/ros/humble LD_LIBRARY_PATH=/home/seok/automotive_software_final/install/ad_msgs/lib:${LD_LIBRARY_PATH} PYTHONPATH=/home/seok/automotive_software_final/install/ad_msgs/local/lib/python3.10/dist-packages:${PYTHONPATH} /usr/bin/cmake /home/seok/automotive_software_final/src/app/simulator -DCMAKE_INSTALL_PREFIX=/home/seok/automotive_software_final/install/simulator
[0.300s] -- The C compiler identification is GNU 11.4.0
[0.918s] -- The CXX compiler identification is GNU 11.4.0
[1.151s] -- Detecting C compiler ABI info
[1.374s] -- Detecting C compiler ABI info - done
[1.384s] -- Check for working C compiler: /usr/bin/cc - skipped
[1.385s] -- Detecting C compile features
[1.385s] -- Detecting C compile features - done
[1.392s] -- Detecting CXX compiler ABI info
[1.630s] -- Detecting CXX compiler ABI info - done
[1.642s] -- Check for working CXX compiler: /usr/bin/c++ - skipped
[1.642s] -- Detecting CXX compile features
[1.643s] -- Detecting CXX compile features - done
[1.646s] -- Found ament_cmake: 1.3.10 (/opt/ros/humble/share/ament_cmake/cmake)
[1.850s] -- Found Python3: /usr/bin/python3 (found version "3.10.12") found components: Interpreter 
[1.999s] -- Found rclcpp: 16.0.10 (/opt/ros/humble/share/rclcpp/cmake)
[2.236s] -- Found rosidl_generator_c: 3.1.5 (/opt/ros/humble/share/rosidl_generator_c/cmake)
[2.241s] -- Found rosidl_adapter: 3.1.5 (/opt/ros/humble/share/rosidl_adapter/cmake)
[2.255s] -- Found rosidl_generator_cpp: 3.1.5 (/opt/ros/humble/share/rosidl_generator_cpp/cmake)
[2.275s] -- Using all available rosidl_typesupport_c: rosidl_typesupport_fastrtps_c;rosidl_typesupport_introspection_c
[2.303s] -- Using all available rosidl_typesupport_cpp: rosidl_typesupport_fastrtps_cpp;rosidl_typesupport_introspection_cpp
[2.373s] -- Found rmw_implementation_cmake: 6.1.2 (/opt/ros/humble/share/rmw_implementation_cmake/cmake)
[2.377s] -- Found rmw_fastrtps_cpp: 6.2.7 (/opt/ros/humble/share/rmw_fastrtps_cpp/cmake)
[3.992s] -- Found OpenSSL: /usr/lib/x86_64-linux-gnu/libcrypto.so (found version "3.0.2")  
[4.931s] -- Found FastRTPS: /opt/ros/humble/include  
[6.555s] -- Using RMW implementation 'rmw_fastrtps_cpp' as default
[6.565s] -- Looking for pthread.h
[6.738s] -- Looking for pthread.h - found
[6.738s] -- Performing Test CMAKE_HAVE_LIBC_PTHREAD
[6.909s] -- Performing Test CMAKE_HAVE_LIBC_PTHREAD - Success
[6.910s] -- Found Threads: TRUE  
[6.982s] -- Found visualization_msgs: 4.2.4 (/opt/ros/humble/share/visualization_msgs/cmake)
[7.049s] -- Found ad_msgs: 0.0.0 (/home/seok/automotive_software_final/install/ad_msgs/share/ad_msgs/cmake)
[7.097s] -- Found tf2: 0.25.8 (/opt/ros/humble/share/tf2/cmake)
[7.108s] -- Found tf2_ros: 0.25.8 (/opt/ros/humble/share/tf2_ros/cmake)
[7.243s] -- Found Boost: /usr/lib/x86_64-linux-gnu/cmake/Boost-1.74.0/BoostConfig.cmake (found version "1.74.0") found components: system filesystem 
[7.444s] -- Configuring done
[7.556s] -- Generating done
[7.567s] -- Build files have been written to: /home/seok/automotive_software_final/build/simulator
[7.609s] Invoked command in '/home/seok/automotive_software_final/build/simulator' returned '0': AMENT_PREFIX_PATH=/home/seok/automotive_software_final/install/ad_msgs:${AMENT_PREFIX_PATH} CMAKE_PREFIX_PATH=/home/seok/automotive_software_final/install/ad_msgs:/opt/ros/humble LD_LIBRARY_PATH=/home/seok/automotive_software_final/install/ad_msgs/lib:${LD_LIBRARY_PATH} PYTHONPATH=/home/seok/automotive_software_final/install/ad_msgs/local/lib/python3.10/dist-packages:${PYTHONPATH} /usr/bin/cmake /home/seok/automotive_software_final/src/app/simulator -DCMAKE_INSTALL_PREFIX=/home/seok/automotive_software_final/install/simulator
[7.615s] Invoking command in '/home/seok/automotive_software_final/build/simulator': AMENT_PREFIX_PATH=/home/seok/automotive_software_final/install/ad_msgs:${AMENT_PREFIX_PATH} CMAKE_PREFIX_PATH=/home/seok/automotive_software_final/install/ad_msgs:/opt/ros/humble LD_LIBRARY_PATH=/home/seok/automotive_software_final/install/ad_msgs/lib:${LD_LIBRARY_PATH} PYTHONPATH=/home/seok/automotive_software_final/install/ad_msgs/local/lib/python3.10/dist-packages:${PYTHONPATH} /usr/bin/cmake --build /home/seok/automotive_software_final/build/simulator -- -j8 -l8
[7.716s] [ 14%] [32mBuilding CXX object CMakeFiles/display.dir/src/display/display_node.cpp.o[0m
[7.723s] [ 28%] [32mBuilding CXX object CMakeFiles/vehicle.dir/src/vehicle/vehicle_simulator_node.cpp.o[0m
[7.734s] [ 42%] [32mBuilding CXX object CMakeFiles/lane_detection.dir/home/seok/automotive_software_final/src/bsw/system/interface/interface_lane.cpp.o[0m
[7.743s] [ 57%] [32mBuilding CXX object CMakeFiles/lane_detection.dir/src/lane_detection/lane_detection_node.cpp.o[0m
[14.205s] [01m[K/home/seok/automotive_software_final/src/bsw/system/interface/interface_lane.cpp:[m[K In member function ‘[01m[Kbool SLanes::ImportLaneCsvFile(std::string)[m[K’:
[14.207s] [01m[K/home/seok/automotive_software_final/src/bsw/system/interface/interface_lane.cpp:26:9:[m[K [01;35m[Kwarning: [m[Kunused variable ‘[01m[KnLaneID[m[K’ [[01;35m[K]8;;https://gcc.gnu.org/onlinedocs/gcc/Warning-Options.html#index-Wunused-variable-Wunused-variable]8;;[m[K]
[14.207s]    26 |     int [01;35m[KnLaneID[m[K = 0;
[14.207s]       |         [01;35m[K^~~~~~~[m[K
[155.621s] [ 71%] [32m[1mLinking CXX executable lane_detection[0m
[156.677s] [ 71%] Built target lane_detection
[180.580s] [ 85%] [32m[1mLinking CXX executable vehicle[0m
[181.852s] [ 85%] Built target vehicle
[193.568s] [100%] [32m[1mLinking CXX executable display[0m
[195.908s] [100%] Built target display
