[01m[K/home/jeongwoo/Automotive_software_final/src/app/autonomous_driving/src/driving_way_node.cpp:103:6:[m[K [01;31m[Kerror: [m[K‘[01m[KAutonomousDriving[m[K’ has not been declared
  103 | void [01;31m[KAutonomousDriving[m[K::splitLanePoints(const ad_msgs::msg::LanePointData& lane_points){
      |      [01;31m[K^~~~~~~~~~~~~~~~~[m[K
[01m[K/home/jeongwoo/Automotive_software_final/src/app/autonomous_driving/src/driving_way_node.cpp:[m[K In function ‘[01m[Kvoid splitLanePoints(const LanePointData&)[m[K’:
[01m[K/home/jeongwoo/Automotive_software_final/src/app/autonomous_driving/src/driving_way_node.cpp:104:9:[m[K [01;31m[Kerror: [m[K‘[01m[Kis_init[m[K’ was not declared in this scope; did you mean ‘[01m[Kisdigit[m[K’?
  104 |     if(![01;31m[Kis_init[m[K){
      |         [01;31m[K^~~~~~~[m[K
      |         [32m[Kisdigit[m[K
[01m[K/home/jeongwoo/Automotive_software_final/src/app/autonomous_driving/src/driving_way_node.cpp:123:9:[m[K [01;31m[Kerror: [m[K‘[01m[Klane_point_LEFT[m[K’ was not declared in this scope; did you mean ‘[01m[Klane_points[m[K’?
  123 |         [01;31m[Klane_point_LEFT[m[K.point.clear();
      |         [01;31m[K^~~~~~~~~~~~~~~[m[K
      |         [32m[Klane_points[m[K
[01m[K/home/jeongwoo/Automotive_software_final/src/app/autonomous_driving/src/driving_way_node.cpp:124:9:[m[K [01;31m[Kerror: [m[K‘[01m[Klane_point_RIGHT[m[K’ was not declared in this scope; did you mean ‘[01m[Klane_points[m[K’?
  124 |         [01;31m[Klane_point_RIGHT[m[K.point.clear();
      |         [01;31m[K^~~~~~~~~~~~~~~~[m[K
      |         [32m[Klane_points[m[K
[01m[K/home/jeongwoo/Automotive_software_final/src/app/autonomous_driving/src/driving_way_node.cpp:158:9:[m[K [01;31m[Kerror: [m[K‘[01m[Klane_point_LEFT[m[K’ was not declared in this scope; did you mean ‘[01m[Klane_points[m[K’?
  158 |         [01;31m[Klane_point_LEFT[m[K.point.clear();
      |         [01;31m[K^~~~~~~~~~~~~~~[m[K
      |         [32m[Klane_points[m[K
[01m[K/home/jeongwoo/Automotive_software_final/src/app/autonomous_driving/src/driving_way_node.cpp:159:9:[m[K [01;31m[Kerror: [m[K‘[01m[Klane_point_RIGHT[m[K’ was not declared in this scope; did you mean ‘[01m[Klane_points[m[K’?
  159 |         [01;31m[Klane_point_RIGHT[m[K.point.clear();
      |         [01;31m[K^~~~~~~~~~~~~~~~[m[K
      |         [32m[Klane_points[m[K
[01m[K/home/jeongwoo/Automotive_software_final/src/app/autonomous_driving/src/driving_way_node.cpp:168:28:[m[K [01;31m[Kerror: [m[K‘[01m[Kprev_driving_way_[m[K’ was not declared in this scope
  168 |             float Y_poly = [01;31m[Kprev_driving_way_[m[K.a3 * std::pow(x, 3) +
      |                            [01;31m[K^~~~~~~~~~~~~~~~~[m[K
[01m[K/home/jeongwoo/Automotive_software_final/src/app/autonomous_driving/src/driving_way_node.cpp:[m[K At global scope:
[01m[K/home/jeongwoo/Automotive_software_final/src/app/autonomous_driving/src/driving_way_node.cpp:193:6:[m[K [01;31m[Kerror: [m[K‘[01m[KAutonomousDriving[m[K’ has not been declared
  193 | void [01;31m[KAutonomousDriving[m[K::process_lanes() {
      |      [01;31m[K^~~~~~~~~~~~~~~~~[m[K
[01m[K/home/jeongwoo/Automotive_software_final/src/app/autonomous_driving/src/driving_way_node.cpp:[m[K In function ‘[01m[Kvoid process_lanes()[m[K’:
[01m[K/home/jeongwoo/Automotive_software_final/src/app/autonomous_driving/src/driving_way_node.cpp:195:5:[m[K [01;31m[Kerror: [m[K‘[01m[Knum_points_LEFT[m[K’ was not declared in this scope
  195 |     [01;31m[Knum_points_LEFT[m[K = lane_point_LEFT.point.size();
      |     [01;31m[K^~~~~~~~~~~~~~~[m[K
[01m[K/home/jeongwoo/Automotive_software_final/src/app/autonomous_driving/src/driving_way_node.cpp:195:23:[m[K [01;31m[Kerror: [m[K‘[01m[Klane_point_LEFT[m[K’ was not declared in this scope
  195 |     num_points_LEFT = [01;31m[Klane_point_LEFT[m[K.point.size();
      |                       [01;31m[K^~~~~~~~~~~~~~~[m[K
[01m[K/home/jeongwoo/Automotive_software_final/src/app/autonomous_driving/src/driving_way_node.cpp:196:5:[m[K [01;31m[Kerror: [m[K‘[01m[Knum_points_RIGHT[m[K’ was not declared in this scope
  196 |     [01;31m[Knum_points_RIGHT[m[K = lane_point_RIGHT.point.size();
      |     [01;31m[K^~~~~~~~~~~~~~~~[m[K
[01m[K/home/jeongwoo/Automotive_software_final/src/app/autonomous_driving/src/driving_way_node.cpp:196:24:[m[K [01;31m[Kerror: [m[K‘[01m[Klane_point_RIGHT[m[K’ was not declared in this scope
  196 |     num_points_RIGHT = [01;31m[Klane_point_RIGHT[m[K.point.size();
      |                        [01;31m[K^~~~~~~~~~~~~~~~[m[K
[01m[K/home/jeongwoo/Automotive_software_final/src/app/autonomous_driving/src/driving_way_node.cpp:197:5:[m[K [01;31m[Kerror: [m[K‘[01m[KX_LEFT[m[K’ was not declared in this scope
  197 |     [01;31m[KX_LEFT[m[K.resize(num_points_LEFT);
      |     [01;31m[K^~~~~~[m[K
[01m[K/home/jeongwoo/Automotive_software_final/src/app/autonomous_driving/src/driving_way_node.cpp:198:5:[m[K [01;31m[Kerror: [m[K‘[01m[KY_LEFT[m[K’ was not declared in this scope
  198 |     [01;31m[KY_LEFT[m[K.resize(num_points_LEFT);
      |     [01;31m[K^~~~~~[m[K
[01m[K/home/jeongwoo/Automotive_software_final/src/app/autonomous_driving/src/driving_way_node.cpp:199:5:[m[K [01;31m[Kerror: [m[K‘[01m[KX_RIGHT[m[K’ was not declared in this scope
  199 |     [01;31m[KX_RIGHT[m[K.resize(num_points_RIGHT);
      |     [01;31m[K^~~~~~~[m[K
[01m[K/home/jeongwoo/Automotive_software_final/src/app/autonomous_driving/src/driving_way_node.cpp:200:5:[m[K [01;31m[Kerror: [m[K‘[01m[KY_RIGHT[m[K’ was not declared in this scope
  200 |     [01;31m[KY_RIGHT[m[K.resize(num_points_RIGHT);
      |     [01;31m[K^~~~~~~[m[K
[01m[K/home/jeongwoo/Automotive_software_final/src/app/autonomous_driving/src/driving_way_node.cpp:212:9:[m[K [01;31m[Kerror: [m[K‘[01m[KA_LEFT[m[K’ was not declared in this scope
  212 |         [01;31m[KA_LEFT[m[K = calculateA(X_LEFT, Y_LEFT);
      |         [01;31m[K^~~~~~[m[K
[01m[K/home/jeongwoo/Automotive_software_final/src/app/autonomous_driving/src/driving_way_node.cpp:212:18:[m[K [01;31m[Kerror: [m[K‘[01m[KcalculateA[m[K’ was not declared in this scope
  212 |         A_LEFT = [01;31m[KcalculateA[m[K(X_LEFT, Y_LEFT);
      |                  [01;31m[K^~~~~~~~~~[m[K
[01m[K/home/jeongwoo/Automotive_software_final/src/app/autonomous_driving/src/driving_way_node.cpp:213:9:[m[K [01;31m[Kerror: [m[K‘[01m[KA_RIGHT[m[K’ was not declared in this scope
  213 |         [01;31m[KA_RIGHT[m[K = calculateA(X_RIGHT, Y_RIGHT);
      |         [01;31m[K^~~~~~~[m[K
[01m[K/home/jeongwoo/Automotive_software_final/src/app/autonomous_driving/src/driving_way_node.cpp:[m[K In member function ‘[01m[Kvoid DrivingWayNode::PublishDrivingWay(const rclcpp::Time&)[m[K’:
[01m[K/home/jeongwoo/Automotive_software_final/src/app/autonomous_driving/src/driving_way_node.cpp:317:60:[m[K [01;35m[Kwarning: [m[Kunused parameter ‘[01m[Kcurrent_time[m[K’ [[01;35m[K]8;;https://gcc.gnu.org/onlinedocs/gcc/Warning-Options.html#index-Wunused-parameter-Wunused-parameter]8;;[m[K]
  317 | void DrivingWayNode::PublishDrivingWay([01;35m[Kconst rclcpp::Time& current_time[m[K) {
      |                                        [01;35m[K~~~~~~~~~~~~~~~~~~~~^~~~~~~~~~~~[m[K
gmake[2]: *** [CMakeFiles/driving_way_node.dir/build.make:76: CMakeFiles/driving_way_node.dir/src/driving_way_node.cpp.o] Error 1
gmake[1]: *** [CMakeFiles/Makefile2:167: CMakeFiles/driving_way_node.dir/all] Error 2
gmake: *** [Makefile:146: all] Error 2
