-- The C compiler identification is GNU 11.4.0
-- The CXX compiler identification is GNU 11.4.0
-- Detecting C compiler ABI info
-- Detecting C compiler ABI info - done
-- Check for working C compiler: /usr/bin/cc - skipped
-- Detecting C compile features
-- Detecting C compile features - done
-- Detecting CXX compiler ABI info
-- Detecting CXX compiler ABI info - done
-- Check for working CXX compiler: /usr/bin/c++ - skipped
-- Detecting CXX compile features
-- Detecting CXX compile features - done
-- Found ament_cmake: 1.3.10 (/opt/ros/humble/share/ament_cmake/cmake)
-- Found Python3: /usr/bin/python3 (found version "3.10.12") found components: Interpreter 
-- Found rclcpp: 16.0.10 (/opt/ros/humble/share/rclcpp/cmake)
-- Found rosidl_generator_c: 3.1.5 (/opt/ros/humble/share/rosidl_generator_c/cmake)
-- Found rosidl_adapter: 3.1.5 (/opt/ros/humble/share/rosidl_adapter/cmake)
-- Found rosidl_generator_cpp: 3.1.5 (/opt/ros/humble/share/rosidl_generator_cpp/cmake)
-- Using all available rosidl_typesupport_c: rosidl_typesupport_fastrtps_c;rosidl_typesupport_introspection_c
-- Using all available rosidl_typesupport_cpp: rosidl_typesupport_fastrtps_cpp;rosidl_typesupport_introspection_cpp
-- Found rmw_implementation_cmake: 6.1.2 (/opt/ros/humble/share/rmw_implementation_cmake/cmake)
-- Found rmw_fastrtps_cpp: 6.2.7 (/opt/ros/humble/share/rmw_fastrtps_cpp/cmake)
-- Found OpenSSL: /usr/lib/x86_64-linux-gnu/libcrypto.so (found version "3.0.2")  
-- Found FastRTPS: /opt/ros/humble/include  
-- Using RMW implementation 'rmw_fastrtps_cpp' as default
-- Looking for pthread.h
-- Looking for pthread.h - found
-- Performing Test CMAKE_HAVE_LIBC_PTHREAD
-- Performing Test CMAKE_HAVE_LIBC_PTHREAD - Success
-- Found Threads: TRUE  
-- Found ad_msgs: 0.0.0 (/home/jeongwoo/Automotive_software_final/install/ad_msgs/share/ad_msgs/cmake)
-- Found tf2: 0.25.8 (/opt/ros/humble/share/tf2/cmake)
-- Found tf2_ros: 0.25.8 (/opt/ros/humble/share/tf2_ros/cmake)
-- Configuring done
-- Generating done
-- Build files have been written to: /home/jeongwoo/Automotive_software_final/build/autonomous_driving
[ 16%] [32mBuilding CXX object CMakeFiles/autonomous_driving_node.dir/src/autonomous_driving_node.cpp.o[0m
[ 33%] [32mBuilding CXX object CMakeFiles/driving_way_node.dir/src/driving_way_node.cpp.o[0m
[ 50%] [32mBuilding CXX object CMakeFiles/behavior_planner_node.dir/src/behavior_planner_node.cpp.o[0m
[01m[K/home/jeongwoo/Automotive_software_final/src/app/autonomous_driving/src/driving_way_node.cpp:103:6:[m[K [01;31m[Kerror: [m[K‘[01m[KAutonomousDriving[m[K’ has not been declared
  103 | void [01;31m[KAutonomousDriving[m[K::splitLanePoints(const ad_msgs::msg::LanePointData& lane_points){
      |      [01;31m[K^~~~~~~~~~~~~~~~~[m[K
[01m[K/home/jeongwoo/Automotive_software_final/src/app/autonomous_driving/src/driving_way_node.cpp:[m[K In function ‘[01m[Kvoid splitLanePoints(const LanePointData&)[m[K’:
[01m[K/home/jeongwoo/Automotive_software_final/src/app/autonomous_driving/src/driving_way_node.cpp:104:9:[m[K [01;31m[Kerror: [m[K‘[01m[Kis_init[m[K’ was not declared in this scope; did you mean ‘[01m[Kisdigit[m[K’?
  104 |     if(![01;31m[Kis_init[m[K){
      |         [01;31m[K^~~~~~~[m[K
      |         [32m[Kisdigit[m[K
[01m[K/home/jeongwoo/Automotive_software_final/src/app/autonomous_driving/src/driving_way_node.cpp:123:9:[m[K [01;31m[Kerror: [m[K‘[01m[Klane_point_LEFT[m[K’ was not declared in this scope; did you mean ‘[01m[Klane_points[m[K’?
  123 |         [01;31m[Klane_point_LEFT[m[K.point.clear();
      |         [01;31m[K^~~~~~~~~~~~~~~[m[K
      |         [32m[Klane_points[m[K
[01m[K/home/jeongwoo/Automotive_software_final/src/app/autonomous_driving/src/driving_way_node.cpp:124:9:[m[K [01;31m[Kerror: [m[K‘[01m[Klane_point_RIGHT[m[K’ was not declared in this scope; did you mean ‘[01m[Klane_points[m[K’?
  124 |         [01;31m[Klane_point_RIGHT[m[K.point.clear();
      |         [01;31m[K^~~~~~~~~~~~~~~~[m[K
      |         [32m[Klane_points[m[K
In file included from [01m[K/opt/ros/humble/include/rclcpp/rclcpp/client.hpp:40[m[K,
                 from [01m[K/opt/ros/humble/include/rclcpp/rclcpp/callback_group.hpp:24[m[K,
                 from [01m[K/opt/ros/humble/include/rclcpp/rclcpp/any_executable.hpp:20[m[K,
                 from [01m[K/opt/ros/humble/include/rclcpp/rclcpp/memory_strategy.hpp:25[m[K,
                 from [01m[K/opt/ros/humble/include/rclcpp/rclcpp/memory_strategies.hpp:18[m[K,
                 from [01m[K/opt/ros/humble/include/rclcpp/rclcpp/executor_options.hpp:20[m[K,
                 from [01m[K/opt/ros/humble/include/rclcpp/rclcpp/executor.hpp:37[m[K,
                 from [01m[K/opt/ros/humble/include/rclcpp/rclcpp/executors/multi_threaded_executor.hpp:25[m[K,
                 from [01m[K/opt/ros/humble/include/rclcpp/rclcpp/executors.hpp:21[m[K,
                 from [01m[K/opt/ros/humble/include/rclcpp/rclcpp/rclcpp.hpp:155[m[K,
                 from [01m[K/home/jeongwoo/Automotive_software_final/src/app/autonomous_driving/include/driving_way_node.hpp:14[m[K,
                 from [01m[K/home/jeongwoo/Automotive_software_final/src/app/autonomous_driving/src/driving_way_node.cpp:1[m[K:
[01m[K/home/jeongwoo/Automotive_software_final/src/app/autonomous_driving/src/driving_way_node.cpp:135:21:[m[K [01;31m[Kerror: [m[Kinvalid use of ‘[01m[Kthis[m[K’ in non-member function
  135 |         RCLCPP_INFO([01;31m[Kthis[m[K->get_logger(), "[--1st--] Split Lane Points");
      |                     [01;31m[K^~~~[m[K
[01m[K/home/jeongwoo/Automotive_software_final/src/app/autonomous_driving/src/driving_way_node.cpp:135:21:[m[K [01;31m[Kerror: [m[Kinvalid use of ‘[01m[Kthis[m[K’ in non-member function
[01m[K/home/jeongwoo/Automotive_software_final/src/app/autonomous_driving/src/driving_way_node.cpp:135:9:[m[K [01;31m[Kerror: [m[Ktemplate argument 1 is invalid
  135 |         [01;31m[KRCLCPP_INFO[m[K(this->get_logger(), "[--1st--] Split Lane Points");
      |         [01;31m[K^~~~~~~~~~~[m[K
[01m[K/home/jeongwoo/Automotive_software_final/src/app/autonomous_driving/src/driving_way_node.cpp:135:9:[m[K [01;31m[Kerror: [m[Ktemplate argument 1 is invalid
  135 |         [01;31m[KRCLCPP_INFO[m[K(this->get_logger(), "[--1st--] Split Lane Points");
      |         [01;31m[K^~~~~~~~~~~[m[K
[01m[K/home/jeongwoo/Automotive_software_final/src/app/autonomous_driving/src/driving_way_node.cpp:135:9:[m[K [01;31m[Kerror: [m[Ktemplate argument 1 is invalid
  135 |         [01;31m[KRCLCPP_INFO[m[K(this->get_logger(), "[--1st--] Split Lane Points");
      |         [01;31m[K^~~~~~~~~~~[m[K
In file included from [01m[K/opt/ros/humble/include/rclcpp/rclcpp/logging.hpp:24[m[K,
                 from [01m[K/opt/ros/humble/include/rclcpp/rclcpp/client.hpp:40[m[K,
                 from [01m[K/opt/ros/humble/include/rclcpp/rclcpp/callback_group.hpp:24[m[K,
                 from [01m[K/opt/ros/humble/include/rclcpp/rclcpp/any_executable.hpp:20[m[K,
                 from [01m[K/opt/ros/humble/include/rclcpp/rclcpp/memory_strategy.hpp:25[m[K,
                 from [01m[K/opt/ros/humble/include/rclcpp/rclcpp/memory_strategies.hpp:18[m[K,
                 from [01m[K/opt/ros/humble/include/rclcpp/rclcpp/executor_options.hpp:20[m[K,
                 from [01m[K/opt/ros/humble/include/rclcpp/rclcpp/executor.hpp:37[m[K,
                 from [01m[K/opt/ros/humble/include/rclcpp/rclcpp/executors/multi_threaded_executor.hpp:25[m[K,
                 from [01m[K/opt/ros/humble/include/rclcpp/rclcpp/executors.hpp:21[m[K,
                 from [01m[K/opt/ros/humble/include/rclcpp/rclcpp/rclcpp.hpp:155[m[K,
                 from [01m[K/home/jeongwoo/Automotive_software_final/src/app/autonomous_driving/include/driving_way_node.hpp:14[m[K,
                 from [01m[K/home/jeongwoo/Automotive_software_final/src/app/autonomous_driving/src/driving_way_node.cpp:1[m[K:
[01m[K/home/jeongwoo/Automotive_software_final/src/app/autonomous_driving/src/driving_way_node.cpp:135:21:[m[K [01;31m[Kerror: [m[Kinvalid use of ‘[01m[Kthis[m[K’ in non-member function
  135 |         RCLCPP_INFO([01;31m[Kthis[m[K->get_logger(), "[--1st--] Split Lane Points");
      |                     [01;31m[K^~~~[m[K
[01m[K/home/jeongwoo/Automotive_software_final/src/app/autonomous_driving/src/driving_way_node.cpp:135:21:[m[K [01;31m[Kerror: [m[Kinvalid use of ‘[01m[Kthis[m[K’ in non-member function
  135 |         RCLCPP_INFO([01;31m[Kthis[m[K->get_logger(), "[--1st--] Split Lane Points");
      |                     [01;31m[K^~~~[m[K
[01m[K/home/jeongwoo/Automotive_software_final/src/app/autonomous_driving/src/driving_way_node.cpp:158:9:[m[K [01;31m[Kerror: [m[K‘[01m[Klane_point_LEFT[m[K’ was not declared in this scope; did you mean ‘[01m[Klane_points[m[K’?
  158 |         [01;31m[Klane_point_LEFT[m[K.point.clear();
      |         [01;31m[K^~~~~~~~~~~~~~~[m[K
      |         [32m[Klane_points[m[K
[01m[K/home/jeongwoo/Automotive_software_final/src/app/autonomous_driving/src/driving_way_node.cpp:159:9:[m[K [01;31m[Kerror: [m[K‘[01m[Klane_point_RIGHT[m[K’ was not declared in this scope; did you mean ‘[01m[Klane_points[m[K’?
  159 |         [01;31m[Klane_point_RIGHT[m[K.point.clear();
      |         [01;31m[K^~~~~~~~~~~~~~~~[m[K
      |         [32m[Klane_points[m[K
[01m[K/home/jeongwoo/Automotive_software_final/src/app/autonomous_driving/src/driving_way_node.cpp:168:28:[m[K [01;31m[Kerror: [m[K‘[01m[Kprev_driving_way_[m[K’ was not declared in this scope
  168 |             float Y_poly = [01;31m[Kprev_driving_way_[m[K.a3 * std::pow(x, 3) +
      |                            [01;31m[K^~~~~~~~~~~~~~~~~[m[K
In file included from [01m[K/opt/ros/humble/include/rclcpp/rclcpp/client.hpp:40[m[K,
                 from [01m[K/opt/ros/humble/include/rclcpp/rclcpp/callback_group.hpp:24[m[K,
                 from [01m[K/opt/ros/humble/include/rclcpp/rclcpp/any_executable.hpp:20[m[K,
                 from [01m[K/opt/ros/humble/include/rclcpp/rclcpp/memory_strategy.hpp:25[m[K,
                 from [01m[K/opt/ros/humble/include/rclcpp/rclcpp/memory_strategies.hpp:18[m[K,
                 from [01m[K/opt/ros/humble/include/rclcpp/rclcpp/executor_options.hpp:20[m[K,
                 from [01m[K/opt/ros/humble/include/rclcpp/rclcpp/executor.hpp:37[m[K,
                 from [01m[K/opt/ros/humble/include/rclcpp/rclcpp/executors/multi_threaded_executor.hpp:25[m[K,
                 from [01m[K/opt/ros/humble/include/rclcpp/rclcpp/executors.hpp:21[m[K,
                 from [01m[K/opt/ros/humble/include/rclcpp/rclcpp/rclcpp.hpp:155[m[K,
                 from [01m[K/home/jeongwoo/Automotive_software_final/src/app/autonomous_driving/include/driving_way_node.hpp:14[m[K,
                 from [01m[K/home/jeongwoo/Automotive_software_final/src/app/autonomous_driving/src/driving_way_node.cpp:1[m[K:
[01m[K/home/jeongwoo/Automotive_software_final/src/app/autonomous_driving/src/driving_way_node.cpp:187:21:[m[K [01;31m[Kerror: [m[Kinvalid use of ‘[01m[Kthis[m[K’ in non-member function
  187 |         RCLCPP_INFO([01;31m[Kthis[m[K->get_logger(), "[--2st--] Split Lane Points with prev_driving_way_");
      |                     [01;31m[K^~~~[m[K
[01m[K/home/jeongwoo/Automotive_software_final/src/app/autonomous_driving/src/driving_way_node.cpp:187:21:[m[K [01;31m[Kerror: [m[Kinvalid use of ‘[01m[Kthis[m[K’ in non-member function
[01m[K/home/jeongwoo/Automotive_software_final/src/app/autonomous_driving/src/driving_way_node.cpp:187:9:[m[K [01;31m[Kerror: [m[Ktemplate argument 1 is invalid
  187 |         [01;31m[KRCLCPP_INFO[m[K(this->get_logger(), "[--2st--] Split Lane Points with prev_driving_way_");
      |         [01;31m[K^~~~~~~~~~~[m[K
[01m[K/home/jeongwoo/Automotive_software_final/src/app/autonomous_driving/src/driving_way_node.cpp:187:9:[m[K [01;31m[Kerror: [m[Ktemplate argument 1 is invalid
  187 |         [01;31m[KRCLCPP_INFO[m[K(this->get_logger(), "[--2st--] Split Lane Points with prev_driving_way_");
      |         [01;31m[K^~~~~~~~~~~[m[K
[01m[K/home/jeongwoo/Automotive_software_final/src/app/autonomous_driving/src/driving_way_node.cpp:187:9:[m[K [01;31m[Kerror: [m[Ktemplate argument 1 is invalid
  187 |         [01;31m[KRCLCPP_INFO[m[K(this->get_logger(), "[--2st--] Split Lane Points with prev_driving_way_");
      |         [01;31m[K^~~~~~~~~~~[m[K
In file included from [01m[K/opt/ros/humble/include/rclcpp/rclcpp/logging.hpp:24[m[K,
                 from [01m[K/opt/ros/humble/include/rclcpp/rclcpp/client.hpp:40[m[K,
                 from [01m[K/opt/ros/humble/include/rclcpp/rclcpp/callback_group.hpp:24[m[K,
                 from [01m[K/opt/ros/humble/include/rclcpp/rclcpp/any_executable.hpp:20[m[K,
                 from [01m[K/opt/ros/humble/include/rclcpp/rclcpp/memory_strategy.hpp:25[m[K,
                 from [01m[K/opt/ros/humble/include/rclcpp/rclcpp/memory_strategies.hpp:18[m[K,
                 from [01m[K/opt/ros/humble/include/rclcpp/rclcpp/executor_options.hpp:20[m[K,
                 from [01m[K/opt/ros/humble/include/rclcpp/rclcpp/executor.hpp:37[m[K,
                 from [01m[K/opt/ros/humble/include/rclcpp/rclcpp/executors/multi_threaded_executor.hpp:25[m[K,
                 from [01m[K/opt/ros/humble/include/rclcpp/rclcpp/executors.hpp:21[m[K,
                 from [01m[K/opt/ros/humble/include/rclcpp/rclcpp/rclcpp.hpp:155[m[K,
                 from [01m[K/home/jeongwoo/Automotive_software_final/src/app/autonomous_driving/include/driving_way_node.hpp:14[m[K,
                 from [01m[K/home/jeongwoo/Automotive_software_final/src/app/autonomous_driving/src/driving_way_node.cpp:1[m[K:
[01m[K/home/jeongwoo/Automotive_software_final/src/app/autonomous_driving/src/driving_way_node.cpp:187:21:[m[K [01;31m[Kerror: [m[Kinvalid use of ‘[01m[Kthis[m[K’ in non-member function
  187 |         RCLCPP_INFO([01;31m[Kthis[m[K->get_logger(), "[--2st--] Split Lane Points with prev_driving_way_");
      |                     [01;31m[K^~~~[m[K
[01m[K/home/jeongwoo/Automotive_software_final/src/app/autonomous_driving/src/driving_way_node.cpp:187:21:[m[K [01;31m[Kerror: [m[Kinvalid use of ‘[01m[Kthis[m[K’ in non-member function
  187 |         RCLCPP_INFO([01;31m[Kthis[m[K->get_logger(), "[--2st--] Split Lane Points with prev_driving_way_");
      |                     [01;31m[K^~~~[m[K
[01m[K/home/jeongwoo/Automotive_software_final/src/app/autonomous_driving/src/driving_way_node.cpp:[m[K At global scope:
[01m[K/home/jeongwoo/Automotive_software_final/src/app/autonomous_driving/src/driving_way_node.cpp:193:6:[m[K [01;31m[Kerror: [m[K‘[01m[KAutonomousDriving[m[K’ has not been declared
  193 | void [01;31m[KAutonomousDriving[m[K::process_lanes() {
      |      [01;31m[K^~~~~~~~~~~~~~~~~[m[K
[01m[K/home/jeongwoo/Automotive_software_final/src/app/autonomous_driving/src/driving_way_node.cpp:[m[K In function ‘[01m[Kvoid process_lanes()[m[K’:
[01m[K/home/jeongwoo/Automotive_software_final/src/app/autonomous_driving/src/driving_way_node.cpp:195:5:[m[K [01;31m[Kerror: [m[K‘[01m[Knum_points_LEFT[m[K’ was not declared in this scope
  195 |     [01;31m[Knum_points_LEFT[m[K = lane_point_LEFT.point.size();
      |     [01;31m[K^~~~~~~~~~~~~~~[m[K
[01m[K/home/jeongwoo/Automotive_software_final/src/app/autonomous_driving/src/driving_way_node.cpp:195:23:[m[K [01;31m[Kerror: [m[K‘[01m[Klane_point_LEFT[m[K’ was not declared in this scope
  195 |     num_points_LEFT = [01;31m[Klane_point_LEFT[m[K.point.size();
      |                       [01;31m[K^~~~~~~~~~~~~~~[m[K
[01m[K/home/jeongwoo/Automotive_software_final/src/app/autonomous_driving/src/driving_way_node.cpp:196:5:[m[K [01;31m[Kerror: [m[K‘[01m[Knum_points_RIGHT[m[K’ was not declared in this scope
  196 |     [01;31m[Knum_points_RIGHT[m[K = lane_point_RIGHT.point.size();
      |     [01;31m[K^~~~~~~~~~~~~~~~[m[K
[01m[K/home/jeongwoo/Automotive_software_final/src/app/autonomous_driving/src/driving_way_node.cpp:196:24:[m[K [01;31m[Kerror: [m[K‘[01m[Klane_point_RIGHT[m[K’ was not declared in this scope
  196 |     num_points_RIGHT = [01;31m[Klane_point_RIGHT[m[K.point.size();
      |                        [01;31m[K^~~~~~~~~~~~~~~~[m[K
[01m[K/home/jeongwoo/Automotive_software_final/src/app/autonomous_driving/src/driving_way_node.cpp:197:5:[m[K [01;31m[Kerror: [m[K‘[01m[KX_LEFT[m[K’ was not declared in this scope
  197 |     [01;31m[KX_LEFT[m[K.resize(num_points_LEFT);
      |     [01;31m[K^~~~~~[m[K
[01m[K/home/jeongwoo/Automotive_software_final/src/app/autonomous_driving/src/driving_way_node.cpp:198:5:[m[K [01;31m[Kerror: [m[K‘[01m[KY_LEFT[m[K’ was not declared in this scope
  198 |     [01;31m[KY_LEFT[m[K.resize(num_points_LEFT);
      |     [01;31m[K^~~~~~[m[K
[01m[K/home/jeongwoo/Automotive_software_final/src/app/autonomous_driving/src/driving_way_node.cpp:199:5:[m[K [01;31m[Kerror: [m[K‘[01m[KX_RIGHT[m[K’ was not declared in this scope
  199 |     [01;31m[KX_RIGHT[m[K.resize(num_points_RIGHT);
      |     [01;31m[K^~~~~~~[m[K
[01m[K/home/jeongwoo/Automotive_software_final/src/app/autonomous_driving/src/driving_way_node.cpp:200:5:[m[K [01;31m[Kerror: [m[K‘[01m[KY_RIGHT[m[K’ was not declared in this scope
  200 |     [01;31m[KY_RIGHT[m[K.resize(num_points_RIGHT);
      |     [01;31m[K^~~~~~~[m[K
[01m[K/home/jeongwoo/Automotive_software_final/src/app/autonomous_driving/src/driving_way_node.cpp:212:9:[m[K [01;31m[Kerror: [m[K‘[01m[KA_LEFT[m[K’ was not declared in this scope
  212 |         [01;31m[KA_LEFT[m[K = calculateA(X_LEFT, Y_LEFT);
      |         [01;31m[K^~~~~~[m[K
[01m[K/home/jeongwoo/Automotive_software_final/src/app/autonomous_driving/src/driving_way_node.cpp:212:18:[m[K [01;31m[Kerror: [m[K‘[01m[KcalculateA[m[K’ was not declared in this scope
  212 |         A_LEFT = [01;31m[KcalculateA[m[K(X_LEFT, Y_LEFT);
      |                  [01;31m[K^~~~~~~~~~[m[K
[01m[K/home/jeongwoo/Automotive_software_final/src/app/autonomous_driving/src/driving_way_node.cpp:213:9:[m[K [01;31m[Kerror: [m[K‘[01m[KA_RIGHT[m[K’ was not declared in this scope
  213 |         [01;31m[KA_RIGHT[m[K = calculateA(X_RIGHT, Y_RIGHT);
      |         [01;31m[K^~~~~~~[m[K
In file included from [01m[K/opt/ros/humble/include/rclcpp/rclcpp/client.hpp:40[m[K,
                 from [01m[K/opt/ros/humble/include/rclcpp/rclcpp/callback_group.hpp:24[m[K,
                 from [01m[K/opt/ros/humble/include/rclcpp/rclcpp/any_executable.hpp:20[m[K,
                 from [01m[K/opt/ros/humble/include/rclcpp/rclcpp/memory_strategy.hpp:25[m[K,
                 from [01m[K/opt/ros/humble/include/rclcpp/rclcpp/memory_strategies.hpp:18[m[K,
                 from [01m[K/opt/ros/humble/include/rclcpp/rclcpp/executor_options.hpp:20[m[K,
                 from [01m[K/opt/ros/humble/include/rclcpp/rclcpp/executor.hpp:37[m[K,
                 from [01m[K/opt/ros/humble/include/rclcpp/rclcpp/executors/multi_threaded_executor.hpp:25[m[K,
                 from [01m[K/opt/ros/humble/include/rclcpp/rclcpp/executors.hpp:21[m[K,
                 from [01m[K/opt/ros/humble/include/rclcpp/rclcpp/rclcpp.hpp:155[m[K,
                 from [01m[K/home/jeongwoo/Automotive_software_final/src/app/autonomous_driving/include/driving_way_node.hpp:14[m[K,
                 from [01m[K/home/jeongwoo/Automotive_software_final/src/app/autonomous_driving/src/driving_way_node.cpp:1[m[K:
[01m[K/home/jeongwoo/Automotive_software_final/src/app/autonomous_driving/src/driving_way_node.cpp:215:17:[m[K [01;31m[Kerror: [m[Kinvalid use of ‘[01m[Kthis[m[K’ in non-member function
  215 |     RCLCPP_WARN([01;31m[Kthis[m[K->get_logger(), "Number of points in LEFT lane: %zu", num_points_LEFT);
      |                 [01;31m[K^~~~[m[K
[01m[K/home/jeongwoo/Automotive_software_final/src/app/autonomous_driving/src/driving_way_node.cpp:215:17:[m[K [01;31m[Kerror: [m[Kinvalid use of ‘[01m[Kthis[m[K’ in non-member function
[01m[K/home/jeongwoo/Automotive_software_final/src/app/autonomous_driving/src/driving_way_node.cpp:215:5:[m[K [01;31m[Kerror: [m[Ktemplate argument 1 is invalid
  215 |     [01;31m[KRCLCPP_WARN[m[K(this->get_logger(), "Number of points in LEFT lane: %zu", num_points_LEFT);
      |     [01;31m[K^~~~~~~~~~~[m[K
[01m[K/home/jeongwoo/Automotive_software_final/src/app/autonomous_driving/src/driving_way_node.cpp:215:5:[m[K [01;31m[Kerror: [m[Ktemplate argument 1 is invalid
  215 |     [01;31m[KRCLCPP_WARN[m[K(this->get_logger(), "Number of points in LEFT lane: %zu", num_points_LEFT);
      |     [01;31m[K^~~~~~~~~~~[m[K
[01m[K/home/jeongwoo/Automotive_software_final/src/app/autonomous_driving/src/driving_way_node.cpp:215:5:[m[K [01;31m[Kerror: [m[Ktemplate argument 1 is invalid
  215 |     [01;31m[KRCLCPP_WARN[m[K(this->get_logger(), "Number of points in LEFT lane: %zu", num_points_LEFT);
      |     [01;31m[K^~~~~~~~~~~[m[K
In file included from [01m[K/opt/ros/humble/include/rclcpp/rclcpp/logging.hpp:24[m[K,
                 from [01m[K/opt/ros/humble/include/rclcpp/rclcpp/client.hpp:40[m[K,
                 from [01m[K/opt/ros/humble/include/rclcpp/rclcpp/callback_group.hpp:24[m[K,
                 from [01m[K/opt/ros/humble/include/rclcpp/rclcpp/any_executable.hpp:20[m[K,
                 from [01m[K/opt/ros/humble/include/rclcpp/rclcpp/memory_strategy.hpp:25[m[K,
                 from [01m[K/opt/ros/humble/include/rclcpp/rclcpp/memory_strategies.hpp:18[m[K,
                 from [01m[K/opt/ros/humble/include/rclcpp/rclcpp/executor_options.hpp:20[m[K,
                 from [01m[K/opt/ros/humble/include/rclcpp/rclcpp/executor.hpp:37[m[K,
                 from [01m[K/opt/ros/humble/include/rclcpp/rclcpp/executors/multi_threaded_executor.hpp:25[m[K,
                 from [01m[K/opt/ros/humble/include/rclcpp/rclcpp/executors.hpp:21[m[K,
                 from [01m[K/opt/ros/humble/include/rclcpp/rclcpp/rclcpp.hpp:155[m[K,
                 from [01m[K/home/jeongwoo/Automotive_software_final/src/app/autonomous_driving/include/driving_way_node.hpp:14[m[K,
                 from [01m[K/home/jeongwoo/Automotive_software_final/src/app/autonomous_driving/src/driving_way_node.cpp:1[m[K:
[01m[K/home/jeongwoo/Automotive_software_final/src/app/autonomous_driving/src/driving_way_node.cpp:215:17:[m[K [01;31m[Kerror: [m[Kinvalid use of ‘[01m[Kthis[m[K’ in non-member function
  215 |     RCLCPP_WARN([01;31m[Kthis[m[K->get_logger(), "Number of points in LEFT lane: %zu", num_points_LEFT);
      |                 [01;31m[K^~~~[m[K
[01m[K/home/jeongwoo/Automotive_software_final/src/app/autonomous_driving/src/driving_way_node.cpp:215:17:[m[K [01;31m[Kerror: [m[Kinvalid use of ‘[01m[Kthis[m[K’ in non-member function
  215 |     RCLCPP_WARN([01;31m[Kthis[m[K->get_logger(), "Number of points in LEFT lane: %zu", num_points_LEFT);
      |                 [01;31m[K^~~~[m[K
In file included from [01m[K/opt/ros/humble/include/rclcpp/rclcpp/client.hpp:40[m[K,
                 from [01m[K/opt/ros/humble/include/rclcpp/rclcpp/callback_group.hpp:24[m[K,
                 from [01m[K/opt/ros/humble/include/rclcpp/rclcpp/any_executable.hpp:20[m[K,
                 from [01m[K/opt/ros/humble/include/rclcpp/rclcpp/memory_strategy.hpp:25[m[K,
                 from [01m[K/opt/ros/humble/include/rclcpp/rclcpp/memory_strategies.hpp:18[m[K,
                 from [01m[K/opt/ros/humble/include/rclcpp/rclcpp/executor_options.hpp:20[m[K,
                 from [01m[K/opt/ros/humble/include/rclcpp/rclcpp/executor.hpp:37[m[K,
                 from [01m[K/opt/ros/humble/include/rclcpp/rclcpp/executors/multi_threaded_executor.hpp:25[m[K,
                 from [01m[K/opt/ros/humble/include/rclcpp/rclcpp/executors.hpp:21[m[K,
                 from [01m[K/opt/ros/humble/include/rclcpp/rclcpp/rclcpp.hpp:155[m[K,
                 from [01m[K/home/jeongwoo/Automotive_software_final/src/app/autonomous_driving/include/driving_way_node.hpp:14[m[K,
                 from [01m[K/home/jeongwoo/Automotive_software_final/src/app/autonomous_driving/src/driving_way_node.cpp:1[m[K:
[01m[K/home/jeongwoo/Automotive_software_final/src/app/autonomous_driving/src/driving_way_node.cpp:216:17:[m[K [01;31m[Kerror: [m[Kinvalid use of ‘[01m[Kthis[m[K’ in non-member function
  216 |     RCLCPP_WARN([01;31m[Kthis[m[K->get_logger(), "Number of points in RIGHT lane: %zu", num_points_RIGHT);
      |                 [01;31m[K^~~~[m[K
[01m[K/home/jeongwoo/Automotive_software_final/src/app/autonomous_driving/src/driving_way_node.cpp:216:17:[m[K [01;31m[Kerror: [m[Kinvalid use of ‘[01m[Kthis[m[K’ in non-member function
[01m[K/home/jeongwoo/Automotive_software_final/src/app/autonomous_driving/src/driving_way_node.cpp:216:5:[m[K [01;31m[Kerror: [m[Ktemplate argument 1 is invalid
  216 |     [01;31m[KRCLCPP_WARN[m[K(this->get_logger(), "Number of points in RIGHT lane: %zu", num_points_RIGHT);
      |     [01;31m[K^~~~~~~~~~~[m[K
[01m[K/home/jeongwoo/Automotive_software_final/src/app/autonomous_driving/src/driving_way_node.cpp:216:5:[m[K [01;31m[Kerror: [m[Ktemplate argument 1 is invalid
  216 |     [01;31m[KRCLCPP_WARN[m[K(this->get_logger(), "Number of points in RIGHT lane: %zu", num_points_RIGHT);
      |     [01;31m[K^~~~~~~~~~~[m[K
[01m[K/home/jeongwoo/Automotive_software_final/src/app/autonomous_driving/src/driving_way_node.cpp:216:5:[m[K [01;31m[Kerror: [m[Ktemplate argument 1 is invalid
  216 |     [01;31m[KRCLCPP_WARN[m[K(this->get_logger(), "Number of points in RIGHT lane: %zu", num_points_RIGHT);
      |     [01;31m[K^~~~~~~~~~~[m[K
In file included from [01m[K/opt/ros/humble/include/rclcpp/rclcpp/logging.hpp:24[m[K,
                 from [01m[K/opt/ros/humble/include/rclcpp/rclcpp/client.hpp:40[m[K,
                 from [01m[K/opt/ros/humble/include/rclcpp/rclcpp/callback_group.hpp:24[m[K,
                 from [01m[K/opt/ros/humble/include/rclcpp/rclcpp/any_executable.hpp:20[m[K,
                 from [01m[K/opt/ros/humble/include/rclcpp/rclcpp/memory_strategy.hpp:25[m[K,
                 from [01m[K/opt/ros/humble/include/rclcpp/rclcpp/memory_strategies.hpp:18[m[K,
                 from [01m[K/opt/ros/humble/include/rclcpp/rclcpp/executor_options.hpp:20[m[K,
                 from [01m[K/opt/ros/humble/include/rclcpp/rclcpp/executor.hpp:37[m[K,
                 from [01m[K/opt/ros/humble/include/rclcpp/rclcpp/executors/multi_threaded_executor.hpp:25[m[K,
                 from [01m[K/opt/ros/humble/include/rclcpp/rclcpp/executors.hpp:21[m[K,
                 from [01m[K/opt/ros/humble/include/rclcpp/rclcpp/rclcpp.hpp:155[m[K,
                 from [01m[K/home/jeongwoo/Automotive_software_final/src/app/autonomous_driving/include/driving_way_node.hpp:14[m[K,
                 from [01m[K/home/jeongwoo/Automotive_software_final/src/app/autonomous_driving/src/driving_way_node.cpp:1[m[K:
[01m[K/home/jeongwoo/Automotive_software_final/src/app/autonomous_driving/src/driving_way_node.cpp:216:17:[m[K [01;31m[Kerror: [m[Kinvalid use of ‘[01m[Kthis[m[K’ in non-member function
  216 |     RCLCPP_WARN([01;31m[Kthis[m[K->get_logger(), "Number of points in RIGHT lane: %zu", num_points_RIGHT);
      |                 [01;31m[K^~~~[m[K
[01m[K/home/jeongwoo/Automotive_software_final/src/app/autonomous_driving/src/driving_way_node.cpp:216:17:[m[K [01;31m[Kerror: [m[Kinvalid use of ‘[01m[Kthis[m[K’ in non-member function
  216 |     RCLCPP_WARN([01;31m[Kthis[m[K->get_logger(), "Number of points in RIGHT lane: %zu", num_points_RIGHT);
      |                 [01;31m[K^~~~[m[K
[01m[K/home/jeongwoo/Automotive_software_final/src/app/autonomous_driving/src/driving_way_node.cpp:[m[K In member function ‘[01m[Kvoid DrivingWayNode::PublishDrivingWay(const rclcpp::Time&)[m[K’:
[01m[K/home/jeongwoo/Automotive_software_final/src/app/autonomous_driving/src/driving_way_node.cpp:317:60:[m[K [01;35m[Kwarning: [m[Kunused parameter ‘[01m[Kcurrent_time[m[K’ [[01;35m[K]8;;https://gcc.gnu.org/onlinedocs/gcc/Warning-Options.html#index-Wunused-parameter-Wunused-parameter]8;;[m[K]
  317 | void DrivingWayNode::PublishDrivingWay([01;35m[Kconst rclcpp::Time& current_time[m[K) {
      |                                        [01;35m[K~~~~~~~~~~~~~~~~~~~~^~~~~~~~~~~~[m[K
[ 66%] [32m[1mLinking CXX executable behavior_planner_node[0m
[ 66%] Built target behavior_planner_node
[ 83%] [32m[1mLinking CXX executable autonomous_driving_node[0m
[ 83%] Built target autonomous_driving_node
gmake[2]: *** [CMakeFiles/driving_way_node.dir/build.make:76: CMakeFiles/driving_way_node.dir/src/driving_way_node.cpp.o] Error 1
gmake[1]: *** [CMakeFiles/Makefile2:167: CMakeFiles/driving_way_node.dir/all] Error 2
gmake: *** [Makefile:146: all] Error 2
