[0.031s] Invoking command in '/home/seok/automotive_software_final/build/simulator': CMAKE_PREFIX_PATH=/home/seok/automotive_software_final/install/ad_msgs:/home/seok/automotive_software_final/install/simulator:/home/seok/automotive_software_final/install/mission_manager:/home/seok/automotive_software_final/install/evaluation:/home/seok/automotive_software_final/install/autonomous_driving:/opt/ros/humble /usr/bin/cmake --build /home/seok/automotive_software_final/build/simulator -- -j28 -l28
[0.053s] [35m[1mConsolidate compiler generated dependencies of target display[0m
[0.053s] [35m[1mConsolidate compiler generated dependencies of target vehicle[0m
[0.053s] [35m[1mConsolidate compiler generated dependencies of target lane_detection[0m
[0.063s] [ 28%] Built target display
[0.065s] [ 57%] Built target vehicle
[0.068s] [100%] Built target lane_detection
[0.074s] Invoked command in '/home/seok/automotive_software_final/build/simulator' returned '0': CMAKE_PREFIX_PATH=/home/seok/automotive_software_final/install/ad_msgs:/home/seok/automotive_software_final/install/simulator:/home/seok/automotive_software_final/install/mission_manager:/home/seok/automotive_software_final/install/evaluation:/home/seok/automotive_software_final/install/autonomous_driving:/opt/ros/humble /usr/bin/cmake --build /home/seok/automotive_software_final/build/simulator -- -j28 -l28
[0.094s] Invoking command in '/home/seok/automotive_software_final/build/simulator': CMAKE_PREFIX_PATH=/home/seok/automotive_software_final/install/ad_msgs:/home/seok/automotive_software_final/install/simulator:/home/seok/automotive_software_final/install/mission_manager:/home/seok/automotive_software_final/install/evaluation:/home/seok/automotive_software_final/install/autonomous_driving:/opt/ros/humble /usr/bin/cmake --install /home/seok/automotive_software_final/build/simulator
[0.101s] -- Install configuration: ""
[0.102s] -- Installing: /home/seok/automotive_software_final/install/simulator/lib/simulator/vehicle
[0.104s] -- Set runtime path of "/home/seok/automotive_software_final/install/simulator/lib/simulator/vehicle" to ""
[0.104s] -- Installing: /home/seok/automotive_software_final/install/simulator/lib/simulator/lane_detection
[0.107s] -- Set runtime path of "/home/seok/automotive_software_final/install/simulator/lib/simulator/lane_detection" to ""
[0.107s] -- Installing: /home/seok/automotive_software_final/install/simulator/lib/simulator/display
[0.115s] -- Set runtime path of "/home/seok/automotive_software_final/install/simulator/lib/simulator/display" to ""
[0.115s] -- Up-to-date: /home/seok/automotive_software_final/install/simulator/share/simulator/launch
[0.115s] -- Up-to-date: /home/seok/automotive_software_final/install/simulator/share/simulator/launch/simulation.launch.xml
[0.115s] -- Up-to-date: /home/seok/automotive_software_final/install/simulator/share/ament_index/resource_index/package_run_dependencies/simulator
[0.115s] -- Installing: /home/seok/automotive_software_final/install/simulator/share/ament_index/resource_index/parent_prefix_path/simulator
[0.115s] -- Installing: /home/seok/automotive_software_final/install/simulator/share/simulator/environment/ament_prefix_path.sh
[0.115s] -- Installing: /home/seok/automotive_software_final/install/simulator/share/simulator/environment/ament_prefix_path.dsv
[0.115s] -- Installing: /home/seok/automotive_software_final/install/simulator/share/simulator/environment/path.sh
[0.115s] -- Installing: /home/seok/automotive_software_final/install/simulator/share/simulator/environment/path.dsv
[0.116s] -- Up-to-date: /home/seok/automotive_software_final/install/simulator/share/simulator/local_setup.bash
[0.116s] -- Up-to-date: /home/seok/automotive_software_final/install/simulator/share/simulator/local_setup.sh
[0.116s] -- Up-to-date: /home/seok/automotive_software_final/install/simulator/share/simulator/local_setup.zsh
[0.116s] -- Installing: /home/seok/automotive_software_final/install/simulator/share/simulator/local_setup.dsv
[0.116s] -- Installing: /home/seok/automotive_software_final/install/simulator/share/simulator/package.dsv
[0.117s] -- Up-to-date: /home/seok/automotive_software_final/install/simulator/share/ament_index/resource_index/packages/simulator
[0.117s] -- Up-to-date: /home/seok/automotive_software_final/install/simulator/share/simulator/cmake/simulatorConfig.cmake
[0.117s] -- Up-to-date: /home/seok/automotive_software_final/install/simulator/share/simulator/cmake/simulatorConfig-version.cmake
[0.118s] -- Up-to-date: /home/seok/automotive_software_final/install/simulator/share/simulator/package.xml
[0.122s] Invoked command in '/home/seok/automotive_software_final/build/simulator' returned '0': CMAKE_PREFIX_PATH=/home/seok/automotive_software_final/install/ad_msgs:/home/seok/automotive_software_final/install/simulator:/home/seok/automotive_software_final/install/mission_manager:/home/seok/automotive_software_final/install/evaluation:/home/seok/automotive_software_final/install/autonomous_driving:/opt/ros/humble /usr/bin/cmake --install /home/seok/automotive_software_final/build/simulator
