[01m[K/home/jeongwoo/Automotive_software_final/src/app/autonomous_driving/src/driving_way_node.cpp:[m[K In member function ‘[01m[Kvoid DrivingWayNode::Run(const rclcpp::Time&)[m[K’:
[01m[K/home/jeongwoo/Automotive_software_final/src/app/autonomous_driving/src/driving_way_node.cpp:57:19:[m[K [01;31m[Kerror: [m[Kno matching function for call to ‘[01m[KDrivingWayNode::lane_condition(ad_msgs::msg::PolyfitLaneData&)[m[K’
   57 |     [01;31m[Klane_condition(driving_way)[m[K;
      |     [01;31m[K~~~~~~~~~~~~~~^~~~~~~~~~~~~[m[K
In file included from [01m[K/home/jeongwoo/Automotive_software_final/src/app/autonomous_driving/src/driving_way_node.cpp:1[m[K:
[01m[K/home/jeongwoo/Automotive_software_final/src/app/autonomous_driving/include/driving_way_node.hpp:58:10:[m[K [01;36m[Knote: [m[Kcandidate: ‘[01m[Kvoid DrivingWayNode::lane_condition()[m[K’
   58 |     void [01;36m[Klane_condition[m[K();
      |          [01;36m[K^~~~~~~~~~~~~~[m[K
[01m[K/home/jeongwoo/Automotive_software_final/src/app/autonomous_driving/include/driving_way_node.hpp:58:10:[m[K [01;36m[Knote: [m[K  candidate expects 0 arguments, 1 provided
[01m[K/home/jeongwoo/Automotive_software_final/src/app/autonomous_driving/src/driving_way_node.cpp:[m[K At global scope:
[01m[K/home/jeongwoo/Automotive_software_final/src/app/autonomous_driving/src/driving_way_node.cpp:69:6:[m[K [01;31m[Kerror: [m[Kno declaration matches ‘[01m[Kvoid DrivingWayNode::lane_condition(ad_msgs::msg::PolyfitLaneData&)[m[K’
   69 | void [01;31m[KDrivingWayNode[m[K::lane_condition(ad_msgs::msg::PolyfitLaneData& driving_way){
      |      [01;31m[K^~~~~~~~~~~~~~[m[K
In file included from [01m[K/home/jeongwoo/Automotive_software_final/src/app/autonomous_driving/src/driving_way_node.cpp:1[m[K:
[01m[K/home/jeongwoo/Automotive_software_final/src/app/autonomous_driving/include/driving_way_node.hpp:58:10:[m[K [01;36m[Knote: [m[Kcandidate is: ‘[01m[Kvoid DrivingWayNode::lane_condition()[m[K’
   58 |     void [01;36m[Klane_condition[m[K();
      |          [01;36m[K^~~~~~~~~~~~~~[m[K
[01m[K/home/jeongwoo/Automotive_software_final/src/app/autonomous_driving/include/driving_way_node.hpp:45:7:[m[K [01;36m[Knote: [m[K‘[01m[Kclass DrivingWayNode[m[K’ defined here
   45 | class [01;36m[KDrivingWayNode[m[K : public rclcpp::Node {
      |       [01;36m[K^~~~~~~~~~~~~~[m[K
[01m[K/home/jeongwoo/Automotive_software_final/src/app/autonomous_driving/src/driving_way_node.cpp:[m[K In member function ‘[01m[Kvoid DrivingWayNode::PublishDrivingWay(const rclcpp::Time&)[m[K’:
[01m[K/home/jeongwoo/Automotive_software_final/src/app/autonomous_driving/src/driving_way_node.cpp:428:60:[m[K [01;35m[Kwarning: [m[Kunused parameter ‘[01m[Kcurrent_time[m[K’ [[01;35m[K]8;;https://gcc.gnu.org/onlinedocs/gcc/Warning-Options.html#index-Wunused-parameter-Wunused-parameter]8;;[m[K]
  428 | void DrivingWayNode::PublishDrivingWay([01;35m[Kconst rclcpp::Time& current_time[m[K) {
      |                                        [01;35m[K~~~~~~~~~~~~~~~~~~~~^~~~~~~~~~~~[m[K
gmake[2]: *** [CMakeFiles/driving_way_node.dir/build.make:76: CMakeFiles/driving_way_node.dir/src/driving_way_node.cpp.o] Interrupt
gmake[1]: *** [CMakeFiles/Makefile2:167: CMakeFiles/driving_way_node.dir/all] Interrupt
gmake: *** [Makefile:146: all] Interrupt
