[35m[1mConsolidate compiler generated dependencies of target display[0m
[35m[1mConsolidate compiler generated dependencies of target vehicle[0m
[35m[1mConsolidate compiler generated dependencies of target lane_detection[0m
[ 28%] Built target vehicle
[ 71%] Built target lane_detection
[100%] Built target display
-- Install configuration: ""
-- Installing: /home/jeongwoo/Automotive_software_final/install/simulator/lib/simulator/vehicle
-- Set runtime path of "/home/jeongwoo/Automotive_software_final/install/simulator/lib/simulator/vehicle" to ""
-- Installing: /home/jeongwoo/Automotive_software_final/install/simulator/lib/simulator/lane_detection
-- Set runtime path of "/home/jeongwoo/Automotive_software_final/install/simulator/lib/simulator/lane_detection" to ""
-- Installing: /home/jeongwoo/Automotive_software_final/install/simulator/lib/simulator/display
-- Set runtime path of "/home/jeongwoo/Automotive_software_final/install/simulator/lib/simulator/display" to ""
-- Installing: /home/jeongwoo/Automotive_software_final/install/simulator/share/simulator/launch
-- Installing: /home/jeongwoo/Automotive_software_final/install/simulator/share/simulator/launch/simulation.launch.xml
-- Installing: /home/jeongwoo/Automotive_software_final/install/simulator/share/ament_index/resource_index/package_run_dependencies/simulator
-- Installing: /home/jeongwoo/Automotive_software_final/install/simulator/share/ament_index/resource_index/parent_prefix_path/simulator
-- Installing: /home/jeongwoo/Automotive_software_final/install/simulator/share/simulator/environment/ament_prefix_path.sh
-- Installing: /home/jeongwoo/Automotive_software_final/install/simulator/share/simulator/environment/ament_prefix_path.dsv
-- Installing: /home/jeongwoo/Automotive_software_final/install/simulator/share/simulator/environment/path.sh
-- Installing: /home/jeongwoo/Automotive_software_final/install/simulator/share/simulator/environment/path.dsv
-- Installing: /home/jeongwoo/Automotive_software_final/install/simulator/share/simulator/local_setup.bash
-- Installing: /home/jeongwoo/Automotive_software_final/install/simulator/share/simulator/local_setup.sh
-- Installing: /home/jeongwoo/Automotive_software_final/install/simulator/share/simulator/local_setup.zsh
-- Installing: /home/jeongwoo/Automotive_software_final/install/simulator/share/simulator/local_setup.dsv
-- Installing: /home/jeongwoo/Automotive_software_final/install/simulator/share/simulator/package.dsv
-- Installing: /home/jeongwoo/Automotive_software_final/install/simulator/share/ament_index/resource_index/packages/simulator
-- Installing: /home/jeongwoo/Automotive_software_final/install/simulator/share/simulator/cmake/simulatorConfig.cmake
-- Installing: /home/jeongwoo/Automotive_software_final/install/simulator/share/simulator/cmake/simulatorConfig-version.cmake
-- Installing: /home/jeongwoo/Automotive_software_final/install/simulator/share/simulator/package.xml
