[0.160s] Invoking command in '/home/jeongwoo/Automotive_software_final/build/simulator': CMAKE_PREFIX_PATH=/home/jeongwoo/Automotive_software_final/install/ad_msgs:/home/jeongwoo/automotive_software_mid-term/install/simulator:/home/jeongwoo/automotive_software_mid-term/install/scenario_runner:/home/jeongwoo/automotive_software_mid-term/install/evaluation:/home/jeongwoo/automotive_software_mid-term/install/autonomous_driving:/home/jeongwoo/automotive_software_mid-term/install/ad_msgs:/home/jeongwoo/Automotive_software_final/install/simulator:/home/jeongwoo/Automotive_software_final/install/mission_manager:/home/jeongwoo/Automotive_software_final/install/evaluation:/home/jeongwoo/Automotive_software_final/install/autonomous_driving:/home/jeongwoo/automotive_software_final2/install/simulator:/home/jeongwoo/automotive_software_final2/install/mission_manager:/home/jeongwoo/automotive_software_final2/install/evaluation:/home/jeongwoo/automotive_software_final2/install/autonomous_driving:/home/jeongwoo/automotive_software_final2/install/ad_msgs:/home/jeongwoo/test/install/my_test_pkg:/opt/ros/humble LD_LIBRARY_PATH=/home/jeongwoo/Automotive_software_final/install/ad_msgs/lib:/home/jeongwoo/automotive_software_mid-term/install/ad_msgs/lib:/home/jeongwoo/automotive_software_final2/install/ad_msgs/lib:/opt/ros/humble/opt/rviz_ogre_vendor/lib:/opt/ros/humble/lib/x86_64-linux-gnu:/opt/ros/humble/lib /usr/bin/cmake --build /home/jeongwoo/Automotive_software_final/build/simulator -- -j8 -l8
[0.268s] [35m[1mConsolidate compiler generated dependencies of target display[0m
[0.281s] [35m[1mConsolidate compiler generated dependencies of target vehicle[0m
[0.343s] [35m[1mConsolidate compiler generated dependencies of target lane_detection[0m
[0.403s] [ 28%] Built target vehicle
[0.406s] [ 71%] Built target lane_detection
[0.414s] [100%] Built target display
[0.433s] Invoked command in '/home/jeongwoo/Automotive_software_final/build/simulator' returned '0': CMAKE_PREFIX_PATH=/home/jeongwoo/Automotive_software_final/install/ad_msgs:/home/jeongwoo/automotive_software_mid-term/install/simulator:/home/jeongwoo/automotive_software_mid-term/install/scenario_runner:/home/jeongwoo/automotive_software_mid-term/install/evaluation:/home/jeongwoo/automotive_software_mid-term/install/autonomous_driving:/home/jeongwoo/automotive_software_mid-term/install/ad_msgs:/home/jeongwoo/Automotive_software_final/install/simulator:/home/jeongwoo/Automotive_software_final/install/mission_manager:/home/jeongwoo/Automotive_software_final/install/evaluation:/home/jeongwoo/Automotive_software_final/install/autonomous_driving:/home/jeongwoo/automotive_software_final2/install/simulator:/home/jeongwoo/automotive_software_final2/install/mission_manager:/home/jeongwoo/automotive_software_final2/install/evaluation:/home/jeongwoo/automotive_software_final2/install/autonomous_driving:/home/jeongwoo/automotive_software_final2/install/ad_msgs:/home/jeongwoo/test/install/my_test_pkg:/opt/ros/humble LD_LIBRARY_PATH=/home/jeongwoo/Automotive_software_final/install/ad_msgs/lib:/home/jeongwoo/automotive_software_mid-term/install/ad_msgs/lib:/home/jeongwoo/automotive_software_final2/install/ad_msgs/lib:/opt/ros/humble/opt/rviz_ogre_vendor/lib:/opt/ros/humble/lib/x86_64-linux-gnu:/opt/ros/humble/lib /usr/bin/cmake --build /home/jeongwoo/Automotive_software_final/build/simulator -- -j8 -l8
[0.532s] Invoking command in '/home/jeongwoo/Automotive_software_final/build/simulator': CMAKE_PREFIX_PATH=/home/jeongwoo/Automotive_software_final/install/ad_msgs:/home/jeongwoo/automotive_software_mid-term/install/simulator:/home/jeongwoo/automotive_software_mid-term/install/scenario_runner:/home/jeongwoo/automotive_software_mid-term/install/evaluation:/home/jeongwoo/automotive_software_mid-term/install/autonomous_driving:/home/jeongwoo/automotive_software_mid-term/install/ad_msgs:/home/jeongwoo/Automotive_software_final/install/simulator:/home/jeongwoo/Automotive_software_final/install/mission_manager:/home/jeongwoo/Automotive_software_final/install/evaluation:/home/jeongwoo/Automotive_software_final/install/autonomous_driving:/home/jeongwoo/automotive_software_final2/install/simulator:/home/jeongwoo/automotive_software_final2/install/mission_manager:/home/jeongwoo/automotive_software_final2/install/evaluation:/home/jeongwoo/automotive_software_final2/install/autonomous_driving:/home/jeongwoo/automotive_software_final2/install/ad_msgs:/home/jeongwoo/test/install/my_test_pkg:/opt/ros/humble LD_LIBRARY_PATH=/home/jeongwoo/Automotive_software_final/install/ad_msgs/lib:/home/jeongwoo/automotive_software_mid-term/install/ad_msgs/lib:/home/jeongwoo/automotive_software_final2/install/ad_msgs/lib:/opt/ros/humble/opt/rviz_ogre_vendor/lib:/opt/ros/humble/lib/x86_64-linux-gnu:/opt/ros/humble/lib /usr/bin/cmake --install /home/jeongwoo/Automotive_software_final/build/simulator
[0.539s] -- Install configuration: ""
[0.541s] -- Installing: /home/jeongwoo/Automotive_software_final/install/simulator/lib/simulator/vehicle
[0.547s] -- Set runtime path of "/home/jeongwoo/Automotive_software_final/install/simulator/lib/simulator/vehicle" to ""
[0.547s] -- Installing: /home/jeongwoo/Automotive_software_final/install/simulator/lib/simulator/lane_detection
[0.557s] -- Set runtime path of "/home/jeongwoo/Automotive_software_final/install/simulator/lib/simulator/lane_detection" to ""
[0.557s] -- Installing: /home/jeongwoo/Automotive_software_final/install/simulator/lib/simulator/display
[0.584s] -- Set runtime path of "/home/jeongwoo/Automotive_software_final/install/simulator/lib/simulator/display" to ""
[0.584s] -- Installing: /home/jeongwoo/Automotive_software_final/install/simulator/share/simulator/launch
[0.586s] -- Installing: /home/jeongwoo/Automotive_software_final/install/simulator/share/simulator/launch/simulation.launch.xml
[0.592s] -- Installing: /home/jeongwoo/Automotive_software_final/install/simulator/share/ament_index/resource_index/package_run_dependencies/simulator
[0.592s] -- Installing: /home/jeongwoo/Automotive_software_final/install/simulator/share/ament_index/resource_index/parent_prefix_path/simulator
[0.594s] -- Installing: /home/jeongwoo/Automotive_software_final/install/simulator/share/simulator/environment/ament_prefix_path.sh
[0.595s] -- Installing: /home/jeongwoo/Automotive_software_final/install/simulator/share/simulator/environment/ament_prefix_path.dsv
[0.596s] -- Installing: /home/jeongwoo/Automotive_software_final/install/simulator/share/simulator/environment/path.sh
[0.596s] -- Installing: /home/jeongwoo/Automotive_software_final/install/simulator/share/simulator/environment/path.dsv
[0.597s] -- Installing: /home/jeongwoo/Automotive_software_final/install/simulator/share/simulator/local_setup.bash
[0.597s] -- Installing: /home/jeongwoo/Automotive_software_final/install/simulator/share/simulator/local_setup.sh
[0.597s] -- Installing: /home/jeongwoo/Automotive_software_final/install/simulator/share/simulator/local_setup.zsh
[0.598s] -- Installing: /home/jeongwoo/Automotive_software_final/install/simulator/share/simulator/local_setup.dsv
[0.598s] -- Installing: /home/jeongwoo/Automotive_software_final/install/simulator/share/simulator/package.dsv
[0.599s] -- Installing: /home/jeongwoo/Automotive_software_final/install/simulator/share/ament_index/resource_index/packages/simulator
[0.599s] -- Installing: /home/jeongwoo/Automotive_software_final/install/simulator/share/simulator/cmake/simulatorConfig.cmake
[0.600s] -- Installing: /home/jeongwoo/Automotive_software_final/install/simulator/share/simulator/cmake/simulatorConfig-version.cmake
[0.601s] -- Installing: /home/jeongwoo/Automotive_software_final/install/simulator/share/simulator/package.xml
[0.606s] Invoked command in '/home/jeongwoo/Automotive_software_final/build/simulator' returned '0': CMAKE_PREFIX_PATH=/home/jeongwoo/Automotive_software_final/install/ad_msgs:/home/jeongwoo/automotive_software_mid-term/install/simulator:/home/jeongwoo/automotive_software_mid-term/install/scenario_runner:/home/jeongwoo/automotive_software_mid-term/install/evaluation:/home/jeongwoo/automotive_software_mid-term/install/autonomous_driving:/home/jeongwoo/automotive_software_mid-term/install/ad_msgs:/home/jeongwoo/Automotive_software_final/install/simulator:/home/jeongwoo/Automotive_software_final/install/mission_manager:/home/jeongwoo/Automotive_software_final/install/evaluation:/home/jeongwoo/Automotive_software_final/install/autonomous_driving:/home/jeongwoo/automotive_software_final2/install/simulator:/home/jeongwoo/automotive_software_final2/install/mission_manager:/home/jeongwoo/automotive_software_final2/install/evaluation:/home/jeongwoo/automotive_software_final2/install/autonomous_driving:/home/jeongwoo/automotive_software_final2/install/ad_msgs:/home/jeongwoo/test/install/my_test_pkg:/opt/ros/humble LD_LIBRARY_PATH=/home/jeongwoo/Automotive_software_final/install/ad_msgs/lib:/home/jeongwoo/automotive_software_mid-term/install/ad_msgs/lib:/home/jeongwoo/automotive_software_final2/install/ad_msgs/lib:/opt/ros/humble/opt/rviz_ogre_vendor/lib:/opt/ros/humble/lib/x86_64-linux-gnu:/opt/ros/humble/lib /usr/bin/cmake --install /home/jeongwoo/Automotive_software_final/build/simulator
