[0.171s] Invoking command in '/home/jeongwoo/Automotive_software_final/build/autonomous_driving': CMAKE_PREFIX_PATH=/home/jeongwoo/Automotive_software_final/install/ad_msgs:/home/jeongwoo/automotive_software_mid-term/install/simulator:/home/jeongwoo/automotive_software_mid-term/install/scenario_runner:/home/jeongwoo/automotive_software_mid-term/install/evaluation:/home/jeongwoo/automotive_software_mid-term/install/autonomous_driving:/home/jeongwoo/automotive_software_mid-term/install/ad_msgs:/home/jeongwoo/Automotive_software_final/install/simulator:/home/jeongwoo/Automotive_software_final/install/mission_manager:/home/jeongwoo/Automotive_software_final/install/evaluation:/home/jeongwoo/Automotive_software_final/install/autonomous_driving:/home/jeongwoo/automotive_software_final2/install/simulator:/home/jeongwoo/automotive_software_final2/install/mission_manager:/home/jeongwoo/automotive_software_final2/install/evaluation:/home/jeongwoo/automotive_software_final2/install/autonomous_driving:/home/jeongwoo/automotive_software_final2/install/ad_msgs:/home/jeongwoo/test/install/my_test_pkg:/opt/ros/humble LD_LIBRARY_PATH=/home/jeongwoo/Automotive_software_final/install/ad_msgs/lib:/home/jeongwoo/automotive_software_mid-term/install/ad_msgs/lib:/home/jeongwoo/automotive_software_final2/install/ad_msgs/lib:/opt/ros/humble/opt/rviz_ogre_vendor/lib:/opt/ros/humble/lib/x86_64-linux-gnu:/opt/ros/humble/lib /usr/bin/cmake --build /home/jeongwoo/Automotive_software_final/build/autonomous_driving -- -j8 -l8
[0.260s] [35m[1mConsolidate compiler generated dependencies of target driving_way_node[0m
[0.295s] [ 33%] Built target behavior_planner_node
[0.319s] [ 66%] Built target autonomous_driving_node
[0.332s] [ 83%] [32mBuilding CXX object CMakeFiles/driving_way_node.dir/src/driving_way_node.cpp.o[0m
[7.339s] [01m[K/home/jeongwoo/Automotive_software_final/src/app/autonomous_driving/src/driving_way_node.cpp:[m[K In member function ‘[01m[Kvoid DrivingWayNode::PublishDrivingWay(const rclcpp::Time&)[m[K’:
[7.340s] [01m[K/home/jeongwoo/Automotive_software_final/src/app/autonomous_driving/src/driving_way_node.cpp:283:60:[m[K [01;35m[Kwarning: [m[Kunused parameter ‘[01m[Kcurrent_time[m[K’ [[01;35m[K]8;;https://gcc.gnu.org/onlinedocs/gcc/Warning-Options.html#index-Wunused-parameter-Wunused-parameter]8;;[m[K]
[7.340s]   283 | void DrivingWayNode::PublishDrivingWay([01;35m[Kconst rclcpp::Time& current_time[m[K) {
[7.340s]       |                                        [01;35m[K~~~~~~~~~~~~~~~~~~~~^~~~~~~~~~~~[m[K
[50.477s] [100%] [32m[1mLinking CXX executable driving_way_node[0m
[53.202s] [100%] Built target driving_way_node
[53.221s] Invoked command in '/home/jeongwoo/Automotive_software_final/build/autonomous_driving' returned '0': CMAKE_PREFIX_PATH=/home/jeongwoo/Automotive_software_final/install/ad_msgs:/home/jeongwoo/automotive_software_mid-term/install/simulator:/home/jeongwoo/automotive_software_mid-term/install/scenario_runner:/home/jeongwoo/automotive_software_mid-term/install/evaluation:/home/jeongwoo/automotive_software_mid-term/install/autonomous_driving:/home/jeongwoo/automotive_software_mid-term/install/ad_msgs:/home/jeongwoo/Automotive_software_final/install/simulator:/home/jeongwoo/Automotive_software_final/install/mission_manager:/home/jeongwoo/Automotive_software_final/install/evaluation:/home/jeongwoo/Automotive_software_final/install/autonomous_driving:/home/jeongwoo/automotive_software_final2/install/simulator:/home/jeongwoo/automotive_software_final2/install/mission_manager:/home/jeongwoo/automotive_software_final2/install/evaluation:/home/jeongwoo/automotive_software_final2/install/autonomous_driving:/home/jeongwoo/automotive_software_final2/install/ad_msgs:/home/jeongwoo/test/install/my_test_pkg:/opt/ros/humble LD_LIBRARY_PATH=/home/jeongwoo/Automotive_software_final/install/ad_msgs/lib:/home/jeongwoo/automotive_software_mid-term/install/ad_msgs/lib:/home/jeongwoo/automotive_software_final2/install/ad_msgs/lib:/opt/ros/humble/opt/rviz_ogre_vendor/lib:/opt/ros/humble/lib/x86_64-linux-gnu:/opt/ros/humble/lib /usr/bin/cmake --build /home/jeongwoo/Automotive_software_final/build/autonomous_driving -- -j8 -l8
[53.283s] Invoking command in '/home/jeongwoo/Automotive_software_final/build/autonomous_driving': CMAKE_PREFIX_PATH=/home/jeongwoo/Automotive_software_final/install/ad_msgs:/home/jeongwoo/automotive_software_mid-term/install/simulator:/home/jeongwoo/automotive_software_mid-term/install/scenario_runner:/home/jeongwoo/automotive_software_mid-term/install/evaluation:/home/jeongwoo/automotive_software_mid-term/install/autonomous_driving:/home/jeongwoo/automotive_software_mid-term/install/ad_msgs:/home/jeongwoo/Automotive_software_final/install/simulator:/home/jeongwoo/Automotive_software_final/install/mission_manager:/home/jeongwoo/Automotive_software_final/install/evaluation:/home/jeongwoo/Automotive_software_final/install/autonomous_driving:/home/jeongwoo/automotive_software_final2/install/simulator:/home/jeongwoo/automotive_software_final2/install/mission_manager:/home/jeongwoo/automotive_software_final2/install/evaluation:/home/jeongwoo/automotive_software_final2/install/autonomous_driving:/home/jeongwoo/automotive_software_final2/install/ad_msgs:/home/jeongwoo/test/install/my_test_pkg:/opt/ros/humble LD_LIBRARY_PATH=/home/jeongwoo/Automotive_software_final/install/ad_msgs/lib:/home/jeongwoo/automotive_software_mid-term/install/ad_msgs/lib:/home/jeongwoo/automotive_software_final2/install/ad_msgs/lib:/opt/ros/humble/opt/rviz_ogre_vendor/lib:/opt/ros/humble/lib/x86_64-linux-gnu:/opt/ros/humble/lib /usr/bin/cmake --install /home/jeongwoo/Automotive_software_final/build/autonomous_driving
[53.300s] -- Install configuration: ""
[53.305s] -- Installing: /home/jeongwoo/Automotive_software_final/install/autonomous_driving/lib/autonomous_driving/autonomous_driving_node
[53.330s] -- Set runtime path of "/home/jeongwoo/Automotive_software_final/install/autonomous_driving/lib/autonomous_driving/autonomous_driving_node" to ""
[53.330s] -- Installing: /home/jeongwoo/Automotive_software_final/install/autonomous_driving/lib/autonomous_driving/driving_way_node
[53.362s] -- Set runtime path of "/home/jeongwoo/Automotive_software_final/install/autonomous_driving/lib/autonomous_driving/driving_way_node" to ""
[53.363s] -- Installing: /home/jeongwoo/Automotive_software_final/install/autonomous_driving/lib/autonomous_driving/behavior_planner_node
[53.377s] -- Set runtime path of "/home/jeongwoo/Automotive_software_final/install/autonomous_driving/lib/autonomous_driving/behavior_planner_node" to ""
[53.378s] -- Installing: /home/jeongwoo/Automotive_software_final/install/autonomous_driving/share/autonomous_driving/launch
[53.380s] -- Installing: /home/jeongwoo/Automotive_software_final/install/autonomous_driving/share/autonomous_driving/launch/manual_driving.launch.xml
[53.385s] -- Installing: /home/jeongwoo/Automotive_software_final/install/autonomous_driving/share/autonomous_driving/launch/autonomous_driving.launch.xml
[53.389s] -- Installing: /home/jeongwoo/Automotive_software_final/install/autonomous_driving/lib/autonomous_driving/simultaneous_inputs.py
[53.396s] -- Installing: /home/jeongwoo/Automotive_software_final/install/autonomous_driving/share/ament_index/resource_index/package_run_dependencies/autonomous_driving
[53.397s] -- Installing: /home/jeongwoo/Automotive_software_final/install/autonomous_driving/share/ament_index/resource_index/parent_prefix_path/autonomous_driving
[53.401s] -- Installing: /home/jeongwoo/Automotive_software_final/install/autonomous_driving/share/autonomous_driving/environment/ament_prefix_path.sh
[53.401s] -- Installing: /home/jeongwoo/Automotive_software_final/install/autonomous_driving/share/autonomous_driving/environment/ament_prefix_path.dsv
[53.402s] -- Installing: /home/jeongwoo/Automotive_software_final/install/autonomous_driving/share/autonomous_driving/environment/path.sh
[53.402s] -- Installing: /home/jeongwoo/Automotive_software_final/install/autonomous_driving/share/autonomous_driving/environment/path.dsv
[53.402s] -- Installing: /home/jeongwoo/Automotive_software_final/install/autonomous_driving/share/autonomous_driving/local_setup.bash
[53.403s] -- Installing: /home/jeongwoo/Automotive_software_final/install/autonomous_driving/share/autonomous_driving/local_setup.sh
[53.403s] -- Installing: /home/jeongwoo/Automotive_software_final/install/autonomous_driving/share/autonomous_driving/local_setup.zsh
[53.403s] -- Installing: /home/jeongwoo/Automotive_software_final/install/autonomous_driving/share/autonomous_driving/local_setup.dsv
[53.404s] -- Installing: /home/jeongwoo/Automotive_software_final/install/autonomous_driving/share/autonomous_driving/package.dsv
[53.404s] -- Installing: /home/jeongwoo/Automotive_software_final/install/autonomous_driving/share/ament_index/resource_index/packages/autonomous_driving
[53.404s] -- Installing: /home/jeongwoo/Automotive_software_final/install/autonomous_driving/share/autonomous_driving/cmake/autonomous_drivingConfig.cmake
[53.405s] -- Installing: /home/jeongwoo/Automotive_software_final/install/autonomous_driving/share/autonomous_driving/cmake/autonomous_drivingConfig-version.cmake
[53.405s] -- Installing: /home/jeongwoo/Automotive_software_final/install/autonomous_driving/share/autonomous_driving/package.xml
[53.409s] Invoked command in '/home/jeongwoo/Automotive_software_final/build/autonomous_driving' returned '0': CMAKE_PREFIX_PATH=/home/jeongwoo/Automotive_software_final/install/ad_msgs:/home/jeongwoo/automotive_software_mid-term/install/simulator:/home/jeongwoo/automotive_software_mid-term/install/scenario_runner:/home/jeongwoo/automotive_software_mid-term/install/evaluation:/home/jeongwoo/automotive_software_mid-term/install/autonomous_driving:/home/jeongwoo/automotive_software_mid-term/install/ad_msgs:/home/jeongwoo/Automotive_software_final/install/simulator:/home/jeongwoo/Automotive_software_final/install/mission_manager:/home/jeongwoo/Automotive_software_final/install/evaluation:/home/jeongwoo/Automotive_software_final/install/autonomous_driving:/home/jeongwoo/automotive_software_final2/install/simulator:/home/jeongwoo/automotive_software_final2/install/mission_manager:/home/jeongwoo/automotive_software_final2/install/evaluation:/home/jeongwoo/automotive_software_final2/install/autonomous_driving:/home/jeongwoo/automotive_software_final2/install/ad_msgs:/home/jeongwoo/test/install/my_test_pkg:/opt/ros/humble LD_LIBRARY_PATH=/home/jeongwoo/Automotive_software_final/install/ad_msgs/lib:/home/jeongwoo/automotive_software_mid-term/install/ad_msgs/lib:/home/jeongwoo/automotive_software_final2/install/ad_msgs/lib:/opt/ros/humble/opt/rviz_ogre_vendor/lib:/opt/ros/humble/lib/x86_64-linux-gnu:/opt/ros/humble/lib /usr/bin/cmake --install /home/jeongwoo/Automotive_software_final/build/autonomous_driving
