[0.138s] Invoking command in '/home/jeongwoo/Automotive_software_final/build/autonomous_driving': CMAKE_PREFIX_PATH=/home/jeongwoo/Automotive_software_final/install/ad_msgs:/home/jeongwoo/Automotive_software_final/install/simulator:/home/jeongwoo/Automotive_software_final/install/mission_manager:/home/jeongwoo/Automotive_software_final/install/evaluation:/home/jeongwoo/Automotive_software_final/install/autonomous_driving:/opt/ros/humble /usr/bin/cmake --build /home/jeongwoo/Automotive_software_final/build/autonomous_driving -- -j8 -l8
[0.245s] [35m[1mConsolidate compiler generated dependencies of target driving_way_node[0m
[0.285s] [ 33%] Built target behavior_planner_node
[0.295s] [ 66%] Built target autonomous_driving_node
[0.327s] [ 83%] [32mBuilding CXX object CMakeFiles/driving_way_node.dir/src/driving_way_node.cpp.o[0m
[6.522s] [01m[K/home/jeongwoo/Automotive_software_final/src/app/autonomous_driving/src/driving_way_node.cpp:[m[K In member function ‘[01m[Kvoid DrivingWayNode::PublishDrivingWay(const rclcpp::Time&)[m[K’:
[6.523s] [01m[K/home/jeongwoo/Automotive_software_final/src/app/autonomous_driving/src/driving_way_node.cpp:395:60:[m[K [01;35m[Kwarning: [m[Kunused parameter ‘[01m[Kcurrent_time[m[K’ [[01;35m[K]8;;https://gcc.gnu.org/onlinedocs/gcc/Warning-Options.html#index-Wunused-parameter-Wunused-parameter]8;;[m[K]
[6.523s]   395 | void DrivingWayNode::PublishDrivingWay([01;35m[Kconst rclcpp::Time& current_time[m[K) {
[6.523s]       |                                        [01;35m[K~~~~~~~~~~~~~~~~~~~~^~~~~~~~~~~~[m[K
[52.957s] [100%] [32m[1mLinking CXX executable driving_way_node[0m
[55.626s] [100%] Built target driving_way_node
[55.643s] Invoked command in '/home/jeongwoo/Automotive_software_final/build/autonomous_driving' returned '0': CMAKE_PREFIX_PATH=/home/jeongwoo/Automotive_software_final/install/ad_msgs:/home/jeongwoo/Automotive_software_final/install/simulator:/home/jeongwoo/Automotive_software_final/install/mission_manager:/home/jeongwoo/Automotive_software_final/install/evaluation:/home/jeongwoo/Automotive_software_final/install/autonomous_driving:/opt/ros/humble /usr/bin/cmake --build /home/jeongwoo/Automotive_software_final/build/autonomous_driving -- -j8 -l8
[55.692s] Invoking command in '/home/jeongwoo/Automotive_software_final/build/autonomous_driving': CMAKE_PREFIX_PATH=/home/jeongwoo/Automotive_software_final/install/ad_msgs:/home/jeongwoo/Automotive_software_final/install/simulator:/home/jeongwoo/Automotive_software_final/install/mission_manager:/home/jeongwoo/Automotive_software_final/install/evaluation:/home/jeongwoo/Automotive_software_final/install/autonomous_driving:/opt/ros/humble /usr/bin/cmake --install /home/jeongwoo/Automotive_software_final/build/autonomous_driving
[55.703s] -- Install configuration: ""
[55.703s] -- Up-to-date: /home/jeongwoo/Automotive_software_final/install/autonomous_driving/lib/autonomous_driving/autonomous_driving_node
[55.704s] -- Installing: /home/jeongwoo/Automotive_software_final/install/autonomous_driving/lib/autonomous_driving/driving_way_node
[55.728s] -- Set runtime path of "/home/jeongwoo/Automotive_software_final/install/autonomous_driving/lib/autonomous_driving/driving_way_node" to ""
[55.729s] -- Up-to-date: /home/jeongwoo/Automotive_software_final/install/autonomous_driving/lib/autonomous_driving/behavior_planner_node
[55.730s] -- Up-to-date: /home/jeongwoo/Automotive_software_final/install/autonomous_driving/share/autonomous_driving/launch
[55.730s] -- Up-to-date: /home/jeongwoo/Automotive_software_final/install/autonomous_driving/share/autonomous_driving/launch/manual_driving.launch.xml
[55.731s] -- Up-to-date: /home/jeongwoo/Automotive_software_final/install/autonomous_driving/share/autonomous_driving/launch/autonomous_driving.launch.xml
[55.731s] -- Up-to-date: /home/jeongwoo/Automotive_software_final/install/autonomous_driving/lib/autonomous_driving/simultaneous_inputs.py
[55.731s] -- Up-to-date: /home/jeongwoo/Automotive_software_final/install/autonomous_driving/share/ament_index/resource_index/package_run_dependencies/autonomous_driving
[55.732s] -- Up-to-date: /home/jeongwoo/Automotive_software_final/install/autonomous_driving/share/ament_index/resource_index/parent_prefix_path/autonomous_driving
[55.732s] -- Up-to-date: /home/jeongwoo/Automotive_software_final/install/autonomous_driving/share/autonomous_driving/environment/ament_prefix_path.sh
[55.733s] -- Up-to-date: /home/jeongwoo/Automotive_software_final/install/autonomous_driving/share/autonomous_driving/environment/ament_prefix_path.dsv
[55.733s] -- Up-to-date: /home/jeongwoo/Automotive_software_final/install/autonomous_driving/share/autonomous_driving/environment/path.sh
[55.733s] -- Up-to-date: /home/jeongwoo/Automotive_software_final/install/autonomous_driving/share/autonomous_driving/environment/path.dsv
[55.733s] -- Up-to-date: /home/jeongwoo/Automotive_software_final/install/autonomous_driving/share/autonomous_driving/local_setup.bash
[55.733s] -- Up-to-date: /home/jeongwoo/Automotive_software_final/install/autonomous_driving/share/autonomous_driving/local_setup.sh
[55.733s] -- Up-to-date: /home/jeongwoo/Automotive_software_final/install/autonomous_driving/share/autonomous_driving/local_setup.zsh
[55.733s] -- Up-to-date: /home/jeongwoo/Automotive_software_final/install/autonomous_driving/share/autonomous_driving/local_setup.dsv
[55.734s] -- Installing: /home/jeongwoo/Automotive_software_final/install/autonomous_driving/share/autonomous_driving/package.dsv
[55.734s] -- Up-to-date: /home/jeongwoo/Automotive_software_final/install/autonomous_driving/share/ament_index/resource_index/packages/autonomous_driving
[55.734s] -- Up-to-date: /home/jeongwoo/Automotive_software_final/install/autonomous_driving/share/autonomous_driving/cmake/autonomous_drivingConfig.cmake
[55.735s] -- Up-to-date: /home/jeongwoo/Automotive_software_final/install/autonomous_driving/share/autonomous_driving/cmake/autonomous_drivingConfig-version.cmake
[55.735s] -- Up-to-date: /home/jeongwoo/Automotive_software_final/install/autonomous_driving/share/autonomous_driving/package.xml
[55.737s] Invoked command in '/home/jeongwoo/Automotive_software_final/build/autonomous_driving' returned '0': CMAKE_PREFIX_PATH=/home/jeongwoo/Automotive_software_final/install/ad_msgs:/home/jeongwoo/Automotive_software_final/install/simulator:/home/jeongwoo/Automotive_software_final/install/mission_manager:/home/jeongwoo/Automotive_software_final/install/evaluation:/home/jeongwoo/Automotive_software_final/install/autonomous_driving:/opt/ros/humble /usr/bin/cmake --install /home/jeongwoo/Automotive_software_final/build/autonomous_driving
